<?xml version="1.0" encoding="UTF-8"?>
<testResults version="1.2">

<httpSample t="5" lt="5" ts="120000" s="false" lb="/iceweb/styles/img/south-mini.png" rc="404" rm="Not Found" tn="Grupo de Hilos 1-1" dt="text" by="1051"/>
<sample t="202" lt="172" ts="120000" s="false" lb="ERROR_TRANS" rc="" rm="Number of samples in transaction : 37, number of failing samples : 1" tn="Grupo de Hilos 1-2" dt="" by="1100505"/>

<httpSample t="1" lt="40" ts="0" s="true" lb="/iceweb/restful/Centro/findPagedByVentanaAndFilter" rc="200" rm="OK" tn="Grupo de Hilos 1-2" dt="text" by="3100"/>
<httpSample t="1" lt="1" ts="0" s="true" lb="/iceweb/js/flexigrid/css/flexigrid/images/hl.png" rc="200" rm="OK" tn="Grupo de Hilos 1-2" dt="bin" by="3200"/>
<httpSample t="1" lt="14" ts="0" s="true" lb="/iceweb/centroDetalle" rc="200" rm="OK" tn="Grupo de Hilos 1-2" dt="text" by="3300"/>
<httpSample t="1" lt="7" ts="60000" s="true" lb="/iceweb/restful/Centro/46007165" rc="200" rm="OK" tn="Grupo de Hilos 1-2" dt="text" by="3400"/>
<httpSample t="1" lt="7" ts="60000" s="true" lb="/iceweb/restful/Centro/46007165" rc="200" rm="OK" tn="Grupo de Hilos 1-2" dt="text" by="3500"/>
<httpSample t="1" lt="7" ts="60000" s="true" lb="/iceweb/restful/Centro/46007165" rc="200" rm="OK" tn="Grupo de Hilos 1-2" dt="text" by="3600"/> 

<sample t="0" lt="22" ts="0" s="true" lb="OK_TRANS" rc="200" rm="Number of samples in transaction : 3, number of failing samples : 0" tn="Grupo de Hilos 1-2" dt="" by="0"/>
<sample t="1" lt="87" ts="0" s="true" lb="OK_TRANS" rc="200" rm="Number of samples in transaction : 3, number of failing samples : 0" tn="Grupo de Hilos 1-2" dt="" by="1"/>
<sample t="1" lt="42" ts="0" s="true" lb="OK_TRANS" rc="200" rm="Number of samples in transaction : 1, number of failing samples : 0" tn="Grupo de Hilos 1-2" dt="" by="1"/>
<sample t="2" lt="33" ts="60000" s="true" lb="OK_TRANS" rc="200" rm="Number of samples in transaction : 3, number of failing samples : 0" tn="Grupo de Hilos 1-2" dt="" by="2"/>

</testResults>
