<?xml version="1.0"?>

<testResults>

<httpSample t="47" lt="20" ts="1282651813996" s="true" lb="/iceweb" rc="200" rm="OK" tn="Grupo de Hilos 1-1" dt="text" by="8397">
  <httpSample t="20" lt="20" ts="1282651813996" s="true" lb="http://localhost:8080/iceweb" rc="302" rm="Movido temporálmente" tn="" dt="" by="0"/>
  <httpSample t="27" lt="27" ts="1282651814016" s="true" lb="http://localhost:8080/iceweb/" rc="200" rm="OK" tn="Grupo de Hilos 1-1" dt="text" by="8397"/>
</httpSample>
<httpSample t="22" lt="22" ts="1282651814047" s="true" lb="/iceweb/" rc="200" rm="OK" tn="Grupo de Hilos 1-1" dt="text" by="8397"/>
<httpSample t="6" lt="6" ts="1282651814071" s="true" lb="/iceweb/js/common.js;jsessionid=157176FA4233076E55E221F984ADB2EF" rc="200" rm="OK" tn="Grupo de Hilos 1-1" dt="text" by="1161"/>
<httpSample t="3" lt="2" ts="1282651814079" s="true" lb="/iceweb/js/flexigrid/css/flexigrid/flexigrid.css;jsessionid=157176FA4233076E55E221F984ADB2EF" rc="200" rm="OK" tn="Grupo de Hilos 1-1" dt="text" by="13979"/>
<httpSample t="3" lt="3" ts="1282651814083" s="true" lb="/iceweb/styles/style.css;jsessionid=157176FA4233076E55E221F984ADB2EF" rc="200" rm="OK" tn="Grupo de Hilos 1-1" dt="text" by="2588"/>
<httpSample t="3" lt="3" ts="1282651814088" s="true" lb="/iceweb/js/json.js;jsessionid=157176FA4233076E55E221F984ADB2EF" rc="200" rm="OK" tn="Grupo de Hilos 1-1" dt="text" by="7788"/>
<httpSample t="3" lt="3" ts="1282651814095" s="true" lb="/iceweb/js/ajax.js;jsessionid=157176FA4233076E55E221F984ADB2EF" rc="200" rm="OK" tn="Grupo de Hilos 1-1" dt="text" by="11865"/>
<httpSample t="4" lt="3" ts="1282651814102" s="true" lb="/iceweb/js/flexigrid/CentroPagedGrid.js;jsessionid=157176FA4233076E55E221F984ADB2EF" rc="200" rm="OK" tn="Grupo de Hilos 1-1" dt="text" by="42362"/>
<httpSample t="2" lt="2" ts="1282651814108" s="true" lb="/iceweb/js/OpenLayersExt.js;jsessionid=157176FA4233076E55E221F984ADB2EF" rc="200" rm="OK" tn="Grupo de Hilos 1-1" dt="text" by="12330"/>
<httpSample t="4" lt="3" ts="1282651814112" s="true" lb="/iceweb/js/jquery-1.4.js;jsessionid=157176FA4233076E55E221F984ADB2EF" rc="200" rm="OK" tn="Grupo de Hilos 1-1" dt="text" by="158407"/>
<httpSample t="34" lt="23" ts="1282651815016" s="true" lb="/iceweb" rc="200" rm="OK" tn="Grupo de Hilos 1-2" dt="text" by="8397">
  <httpSample t="23" lt="23" ts="1282651815016" s="true" lb="http://localhost:8080/iceweb" rc="302" rm="Movido temporálmente" tn="" dt="" by="0"/>
  <httpSample t="11" lt="11" ts="1282651815039" s="true" lb="http://localhost:8080/iceweb/" rc="200" rm="OK" tn="Grupo de Hilos 1-2" dt="text" by="8397"/>
</httpSample>
<httpSample t="11" lt="11" ts="1282651815060" s="true" lb="/iceweb/" rc="200" rm="OK" tn="Grupo de Hilos 1-2" dt="text" by="8397"/>
<httpSample t="2" lt="2" ts="1282651815073" s="true" lb="/iceweb/js/common.js;jsessionid=157176FA4233076E55E221F984ADB2EF" rc="200" rm="OK" tn="Grupo de Hilos 1-2" dt="text" by="1161"/>
<httpSample t="2" lt="2" ts="1282651815076" s="true" lb="/iceweb/js/flexigrid/css/flexigrid/flexigrid.css;jsessionid=157176FA4233076E55E221F984ADB2EF" rc="200" rm="OK" tn="Grupo de Hilos 1-2" dt="text" by="13979"/>
<httpSample t="2" lt="2" ts="1282651815080" s="true" lb="/iceweb/styles/style.css;jsessionid=157176FA4233076E55E221F984ADB2EF" rc="200" rm="OK" tn="Grupo de Hilos 1-2" dt="text" by="2588"/>
<httpSample t="2" lt="2" ts="1282651815084" s="true" lb="/iceweb/js/json.js;jsessionid=157176FA4233076E55E221F984ADB2EF" rc="200" rm="OK" tn="Grupo de Hilos 1-2" dt="text" by="7788"/>
<httpSample t="2" lt="2" ts="1282651815096" s="true" lb="/iceweb/js/ajax.js;jsessionid=157176FA4233076E55E221F984ADB2EF" rc="200" rm="OK" tn="Grupo de Hilos 1-2" dt="text" by="11865"/>
<httpSample t="2" lt="2" ts="1282651815103" s="true" lb="/iceweb/js/flexigrid/CentroPagedGrid.js;jsessionid=157176FA4233076E55E221F984ADB2EF" rc="200" rm="OK" tn="Grupo de Hilos 1-2" dt="text" by="42362"/>
<httpSample t="2" lt="2" ts="1282651815107" s="true" lb="/iceweb/js/OpenLayersExt.js;jsessionid=157176FA4233076E55E221F984ADB2EF" rc="200" rm="OK" tn="Grupo de Hilos 1-2" dt="text" by="12330"/>
<httpSample t="3" lt="3" ts="1282651815116" s="true" lb="/iceweb/js/jquery-1.4.js;jsessionid=157176FA4233076E55E221F984ADB2EF" rc="200" rm="OK" tn="Grupo de Hilos 1-2" dt="text" by="158407"/>
<httpSample t="25" lt="2" ts="1282651816081" s="true" lb="/iceweb" rc="200" rm="OK" tn="Grupo de Hilos 1-3" dt="text" by="8397">
  <httpSample t="2" lt="2" ts="1282651816081" s="true" lb="http://localhost:8080/iceweb" rc="302" rm="Movido temporálmente" tn="" dt="" by="0"/>
  <httpSample t="23" lt="23" ts="1282651816083" s="true" lb="http://localhost:8080/iceweb/" rc="200" rm="OK" tn="Grupo de Hilos 1-3" dt="text" by="8397"/>
</httpSample>
<httpSample t="13" lt="13" ts="1282651816108" s="true" lb="/iceweb/" rc="200" rm="OK" tn="Grupo de Hilos 1-3" dt="text" by="8397"/>
<httpSample t="2" lt="2" ts="1282651816123" s="true" lb="/iceweb/js/common.js;jsessionid=157176FA4233076E55E221F984ADB2EF" rc="200" rm="OK" tn="Grupo de Hilos 1-3" dt="text" by="1161"/>
<httpSample t="3" lt="3" ts="1282651816126" s="true" lb="/iceweb/js/flexigrid/css/flexigrid/flexigrid.css;jsessionid=157176FA4233076E55E221F984ADB2EF" rc="200" rm="OK" tn="Grupo de Hilos 1-3" dt="text" by="13979"/>
<httpSample t="3" lt="3" ts="1282651816131" s="true" lb="/iceweb/styles/style.css;jsessionid=157176FA4233076E55E221F984ADB2EF" rc="200" rm="OK" tn="Grupo de Hilos 1-3" dt="text" by="2588"/>
<httpSample t="3" lt="3" ts="1282651816135" s="true" lb="/iceweb/js/json.js;jsessionid=157176FA4233076E55E221F984ADB2EF" rc="200" rm="OK" tn="Grupo de Hilos 1-3" dt="text" by="7788"/>
<httpSample t="2" lt="1" ts="1282651816140" s="true" lb="/iceweb/js/ajax.js;jsessionid=157176FA4233076E55E221F984ADB2EF" rc="200" rm="OK" tn="Grupo de Hilos 1-3" dt="text" by="11865"/>
<httpSample t="8" lt="8" ts="1282651816143" s="true" lb="/iceweb/js/flexigrid/CentroPagedGrid.js;jsessionid=157176FA4233076E55E221F984ADB2EF" rc="200" rm="OK" tn="Grupo de Hilos 1-3" dt="text" by="42362"/>
<httpSample t="3" lt="3" ts="1282651816154" s="true" lb="/iceweb/js/OpenLayersExt.js;jsessionid=157176FA4233076E55E221F984ADB2EF" rc="200" rm="OK" tn="Grupo de Hilos 1-3" dt="text" by="12330"/>
<httpSample t="4" lt="3" ts="1282651816158" s="true" lb="/iceweb/js/jquery-1.4.js;jsessionid=157176FA4233076E55E221F984ADB2EF" rc="200" rm="OK" tn="Grupo de Hilos 1-3" dt="text" by="158407"/>
<httpSample t="15" lt="2" ts="1282651817099" s="true" lb="/iceweb" rc="200" rm="OK" tn="Grupo de Hilos 1-4" dt="text" by="8397">
  <httpSample t="2" lt="2" ts="1282651817099" s="true" lb="http://localhost:8080/iceweb" rc="302" rm="Movido temporálmente" tn="" dt="" by="0"/>
  <httpSample t="13" lt="12" ts="1282651817101" s="true" lb="http://localhost:8080/iceweb/" rc="200" rm="OK" tn="Grupo de Hilos 1-4" dt="text" by="8397"/>
</httpSample>
<httpSample t="17" lt="16" ts="1282651817116" s="true" lb="/iceweb/" rc="200" rm="OK" tn="Grupo de Hilos 1-4" dt="text" by="8397"/>
<httpSample t="6" lt="6" ts="1282651817135" s="true" lb="/iceweb/js/common.js;jsessionid=157176FA4233076E55E221F984ADB2EF" rc="200" rm="OK" tn="Grupo de Hilos 1-4" dt="text" by="1161"/>
<httpSample t="2" lt="2" ts="1282651817143" s="true" lb="/iceweb/js/flexigrid/css/flexigrid/flexigrid.css;jsessionid=157176FA4233076E55E221F984ADB2EF" rc="200" rm="OK" tn="Grupo de Hilos 1-4" dt="text" by="13979"/>
<httpSample t="2" lt="2" ts="1282651817147" s="true" lb="/iceweb/styles/style.css;jsessionid=157176FA4233076E55E221F984ADB2EF" rc="200" rm="OK" tn="Grupo de Hilos 1-4" dt="text" by="2588"/>
<httpSample t="2" lt="2" ts="1282651817151" s="true" lb="/iceweb/js/json.js;jsessionid=157176FA4233076E55E221F984ADB2EF" rc="200" rm="OK" tn="Grupo de Hilos 1-4" dt="text" by="7788"/>
<httpSample t="3" lt="3" ts="1282651817155" s="true" lb="/iceweb/js/ajax.js;jsessionid=157176FA4233076E55E221F984ADB2EF" rc="200" rm="OK" tn="Grupo de Hilos 1-4" dt="text" by="11865"/>
<httpSample t="2" lt="2" ts="1282651817160" s="true" lb="/iceweb/js/flexigrid/CentroPagedGrid.js;jsessionid=157176FA4233076E55E221F984ADB2EF" rc="200" rm="OK" tn="Grupo de Hilos 1-4" dt="text" by="42362"/>
<httpSample t="21" lt="21" ts="1282651817164" s="true" lb="/iceweb/js/OpenLayersExt.js;jsessionid=157176FA4233076E55E221F984ADB2EF" rc="200" rm="OK" tn="Grupo de Hilos 1-4" dt="text" by="12330"/>
<httpSample t="4" lt="3" ts="1282651817186" s="true" lb="/iceweb/js/jquery-1.4.js;jsessionid=157176FA4233076E55E221F984ADB2EF" rc="200" rm="OK" tn="Grupo de Hilos 1-4" dt="text" by="158407"/>
<httpSample t="16" lt="1" ts="1282651818131" s="true" lb="/iceweb" rc="200" rm="OK" tn="Grupo de Hilos 1-5" dt="text" by="8397">
  <httpSample t="1" lt="1" ts="1282651818131" s="true" lb="http://localhost:8080/iceweb" rc="302" rm="Movido temporálmente" tn="" dt="" by="0"/>
  <httpSample t="15" lt="15" ts="1282651818132" s="true" lb="http://localhost:8080/iceweb/" rc="200" rm="OK" tn="Grupo de Hilos 1-5" dt="text" by="8397"/>
</httpSample>
<httpSample t="13" lt="13" ts="1282651818148" s="true" lb="/iceweb/" rc="200" rm="OK" tn="Grupo de Hilos 1-5" dt="text" by="8397"/>
<httpSample t="2" lt="2" ts="1282651818163" s="true" lb="/iceweb/js/common.js;jsessionid=157176FA4233076E55E221F984ADB2EF" rc="200" rm="OK" tn="Grupo de Hilos 1-5" dt="text" by="1161"/>
<httpSample t="3" lt="2" ts="1282651818166" s="true" lb="/iceweb/js/flexigrid/css/flexigrid/flexigrid.css;jsessionid=157176FA4233076E55E221F984ADB2EF" rc="200" rm="OK" tn="Grupo de Hilos 1-5" dt="text" by="13979"/>
<httpSample t="2" lt="2" ts="1282651818170" s="true" lb="/iceweb/styles/style.css;jsessionid=157176FA4233076E55E221F984ADB2EF" rc="200" rm="OK" tn="Grupo de Hilos 1-5" dt="text" by="2588"/>
<httpSample t="2" lt="2" ts="1282651818174" s="true" lb="/iceweb/js/json.js;jsessionid=157176FA4233076E55E221F984ADB2EF" rc="200" rm="OK" tn="Grupo de Hilos 1-5" dt="text" by="7788"/>
<httpSample t="6" lt="6" ts="1282651818177" s="true" lb="/iceweb/js/ajax.js;jsessionid=157176FA4233076E55E221F984ADB2EF" rc="200" rm="OK" tn="Grupo de Hilos 1-5" dt="text" by="11865"/>
<httpSample t="3" lt="2" ts="1282651818184" s="true" lb="/iceweb/js/flexigrid/CentroPagedGrid.js;jsessionid=157176FA4233076E55E221F984ADB2EF" rc="200" rm="OK" tn="Grupo de Hilos 1-5" dt="text" by="42362"/>
<httpSample t="3" lt="2" ts="1282651818188" s="true" lb="/iceweb/js/OpenLayersExt.js;jsessionid=157176FA4233076E55E221F984ADB2EF" rc="200" rm="OK" tn="Grupo de Hilos 1-5" dt="text" by="12330"/>
<httpSample t="3" lt="3" ts="1282651818192" s="true" lb="/iceweb/js/jquery-1.4.js;jsessionid=157176FA4233076E55E221F984ADB2EF" rc="200" rm="OK" tn="Grupo de Hilos 1-5" dt="text" by="158407"/>
<httpSample t="21021" lt="0" ts="1282651814118" s="false" lb="/maps" rc="Non HTTP response code: java.net.ConnectException" rm="Non HTTP response message: Connection timed out" tn="Grupo de Hilos 1-1" dt="text" by="1537"/>

<httpSample t="19" lt="2" ts="1282652113476" s="true" lb="/iceweb" rc="200" rm="OK" tn="Grupo de Hilos 1-1" dt="text" by="8397">
  <httpSample t="2" lt="2" ts="1282652113476" s="true" lb="http://localhost:8080/iceweb" rc="302" rm="Movido temporálmente" tn="" dt="" by="0"/>
  <httpSample t="17" lt="17" ts="1282652113478" s="true" lb="http://localhost:8080/iceweb/" rc="200" rm="OK" tn="Grupo de Hilos 1-1" dt="text" by="8397"/>
</httpSample>
<httpSample t="12" lt="12" ts="1282652113497" s="true" lb="/iceweb/" rc="200" rm="OK" tn="Grupo de Hilos 1-1" dt="text" by="8397"/>
<httpSample t="3" lt="3" ts="1282652113511" s="true" lb="/iceweb/js/common.js;jsessionid=157176FA4233076E55E221F984ADB2EF" rc="200" rm="OK" tn="Grupo de Hilos 1-1" dt="text" by="1161"/>
<httpSample t="9" lt="9" ts="1282652113515" s="true" lb="/iceweb/js/flexigrid/css/flexigrid/flexigrid.css;jsessionid=157176FA4233076E55E221F984ADB2EF" rc="200" rm="OK" tn="Grupo de Hilos 1-1" dt="text" by="13979"/>
<httpSample t="3" lt="3" ts="1282652113526" s="true" lb="/iceweb/styles/style.css;jsessionid=157176FA4233076E55E221F984ADB2EF" rc="200" rm="OK" tn="Grupo de Hilos 1-1" dt="text" by="2588"/>
<httpSample t="2" lt="2" ts="1282652113531" s="true" lb="/iceweb/js/json.js;jsessionid=157176FA4233076E55E221F984ADB2EF" rc="200" rm="OK" tn="Grupo de Hilos 1-1" dt="text" by="7788"/>
<httpSample t="3" lt="3" ts="1282652113535" s="true" lb="/iceweb/js/ajax.js;jsessionid=157176FA4233076E55E221F984ADB2EF" rc="200" rm="OK" tn="Grupo de Hilos 1-1" dt="text" by="11865"/>
<httpSample t="5" lt="5" ts="1282652113540" s="true" lb="/iceweb/js/flexigrid/CentroPagedGrid.js;jsessionid=157176FA4233076E55E221F984ADB2EF" rc="200" rm="OK" tn="Grupo de Hilos 1-1" dt="text" by="42362"/>
<httpSample t="3" lt="3" ts="1282652113551" s="true" lb="/iceweb/js/OpenLayersExt.js;jsessionid=157176FA4233076E55E221F984ADB2EF" rc="200" rm="OK" tn="Grupo de Hilos 1-1" dt="text" by="12330"/>
<httpSample t="4" lt="3" ts="1282652113556" s="true" lb="/iceweb/js/jquery-1.4.js;jsessionid=157176FA4233076E55E221F984ADB2EF" rc="200" rm="OK" tn="Grupo de Hilos 1-1" dt="text" by="158407"/>
<httpSample t="28" lt="17" ts="1282652114517" s="true" lb="/iceweb" rc="200" rm="OK" tn="Grupo de Hilos 1-2" dt="text" by="8397">
  <httpSample t="17" lt="17" ts="1282652114517" s="true" lb="http://localhost:8080/iceweb" rc="302" rm="Movido temporálmente" tn="" dt="" by="0"/>
  <httpSample t="11" lt="11" ts="1282652114534" s="true" lb="http://localhost:8080/iceweb/" rc="200" rm="OK" tn="Grupo de Hilos 1-2" dt="text" by="8397"/>
</httpSample>
<httpSample t="18" lt="18" ts="1282652114548" s="true" lb="/iceweb/" rc="200" rm="OK" tn="Grupo de Hilos 1-2" dt="text" by="8397"/>
<httpSample t="2" lt="2" ts="1282652114568" s="true" lb="/iceweb/js/common.js;jsessionid=157176FA4233076E55E221F984ADB2EF" rc="200" rm="OK" tn="Grupo de Hilos 1-2" dt="text" by="1161"/>
<httpSample t="2" lt="2" ts="1282652114573" s="true" lb="/iceweb/js/flexigrid/css/flexigrid/flexigrid.css;jsessionid=157176FA4233076E55E221F984ADB2EF" rc="200" rm="OK" tn="Grupo de Hilos 1-2" dt="text" by="13979"/>
<httpSample t="3" lt="3" ts="1282652114577" s="true" lb="/iceweb/styles/style.css;jsessionid=157176FA4233076E55E221F984ADB2EF" rc="200" rm="OK" tn="Grupo de Hilos 1-2" dt="text" by="2588"/>
<httpSample t="3" lt="3" ts="1282652114582" s="true" lb="/iceweb/js/json.js;jsessionid=157176FA4233076E55E221F984ADB2EF" rc="200" rm="OK" tn="Grupo de Hilos 1-2" dt="text" by="7788"/>
<httpSample t="3" lt="3" ts="1282652114586" s="true" lb="/iceweb/js/ajax.js;jsessionid=157176FA4233076E55E221F984ADB2EF" rc="200" rm="OK" tn="Grupo de Hilos 1-2" dt="text" by="11865"/>
<httpSample t="3" lt="3" ts="1282652114591" s="true" lb="/iceweb/js/flexigrid/CentroPagedGrid.js;jsessionid=157176FA4233076E55E221F984ADB2EF" rc="200" rm="OK" tn="Grupo de Hilos 1-2" dt="text" by="42362"/>
<httpSample t="3" lt="3" ts="1282652114596" s="true" lb="/iceweb/js/OpenLayersExt.js;jsessionid=157176FA4233076E55E221F984ADB2EF" rc="200" rm="OK" tn="Grupo de Hilos 1-2" dt="text" by="12330"/>
<httpSample t="4" lt="4" ts="1282652114601" s="true" lb="/iceweb/js/jquery-1.4.js;jsessionid=157176FA4233076E55E221F984ADB2EF" rc="200" rm="OK" tn="Grupo de Hilos 1-2" dt="text" by="158407"/>
<httpSample t="22" lt="1" ts="1282652115568" s="true" lb="/iceweb" rc="200" rm="OK" tn="Grupo de Hilos 1-3" dt="text" by="8397">
  <httpSample t="1" lt="1" ts="1282652115568" s="true" lb="http://localhost:8080/iceweb" rc="302" rm="Movido temporálmente" tn="" dt="" by="0"/>
  <httpSample t="21" lt="20" ts="1282652115569" s="true" lb="http://localhost:8080/iceweb/" rc="200" rm="OK" tn="Grupo de Hilos 1-3" dt="text" by="8397"/>
</httpSample>
<httpSample t="11" lt="11" ts="1282652115591" s="true" lb="/iceweb/" rc="200" rm="OK" tn="Grupo de Hilos 1-3" dt="text" by="8397"/>
<httpSample t="4" lt="4" ts="1282652115604" s="true" lb="/iceweb/js/common.js;jsessionid=157176FA4233076E55E221F984ADB2EF" rc="200" rm="OK" tn="Grupo de Hilos 1-3" dt="text" by="1161"/>
<httpSample t="8" lt="3" ts="1282652115610" s="true" lb="/iceweb/js/flexigrid/css/flexigrid/flexigrid.css;jsessionid=157176FA4233076E55E221F984ADB2EF" rc="200" rm="OK" tn="Grupo de Hilos 1-3" dt="text" by="13979"/>
<httpSample t="3" lt="3" ts="1282652115620" s="true" lb="/iceweb/styles/style.css;jsessionid=157176FA4233076E55E221F984ADB2EF" rc="200" rm="OK" tn="Grupo de Hilos 1-3" dt="text" by="2588"/>
<httpSample t="2" lt="2" ts="1282652115625" s="true" lb="/iceweb/js/json.js;jsessionid=157176FA4233076E55E221F984ADB2EF" rc="200" rm="OK" tn="Grupo de Hilos 1-3" dt="text" by="7788"/>
<httpSample t="3" lt="3" ts="1282652115629" s="true" lb="/iceweb/js/ajax.js;jsessionid=157176FA4233076E55E221F984ADB2EF" rc="200" rm="OK" tn="Grupo de Hilos 1-3" dt="text" by="11865"/>
<httpSample t="2" lt="2" ts="1282652115634" s="true" lb="/iceweb/js/flexigrid/CentroPagedGrid.js;jsessionid=157176FA4233076E55E221F984ADB2EF" rc="200" rm="OK" tn="Grupo de Hilos 1-3" dt="text" by="42362"/>
<httpSample t="2" lt="2" ts="1282652115638" s="true" lb="/iceweb/js/OpenLayersExt.js;jsessionid=157176FA4233076E55E221F984ADB2EF" rc="200" rm="OK" tn="Grupo de Hilos 1-3" dt="text" by="12330"/>
<httpSample t="2" lt="2" ts="1282652115643" s="true" lb="/iceweb/js/jquery-1.4.js;jsessionid=157176FA4233076E55E221F984ADB2EF" rc="200" rm="OK" tn="Grupo de Hilos 1-3" dt="text" by="158407"/>
<httpSample t="17" lt="1" ts="1282652116576" s="true" lb="/iceweb" rc="200" rm="OK" tn="Grupo de Hilos 1-4" dt="text" by="8397">
  <httpSample t="1" lt="1" ts="1282652116576" s="true" lb="http://localhost:8080/iceweb" rc="302" rm="Movido temporálmente" tn="" dt="" by="0"/>
  <httpSample t="16" lt="16" ts="1282652116577" s="true" lb="http://localhost:8080/iceweb/" rc="200" rm="OK" tn="Grupo de Hilos 1-4" dt="text" by="8397"/>
</httpSample>
<httpSample t="10" lt="10" ts="1282652116595" s="true" lb="/iceweb/" rc="200" rm="OK" tn="Grupo de Hilos 1-4" dt="text" by="8397"/>
<httpSample t="3" lt="3" ts="1282652116607" s="true" lb="/iceweb/js/common.js;jsessionid=157176FA4233076E55E221F984ADB2EF" rc="200" rm="OK" tn="Grupo de Hilos 1-4" dt="text" by="1161"/>
<httpSample t="2" lt="2" ts="1282652116612" s="true" lb="/iceweb/js/flexigrid/css/flexigrid/flexigrid.css;jsessionid=157176FA4233076E55E221F984ADB2EF" rc="200" rm="OK" tn="Grupo de Hilos 1-4" dt="text" by="13979"/>
<httpSample t="2" lt="2" ts="1282652116615" s="true" lb="/iceweb/styles/style.css;jsessionid=157176FA4233076E55E221F984ADB2EF" rc="200" rm="OK" tn="Grupo de Hilos 1-4" dt="text" by="2588"/>
<httpSample t="2" lt="2" ts="1282652116619" s="true" lb="/iceweb/js/json.js;jsessionid=157176FA4233076E55E221F984ADB2EF" rc="200" rm="OK" tn="Grupo de Hilos 1-4" dt="text" by="7788"/>
<httpSample t="2" lt="2" ts="1282652116623" s="true" lb="/iceweb/js/ajax.js;jsessionid=157176FA4233076E55E221F984ADB2EF" rc="200" rm="OK" tn="Grupo de Hilos 1-4" dt="text" by="11865"/>
<httpSample t="2" lt="2" ts="1282652116627" s="true" lb="/iceweb/js/flexigrid/CentroPagedGrid.js;jsessionid=157176FA4233076E55E221F984ADB2EF" rc="200" rm="OK" tn="Grupo de Hilos 1-4" dt="text" by="42362"/>
<httpSample t="2" lt="2" ts="1282652116633" s="true" lb="/iceweb/js/OpenLayersExt.js;jsessionid=157176FA4233076E55E221F984ADB2EF" rc="200" rm="OK" tn="Grupo de Hilos 1-4" dt="text" by="12330"/>
<httpSample t="4" lt="3" ts="1282652116637" s="true" lb="/iceweb/js/jquery-1.4.js;jsessionid=157176FA4233076E55E221F984ADB2EF" rc="200" rm="OK" tn="Grupo de Hilos 1-4" dt="text" by="158407"/>
<httpSample t="17" lt="2" ts="1282652117594" s="true" lb="/iceweb" rc="200" rm="OK" tn="Grupo de Hilos 1-5" dt="text" by="8397">
  <httpSample t="2" lt="2" ts="1282652117594" s="true" lb="http://localhost:8080/iceweb" rc="302" rm="Movido temporálmente" tn="" dt="" by="0"/>
  <httpSample t="15" lt="15" ts="1282652117596" s="true" lb="http://localhost:8080/iceweb/" rc="200" rm="OK" tn="Grupo de Hilos 1-5" dt="text" by="8397"/>
</httpSample>
<httpSample t="11" lt="10" ts="1282652117613" s="true" lb="/iceweb/" rc="200" rm="OK" tn="Grupo de Hilos 1-5" dt="text" by="8397"/>
<httpSample t="2" lt="2" ts="1282652117625" s="true" lb="/iceweb/js/common.js;jsessionid=157176FA4233076E55E221F984ADB2EF" rc="200" rm="OK" tn="Grupo de Hilos 1-5" dt="text" by="1161"/>
<httpSample t="2" lt="2" ts="1282652117636" s="true" lb="/iceweb/js/flexigrid/css/flexigrid/flexigrid.css;jsessionid=157176FA4233076E55E221F984ADB2EF" rc="200" rm="OK" tn="Grupo de Hilos 1-5" dt="text" by="13979"/>
<httpSample t="3" lt="3" ts="1282652117639" s="true" lb="/iceweb/styles/style.css;jsessionid=157176FA4233076E55E221F984ADB2EF" rc="200" rm="OK" tn="Grupo de Hilos 1-5" dt="text" by="2588"/>
<httpSample t="3" lt="3" ts="1282652117643" s="true" lb="/iceweb/js/json.js;jsessionid=157176FA4233076E55E221F984ADB2EF" rc="200" rm="OK" tn="Grupo de Hilos 1-5" dt="text" by="7788"/>
<httpSample t="3" lt="3" ts="1282652117647" s="true" lb="/iceweb/js/ajax.js;jsessionid=157176FA4233076E55E221F984ADB2EF" rc="200" rm="OK" tn="Grupo de Hilos 1-5" dt="text" by="11865"/>
<httpSample t="3" lt="2" ts="1282652117652" s="true" lb="/iceweb/js/flexigrid/CentroPagedGrid.js;jsessionid=157176FA4233076E55E221F984ADB2EF" rc="200" rm="OK" tn="Grupo de Hilos 1-5" dt="text" by="42362"/>
<httpSample t="3" lt="3" ts="1282652117656" s="true" lb="/iceweb/js/OpenLayersExt.js;jsessionid=157176FA4233076E55E221F984ADB2EF" rc="200" rm="OK" tn="Grupo de Hilos 1-5" dt="text" by="12330"/>
<httpSample t="4" lt="3" ts="1282652117661" s="true" lb="/iceweb/js/jquery-1.4.js;jsessionid=157176FA4233076E55E221F984ADB2EF" rc="200" rm="OK" tn="Grupo de Hilos 1-5" dt="text" by="158407"/>
<httpSample t="21114" lt="0" ts="1282652113564" s="false" lb="/maps" rc="Non HTTP response code: java.net.ConnectException" rm="Non HTTP response message: Connection timed out" tn="Grupo de Hilos 1-1" dt="text" by="1537"/>

<httpSample t="47" lt="15" ts="1282652260915" s="true" lb="/iceweb" rc="200" rm="OK" tn="Grupo de Hilos 1-1" dt="text" by="8397">
  <httpSample t="15" lt="15" ts="1282652260915" s="true" lb="http://localhost:8080/iceweb" rc="302" rm="Movido temporálmente" tn="" dt="" by="0"/>
  <httpSample t="32" lt="32" ts="1282652260930" s="true" lb="http://localhost:8080/iceweb/" rc="200" rm="OK" tn="Grupo de Hilos 1-1" dt="text" by="8397"/>
</httpSample>
<httpSample t="12" lt="12" ts="1282652261097" s="true" lb="/iceweb/" rc="200" rm="OK" tn="Grupo de Hilos 1-1" dt="text" by="8397"/>
<httpSample t="4" lt="4" ts="1282652261112" s="true" lb="/iceweb/js/common.js;jsessionid=157176FA4233076E55E221F984ADB2EF" rc="200" rm="OK" tn="Grupo de Hilos 1-1" dt="text" by="1161"/>
<httpSample t="3" lt="3" ts="1282652261118" s="true" lb="/iceweb/js/flexigrid/css/flexigrid/flexigrid.css;jsessionid=157176FA4233076E55E221F984ADB2EF" rc="200" rm="OK" tn="Grupo de Hilos 1-1" dt="text" by="13979"/>
<httpSample t="3" lt="3" ts="1282652261131" s="true" lb="/iceweb/styles/style.css;jsessionid=157176FA4233076E55E221F984ADB2EF" rc="200" rm="OK" tn="Grupo de Hilos 1-1" dt="text" by="2588"/>
<httpSample t="6" lt="6" ts="1282652261144" s="true" lb="/iceweb/js/json.js;jsessionid=157176FA4233076E55E221F984ADB2EF" rc="200" rm="OK" tn="Grupo de Hilos 1-1" dt="text" by="7788"/>
<httpSample t="3" lt="3" ts="1282652261166" s="true" lb="/iceweb/js/ajax.js;jsessionid=157176FA4233076E55E221F984ADB2EF" rc="200" rm="OK" tn="Grupo de Hilos 1-1" dt="text" by="11865"/>
<httpSample t="3" lt="3" ts="1282652261174" s="true" lb="/iceweb/js/flexigrid/CentroPagedGrid.js;jsessionid=157176FA4233076E55E221F984ADB2EF" rc="200" rm="OK" tn="Grupo de Hilos 1-1" dt="text" by="42362"/>
<httpSample t="8" lt="8" ts="1282652261181" s="true" lb="/iceweb/js/OpenLayersExt.js;jsessionid=157176FA4233076E55E221F984ADB2EF" rc="200" rm="OK" tn="Grupo de Hilos 1-1" dt="text" by="12330"/>
<httpSample t="8" lt="8" ts="1282652261192" s="true" lb="/iceweb/js/jquery-1.4.js;jsessionid=157176FA4233076E55E221F984ADB2EF" rc="200" rm="OK" tn="Grupo de Hilos 1-1" dt="text" by="158407"/>
<httpSample t="38" lt="25" ts="1282652261953" s="true" lb="/iceweb" rc="200" rm="OK" tn="Grupo de Hilos 1-2" dt="text" by="8397">
  <httpSample t="25" lt="25" ts="1282652261953" s="true" lb="http://localhost:8080/iceweb" rc="302" rm="Movido temporálmente" tn="" dt="" by="0"/>
  <httpSample t="13" lt="13" ts="1282652261978" s="true" lb="http://localhost:8080/iceweb/" rc="200" rm="OK" tn="Grupo de Hilos 1-2" dt="text" by="8397"/>
</httpSample>
<httpSample t="24" lt="24" ts="1282652262023" s="true" lb="/iceweb/" rc="200" rm="OK" tn="Grupo de Hilos 1-2" dt="text" by="8397"/>
<httpSample t="3" lt="3" ts="1282652262050" s="true" lb="/iceweb/js/common.js;jsessionid=157176FA4233076E55E221F984ADB2EF" rc="200" rm="OK" tn="Grupo de Hilos 1-2" dt="text" by="1161"/>
<httpSample t="10" lt="10" ts="1282652262056" s="true" lb="/iceweb/js/flexigrid/css/flexigrid/flexigrid.css;jsessionid=157176FA4233076E55E221F984ADB2EF" rc="200" rm="OK" tn="Grupo de Hilos 1-2" dt="text" by="13979"/>
<httpSample t="5" lt="5" ts="1282652262069" s="true" lb="/iceweb/styles/style.css;jsessionid=157176FA4233076E55E221F984ADB2EF" rc="200" rm="OK" tn="Grupo de Hilos 1-2" dt="text" by="2588"/>
<httpSample t="3" lt="3" ts="1282652262111" s="true" lb="/iceweb/js/json.js;jsessionid=157176FA4233076E55E221F984ADB2EF" rc="200" rm="OK" tn="Grupo de Hilos 1-2" dt="text" by="7788"/>
<httpSample t="11" lt="11" ts="1282652262119" s="true" lb="/iceweb/js/ajax.js;jsessionid=157176FA4233076E55E221F984ADB2EF" rc="200" rm="OK" tn="Grupo de Hilos 1-2" dt="text" by="11865"/>
<httpSample t="3" lt="3" ts="1282652262132" s="true" lb="/iceweb/js/flexigrid/CentroPagedGrid.js;jsessionid=157176FA4233076E55E221F984ADB2EF" rc="200" rm="OK" tn="Grupo de Hilos 1-2" dt="text" by="42362"/>
<httpSample t="4" lt="4" ts="1282652262137" s="true" lb="/iceweb/js/OpenLayersExt.js;jsessionid=157176FA4233076E55E221F984ADB2EF" rc="200" rm="OK" tn="Grupo de Hilos 1-2" dt="text" by="12330"/>
<httpSample t="5" lt="4" ts="1282652262155" s="true" lb="/iceweb/js/jquery-1.4.js;jsessionid=157176FA4233076E55E221F984ADB2EF" rc="200" rm="OK" tn="Grupo de Hilos 1-2" dt="text" by="158407"/>
<httpSample t="14" lt="1" ts="1282652262988" s="true" lb="/iceweb" rc="200" rm="OK" tn="Grupo de Hilos 1-3" dt="text" by="8397">
  <httpSample t="1" lt="1" ts="1282652262988" s="true" lb="http://localhost:8080/iceweb" rc="302" rm="Movido temporálmente" tn="" dt="" by="0"/>
  <httpSample t="13" lt="13" ts="1282652262989" s="true" lb="http://localhost:8080/iceweb/" rc="200" rm="OK" tn="Grupo de Hilos 1-3" dt="text" by="8397"/>
</httpSample>
<httpSample t="13" lt="13" ts="1282652263005" s="true" lb="/iceweb/" rc="200" rm="OK" tn="Grupo de Hilos 1-3" dt="text" by="8397"/>
<httpSample t="2" lt="2" ts="1282652263021" s="true" lb="/iceweb/js/common.js;jsessionid=157176FA4233076E55E221F984ADB2EF" rc="200" rm="OK" tn="Grupo de Hilos 1-3" dt="text" by="1161"/>
<httpSample t="2" lt="2" ts="1282652263026" s="true" lb="/iceweb/js/flexigrid/css/flexigrid/flexigrid.css;jsessionid=157176FA4233076E55E221F984ADB2EF" rc="200" rm="OK" tn="Grupo de Hilos 1-3" dt="text" by="13979"/>
<httpSample t="3" lt="3" ts="1282652263030" s="true" lb="/iceweb/styles/style.css;jsessionid=157176FA4233076E55E221F984ADB2EF" rc="200" rm="OK" tn="Grupo de Hilos 1-3" dt="text" by="2588"/>
<httpSample t="2" lt="2" ts="1282652263035" s="true" lb="/iceweb/js/json.js;jsessionid=157176FA4233076E55E221F984ADB2EF" rc="200" rm="OK" tn="Grupo de Hilos 1-3" dt="text" by="7788"/>
<httpSample t="3" lt="2" ts="1282652263041" s="true" lb="/iceweb/js/ajax.js;jsessionid=157176FA4233076E55E221F984ADB2EF" rc="200" rm="OK" tn="Grupo de Hilos 1-3" dt="text" by="11865"/>
<httpSample t="3" lt="3" ts="1282652263047" s="true" lb="/iceweb/js/flexigrid/CentroPagedGrid.js;jsessionid=157176FA4233076E55E221F984ADB2EF" rc="200" rm="OK" tn="Grupo de Hilos 1-3" dt="text" by="42362"/>
<httpSample t="11" lt="11" ts="1282652263054" s="true" lb="/iceweb/js/OpenLayersExt.js;jsessionid=157176FA4233076E55E221F984ADB2EF" rc="200" rm="OK" tn="Grupo de Hilos 1-3" dt="text" by="12330"/>
<httpSample t="3" lt="3" ts="1282652263067" s="true" lb="/iceweb/js/jquery-1.4.js;jsessionid=157176FA4233076E55E221F984ADB2EF" rc="200" rm="OK" tn="Grupo de Hilos 1-3" dt="text" by="158407"/>
<httpSample t="14" lt="1" ts="1282652264018" s="true" lb="/iceweb" rc="200" rm="OK" tn="Grupo de Hilos 1-4" dt="text" by="8397">
  <httpSample t="1" lt="1" ts="1282652264018" s="true" lb="http://localhost:8080/iceweb" rc="302" rm="Movido temporálmente" tn="" dt="" by="0"/>
  <httpSample t="13" lt="13" ts="1282652264019" s="true" lb="http://localhost:8080/iceweb/" rc="200" rm="OK" tn="Grupo de Hilos 1-4" dt="text" by="8397"/>
</httpSample>
<httpSample t="13" lt="13" ts="1282652264035" s="true" lb="/iceweb/" rc="200" rm="OK" tn="Grupo de Hilos 1-4" dt="text" by="8397"/>
<httpSample t="2" lt="2" ts="1282652264051" s="true" lb="/iceweb/js/common.js;jsessionid=157176FA4233076E55E221F984ADB2EF" rc="200" rm="OK" tn="Grupo de Hilos 1-4" dt="text" by="1161"/>
<httpSample t="2" lt="2" ts="1282652264056" s="true" lb="/iceweb/js/flexigrid/css/flexigrid/flexigrid.css;jsessionid=157176FA4233076E55E221F984ADB2EF" rc="200" rm="OK" tn="Grupo de Hilos 1-4" dt="text" by="13979"/>
<httpSample t="2" lt="2" ts="1282652264060" s="true" lb="/iceweb/styles/style.css;jsessionid=157176FA4233076E55E221F984ADB2EF" rc="200" rm="OK" tn="Grupo de Hilos 1-4" dt="text" by="2588"/>
<httpSample t="2" lt="2" ts="1282652264065" s="true" lb="/iceweb/js/json.js;jsessionid=157176FA4233076E55E221F984ADB2EF" rc="200" rm="OK" tn="Grupo de Hilos 1-4" dt="text" by="7788"/>
<httpSample t="3" lt="3" ts="1282652264069" s="true" lb="/iceweb/js/ajax.js;jsessionid=157176FA4233076E55E221F984ADB2EF" rc="200" rm="OK" tn="Grupo de Hilos 1-4" dt="text" by="11865"/>
<httpSample t="3" lt="3" ts="1282652264084" s="true" lb="/iceweb/js/flexigrid/CentroPagedGrid.js;jsessionid=157176FA4233076E55E221F984ADB2EF" rc="200" rm="OK" tn="Grupo de Hilos 1-4" dt="text" by="42362"/>
<httpSample t="2" lt="2" ts="1282652264091" s="true" lb="/iceweb/js/OpenLayersExt.js;jsessionid=157176FA4233076E55E221F984ADB2EF" rc="200" rm="OK" tn="Grupo de Hilos 1-4" dt="text" by="12330"/>
<httpSample t="6" lt="4" ts="1282652264096" s="true" lb="/iceweb/js/jquery-1.4.js;jsessionid=157176FA4233076E55E221F984ADB2EF" rc="200" rm="OK" tn="Grupo de Hilos 1-4" dt="text" by="158407"/>
<httpSample t="20" lt="1" ts="1282652265041" s="true" lb="/iceweb" rc="200" rm="OK" tn="Grupo de Hilos 1-5" dt="text" by="8397">
  <httpSample t="1" lt="1" ts="1282652265041" s="true" lb="http://localhost:8080/iceweb" rc="302" rm="Movido temporálmente" tn="" dt="" by="0"/>
  <httpSample t="18" lt="18" ts="1282652265043" s="true" lb="http://localhost:8080/iceweb/" rc="200" rm="OK" tn="Grupo de Hilos 1-5" dt="text" by="8397"/>
</httpSample>
<httpSample t="20" lt="20" ts="1282652265064" s="true" lb="/iceweb/" rc="200" rm="OK" tn="Grupo de Hilos 1-5" dt="text" by="8397"/>
<httpSample t="2" lt="2" ts="1282652265086" s="true" lb="/iceweb/js/common.js;jsessionid=157176FA4233076E55E221F984ADB2EF" rc="200" rm="OK" tn="Grupo de Hilos 1-5" dt="text" by="1161"/>
<httpSample t="2" lt="2" ts="1282652265091" s="true" lb="/iceweb/js/flexigrid/css/flexigrid/flexigrid.css;jsessionid=157176FA4233076E55E221F984ADB2EF" rc="200" rm="OK" tn="Grupo de Hilos 1-5" dt="text" by="13979"/>
<httpSample t="2" lt="2" ts="1282652265097" s="true" lb="/iceweb/styles/style.css;jsessionid=157176FA4233076E55E221F984ADB2EF" rc="200" rm="OK" tn="Grupo de Hilos 1-5" dt="text" by="2588"/>
<httpSample t="2" lt="2" ts="1282652265101" s="true" lb="/iceweb/js/json.js;jsessionid=157176FA4233076E55E221F984ADB2EF" rc="200" rm="OK" tn="Grupo de Hilos 1-5" dt="text" by="7788"/>
<httpSample t="2" lt="2" ts="1282652265106" s="true" lb="/iceweb/js/ajax.js;jsessionid=157176FA4233076E55E221F984ADB2EF" rc="200" rm="OK" tn="Grupo de Hilos 1-5" dt="text" by="11865"/>
<httpSample t="2" lt="2" ts="1282652265111" s="true" lb="/iceweb/js/flexigrid/CentroPagedGrid.js;jsessionid=157176FA4233076E55E221F984ADB2EF" rc="200" rm="OK" tn="Grupo de Hilos 1-5" dt="text" by="42362"/>
<httpSample t="3" lt="3" ts="1282652265123" s="true" lb="/iceweb/js/OpenLayersExt.js;jsessionid=157176FA4233076E55E221F984ADB2EF" rc="200" rm="OK" tn="Grupo de Hilos 1-5" dt="text" by="12330"/>
<httpSample t="5" lt="4" ts="1282652265129" s="true" lb="/iceweb/js/jquery-1.4.js;jsessionid=157176FA4233076E55E221F984ADB2EF" rc="200" rm="OK" tn="Grupo de Hilos 1-5" dt="text" by="158407"/>
<httpSample t="21024" lt="0" ts="1282652261210" s="false" lb="/maps" rc="Non HTTP response code: java.net.ConnectException" rm="Non HTTP response message: Connection timed out" tn="Grupo de Hilos 1-1" dt="text" by="1537"/>

<httpSample t="29" lt="9" ts="1282652303595" s="true" lb="/iceweb" rc="200" rm="OK" tn="Grupo de Hilos 1-1" dt="text" by="8397">
  <httpSample t="9" lt="9" ts="1282652303595" s="true" lb="http://localhost:8080/iceweb" rc="302" rm="Movido temporálmente" tn="" dt="" by="0"/>
  <httpSample t="20" lt="20" ts="1282652303604" s="true" lb="http://localhost:8080/iceweb/" rc="200" rm="OK" tn="Grupo de Hilos 1-1" dt="text" by="8397"/>
</httpSample>
<httpSample t="43" lt="43" ts="1282652303626" s="true" lb="/iceweb/" rc="200" rm="OK" tn="Grupo de Hilos 1-1" dt="text" by="8397"/>
<httpSample t="3" lt="3" ts="1282652303671" s="true" lb="/iceweb/js/common.js;jsessionid=157176FA4233076E55E221F984ADB2EF" rc="200" rm="OK" tn="Grupo de Hilos 1-1" dt="text" by="1161"/>
<httpSample t="5" lt="5" ts="1282652303677" s="true" lb="/iceweb/js/flexigrid/css/flexigrid/flexigrid.css;jsessionid=157176FA4233076E55E221F984ADB2EF" rc="200" rm="OK" tn="Grupo de Hilos 1-1" dt="text" by="13979"/>
<httpSample t="2" lt="2" ts="1282652303706" s="true" lb="/iceweb/styles/style.css;jsessionid=157176FA4233076E55E221F984ADB2EF" rc="200" rm="OK" tn="Grupo de Hilos 1-1" dt="text" by="2588"/>
<httpSample t="15" lt="15" ts="1282652303712" s="true" lb="/iceweb/js/json.js;jsessionid=157176FA4233076E55E221F984ADB2EF" rc="200" rm="OK" tn="Grupo de Hilos 1-1" dt="text" by="7788"/>
<httpSample t="3" lt="3" ts="1282652303729" s="true" lb="/iceweb/js/ajax.js;jsessionid=157176FA4233076E55E221F984ADB2EF" rc="200" rm="OK" tn="Grupo de Hilos 1-1" dt="text" by="11865"/>
<httpSample t="4" lt="4" ts="1282652303735" s="true" lb="/iceweb/js/flexigrid/CentroPagedGrid.js;jsessionid=157176FA4233076E55E221F984ADB2EF" rc="200" rm="OK" tn="Grupo de Hilos 1-1" dt="text" by="42362"/>
<httpSample t="3" lt="3" ts="1282652303744" s="true" lb="/iceweb/js/OpenLayersExt.js;jsessionid=157176FA4233076E55E221F984ADB2EF" rc="200" rm="OK" tn="Grupo de Hilos 1-1" dt="text" by="12330"/>
<httpSample t="4" lt="3" ts="1282652303750" s="true" lb="/iceweb/js/jquery-1.4.js;jsessionid=157176FA4233076E55E221F984ADB2EF" rc="200" rm="OK" tn="Grupo de Hilos 1-1" dt="text" by="158407"/>
<httpSample t="46" lt="16" ts="1282652304606" s="true" lb="/iceweb" rc="200" rm="OK" tn="Grupo de Hilos 1-2" dt="text" by="8397">
  <httpSample t="16" lt="16" ts="1282652304606" s="true" lb="http://localhost:8080/iceweb" rc="302" rm="Movido temporálmente" tn="" dt="" by="0"/>
  <httpSample t="30" lt="30" ts="1282652304622" s="true" lb="http://localhost:8080/iceweb/" rc="200" rm="OK" tn="Grupo de Hilos 1-2" dt="text" by="8397"/>
</httpSample>
<httpSample t="16" lt="16" ts="1282652304663" s="true" lb="/iceweb/" rc="200" rm="OK" tn="Grupo de Hilos 1-2" dt="text" by="8397"/>
<httpSample t="2" lt="2" ts="1282652304681" s="true" lb="/iceweb/js/common.js;jsessionid=157176FA4233076E55E221F984ADB2EF" rc="200" rm="OK" tn="Grupo de Hilos 1-2" dt="text" by="1161"/>
<httpSample t="5" lt="5" ts="1282652304686" s="true" lb="/iceweb/js/flexigrid/css/flexigrid/flexigrid.css;jsessionid=157176FA4233076E55E221F984ADB2EF" rc="200" rm="OK" tn="Grupo de Hilos 1-2" dt="text" by="13979"/>
<httpSample t="2" lt="2" ts="1282652304693" s="true" lb="/iceweb/styles/style.css;jsessionid=157176FA4233076E55E221F984ADB2EF" rc="200" rm="OK" tn="Grupo de Hilos 1-2" dt="text" by="2588"/>
<httpSample t="7" lt="7" ts="1282652304716" s="true" lb="/iceweb/js/json.js;jsessionid=157176FA4233076E55E221F984ADB2EF" rc="200" rm="OK" tn="Grupo de Hilos 1-2" dt="text" by="7788"/>
<httpSample t="2" lt="2" ts="1282652304725" s="true" lb="/iceweb/js/ajax.js;jsessionid=157176FA4233076E55E221F984ADB2EF" rc="200" rm="OK" tn="Grupo de Hilos 1-2" dt="text" by="11865"/>
<httpSample t="4" lt="4" ts="1282652304730" s="true" lb="/iceweb/js/flexigrid/CentroPagedGrid.js;jsessionid=157176FA4233076E55E221F984ADB2EF" rc="200" rm="OK" tn="Grupo de Hilos 1-2" dt="text" by="42362"/>
<httpSample t="9" lt="9" ts="1282652304740" s="true" lb="/iceweb/js/OpenLayersExt.js;jsessionid=157176FA4233076E55E221F984ADB2EF" rc="200" rm="OK" tn="Grupo de Hilos 1-2" dt="text" by="12330"/>
<httpSample t="4" lt="3" ts="1282652304752" s="true" lb="/iceweb/js/jquery-1.4.js;jsessionid=157176FA4233076E55E221F984ADB2EF" rc="200" rm="OK" tn="Grupo de Hilos 1-2" dt="text" by="158407"/>
<httpSample t="13" lt="1" ts="1282652305650" s="true" lb="/iceweb" rc="200" rm="OK" tn="Grupo de Hilos 1-3" dt="text" by="8397">
  <httpSample t="1" lt="1" ts="1282652305650" s="true" lb="http://localhost:8080/iceweb" rc="302" rm="Movido temporálmente" tn="" dt="" by="0"/>
  <httpSample t="12" lt="12" ts="1282652305651" s="true" lb="http://localhost:8080/iceweb/" rc="200" rm="OK" tn="Grupo de Hilos 1-3" dt="text" by="8397"/>
</httpSample>
<httpSample t="12" lt="12" ts="1282652305666" s="true" lb="/iceweb/" rc="200" rm="OK" tn="Grupo de Hilos 1-3" dt="text" by="8397"/>
<httpSample t="2" lt="2" ts="1282652305680" s="true" lb="/iceweb/js/common.js;jsessionid=157176FA4233076E55E221F984ADB2EF" rc="200" rm="OK" tn="Grupo de Hilos 1-3" dt="text" by="1161"/>
<httpSample t="2" lt="2" ts="1282652305684" s="true" lb="/iceweb/js/flexigrid/css/flexigrid/flexigrid.css;jsessionid=157176FA4233076E55E221F984ADB2EF" rc="200" rm="OK" tn="Grupo de Hilos 1-3" dt="text" by="13979"/>
<httpSample t="2" lt="2" ts="1282652305689" s="true" lb="/iceweb/styles/style.css;jsessionid=157176FA4233076E55E221F984ADB2EF" rc="200" rm="OK" tn="Grupo de Hilos 1-3" dt="text" by="2588"/>
<httpSample t="3" lt="3" ts="1282652305697" s="true" lb="/iceweb/js/json.js;jsessionid=157176FA4233076E55E221F984ADB2EF" rc="200" rm="OK" tn="Grupo de Hilos 1-3" dt="text" by="7788"/>
<httpSample t="5" lt="5" ts="1282652305710" s="true" lb="/iceweb/js/ajax.js;jsessionid=157176FA4233076E55E221F984ADB2EF" rc="200" rm="OK" tn="Grupo de Hilos 1-3" dt="text" by="11865"/>
<httpSample t="3" lt="3" ts="1282652305717" s="true" lb="/iceweb/js/flexigrid/CentroPagedGrid.js;jsessionid=157176FA4233076E55E221F984ADB2EF" rc="200" rm="OK" tn="Grupo de Hilos 1-3" dt="text" by="42362"/>
<httpSample t="3" lt="3" ts="1282652305726" s="true" lb="/iceweb/js/OpenLayersExt.js;jsessionid=157176FA4233076E55E221F984ADB2EF" rc="200" rm="OK" tn="Grupo de Hilos 1-3" dt="text" by="12330"/>
<httpSample t="4" lt="4" ts="1282652305732" s="true" lb="/iceweb/js/jquery-1.4.js;jsessionid=157176FA4233076E55E221F984ADB2EF" rc="200" rm="OK" tn="Grupo de Hilos 1-3" dt="text" by="158407"/>
<httpSample t="28" lt="2" ts="1282652306675" s="true" lb="/iceweb" rc="200" rm="OK" tn="Grupo de Hilos 1-4" dt="text" by="8397">
  <httpSample t="2" lt="2" ts="1282652306675" s="true" lb="http://localhost:8080/iceweb" rc="302" rm="Movido temporálmente" tn="" dt="" by="0"/>
  <httpSample t="26" lt="26" ts="1282652306677" s="true" lb="http://localhost:8080/iceweb/" rc="200" rm="OK" tn="Grupo de Hilos 1-4" dt="text" by="8397"/>
</httpSample>
<httpSample t="18" lt="16" ts="1282652306706" s="true" lb="/iceweb/" rc="200" rm="OK" tn="Grupo de Hilos 1-4" dt="text" by="8397"/>
<httpSample t="4" lt="4" ts="1282652306726" s="true" lb="/iceweb/js/common.js;jsessionid=157176FA4233076E55E221F984ADB2EF" rc="200" rm="OK" tn="Grupo de Hilos 1-4" dt="text" by="1161"/>
<httpSample t="4" lt="3" ts="1282652306732" s="true" lb="/iceweb/js/flexigrid/css/flexigrid/flexigrid.css;jsessionid=157176FA4233076E55E221F984ADB2EF" rc="200" rm="OK" tn="Grupo de Hilos 1-4" dt="text" by="13979"/>
<httpSample t="2" lt="2" ts="1282652306738" s="true" lb="/iceweb/styles/style.css;jsessionid=157176FA4233076E55E221F984ADB2EF" rc="200" rm="OK" tn="Grupo de Hilos 1-4" dt="text" by="2588"/>
<httpSample t="2" lt="2" ts="1282652306743" s="true" lb="/iceweb/js/json.js;jsessionid=157176FA4233076E55E221F984ADB2EF" rc="200" rm="OK" tn="Grupo de Hilos 1-4" dt="text" by="7788"/>
<httpSample t="2" lt="2" ts="1282652306748" s="true" lb="/iceweb/js/ajax.js;jsessionid=157176FA4233076E55E221F984ADB2EF" rc="200" rm="OK" tn="Grupo de Hilos 1-4" dt="text" by="11865"/>
<httpSample t="4" lt="3" ts="1282652306800" s="true" lb="/iceweb/js/flexigrid/CentroPagedGrid.js;jsessionid=157176FA4233076E55E221F984ADB2EF" rc="200" rm="OK" tn="Grupo de Hilos 1-4" dt="text" by="42362"/>
<httpSample t="2" lt="2" ts="1282652306807" s="true" lb="/iceweb/js/OpenLayersExt.js;jsessionid=157176FA4233076E55E221F984ADB2EF" rc="200" rm="OK" tn="Grupo de Hilos 1-4" dt="text" by="12330"/>
<httpSample t="3" lt="3" ts="1282652306812" s="true" lb="/iceweb/js/jquery-1.4.js;jsessionid=157176FA4233076E55E221F984ADB2EF" rc="200" rm="OK" tn="Grupo de Hilos 1-4" dt="text" by="158407"/>
<httpSample t="15" lt="1" ts="1282652307695" s="true" lb="/iceweb" rc="200" rm="OK" tn="Grupo de Hilos 1-5" dt="text" by="8397">
  <httpSample t="1" lt="1" ts="1282652307695" s="true" lb="http://localhost:8080/iceweb" rc="302" rm="Movido temporálmente" tn="" dt="" by="0"/>
  <httpSample t="14" lt="14" ts="1282652307696" s="true" lb="http://localhost:8080/iceweb/" rc="200" rm="OK" tn="Grupo de Hilos 1-5" dt="text" by="8397"/>
</httpSample>
<httpSample t="15" lt="15" ts="1282652307712" s="true" lb="/iceweb/" rc="200" rm="OK" tn="Grupo de Hilos 1-5" dt="text" by="8397"/>
<httpSample t="2" lt="2" ts="1282652307730" s="true" lb="/iceweb/js/common.js;jsessionid=157176FA4233076E55E221F984ADB2EF" rc="200" rm="OK" tn="Grupo de Hilos 1-5" dt="text" by="1161"/>
<httpSample t="4" lt="3" ts="1282652307735" s="true" lb="/iceweb/js/flexigrid/css/flexigrid/flexigrid.css;jsessionid=157176FA4233076E55E221F984ADB2EF" rc="200" rm="OK" tn="Grupo de Hilos 1-5" dt="text" by="13979"/>
<httpSample t="3" lt="3" ts="1282652307741" s="true" lb="/iceweb/styles/style.css;jsessionid=157176FA4233076E55E221F984ADB2EF" rc="200" rm="OK" tn="Grupo de Hilos 1-5" dt="text" by="2588"/>
<httpSample t="5" lt="5" ts="1282652307747" s="true" lb="/iceweb/js/json.js;jsessionid=157176FA4233076E55E221F984ADB2EF" rc="200" rm="OK" tn="Grupo de Hilos 1-5" dt="text" by="7788"/>
<httpSample t="3" lt="3" ts="1282652307754" s="true" lb="/iceweb/js/ajax.js;jsessionid=157176FA4233076E55E221F984ADB2EF" rc="200" rm="OK" tn="Grupo de Hilos 1-5" dt="text" by="11865"/>
<httpSample t="3" lt="3" ts="1282652307759" s="true" lb="/iceweb/js/flexigrid/CentroPagedGrid.js;jsessionid=157176FA4233076E55E221F984ADB2EF" rc="200" rm="OK" tn="Grupo de Hilos 1-5" dt="text" by="42362"/>
<httpSample t="3" lt="3" ts="1282652307807" s="true" lb="/iceweb/js/OpenLayersExt.js;jsessionid=157176FA4233076E55E221F984ADB2EF" rc="200" rm="OK" tn="Grupo de Hilos 1-5" dt="text" by="12330"/>
<httpSample t="3" lt="3" ts="1282652307816" s="true" lb="/iceweb/js/jquery-1.4.js;jsessionid=157176FA4233076E55E221F984ADB2EF" rc="200" rm="OK" tn="Grupo de Hilos 1-5" dt="text" by="158407"/>
<httpSample t="21010" lt="0" ts="1282652303757" s="false" lb="/maps" rc="Non HTTP response code: java.net.ConnectException" rm="Non HTTP response message: Connection timed out" tn="Grupo de Hilos 1-1" dt="text" by="1537"/>




<httpSample t="235" lt="0" ts="1282653635251" s="false" lb="/en-US/firefox/headlines.xml" rc="Non HTTP response code: java.net.ConnectException" rm="Non HTTP response message: Connection refused" tn="Grupo de Hilos 1-1" dt="text" by="1535"/>

<httpSample t="191" lt="0" ts="1282653657879" s="false" lb="/en-US/firefox/headlines.xml" rc="Non HTTP response code: java.net.ConnectException" rm="Non HTTP response message: Connection refused" tn="Grupo de Hilos 1-1" dt="text" by="1535"/>
<httpSample t="192" lt="0" ts="1282653658072" s="false" lb="/firefox/headlines.xml" rc="Non HTTP response code: java.net.ConnectException" rm="Non HTTP response message: Connection refused" tn="Grupo de Hilos 1-1" dt="text" by="1535"/>
<httpSample t="190" lt="0" ts="1282653658086" s="false" lb="/en-US/firefox/headlines.xml" rc="Non HTTP response code: java.net.ConnectException" rm="Non HTTP response message: Connection refused" tn="Grupo de Hilos 1-2" dt="text" by="1535"/>
<httpSample t="80" lt="0" ts="1282653658267" s="false" lb="/rss/newsonline_world_edition/front_page/rss.xml" rc="Non HTTP response code: java.net.ConnectException" rm="Non HTTP response message: Connection refused" tn="Grupo de Hilos 1-1" dt="text" by="1535"/>
<httpSample t="74" lt="0" ts="1282653658349" s="false" lb="/news/rss.xml" rc="Non HTTP response code: java.net.ConnectException" rm="Non HTTP response message: Connection refused" tn="Grupo de Hilos 1-1" dt="text" by="1535"/>
<httpSample t="19" lt="3" ts="1282653658425" s="true" lb="/iceweb" rc="200" rm="OK" tn="Grupo de Hilos 1-1" dt="text" by="8397">
  <httpSample t="3" lt="3" ts="1282653658425" s="true" lb="http://localhost:8080/iceweb" rc="302" rm="Movido temporálmente" tn="" dt="" by="0"/>
  <httpSample t="16" lt="16" ts="1282653658428" s="true" lb="http://localhost:8080/iceweb/" rc="200" rm="OK" tn="Grupo de Hilos 1-1" dt="text" by="8397"/>
</httpSample>
<httpSample t="202" lt="0" ts="1282653658294" s="false" lb="/firefox/headlines.xml" rc="Non HTTP response code: java.net.ConnectException" rm="Non HTTP response message: Connection refused" tn="Grupo de Hilos 1-2" dt="text" by="1535"/>
<httpSample t="198" lt="0" ts="1282653658312" s="false" lb="/en-US/firefox/headlines.xml" rc="Non HTTP response code: java.net.ConnectException" rm="Non HTTP response message: Connection refused" tn="Grupo de Hilos 1-3" dt="text" by="1535"/>
<httpSample t="88" lt="88" ts="1282653658446" s="true" lb="/iceweb/" rc="200" rm="OK" tn="Grupo de Hilos 1-1" dt="text" by="8397"/>
<httpSample t="3" lt="3" ts="1282653658535" s="true" lb="/iceweb/styles/style.css;jsessionid=7C1B32529F00FF74DE79911BBC899F36" rc="200" rm="OK" tn="Grupo de Hilos 1-1" dt="text" by="2588"/>
<httpSample t="4" lt="4" ts="1282653658539" s="true" lb="/iceweb/js/flexigrid/css/flexigrid/flexigrid.css;jsessionid=7C1B32529F00FF74DE79911BBC899F36" rc="200" rm="OK" tn="Grupo de Hilos 1-1" dt="text" by="13979"/>
<httpSample t="3" lt="3" ts="1282653658544" s="true" lb="/iceweb/js/ajax.js;jsessionid=7C1B32529F00FF74DE79911BBC899F36" rc="200" rm="OK" tn="Grupo de Hilos 1-1" dt="text" by="11865"/>
<httpSample t="3" lt="3" ts="1282653658548" s="true" lb="/iceweb/js/common.js;jsessionid=7C1B32529F00FF74DE79911BBC899F36" rc="200" rm="OK" tn="Grupo de Hilos 1-1" dt="text" by="1161"/>
<httpSample t="53" lt="0" ts="1282653658498" s="false" lb="/rss/newsonline_world_edition/front_page/rss.xml" rc="Non HTTP response code: java.net.ConnectException" rm="Non HTTP response message: Connection refused" tn="Grupo de Hilos 1-2" dt="text" by="1535"/>
<httpSample t="4" lt="3" ts="1282653658556" s="true" lb="/iceweb/js/flexigrid/CentroPagedGrid.js;jsessionid=7C1B32529F00FF74DE79911BBC899F36" rc="200" rm="OK" tn="Grupo de Hilos 1-1" dt="text" by="42362"/>
<httpSample t="4" lt="4" ts="1282653658561" s="true" lb="/iceweb/js/jquery-1.4.js;jsessionid=7C1B32529F00FF74DE79911BBC899F36" rc="200" rm="OK" tn="Grupo de Hilos 1-1" dt="text" by="158407"/>
<httpSample t="3" lt="3" ts="1282653658567" s="true" lb="/iceweb/js/OpenLayersExt.js;jsessionid=7C1B32529F00FF74DE79911BBC899F36" rc="200" rm="OK" tn="Grupo de Hilos 1-1" dt="text" by="12330"/>
<httpSample t="3" lt="3" ts="1282653658579" s="true" lb="/iceweb/js/json.js;jsessionid=7C1B32529F00FF74DE79911BBC899F36" rc="200" rm="OK" tn="Grupo de Hilos 1-1" dt="text" by="7788"/>
<httpSample t="55" lt="0" ts="1282653658555" s="false" lb="/news/rss.xml" rc="Non HTTP response code: java.net.ConnectException" rm="Non HTTP response message: Connection refused" tn="Grupo de Hilos 1-2" dt="text" by="1535"/>
<httpSample t="17" lt="1" ts="1282653658612" s="true" lb="/iceweb" rc="200" rm="OK" tn="Grupo de Hilos 1-2" dt="text" by="8397">
  <httpSample t="1" lt="1" ts="1282653658612" s="true" lb="http://localhost:8080/iceweb" rc="302" rm="Movido temporálmente" tn="" dt="" by="0"/>
  <httpSample t="16" lt="16" ts="1282653658613" s="true" lb="http://localhost:8080/iceweb/" rc="200" rm="OK" tn="Grupo de Hilos 1-2" dt="text" by="8397"/>
</httpSample>
<httpSample t="17" lt="17" ts="1282653658630" s="true" lb="/iceweb/" rc="200" rm="OK" tn="Grupo de Hilos 1-2" dt="text" by="8397"/>
<httpSample t="3" lt="3" ts="1282653658648" s="true" lb="/iceweb/styles/style.css;jsessionid=7C1B32529F00FF74DE79911BBC899F36" rc="200" rm="OK" tn="Grupo de Hilos 1-2" dt="text" by="2588"/>
<httpSample t="3" lt="2" ts="1282653658652" s="true" lb="/iceweb/js/flexigrid/css/flexigrid/flexigrid.css;jsessionid=7C1B32529F00FF74DE79911BBC899F36" rc="200" rm="OK" tn="Grupo de Hilos 1-2" dt="text" by="13979"/>
<httpSample t="3" lt="3" ts="1282653658656" s="true" lb="/iceweb/js/ajax.js;jsessionid=7C1B32529F00FF74DE79911BBC899F36" rc="200" rm="OK" tn="Grupo de Hilos 1-2" dt="text" by="11865"/>
<httpSample t="3" lt="3" ts="1282653658660" s="true" lb="/iceweb/js/common.js;jsessionid=7C1B32529F00FF74DE79911BBC899F36" rc="200" rm="OK" tn="Grupo de Hilos 1-2" dt="text" by="1161"/>
<httpSample t="11" lt="3" ts="1282653658667" s="true" lb="/iceweb/js/flexigrid/CentroPagedGrid.js;jsessionid=7C1B32529F00FF74DE79911BBC899F36" rc="200" rm="OK" tn="Grupo de Hilos 1-2" dt="text" by="42362"/>
<httpSample t="4" lt="3" ts="1282653658687" s="true" lb="/iceweb/js/jquery-1.4.js;jsessionid=7C1B32529F00FF74DE79911BBC899F36" rc="200" rm="OK" tn="Grupo de Hilos 1-2" dt="text" by="158407"/>
<httpSample t="2" lt="2" ts="1282653658696" s="true" lb="/iceweb/js/OpenLayersExt.js;jsessionid=7C1B32529F00FF74DE79911BBC899F36" rc="200" rm="OK" tn="Grupo de Hilos 1-2" dt="text" by="12330"/>
<httpSample t="3" lt="3" ts="1282653658700" s="true" lb="/iceweb/js/json.js;jsessionid=7C1B32529F00FF74DE79911BBC899F36" rc="200" rm="OK" tn="Grupo de Hilos 1-2" dt="text" by="7788"/>
<httpSample t="201" lt="0" ts="1282653658502" s="false" lb="/en-US/firefox/headlines.xml" rc="Non HTTP response code: java.net.ConnectException" rm="Non HTTP response message: Connection refused" tn="Grupo de Hilos 1-4" dt="text" by="1535"/>
<httpSample t="198" lt="0" ts="1282653658516" s="false" lb="/firefox/headlines.xml" rc="Non HTTP response code: java.net.ConnectException" rm="Non HTTP response message: Connection refused" tn="Grupo de Hilos 1-3" dt="text" by="1535"/>
<httpSample t="82" lt="0" ts="1282653658716" s="false" lb="/rss/newsonline_world_edition/front_page/rss.xml" rc="Non HTTP response code: java.net.ConnectException" rm="Non HTTP response message: Connection refused" tn="Grupo de Hilos 1-3" dt="text" by="1535"/>
<httpSample t="53" lt="0" ts="1282653658800" s="false" lb="/news/rss.xml" rc="Non HTTP response code: java.net.ConnectException" rm="Non HTTP response message: Connection refused" tn="Grupo de Hilos 1-3" dt="text" by="1535"/>
<httpSample t="17" lt="1" ts="1282653658855" s="true" lb="/iceweb" rc="200" rm="OK" tn="Grupo de Hilos 1-3" dt="text" by="8397">
  <httpSample t="1" lt="1" ts="1282653658855" s="true" lb="http://localhost:8080/iceweb" rc="302" rm="Movido temporálmente" tn="" dt="" by="0"/>
  <httpSample t="16" lt="15" ts="1282653658856" s="true" lb="http://localhost:8080/iceweb/" rc="200" rm="OK" tn="Grupo de Hilos 1-3" dt="text" by="8397"/>
</httpSample>
<httpSample t="13" lt="13" ts="1282653658873" s="true" lb="/iceweb/" rc="200" rm="OK" tn="Grupo de Hilos 1-3" dt="text" by="8397"/>
<httpSample t="3" lt="3" ts="1282653658888" s="true" lb="/iceweb/styles/style.css;jsessionid=7C1B32529F00FF74DE79911BBC899F36" rc="200" rm="OK" tn="Grupo de Hilos 1-3" dt="text" by="2588"/>
<httpSample t="191" lt="0" ts="1282653658702" s="false" lb="/en-US/firefox/headlines.xml" rc="Non HTTP response code: java.net.ConnectException" rm="Non HTTP response message: Connection refused" tn="Grupo de Hilos 1-5" dt="text" by="1535"/>
<httpSample t="5" lt="5" ts="1282653658892" s="true" lb="/iceweb/js/flexigrid/css/flexigrid/flexigrid.css;jsessionid=7C1B32529F00FF74DE79911BBC899F36" rc="200" rm="OK" tn="Grupo de Hilos 1-3" dt="text" by="13979"/>
<httpSample t="3" lt="3" ts="1282653658898" s="true" lb="/iceweb/js/ajax.js;jsessionid=7C1B32529F00FF74DE79911BBC899F36" rc="200" rm="OK" tn="Grupo de Hilos 1-3" dt="text" by="11865"/>
<httpSample t="3" lt="3" ts="1282653658902" s="true" lb="/iceweb/js/common.js;jsessionid=7C1B32529F00FF74DE79911BBC899F36" rc="200" rm="OK" tn="Grupo de Hilos 1-3" dt="text" by="1161"/>
<httpSample t="3" lt="2" ts="1282653658906" s="true" lb="/iceweb/js/flexigrid/CentroPagedGrid.js;jsessionid=7C1B32529F00FF74DE79911BBC899F36" rc="200" rm="OK" tn="Grupo de Hilos 1-3" dt="text" by="42362"/>
<httpSample t="4" lt="3" ts="1282653658909" s="true" lb="/iceweb/js/jquery-1.4.js;jsessionid=7C1B32529F00FF74DE79911BBC899F36" rc="200" rm="OK" tn="Grupo de Hilos 1-3" dt="text" by="158407"/>
<httpSample t="2" lt="2" ts="1282653658915" s="true" lb="/iceweb/js/OpenLayersExt.js;jsessionid=7C1B32529F00FF74DE79911BBC899F36" rc="200" rm="OK" tn="Grupo de Hilos 1-3" dt="text" by="12330"/>
<httpSample t="214" lt="0" ts="1282653658705" s="false" lb="/firefox/headlines.xml" rc="Non HTTP response code: java.net.ConnectException" rm="Non HTTP response message: Connection refused" tn="Grupo de Hilos 1-4" dt="text" by="1535"/>
<httpSample t="4" lt="4" ts="1282653658919" s="true" lb="/iceweb/js/json.js;jsessionid=7C1B32529F00FF74DE79911BBC899F36" rc="200" rm="OK" tn="Grupo de Hilos 1-3" dt="text" by="7788"/>
<httpSample t="52" lt="0" ts="1282653658921" s="false" lb="/rss/newsonline_world_edition/front_page/rss.xml" rc="Non HTTP response code: java.net.ConnectException" rm="Non HTTP response message: Connection refused" tn="Grupo de Hilos 1-4" dt="text" by="1535"/>
<httpSample t="51" lt="0" ts="1282653658976" s="false" lb="/news/rss.xml" rc="Non HTTP response code: java.net.ConnectException" rm="Non HTTP response message: Connection refused" tn="Grupo de Hilos 1-4" dt="text" by="1535"/>
<httpSample t="17" lt="1" ts="1282653659029" s="true" lb="/iceweb" rc="200" rm="OK" tn="Grupo de Hilos 1-4" dt="text" by="8397">
  <httpSample t="1" lt="1" ts="1282653659029" s="true" lb="http://localhost:8080/iceweb" rc="302" rm="Movido temporálmente" tn="" dt="" by="0"/>
  <httpSample t="16" lt="16" ts="1282653659030" s="true" lb="http://localhost:8080/iceweb/" rc="200" rm="OK" tn="Grupo de Hilos 1-4" dt="text" by="8397"/>
</httpSample>
<httpSample t="21" lt="21" ts="1282653659047" s="true" lb="/iceweb/" rc="200" rm="OK" tn="Grupo de Hilos 1-4" dt="text" by="8397"/>
<httpSample t="11" lt="11" ts="1282653659069" s="true" lb="/iceweb/styles/style.css;jsessionid=7C1B32529F00FF74DE79911BBC899F36" rc="200" rm="OK" tn="Grupo de Hilos 1-4" dt="text" by="2588"/>
<httpSample t="189" lt="0" ts="1282653658894" s="false" lb="/firefox/headlines.xml" rc="Non HTTP response code: java.net.ConnectException" rm="Non HTTP response message: Connection refused" tn="Grupo de Hilos 1-5" dt="text" by="1535"/>
<httpSample t="7" lt="6" ts="1282653659081" s="true" lb="/iceweb/js/flexigrid/css/flexigrid/flexigrid.css;jsessionid=7C1B32529F00FF74DE79911BBC899F36" rc="200" rm="OK" tn="Grupo de Hilos 1-4" dt="text" by="13979"/>
<httpSample t="7" lt="7" ts="1282653659089" s="true" lb="/iceweb/js/ajax.js;jsessionid=7C1B32529F00FF74DE79911BBC899F36" rc="200" rm="OK" tn="Grupo de Hilos 1-4" dt="text" by="11865"/>
<httpSample t="2" lt="2" ts="1282653659097" s="true" lb="/iceweb/js/common.js;jsessionid=7C1B32529F00FF74DE79911BBC899F36" rc="200" rm="OK" tn="Grupo de Hilos 1-4" dt="text" by="1161"/>
<httpSample t="3" lt="3" ts="1282653659100" s="true" lb="/iceweb/js/flexigrid/CentroPagedGrid.js;jsessionid=7C1B32529F00FF74DE79911BBC899F36" rc="200" rm="OK" tn="Grupo de Hilos 1-4" dt="text" by="42362"/>
<httpSample t="12" lt="11" ts="1282653659104" s="true" lb="/iceweb/js/jquery-1.4.js;jsessionid=7C1B32529F00FF74DE79911BBC899F36" rc="200" rm="OK" tn="Grupo de Hilos 1-4" dt="text" by="158407"/>
<httpSample t="3" lt="2" ts="1282653659117" s="true" lb="/iceweb/js/OpenLayersExt.js;jsessionid=7C1B32529F00FF74DE79911BBC899F36" rc="200" rm="OK" tn="Grupo de Hilos 1-4" dt="text" by="12330"/>
<httpSample t="3" lt="3" ts="1282653659121" s="true" lb="/iceweb/js/json.js;jsessionid=7C1B32529F00FF74DE79911BBC899F36" rc="200" rm="OK" tn="Grupo de Hilos 1-4" dt="text" by="7788"/>
<httpSample t="51" lt="0" ts="1282653659084" s="false" lb="/rss/newsonline_world_edition/front_page/rss.xml" rc="Non HTTP response code: java.net.ConnectException" rm="Non HTTP response message: Connection refused" tn="Grupo de Hilos 1-5" dt="text" by="1535"/>
<httpSample t="56" lt="0" ts="1282653659137" s="false" lb="/news/rss.xml" rc="Non HTTP response code: java.net.ConnectException" rm="Non HTTP response message: Connection refused" tn="Grupo de Hilos 1-5" dt="text" by="1535"/>
<httpSample t="29" lt="1" ts="1282653659194" s="true" lb="/iceweb" rc="200" rm="OK" tn="Grupo de Hilos 1-5" dt="text" by="8397">
  <httpSample t="1" lt="1" ts="1282653659194" s="true" lb="http://localhost:8080/iceweb" rc="302" rm="Movido temporálmente" tn="" dt="" by="0"/>
  <httpSample t="27" lt="26" ts="1282653659196" s="true" lb="http://localhost:8080/iceweb/" rc="200" rm="OK" tn="Grupo de Hilos 1-5" dt="text" by="8397"/>
</httpSample>
<httpSample t="18" lt="18" ts="1282653659224" s="true" lb="/iceweb/" rc="200" rm="OK" tn="Grupo de Hilos 1-5" dt="text" by="8397"/>
<httpSample t="4" lt="4" ts="1282653659243" s="true" lb="/iceweb/styles/style.css;jsessionid=7C1B32529F00FF74DE79911BBC899F36" rc="200" rm="OK" tn="Grupo de Hilos 1-5" dt="text" by="2588"/>
<httpSample t="6" lt="6" ts="1282653659248" s="true" lb="/iceweb/js/flexigrid/css/flexigrid/flexigrid.css;jsessionid=7C1B32529F00FF74DE79911BBC899F36" rc="200" rm="OK" tn="Grupo de Hilos 1-5" dt="text" by="13979"/>
<httpSample t="3" lt="2" ts="1282653659255" s="true" lb="/iceweb/js/ajax.js;jsessionid=7C1B32529F00FF74DE79911BBC899F36" rc="200" rm="OK" tn="Grupo de Hilos 1-5" dt="text" by="11865"/>
<httpSample t="2" lt="2" ts="1282653659259" s="true" lb="/iceweb/js/common.js;jsessionid=7C1B32529F00FF74DE79911BBC899F36" rc="200" rm="OK" tn="Grupo de Hilos 1-5" dt="text" by="1161"/>
<httpSample t="7" lt="4" ts="1282653659263" s="true" lb="/iceweb/js/flexigrid/CentroPagedGrid.js;jsessionid=7C1B32529F00FF74DE79911BBC899F36" rc="200" rm="OK" tn="Grupo de Hilos 1-5" dt="text" by="42362"/>
<httpSample t="4" lt="3" ts="1282653659271" s="true" lb="/iceweb/js/jquery-1.4.js;jsessionid=7C1B32529F00FF74DE79911BBC899F36" rc="200" rm="OK" tn="Grupo de Hilos 1-5" dt="text" by="158407"/>
<httpSample t="2" lt="2" ts="1282653659276" s="true" lb="/iceweb/js/OpenLayersExt.js;jsessionid=7C1B32529F00FF74DE79911BBC899F36" rc="200" rm="OK" tn="Grupo de Hilos 1-5" dt="text" by="12330"/>
<httpSample t="4" lt="3" ts="1282653659279" s="true" lb="/iceweb/js/json.js;jsessionid=7C1B32529F00FF74DE79911BBC899F36" rc="200" rm="OK" tn="Grupo de Hilos 1-5" dt="text" by="7788"/>
<httpSample t="21019" lt="0" ts="1282653658583" s="false" lb="/maps" rc="Non HTTP response code: java.net.ConnectException" rm="Non HTTP response message: Connection timed out" tn="Grupo de Hilos 1-1" dt="text" by="1537"/>
<httpSample t="14" lt="8" ts="1282653679604" s="true" lb="/iceweb/js/OpenLayers/OpenLayers.js;jsessionid=7C1B32529F00FF74DE79911BBC899F36" rc="200" rm="OK" tn="Grupo de Hilos 1-1" dt="text" by="711799"/>
<httpSample t="20998" lt="0" ts="1282653658704" s="false" lb="/maps" rc="Non HTTP response code: java.net.ConnectException" rm="Non HTTP response message: Connection timed out" tn="Grupo de Hilos 1-2" dt="text" by="1537"/>
<httpSample t="15" lt="10" ts="1282653679704" s="true" lb="/iceweb/js/OpenLayers/OpenLayers.js;jsessionid=7C1B32529F00FF74DE79911BBC899F36" rc="200" rm="OK" tn="Grupo de Hilos 1-2" dt="text" by="711799"/>
<httpSample t="20998" lt="0" ts="1282653658924" s="false" lb="/maps" rc="Non HTTP response code: java.net.ConnectException" rm="Non HTTP response message: Connection timed out" tn="Grupo de Hilos 1-3" dt="text" by="1537"/>
<httpSample t="21" lt="11" ts="1282653679924" s="true" lb="/iceweb/js/OpenLayers/OpenLayers.js;jsessionid=7C1B32529F00FF74DE79911BBC899F36" rc="200" rm="OK" tn="Grupo de Hilos 1-3" dt="text" by="711799"/>
<httpSample t="20997" lt="0" ts="1282653659125" s="false" lb="/maps" rc="Non HTTP response code: java.net.ConnectException" rm="Non HTTP response message: Connection timed out" tn="Grupo de Hilos 1-4" dt="text" by="1537"/>
<httpSample t="17" lt="13" ts="1282653680124" s="true" lb="/iceweb/js/OpenLayers/OpenLayers.js;jsessionid=7C1B32529F00FF74DE79911BBC899F36" rc="200" rm="OK" tn="Grupo de Hilos 1-4" dt="text" by="711799"/>
<httpSample t="20999" lt="0" ts="1282653659283" s="false" lb="/maps" rc="Non HTTP response code: java.net.ConnectException" rm="Non HTTP response message: Connection timed out" tn="Grupo de Hilos 1-5" dt="text" by="1537"/>
<httpSample t="14" lt="7" ts="1282653680283" s="true" lb="/iceweb/js/OpenLayers/OpenLayers.js;jsessionid=7C1B32529F00FF74DE79911BBC899F36" rc="200" rm="OK" tn="Grupo de Hilos 1-5" dt="text" by="711799"/>
<httpSample t="21028" lt="0" ts="1282653679619" s="false" lb="/intl/es_ALL/mapfiles/260d/maps2.api/mod_stats.js" rc="Non HTTP response code: java.net.ConnectException" rm="Non HTTP response message: Connection timed out" tn="Grupo de Hilos 1-1" dt="text" by="1537"/>
<httpSample t="8" lt="8" ts="1282653700649" s="false" lb="/iceweb/styles/img/south-mini.png" rc="404" rm="/iceweb/styles/img/south-mini.png" tn="Grupo de Hilos 1-1" dt="text" by="1059"/>
<httpSample t="3" lt="3" ts="1282653700659" s="false" lb="/iceweb/style.css" rc="404" rm="/iceweb/style.css" tn="Grupo de Hilos 1-1" dt="text" by="1011"/>
<httpSample t="3" lt="3" ts="1282653700663" s="false" lb="/iceweb/img/north-mini.png" rc="404" rm="/iceweb/img/north-mini.png" tn="Grupo de Hilos 1-1" dt="text" by="1038"/>
<httpSample t="5" lt="5" ts="1282653700667" s="false" lb="/iceweb/img/east-mini.png" rc="404" rm="/iceweb/img/east-mini.png" tn="Grupo de Hilos 1-1" dt="text" by="1035"/>
<httpSample t="3" lt="3" ts="1282653700673" s="false" lb="/iceweb/img/south-mini.png" rc="404" rm="/iceweb/img/south-mini.png" tn="Grupo de Hilos 1-1" dt="text" by="1038"/>
<httpSample t="3" lt="3" ts="1282653700677" s="false" lb="/iceweb/img/zoom-plus-mini.png" rc="404" rm="/iceweb/img/zoom-plus-mini.png" tn="Grupo de Hilos 1-1" dt="text" by="1050"/>
<httpSample t="3" lt="3" ts="1282653700681" s="false" lb="/iceweb/img/zoom-world-mini.png" rc="404" rm="/iceweb/img/zoom-world-mini.png" tn="Grupo de Hilos 1-1" dt="text" by="1053"/>
<httpSample t="4" lt="4" ts="1282653700685" s="false" lb="/iceweb/img/west-mini.png" rc="404" rm="/iceweb/img/west-mini.png" tn="Grupo de Hilos 1-1" dt="text" by="1035"/>
<httpSample t="3" lt="3" ts="1282653700690" s="false" lb="/iceweb/img/zoom-minus-mini.png" rc="404" rm="/iceweb/img/zoom-minus-mini.png" tn="Grupo de Hilos 1-1" dt="text" by="1053"/>
<httpSample t="3" lt="3" ts="1282653700694" s="false" lb="/iceweb/img/layer-switcher-minimize.png" rc="404" rm="/iceweb/img/layer-switcher-minimize.png" tn="Grupo de Hilos 1-1" dt="text" by="1077"/>
<httpSample t="3" lt="3" ts="1282653700698" s="false" lb="/iceweb/img/layer-switcher-maximize.png" rc="404" rm="/iceweb/img/layer-switcher-maximize.png" tn="Grupo de Hilos 1-1" dt="text" by="1077"/>
<httpSample t="20997" lt="0" ts="1282653679721" s="false" lb="/intl/es_ALL/mapfiles/260d/maps2.api/mod_stats.js" rc="Non HTTP response code: java.net.ConnectException" rm="Non HTTP response message: Connection timed out" tn="Grupo de Hilos 1-2" dt="text" by="1537"/>
<httpSample t="16" lt="16" ts="1282653700720" s="false" lb="/iceweb/styles/img/south-mini.png" rc="404" rm="/iceweb/styles/img/south-mini.png" tn="Grupo de Hilos 1-2" dt="text" by="1059"/>
<httpSample t="3" lt="3" ts="1282653700738" s="false" lb="/iceweb/style.css" rc="404" rm="/iceweb/style.css" tn="Grupo de Hilos 1-2" dt="text" by="1011"/>
<httpSample t="3" lt="3" ts="1282653700743" s="false" lb="/iceweb/img/north-mini.png" rc="404" rm="/iceweb/img/north-mini.png" tn="Grupo de Hilos 1-2" dt="text" by="1038"/>
<httpSample t="4" lt="4" ts="1282653700747" s="false" lb="/iceweb/img/east-mini.png" rc="404" rm="/iceweb/img/east-mini.png" tn="Grupo de Hilos 1-2" dt="text" by="1035"/>
<httpSample t="50" lt="49" ts="1282653700703" s="true" lb="/iceweb/restful/Centro/findPagedByVentanaAndFilter" rc="200" rm="OK" tn="Grupo de Hilos 1-1" dt="text" by="11479"/>
<httpSample t="3" lt="3" ts="1282653700755" s="false" lb="/iceweb/img/south-mini.png" rc="404" rm="/iceweb/img/south-mini.png" tn="Grupo de Hilos 1-2" dt="text" by="1038"/>
<httpSample t="5" lt="5" ts="1282653700762" s="false" lb="/iceweb/img/zoom-plus-mini.png" rc="404" rm="/iceweb/img/zoom-plus-mini.png" tn="Grupo de Hilos 1-2" dt="text" by="1050"/>
<httpSample t="4" lt="4" ts="1282653700769" s="false" lb="/iceweb/img/zoom-world-mini.png" rc="404" rm="/iceweb/img/zoom-world-mini.png" tn="Grupo de Hilos 1-2" dt="text" by="1053"/>
<httpSample t="3" lt="3" ts="1282653700792" s="false" lb="/iceweb/img/west-mini.png" rc="404" rm="/iceweb/img/west-mini.png" tn="Grupo de Hilos 1-2" dt="text" by="1035"/>
<httpSample t="3" lt="3" ts="1282653700796" s="false" lb="/iceweb/img/zoom-minus-mini.png" rc="404" rm="/iceweb/img/zoom-minus-mini.png" tn="Grupo de Hilos 1-2" dt="text" by="1053"/>
<httpSample t="51" lt="50" ts="1282653700801" s="false" lb="/iceweb/img/layer-switcher-minimize.png" rc="404" rm="/iceweb/img/layer-switcher-minimize.png" tn="Grupo de Hilos 1-2" dt="text" by="1077"/>
<httpSample t="3" lt="3" ts="1282653700853" s="false" lb="/iceweb/img/layer-switcher-maximize.png" rc="404" rm="/iceweb/img/layer-switcher-maximize.png" tn="Grupo de Hilos 1-2" dt="text" by="1077"/>
<httpSample t="116" lt="96" ts="1282653700754" s="true" lb="/iceweb/restful/Centro/findMarcasCuadriculaByFilter" rc="200" rm="OK" tn="Grupo de Hilos 1-1" dt="text" by="64084"/>
<httpSample t="17" lt="16" ts="1282653700857" s="true" lb="/iceweb/restful/Centro/findPagedByVentanaAndFilter" rc="200" rm="OK" tn="Grupo de Hilos 1-2" dt="text" by="11479"/>
<httpSample t="21000" lt="0" ts="1282653679946" s="false" lb="/intl/es_ALL/mapfiles/260d/maps2.api/mod_stats.js" rc="Non HTTP response code: java.net.ConnectException" rm="Non HTTP response message: Connection timed out" tn="Grupo de Hilos 1-3" dt="text" by="1537"/>
<httpSample t="113" lt="104" ts="1282653700871" s="true" lb="/iceweb/restful/Centro/findMarcasCuadriculaByFilter" rc="200" rm="OK" tn="Grupo de Hilos 1-1" dt="text" by="86966"/>
<httpSample t="81" lt="81" ts="1282653700947" s="false" lb="/iceweb/styles/img/south-mini.png" rc="404" rm="/iceweb/styles/img/south-mini.png" tn="Grupo de Hilos 1-3" dt="text" by="1059"/>
<httpSample t="11" lt="11" ts="1282653701030" s="false" lb="/iceweb/style.css" rc="404" rm="/iceweb/style.css" tn="Grupo de Hilos 1-3" dt="text" by="1011"/>
<httpSample t="4" lt="4" ts="1282653701043" s="false" lb="/iceweb/img/north-mini.png" rc="404" rm="/iceweb/img/north-mini.png" tn="Grupo de Hilos 1-3" dt="text" by="1038"/>
<httpSample t="176" lt="148" ts="1282653700875" s="true" lb="/iceweb/restful/Centro/findMarcasCuadriculaByFilter" rc="200" rm="OK" tn="Grupo de Hilos 1-2" dt="text" by="64084"/>
<httpSample t="5" lt="5" ts="1282653701049" s="false" lb="/iceweb/img/east-mini.png" rc="404" rm="/iceweb/img/east-mini.png" tn="Grupo de Hilos 1-3" dt="text" by="1035"/>
<httpSample t="6" lt="6" ts="1282653701058" s="false" lb="/iceweb/img/south-mini.png" rc="404" rm="/iceweb/img/south-mini.png" tn="Grupo de Hilos 1-3" dt="text" by="1038"/>
<httpSample t="3" lt="3" ts="1282653701068" s="false" lb="/iceweb/img/zoom-plus-mini.png" rc="404" rm="/iceweb/img/zoom-plus-mini.png" tn="Grupo de Hilos 1-3" dt="text" by="1050"/>
<httpSample t="87" lt="86" ts="1282653700986" s="true" lb="/iceweb/restful/Centro/findPagedByVentanaAndFilter" rc="200" rm="OK" tn="Grupo de Hilos 1-1" dt="text" by="12174"/>
<httpSample t="10" lt="10" ts="1282653701074" s="false" lb="/iceweb/img/zoom-world-mini.png" rc="404" rm="/iceweb/img/zoom-world-mini.png" tn="Grupo de Hilos 1-3" dt="text" by="1053"/>
<httpSample t="21001" lt="0" ts="1282653680142" s="false" lb="/intl/es_ALL/mapfiles/260d/maps2.api/mod_stats.js" rc="Non HTTP response code: java.net.ConnectException" rm="Non HTTP response message: Connection timed out" tn="Grupo de Hilos 1-4" dt="text" by="1537"/>
<httpSample t="89" lt="89" ts="1282653701086" s="false" lb="/iceweb/img/west-mini.png" rc="404" rm="/iceweb/img/west-mini.png" tn="Grupo de Hilos 1-3" dt="text" by="1035"/>
<httpSample t="39" lt="39" ts="1282653701144" s="false" lb="/iceweb/styles/img/south-mini.png" rc="404" rm="/iceweb/styles/img/south-mini.png" tn="Grupo de Hilos 1-4" dt="text" by="1059"/>
<httpSample t="111" lt="110" ts="1282653701075" s="true" lb="/iceweb/restful/Centro/findPagedByVentanaAndFilter" rc="200" rm="OK" tn="Grupo de Hilos 1-1" dt="text" by="11851"/>
<httpSample t="145" lt="122" ts="1282653701052" s="true" lb="/iceweb/restful/Centro/findMarcasCuadriculaByFilter" rc="200" rm="OK" tn="Grupo de Hilos 1-2" dt="text" by="86966"/>
<httpSample t="25" lt="25" ts="1282653701176" s="false" lb="/iceweb/img/zoom-minus-mini.png" rc="404" rm="/iceweb/img/zoom-minus-mini.png" tn="Grupo de Hilos 1-3" dt="text" by="1053"/>
<httpSample t="6" lt="6" ts="1282653701205" s="false" lb="/iceweb/img/layer-switcher-minimize.png" rc="404" rm="/iceweb/img/layer-switcher-minimize.png" tn="Grupo de Hilos 1-3" dt="text" by="1077"/>
<httpSample t="43" lt="43" ts="1282653701187" s="false" lb="/iceweb/style.css" rc="404" rm="/iceweb/style.css" tn="Grupo de Hilos 1-4" dt="text" by="1011"/>
<httpSample t="4" lt="4" ts="1282653701227" s="false" lb="/iceweb/img/layer-switcher-maximize.png" rc="404" rm="/iceweb/img/layer-switcher-maximize.png" tn="Grupo de Hilos 1-3" dt="text" by="1077"/>
<httpSample t="4" lt="4" ts="1282653701231" s="false" lb="/iceweb/img/north-mini.png" rc="404" rm="/iceweb/img/north-mini.png" tn="Grupo de Hilos 1-4" dt="text" by="1038"/>
<httpSample t="7" lt="7" ts="1282653701237" s="false" lb="/iceweb/img/east-mini.png" rc="404" rm="/iceweb/img/east-mini.png" tn="Grupo de Hilos 1-4" dt="text" by="1035"/>
<httpSample t="68" lt="68" ts="1282653701188" s="true" lb="/iceweb/restful/Centro/findPagedByVentanaAndFilter" rc="200" rm="OK" tn="Grupo de Hilos 1-1" dt="text" by="13604"/>
<httpSample t="25" lt="25" ts="1282653701246" s="false" lb="/iceweb/img/south-mini.png" rc="404" rm="/iceweb/img/south-mini.png" tn="Grupo de Hilos 1-4" dt="text" by="1038"/>
<httpSample t="82" lt="81" ts="1282653701199" s="true" lb="/iceweb/restful/Centro/findPagedByVentanaAndFilter" rc="200" rm="OK" tn="Grupo de Hilos 1-2" dt="text" by="12174"/>
<httpSample t="16" lt="16" ts="1282653701273" s="false" lb="/iceweb/img/zoom-plus-mini.png" rc="404" rm="/iceweb/img/zoom-plus-mini.png" tn="Grupo de Hilos 1-4" dt="text" by="1050"/>
<httpSample t="11" lt="11" ts="1282653701290" s="false" lb="/iceweb/img/zoom-world-mini.png" rc="404" rm="/iceweb/img/zoom-world-mini.png" tn="Grupo de Hilos 1-4" dt="text" by="1053"/>
<httpSample t="21004" lt="0" ts="1282653680298" s="false" lb="/intl/es_ALL/mapfiles/260d/maps2.api/mod_stats.js" rc="Non HTTP response code: java.net.ConnectException" rm="Non HTTP response message: Connection timed out" tn="Grupo de Hilos 1-5" dt="text" by="1537"/>
<httpSample t="78" lt="78" ts="1282653701233" s="true" lb="/iceweb/restful/Centro/findPagedByVentanaAndFilter" rc="200" rm="OK" tn="Grupo de Hilos 1-3" dt="text" by="11479"/>
<httpSample t="18" lt="18" ts="1282653701303" s="false" lb="/iceweb/img/west-mini.png" rc="404" rm="/iceweb/img/west-mini.png" tn="Grupo de Hilos 1-4" dt="text" by="1035"/>
<httpSample t="67" lt="67" ts="1282653701257" s="true" lb="/iceweb/restful/Centro/findPagedByVentanaAndFilter" rc="200" rm="OK" tn="Grupo de Hilos 1-1" dt="text" by="14056"/>
<httpSample t="2" lt="2" ts="1282653701322" s="false" lb="/iceweb/img/zoom-minus-mini.png" rc="404" rm="/iceweb/img/zoom-minus-mini.png" tn="Grupo de Hilos 1-4" dt="text" by="1053"/>
<httpSample t="31" lt="31" ts="1282653701304" s="false" lb="/iceweb/styles/img/south-mini.png" rc="404" rm="/iceweb/styles/img/south-mini.png" tn="Grupo de Hilos 1-5" dt="text" by="1059"/>
<httpSample t="68" lt="68" ts="1282653701282" s="true" lb="/iceweb/restful/Centro/findPagedByVentanaAndFilter" rc="200" rm="OK" tn="Grupo de Hilos 1-2" dt="text" by="11851"/>
<httpSample t="16" lt="16" ts="1282653701336" s="false" lb="/iceweb/style.css" rc="404" rm="/iceweb/style.css" tn="Grupo de Hilos 1-5" dt="text" by="1011"/>
<httpSample t="28" lt="28" ts="1282653701325" s="false" lb="/iceweb/img/layer-switcher-minimize.png" rc="404" rm="/iceweb/img/layer-switcher-minimize.png" tn="Grupo de Hilos 1-4" dt="text" by="1077"/>
<httpSample t="57" lt="57" ts="1282653701356" s="false" lb="/iceweb/img/layer-switcher-maximize.png" rc="404" rm="/iceweb/img/layer-switcher-maximize.png" tn="Grupo de Hilos 1-4" dt="text" by="1077"/>
<httpSample t="137" lt="102" ts="1282653701312" s="true" lb="/iceweb/restful/Centro/findMarcasCuadriculaByFilter" rc="200" rm="OK" tn="Grupo de Hilos 1-3" dt="text" by="64084"/>
<httpSample t="97" lt="97" ts="1282653701355" s="false" lb="/iceweb/img/north-mini.png" rc="404" rm="/iceweb/img/north-mini.png" tn="Grupo de Hilos 1-5" dt="text" by="1038"/>
<httpSample t="142" lt="142" ts="1282653701325" s="true" lb="/iceweb/centroDetalle" rc="200" rm="OK" tn="Grupo de Hilos 1-1" dt="text" by="4200"/>
<httpSample t="18" lt="18" ts="1282653701453" s="false" lb="/iceweb/img/east-mini.png" rc="404" rm="/iceweb/img/east-mini.png" tn="Grupo de Hilos 1-5" dt="text" by="1035"/>
<httpSample t="140" lt="140" ts="1282653701351" s="true" lb="/iceweb/restful/Centro/findPagedByVentanaAndFilter" rc="200" rm="OK" tn="Grupo de Hilos 1-2" dt="text" by="13604"/>
<httpSample t="26" lt="26" ts="1282653701474" s="false" lb="/iceweb/img/south-mini.png" rc="404" rm="/iceweb/img/south-mini.png" tn="Grupo de Hilos 1-5" dt="text" by="1038"/>
<httpSample t="97" lt="97" ts="1282653701501" s="false" lb="/iceweb/img/zoom-plus-mini.png" rc="404" rm="/iceweb/img/zoom-plus-mini.png" tn="Grupo de Hilos 1-5" dt="text" by="1050"/>
<httpSample t="187" lt="187" ts="1282653701417" s="true" lb="/iceweb/restful/Centro/findPagedByVentanaAndFilter" rc="200" rm="OK" tn="Grupo de Hilos 1-4" dt="text" by="11479"/>
<httpSample t="13" lt="13" ts="1282653701599" s="false" lb="/iceweb/img/zoom-world-mini.png" rc="404" rm="/iceweb/img/zoom-world-mini.png" tn="Grupo de Hilos 1-5" dt="text" by="1053"/>
<httpSample t="11" lt="11" ts="1282653701614" s="false" lb="/iceweb/img/west-mini.png" rc="404" rm="/iceweb/img/west-mini.png" tn="Grupo de Hilos 1-5" dt="text" by="1035"/>
<httpSample t="134" lt="134" ts="1282653701496" s="true" lb="/iceweb/restful/Centro/findPagedByVentanaAndFilter" rc="200" rm="OK" tn="Grupo de Hilos 1-2" dt="text" by="14056"/>
<httpSample t="183" lt="139" ts="1282653701450" s="true" lb="/iceweb/restful/Centro/findMarcasCuadriculaByFilter" rc="200" rm="OK" tn="Grupo de Hilos 1-3" dt="text" by="86966"/>
<httpSample t="12" lt="12" ts="1282653701627" s="false" lb="/iceweb/img/zoom-minus-mini.png" rc="404" rm="/iceweb/img/zoom-minus-mini.png" tn="Grupo de Hilos 1-5" dt="text" by="1053"/>
<httpSample t="101" lt="94" ts="1282653701606" s="true" lb="/iceweb/restful/Centro/findMarcasCuadriculaByFilter" rc="200" rm="OK" tn="Grupo de Hilos 1-4" dt="text" by="64084"/>
<httpSample t="68" lt="68" ts="1282653701640" s="false" lb="/iceweb/img/layer-switcher-minimize.png" rc="404" rm="/iceweb/img/layer-switcher-minimize.png" tn="Grupo de Hilos 1-5" dt="text" by="1077"/>
<httpSample t="34" lt="34" ts="1282653701711" s="false" lb="/iceweb/img/layer-switcher-maximize.png" rc="404" rm="/iceweb/img/layer-switcher-maximize.png" tn="Grupo de Hilos 1-5" dt="text" by="1077"/>
<httpSample t="124" lt="124" ts="1282653701632" s="true" lb="/iceweb/centroDetalle" rc="200" rm="OK" tn="Grupo de Hilos 1-2" dt="text" by="4200"/>
<httpSample t="223" lt="223" ts="1282653701634" s="true" lb="/iceweb/restful/Centro/findPagedByVentanaAndFilter" rc="200" rm="OK" tn="Grupo de Hilos 1-3" dt="text" by="12174"/>
<httpSample t="112" lt="111" ts="1282653701747" s="true" lb="/iceweb/restful/Centro/findPagedByVentanaAndFilter" rc="200" rm="OK" tn="Grupo de Hilos 1-5" dt="text" by="11479"/>
<httpSample t="163" lt="140" ts="1282653701708" s="true" lb="/iceweb/restful/Centro/findMarcasCuadriculaByFilter" rc="200" rm="OK" tn="Grupo de Hilos 1-4" dt="text" by="86966"/>
<httpSample t="50" lt="50" ts="1282653701859" s="true" lb="/iceweb/restful/Centro/findPagedByVentanaAndFilter" rc="200" rm="OK" tn="Grupo de Hilos 1-3" dt="text" by="11851"/>
<httpSample t="125" lt="125" ts="1282653701873" s="true" lb="/iceweb/restful/Centro/findPagedByVentanaAndFilter" rc="200" rm="OK" tn="Grupo de Hilos 1-4" dt="text" by="12174"/>
<httpSample t="125" lt="125" ts="1282653701910" s="true" lb="/iceweb/restful/Centro/findPagedByVentanaAndFilter" rc="200" rm="OK" tn="Grupo de Hilos 1-3" dt="text" by="13604"/>
<httpSample t="39" lt="39" ts="1282653701999" s="true" lb="/iceweb/restful/Centro/findPagedByVentanaAndFilter" rc="200" rm="OK" tn="Grupo de Hilos 1-4" dt="text" by="11851"/>
<httpSample t="179" lt="135" ts="1282653701861" s="true" lb="/iceweb/restful/Centro/findMarcasCuadriculaByFilter" rc="200" rm="OK" tn="Grupo de Hilos 1-5" dt="text" by="64084"/>
<httpSample t="52" lt="52" ts="1282653702036" s="true" lb="/iceweb/restful/Centro/findPagedByVentanaAndFilter" rc="200" rm="OK" tn="Grupo de Hilos 1-3" dt="text" by="14056"/>
<httpSample t="62" lt="61" ts="1282653702039" s="true" lb="/iceweb/restful/Centro/findPagedByVentanaAndFilter" rc="200" rm="OK" tn="Grupo de Hilos 1-4" dt="text" by="13604"/>
<httpSample t="99" lt="99" ts="1282653702090" s="true" lb="/iceweb/centroDetalle" rc="200" rm="OK" tn="Grupo de Hilos 1-3" dt="text" by="4200"/>
<httpSample t="154" lt="120" ts="1282653702041" s="true" lb="/iceweb/restful/Centro/findMarcasCuadriculaByFilter" rc="200" rm="OK" tn="Grupo de Hilos 1-5" dt="text" by="86966"/>
<httpSample t="114" lt="107" ts="1282653702102" s="true" lb="/iceweb/restful/Centro/findPagedByVentanaAndFilter" rc="200" rm="OK" tn="Grupo de Hilos 1-4" dt="text" by="14056"/>
<httpSample t="36" lt="36" ts="1282653702198" s="true" lb="/iceweb/restful/Centro/findPagedByVentanaAndFilter" rc="200" rm="OK" tn="Grupo de Hilos 1-5" dt="text" by="12174"/>
<httpSample t="41" lt="41" ts="1282653702217" s="true" lb="/iceweb/centroDetalle" rc="200" rm="OK" tn="Grupo de Hilos 1-4" dt="text" by="4200"/>
<httpSample t="36" lt="35" ts="1282653702235" s="true" lb="/iceweb/restful/Centro/findPagedByVentanaAndFilter" rc="200" rm="OK" tn="Grupo de Hilos 1-5" dt="text" by="11851"/>
<httpSample t="15" lt="15" ts="1282653702272" s="true" lb="/iceweb/restful/Centro/findPagedByVentanaAndFilter" rc="200" rm="OK" tn="Grupo de Hilos 1-5" dt="text" by="13604"/>
<httpSample t="21" lt="20" ts="1282653702288" s="true" lb="/iceweb/restful/Centro/findPagedByVentanaAndFilter" rc="200" rm="OK" tn="Grupo de Hilos 1-5" dt="text" by="14056"/>
<httpSample t="16" lt="16" ts="1282653702310" s="true" lb="/iceweb/centroDetalle" rc="200" rm="OK" tn="Grupo de Hilos 1-5" dt="text" by="4200"/>
<httpSample t="21010" lt="0" ts="1282653701468" s="false" lb="/maps" rc="Non HTTP response code: java.net.ConnectException" rm="Non HTTP response message: Connection timed out" tn="Grupo de Hilos 1-1" dt="text" by="1537"/>
<httpSample t="11" lt="11" ts="1282653722480" s="true" lb="/iceweb/restful/Centro/46006574" rc="200" rm="OK" tn="Grupo de Hilos 1-1" dt="text" by="786"/>
<httpSample t="21000" lt="0" ts="1282653701758" s="false" lb="/maps" rc="Non HTTP response code: java.net.ConnectException" rm="Non HTTP response message: Connection timed out" tn="Grupo de Hilos 1-2" dt="text" by="1537"/>
<httpSample t="37" lt="37" ts="1282653722760" s="true" lb="/iceweb/restful/Centro/46006574" rc="200" rm="OK" tn="Grupo de Hilos 1-2" dt="text" by="786"/>
<httpSample t="21000" lt="0" ts="1282653702190" s="false" lb="/maps" rc="Non HTTP response code: java.net.ConnectException" rm="Non HTTP response message: Connection timed out" tn="Grupo de Hilos 1-3" dt="text" by="1537"/>
<httpSample t="13" lt="12" ts="1282653723191" s="true" lb="/iceweb/restful/Centro/46006574" rc="200" rm="OK" tn="Grupo de Hilos 1-3" dt="text" by="786"/>
<httpSample t="20999" lt="0" ts="1282653702259" s="false" lb="/maps" rc="Non HTTP response code: java.net.ConnectException" rm="Non HTTP response message: Connection timed out" tn="Grupo de Hilos 1-4" dt="text" by="1537"/>
<httpSample t="19" lt="19" ts="1282653723260" s="true" lb="/iceweb/restful/Centro/46006574" rc="200" rm="OK" tn="Grupo de Hilos 1-4" dt="text" by="786"/>
<httpSample t="20998" lt="0" ts="1282653702328" s="false" lb="/maps" rc="Non HTTP response code: java.net.ConnectException" rm="Non HTTP response message: Connection timed out" tn="Grupo de Hilos 1-5" dt="text" by="1537"/>
<httpSample t="10" lt="10" ts="1282653723327" s="true" lb="/iceweb/restful/Centro/46006574" rc="200" rm="OK" tn="Grupo de Hilos 1-5" dt="text" by="786"/>
<httpSample t="20999" lt="0" ts="1282653722492" s="false" lb="/maps" rc="Non HTTP response code: java.net.ConnectException" rm="Non HTTP response message: Connection timed out" tn="Grupo de Hilos 1-1" dt="text" by="1537"/>
<httpSample t="237" lt="27" ts="1282653743493" s="true" lb="/iceweb/centroLista" rc="200" rm="OK" tn="Grupo de Hilos 1-1" dt="text" by="653259"/>
<httpSample t="20998" lt="0" ts="1282653722809" s="false" lb="/maps" rc="Non HTTP response code: java.net.ConnectException" rm="Non HTTP response message: Connection timed out" tn="Grupo de Hilos 1-2" dt="text" by="1537"/>
<httpSample t="82" lt="71" ts="1282653743731" s="true" lb="/iceweb/restful/Centro/findMarcasCuadriculaByFilter" rc="200" rm="OK" tn="Grupo de Hilos 1-1" dt="text" by="65601"/>
<httpSample t="199" lt="46" ts="1282653743808" s="true" lb="/iceweb/centroLista" rc="200" rm="OK" tn="Grupo de Hilos 1-2" dt="text" by="653259"/>
<httpSample t="211" lt="0" ts="1282653743815" s="false" lb="/en-US/firefox/headlines.xml" rc="Non HTTP response code: java.net.ConnectException" rm="Non HTTP response message: Connection refused" tn="Grupo de Hilos 1-1" dt="text" by="1535"/>
<httpSample t="69" lt="63" ts="1282653744021" s="true" lb="/iceweb/restful/Centro/findMarcasCuadriculaByFilter" rc="200" rm="OK" tn="Grupo de Hilos 1-2" dt="text" by="65601"/>
<httpSample t="21001" lt="0" ts="1282653723205" s="false" lb="/maps" rc="Non HTTP response code: java.net.ConnectException" rm="Non HTTP response message: Connection timed out" tn="Grupo de Hilos 1-3" dt="text" by="1537"/>
<httpSample t="192" lt="0" ts="1282653744027" s="false" lb="/firefox/headlines.xml" rc="Non HTTP response code: java.net.ConnectException" rm="Non HTTP response message: Connection refused" tn="Grupo de Hilos 1-1" dt="text" by="1535"/>
<httpSample t="20999" lt="0" ts="1282653723280" s="false" lb="/maps" rc="Non HTTP response code: java.net.ConnectException" rm="Non HTTP response message: Connection timed out" tn="Grupo de Hilos 1-4" dt="text" by="1537"/>
<httpSample t="190" lt="0" ts="1282653744091" s="false" lb="/en-US/firefox/headlines.xml" rc="Non HTTP response code: java.net.ConnectException" rm="Non HTTP response message: Connection refused" tn="Grupo de Hilos 1-2" dt="text" by="1535"/>
<httpSample t="74" lt="0" ts="1282653744227" s="false" lb="/rss/newsonline_world_edition/front_page/rss.xml" rc="Non HTTP response code: java.net.ConnectException" rm="Non HTTP response message: Connection refused" tn="Grupo de Hilos 1-1" dt="text" by="1535"/>
<httpSample t="21011" lt="0" ts="1282653723339" s="false" lb="/maps" rc="Non HTTP response code: java.net.ConnectException" rm="Non HTTP response message: Connection timed out" tn="Grupo de Hilos 1-5" dt="text" by="1537"/>
<httpSample t="73" lt="0" ts="1282653744302" s="false" lb="/news/rss.xml" rc="Non HTTP response code: java.net.ConnectException" rm="Non HTTP response message: Connection refused" tn="Grupo de Hilos 1-1" dt="text" by="1535"/>
<httpSample t="30" lt="2" ts="1282653744376" s="true" lb="/iceweb" rc="200" rm="OK" tn="Grupo de Hilos 1-1" dt="text" by="8397">
  <httpSample t="2" lt="2" ts="1282653744376" s="true" lb="http://localhost:8080/iceweb" rc="302" rm="Movido temporálmente" tn="" dt="" by="0"/>
  <httpSample t="28" lt="27" ts="1282653744378" s="true" lb="http://localhost:8080/iceweb/" rc="200" rm="OK" tn="Grupo de Hilos 1-1" dt="text" by="8397"/>
</httpSample>
<httpSample t="50" lt="50" ts="1282653744407" s="true" lb="/iceweb/" rc="200" rm="OK" tn="Grupo de Hilos 1-1" dt="text" by="8397"/>
<httpSample t="6" lt="6" ts="1282653744458" s="true" lb="/iceweb/styles/style.css;jsessionid=7C1B32529F00FF74DE79911BBC899F36" rc="200" rm="OK" tn="Grupo de Hilos 1-1" dt="text" by="2588"/>
<httpSample t="192" lt="0" ts="1282653744283" s="false" lb="/firefox/headlines.xml" rc="Non HTTP response code: java.net.ConnectException" rm="Non HTTP response message: Connection refused" tn="Grupo de Hilos 1-2" dt="text" by="1535"/>
<httpSample t="12" lt="12" ts="1282653744464" s="true" lb="/iceweb/js/flexigrid/css/flexigrid/flexigrid.css;jsessionid=7C1B32529F00FF74DE79911BBC899F36" rc="200" rm="OK" tn="Grupo de Hilos 1-1" dt="text" by="13979"/>
<httpSample t="5" lt="5" ts="1282653744477" s="true" lb="/iceweb/js/ajax.js;jsessionid=7C1B32529F00FF74DE79911BBC899F36" rc="200" rm="OK" tn="Grupo de Hilos 1-1" dt="text" by="11865"/>
<httpSample t="14" lt="14" ts="1282653744483" s="true" lb="/iceweb/js/common.js;jsessionid=7C1B32529F00FF74DE79911BBC899F36" rc="200" rm="OK" tn="Grupo de Hilos 1-1" dt="text" by="1161"/>
<httpSample t="3" lt="2" ts="1282653744498" s="true" lb="/iceweb/js/flexigrid/CentroPagedGrid.js;jsessionid=7C1B32529F00FF74DE79911BBC899F36" rc="200" rm="OK" tn="Grupo de Hilos 1-1" dt="text" by="42362"/>
<httpSample t="11" lt="10" ts="1282653744502" s="true" lb="/iceweb/js/jquery-1.4.js;jsessionid=7C1B32529F00FF74DE79911BBC899F36" rc="200" rm="OK" tn="Grupo de Hilos 1-1" dt="text" by="158407"/>
<httpSample t="6" lt="6" ts="1282653744514" s="true" lb="/iceweb/js/OpenLayersExt.js;jsessionid=7C1B32529F00FF74DE79911BBC899F36" rc="200" rm="OK" tn="Grupo de Hilos 1-1" dt="text" by="12330"/>
<httpSample t="52" lt="0" ts="1282653744477" s="false" lb="/rss/newsonline_world_edition/front_page/rss.xml" rc="Non HTTP response code: java.net.ConnectException" rm="Non HTTP response message: Connection refused" tn="Grupo de Hilos 1-2" dt="text" by="1535"/>
<httpSample t="23" lt="23" ts="1282653744521" s="true" lb="/iceweb/js/json.js;jsessionid=7C1B32529F00FF74DE79911BBC899F36" rc="200" rm="OK" tn="Grupo de Hilos 1-1" dt="text" by="7788"/>
<httpSample t="365" lt="47" ts="1282653744208" s="true" lb="/iceweb/centroLista" rc="200" rm="OK" tn="Grupo de Hilos 1-3" dt="text" by="653259"/>
<httpSample t="53" lt="0" ts="1282653744541" s="false" lb="/news/rss.xml" rc="Non HTTP response code: java.net.ConnectException" rm="Non HTTP response message: Connection refused" tn="Grupo de Hilos 1-2" dt="text" by="1535"/>
<httpSample t="465" lt="83" ts="1282653744280" s="true" lb="/iceweb/centroLista" rc="200" rm="OK" tn="Grupo de Hilos 1-4" dt="text" by="653259"/>
<httpSample t="179" lt="163" ts="1282653744574" s="true" lb="/iceweb/restful/Centro/findMarcasCuadriculaByFilter" rc="200" rm="OK" tn="Grupo de Hilos 1-3" dt="text" by="65601"/>
<httpSample t="163" lt="109" ts="1282653744595" s="true" lb="/iceweb" rc="200" rm="OK" tn="Grupo de Hilos 1-2" dt="text" by="8397">
  <httpSample t="109" lt="109" ts="1282653744595" s="true" lb="http://localhost:8080/iceweb" rc="302" rm="Movido temporálmente" tn="" dt="" by="0"/>
  <httpSample t="54" lt="54" ts="1282653744704" s="true" lb="http://localhost:8080/iceweb/" rc="200" rm="OK" tn="Grupo de Hilos 1-2" dt="text" by="8397"/>
</httpSample>
<httpSample t="418" lt="51" ts="1282653744352" s="true" lb="/iceweb/centroLista" rc="200" rm="OK" tn="Grupo de Hilos 1-5" dt="text" by="653259"/>
<httpSample t="21" lt="20" ts="1282653744764" s="true" lb="/iceweb/" rc="200" rm="OK" tn="Grupo de Hilos 1-2" dt="text" by="8397"/>
<httpSample t="7" lt="7" ts="1282653744787" s="true" lb="/iceweb/styles/style.css;jsessionid=7C1B32529F00FF74DE79911BBC899F36" rc="200" rm="OK" tn="Grupo de Hilos 1-2" dt="text" by="2588"/>
<httpSample t="93" lt="93" ts="1282653744795" s="true" lb="/iceweb/js/flexigrid/css/flexigrid/flexigrid.css;jsessionid=7C1B32529F00FF74DE79911BBC899F36" rc="200" rm="OK" tn="Grupo de Hilos 1-2" dt="text" by="13979"/>
<httpSample t="147" lt="136" ts="1282653744747" s="true" lb="/iceweb/restful/Centro/findMarcasCuadriculaByFilter" rc="200" rm="OK" tn="Grupo de Hilos 1-4" dt="text" by="65601"/>
<httpSample t="191" lt="0" ts="1282653744754" s="false" lb="/en-US/firefox/headlines.xml" rc="Non HTTP response code: java.net.ConnectException" rm="Non HTTP response message: Connection refused" tn="Grupo de Hilos 1-3" dt="text" by="1535"/>
<httpSample t="104" lt="104" ts="1282653744889" s="true" lb="/iceweb/js/ajax.js;jsessionid=7C1B32529F00FF74DE79911BBC899F36" rc="200" rm="OK" tn="Grupo de Hilos 1-2" dt="text" by="11865"/>
<httpSample t="11" lt="11" ts="1282653744994" s="true" lb="/iceweb/js/common.js;jsessionid=7C1B32529F00FF74DE79911BBC899F36" rc="200" rm="OK" tn="Grupo de Hilos 1-2" dt="text" by="1161"/>
<httpSample t="5" lt="5" ts="1282653745005" s="true" lb="/iceweb/js/flexigrid/CentroPagedGrid.js;jsessionid=7C1B32529F00FF74DE79911BBC899F36" rc="200" rm="OK" tn="Grupo de Hilos 1-2" dt="text" by="42362"/>
<httpSample t="248" lt="216" ts="1282653744771" s="true" lb="/iceweb/restful/Centro/findMarcasCuadriculaByFilter" rc="200" rm="OK" tn="Grupo de Hilos 1-5" dt="text" by="65601"/>
<httpSample t="9" lt="8" ts="1282653745015" s="true" lb="/iceweb/js/jquery-1.4.js;jsessionid=7C1B32529F00FF74DE79911BBC899F36" rc="200" rm="OK" tn="Grupo de Hilos 1-2" dt="text" by="158407"/>
<httpSample t="3" lt="2" ts="1282653745025" s="true" lb="/iceweb/js/OpenLayersExt.js;jsessionid=7C1B32529F00FF74DE79911BBC899F36" rc="200" rm="OK" tn="Grupo de Hilos 1-2" dt="text" by="12330"/>
<httpSample t="14" lt="14" ts="1282653745028" s="true" lb="/iceweb/js/json.js;jsessionid=7C1B32529F00FF74DE79911BBC899F36" rc="200" rm="OK" tn="Grupo de Hilos 1-2" dt="text" by="7788"/>
<httpSample t="189" lt="0" ts="1282653744895" s="false" lb="/en-US/firefox/headlines.xml" rc="Non HTTP response code: java.net.ConnectException" rm="Non HTTP response message: Connection refused" tn="Grupo de Hilos 1-4" dt="text" by="1535"/>
<httpSample t="188" lt="0" ts="1282653744948" s="false" lb="/firefox/headlines.xml" rc="Non HTTP response code: java.net.ConnectException" rm="Non HTTP response message: Connection refused" tn="Grupo de Hilos 1-3" dt="text" by="1535"/>
<httpSample t="52" lt="0" ts="1282653745137" s="false" lb="/rss/newsonline_world_edition/front_page/rss.xml" rc="Non HTTP response code: java.net.ConnectException" rm="Non HTTP response message: Connection refused" tn="Grupo de Hilos 1-3" dt="text" by="1535"/>
<httpSample t="190" lt="0" ts="1282653745021" s="false" lb="/en-US/firefox/headlines.xml" rc="Non HTTP response code: java.net.ConnectException" rm="Non HTTP response message: Connection refused" tn="Grupo de Hilos 1-5" dt="text" by="1535"/>
<httpSample t="52" lt="0" ts="1282653745191" s="false" lb="/news/rss.xml" rc="Non HTTP response code: java.net.ConnectException" rm="Non HTTP response message: Connection refused" tn="Grupo de Hilos 1-3" dt="text" by="1535"/>
<httpSample t="12" lt="1" ts="1282653745245" s="true" lb="/iceweb" rc="200" rm="OK" tn="Grupo de Hilos 1-3" dt="text" by="8397">
  <httpSample t="1" lt="1" ts="1282653745245" s="true" lb="http://localhost:8080/iceweb" rc="302" rm="Movido temporálmente" tn="" dt="" by="0"/>
  <httpSample t="11" lt="10" ts="1282653745246" s="true" lb="http://localhost:8080/iceweb/" rc="200" rm="OK" tn="Grupo de Hilos 1-3" dt="text" by="8397"/>
</httpSample>
<httpSample t="189" lt="0" ts="1282653745086" s="false" lb="/firefox/headlines.xml" rc="Non HTTP response code: java.net.ConnectException" rm="Non HTTP response message: Connection refused" tn="Grupo de Hilos 1-4" dt="text" by="1535"/>
<httpSample t="18" lt="18" ts="1282653745258" s="true" lb="/iceweb/" rc="200" rm="OK" tn="Grupo de Hilos 1-3" dt="text" by="8397"/>
<httpSample t="2" lt="2" ts="1282653745278" s="true" lb="/iceweb/styles/style.css;jsessionid=7C1B32529F00FF74DE79911BBC899F36" rc="200" rm="OK" tn="Grupo de Hilos 1-3" dt="text" by="2588"/>
<httpSample t="2" lt="2" ts="1282653745281" s="true" lb="/iceweb/js/flexigrid/css/flexigrid/flexigrid.css;jsessionid=7C1B32529F00FF74DE79911BBC899F36" rc="200" rm="OK" tn="Grupo de Hilos 1-3" dt="text" by="13979"/>
<httpSample t="3" lt="3" ts="1282653745284" s="true" lb="/iceweb/js/ajax.js;jsessionid=7C1B32529F00FF74DE79911BBC899F36" rc="200" rm="OK" tn="Grupo de Hilos 1-3" dt="text" by="11865"/>
<httpSample t="2" lt="2" ts="1282653745288" s="true" lb="/iceweb/js/common.js;jsessionid=7C1B32529F00FF74DE79911BBC899F36" rc="200" rm="OK" tn="Grupo de Hilos 1-3" dt="text" by="1161"/>
<httpSample t="3" lt="3" ts="1282653745290" s="true" lb="/iceweb/js/flexigrid/CentroPagedGrid.js;jsessionid=7C1B32529F00FF74DE79911BBC899F36" rc="200" rm="OK" tn="Grupo de Hilos 1-3" dt="text" by="42362"/>
<httpSample t="7" lt="7" ts="1282653745294" s="true" lb="/iceweb/js/jquery-1.4.js;jsessionid=7C1B32529F00FF74DE79911BBC899F36" rc="200" rm="OK" tn="Grupo de Hilos 1-3" dt="text" by="158407"/>
<httpSample t="3" lt="2" ts="1282653745302" s="true" lb="/iceweb/js/OpenLayersExt.js;jsessionid=7C1B32529F00FF74DE79911BBC899F36" rc="200" rm="OK" tn="Grupo de Hilos 1-3" dt="text" by="12330"/>
<httpSample t="3" lt="3" ts="1282653745305" s="true" lb="/iceweb/js/json.js;jsessionid=7C1B32529F00FF74DE79911BBC899F36" rc="200" rm="OK" tn="Grupo de Hilos 1-3" dt="text" by="7788"/>
<httpSample t="53" lt="0" ts="1282653745278" s="false" lb="/rss/newsonline_world_edition/front_page/rss.xml" rc="Non HTTP response code: java.net.ConnectException" rm="Non HTTP response message: Connection refused" tn="Grupo de Hilos 1-4" dt="text" by="1535"/>
<httpSample t="52" lt="0" ts="1282653745335" s="false" lb="/news/rss.xml" rc="Non HTTP response code: java.net.ConnectException" rm="Non HTTP response message: Connection refused" tn="Grupo de Hilos 1-4" dt="text" by="1535"/>
<httpSample t="189" lt="0" ts="1282653745213" s="false" lb="/firefox/headlines.xml" rc="Non HTTP response code: java.net.ConnectException" rm="Non HTTP response message: Connection refused" tn="Grupo de Hilos 1-5" dt="text" by="1535"/>
<httpSample t="23" lt="1" ts="1282653745389" s="true" lb="/iceweb" rc="200" rm="OK" tn="Grupo de Hilos 1-4" dt="text" by="8397">
  <httpSample t="1" lt="1" ts="1282653745389" s="true" lb="http://localhost:8080/iceweb" rc="302" rm="Movido temporálmente" tn="" dt="" by="0"/>
  <httpSample t="22" lt="22" ts="1282653745390" s="true" lb="http://localhost:8080/iceweb/" rc="200" rm="OK" tn="Grupo de Hilos 1-4" dt="text" by="8397"/>
</httpSample>
<httpSample t="11" lt="11" ts="1282653745413" s="true" lb="/iceweb/" rc="200" rm="OK" tn="Grupo de Hilos 1-4" dt="text" by="8397"/>
<httpSample t="3" lt="3" ts="1282653745425" s="true" lb="/iceweb/styles/style.css;jsessionid=7C1B32529F00FF74DE79911BBC899F36" rc="200" rm="OK" tn="Grupo de Hilos 1-4" dt="text" by="2588"/>
<httpSample t="2" lt="2" ts="1282653745429" s="true" lb="/iceweb/js/flexigrid/css/flexigrid/flexigrid.css;jsessionid=7C1B32529F00FF74DE79911BBC899F36" rc="200" rm="OK" tn="Grupo de Hilos 1-4" dt="text" by="13979"/>
<httpSample t="2" lt="2" ts="1282653745432" s="true" lb="/iceweb/js/ajax.js;jsessionid=7C1B32529F00FF74DE79911BBC899F36" rc="200" rm="OK" tn="Grupo de Hilos 1-4" dt="text" by="11865"/>
<httpSample t="2" lt="2" ts="1282653745435" s="true" lb="/iceweb/js/common.js;jsessionid=7C1B32529F00FF74DE79911BBC899F36" rc="200" rm="OK" tn="Grupo de Hilos 1-4" dt="text" by="1161"/>
<httpSample t="2" lt="2" ts="1282653745438" s="true" lb="/iceweb/js/flexigrid/CentroPagedGrid.js;jsessionid=7C1B32529F00FF74DE79911BBC899F36" rc="200" rm="OK" tn="Grupo de Hilos 1-4" dt="text" by="42362"/>
<httpSample t="4" lt="3" ts="1282653745441" s="true" lb="/iceweb/js/jquery-1.4.js;jsessionid=7C1B32529F00FF74DE79911BBC899F36" rc="200" rm="OK" tn="Grupo de Hilos 1-4" dt="text" by="158407"/>
<httpSample t="2" lt="2" ts="1282653745446" s="true" lb="/iceweb/js/OpenLayersExt.js;jsessionid=7C1B32529F00FF74DE79911BBC899F36" rc="200" rm="OK" tn="Grupo de Hilos 1-4" dt="text" by="12330"/>
<httpSample t="2" lt="2" ts="1282653745449" s="true" lb="/iceweb/js/json.js;jsessionid=7C1B32529F00FF74DE79911BBC899F36" rc="200" rm="OK" tn="Grupo de Hilos 1-4" dt="text" by="7788"/>
<httpSample t="56" lt="0" ts="1282653745403" s="false" lb="/rss/newsonline_world_edition/front_page/rss.xml" rc="Non HTTP response code: java.net.ConnectException" rm="Non HTTP response message: Connection refused" tn="Grupo de Hilos 1-5" dt="text" by="1535"/>
<httpSample t="58" lt="0" ts="1282653745461" s="false" lb="/news/rss.xml" rc="Non HTTP response code: java.net.ConnectException" rm="Non HTTP response message: Connection refused" tn="Grupo de Hilos 1-5" dt="text" by="1535"/>
<httpSample t="39" lt="2" ts="1282653745526" s="true" lb="/iceweb" rc="200" rm="OK" tn="Grupo de Hilos 1-5" dt="text" by="8397">
  <httpSample t="2" lt="2" ts="1282653745526" s="true" lb="http://localhost:8080/iceweb" rc="302" rm="Movido temporálmente" tn="" dt="" by="0"/>
  <httpSample t="37" lt="37" ts="1282653745528" s="true" lb="http://localhost:8080/iceweb/" rc="200" rm="OK" tn="Grupo de Hilos 1-5" dt="text" by="8397"/>
</httpSample>
<httpSample t="12" lt="12" ts="1282653745566" s="true" lb="/iceweb/" rc="200" rm="OK" tn="Grupo de Hilos 1-5" dt="text" by="8397"/>
<httpSample t="3" lt="3" ts="1282653745579" s="true" lb="/iceweb/styles/style.css;jsessionid=7C1B32529F00FF74DE79911BBC899F36" rc="200" rm="OK" tn="Grupo de Hilos 1-5" dt="text" by="2588"/>
<httpSample t="2" lt="2" ts="1282653745583" s="true" lb="/iceweb/js/flexigrid/css/flexigrid/flexigrid.css;jsessionid=7C1B32529F00FF74DE79911BBC899F36" rc="200" rm="OK" tn="Grupo de Hilos 1-5" dt="text" by="13979"/>
<httpSample t="3" lt="3" ts="1282653745586" s="true" lb="/iceweb/js/ajax.js;jsessionid=7C1B32529F00FF74DE79911BBC899F36" rc="200" rm="OK" tn="Grupo de Hilos 1-5" dt="text" by="11865"/>
<httpSample t="3" lt="2" ts="1282653745590" s="true" lb="/iceweb/js/common.js;jsessionid=7C1B32529F00FF74DE79911BBC899F36" rc="200" rm="OK" tn="Grupo de Hilos 1-5" dt="text" by="1161"/>
<httpSample t="3" lt="3" ts="1282653745593" s="true" lb="/iceweb/js/flexigrid/CentroPagedGrid.js;jsessionid=7C1B32529F00FF74DE79911BBC899F36" rc="200" rm="OK" tn="Grupo de Hilos 1-5" dt="text" by="42362"/>
<httpSample t="3" lt="3" ts="1282653745597" s="true" lb="/iceweb/js/jquery-1.4.js;jsessionid=7C1B32529F00FF74DE79911BBC899F36" rc="200" rm="OK" tn="Grupo de Hilos 1-5" dt="text" by="158407"/>
<httpSample t="3" lt="3" ts="1282653745601" s="true" lb="/iceweb/js/OpenLayersExt.js;jsessionid=7C1B32529F00FF74DE79911BBC899F36" rc="200" rm="OK" tn="Grupo de Hilos 1-5" dt="text" by="12330"/>
<httpSample t="2" lt="2" ts="1282653745605" s="true" lb="/iceweb/js/json.js;jsessionid=7C1B32529F00FF74DE79911BBC899F36" rc="200" rm="OK" tn="Grupo de Hilos 1-5" dt="text" by="7788"/>
<httpSample t="21017" lt="0" ts="1282653744545" s="false" lb="/maps" rc="Non HTTP response code: java.net.ConnectException" rm="Non HTTP response message: Connection timed out" tn="Grupo de Hilos 1-1" dt="text" by="1537"/>
<httpSample t="10" lt="5" ts="1282653765564" s="true" lb="/iceweb/js/OpenLayers/OpenLayers.js;jsessionid=7C1B32529F00FF74DE79911BBC899F36" rc="200" rm="OK" tn="Grupo de Hilos 1-1" dt="text" by="711799"/>
<httpSample t="20999" lt="0" ts="1282653745043" s="false" lb="/maps" rc="Non HTTP response code: java.net.ConnectException" rm="Non HTTP response message: Connection timed out" tn="Grupo de Hilos 1-2" dt="text" by="1537"/>
<httpSample t="34" lt="6" ts="1282653766044" s="true" lb="/iceweb/js/OpenLayers/OpenLayers.js;jsessionid=7C1B32529F00FF74DE79911BBC899F36" rc="200" rm="OK" tn="Grupo de Hilos 1-2" dt="text" by="711799"/>
<httpSample t="20998" lt="0" ts="1282653745308" s="false" lb="/maps" rc="Non HTTP response code: java.net.ConnectException" rm="Non HTTP response message: Connection timed out" tn="Grupo de Hilos 1-3" dt="text" by="1537"/>
<httpSample t="7" lt="3" ts="1282653766308" s="true" lb="/iceweb/js/OpenLayers/OpenLayers.js;jsessionid=7C1B32529F00FF74DE79911BBC899F36" rc="200" rm="OK" tn="Grupo de Hilos 1-3" dt="text" by="711799"/>
<httpSample t="20999" lt="0" ts="1282653745452" s="false" lb="/maps" rc="Non HTTP response code: java.net.ConnectException" rm="Non HTTP response message: Connection timed out" tn="Grupo de Hilos 1-4" dt="text" by="1537"/>
<httpSample t="13" lt="5" ts="1282653766453" s="true" lb="/iceweb/js/OpenLayers/OpenLayers.js;jsessionid=7C1B32529F00FF74DE79911BBC899F36" rc="200" rm="OK" tn="Grupo de Hilos 1-4" dt="text" by="711799"/>
<httpSample t="20999" lt="0" ts="1282653745608" s="false" lb="/maps" rc="Non HTTP response code: java.net.ConnectException" rm="Non HTTP response message: Connection timed out" tn="Grupo de Hilos 1-5" dt="text" by="1537"/>
<httpSample t="11" lt="5" ts="1282653766608" s="true" lb="/iceweb/js/OpenLayers/OpenLayers.js;jsessionid=7C1B32529F00FF74DE79911BBC899F36" rc="200" rm="OK" tn="Grupo de Hilos 1-5" dt="text" by="711799"/>
<httpSample t="21011" lt="0" ts="1282653765575" s="false" lb="/intl/es_ALL/mapfiles/260d/maps2.api/mod_stats.js" rc="Non HTTP response code: java.net.ConnectException" rm="Non HTTP response message: Connection timed out" tn="Grupo de Hilos 1-1" dt="text" by="1537"/>
<httpSample t="5" lt="5" ts="1282653786588" s="false" lb="/iceweb/styles/img/south-mini.png" rc="404" rm="/iceweb/styles/img/south-mini.png" tn="Grupo de Hilos 1-1" dt="text" by="1059"/>
<httpSample t="4" lt="4" ts="1282653786594" s="false" lb="/iceweb/style.css" rc="404" rm="/iceweb/style.css" tn="Grupo de Hilos 1-1" dt="text" by="1011"/>
<httpSample t="5" lt="5" ts="1282653786599" s="false" lb="/iceweb/img/north-mini.png" rc="404" rm="/iceweb/img/north-mini.png" tn="Grupo de Hilos 1-1" dt="text" by="1038"/>
<httpSample t="4" lt="4" ts="1282653786605" s="false" lb="/iceweb/img/east-mini.png" rc="404" rm="/iceweb/img/east-mini.png" tn="Grupo de Hilos 1-1" dt="text" by="1035"/>
<httpSample t="2" lt="2" ts="1282653786610" s="false" lb="/iceweb/img/south-mini.png" rc="404" rm="/iceweb/img/south-mini.png" tn="Grupo de Hilos 1-1" dt="text" by="1038"/>
<httpSample t="3" lt="3" ts="1282653786613" s="false" lb="/iceweb/img/zoom-plus-mini.png" rc="404" rm="/iceweb/img/zoom-plus-mini.png" tn="Grupo de Hilos 1-1" dt="text" by="1050"/>
<httpSample t="3" lt="3" ts="1282653786617" s="false" lb="/iceweb/img/zoom-world-mini.png" rc="404" rm="/iceweb/img/zoom-world-mini.png" tn="Grupo de Hilos 1-1" dt="text" by="1053"/>
<httpSample t="2" lt="2" ts="1282653786622" s="false" lb="/iceweb/img/west-mini.png" rc="404" rm="/iceweb/img/west-mini.png" tn="Grupo de Hilos 1-1" dt="text" by="1035"/>
<httpSample t="3" lt="3" ts="1282653786625" s="false" lb="/iceweb/img/zoom-minus-mini.png" rc="404" rm="/iceweb/img/zoom-minus-mini.png" tn="Grupo de Hilos 1-1" dt="text" by="1053"/>
<httpSample t="2" lt="2" ts="1282653786629" s="false" lb="/iceweb/img/layer-switcher-minimize.png" rc="404" rm="/iceweb/img/layer-switcher-minimize.png" tn="Grupo de Hilos 1-1" dt="text" by="1077"/>
<httpSample t="3" lt="3" ts="1282653786632" s="false" lb="/iceweb/img/layer-switcher-maximize.png" rc="404" rm="/iceweb/img/layer-switcher-maximize.png" tn="Grupo de Hilos 1-1" dt="text" by="1077"/>
<httpSample t="14" lt="14" ts="1282653786639" s="true" lb="/iceweb/restful/Centro/findPagedByVentanaAndFilter" rc="200" rm="OK" tn="Grupo de Hilos 1-1" dt="text" by="11479"/>
<httpSample t="111" lt="105" ts="1282653786654" s="true" lb="/iceweb/restful/Centro/findMarcasCuadriculaByFilter" rc="200" rm="OK" tn="Grupo de Hilos 1-1" dt="text" by="64084"/>
<httpSample t="82" lt="77" ts="1282653786766" s="true" lb="/iceweb/restful/Centro/findMarcasCuadriculaByFilter" rc="200" rm="OK" tn="Grupo de Hilos 1-1" dt="text" by="86966"/>
<httpSample t="15" lt="15" ts="1282653786849" s="true" lb="/iceweb/restful/Centro/findPagedByVentanaAndFilter" rc="200" rm="OK" tn="Grupo de Hilos 1-1" dt="text" by="12174"/>
<httpSample t="14" lt="13" ts="1282653786865" s="true" lb="/iceweb/restful/Centro/findPagedByVentanaAndFilter" rc="200" rm="OK" tn="Grupo de Hilos 1-1" dt="text" by="11851"/>
<httpSample t="14" lt="13" ts="1282653786880" s="true" lb="/iceweb/restful/Centro/findPagedByVentanaAndFilter" rc="200" rm="OK" tn="Grupo de Hilos 1-1" dt="text" by="13604"/>
<httpSample t="15" lt="15" ts="1282653786895" s="true" lb="/iceweb/restful/Centro/findPagedByVentanaAndFilter" rc="200" rm="OK" tn="Grupo de Hilos 1-1" dt="text" by="14056"/>
<httpSample t="16" lt="16" ts="1282653786911" s="true" lb="/iceweb/centroDetalle" rc="200" rm="OK" tn="Grupo de Hilos 1-1" dt="text" by="4200"/>
<httpSample t="20999" lt="0" ts="1282653766079" s="false" lb="/intl/es_ALL/mapfiles/260d/maps2.api/mod_stats.js" rc="Non HTTP response code: java.net.ConnectException" rm="Non HTTP response message: Connection timed out" tn="Grupo de Hilos 1-2" dt="text" by="1537"/>
<httpSample t="3" lt="3" ts="1282653787080" s="false" lb="/iceweb/styles/img/south-mini.png" rc="404" rm="/iceweb/styles/img/south-mini.png" tn="Grupo de Hilos 1-2" dt="text" by="1059"/>
<httpSample t="2" lt="2" ts="1282653787085" s="false" lb="/iceweb/style.css" rc="404" rm="/iceweb/style.css" tn="Grupo de Hilos 1-2" dt="text" by="1011"/>
<httpSample t="2" lt="2" ts="1282653787088" s="false" lb="/iceweb/img/north-mini.png" rc="404" rm="/iceweb/img/north-mini.png" tn="Grupo de Hilos 1-2" dt="text" by="1038"/>
<httpSample t="3" lt="3" ts="1282653787091" s="false" lb="/iceweb/img/east-mini.png" rc="404" rm="/iceweb/img/east-mini.png" tn="Grupo de Hilos 1-2" dt="text" by="1035"/>
<httpSample t="2" lt="2" ts="1282653787096" s="false" lb="/iceweb/img/south-mini.png" rc="404" rm="/iceweb/img/south-mini.png" tn="Grupo de Hilos 1-2" dt="text" by="1038"/>
<httpSample t="3" lt="3" ts="1282653787099" s="false" lb="/iceweb/img/zoom-plus-mini.png" rc="404" rm="/iceweb/img/zoom-plus-mini.png" tn="Grupo de Hilos 1-2" dt="text" by="1050"/>
<httpSample t="3" lt="3" ts="1282653787103" s="false" lb="/iceweb/img/zoom-world-mini.png" rc="404" rm="/iceweb/img/zoom-world-mini.png" tn="Grupo de Hilos 1-2" dt="text" by="1053"/>
<httpSample t="3" lt="3" ts="1282653787107" s="false" lb="/iceweb/img/west-mini.png" rc="404" rm="/iceweb/img/west-mini.png" tn="Grupo de Hilos 1-2" dt="text" by="1035"/>
<httpSample t="3" lt="3" ts="1282653787111" s="false" lb="/iceweb/img/zoom-minus-mini.png" rc="404" rm="/iceweb/img/zoom-minus-mini.png" tn="Grupo de Hilos 1-2" dt="text" by="1053"/>
<httpSample t="2" lt="2" ts="1282653787115" s="false" lb="/iceweb/img/layer-switcher-minimize.png" rc="404" rm="/iceweb/img/layer-switcher-minimize.png" tn="Grupo de Hilos 1-2" dt="text" by="1077"/>
<httpSample t="3" lt="3" ts="1282653787119" s="false" lb="/iceweb/img/layer-switcher-maximize.png" rc="404" rm="/iceweb/img/layer-switcher-maximize.png" tn="Grupo de Hilos 1-2" dt="text" by="1077"/>
<httpSample t="23" lt="22" ts="1282653787123" s="true" lb="/iceweb/restful/Centro/findPagedByVentanaAndFilter" rc="200" rm="OK" tn="Grupo de Hilos 1-2" dt="text" by="11479"/>
<httpSample t="61" lt="60" ts="1282653787147" s="true" lb="/iceweb/restful/Centro/findMarcasCuadriculaByFilter" rc="200" rm="OK" tn="Grupo de Hilos 1-2" dt="text" by="64084"/>
<httpSample t="98" lt="89" ts="1282653787209" s="true" lb="/iceweb/restful/Centro/findMarcasCuadriculaByFilter" rc="200" rm="OK" tn="Grupo de Hilos 1-2" dt="text" by="86966"/>
<httpSample t="20999" lt="0" ts="1282653766316" s="false" lb="/intl/es_ALL/mapfiles/260d/maps2.api/mod_stats.js" rc="Non HTTP response code: java.net.ConnectException" rm="Non HTTP response message: Connection timed out" tn="Grupo de Hilos 1-3" dt="text" by="1537"/>
<httpSample t="4" lt="4" ts="1282653787316" s="false" lb="/iceweb/styles/img/south-mini.png" rc="404" rm="/iceweb/styles/img/south-mini.png" tn="Grupo de Hilos 1-3" dt="text" by="1059"/>
<httpSample t="2" lt="2" ts="1282653787322" s="false" lb="/iceweb/style.css" rc="404" rm="/iceweb/style.css" tn="Grupo de Hilos 1-3" dt="text" by="1011"/>
<httpSample t="20" lt="19" ts="1282653787308" s="true" lb="/iceweb/restful/Centro/findPagedByVentanaAndFilter" rc="200" rm="OK" tn="Grupo de Hilos 1-2" dt="text" by="12174"/>
<httpSample t="2" lt="2" ts="1282653787326" s="false" lb="/iceweb/img/north-mini.png" rc="404" rm="/iceweb/img/north-mini.png" tn="Grupo de Hilos 1-3" dt="text" by="1038"/>
<httpSample t="19" lt="19" ts="1282653787329" s="false" lb="/iceweb/img/east-mini.png" rc="404" rm="/iceweb/img/east-mini.png" tn="Grupo de Hilos 1-3" dt="text" by="1035"/>
<httpSample t="5" lt="5" ts="1282653787349" s="false" lb="/iceweb/img/south-mini.png" rc="404" rm="/iceweb/img/south-mini.png" tn="Grupo de Hilos 1-3" dt="text" by="1038"/>
<httpSample t="2" lt="2" ts="1282653787356" s="false" lb="/iceweb/img/zoom-plus-mini.png" rc="404" rm="/iceweb/img/zoom-plus-mini.png" tn="Grupo de Hilos 1-3" dt="text" by="1050"/>
<httpSample t="31" lt="31" ts="1282653787329" s="true" lb="/iceweb/restful/Centro/findPagedByVentanaAndFilter" rc="200" rm="OK" tn="Grupo de Hilos 1-2" dt="text" by="11851"/>
<httpSample t="3" lt="3" ts="1282653787362" s="false" lb="/iceweb/img/zoom-world-mini.png" rc="404" rm="/iceweb/img/zoom-world-mini.png" tn="Grupo de Hilos 1-3" dt="text" by="1053"/>
<httpSample t="3" lt="3" ts="1282653787366" s="false" lb="/iceweb/img/west-mini.png" rc="404" rm="/iceweb/img/west-mini.png" tn="Grupo de Hilos 1-3" dt="text" by="1035"/>
<httpSample t="3" lt="3" ts="1282653787370" s="false" lb="/iceweb/img/zoom-minus-mini.png" rc="404" rm="/iceweb/img/zoom-minus-mini.png" tn="Grupo de Hilos 1-3" dt="text" by="1053"/>
<httpSample t="4" lt="4" ts="1282653787375" s="false" lb="/iceweb/img/layer-switcher-minimize.png" rc="404" rm="/iceweb/img/layer-switcher-minimize.png" tn="Grupo de Hilos 1-3" dt="text" by="1077"/>
<httpSample t="19" lt="19" ts="1282653787361" s="true" lb="/iceweb/restful/Centro/findPagedByVentanaAndFilter" rc="200" rm="OK" tn="Grupo de Hilos 1-2" dt="text" by="13604"/>
<httpSample t="5" lt="5" ts="1282653787381" s="false" lb="/iceweb/img/layer-switcher-maximize.png" rc="404" rm="/iceweb/img/layer-switcher-maximize.png" tn="Grupo de Hilos 1-3" dt="text" by="1077"/>
<httpSample t="17" lt="16" ts="1282653787381" s="true" lb="/iceweb/restful/Centro/findPagedByVentanaAndFilter" rc="200" rm="OK" tn="Grupo de Hilos 1-2" dt="text" by="14056"/>
<httpSample t="39" lt="39" ts="1282653787387" s="true" lb="/iceweb/restful/Centro/findPagedByVentanaAndFilter" rc="200" rm="OK" tn="Grupo de Hilos 1-3" dt="text" by="11479"/>
<httpSample t="34" lt="34" ts="1282653787399" s="true" lb="/iceweb/centroDetalle" rc="200" rm="OK" tn="Grupo de Hilos 1-2" dt="text" by="4200"/>
<httpSample t="20999" lt="0" ts="1282653766467" s="false" lb="/intl/es_ALL/mapfiles/260d/maps2.api/mod_stats.js" rc="Non HTTP response code: java.net.ConnectException" rm="Non HTTP response message: Connection timed out" tn="Grupo de Hilos 1-4" dt="text" by="1537"/>
<httpSample t="2" lt="2" ts="1282653787471" s="false" lb="/iceweb/styles/img/south-mini.png" rc="404" rm="/iceweb/styles/img/south-mini.png" tn="Grupo de Hilos 1-4" dt="text" by="1059"/>
<httpSample t="3" lt="3" ts="1282653787475" s="false" lb="/iceweb/style.css" rc="404" rm="/iceweb/style.css" tn="Grupo de Hilos 1-4" dt="text" by="1011"/>
<httpSample t="26" lt="26" ts="1282653787479" s="false" lb="/iceweb/img/north-mini.png" rc="404" rm="/iceweb/img/north-mini.png" tn="Grupo de Hilos 1-4" dt="text" by="1038"/>
<httpSample t="9" lt="9" ts="1282653787507" s="false" lb="/iceweb/img/east-mini.png" rc="404" rm="/iceweb/img/east-mini.png" tn="Grupo de Hilos 1-4" dt="text" by="1035"/>
<httpSample t="2" lt="2" ts="1282653787517" s="false" lb="/iceweb/img/south-mini.png" rc="404" rm="/iceweb/img/south-mini.png" tn="Grupo de Hilos 1-4" dt="text" by="1038"/>
<httpSample t="94" lt="87" ts="1282653787427" s="true" lb="/iceweb/restful/Centro/findMarcasCuadriculaByFilter" rc="200" rm="OK" tn="Grupo de Hilos 1-3" dt="text" by="64084"/>
<httpSample t="5" lt="5" ts="1282653787521" s="false" lb="/iceweb/img/zoom-plus-mini.png" rc="404" rm="/iceweb/img/zoom-plus-mini.png" tn="Grupo de Hilos 1-4" dt="text" by="1050"/>
<httpSample t="18" lt="18" ts="1282653787527" s="false" lb="/iceweb/img/zoom-world-mini.png" rc="404" rm="/iceweb/img/zoom-world-mini.png" tn="Grupo de Hilos 1-4" dt="text" by="1053"/>
<httpSample t="69" lt="69" ts="1282653787547" s="false" lb="/iceweb/img/west-mini.png" rc="404" rm="/iceweb/img/west-mini.png" tn="Grupo de Hilos 1-4" dt="text" by="1035"/>
<httpSample t="20998" lt="0" ts="1282653766620" s="false" lb="/intl/es_ALL/mapfiles/260d/maps2.api/mod_stats.js" rc="Non HTTP response code: java.net.ConnectException" rm="Non HTTP response message: Connection timed out" tn="Grupo de Hilos 1-5" dt="text" by="1537"/>
<httpSample t="101" lt="90" ts="1282653787522" s="true" lb="/iceweb/restful/Centro/findMarcasCuadriculaByFilter" rc="200" rm="OK" tn="Grupo de Hilos 1-3" dt="text" by="86966"/>
<httpSample t="6" lt="6" ts="1282653787617" s="false" lb="/iceweb/img/zoom-minus-mini.png" rc="404" rm="/iceweb/img/zoom-minus-mini.png" tn="Grupo de Hilos 1-4" dt="text" by="1053"/>
<httpSample t="13" lt="13" ts="1282653787619" s="false" lb="/iceweb/styles/img/south-mini.png" rc="404" rm="/iceweb/styles/img/south-mini.png" tn="Grupo de Hilos 1-5" dt="text" by="1059"/>
<httpSample t="9" lt="9" ts="1282653787625" s="false" lb="/iceweb/img/layer-switcher-minimize.png" rc="404" rm="/iceweb/img/layer-switcher-minimize.png" tn="Grupo de Hilos 1-4" dt="text" by="1077"/>
<httpSample t="8" lt="8" ts="1282653787633" s="false" lb="/iceweb/style.css" rc="404" rm="/iceweb/style.css" tn="Grupo de Hilos 1-5" dt="text" by="1011"/>
<httpSample t="7" lt="7" ts="1282653787636" s="false" lb="/iceweb/img/layer-switcher-maximize.png" rc="404" rm="/iceweb/img/layer-switcher-maximize.png" tn="Grupo de Hilos 1-4" dt="text" by="1077"/>
<httpSample t="9" lt="9" ts="1282653787642" s="false" lb="/iceweb/img/north-mini.png" rc="404" rm="/iceweb/img/north-mini.png" tn="Grupo de Hilos 1-5" dt="text" by="1038"/>
<httpSample t="36" lt="36" ts="1282653787624" s="true" lb="/iceweb/restful/Centro/findPagedByVentanaAndFilter" rc="200" rm="OK" tn="Grupo de Hilos 1-3" dt="text" by="12174"/>
<httpSample t="18" lt="18" ts="1282653787652" s="false" lb="/iceweb/img/east-mini.png" rc="404" rm="/iceweb/img/east-mini.png" tn="Grupo de Hilos 1-5" dt="text" by="1035"/>
<httpSample t="9" lt="9" ts="1282653787671" s="false" lb="/iceweb/img/south-mini.png" rc="404" rm="/iceweb/img/south-mini.png" tn="Grupo de Hilos 1-5" dt="text" by="1038"/>
<httpSample t="39" lt="39" ts="1282653787645" s="true" lb="/iceweb/restful/Centro/findPagedByVentanaAndFilter" rc="200" rm="OK" tn="Grupo de Hilos 1-4" dt="text" by="11479"/>
<httpSample t="6" lt="6" ts="1282653787682" s="false" lb="/iceweb/img/zoom-plus-mini.png" rc="404" rm="/iceweb/img/zoom-plus-mini.png" tn="Grupo de Hilos 1-5" dt="text" by="1050"/>
<httpSample t="4" lt="4" ts="1282653787689" s="false" lb="/iceweb/img/zoom-world-mini.png" rc="404" rm="/iceweb/img/zoom-world-mini.png" tn="Grupo de Hilos 1-5" dt="text" by="1053"/>
<httpSample t="9" lt="9" ts="1282653787694" s="false" lb="/iceweb/img/west-mini.png" rc="404" rm="/iceweb/img/west-mini.png" tn="Grupo de Hilos 1-5" dt="text" by="1035"/>
<httpSample t="43" lt="42" ts="1282653787661" s="true" lb="/iceweb/restful/Centro/findPagedByVentanaAndFilter" rc="200" rm="OK" tn="Grupo de Hilos 1-3" dt="text" by="11851"/>
<httpSample t="5" lt="5" ts="1282653787704" s="false" lb="/iceweb/img/zoom-minus-mini.png" rc="404" rm="/iceweb/img/zoom-minus-mini.png" tn="Grupo de Hilos 1-5" dt="text" by="1053"/>
<httpSample t="8" lt="8" ts="1282653787710" s="false" lb="/iceweb/img/layer-switcher-minimize.png" rc="404" rm="/iceweb/img/layer-switcher-minimize.png" tn="Grupo de Hilos 1-5" dt="text" by="1077"/>
<httpSample t="61" lt="61" ts="1282653787723" s="false" lb="/iceweb/img/layer-switcher-maximize.png" rc="404" rm="/iceweb/img/layer-switcher-maximize.png" tn="Grupo de Hilos 1-5" dt="text" by="1077"/>
<httpSample t="107" lt="95" ts="1282653787686" s="true" lb="/iceweb/restful/Centro/findMarcasCuadriculaByFilter" rc="200" rm="OK" tn="Grupo de Hilos 1-4" dt="text" by="64084"/>
<httpSample t="95" lt="95" ts="1282653787705" s="true" lb="/iceweb/restful/Centro/findPagedByVentanaAndFilter" rc="200" rm="OK" tn="Grupo de Hilos 1-3" dt="text" by="13604"/>
<httpSample t="37" lt="37" ts="1282653787785" s="true" lb="/iceweb/restful/Centro/findPagedByVentanaAndFilter" rc="200" rm="OK" tn="Grupo de Hilos 1-5" dt="text" by="11479"/>
<httpSample t="131" lt="124" ts="1282653787795" s="true" lb="/iceweb/restful/Centro/findMarcasCuadriculaByFilter" rc="200" rm="OK" tn="Grupo de Hilos 1-4" dt="text" by="86966"/>
<httpSample t="180" lt="180" ts="1282653787801" s="true" lb="/iceweb/restful/Centro/findPagedByVentanaAndFilter" rc="200" rm="OK" tn="Grupo de Hilos 1-3" dt="text" by="14056"/>
<httpSample t="161" lt="151" ts="1282653787824" s="true" lb="/iceweb/restful/Centro/findMarcasCuadriculaByFilter" rc="200" rm="OK" tn="Grupo de Hilos 1-5" dt="text" by="64084"/>
<httpSample t="31" lt="31" ts="1282653787982" s="true" lb="/iceweb/centroDetalle" rc="200" rm="OK" tn="Grupo de Hilos 1-3" dt="text" by="4200"/>
<httpSample t="88" lt="88" ts="1282653787927" s="true" lb="/iceweb/restful/Centro/findPagedByVentanaAndFilter" rc="200" rm="OK" tn="Grupo de Hilos 1-4" dt="text" by="12174"/>
<httpSample t="92" lt="92" ts="1282653788016" s="true" lb="/iceweb/restful/Centro/findPagedByVentanaAndFilter" rc="200" rm="OK" tn="Grupo de Hilos 1-4" dt="text" by="11851"/>
<httpSample t="136" lt="119" ts="1282653787987" s="true" lb="/iceweb/restful/Centro/findMarcasCuadriculaByFilter" rc="200" rm="OK" tn="Grupo de Hilos 1-5" dt="text" by="86966"/>
<httpSample t="34" lt="33" ts="1282653788109" s="true" lb="/iceweb/restful/Centro/findPagedByVentanaAndFilter" rc="200" rm="OK" tn="Grupo de Hilos 1-4" dt="text" by="13604"/>
<httpSample t="31" lt="30" ts="1282653788124" s="true" lb="/iceweb/restful/Centro/findPagedByVentanaAndFilter" rc="200" rm="OK" tn="Grupo de Hilos 1-5" dt="text" by="12174"/>
<httpSample t="23" lt="23" ts="1282653788144" s="true" lb="/iceweb/restful/Centro/findPagedByVentanaAndFilter" rc="200" rm="OK" tn="Grupo de Hilos 1-4" dt="text" by="14056"/>
<httpSample t="21" lt="21" ts="1282653788156" s="true" lb="/iceweb/restful/Centro/findPagedByVentanaAndFilter" rc="200" rm="OK" tn="Grupo de Hilos 1-5" dt="text" by="11851"/>
<httpSample t="41" lt="41" ts="1282653788168" s="true" lb="/iceweb/centroDetalle" rc="200" rm="OK" tn="Grupo de Hilos 1-4" dt="text" by="4200"/>
<httpSample t="34" lt="34" ts="1282653788178" s="true" lb="/iceweb/restful/Centro/findPagedByVentanaAndFilter" rc="200" rm="OK" tn="Grupo de Hilos 1-5" dt="text" by="13604"/>
<httpSample t="15" lt="14" ts="1282653788213" s="true" lb="/iceweb/restful/Centro/findPagedByVentanaAndFilter" rc="200" rm="OK" tn="Grupo de Hilos 1-5" dt="text" by="14056"/>
<httpSample t="31" lt="31" ts="1282653788229" s="true" lb="/iceweb/centroDetalle" rc="200" rm="OK" tn="Grupo de Hilos 1-5" dt="text" by="4200"/>
<httpSample t="21014" lt="0" ts="1282653786928" s="false" lb="/maps" rc="Non HTTP response code: java.net.ConnectException" rm="Non HTTP response message: Connection timed out" tn="Grupo de Hilos 1-1" dt="text" by="1537"/>
<httpSample t="8" lt="8" ts="1282653807943" s="true" lb="/iceweb/restful/Centro/46006574" rc="200" rm="OK" tn="Grupo de Hilos 1-1" dt="text" by="786"/>
<httpSample t="21000" lt="0" ts="1282653787434" s="false" lb="/maps" rc="Non HTTP response code: java.net.ConnectException" rm="Non HTTP response message: Connection timed out" tn="Grupo de Hilos 1-2" dt="text" by="1537"/>
<httpSample t="11" lt="11" ts="1282653808436" s="true" lb="/iceweb/restful/Centro/46006574" rc="200" rm="OK" tn="Grupo de Hilos 1-2" dt="text" by="786"/>
<httpSample t="21000" lt="0" ts="1282653788014" s="false" lb="/maps" rc="Non HTTP response code: java.net.ConnectException" rm="Non HTTP response message: Connection timed out" tn="Grupo de Hilos 1-3" dt="text" by="1537"/>
<httpSample t="12" lt="12" ts="1282653809015" s="true" lb="/iceweb/restful/Centro/46006574" rc="200" rm="OK" tn="Grupo de Hilos 1-3" dt="text" by="786"/>
<httpSample t="20996" lt="0" ts="1282653788210" s="false" lb="/maps" rc="Non HTTP response code: java.net.ConnectException" rm="Non HTTP response message: Connection timed out" tn="Grupo de Hilos 1-4" dt="text" by="1537"/>
<httpSample t="8" lt="8" ts="1282653809208" s="true" lb="/iceweb/restful/Centro/46006574" rc="200" rm="OK" tn="Grupo de Hilos 1-4" dt="text" by="786"/>
<httpSample t="20998" lt="0" ts="1282653788261" s="false" lb="/maps" rc="Non HTTP response code: java.net.ConnectException" rm="Non HTTP response message: Connection timed out" tn="Grupo de Hilos 1-5" dt="text" by="1537"/>
<httpSample t="12" lt="12" ts="1282653809261" s="true" lb="/iceweb/restful/Centro/46006574" rc="200" rm="OK" tn="Grupo de Hilos 1-5" dt="text" by="786"/>
<httpSample t="20998" lt="0" ts="1282653807952" s="false" lb="/maps" rc="Non HTTP response code: java.net.ConnectException" rm="Non HTTP response message: Connection timed out" tn="Grupo de Hilos 1-1" dt="text" by="1537"/>
<httpSample t="74" lt="23" ts="1282653828952" s="true" lb="/iceweb/centroLista" rc="200" rm="OK" tn="Grupo de Hilos 1-1" dt="text" by="653259"/>
<httpSample t="61" lt="56" ts="1282653829028" s="true" lb="/iceweb/restful/Centro/findMarcasCuadriculaByFilter" rc="200" rm="OK" tn="Grupo de Hilos 1-1" dt="text" by="65601"/>
<httpSample t="215" lt="0" ts="1282653829090" s="false" lb="/en-US/firefox/headlines.xml" rc="Non HTTP response code: java.net.ConnectException" rm="Non HTTP response message: Connection refused" tn="Grupo de Hilos 1-1" dt="text" by="1535"/>
<httpSample t="20998" lt="0" ts="1282653808448" s="false" lb="/maps" rc="Non HTTP response code: java.net.ConnectException" rm="Non HTTP response message: Connection timed out" tn="Grupo de Hilos 1-2" dt="text" by="1537"/>
<httpSample t="188" lt="0" ts="1282653829306" s="false" lb="/firefox/headlines.xml" rc="Non HTTP response code: java.net.ConnectException" rm="Non HTTP response message: Connection refused" tn="Grupo de Hilos 1-1" dt="text" by="1535"/>
<httpSample t="92" lt="33" ts="1282653829447" s="true" lb="/iceweb/centroLista" rc="200" rm="OK" tn="Grupo de Hilos 1-2" dt="text" by="653259"/>
<httpSample t="102" lt="61" ts="1282653829540" s="true" lb="/iceweb/restful/Centro/findMarcasCuadriculaByFilter" rc="200" rm="OK" tn="Grupo de Hilos 1-2" dt="text" by="65601"/>
<httpSample t="165" lt="0" ts="1282653829496" s="false" lb="/rss/newsonline_world_edition/front_page/rss.xml" rc="Non HTTP response code: java.net.ConnectException" rm="Non HTTP response message: Connection refused" tn="Grupo de Hilos 1-1" dt="text" by="1535"/>
<httpSample t="71" lt="0" ts="1282653829662" s="false" lb="/news/rss.xml" rc="Non HTTP response code: java.net.ConnectException" rm="Non HTTP response message: Connection refused" tn="Grupo de Hilos 1-1" dt="text" by="1535"/>
<httpSample t="15" lt="1" ts="1282653829735" s="true" lb="/iceweb" rc="200" rm="OK" tn="Grupo de Hilos 1-1" dt="text" by="8397">
  <httpSample t="1" lt="1" ts="1282653829735" s="true" lb="http://localhost:8080/iceweb" rc="302" rm="Movido temporálmente" tn="" dt="" by="0"/>
  <httpSample t="14" lt="14" ts="1282653829736" s="true" lb="http://localhost:8080/iceweb/" rc="200" rm="OK" tn="Grupo de Hilos 1-1" dt="text" by="8397"/>
</httpSample>
<httpSample t="11" lt="11" ts="1282653829751" s="true" lb="/iceweb/" rc="200" rm="OK" tn="Grupo de Hilos 1-1" dt="text" by="8397"/>
<httpSample t="3" lt="3" ts="1282653829763" s="true" lb="/iceweb/styles/style.css;jsessionid=7C1B32529F00FF74DE79911BBC899F36" rc="200" rm="OK" tn="Grupo de Hilos 1-1" dt="text" by="2588"/>
<httpSample t="3" lt="3" ts="1282653829766" s="true" lb="/iceweb/js/flexigrid/css/flexigrid/flexigrid.css;jsessionid=7C1B32529F00FF74DE79911BBC899F36" rc="200" rm="OK" tn="Grupo de Hilos 1-1" dt="text" by="13979"/>
<httpSample t="2" lt="2" ts="1282653829770" s="true" lb="/iceweb/js/ajax.js;jsessionid=7C1B32529F00FF74DE79911BBC899F36" rc="200" rm="OK" tn="Grupo de Hilos 1-1" dt="text" by="11865"/>
<httpSample t="3" lt="3" ts="1282653829773" s="true" lb="/iceweb/js/common.js;jsessionid=7C1B32529F00FF74DE79911BBC899F36" rc="200" rm="OK" tn="Grupo de Hilos 1-1" dt="text" by="1161"/>
<httpSample t="6" lt="6" ts="1282653829778" s="true" lb="/iceweb/js/flexigrid/CentroPagedGrid.js;jsessionid=7C1B32529F00FF74DE79911BBC899F36" rc="200" rm="OK" tn="Grupo de Hilos 1-1" dt="text" by="42362"/>
<httpSample t="6" lt="5" ts="1282653829785" s="true" lb="/iceweb/js/jquery-1.4.js;jsessionid=7C1B32529F00FF74DE79911BBC899F36" rc="200" rm="OK" tn="Grupo de Hilos 1-1" dt="text" by="158407"/>
<httpSample t="4" lt="4" ts="1282653829792" s="true" lb="/iceweb/js/OpenLayersExt.js;jsessionid=7C1B32529F00FF74DE79911BBC899F36" rc="200" rm="OK" tn="Grupo de Hilos 1-1" dt="text" by="12330"/>
<httpSample t="2" lt="2" ts="1282653829797" s="true" lb="/iceweb/js/json.js;jsessionid=7C1B32529F00FF74DE79911BBC899F36" rc="200" rm="OK" tn="Grupo de Hilos 1-1" dt="text" by="7788"/>
<httpSample t="188" lt="0" ts="1282653829643" s="false" lb="/en-US/firefox/headlines.xml" rc="Non HTTP response code: java.net.ConnectException" rm="Non HTTP response message: Connection refused" tn="Grupo de Hilos 1-2" dt="text" by="1535"/>
<httpSample t="191" lt="0" ts="1282653829833" s="false" lb="/firefox/headlines.xml" rc="Non HTTP response code: java.net.ConnectException" rm="Non HTTP response message: Connection refused" tn="Grupo de Hilos 1-2" dt="text" by="1535"/>
<httpSample t="20998" lt="0" ts="1282653809029" s="false" lb="/maps" rc="Non HTTP response code: java.net.ConnectException" rm="Non HTTP response message: Connection timed out" tn="Grupo de Hilos 1-3" dt="text" by="1537"/>
<httpSample t="51" lt="0" ts="1282653830026" s="false" lb="/rss/newsonline_world_edition/front_page/rss.xml" rc="Non HTTP response code: java.net.ConnectException" rm="Non HTTP response message: Connection refused" tn="Grupo de Hilos 1-2" dt="text" by="1535"/>
<httpSample t="63" lt="20" ts="1282653830029" s="true" lb="/iceweb/centroLista" rc="200" rm="OK" tn="Grupo de Hilos 1-3" dt="text" by="653259"/>
<httpSample t="52" lt="0" ts="1282653830079" s="false" lb="/news/rss.xml" rc="Non HTTP response code: java.net.ConnectException" rm="Non HTTP response message: Connection refused" tn="Grupo de Hilos 1-2" dt="text" by="1535"/>
<httpSample t="63" lt="57" ts="1282653830094" s="true" lb="/iceweb/restful/Centro/findMarcasCuadriculaByFilter" rc="200" rm="OK" tn="Grupo de Hilos 1-3" dt="text" by="65601"/>
<httpSample t="27" lt="1" ts="1282653830133" s="true" lb="/iceweb" rc="200" rm="OK" tn="Grupo de Hilos 1-2" dt="text" by="8397">
  <httpSample t="1" lt="1" ts="1282653830133" s="true" lb="http://localhost:8080/iceweb" rc="302" rm="Movido temporálmente" tn="" dt="" by="0"/>
  <httpSample t="26" lt="25" ts="1282653830134" s="true" lb="http://localhost:8080/iceweb/" rc="200" rm="OK" tn="Grupo de Hilos 1-2" dt="text" by="8397"/>
</httpSample>
<httpSample t="11" lt="11" ts="1282653830161" s="true" lb="/iceweb/" rc="200" rm="OK" tn="Grupo de Hilos 1-2" dt="text" by="8397"/>
<httpSample t="2" lt="2" ts="1282653830173" s="true" lb="/iceweb/styles/style.css;jsessionid=7C1B32529F00FF74DE79911BBC899F36" rc="200" rm="OK" tn="Grupo de Hilos 1-2" dt="text" by="2588"/>
<httpSample t="2" lt="2" ts="1282653830176" s="true" lb="/iceweb/js/flexigrid/css/flexigrid/flexigrid.css;jsessionid=7C1B32529F00FF74DE79911BBC899F36" rc="200" rm="OK" tn="Grupo de Hilos 1-2" dt="text" by="13979"/>
<httpSample t="2" lt="2" ts="1282653830179" s="true" lb="/iceweb/js/ajax.js;jsessionid=7C1B32529F00FF74DE79911BBC899F36" rc="200" rm="OK" tn="Grupo de Hilos 1-2" dt="text" by="11865"/>
<httpSample t="3" lt="3" ts="1282653830182" s="true" lb="/iceweb/js/common.js;jsessionid=7C1B32529F00FF74DE79911BBC899F36" rc="200" rm="OK" tn="Grupo de Hilos 1-2" dt="text" by="1161"/>
<httpSample t="3" lt="3" ts="1282653830185" s="true" lb="/iceweb/js/flexigrid/CentroPagedGrid.js;jsessionid=7C1B32529F00FF74DE79911BBC899F36" rc="200" rm="OK" tn="Grupo de Hilos 1-2" dt="text" by="42362"/>
<httpSample t="4" lt="3" ts="1282653830189" s="true" lb="/iceweb/js/jquery-1.4.js;jsessionid=7C1B32529F00FF74DE79911BBC899F36" rc="200" rm="OK" tn="Grupo de Hilos 1-2" dt="text" by="158407"/>
<httpSample t="2" lt="2" ts="1282653830194" s="true" lb="/iceweb/js/OpenLayersExt.js;jsessionid=7C1B32529F00FF74DE79911BBC899F36" rc="200" rm="OK" tn="Grupo de Hilos 1-2" dt="text" by="12330"/>
<httpSample t="3" lt="3" ts="1282653830197" s="true" lb="/iceweb/js/json.js;jsessionid=7C1B32529F00FF74DE79911BBC899F36" rc="200" rm="OK" tn="Grupo de Hilos 1-2" dt="text" by="7788"/>
<httpSample t="21001" lt="0" ts="1282653809217" s="false" lb="/maps" rc="Non HTTP response code: java.net.ConnectException" rm="Non HTTP response message: Connection timed out" tn="Grupo de Hilos 1-4" dt="text" by="1537"/>
<httpSample t="21003" lt="0" ts="1282653809275" s="false" lb="/maps" rc="Non HTTP response code: java.net.ConnectException" rm="Non HTTP response message: Connection timed out" tn="Grupo de Hilos 1-5" dt="text" by="1537"/>
<httpSample t="95" lt="22" ts="1282653830219" s="true" lb="/iceweb/centroLista" rc="200" rm="OK" tn="Grupo de Hilos 1-4" dt="text" by="653259"/>
<httpSample t="190" lt="0" ts="1282653830158" s="false" lb="/en-US/firefox/headlines.xml" rc="Non HTTP response code: java.net.ConnectException" rm="Non HTTP response message: Connection refused" tn="Grupo de Hilos 1-3" dt="text" by="1535"/>
<httpSample t="91" lt="25" ts="1282653830283" s="true" lb="/iceweb/centroLista" rc="200" rm="OK" tn="Grupo de Hilos 1-5" dt="text" by="653259"/>
<httpSample t="69" lt="59" ts="1282653830315" s="true" lb="/iceweb/restful/Centro/findMarcasCuadriculaByFilter" rc="200" rm="OK" tn="Grupo de Hilos 1-4" dt="text" by="65601"/>
<httpSample t="62" lt="56" ts="1282653830385" s="true" lb="/iceweb/restful/Centro/findMarcasCuadriculaByFilter" rc="200" rm="OK" tn="Grupo de Hilos 1-5" dt="text" by="65601"/>
<httpSample t="193" lt="0" ts="1282653830350" s="false" lb="/firefox/headlines.xml" rc="Non HTTP response code: java.net.ConnectException" rm="Non HTTP response message: Connection refused" tn="Grupo de Hilos 1-3" dt="text" by="1535"/>
<httpSample t="188" lt="0" ts="1282653830386" s="false" lb="/en-US/firefox/headlines.xml" rc="Non HTTP response code: java.net.ConnectException" rm="Non HTTP response message: Connection refused" tn="Grupo de Hilos 1-4" dt="text" by="1535"/>
<httpSample t="53" lt="0" ts="1282653830545" s="false" lb="/rss/newsonline_world_edition/front_page/rss.xml" rc="Non HTTP response code: java.net.ConnectException" rm="Non HTTP response message: Connection refused" tn="Grupo de Hilos 1-3" dt="text" by="1535"/>
<httpSample t="188" lt="0" ts="1282653830448" s="false" lb="/en-US/firefox/headlines.xml" rc="Non HTTP response code: java.net.ConnectException" rm="Non HTTP response message: Connection refused" tn="Grupo de Hilos 1-5" dt="text" by="1535"/>
<httpSample t="50" lt="0" ts="1282653830599" s="false" lb="/news/rss.xml" rc="Non HTTP response code: java.net.ConnectException" rm="Non HTTP response message: Connection refused" tn="Grupo de Hilos 1-3" dt="text" by="1535"/>
<httpSample t="14" lt="1" ts="1282653830650" s="true" lb="/iceweb" rc="200" rm="OK" tn="Grupo de Hilos 1-3" dt="text" by="8397">
  <httpSample t="1" lt="1" ts="1282653830650" s="true" lb="http://localhost:8080/iceweb" rc="302" rm="Movido temporálmente" tn="" dt="" by="0"/>
  <httpSample t="13" lt="13" ts="1282653830651" s="true" lb="http://localhost:8080/iceweb/" rc="200" rm="OK" tn="Grupo de Hilos 1-3" dt="text" by="8397"/>
</httpSample>
<httpSample t="12" lt="11" ts="1282653830666" s="true" lb="/iceweb/" rc="200" rm="OK" tn="Grupo de Hilos 1-3" dt="text" by="8397"/>
<httpSample t="6" lt="6" ts="1282653830679" s="true" lb="/iceweb/styles/style.css;jsessionid=7C1B32529F00FF74DE79911BBC899F36" rc="200" rm="OK" tn="Grupo de Hilos 1-3" dt="text" by="2588"/>
<httpSample t="2" lt="2" ts="1282653830686" s="true" lb="/iceweb/js/flexigrid/css/flexigrid/flexigrid.css;jsessionid=7C1B32529F00FF74DE79911BBC899F36" rc="200" rm="OK" tn="Grupo de Hilos 1-3" dt="text" by="13979"/>
<httpSample t="2" lt="2" ts="1282653830689" s="true" lb="/iceweb/js/ajax.js;jsessionid=7C1B32529F00FF74DE79911BBC899F36" rc="200" rm="OK" tn="Grupo de Hilos 1-3" dt="text" by="11865"/>
<httpSample t="2" lt="2" ts="1282653830692" s="true" lb="/iceweb/js/common.js;jsessionid=7C1B32529F00FF74DE79911BBC899F36" rc="200" rm="OK" tn="Grupo de Hilos 1-3" dt="text" by="1161"/>
<httpSample t="2" lt="2" ts="1282653830695" s="true" lb="/iceweb/js/flexigrid/CentroPagedGrid.js;jsessionid=7C1B32529F00FF74DE79911BBC899F36" rc="200" rm="OK" tn="Grupo de Hilos 1-3" dt="text" by="42362"/>
<httpSample t="4" lt="4" ts="1282653830698" s="true" lb="/iceweb/js/jquery-1.4.js;jsessionid=7C1B32529F00FF74DE79911BBC899F36" rc="200" rm="OK" tn="Grupo de Hilos 1-3" dt="text" by="158407"/>
<httpSample t="3" lt="3" ts="1282653830703" s="true" lb="/iceweb/js/OpenLayersExt.js;jsessionid=7C1B32529F00FF74DE79911BBC899F36" rc="200" rm="OK" tn="Grupo de Hilos 1-3" dt="text" by="12330"/>
<httpSample t="2" lt="2" ts="1282653830707" s="true" lb="/iceweb/js/json.js;jsessionid=7C1B32529F00FF74DE79911BBC899F36" rc="200" rm="OK" tn="Grupo de Hilos 1-3" dt="text" by="7788"/>
<httpSample t="188" lt="0" ts="1282653830576" s="false" lb="/firefox/headlines.xml" rc="Non HTTP response code: java.net.ConnectException" rm="Non HTTP response message: Connection refused" tn="Grupo de Hilos 1-4" dt="text" by="1535"/>
<httpSample t="51" lt="0" ts="1282653830766" s="false" lb="/rss/newsonline_world_edition/front_page/rss.xml" rc="Non HTTP response code: java.net.ConnectException" rm="Non HTTP response message: Connection refused" tn="Grupo de Hilos 1-4" dt="text" by="1535"/>
<httpSample t="191" lt="0" ts="1282653830638" s="false" lb="/firefox/headlines.xml" rc="Non HTTP response code: java.net.ConnectException" rm="Non HTTP response message: Connection refused" tn="Grupo de Hilos 1-5" dt="text" by="1535"/>
<httpSample t="53" lt="0" ts="1282653830818" s="false" lb="/news/rss.xml" rc="Non HTTP response code: java.net.ConnectException" rm="Non HTTP response message: Connection refused" tn="Grupo de Hilos 1-4" dt="text" by="1535"/>
<httpSample t="13" lt="1" ts="1282653830872" s="true" lb="/iceweb" rc="200" rm="OK" tn="Grupo de Hilos 1-4" dt="text" by="8397">
  <httpSample t="1" lt="1" ts="1282653830872" s="true" lb="http://localhost:8080/iceweb" rc="302" rm="Movido temporálmente" tn="" dt="" by="0"/>
  <httpSample t="12" lt="11" ts="1282653830873" s="true" lb="http://localhost:8080/iceweb/" rc="200" rm="OK" tn="Grupo de Hilos 1-4" dt="text" by="8397"/>
</httpSample>
<httpSample t="57" lt="0" ts="1282653830830" s="false" lb="/rss/newsonline_world_edition/front_page/rss.xml" rc="Non HTTP response code: java.net.ConnectException" rm="Non HTTP response message: Connection refused" tn="Grupo de Hilos 1-5" dt="text" by="1535"/>
<httpSample t="13" lt="13" ts="1282653830886" s="true" lb="/iceweb/" rc="200" rm="OK" tn="Grupo de Hilos 1-4" dt="text" by="8397"/>
<httpSample t="3" lt="3" ts="1282653830900" s="true" lb="/iceweb/styles/style.css;jsessionid=7C1B32529F00FF74DE79911BBC899F36" rc="200" rm="OK" tn="Grupo de Hilos 1-4" dt="text" by="2588"/>
<httpSample t="2" lt="2" ts="1282653830904" s="true" lb="/iceweb/js/flexigrid/css/flexigrid/flexigrid.css;jsessionid=7C1B32529F00FF74DE79911BBC899F36" rc="200" rm="OK" tn="Grupo de Hilos 1-4" dt="text" by="13979"/>
<httpSample t="2" lt="2" ts="1282653830907" s="true" lb="/iceweb/js/ajax.js;jsessionid=7C1B32529F00FF74DE79911BBC899F36" rc="200" rm="OK" tn="Grupo de Hilos 1-4" dt="text" by="11865"/>
<httpSample t="3" lt="3" ts="1282653830910" s="true" lb="/iceweb/js/common.js;jsessionid=7C1B32529F00FF74DE79911BBC899F36" rc="200" rm="OK" tn="Grupo de Hilos 1-4" dt="text" by="1161"/>
<httpSample t="2" lt="2" ts="1282653830914" s="true" lb="/iceweb/js/flexigrid/CentroPagedGrid.js;jsessionid=7C1B32529F00FF74DE79911BBC899F36" rc="200" rm="OK" tn="Grupo de Hilos 1-4" dt="text" by="42362"/>
<httpSample t="3" lt="2" ts="1282653830917" s="true" lb="/iceweb/js/jquery-1.4.js;jsessionid=7C1B32529F00FF74DE79911BBC899F36" rc="200" rm="OK" tn="Grupo de Hilos 1-4" dt="text" by="158407"/>
<httpSample t="2" lt="2" ts="1282653830921" s="true" lb="/iceweb/js/OpenLayersExt.js;jsessionid=7C1B32529F00FF74DE79911BBC899F36" rc="200" rm="OK" tn="Grupo de Hilos 1-4" dt="text" by="12330"/>
<httpSample t="3" lt="3" ts="1282653830924" s="true" lb="/iceweb/js/json.js;jsessionid=7C1B32529F00FF74DE79911BBC899F36" rc="200" rm="OK" tn="Grupo de Hilos 1-4" dt="text" by="7788"/>
<httpSample t="51" lt="0" ts="1282653830888" s="false" lb="/news/rss.xml" rc="Non HTTP response code: java.net.ConnectException" rm="Non HTTP response message: Connection refused" tn="Grupo de Hilos 1-5" dt="text" by="1535"/>
<httpSample t="22" lt="1" ts="1282653830940" s="true" lb="/iceweb" rc="200" rm="OK" tn="Grupo de Hilos 1-5" dt="text" by="8397">
  <httpSample t="1" lt="1" ts="1282653830940" s="true" lb="http://localhost:8080/iceweb" rc="302" rm="Movido temporálmente" tn="" dt="" by="0"/>
  <httpSample t="21" lt="20" ts="1282653830941" s="true" lb="http://localhost:8080/iceweb/" rc="200" rm="OK" tn="Grupo de Hilos 1-5" dt="text" by="8397"/>
</httpSample>
<httpSample t="22" lt="21" ts="1282653830966" s="true" lb="/iceweb/" rc="200" rm="OK" tn="Grupo de Hilos 1-5" dt="text" by="8397"/>
<httpSample t="3" lt="3" ts="1282653830989" s="true" lb="/iceweb/styles/style.css;jsessionid=7C1B32529F00FF74DE79911BBC899F36" rc="200" rm="OK" tn="Grupo de Hilos 1-5" dt="text" by="2588"/>
<httpSample t="2" lt="2" ts="1282653830993" s="true" lb="/iceweb/js/flexigrid/css/flexigrid/flexigrid.css;jsessionid=7C1B32529F00FF74DE79911BBC899F36" rc="200" rm="OK" tn="Grupo de Hilos 1-5" dt="text" by="13979"/>
<httpSample t="3" lt="2" ts="1282653830996" s="true" lb="/iceweb/js/ajax.js;jsessionid=7C1B32529F00FF74DE79911BBC899F36" rc="200" rm="OK" tn="Grupo de Hilos 1-5" dt="text" by="11865"/>
<httpSample t="2" lt="2" ts="1282653831000" s="true" lb="/iceweb/js/common.js;jsessionid=7C1B32529F00FF74DE79911BBC899F36" rc="200" rm="OK" tn="Grupo de Hilos 1-5" dt="text" by="1161"/>
<httpSample t="3" lt="3" ts="1282653831003" s="true" lb="/iceweb/js/flexigrid/CentroPagedGrid.js;jsessionid=7C1B32529F00FF74DE79911BBC899F36" rc="200" rm="OK" tn="Grupo de Hilos 1-5" dt="text" by="42362"/>
<httpSample t="3" lt="3" ts="1282653831007" s="true" lb="/iceweb/js/jquery-1.4.js;jsessionid=7C1B32529F00FF74DE79911BBC899F36" rc="200" rm="OK" tn="Grupo de Hilos 1-5" dt="text" by="158407"/>
<httpSample t="2" lt="2" ts="1282653831011" s="true" lb="/iceweb/js/OpenLayersExt.js;jsessionid=7C1B32529F00FF74DE79911BBC899F36" rc="200" rm="OK" tn="Grupo de Hilos 1-5" dt="text" by="12330"/>
<httpSample t="2" lt="2" ts="1282653831014" s="true" lb="/iceweb/js/json.js;jsessionid=7C1B32529F00FF74DE79911BBC899F36" rc="200" rm="OK" tn="Grupo de Hilos 1-5" dt="text" by="7788"/>
<httpSample t="21010" lt="0" ts="1282653829800" s="false" lb="/maps" rc="Non HTTP response code: java.net.ConnectException" rm="Non HTTP response message: Connection timed out" tn="Grupo de Hilos 1-1" dt="text" by="1537"/>
<httpSample t="14" lt="7" ts="1282653850812" s="true" lb="/iceweb/js/OpenLayers/OpenLayers.js;jsessionid=7C1B32529F00FF74DE79911BBC899F36" rc="200" rm="OK" tn="Grupo de Hilos 1-1" dt="text" by="711799"/>
<httpSample t="20997" lt="0" ts="1282653830201" s="false" lb="/maps" rc="Non HTTP response code: java.net.ConnectException" rm="Non HTTP response message: Connection timed out" tn="Grupo de Hilos 1-2" dt="text" by="1537"/>
<httpSample t="15" lt="8" ts="1282653851200" s="true" lb="/iceweb/js/OpenLayers/OpenLayers.js;jsessionid=7C1B32529F00FF74DE79911BBC899F36" rc="200" rm="OK" tn="Grupo de Hilos 1-2" dt="text" by="711799"/>
<httpSample t="21000" lt="0" ts="1282653830710" s="false" lb="/maps" rc="Non HTTP response code: java.net.ConnectException" rm="Non HTTP response message: Connection timed out" tn="Grupo de Hilos 1-3" dt="text" by="1537"/>
<httpSample t="11" lt="5" ts="1282653851712" s="true" lb="/iceweb/js/OpenLayers/OpenLayers.js;jsessionid=7C1B32529F00FF74DE79911BBC899F36" rc="200" rm="OK" tn="Grupo de Hilos 1-3" dt="text" by="711799"/>
<httpSample t="20999" lt="0" ts="1282653830928" s="false" lb="/maps" rc="Non HTTP response code: java.net.ConnectException" rm="Non HTTP response message: Connection timed out" tn="Grupo de Hilos 1-4" dt="text" by="1537"/>
<httpSample t="11" lt="4" ts="1282653851929" s="true" lb="/iceweb/js/OpenLayers/OpenLayers.js;jsessionid=7C1B32529F00FF74DE79911BBC899F36" rc="200" rm="OK" tn="Grupo de Hilos 1-4" dt="text" by="711799"/>
<httpSample t="20997" lt="0" ts="1282653831017" s="false" lb="/maps" rc="Non HTTP response code: java.net.ConnectException" rm="Non HTTP response message: Connection timed out" tn="Grupo de Hilos 1-5" dt="text" by="1537"/>
<httpSample t="11" lt="7" ts="1282653852016" s="true" lb="/iceweb/js/OpenLayers/OpenLayers.js;jsessionid=7C1B32529F00FF74DE79911BBC899F36" rc="200" rm="OK" tn="Grupo de Hilos 1-5" dt="text" by="711799"/>
<httpSample t="21016" lt="0" ts="1282653850827" s="false" lb="/intl/es_ALL/mapfiles/260d/maps2.api/mod_stats.js" rc="Non HTTP response code: java.net.ConnectException" rm="Non HTTP response message: Connection timed out" tn="Grupo de Hilos 1-1" dt="text" by="1537"/>
<httpSample t="5" lt="5" ts="1282653871845" s="false" lb="/iceweb/styles/img/south-mini.png" rc="404" rm="/iceweb/styles/img/south-mini.png" tn="Grupo de Hilos 1-1" dt="text" by="1059"/>
<httpSample t="4" lt="4" ts="1282653871852" s="false" lb="/iceweb/style.css" rc="404" rm="/iceweb/style.css" tn="Grupo de Hilos 1-1" dt="text" by="1011"/>
<httpSample t="6" lt="6" ts="1282653871858" s="false" lb="/iceweb/img/north-mini.png" rc="404" rm="/iceweb/img/north-mini.png" tn="Grupo de Hilos 1-1" dt="text" by="1038"/>
<httpSample t="4" lt="4" ts="1282653871866" s="false" lb="/iceweb/img/east-mini.png" rc="404" rm="/iceweb/img/east-mini.png" tn="Grupo de Hilos 1-1" dt="text" by="1035"/>
<httpSample t="4" lt="4" ts="1282653871872" s="false" lb="/iceweb/img/south-mini.png" rc="404" rm="/iceweb/img/south-mini.png" tn="Grupo de Hilos 1-1" dt="text" by="1038"/>
<httpSample t="4" lt="4" ts="1282653871879" s="false" lb="/iceweb/img/zoom-plus-mini.png" rc="404" rm="/iceweb/img/zoom-plus-mini.png" tn="Grupo de Hilos 1-1" dt="text" by="1050"/>
<httpSample t="4" lt="4" ts="1282653871885" s="false" lb="/iceweb/img/zoom-world-mini.png" rc="404" rm="/iceweb/img/zoom-world-mini.png" tn="Grupo de Hilos 1-1" dt="text" by="1053"/>
<httpSample t="5" lt="5" ts="1282653871891" s="false" lb="/iceweb/img/west-mini.png" rc="404" rm="/iceweb/img/west-mini.png" tn="Grupo de Hilos 1-1" dt="text" by="1035"/>
<httpSample t="3" lt="3" ts="1282653871898" s="false" lb="/iceweb/img/zoom-minus-mini.png" rc="404" rm="/iceweb/img/zoom-minus-mini.png" tn="Grupo de Hilos 1-1" dt="text" by="1053"/>
<httpSample t="5" lt="5" ts="1282653871902" s="false" lb="/iceweb/img/layer-switcher-minimize.png" rc="404" rm="/iceweb/img/layer-switcher-minimize.png" tn="Grupo de Hilos 1-1" dt="text" by="1077"/>
<httpSample t="5" lt="5" ts="1282653871912" s="false" lb="/iceweb/img/layer-switcher-maximize.png" rc="404" rm="/iceweb/img/layer-switcher-maximize.png" tn="Grupo de Hilos 1-1" dt="text" by="1077"/>
<httpSample t="14" lt="14" ts="1282653871918" s="true" lb="/iceweb/restful/Centro/findPagedByVentanaAndFilter" rc="200" rm="OK" tn="Grupo de Hilos 1-1" dt="text" by="11479"/>
<httpSample t="67" lt="58" ts="1282653871933" s="true" lb="/iceweb/restful/Centro/findMarcasCuadriculaByFilter" rc="200" rm="OK" tn="Grupo de Hilos 1-1" dt="text" by="64084"/>
<httpSample t="77" lt="71" ts="1282653872001" s="true" lb="/iceweb/restful/Centro/findMarcasCuadriculaByFilter" rc="200" rm="OK" tn="Grupo de Hilos 1-1" dt="text" by="86966"/>
<httpSample t="13" lt="13" ts="1282653872079" s="true" lb="/iceweb/restful/Centro/findPagedByVentanaAndFilter" rc="200" rm="OK" tn="Grupo de Hilos 1-1" dt="text" by="12174"/>
<httpSample t="13" lt="12" ts="1282653872093" s="true" lb="/iceweb/restful/Centro/findPagedByVentanaAndFilter" rc="200" rm="OK" tn="Grupo de Hilos 1-1" dt="text" by="11851"/>
<httpSample t="16" lt="15" ts="1282653872107" s="true" lb="/iceweb/restful/Centro/findPagedByVentanaAndFilter" rc="200" rm="OK" tn="Grupo de Hilos 1-1" dt="text" by="13604"/>
<httpSample t="12" lt="12" ts="1282653872124" s="true" lb="/iceweb/restful/Centro/findPagedByVentanaAndFilter" rc="200" rm="OK" tn="Grupo de Hilos 1-1" dt="text" by="14056"/>
<httpSample t="24" lt="24" ts="1282653872137" s="true" lb="/iceweb/centroDetalle" rc="200" rm="OK" tn="Grupo de Hilos 1-1" dt="text" by="4200"/>
<httpSample t="20998" lt="0" ts="1282653851217" s="false" lb="/intl/es_ALL/mapfiles/260d/maps2.api/mod_stats.js" rc="Non HTTP response code: java.net.ConnectException" rm="Non HTTP response message: Connection timed out" tn="Grupo de Hilos 1-2" dt="text" by="1537"/>
<httpSample t="17" lt="17" ts="1282653872216" s="false" lb="/iceweb/styles/img/south-mini.png" rc="404" rm="/iceweb/styles/img/south-mini.png" tn="Grupo de Hilos 1-2" dt="text" by="1059"/>
<httpSample t="2" lt="2" ts="1282653872234" s="false" lb="/iceweb/style.css" rc="404" rm="/iceweb/style.css" tn="Grupo de Hilos 1-2" dt="text" by="1011"/>
<httpSample t="3" lt="3" ts="1282653872237" s="false" lb="/iceweb/img/north-mini.png" rc="404" rm="/iceweb/img/north-mini.png" tn="Grupo de Hilos 1-2" dt="text" by="1038"/>
<httpSample t="2" lt="2" ts="1282653872241" s="false" lb="/iceweb/img/east-mini.png" rc="404" rm="/iceweb/img/east-mini.png" tn="Grupo de Hilos 1-2" dt="text" by="1035"/>
<httpSample t="3" lt="3" ts="1282653872244" s="false" lb="/iceweb/img/south-mini.png" rc="404" rm="/iceweb/img/south-mini.png" tn="Grupo de Hilos 1-2" dt="text" by="1038"/>
<httpSample t="3" lt="3" ts="1282653872249" s="false" lb="/iceweb/img/zoom-plus-mini.png" rc="404" rm="/iceweb/img/zoom-plus-mini.png" tn="Grupo de Hilos 1-2" dt="text" by="1050"/>
<httpSample t="3" lt="3" ts="1282653872253" s="false" lb="/iceweb/img/zoom-world-mini.png" rc="404" rm="/iceweb/img/zoom-world-mini.png" tn="Grupo de Hilos 1-2" dt="text" by="1053"/>
<httpSample t="3" lt="3" ts="1282653872257" s="false" lb="/iceweb/img/west-mini.png" rc="404" rm="/iceweb/img/west-mini.png" tn="Grupo de Hilos 1-2" dt="text" by="1035"/>
<httpSample t="2" lt="2" ts="1282653872261" s="false" lb="/iceweb/img/zoom-minus-mini.png" rc="404" rm="/iceweb/img/zoom-minus-mini.png" tn="Grupo de Hilos 1-2" dt="text" by="1053"/>
<httpSample t="8" lt="8" ts="1282653872264" s="false" lb="/iceweb/img/layer-switcher-minimize.png" rc="404" rm="/iceweb/img/layer-switcher-minimize.png" tn="Grupo de Hilos 1-2" dt="text" by="1077"/>
<httpSample t="2" lt="2" ts="1282653872274" s="false" lb="/iceweb/img/layer-switcher-maximize.png" rc="404" rm="/iceweb/img/layer-switcher-maximize.png" tn="Grupo de Hilos 1-2" dt="text" by="1077"/>
<httpSample t="13" lt="13" ts="1282653872277" s="true" lb="/iceweb/restful/Centro/findPagedByVentanaAndFilter" rc="200" rm="OK" tn="Grupo de Hilos 1-2" dt="text" by="11479"/>
<httpSample t="61" lt="56" ts="1282653872291" s="true" lb="/iceweb/restful/Centro/findMarcasCuadriculaByFilter" rc="200" rm="OK" tn="Grupo de Hilos 1-2" dt="text" by="64084"/>
<httpSample t="86" lt="74" ts="1282653872353" s="true" lb="/iceweb/restful/Centro/findMarcasCuadriculaByFilter" rc="200" rm="OK" tn="Grupo de Hilos 1-2" dt="text" by="86966"/>
<httpSample t="15" lt="15" ts="1282653872440" s="true" lb="/iceweb/restful/Centro/findPagedByVentanaAndFilter" rc="200" rm="OK" tn="Grupo de Hilos 1-2" dt="text" by="12174"/>
<httpSample t="21" lt="21" ts="1282653872456" s="true" lb="/iceweb/restful/Centro/findPagedByVentanaAndFilter" rc="200" rm="OK" tn="Grupo de Hilos 1-2" dt="text" by="11851"/>
<httpSample t="18" lt="17" ts="1282653872478" s="true" lb="/iceweb/restful/Centro/findPagedByVentanaAndFilter" rc="200" rm="OK" tn="Grupo de Hilos 1-2" dt="text" by="13604"/>
<httpSample t="27" lt="27" ts="1282653872497" s="true" lb="/iceweb/restful/Centro/findPagedByVentanaAndFilter" rc="200" rm="OK" tn="Grupo de Hilos 1-2" dt="text" by="14056"/>
<httpSample t="20" lt="20" ts="1282653872526" s="true" lb="/iceweb/centroDetalle" rc="200" rm="OK" tn="Grupo de Hilos 1-2" dt="text" by="4200"/>
<httpSample t="21002" lt="0" ts="1282653851724" s="false" lb="/intl/es_ALL/mapfiles/260d/maps2.api/mod_stats.js" rc="Non HTTP response code: java.net.ConnectException" rm="Non HTTP response message: Connection timed out" tn="Grupo de Hilos 1-3" dt="text" by="1537"/>
<httpSample t="5" lt="5" ts="1282653872727" s="false" lb="/iceweb/styles/img/south-mini.png" rc="404" rm="/iceweb/styles/img/south-mini.png" tn="Grupo de Hilos 1-3" dt="text" by="1059"/>
<httpSample t="4" lt="4" ts="1282653872733" s="false" lb="/iceweb/style.css" rc="404" rm="/iceweb/style.css" tn="Grupo de Hilos 1-3" dt="text" by="1011"/>
<httpSample t="4" lt="4" ts="1282653872739" s="false" lb="/iceweb/img/north-mini.png" rc="404" rm="/iceweb/img/north-mini.png" tn="Grupo de Hilos 1-3" dt="text" by="1038"/>
<httpSample t="5" lt="5" ts="1282653872745" s="false" lb="/iceweb/img/east-mini.png" rc="404" rm="/iceweb/img/east-mini.png" tn="Grupo de Hilos 1-3" dt="text" by="1035"/>
<httpSample t="3" lt="3" ts="1282653872752" s="false" lb="/iceweb/img/south-mini.png" rc="404" rm="/iceweb/img/south-mini.png" tn="Grupo de Hilos 1-3" dt="text" by="1038"/>
<httpSample t="5" lt="5" ts="1282653872756" s="false" lb="/iceweb/img/zoom-plus-mini.png" rc="404" rm="/iceweb/img/zoom-plus-mini.png" tn="Grupo de Hilos 1-3" dt="text" by="1050"/>
<httpSample t="4" lt="4" ts="1282653872762" s="false" lb="/iceweb/img/zoom-world-mini.png" rc="404" rm="/iceweb/img/zoom-world-mini.png" tn="Grupo de Hilos 1-3" dt="text" by="1053"/>
<httpSample t="4" lt="3" ts="1282653872767" s="false" lb="/iceweb/img/west-mini.png" rc="404" rm="/iceweb/img/west-mini.png" tn="Grupo de Hilos 1-3" dt="text" by="1035"/>
<httpSample t="3" lt="3" ts="1282653872772" s="false" lb="/iceweb/img/zoom-minus-mini.png" rc="404" rm="/iceweb/img/zoom-minus-mini.png" tn="Grupo de Hilos 1-3" dt="text" by="1053"/>
<httpSample t="3" lt="3" ts="1282653872777" s="false" lb="/iceweb/img/layer-switcher-minimize.png" rc="404" rm="/iceweb/img/layer-switcher-minimize.png" tn="Grupo de Hilos 1-3" dt="text" by="1077"/>
<httpSample t="3" lt="3" ts="1282653872782" s="false" lb="/iceweb/img/layer-switcher-maximize.png" rc="404" rm="/iceweb/img/layer-switcher-maximize.png" tn="Grupo de Hilos 1-3" dt="text" by="1077"/>
<httpSample t="17" lt="16" ts="1282653872787" s="true" lb="/iceweb/restful/Centro/findPagedByVentanaAndFilter" rc="200" rm="OK" tn="Grupo de Hilos 1-3" dt="text" by="11479"/>
<httpSample t="62" lt="56" ts="1282653872810" s="true" lb="/iceweb/restful/Centro/findMarcasCuadriculaByFilter" rc="200" rm="OK" tn="Grupo de Hilos 1-3" dt="text" by="64084"/>
<httpSample t="21002" lt="0" ts="1282653851941" s="false" lb="/intl/es_ALL/mapfiles/260d/maps2.api/mod_stats.js" rc="Non HTTP response code: java.net.ConnectException" rm="Non HTTP response message: Connection timed out" tn="Grupo de Hilos 1-4" dt="text" by="1537"/>
<httpSample t="26" lt="26" ts="1282653872944" s="false" lb="/iceweb/styles/img/south-mini.png" rc="404" rm="/iceweb/styles/img/south-mini.png" tn="Grupo de Hilos 1-4" dt="text" by="1059"/>
<httpSample t="101" lt="93" ts="1282653872873" s="true" lb="/iceweb/restful/Centro/findMarcasCuadriculaByFilter" rc="200" rm="OK" tn="Grupo de Hilos 1-3" dt="text" by="86966"/>
<httpSample t="3" lt="3" ts="1282653872971" s="false" lb="/iceweb/style.css" rc="404" rm="/iceweb/style.css" tn="Grupo de Hilos 1-4" dt="text" by="1011"/>
<httpSample t="4" lt="4" ts="1282653872975" s="false" lb="/iceweb/img/north-mini.png" rc="404" rm="/iceweb/img/north-mini.png" tn="Grupo de Hilos 1-4" dt="text" by="1038"/>
<httpSample t="2" lt="2" ts="1282653872981" s="false" lb="/iceweb/img/east-mini.png" rc="404" rm="/iceweb/img/east-mini.png" tn="Grupo de Hilos 1-4" dt="text" by="1035"/>
<httpSample t="4" lt="4" ts="1282653872986" s="false" lb="/iceweb/img/south-mini.png" rc="404" rm="/iceweb/img/south-mini.png" tn="Grupo de Hilos 1-4" dt="text" by="1038"/>
<httpSample t="20" lt="20" ts="1282653872975" s="true" lb="/iceweb/restful/Centro/findPagedByVentanaAndFilter" rc="200" rm="OK" tn="Grupo de Hilos 1-3" dt="text" by="12174"/>
<httpSample t="10" lt="10" ts="1282653872991" s="false" lb="/iceweb/img/zoom-plus-mini.png" rc="404" rm="/iceweb/img/zoom-plus-mini.png" tn="Grupo de Hilos 1-4" dt="text" by="1050"/>
<httpSample t="3" lt="3" ts="1282653873011" s="false" lb="/iceweb/img/zoom-world-mini.png" rc="404" rm="/iceweb/img/zoom-world-mini.png" tn="Grupo de Hilos 1-4" dt="text" by="1053"/>
<httpSample t="20999" lt="0" ts="1282653852028" s="false" lb="/intl/es_ALL/mapfiles/260d/maps2.api/mod_stats.js" rc="Non HTTP response code: java.net.ConnectException" rm="Non HTTP response message: Connection timed out" tn="Grupo de Hilos 1-5" dt="text" by="1537"/>
<httpSample t="75" lt="75" ts="1282653872996" s="true" lb="/iceweb/restful/Centro/findPagedByVentanaAndFilter" rc="200" rm="OK" tn="Grupo de Hilos 1-3" dt="text" by="11851"/>
<httpSample t="46" lt="46" ts="1282653873028" s="false" lb="/iceweb/styles/img/south-mini.png" rc="404" rm="/iceweb/styles/img/south-mini.png" tn="Grupo de Hilos 1-5" dt="text" by="1059"/>
<httpSample t="54" lt="54" ts="1282653873017" s="false" lb="/iceweb/img/west-mini.png" rc="404" rm="/iceweb/img/west-mini.png" tn="Grupo de Hilos 1-4" dt="text" by="1035"/>
<httpSample t="3" lt="3" ts="1282653873076" s="false" lb="/iceweb/img/zoom-minus-mini.png" rc="404" rm="/iceweb/img/zoom-minus-mini.png" tn="Grupo de Hilos 1-4" dt="text" by="1053"/>
<httpSample t="6" lt="6" ts="1282653873076" s="false" lb="/iceweb/style.css" rc="404" rm="/iceweb/style.css" tn="Grupo de Hilos 1-5" dt="text" by="1011"/>
<httpSample t="7" lt="7" ts="1282653873084" s="false" lb="/iceweb/img/north-mini.png" rc="404" rm="/iceweb/img/north-mini.png" tn="Grupo de Hilos 1-5" dt="text" by="1038"/>
<httpSample t="8" lt="8" ts="1282653873085" s="false" lb="/iceweb/img/layer-switcher-minimize.png" rc="404" rm="/iceweb/img/layer-switcher-minimize.png" tn="Grupo de Hilos 1-4" dt="text" by="1077"/>
<httpSample t="5" lt="5" ts="1282653873092" s="false" lb="/iceweb/img/east-mini.png" rc="404" rm="/iceweb/img/east-mini.png" tn="Grupo de Hilos 1-5" dt="text" by="1035"/>
<httpSample t="5" lt="5" ts="1282653873095" s="false" lb="/iceweb/img/layer-switcher-maximize.png" rc="404" rm="/iceweb/img/layer-switcher-maximize.png" tn="Grupo de Hilos 1-4" dt="text" by="1077"/>
<httpSample t="8" lt="7" ts="1282653873098" s="false" lb="/iceweb/img/south-mini.png" rc="404" rm="/iceweb/img/south-mini.png" tn="Grupo de Hilos 1-5" dt="text" by="1038"/>
<httpSample t="13" lt="13" ts="1282653873107" s="false" lb="/iceweb/img/zoom-plus-mini.png" rc="404" rm="/iceweb/img/zoom-plus-mini.png" tn="Grupo de Hilos 1-5" dt="text" by="1050"/>
<httpSample t="51" lt="51" ts="1282653873075" s="true" lb="/iceweb/restful/Centro/findPagedByVentanaAndFilter" rc="200" rm="OK" tn="Grupo de Hilos 1-3" dt="text" by="13604"/>
<httpSample t="7" lt="7" ts="1282653873121" s="false" lb="/iceweb/img/zoom-world-mini.png" rc="404" rm="/iceweb/img/zoom-world-mini.png" tn="Grupo de Hilos 1-5" dt="text" by="1053"/>
<httpSample t="37" lt="37" ts="1282653873102" s="true" lb="/iceweb/restful/Centro/findPagedByVentanaAndFilter" rc="200" rm="OK" tn="Grupo de Hilos 1-4" dt="text" by="11479"/>
<httpSample t="9" lt="9" ts="1282653873131" s="false" lb="/iceweb/img/west-mini.png" rc="404" rm="/iceweb/img/west-mini.png" tn="Grupo de Hilos 1-5" dt="text" by="1035"/>
<httpSample t="2" lt="2" ts="1282653873142" s="false" lb="/iceweb/img/zoom-minus-mini.png" rc="404" rm="/iceweb/img/zoom-minus-mini.png" tn="Grupo de Hilos 1-5" dt="text" by="1053"/>
<httpSample t="36" lt="36" ts="1282653873127" s="true" lb="/iceweb/restful/Centro/findPagedByVentanaAndFilter" rc="200" rm="OK" tn="Grupo de Hilos 1-3" dt="text" by="14056"/>
<httpSample t="18" lt="18" ts="1282653873146" s="false" lb="/iceweb/img/layer-switcher-minimize.png" rc="404" rm="/iceweb/img/layer-switcher-minimize.png" tn="Grupo de Hilos 1-5" dt="text" by="1077"/>
<httpSample t="8" lt="8" ts="1282653873166" s="false" lb="/iceweb/img/layer-switcher-maximize.png" rc="404" rm="/iceweb/img/layer-switcher-maximize.png" tn="Grupo de Hilos 1-5" dt="text" by="1077"/>
<httpSample t="98" lt="93" ts="1282653873140" s="true" lb="/iceweb/restful/Centro/findMarcasCuadriculaByFilter" rc="200" rm="OK" tn="Grupo de Hilos 1-4" dt="text" by="64084"/>
<httpSample t="67" lt="67" ts="1282653873175" s="true" lb="/iceweb/restful/Centro/findPagedByVentanaAndFilter" rc="200" rm="OK" tn="Grupo de Hilos 1-5" dt="text" by="11479"/>
<httpSample t="78" lt="78" ts="1282653873165" s="true" lb="/iceweb/centroDetalle" rc="200" rm="OK" tn="Grupo de Hilos 1-3" dt="text" by="4200"/>
<httpSample t="177" lt="169" ts="1282653873243" s="true" lb="/iceweb/restful/Centro/findMarcasCuadriculaByFilter" rc="200" rm="OK" tn="Grupo de Hilos 1-5" dt="text" by="64084"/>
<httpSample t="200" lt="190" ts="1282653873239" s="true" lb="/iceweb/restful/Centro/findMarcasCuadriculaByFilter" rc="200" rm="OK" tn="Grupo de Hilos 1-4" dt="text" by="86966"/>
<httpSample t="107" lt="95" ts="1282653873421" s="true" lb="/iceweb/restful/Centro/findMarcasCuadriculaByFilter" rc="200" rm="OK" tn="Grupo de Hilos 1-5" dt="text" by="86966"/>
<httpSample t="98" lt="98" ts="1282653873440" s="true" lb="/iceweb/restful/Centro/findPagedByVentanaAndFilter" rc="200" rm="OK" tn="Grupo de Hilos 1-4" dt="text" by="12174"/>
<httpSample t="22" lt="22" ts="1282653873539" s="true" lb="/iceweb/restful/Centro/findPagedByVentanaAndFilter" rc="200" rm="OK" tn="Grupo de Hilos 1-4" dt="text" by="11851"/>
<httpSample t="33" lt="31" ts="1282653873529" s="true" lb="/iceweb/restful/Centro/findPagedByVentanaAndFilter" rc="200" rm="OK" tn="Grupo de Hilos 1-5" dt="text" by="12174"/>
<httpSample t="24" lt="24" ts="1282653873562" s="true" lb="/iceweb/restful/Centro/findPagedByVentanaAndFilter" rc="200" rm="OK" tn="Grupo de Hilos 1-4" dt="text" by="13604"/>
<httpSample t="26" lt="26" ts="1282653873563" s="true" lb="/iceweb/restful/Centro/findPagedByVentanaAndFilter" rc="200" rm="OK" tn="Grupo de Hilos 1-5" dt="text" by="11851"/>
<httpSample t="20" lt="19" ts="1282653873587" s="true" lb="/iceweb/restful/Centro/findPagedByVentanaAndFilter" rc="200" rm="OK" tn="Grupo de Hilos 1-4" dt="text" by="14056"/>
<httpSample t="33" lt="33" ts="1282653873590" s="true" lb="/iceweb/restful/Centro/findPagedByVentanaAndFilter" rc="200" rm="OK" tn="Grupo de Hilos 1-5" dt="text" by="13604"/>
<httpSample t="42" lt="42" ts="1282653873608" s="true" lb="/iceweb/centroDetalle" rc="200" rm="OK" tn="Grupo de Hilos 1-4" dt="text" by="4200"/>
<httpSample t="35" lt="35" ts="1282653873624" s="true" lb="/iceweb/restful/Centro/findPagedByVentanaAndFilter" rc="200" rm="OK" tn="Grupo de Hilos 1-5" dt="text" by="14056"/>
<httpSample t="18" lt="18" ts="1282653873660" s="true" lb="/iceweb/centroDetalle" rc="200" rm="OK" tn="Grupo de Hilos 1-5" dt="text" by="4200"/>
<httpSample t="21012" lt="0" ts="1282653872162" s="false" lb="/maps" rc="Non HTTP response code: java.net.ConnectException" rm="Non HTTP response message: Connection timed out" tn="Grupo de Hilos 1-1" dt="text" by="1537"/>
<httpSample t="11" lt="11" ts="1282653893175" s="true" lb="/iceweb/restful/Centro/46006574" rc="200" rm="OK" tn="Grupo de Hilos 1-1" dt="text" by="786"/>
<httpSample t="20999" lt="0" ts="1282653872547" s="false" lb="/maps" rc="Non HTTP response code: java.net.ConnectException" rm="Non HTTP response message: Connection timed out" tn="Grupo de Hilos 1-2" dt="text" by="1537"/>
<httpSample t="37" lt="37" ts="1282653893548" s="true" lb="/iceweb/restful/Centro/46006574" rc="200" rm="OK" tn="Grupo de Hilos 1-2" dt="text" by="786"/>
<httpSample t="20997" lt="0" ts="1282653873245" s="false" lb="/maps" rc="Non HTTP response code: java.net.ConnectException" rm="Non HTTP response message: Connection timed out" tn="Grupo de Hilos 1-3" dt="text" by="1537"/>
<httpSample t="13" lt="13" ts="1282653894244" s="true" lb="/iceweb/restful/Centro/46006574" rc="200" rm="OK" tn="Grupo de Hilos 1-3" dt="text" by="786"/>
<httpSample t="20999" lt="0" ts="1282653873651" s="false" lb="/maps" rc="Non HTTP response code: java.net.ConnectException" rm="Non HTTP response message: Connection timed out" tn="Grupo de Hilos 1-4" dt="text" by="1537"/>
<httpSample t="11" lt="10" ts="1282653894652" s="true" lb="/iceweb/restful/Centro/46006574" rc="200" rm="OK" tn="Grupo de Hilos 1-4" dt="text" by="786"/>
<httpSample t="20999" lt="0" ts="1282653873679" s="false" lb="/maps" rc="Non HTTP response code: java.net.ConnectException" rm="Non HTTP response message: Connection timed out" tn="Grupo de Hilos 1-5" dt="text" by="1537"/>
<httpSample t="12" lt="12" ts="1282653894679" s="true" lb="/iceweb/restful/Centro/46006574" rc="200" rm="OK" tn="Grupo de Hilos 1-5" dt="text" by="786"/>
<httpSample t="20999" lt="0" ts="1282653893187" s="false" lb="/maps" rc="Non HTTP response code: java.net.ConnectException" rm="Non HTTP response message: Connection timed out" tn="Grupo de Hilos 1-1" dt="text" by="1537"/>
<httpSample t="77" lt="27" ts="1282653914188" s="true" lb="/iceweb/centroLista" rc="200" rm="OK" tn="Grupo de Hilos 1-1" dt="text" by="653259"/>
<httpSample t="62" lt="58" ts="1282653914266" s="true" lb="/iceweb/restful/Centro/findMarcasCuadriculaByFilter" rc="200" rm="OK" tn="Grupo de Hilos 1-1" dt="text" by="65601"/>
<httpSample t="209" lt="0" ts="1282653914329" s="false" lb="/en-US/firefox/headlines.xml" rc="Non HTTP response code: java.net.ConnectException" rm="Non HTTP response message: Connection refused" tn="Grupo de Hilos 1-1" dt="text" by="1535"/>
<httpSample t="21000" lt="0" ts="1282653893586" s="false" lb="/maps" rc="Non HTTP response code: java.net.ConnectException" rm="Non HTTP response message: Connection timed out" tn="Grupo de Hilos 1-2" dt="text" by="1537"/>
<httpSample t="88" lt="47" ts="1282653914587" s="true" lb="/iceweb/centroLista" rc="200" rm="OK" tn="Grupo de Hilos 1-2" dt="text" by="653259"/>
<httpSample t="189" lt="0" ts="1282653914540" s="false" lb="/firefox/headlines.xml" rc="Non HTTP response code: java.net.ConnectException" rm="Non HTTP response message: Connection refused" tn="Grupo de Hilos 1-1" dt="text" by="1535"/>
<httpSample t="62" lt="58" ts="1282653914676" s="true" lb="/iceweb/restful/Centro/findMarcasCuadriculaByFilter" rc="200" rm="OK" tn="Grupo de Hilos 1-2" dt="text" by="65601"/>
<httpSample t="84" lt="0" ts="1282653914730" s="false" lb="/rss/newsonline_world_edition/front_page/rss.xml" rc="Non HTTP response code: java.net.ConnectException" rm="Non HTTP response message: Connection refused" tn="Grupo de Hilos 1-1" dt="text" by="1535"/>
<httpSample t="75" lt="0" ts="1282653914816" s="false" lb="/news/rss.xml" rc="Non HTTP response code: java.net.ConnectException" rm="Non HTTP response message: Connection refused" tn="Grupo de Hilos 1-1" dt="text" by="1535"/>
<httpSample t="17" lt="1" ts="1282653914893" s="true" lb="/iceweb" rc="200" rm="OK" tn="Grupo de Hilos 1-1" dt="text" by="8397">
  <httpSample t="1" lt="1" ts="1282653914893" s="true" lb="http://localhost:8080/iceweb" rc="302" rm="Movido temporálmente" tn="" dt="" by="0"/>
  <httpSample t="16" lt="16" ts="1282653914894" s="true" lb="http://localhost:8080/iceweb/" rc="200" rm="OK" tn="Grupo de Hilos 1-1" dt="text" by="8397"/>
</httpSample>
<httpSample t="12" lt="12" ts="1282653914912" s="true" lb="/iceweb/" rc="200" rm="OK" tn="Grupo de Hilos 1-1" dt="text" by="8397"/>
<httpSample t="188" lt="0" ts="1282653914740" s="false" lb="/en-US/firefox/headlines.xml" rc="Non HTTP response code: java.net.ConnectException" rm="Non HTTP response message: Connection refused" tn="Grupo de Hilos 1-2" dt="text" by="1535"/>
<httpSample t="4" lt="4" ts="1282653914925" s="true" lb="/iceweb/styles/style.css;jsessionid=7C1B32529F00FF74DE79911BBC899F36" rc="200" rm="OK" tn="Grupo de Hilos 1-1" dt="text" by="2588"/>
<httpSample t="3" lt="3" ts="1282653914931" s="true" lb="/iceweb/js/flexigrid/css/flexigrid/flexigrid.css;jsessionid=7C1B32529F00FF74DE79911BBC899F36" rc="200" rm="OK" tn="Grupo de Hilos 1-1" dt="text" by="13979"/>
<httpSample t="2" lt="2" ts="1282653914935" s="true" lb="/iceweb/js/ajax.js;jsessionid=7C1B32529F00FF74DE79911BBC899F36" rc="200" rm="OK" tn="Grupo de Hilos 1-1" dt="text" by="11865"/>
<httpSample t="3" lt="3" ts="1282653914938" s="true" lb="/iceweb/js/common.js;jsessionid=7C1B32529F00FF74DE79911BBC899F36" rc="200" rm="OK" tn="Grupo de Hilos 1-1" dt="text" by="1161"/>
<httpSample t="2" lt="2" ts="1282653914942" s="true" lb="/iceweb/js/flexigrid/CentroPagedGrid.js;jsessionid=7C1B32529F00FF74DE79911BBC899F36" rc="200" rm="OK" tn="Grupo de Hilos 1-1" dt="text" by="42362"/>
<httpSample t="5" lt="5" ts="1282653914945" s="true" lb="/iceweb/js/jquery-1.4.js;jsessionid=7C1B32529F00FF74DE79911BBC899F36" rc="200" rm="OK" tn="Grupo de Hilos 1-1" dt="text" by="158407"/>
<httpSample t="4" lt="4" ts="1282653914951" s="true" lb="/iceweb/js/OpenLayersExt.js;jsessionid=7C1B32529F00FF74DE79911BBC899F36" rc="200" rm="OK" tn="Grupo de Hilos 1-1" dt="text" by="12330"/>
<httpSample t="4" lt="4" ts="1282653914956" s="true" lb="/iceweb/js/json.js;jsessionid=7C1B32529F00FF74DE79911BBC899F36" rc="200" rm="OK" tn="Grupo de Hilos 1-1" dt="text" by="7788"/>
<httpSample t="188" lt="0" ts="1282653914930" s="false" lb="/firefox/headlines.xml" rc="Non HTTP response code: java.net.ConnectException" rm="Non HTTP response message: Connection refused" tn="Grupo de Hilos 1-2" dt="text" by="1535"/>
<httpSample t="53" lt="0" ts="1282653915120" s="false" lb="/rss/newsonline_world_edition/front_page/rss.xml" rc="Non HTTP response code: java.net.ConnectException" rm="Non HTTP response message: Connection refused" tn="Grupo de Hilos 1-2" dt="text" by="1535"/>
<httpSample t="51" lt="0" ts="1282653915175" s="false" lb="/news/rss.xml" rc="Non HTTP response code: java.net.ConnectException" rm="Non HTTP response message: Connection refused" tn="Grupo de Hilos 1-2" dt="text" by="1535"/>
<httpSample t="14" lt="0" ts="1282653915228" s="true" lb="/iceweb" rc="200" rm="OK" tn="Grupo de Hilos 1-2" dt="text" by="8397">
  <httpSample t="0" lt="0" ts="1282653915228" s="true" lb="http://localhost:8080/iceweb" rc="302" rm="Movido temporálmente" tn="" dt="" by="0"/>
  <httpSample t="13" lt="13" ts="1282653915229" s="true" lb="http://localhost:8080/iceweb/" rc="200" rm="OK" tn="Grupo de Hilos 1-2" dt="text" by="8397"/>
</httpSample>
<httpSample t="21001" lt="0" ts="1282653894258" s="false" lb="/maps" rc="Non HTTP response code: java.net.ConnectException" rm="Non HTTP response message: Connection timed out" tn="Grupo de Hilos 1-3" dt="text" by="1537"/>
<httpSample t="20" lt="20" ts="1282653915243" s="true" lb="/iceweb/" rc="200" rm="OK" tn="Grupo de Hilos 1-2" dt="text" by="8397"/>
<httpSample t="7" lt="7" ts="1282653915264" s="true" lb="/iceweb/styles/style.css;jsessionid=7C1B32529F00FF74DE79911BBC899F36" rc="200" rm="OK" tn="Grupo de Hilos 1-2" dt="text" by="2588"/>
<httpSample t="3" lt="2" ts="1282653915273" s="true" lb="/iceweb/js/flexigrid/css/flexigrid/flexigrid.css;jsessionid=7C1B32529F00FF74DE79911BBC899F36" rc="200" rm="OK" tn="Grupo de Hilos 1-2" dt="text" by="13979"/>
<httpSample t="3" lt="3" ts="1282653915276" s="true" lb="/iceweb/js/ajax.js;jsessionid=7C1B32529F00FF74DE79911BBC899F36" rc="200" rm="OK" tn="Grupo de Hilos 1-2" dt="text" by="11865"/>
<httpSample t="8" lt="8" ts="1282653915280" s="true" lb="/iceweb/js/common.js;jsessionid=7C1B32529F00FF74DE79911BBC899F36" rc="200" rm="OK" tn="Grupo de Hilos 1-2" dt="text" by="1161"/>
<httpSample t="2" lt="2" ts="1282653915289" s="true" lb="/iceweb/js/flexigrid/CentroPagedGrid.js;jsessionid=7C1B32529F00FF74DE79911BBC899F36" rc="200" rm="OK" tn="Grupo de Hilos 1-2" dt="text" by="42362"/>
<httpSample t="5" lt="4" ts="1282653915292" s="true" lb="/iceweb/js/jquery-1.4.js;jsessionid=7C1B32529F00FF74DE79911BBC899F36" rc="200" rm="OK" tn="Grupo de Hilos 1-2" dt="text" by="158407"/>
<httpSample t="2" lt="2" ts="1282653915298" s="true" lb="/iceweb/js/OpenLayersExt.js;jsessionid=7C1B32529F00FF74DE79911BBC899F36" rc="200" rm="OK" tn="Grupo de Hilos 1-2" dt="text" by="12330"/>
<httpSample t="2" lt="2" ts="1282653915301" s="true" lb="/iceweb/js/json.js;jsessionid=7C1B32529F00FF74DE79911BBC899F36" rc="200" rm="OK" tn="Grupo de Hilos 1-2" dt="text" by="7788"/>
<httpSample t="89" lt="24" ts="1282653915260" s="true" lb="/iceweb/centroLista" rc="200" rm="OK" tn="Grupo de Hilos 1-3" dt="text" by="653259"/>
<httpSample t="62" lt="56" ts="1282653915351" s="true" lb="/iceweb/restful/Centro/findMarcasCuadriculaByFilter" rc="200" rm="OK" tn="Grupo de Hilos 1-3" dt="text" by="65601"/>
<httpSample t="189" lt="0" ts="1282653915414" s="false" lb="/en-US/firefox/headlines.xml" rc="Non HTTP response code: java.net.ConnectException" rm="Non HTTP response message: Connection refused" tn="Grupo de Hilos 1-3" dt="text" by="1535"/>
<httpSample t="20998" lt="0" ts="1282653894664" s="false" lb="/maps" rc="Non HTTP response code: java.net.ConnectException" rm="Non HTTP response message: Connection timed out" tn="Grupo de Hilos 1-4" dt="text" by="1537"/>
<httpSample t="20999" lt="0" ts="1282653894692" s="false" lb="/maps" rc="Non HTTP response code: java.net.ConnectException" rm="Non HTTP response message: Connection timed out" tn="Grupo de Hilos 1-5" dt="text" by="1537"/>
<httpSample t="110" lt="20" ts="1282653915664" s="true" lb="/iceweb/centroLista" rc="200" rm="OK" tn="Grupo de Hilos 1-4" dt="text" by="653259"/>
<httpSample t="83" lt="22" ts="1282653915692" s="true" lb="/iceweb/centroLista" rc="200" rm="OK" tn="Grupo de Hilos 1-5" dt="text" by="653259"/>
<httpSample t="190" lt="0" ts="1282653915605" s="false" lb="/firefox/headlines.xml" rc="Non HTTP response code: java.net.ConnectException" rm="Non HTTP response message: Connection refused" tn="Grupo de Hilos 1-3" dt="text" by="1535"/>
<httpSample t="55" lt="0" ts="1282653915796" s="false" lb="/rss/newsonline_world_edition/front_page/rss.xml" rc="Non HTTP response code: java.net.ConnectException" rm="Non HTTP response message: Connection refused" tn="Grupo de Hilos 1-3" dt="text" by="1535"/>
<httpSample t="55" lt="0" ts="1282653915852" s="false" lb="/news/rss.xml" rc="Non HTTP response code: java.net.ConnectException" rm="Non HTTP response message: Connection refused" tn="Grupo de Hilos 1-3" dt="text" by="1535"/>
<httpSample t="178" lt="172" ts="1282653915776" s="true" lb="/iceweb/restful/Centro/findMarcasCuadriculaByFilter" rc="200" rm="OK" tn="Grupo de Hilos 1-5" dt="text" by="65601"/>
<httpSample t="183" lt="177" ts="1282653915776" s="true" lb="/iceweb/restful/Centro/findMarcasCuadriculaByFilter" rc="200" rm="OK" tn="Grupo de Hilos 1-4" dt="text" by="65601"/>
<httpSample t="57" lt="2" ts="1282653915914" s="true" lb="/iceweb" rc="200" rm="OK" tn="Grupo de Hilos 1-3" dt="text" by="8397">
  <httpSample t="2" lt="2" ts="1282653915914" s="true" lb="http://localhost:8080/iceweb" rc="302" rm="Movido temporálmente" tn="" dt="" by="0"/>
  <httpSample t="55" lt="55" ts="1282653915916" s="true" lb="http://localhost:8080/iceweb/" rc="200" rm="OK" tn="Grupo de Hilos 1-3" dt="text" by="8397"/>
</httpSample>
<httpSample t="20" lt="19" ts="1282653915972" s="true" lb="/iceweb/" rc="200" rm="OK" tn="Grupo de Hilos 1-3" dt="text" by="8397"/>
<httpSample t="3" lt="3" ts="1282653915992" s="true" lb="/iceweb/styles/style.css;jsessionid=7C1B32529F00FF74DE79911BBC899F36" rc="200" rm="OK" tn="Grupo de Hilos 1-3" dt="text" by="2588"/>
<httpSample t="3" lt="3" ts="1282653915996" s="true" lb="/iceweb/js/flexigrid/css/flexigrid/flexigrid.css;jsessionid=7C1B32529F00FF74DE79911BBC899F36" rc="200" rm="OK" tn="Grupo de Hilos 1-3" dt="text" by="13979"/>
<httpSample t="2" lt="2" ts="1282653916000" s="true" lb="/iceweb/js/ajax.js;jsessionid=7C1B32529F00FF74DE79911BBC899F36" rc="200" rm="OK" tn="Grupo de Hilos 1-3" dt="text" by="11865"/>
<httpSample t="3" lt="3" ts="1282653916003" s="true" lb="/iceweb/js/common.js;jsessionid=7C1B32529F00FF74DE79911BBC899F36" rc="200" rm="OK" tn="Grupo de Hilos 1-3" dt="text" by="1161"/>
<httpSample t="5" lt="5" ts="1282653916012" s="true" lb="/iceweb/js/flexigrid/CentroPagedGrid.js;jsessionid=7C1B32529F00FF74DE79911BBC899F36" rc="200" rm="OK" tn="Grupo de Hilos 1-3" dt="text" by="42362"/>
<httpSample t="3" lt="2" ts="1282653916019" s="true" lb="/iceweb/js/jquery-1.4.js;jsessionid=7C1B32529F00FF74DE79911BBC899F36" rc="200" rm="OK" tn="Grupo de Hilos 1-3" dt="text" by="158407"/>
<httpSample t="2" lt="2" ts="1282653916023" s="true" lb="/iceweb/js/OpenLayersExt.js;jsessionid=7C1B32529F00FF74DE79911BBC899F36" rc="200" rm="OK" tn="Grupo de Hilos 1-3" dt="text" by="12330"/>
<httpSample t="2" lt="2" ts="1282653916026" s="true" lb="/iceweb/js/json.js;jsessionid=7C1B32529F00FF74DE79911BBC899F36" rc="200" rm="OK" tn="Grupo de Hilos 1-3" dt="text" by="7788"/>
<httpSample t="189" lt="0" ts="1282653915956" s="false" lb="/en-US/firefox/headlines.xml" rc="Non HTTP response code: java.net.ConnectException" rm="Non HTTP response message: Connection refused" tn="Grupo de Hilos 1-5" dt="text" by="1535"/>
<httpSample t="198" lt="0" ts="1282653915960" s="false" lb="/en-US/firefox/headlines.xml" rc="Non HTTP response code: java.net.ConnectException" rm="Non HTTP response message: Connection refused" tn="Grupo de Hilos 1-4" dt="text" by="1535"/>
<httpSample t="191" lt="0" ts="1282653916146" s="false" lb="/firefox/headlines.xml" rc="Non HTTP response code: java.net.ConnectException" rm="Non HTTP response message: Connection refused" tn="Grupo de Hilos 1-5" dt="text" by="1535"/>
<httpSample t="190" lt="0" ts="1282653916160" s="false" lb="/firefox/headlines.xml" rc="Non HTTP response code: java.net.ConnectException" rm="Non HTTP response message: Connection refused" tn="Grupo de Hilos 1-4" dt="text" by="1535"/>
<httpSample t="54" lt="0" ts="1282653916339" s="false" lb="/rss/newsonline_world_edition/front_page/rss.xml" rc="Non HTTP response code: java.net.ConnectException" rm="Non HTTP response message: Connection refused" tn="Grupo de Hilos 1-5" dt="text" by="1535"/>
<httpSample t="53" lt="0" ts="1282653916352" s="false" lb="/rss/newsonline_world_edition/front_page/rss.xml" rc="Non HTTP response code: java.net.ConnectException" rm="Non HTTP response message: Connection refused" tn="Grupo de Hilos 1-4" dt="text" by="1535"/>
<httpSample t="57" lt="0" ts="1282653916395" s="false" lb="/news/rss.xml" rc="Non HTTP response code: java.net.ConnectException" rm="Non HTTP response message: Connection refused" tn="Grupo de Hilos 1-5" dt="text" by="1535"/>
<httpSample t="54" lt="0" ts="1282653916407" s="false" lb="/news/rss.xml" rc="Non HTTP response code: java.net.ConnectException" rm="Non HTTP response message: Connection refused" tn="Grupo de Hilos 1-4" dt="text" by="1535"/>
<httpSample t="29" lt="2" ts="1282653916453" s="true" lb="/iceweb" rc="200" rm="OK" tn="Grupo de Hilos 1-5" dt="text" by="8397">
  <httpSample t="2" lt="2" ts="1282653916453" s="true" lb="http://localhost:8080/iceweb" rc="302" rm="Movido temporálmente" tn="" dt="" by="0"/>
  <httpSample t="27" lt="27" ts="1282653916455" s="true" lb="http://localhost:8080/iceweb/" rc="200" rm="OK" tn="Grupo de Hilos 1-5" dt="text" by="8397"/>
</httpSample>
<httpSample t="27" lt="1" ts="1282653916463" s="true" lb="/iceweb" rc="200" rm="OK" tn="Grupo de Hilos 1-4" dt="text" by="8397">
  <httpSample t="1" lt="1" ts="1282653916463" s="true" lb="http://localhost:8080/iceweb" rc="302" rm="Movido temporálmente" tn="" dt="" by="0"/>
  <httpSample t="26" lt="26" ts="1282653916464" s="true" lb="http://localhost:8080/iceweb/" rc="200" rm="OK" tn="Grupo de Hilos 1-4" dt="text" by="8397"/>
</httpSample>
<httpSample t="32" lt="32" ts="1282653916483" s="true" lb="/iceweb/" rc="200" rm="OK" tn="Grupo de Hilos 1-5" dt="text" by="8397"/>
<httpSample t="32" lt="32" ts="1282653916492" s="true" lb="/iceweb/" rc="200" rm="OK" tn="Grupo de Hilos 1-4" dt="text" by="8397"/>
<httpSample t="12" lt="12" ts="1282653916516" s="true" lb="/iceweb/styles/style.css;jsessionid=7C1B32529F00FF74DE79911BBC899F36" rc="200" rm="OK" tn="Grupo de Hilos 1-5" dt="text" by="2588"/>
<httpSample t="6" lt="6" ts="1282653916525" s="true" lb="/iceweb/styles/style.css;jsessionid=7C1B32529F00FF74DE79911BBC899F36" rc="200" rm="OK" tn="Grupo de Hilos 1-4" dt="text" by="2588"/>
<httpSample t="6" lt="6" ts="1282653916528" s="true" lb="/iceweb/js/flexigrid/css/flexigrid/flexigrid.css;jsessionid=7C1B32529F00FF74DE79911BBC899F36" rc="200" rm="OK" tn="Grupo de Hilos 1-5" dt="text" by="13979"/>
<httpSample t="9" lt="9" ts="1282653916531" s="true" lb="/iceweb/js/flexigrid/css/flexigrid/flexigrid.css;jsessionid=7C1B32529F00FF74DE79911BBC899F36" rc="200" rm="OK" tn="Grupo de Hilos 1-4" dt="text" by="13979"/>
<httpSample t="10" lt="9" ts="1282653916535" s="true" lb="/iceweb/js/ajax.js;jsessionid=7C1B32529F00FF74DE79911BBC899F36" rc="200" rm="OK" tn="Grupo de Hilos 1-5" dt="text" by="11865"/>
<httpSample t="7" lt="7" ts="1282653916541" s="true" lb="/iceweb/js/ajax.js;jsessionid=7C1B32529F00FF74DE79911BBC899F36" rc="200" rm="OK" tn="Grupo de Hilos 1-4" dt="text" by="11865"/>
<httpSample t="5" lt="5" ts="1282653916546" s="true" lb="/iceweb/js/common.js;jsessionid=7C1B32529F00FF74DE79911BBC899F36" rc="200" rm="OK" tn="Grupo de Hilos 1-5" dt="text" by="1161"/>
<httpSample t="3" lt="3" ts="1282653916552" s="true" lb="/iceweb/js/flexigrid/CentroPagedGrid.js;jsessionid=7C1B32529F00FF74DE79911BBC899F36" rc="200" rm="OK" tn="Grupo de Hilos 1-5" dt="text" by="42362"/>
<httpSample t="7" lt="7" ts="1282653916549" s="true" lb="/iceweb/js/common.js;jsessionid=7C1B32529F00FF74DE79911BBC899F36" rc="200" rm="OK" tn="Grupo de Hilos 1-4" dt="text" by="1161"/>
<httpSample t="4" lt="3" ts="1282653916557" s="true" lb="/iceweb/js/jquery-1.4.js;jsessionid=7C1B32529F00FF74DE79911BBC899F36" rc="200" rm="OK" tn="Grupo de Hilos 1-5" dt="text" by="158407"/>
<httpSample t="3" lt="2" ts="1282653916562" s="true" lb="/iceweb/js/OpenLayersExt.js;jsessionid=7C1B32529F00FF74DE79911BBC899F36" rc="200" rm="OK" tn="Grupo de Hilos 1-5" dt="text" by="12330"/>
<httpSample t="14" lt="14" ts="1282653916558" s="true" lb="/iceweb/js/flexigrid/CentroPagedGrid.js;jsessionid=7C1B32529F00FF74DE79911BBC899F36" rc="200" rm="OK" tn="Grupo de Hilos 1-4" dt="text" by="42362"/>
<httpSample t="9" lt="9" ts="1282653916566" s="true" lb="/iceweb/js/json.js;jsessionid=7C1B32529F00FF74DE79911BBC899F36" rc="200" rm="OK" tn="Grupo de Hilos 1-5" dt="text" by="7788"/>
<httpSample t="6" lt="6" ts="1282653916573" s="true" lb="/iceweb/js/jquery-1.4.js;jsessionid=7C1B32529F00FF74DE79911BBC899F36" rc="200" rm="OK" tn="Grupo de Hilos 1-4" dt="text" by="158407"/>
<httpSample t="3" lt="3" ts="1282653916580" s="true" lb="/iceweb/js/OpenLayersExt.js;jsessionid=7C1B32529F00FF74DE79911BBC899F36" rc="200" rm="OK" tn="Grupo de Hilos 1-4" dt="text" by="12330"/>
<httpSample t="7" lt="7" ts="1282653916584" s="true" lb="/iceweb/js/json.js;jsessionid=7C1B32529F00FF74DE79911BBC899F36" rc="200" rm="OK" tn="Grupo de Hilos 1-4" dt="text" by="7788"/>
<httpSample t="21021" lt="0" ts="1282653914961" s="false" lb="/maps" rc="Non HTTP response code: java.net.ConnectException" rm="Non HTTP response message: Connection timed out" tn="Grupo de Hilos 1-1" dt="text" by="1537"/>
<httpSample t="13" lt="7" ts="1282653935984" s="true" lb="/iceweb/js/OpenLayers/OpenLayers.js;jsessionid=7C1B32529F00FF74DE79911BBC899F36" rc="200" rm="OK" tn="Grupo de Hilos 1-1" dt="text" by="711799"/>
<httpSample t="20998" lt="0" ts="1282653915304" s="false" lb="/maps" rc="Non HTTP response code: java.net.ConnectException" rm="Non HTTP response message: Connection timed out" tn="Grupo de Hilos 1-2" dt="text" by="1537"/>
<httpSample t="13" lt="8" ts="1282653936304" s="true" lb="/iceweb/js/OpenLayers/OpenLayers.js;jsessionid=7C1B32529F00FF74DE79911BBC899F36" rc="200" rm="OK" tn="Grupo de Hilos 1-2" dt="text" by="711799"/>
<httpSample t="20997" lt="0" ts="1282653916029" s="false" lb="/maps" rc="Non HTTP response code: java.net.ConnectException" rm="Non HTTP response message: Connection timed out" tn="Grupo de Hilos 1-3" dt="text" by="1537"/>
<httpSample t="12" lt="5" ts="1282653937028" s="true" lb="/iceweb/js/OpenLayers/OpenLayers.js;jsessionid=7C1B32529F00FF74DE79911BBC899F36" rc="200" rm="OK" tn="Grupo de Hilos 1-3" dt="text" by="711799"/>
<httpSample t="20998" lt="0" ts="1282653916576" s="false" lb="/maps" rc="Non HTTP response code: java.net.ConnectException" rm="Non HTTP response message: Connection timed out" tn="Grupo de Hilos 1-5" dt="text" by="1537"/>
<httpSample t="13" lt="6" ts="1282653937576" s="true" lb="/iceweb/js/OpenLayers/OpenLayers.js;jsessionid=7C1B32529F00FF74DE79911BBC899F36" rc="200" rm="OK" tn="Grupo de Hilos 1-5" dt="text" by="711799"/>
<httpSample t="20998" lt="0" ts="1282653916592" s="false" lb="/maps" rc="Non HTTP response code: java.net.ConnectException" rm="Non HTTP response message: Connection timed out" tn="Grupo de Hilos 1-4" dt="text" by="1537"/>
<httpSample t="8" lt="3" ts="1282653937591" s="true" lb="/iceweb/js/OpenLayers/OpenLayers.js;jsessionid=7C1B32529F00FF74DE79911BBC899F36" rc="200" rm="OK" tn="Grupo de Hilos 1-4" dt="text" by="711799"/>
<httpSample t="21016" lt="0" ts="1282653935998" s="false" lb="/intl/es_ALL/mapfiles/260d/maps2.api/mod_stats.js" rc="Non HTTP response code: java.net.ConnectException" rm="Non HTTP response message: Connection timed out" tn="Grupo de Hilos 1-1" dt="text" by="1537"/>
<httpSample t="6" lt="6" ts="1282653957016" s="false" lb="/iceweb/styles/img/south-mini.png" rc="404" rm="/iceweb/styles/img/south-mini.png" tn="Grupo de Hilos 1-1" dt="text" by="1059"/>
<httpSample t="4" lt="4" ts="1282653957024" s="false" lb="/iceweb/style.css" rc="404" rm="/iceweb/style.css" tn="Grupo de Hilos 1-1" dt="text" by="1011"/>
<httpSample t="3" lt="3" ts="1282653957029" s="false" lb="/iceweb/img/north-mini.png" rc="404" rm="/iceweb/img/north-mini.png" tn="Grupo de Hilos 1-1" dt="text" by="1038"/>
<httpSample t="3" lt="3" ts="1282653957033" s="false" lb="/iceweb/img/east-mini.png" rc="404" rm="/iceweb/img/east-mini.png" tn="Grupo de Hilos 1-1" dt="text" by="1035"/>
<httpSample t="3" lt="3" ts="1282653957037" s="false" lb="/iceweb/img/south-mini.png" rc="404" rm="/iceweb/img/south-mini.png" tn="Grupo de Hilos 1-1" dt="text" by="1038"/>
<httpSample t="3" lt="3" ts="1282653957041" s="false" lb="/iceweb/img/zoom-plus-mini.png" rc="404" rm="/iceweb/img/zoom-plus-mini.png" tn="Grupo de Hilos 1-1" dt="text" by="1050"/>
<httpSample t="3" lt="3" ts="1282653957045" s="false" lb="/iceweb/img/zoom-world-mini.png" rc="404" rm="/iceweb/img/zoom-world-mini.png" tn="Grupo de Hilos 1-1" dt="text" by="1053"/>
<httpSample t="3" lt="3" ts="1282653957051" s="false" lb="/iceweb/img/west-mini.png" rc="404" rm="/iceweb/img/west-mini.png" tn="Grupo de Hilos 1-1" dt="text" by="1035"/>
<httpSample t="3" lt="3" ts="1282653957055" s="false" lb="/iceweb/img/zoom-minus-mini.png" rc="404" rm="/iceweb/img/zoom-minus-mini.png" tn="Grupo de Hilos 1-1" dt="text" by="1053"/>
<httpSample t="3" lt="3" ts="1282653957060" s="false" lb="/iceweb/img/layer-switcher-minimize.png" rc="404" rm="/iceweb/img/layer-switcher-minimize.png" tn="Grupo de Hilos 1-1" dt="text" by="1077"/>
<httpSample t="4" lt="4" ts="1282653957064" s="false" lb="/iceweb/img/layer-switcher-maximize.png" rc="404" rm="/iceweb/img/layer-switcher-maximize.png" tn="Grupo de Hilos 1-1" dt="text" by="1077"/>
<httpSample t="19" lt="19" ts="1282653957069" s="true" lb="/iceweb/restful/Centro/findPagedByVentanaAndFilter" rc="200" rm="OK" tn="Grupo de Hilos 1-1" dt="text" by="11479"/>
<httpSample t="61" lt="56" ts="1282653957089" s="true" lb="/iceweb/restful/Centro/findMarcasCuadriculaByFilter" rc="200" rm="OK" tn="Grupo de Hilos 1-1" dt="text" by="64084"/>
<httpSample t="77" lt="69" ts="1282653957151" s="true" lb="/iceweb/restful/Centro/findMarcasCuadriculaByFilter" rc="200" rm="OK" tn="Grupo de Hilos 1-1" dt="text" by="86966"/>
<httpSample t="14" lt="14" ts="1282653957229" s="true" lb="/iceweb/restful/Centro/findPagedByVentanaAndFilter" rc="200" rm="OK" tn="Grupo de Hilos 1-1" dt="text" by="12174"/>
<httpSample t="14" lt="14" ts="1282653957244" s="true" lb="/iceweb/restful/Centro/findPagedByVentanaAndFilter" rc="200" rm="OK" tn="Grupo de Hilos 1-1" dt="text" by="11851"/>
<httpSample t="14" lt="13" ts="1282653957259" s="true" lb="/iceweb/restful/Centro/findPagedByVentanaAndFilter" rc="200" rm="OK" tn="Grupo de Hilos 1-1" dt="text" by="13604"/>
<httpSample t="12" lt="12" ts="1282653957274" s="true" lb="/iceweb/restful/Centro/findPagedByVentanaAndFilter" rc="200" rm="OK" tn="Grupo de Hilos 1-1" dt="text" by="14056"/>
<httpSample t="22" lt="22" ts="1282653957287" s="true" lb="/iceweb/centroDetalle" rc="200" rm="OK" tn="Grupo de Hilos 1-1" dt="text" by="4200"/>
<httpSample t="20999" lt="0" ts="1282653936319" s="false" lb="/intl/es_ALL/mapfiles/260d/maps2.api/mod_stats.js" rc="Non HTTP response code: java.net.ConnectException" rm="Non HTTP response message: Connection timed out" tn="Grupo de Hilos 1-2" dt="text" by="1537"/>
<httpSample t="5" lt="5" ts="1282653957321" s="false" lb="/iceweb/styles/img/south-mini.png" rc="404" rm="/iceweb/styles/img/south-mini.png" tn="Grupo de Hilos 1-2" dt="text" by="1059"/>
<httpSample t="2" lt="2" ts="1282653957327" s="false" lb="/iceweb/style.css" rc="404" rm="/iceweb/style.css" tn="Grupo de Hilos 1-2" dt="text" by="1011"/>
<httpSample t="3" lt="3" ts="1282653957331" s="false" lb="/iceweb/img/north-mini.png" rc="404" rm="/iceweb/img/north-mini.png" tn="Grupo de Hilos 1-2" dt="text" by="1038"/>
<httpSample t="4" lt="4" ts="1282653957335" s="false" lb="/iceweb/img/east-mini.png" rc="404" rm="/iceweb/img/east-mini.png" tn="Grupo de Hilos 1-2" dt="text" by="1035"/>
<httpSample t="3" lt="3" ts="1282653957340" s="false" lb="/iceweb/img/south-mini.png" rc="404" rm="/iceweb/img/south-mini.png" tn="Grupo de Hilos 1-2" dt="text" by="1038"/>
<httpSample t="3" lt="3" ts="1282653957344" s="false" lb="/iceweb/img/zoom-plus-mini.png" rc="404" rm="/iceweb/img/zoom-plus-mini.png" tn="Grupo de Hilos 1-2" dt="text" by="1050"/>
<httpSample t="3" lt="3" ts="1282653957348" s="false" lb="/iceweb/img/zoom-world-mini.png" rc="404" rm="/iceweb/img/zoom-world-mini.png" tn="Grupo de Hilos 1-2" dt="text" by="1053"/>
<httpSample t="2" lt="2" ts="1282653957352" s="false" lb="/iceweb/img/west-mini.png" rc="404" rm="/iceweb/img/west-mini.png" tn="Grupo de Hilos 1-2" dt="text" by="1035"/>
<httpSample t="3" lt="3" ts="1282653957355" s="false" lb="/iceweb/img/zoom-minus-mini.png" rc="404" rm="/iceweb/img/zoom-minus-mini.png" tn="Grupo de Hilos 1-2" dt="text" by="1053"/>
<httpSample t="2" lt="2" ts="1282653957360" s="false" lb="/iceweb/img/layer-switcher-minimize.png" rc="404" rm="/iceweb/img/layer-switcher-minimize.png" tn="Grupo de Hilos 1-2" dt="text" by="1077"/>
<httpSample t="3" lt="3" ts="1282653957363" s="false" lb="/iceweb/img/layer-switcher-maximize.png" rc="404" rm="/iceweb/img/layer-switcher-maximize.png" tn="Grupo de Hilos 1-2" dt="text" by="1077"/>
<httpSample t="16" lt="16" ts="1282653957367" s="true" lb="/iceweb/restful/Centro/findPagedByVentanaAndFilter" rc="200" rm="OK" tn="Grupo de Hilos 1-2" dt="text" by="11479"/>
<httpSample t="63" lt="59" ts="1282653957384" s="true" lb="/iceweb/restful/Centro/findMarcasCuadriculaByFilter" rc="200" rm="OK" tn="Grupo de Hilos 1-2" dt="text" by="64084"/>
<httpSample t="92" lt="84" ts="1282653957448" s="true" lb="/iceweb/restful/Centro/findMarcasCuadriculaByFilter" rc="200" rm="OK" tn="Grupo de Hilos 1-2" dt="text" by="86966"/>
<httpSample t="13" lt="13" ts="1282653957541" s="true" lb="/iceweb/restful/Centro/findPagedByVentanaAndFilter" rc="200" rm="OK" tn="Grupo de Hilos 1-2" dt="text" by="12174"/>
<httpSample t="13" lt="13" ts="1282653957555" s="true" lb="/iceweb/restful/Centro/findPagedByVentanaAndFilter" rc="200" rm="OK" tn="Grupo de Hilos 1-2" dt="text" by="11851"/>
<httpSample t="13" lt="13" ts="1282653957569" s="true" lb="/iceweb/restful/Centro/findPagedByVentanaAndFilter" rc="200" rm="OK" tn="Grupo de Hilos 1-2" dt="text" by="13604"/>
<httpSample t="12" lt="12" ts="1282653957583" s="true" lb="/iceweb/restful/Centro/findPagedByVentanaAndFilter" rc="200" rm="OK" tn="Grupo de Hilos 1-2" dt="text" by="14056"/>
<httpSample t="14" lt="14" ts="1282653957596" s="true" lb="/iceweb/centroDetalle" rc="200" rm="OK" tn="Grupo de Hilos 1-2" dt="text" by="4200"/>
<httpSample t="21001" lt="0" ts="1282653937041" s="false" lb="/intl/es_ALL/mapfiles/260d/maps2.api/mod_stats.js" rc="Non HTTP response code: java.net.ConnectException" rm="Non HTTP response message: Connection timed out" tn="Grupo de Hilos 1-3" dt="text" by="1537"/>
<httpSample t="3" lt="3" ts="1282653958043" s="false" lb="/iceweb/styles/img/south-mini.png" rc="404" rm="/iceweb/styles/img/south-mini.png" tn="Grupo de Hilos 1-3" dt="text" by="1059"/>
<httpSample t="2" lt="2" ts="1282653958047" s="false" lb="/iceweb/style.css" rc="404" rm="/iceweb/style.css" tn="Grupo de Hilos 1-3" dt="text" by="1011"/>
<httpSample t="2" lt="2" ts="1282653958050" s="false" lb="/iceweb/img/north-mini.png" rc="404" rm="/iceweb/img/north-mini.png" tn="Grupo de Hilos 1-3" dt="text" by="1038"/>
<httpSample t="3" lt="3" ts="1282653958054" s="false" lb="/iceweb/img/east-mini.png" rc="404" rm="/iceweb/img/east-mini.png" tn="Grupo de Hilos 1-3" dt="text" by="1035"/>
<httpSample t="2" lt="2" ts="1282653958058" s="false" lb="/iceweb/img/south-mini.png" rc="404" rm="/iceweb/img/south-mini.png" tn="Grupo de Hilos 1-3" dt="text" by="1038"/>
<httpSample t="2" lt="2" ts="1282653958062" s="false" lb="/iceweb/img/zoom-plus-mini.png" rc="404" rm="/iceweb/img/zoom-plus-mini.png" tn="Grupo de Hilos 1-3" dt="text" by="1050"/>
<httpSample t="2" lt="2" ts="1282653958065" s="false" lb="/iceweb/img/zoom-world-mini.png" rc="404" rm="/iceweb/img/zoom-world-mini.png" tn="Grupo de Hilos 1-3" dt="text" by="1053"/>
<httpSample t="3" lt="3" ts="1282653958069" s="false" lb="/iceweb/img/west-mini.png" rc="404" rm="/iceweb/img/west-mini.png" tn="Grupo de Hilos 1-3" dt="text" by="1035"/>
<httpSample t="3" lt="3" ts="1282653958073" s="false" lb="/iceweb/img/zoom-minus-mini.png" rc="404" rm="/iceweb/img/zoom-minus-mini.png" tn="Grupo de Hilos 1-3" dt="text" by="1053"/>
<httpSample t="3" lt="3" ts="1282653958077" s="false" lb="/iceweb/img/layer-switcher-minimize.png" rc="404" rm="/iceweb/img/layer-switcher-minimize.png" tn="Grupo de Hilos 1-3" dt="text" by="1077"/>
<httpSample t="3" lt="3" ts="1282653958081" s="false" lb="/iceweb/img/layer-switcher-maximize.png" rc="404" rm="/iceweb/img/layer-switcher-maximize.png" tn="Grupo de Hilos 1-3" dt="text" by="1077"/>
<httpSample t="14" lt="14" ts="1282653958085" s="true" lb="/iceweb/restful/Centro/findPagedByVentanaAndFilter" rc="200" rm="OK" tn="Grupo de Hilos 1-3" dt="text" by="11479"/>
<httpSample t="76" lt="71" ts="1282653958100" s="true" lb="/iceweb/restful/Centro/findMarcasCuadriculaByFilter" rc="200" rm="OK" tn="Grupo de Hilos 1-3" dt="text" by="64084"/>
<httpSample t="80" lt="72" ts="1282653958177" s="true" lb="/iceweb/restful/Centro/findMarcasCuadriculaByFilter" rc="200" rm="OK" tn="Grupo de Hilos 1-3" dt="text" by="86966"/>
<httpSample t="19" lt="18" ts="1282653958258" s="true" lb="/iceweb/restful/Centro/findPagedByVentanaAndFilter" rc="200" rm="OK" tn="Grupo de Hilos 1-3" dt="text" by="12174"/>
<httpSample t="12" lt="12" ts="1282653958278" s="true" lb="/iceweb/restful/Centro/findPagedByVentanaAndFilter" rc="200" rm="OK" tn="Grupo de Hilos 1-3" dt="text" by="11851"/>
<httpSample t="12" lt="12" ts="1282653958292" s="true" lb="/iceweb/restful/Centro/findPagedByVentanaAndFilter" rc="200" rm="OK" tn="Grupo de Hilos 1-3" dt="text" by="13604"/>
<httpSample t="12" lt="12" ts="1282653958305" s="true" lb="/iceweb/restful/Centro/findPagedByVentanaAndFilter" rc="200" rm="OK" tn="Grupo de Hilos 1-3" dt="text" by="14056"/>
<httpSample t="17" lt="17" ts="1282653958318" s="true" lb="/iceweb/centroDetalle" rc="200" rm="OK" tn="Grupo de Hilos 1-3" dt="text" by="4200"/>
<httpSample t="20999" lt="0" ts="1282653937591" s="false" lb="/intl/es_ALL/mapfiles/260d/maps2.api/mod_stats.js" rc="Non HTTP response code: java.net.ConnectException" rm="Non HTTP response message: Connection timed out" tn="Grupo de Hilos 1-5" dt="text" by="1537"/>
<httpSample t="4" lt="4" ts="1282653958592" s="false" lb="/iceweb/styles/img/south-mini.png" rc="404" rm="/iceweb/styles/img/south-mini.png" tn="Grupo de Hilos 1-5" dt="text" by="1059"/>
<httpSample t="20998" lt="0" ts="1282653937600" s="false" lb="/intl/es_ALL/mapfiles/260d/maps2.api/mod_stats.js" rc="Non HTTP response code: java.net.ConnectException" rm="Non HTTP response message: Connection timed out" tn="Grupo de Hilos 1-4" dt="text" by="1537"/>
<httpSample t="7" lt="7" ts="1282653958598" s="false" lb="/iceweb/style.css" rc="404" rm="/iceweb/style.css" tn="Grupo de Hilos 1-5" dt="text" by="1011"/>
<httpSample t="7" lt="7" ts="1282653958600" s="false" lb="/iceweb/styles/img/south-mini.png" rc="404" rm="/iceweb/styles/img/south-mini.png" tn="Grupo de Hilos 1-4" dt="text" by="1059"/>
<httpSample t="7" lt="7" ts="1282653958611" s="false" lb="/iceweb/style.css" rc="404" rm="/iceweb/style.css" tn="Grupo de Hilos 1-4" dt="text" by="1011"/>
<httpSample t="10" lt="10" ts="1282653958610" s="false" lb="/iceweb/img/north-mini.png" rc="404" rm="/iceweb/img/north-mini.png" tn="Grupo de Hilos 1-5" dt="text" by="1038"/>
<httpSample t="4" lt="4" ts="1282653958622" s="false" lb="/iceweb/img/north-mini.png" rc="404" rm="/iceweb/img/north-mini.png" tn="Grupo de Hilos 1-4" dt="text" by="1038"/>
<httpSample t="3" lt="3" ts="1282653958625" s="false" lb="/iceweb/img/east-mini.png" rc="404" rm="/iceweb/img/east-mini.png" tn="Grupo de Hilos 1-5" dt="text" by="1035"/>
<httpSample t="5" lt="5" ts="1282653958630" s="false" lb="/iceweb/img/east-mini.png" rc="404" rm="/iceweb/img/east-mini.png" tn="Grupo de Hilos 1-4" dt="text" by="1035"/>
<httpSample t="3" lt="3" ts="1282653958633" s="false" lb="/iceweb/img/south-mini.png" rc="404" rm="/iceweb/img/south-mini.png" tn="Grupo de Hilos 1-5" dt="text" by="1038"/>
<httpSample t="6" lt="6" ts="1282653958637" s="false" lb="/iceweb/img/south-mini.png" rc="404" rm="/iceweb/img/south-mini.png" tn="Grupo de Hilos 1-4" dt="text" by="1038"/>
<httpSample t="4" lt="4" ts="1282653958640" s="false" lb="/iceweb/img/zoom-plus-mini.png" rc="404" rm="/iceweb/img/zoom-plus-mini.png" tn="Grupo de Hilos 1-5" dt="text" by="1050"/>
<httpSample t="2" lt="2" ts="1282653958645" s="false" lb="/iceweb/img/zoom-plus-mini.png" rc="404" rm="/iceweb/img/zoom-plus-mini.png" tn="Grupo de Hilos 1-4" dt="text" by="1050"/>
<httpSample t="3" lt="3" ts="1282653958648" s="false" lb="/iceweb/img/zoom-world-mini.png" rc="404" rm="/iceweb/img/zoom-world-mini.png" tn="Grupo de Hilos 1-5" dt="text" by="1053"/>
<httpSample t="2" lt="2" ts="1282653958653" s="false" lb="/iceweb/img/west-mini.png" rc="404" rm="/iceweb/img/west-mini.png" tn="Grupo de Hilos 1-5" dt="text" by="1035"/>
<httpSample t="3" lt="3" ts="1282653958656" s="false" lb="/iceweb/img/zoom-minus-mini.png" rc="404" rm="/iceweb/img/zoom-minus-mini.png" tn="Grupo de Hilos 1-5" dt="text" by="1053"/>
<httpSample t="12" lt="12" ts="1282653958649" s="false" lb="/iceweb/img/zoom-world-mini.png" rc="404" rm="/iceweb/img/zoom-world-mini.png" tn="Grupo de Hilos 1-4" dt="text" by="1053"/>
<httpSample t="3" lt="3" ts="1282653958660" s="false" lb="/iceweb/img/layer-switcher-minimize.png" rc="404" rm="/iceweb/img/layer-switcher-minimize.png" tn="Grupo de Hilos 1-5" dt="text" by="1077"/>
<httpSample t="9" lt="9" ts="1282653958664" s="false" lb="/iceweb/img/west-mini.png" rc="404" rm="/iceweb/img/west-mini.png" tn="Grupo de Hilos 1-4" dt="text" by="1035"/>
<httpSample t="3" lt="3" ts="1282653958675" s="false" lb="/iceweb/img/zoom-minus-mini.png" rc="404" rm="/iceweb/img/zoom-minus-mini.png" tn="Grupo de Hilos 1-4" dt="text" by="1053"/>
<httpSample t="8" lt="8" ts="1282653958667" s="false" lb="/iceweb/img/layer-switcher-maximize.png" rc="404" rm="/iceweb/img/layer-switcher-maximize.png" tn="Grupo de Hilos 1-5" dt="text" by="1077"/>
<httpSample t="5" lt="4" ts="1282653958680" s="false" lb="/iceweb/img/layer-switcher-minimize.png" rc="404" rm="/iceweb/img/layer-switcher-minimize.png" tn="Grupo de Hilos 1-4" dt="text" by="1077"/>
<httpSample t="3" lt="3" ts="1282653958689" s="false" lb="/iceweb/img/layer-switcher-maximize.png" rc="404" rm="/iceweb/img/layer-switcher-maximize.png" tn="Grupo de Hilos 1-4" dt="text" by="1077"/>
<httpSample t="20" lt="19" ts="1282653958683" s="true" lb="/iceweb/restful/Centro/findPagedByVentanaAndFilter" rc="200" rm="OK" tn="Grupo de Hilos 1-5" dt="text" by="11479"/>
<httpSample t="38" lt="38" ts="1282653958694" s="true" lb="/iceweb/restful/Centro/findPagedByVentanaAndFilter" rc="200" rm="OK" tn="Grupo de Hilos 1-4" dt="text" by="11479"/>
<httpSample t="98" lt="89" ts="1282653958704" s="true" lb="/iceweb/restful/Centro/findMarcasCuadriculaByFilter" rc="200" rm="OK" tn="Grupo de Hilos 1-5" dt="text" by="64084"/>
<httpSample t="155" lt="151" ts="1282653958733" s="true" lb="/iceweb/restful/Centro/findMarcasCuadriculaByFilter" rc="200" rm="OK" tn="Grupo de Hilos 1-4" dt="text" by="64084"/>
<httpSample t="164" lt="156" ts="1282653958803" s="true" lb="/iceweb/restful/Centro/findMarcasCuadriculaByFilter" rc="200" rm="OK" tn="Grupo de Hilos 1-5" dt="text" by="86966"/>
<httpSample t="33" lt="32" ts="1282653958968" s="true" lb="/iceweb/restful/Centro/findPagedByVentanaAndFilter" rc="200" rm="OK" tn="Grupo de Hilos 1-5" dt="text" by="12174"/>
<httpSample t="157" lt="152" ts="1282653958889" s="true" lb="/iceweb/restful/Centro/findMarcasCuadriculaByFilter" rc="200" rm="OK" tn="Grupo de Hilos 1-4" dt="text" by="86966"/>
<httpSample t="47" lt="47" ts="1282653959002" s="true" lb="/iceweb/restful/Centro/findPagedByVentanaAndFilter" rc="200" rm="OK" tn="Grupo de Hilos 1-5" dt="text" by="11851"/>
<httpSample t="14" lt="14" ts="1282653959047" s="true" lb="/iceweb/restful/Centro/findPagedByVentanaAndFilter" rc="200" rm="OK" tn="Grupo de Hilos 1-4" dt="text" by="12174"/>
<httpSample t="15" lt="15" ts="1282653959051" s="true" lb="/iceweb/restful/Centro/findPagedByVentanaAndFilter" rc="200" rm="OK" tn="Grupo de Hilos 1-5" dt="text" by="13604"/>
<httpSample t="23" lt="22" ts="1282653959063" s="true" lb="/iceweb/restful/Centro/findPagedByVentanaAndFilter" rc="200" rm="OK" tn="Grupo de Hilos 1-4" dt="text" by="11851"/>
<httpSample t="32" lt="31" ts="1282653959067" s="true" lb="/iceweb/restful/Centro/findPagedByVentanaAndFilter" rc="200" rm="OK" tn="Grupo de Hilos 1-5" dt="text" by="14056"/>
<httpSample t="18" lt="18" ts="1282653959087" s="true" lb="/iceweb/restful/Centro/findPagedByVentanaAndFilter" rc="200" rm="OK" tn="Grupo de Hilos 1-4" dt="text" by="13604"/>
<httpSample t="15" lt="15" ts="1282653959106" s="true" lb="/iceweb/restful/Centro/findPagedByVentanaAndFilter" rc="200" rm="OK" tn="Grupo de Hilos 1-4" dt="text" by="14056"/>
<httpSample t="35" lt="35" ts="1282653959100" s="true" lb="/iceweb/centroDetalle" rc="200" rm="OK" tn="Grupo de Hilos 1-5" dt="text" by="4200"/>
<httpSample t="21" lt="21" ts="1282653959123" s="true" lb="/iceweb/centroDetalle" rc="200" rm="OK" tn="Grupo de Hilos 1-4" dt="text" by="4200"/>
<httpSample t="21012" lt="0" ts="1282653957310" s="false" lb="/maps" rc="Non HTTP response code: java.net.ConnectException" rm="Non HTTP response message: Connection timed out" tn="Grupo de Hilos 1-1" dt="text" by="1537"/>
<httpSample t="19" lt="16" ts="1282653978323" s="true" lb="/iceweb/restful/Centro/46006574" rc="200" rm="OK" tn="Grupo de Hilos 1-1" dt="text" by="786"/>
<httpSample t="20999" lt="0" ts="1282653957611" s="false" lb="/maps" rc="Non HTTP response code: java.net.ConnectException" rm="Non HTTP response message: Connection timed out" tn="Grupo de Hilos 1-2" dt="text" by="1537"/>
<httpSample t="10" lt="10" ts="1282653978611" s="true" lb="/iceweb/restful/Centro/46006574" rc="200" rm="OK" tn="Grupo de Hilos 1-2" dt="text" by="786"/>
<httpSample t="20998" lt="0" ts="1282653958336" s="false" lb="/maps" rc="Non HTTP response code: java.net.ConnectException" rm="Non HTTP response message: Connection timed out" tn="Grupo de Hilos 1-3" dt="text" by="1537"/>
<httpSample t="8" lt="8" ts="1282653979335" s="true" lb="/iceweb/restful/Centro/46006574" rc="200" rm="OK" tn="Grupo de Hilos 1-3" dt="text" by="786"/>
<httpSample t="20998" lt="0" ts="1282653959136" s="false" lb="/maps" rc="Non HTTP response code: java.net.ConnectException" rm="Non HTTP response message: Connection timed out" tn="Grupo de Hilos 1-5" dt="text" by="1537"/>
<httpSample t="21002" lt="0" ts="1282653959145" s="false" lb="/maps" rc="Non HTTP response code: java.net.ConnectException" rm="Non HTTP response message: Connection timed out" tn="Grupo de Hilos 1-4" dt="text" by="1537"/>
<httpSample t="19" lt="19" ts="1282653980136" s="true" lb="/iceweb/restful/Centro/46006574" rc="200" rm="OK" tn="Grupo de Hilos 1-5" dt="text" by="786"/>
<httpSample t="11" lt="11" ts="1282653980149" s="true" lb="/iceweb/restful/Centro/46006574" rc="200" rm="OK" tn="Grupo de Hilos 1-4" dt="text" by="786"/>
<httpSample t="20999" lt="0" ts="1282653978343" s="false" lb="/maps" rc="Non HTTP response code: java.net.ConnectException" rm="Non HTTP response message: Connection timed out" tn="Grupo de Hilos 1-1" dt="text" by="1537"/>
<httpSample t="70" lt="21" ts="1282653999343" s="true" lb="/iceweb/centroLista" rc="200" rm="OK" tn="Grupo de Hilos 1-1" dt="text" by="653259"/>
<httpSample t="70" lt="64" ts="1282653999415" s="true" lb="/iceweb/restful/Centro/findMarcasCuadriculaByFilter" rc="200" rm="OK" tn="Grupo de Hilos 1-1" dt="text" by="65601"/>
<httpSample t="21001" lt="0" ts="1282653978622" s="false" lb="/maps" rc="Non HTTP response code: java.net.ConnectException" rm="Non HTTP response message: Connection timed out" tn="Grupo de Hilos 1-2" dt="text" by="1537"/>
<httpSample t="77" lt="23" ts="1282653999625" s="true" lb="/iceweb/centroLista" rc="200" rm="OK" tn="Grupo de Hilos 1-2" dt="text" by="653259"/>
<httpSample t="231" lt="0" ts="1282653999486" s="false" lb="/en-US/firefox/headlines.xml" rc="Non HTTP response code: java.net.ConnectException" rm="Non HTTP response message: Connection refused" tn="Grupo de Hilos 1-1" dt="text" by="1535"/>
<httpSample t="65" lt="61" ts="1282653999703" s="true" lb="/iceweb/restful/Centro/findMarcasCuadriculaByFilter" rc="200" rm="OK" tn="Grupo de Hilos 1-2" dt="text" by="65601"/>
<httpSample t="189" lt="0" ts="1282653999718" s="false" lb="/firefox/headlines.xml" rc="Non HTTP response code: java.net.ConnectException" rm="Non HTTP response message: Connection refused" tn="Grupo de Hilos 1-1" dt="text" by="1535"/>
<httpSample t="188" lt="0" ts="1282653999770" s="false" lb="/en-US/firefox/headlines.xml" rc="Non HTTP response code: java.net.ConnectException" rm="Non HTTP response message: Connection refused" tn="Grupo de Hilos 1-2" dt="text" by="1535"/>
<httpSample t="84" lt="0" ts="1282653999908" s="false" lb="/rss/newsonline_world_edition/front_page/rss.xml" rc="Non HTTP response code: java.net.ConnectException" rm="Non HTTP response message: Connection refused" tn="Grupo de Hilos 1-1" dt="text" by="1535"/>
<httpSample t="70" lt="0" ts="1282653999994" s="false" lb="/news/rss.xml" rc="Non HTTP response code: java.net.ConnectException" rm="Non HTTP response message: Connection refused" tn="Grupo de Hilos 1-1" dt="text" by="1535"/>
<httpSample t="23" lt="1" ts="1282654000066" s="true" lb="/iceweb" rc="200" rm="OK" tn="Grupo de Hilos 1-1" dt="text" by="8397">
  <httpSample t="1" lt="1" ts="1282654000066" s="true" lb="http://localhost:8080/iceweb" rc="302" rm="Movido temporálmente" tn="" dt="" by="0"/>
  <httpSample t="22" lt="22" ts="1282654000067" s="true" lb="http://localhost:8080/iceweb/" rc="200" rm="OK" tn="Grupo de Hilos 1-1" dt="text" by="8397"/>
</httpSample>
<httpSample t="21" lt="21" ts="1282654000092" s="true" lb="/iceweb/" rc="200" rm="OK" tn="Grupo de Hilos 1-1" dt="text" by="8397"/>
<httpSample t="5" lt="5" ts="1282654000114" s="true" lb="/iceweb/styles/style.css;jsessionid=7C1B32529F00FF74DE79911BBC899F36" rc="200" rm="OK" tn="Grupo de Hilos 1-1" dt="text" by="2588"/>
<httpSample t="5" lt="5" ts="1282654000120" s="true" lb="/iceweb/js/flexigrid/css/flexigrid/flexigrid.css;jsessionid=7C1B32529F00FF74DE79911BBC899F36" rc="200" rm="OK" tn="Grupo de Hilos 1-1" dt="text" by="13979"/>
<httpSample t="10" lt="10" ts="1282654000127" s="true" lb="/iceweb/js/ajax.js;jsessionid=7C1B32529F00FF74DE79911BBC899F36" rc="200" rm="OK" tn="Grupo de Hilos 1-1" dt="text" by="11865"/>
<httpSample t="4" lt="4" ts="1282654000139" s="true" lb="/iceweb/js/common.js;jsessionid=7C1B32529F00FF74DE79911BBC899F36" rc="200" rm="OK" tn="Grupo de Hilos 1-1" dt="text" by="1161"/>
<httpSample t="3" lt="3" ts="1282654000145" s="true" lb="/iceweb/js/flexigrid/CentroPagedGrid.js;jsessionid=7C1B32529F00FF74DE79911BBC899F36" rc="200" rm="OK" tn="Grupo de Hilos 1-1" dt="text" by="42362"/>
<httpSample t="190" lt="0" ts="1282653999960" s="false" lb="/firefox/headlines.xml" rc="Non HTTP response code: java.net.ConnectException" rm="Non HTTP response message: Connection refused" tn="Grupo de Hilos 1-2" dt="text" by="1535"/>
<httpSample t="5" lt="5" ts="1282654000149" s="true" lb="/iceweb/js/jquery-1.4.js;jsessionid=7C1B32529F00FF74DE79911BBC899F36" rc="200" rm="OK" tn="Grupo de Hilos 1-1" dt="text" by="158407"/>
<httpSample t="3" lt="3" ts="1282654000155" s="true" lb="/iceweb/js/OpenLayersExt.js;jsessionid=7C1B32529F00FF74DE79911BBC899F36" rc="200" rm="OK" tn="Grupo de Hilos 1-1" dt="text" by="12330"/>
<httpSample t="3" lt="3" ts="1282654000159" s="true" lb="/iceweb/js/json.js;jsessionid=7C1B32529F00FF74DE79911BBC899F36" rc="200" rm="OK" tn="Grupo de Hilos 1-1" dt="text" by="7788"/>
<httpSample t="50" lt="0" ts="1282654000151" s="false" lb="/rss/newsonline_world_edition/front_page/rss.xml" rc="Non HTTP response code: java.net.ConnectException" rm="Non HTTP response message: Connection refused" tn="Grupo de Hilos 1-2" dt="text" by="1535"/>
<httpSample t="52" lt="0" ts="1282654000203" s="false" lb="/news/rss.xml" rc="Non HTTP response code: java.net.ConnectException" rm="Non HTTP response message: Connection refused" tn="Grupo de Hilos 1-2" dt="text" by="1535"/>
<httpSample t="21" lt="0" ts="1282654000257" s="true" lb="/iceweb" rc="200" rm="OK" tn="Grupo de Hilos 1-2" dt="text" by="8397">
  <httpSample t="0" lt="0" ts="1282654000257" s="true" lb="http://localhost:8080/iceweb" rc="302" rm="Movido temporálmente" tn="" dt="" by="0"/>
  <httpSample t="21" lt="21" ts="1282654000257" s="true" lb="http://localhost:8080/iceweb/" rc="200" rm="OK" tn="Grupo de Hilos 1-2" dt="text" by="8397"/>
</httpSample>
<httpSample t="20" lt="20" ts="1282654000280" s="true" lb="/iceweb/" rc="200" rm="OK" tn="Grupo de Hilos 1-2" dt="text" by="8397"/>
<httpSample t="4" lt="4" ts="1282654000301" s="true" lb="/iceweb/styles/style.css;jsessionid=7C1B32529F00FF74DE79911BBC899F36" rc="200" rm="OK" tn="Grupo de Hilos 1-2" dt="text" by="2588"/>
<httpSample t="3" lt="3" ts="1282654000307" s="true" lb="/iceweb/js/flexigrid/css/flexigrid/flexigrid.css;jsessionid=7C1B32529F00FF74DE79911BBC899F36" rc="200" rm="OK" tn="Grupo de Hilos 1-2" dt="text" by="13979"/>
<httpSample t="4" lt="3" ts="1282654000311" s="true" lb="/iceweb/js/ajax.js;jsessionid=7C1B32529F00FF74DE79911BBC899F36" rc="200" rm="OK" tn="Grupo de Hilos 1-2" dt="text" by="11865"/>
<httpSample t="3" lt="3" ts="1282654000316" s="true" lb="/iceweb/js/common.js;jsessionid=7C1B32529F00FF74DE79911BBC899F36" rc="200" rm="OK" tn="Grupo de Hilos 1-2" dt="text" by="1161"/>
<httpSample t="3" lt="3" ts="1282654000320" s="true" lb="/iceweb/js/flexigrid/CentroPagedGrid.js;jsessionid=7C1B32529F00FF74DE79911BBC899F36" rc="200" rm="OK" tn="Grupo de Hilos 1-2" dt="text" by="42362"/>
<httpSample t="3" lt="3" ts="1282654000324" s="true" lb="/iceweb/js/jquery-1.4.js;jsessionid=7C1B32529F00FF74DE79911BBC899F36" rc="200" rm="OK" tn="Grupo de Hilos 1-2" dt="text" by="158407"/>
<httpSample t="7" lt="7" ts="1282654000328" s="true" lb="/iceweb/js/OpenLayersExt.js;jsessionid=7C1B32529F00FF74DE79911BBC899F36" rc="200" rm="OK" tn="Grupo de Hilos 1-2" dt="text" by="12330"/>
<httpSample t="2" lt="2" ts="1282654000336" s="true" lb="/iceweb/js/json.js;jsessionid=7C1B32529F00FF74DE79911BBC899F36" rc="200" rm="OK" tn="Grupo de Hilos 1-2" dt="text" by="7788"/>
<httpSample t="21001" lt="0" ts="1282653979345" s="false" lb="/maps" rc="Non HTTP response code: java.net.ConnectException" rm="Non HTTP response message: Connection timed out" tn="Grupo de Hilos 1-3" dt="text" by="1537"/>
<httpSample t="57" lt="18" ts="1282654000347" s="true" lb="/iceweb/centroLista" rc="200" rm="OK" tn="Grupo de Hilos 1-3" dt="text" by="653259"/>
<httpSample t="60" lt="55" ts="1282654000405" s="true" lb="/iceweb/restful/Centro/findMarcasCuadriculaByFilter" rc="200" rm="OK" tn="Grupo de Hilos 1-3" dt="text" by="65601"/>
<httpSample t="190" lt="0" ts="1282654000467" s="false" lb="/en-US/firefox/headlines.xml" rc="Non HTTP response code: java.net.ConnectException" rm="Non HTTP response message: Connection refused" tn="Grupo de Hilos 1-3" dt="text" by="1535"/>
<httpSample t="190" lt="0" ts="1282654000659" s="false" lb="/firefox/headlines.xml" rc="Non HTTP response code: java.net.ConnectException" rm="Non HTTP response message: Connection refused" tn="Grupo de Hilos 1-3" dt="text" by="1535"/>
<httpSample t="50" lt="0" ts="1282654000851" s="false" lb="/rss/newsonline_world_edition/front_page/rss.xml" rc="Non HTTP response code: java.net.ConnectException" rm="Non HTTP response message: Connection refused" tn="Grupo de Hilos 1-3" dt="text" by="1535"/>
<httpSample t="51" lt="0" ts="1282654000903" s="false" lb="/news/rss.xml" rc="Non HTTP response code: java.net.ConnectException" rm="Non HTTP response message: Connection refused" tn="Grupo de Hilos 1-3" dt="text" by="1535"/>
<httpSample t="14" lt="1" ts="1282654000955" s="true" lb="/iceweb" rc="200" rm="OK" tn="Grupo de Hilos 1-3" dt="text" by="8397">
  <httpSample t="1" lt="1" ts="1282654000955" s="true" lb="http://localhost:8080/iceweb" rc="302" rm="Movido temporálmente" tn="" dt="" by="0"/>
  <httpSample t="12" lt="12" ts="1282654000957" s="true" lb="http://localhost:8080/iceweb/" rc="200" rm="OK" tn="Grupo de Hilos 1-3" dt="text" by="8397"/>
</httpSample>
<httpSample t="14" lt="14" ts="1282654000971" s="true" lb="/iceweb/" rc="200" rm="OK" tn="Grupo de Hilos 1-3" dt="text" by="8397"/>
<httpSample t="3" lt="3" ts="1282654000986" s="true" lb="/iceweb/styles/style.css;jsessionid=7C1B32529F00FF74DE79911BBC899F36" rc="200" rm="OK" tn="Grupo de Hilos 1-3" dt="text" by="2588"/>
<httpSample t="2" lt="2" ts="1282654000990" s="true" lb="/iceweb/js/flexigrid/css/flexigrid/flexigrid.css;jsessionid=7C1B32529F00FF74DE79911BBC899F36" rc="200" rm="OK" tn="Grupo de Hilos 1-3" dt="text" by="13979"/>
<httpSample t="1" lt="1" ts="1282654000993" s="true" lb="/iceweb/js/ajax.js;jsessionid=7C1B32529F00FF74DE79911BBC899F36" rc="200" rm="OK" tn="Grupo de Hilos 1-3" dt="text" by="11865"/>
<httpSample t="3" lt="3" ts="1282654000995" s="true" lb="/iceweb/js/common.js;jsessionid=7C1B32529F00FF74DE79911BBC899F36" rc="200" rm="OK" tn="Grupo de Hilos 1-3" dt="text" by="1161"/>
<httpSample t="2" lt="2" ts="1282654000999" s="true" lb="/iceweb/js/flexigrid/CentroPagedGrid.js;jsessionid=7C1B32529F00FF74DE79911BBC899F36" rc="200" rm="OK" tn="Grupo de Hilos 1-3" dt="text" by="42362"/>
<httpSample t="2" lt="2" ts="1282654001003" s="true" lb="/iceweb/js/jquery-1.4.js;jsessionid=7C1B32529F00FF74DE79911BBC899F36" rc="200" rm="OK" tn="Grupo de Hilos 1-3" dt="text" by="158407"/>
<httpSample t="3" lt="3" ts="1282654001006" s="true" lb="/iceweb/js/OpenLayersExt.js;jsessionid=7C1B32529F00FF74DE79911BBC899F36" rc="200" rm="OK" tn="Grupo de Hilos 1-3" dt="text" by="12330"/>
<httpSample t="2" lt="2" ts="1282654001011" s="true" lb="/iceweb/js/json.js;jsessionid=7C1B32529F00FF74DE79911BBC899F36" rc="200" rm="OK" tn="Grupo de Hilos 1-3" dt="text" by="7788"/>
<httpSample t="20998" lt="0" ts="1282653980157" s="false" lb="/maps" rc="Non HTTP response code: java.net.ConnectException" rm="Non HTTP response message: Connection timed out" tn="Grupo de Hilos 1-5" dt="text" by="1537"/>
<httpSample t="20998" lt="0" ts="1282653980161" s="false" lb="/maps" rc="Non HTTP response code: java.net.ConnectException" rm="Non HTTP response message: Connection timed out" tn="Grupo de Hilos 1-4" dt="text" by="1537"/>
<httpSample t="104" lt="35" ts="1282654001156" s="true" lb="/iceweb/centroLista" rc="200" rm="OK" tn="Grupo de Hilos 1-5" dt="text" by="653259"/>
<httpSample t="163" lt="39" ts="1282654001160" s="true" lb="/iceweb/centroLista" rc="200" rm="OK" tn="Grupo de Hilos 1-4" dt="text" by="653259"/>
<httpSample t="88" lt="76" ts="1282654001262" s="true" lb="/iceweb/restful/Centro/findMarcasCuadriculaByFilter" rc="200" rm="OK" tn="Grupo de Hilos 1-5" dt="text" by="65601"/>
<httpSample t="80" lt="76" ts="1282654001324" s="true" lb="/iceweb/restful/Centro/findMarcasCuadriculaByFilter" rc="200" rm="OK" tn="Grupo de Hilos 1-4" dt="text" by="65601"/>
<httpSample t="193" lt="0" ts="1282654001352" s="false" lb="/en-US/firefox/headlines.xml" rc="Non HTTP response code: java.net.ConnectException" rm="Non HTTP response message: Connection refused" tn="Grupo de Hilos 1-5" dt="text" by="1535"/>
<httpSample t="189" lt="0" ts="1282654001406" s="false" lb="/en-US/firefox/headlines.xml" rc="Non HTTP response code: java.net.ConnectException" rm="Non HTTP response message: Connection refused" tn="Grupo de Hilos 1-4" dt="text" by="1535"/>
<httpSample t="190" lt="0" ts="1282654001547" s="false" lb="/firefox/headlines.xml" rc="Non HTTP response code: java.net.ConnectException" rm="Non HTTP response message: Connection refused" tn="Grupo de Hilos 1-5" dt="text" by="1535"/>
<httpSample t="192" lt="0" ts="1282654001597" s="false" lb="/firefox/headlines.xml" rc="Non HTTP response code: java.net.ConnectException" rm="Non HTTP response message: Connection refused" tn="Grupo de Hilos 1-4" dt="text" by="1535"/>
<httpSample t="52" lt="0" ts="1282654001739" s="false" lb="/rss/newsonline_world_edition/front_page/rss.xml" rc="Non HTTP response code: java.net.ConnectException" rm="Non HTTP response message: Connection refused" tn="Grupo de Hilos 1-5" dt="text" by="1535"/>
<httpSample t="53" lt="0" ts="1282654001790" s="false" lb="/rss/newsonline_world_edition/front_page/rss.xml" rc="Non HTTP response code: java.net.ConnectException" rm="Non HTTP response message: Connection refused" tn="Grupo de Hilos 1-4" dt="text" by="1535"/>
<httpSample t="65" lt="0" ts="1282654001793" s="false" lb="/news/rss.xml" rc="Non HTTP response code: java.net.ConnectException" rm="Non HTTP response message: Connection refused" tn="Grupo de Hilos 1-5" dt="text" by="1535"/>
<httpSample t="20" lt="2" ts="1282654001859" s="true" lb="/iceweb" rc="200" rm="OK" tn="Grupo de Hilos 1-5" dt="text" by="8397">
  <httpSample t="2" lt="2" ts="1282654001859" s="true" lb="http://localhost:8080/iceweb" rc="302" rm="Movido temporálmente" tn="" dt="" by="0"/>
  <httpSample t="18" lt="18" ts="1282654001861" s="true" lb="http://localhost:8080/iceweb/" rc="200" rm="OK" tn="Grupo de Hilos 1-5" dt="text" by="8397"/>
</httpSample>
<httpSample t="12" lt="11" ts="1282654001881" s="true" lb="/iceweb/" rc="200" rm="OK" tn="Grupo de Hilos 1-5" dt="text" by="8397"/>
<httpSample t="3" lt="3" ts="1282654001894" s="true" lb="/iceweb/styles/style.css;jsessionid=7C1B32529F00FF74DE79911BBC899F36" rc="200" rm="OK" tn="Grupo de Hilos 1-5" dt="text" by="2588"/>
<httpSample t="53" lt="0" ts="1282654001845" s="false" lb="/news/rss.xml" rc="Non HTTP response code: java.net.ConnectException" rm="Non HTTP response message: Connection refused" tn="Grupo de Hilos 1-4" dt="text" by="1535"/>
<httpSample t="11" lt="11" ts="1282654001899" s="true" lb="/iceweb/js/flexigrid/css/flexigrid/flexigrid.css;jsessionid=7C1B32529F00FF74DE79911BBC899F36" rc="200" rm="OK" tn="Grupo de Hilos 1-5" dt="text" by="13979"/>
<httpSample t="5" lt="5" ts="1282654001911" s="true" lb="/iceweb/js/ajax.js;jsessionid=7C1B32529F00FF74DE79911BBC899F36" rc="200" rm="OK" tn="Grupo de Hilos 1-5" dt="text" by="11865"/>
<httpSample t="17" lt="1" ts="1282654001900" s="true" lb="/iceweb" rc="200" rm="OK" tn="Grupo de Hilos 1-4" dt="text" by="8397">
  <httpSample t="1" lt="1" ts="1282654001900" s="true" lb="http://localhost:8080/iceweb" rc="302" rm="Movido temporálmente" tn="" dt="" by="0"/>
  <httpSample t="16" lt="16" ts="1282654001901" s="true" lb="http://localhost:8080/iceweb/" rc="200" rm="OK" tn="Grupo de Hilos 1-4" dt="text" by="8397"/>
</httpSample>
<httpSample t="12" lt="12" ts="1282654001919" s="true" lb="/iceweb/" rc="200" rm="OK" tn="Grupo de Hilos 1-4" dt="text" by="8397"/>
<httpSample t="2" lt="2" ts="1282654001933" s="true" lb="/iceweb/styles/style.css;jsessionid=7C1B32529F00FF74DE79911BBC899F36" rc="200" rm="OK" tn="Grupo de Hilos 1-4" dt="text" by="2588"/>
<httpSample t="19" lt="19" ts="1282654001917" s="true" lb="/iceweb/js/common.js;jsessionid=7C1B32529F00FF74DE79911BBC899F36" rc="200" rm="OK" tn="Grupo de Hilos 1-5" dt="text" by="1161"/>
<httpSample t="4" lt="4" ts="1282654001936" s="true" lb="/iceweb/js/flexigrid/css/flexigrid/flexigrid.css;jsessionid=7C1B32529F00FF74DE79911BBC899F36" rc="200" rm="OK" tn="Grupo de Hilos 1-4" dt="text" by="13979"/>
<httpSample t="3" lt="3" ts="1282654001941" s="true" lb="/iceweb/js/ajax.js;jsessionid=7C1B32529F00FF74DE79911BBC899F36" rc="200" rm="OK" tn="Grupo de Hilos 1-4" dt="text" by="11865"/>
<httpSample t="10" lt="10" ts="1282654001937" s="true" lb="/iceweb/js/flexigrid/CentroPagedGrid.js;jsessionid=7C1B32529F00FF74DE79911BBC899F36" rc="200" rm="OK" tn="Grupo de Hilos 1-5" dt="text" by="42362"/>
<httpSample t="7" lt="7" ts="1282654001945" s="true" lb="/iceweb/js/common.js;jsessionid=7C1B32529F00FF74DE79911BBC899F36" rc="200" rm="OK" tn="Grupo de Hilos 1-4" dt="text" by="1161"/>
<httpSample t="5" lt="3" ts="1282654001948" s="true" lb="/iceweb/js/jquery-1.4.js;jsessionid=7C1B32529F00FF74DE79911BBC899F36" rc="200" rm="OK" tn="Grupo de Hilos 1-5" dt="text" by="158407"/>
<httpSample t="4" lt="4" ts="1282654001953" s="true" lb="/iceweb/js/flexigrid/CentroPagedGrid.js;jsessionid=7C1B32529F00FF74DE79911BBC899F36" rc="200" rm="OK" tn="Grupo de Hilos 1-4" dt="text" by="42362"/>
<httpSample t="4" lt="3" ts="1282654001958" s="true" lb="/iceweb/js/jquery-1.4.js;jsessionid=7C1B32529F00FF74DE79911BBC899F36" rc="200" rm="OK" tn="Grupo de Hilos 1-4" dt="text" by="158407"/>
<httpSample t="8" lt="7" ts="1282654001955" s="true" lb="/iceweb/js/OpenLayersExt.js;jsessionid=7C1B32529F00FF74DE79911BBC899F36" rc="200" rm="OK" tn="Grupo de Hilos 1-5" dt="text" by="12330"/>
<httpSample t="4" lt="4" ts="1282654001963" s="true" lb="/iceweb/js/OpenLayersExt.js;jsessionid=7C1B32529F00FF74DE79911BBC899F36" rc="200" rm="OK" tn="Grupo de Hilos 1-4" dt="text" by="12330"/>
<httpSample t="5" lt="5" ts="1282654001964" s="true" lb="/iceweb/js/json.js;jsessionid=7C1B32529F00FF74DE79911BBC899F36" rc="200" rm="OK" tn="Grupo de Hilos 1-5" dt="text" by="7788"/>
<httpSample t="4" lt="4" ts="1282654001968" s="true" lb="/iceweb/js/json.js;jsessionid=7C1B32529F00FF74DE79911BBC899F36" rc="200" rm="OK" tn="Grupo de Hilos 1-4" dt="text" by="7788"/>
<httpSample t="21011" lt="0" ts="1282654000163" s="false" lb="/maps" rc="Non HTTP response code: java.net.ConnectException" rm="Non HTTP response message: Connection timed out" tn="Grupo de Hilos 1-1" dt="text" by="1537"/>
<httpSample t="11" lt="5" ts="1282654021176" s="true" lb="/iceweb/js/OpenLayers/OpenLayers.js;jsessionid=7C1B32529F00FF74DE79911BBC899F36" rc="200" rm="OK" tn="Grupo de Hilos 1-1" dt="text" by="711799"/>
<httpSample t="20999" lt="0" ts="1282654000339" s="false" lb="/maps" rc="Non HTTP response code: java.net.ConnectException" rm="Non HTTP response message: Connection timed out" tn="Grupo de Hilos 1-2" dt="text" by="1537"/>
<httpSample t="13" lt="7" ts="1282654021340" s="true" lb="/iceweb/js/OpenLayers/OpenLayers.js;jsessionid=7C1B32529F00FF74DE79911BBC899F36" rc="200" rm="OK" tn="Grupo de Hilos 1-2" dt="text" by="711799"/>
<httpSample t="21000" lt="0" ts="1282654001014" s="false" lb="/maps" rc="Non HTTP response code: java.net.ConnectException" rm="Non HTTP response message: Connection timed out" tn="Grupo de Hilos 1-3" dt="text" by="1537"/>
<httpSample t="12" lt="4" ts="1282654022016" s="true" lb="/iceweb/js/OpenLayers/OpenLayers.js;jsessionid=7C1B32529F00FF74DE79911BBC899F36" rc="200" rm="OK" tn="Grupo de Hilos 1-3" dt="text" by="711799"/>
<httpSample t="21000" lt="0" ts="1282654001970" s="false" lb="/maps" rc="Non HTTP response code: java.net.ConnectException" rm="Non HTTP response message: Connection timed out" tn="Grupo de Hilos 1-5" dt="text" by="1537"/>
<httpSample t="20998" lt="0" ts="1282654001973" s="false" lb="/maps" rc="Non HTTP response code: java.net.ConnectException" rm="Non HTTP response message: Connection timed out" tn="Grupo de Hilos 1-4" dt="text" by="1537"/>
<httpSample t="18" lt="8" ts="1282654022972" s="true" lb="/iceweb/js/OpenLayers/OpenLayers.js;jsessionid=7C1B32529F00FF74DE79911BBC899F36" rc="200" rm="OK" tn="Grupo de Hilos 1-5" dt="text" by="711799"/>
<httpSample t="20" lt="12" ts="1282654022973" s="true" lb="/iceweb/js/OpenLayers/OpenLayers.js;jsessionid=7C1B32529F00FF74DE79911BBC899F36" rc="200" rm="OK" tn="Grupo de Hilos 1-4" dt="text" by="711799"/>
<httpSample t="21022" lt="0" ts="1282654021188" s="false" lb="/intl/es_ALL/mapfiles/260d/maps2.api/mod_stats.js" rc="Non HTTP response code: java.net.ConnectException" rm="Non HTTP response message: Connection timed out" tn="Grupo de Hilos 1-1" dt="text" by="1537"/>
<httpSample t="4" lt="4" ts="1282654042212" s="false" lb="/iceweb/styles/img/south-mini.png" rc="404" rm="/iceweb/styles/img/south-mini.png" tn="Grupo de Hilos 1-1" dt="text" by="1059"/>
<httpSample t="3" lt="3" ts="1282654042217" s="false" lb="/iceweb/style.css" rc="404" rm="/iceweb/style.css" tn="Grupo de Hilos 1-1" dt="text" by="1011"/>
<httpSample t="3" lt="3" ts="1282654042221" s="false" lb="/iceweb/img/north-mini.png" rc="404" rm="/iceweb/img/north-mini.png" tn="Grupo de Hilos 1-1" dt="text" by="1038"/>
<httpSample t="5" lt="5" ts="1282654042228" s="false" lb="/iceweb/img/east-mini.png" rc="404" rm="/iceweb/img/east-mini.png" tn="Grupo de Hilos 1-1" dt="text" by="1035"/>
<httpSample t="3" lt="3" ts="1282654042234" s="false" lb="/iceweb/img/south-mini.png" rc="404" rm="/iceweb/img/south-mini.png" tn="Grupo de Hilos 1-1" dt="text" by="1038"/>
<httpSample t="2" lt="2" ts="1282654042238" s="false" lb="/iceweb/img/zoom-plus-mini.png" rc="404" rm="/iceweb/img/zoom-plus-mini.png" tn="Grupo de Hilos 1-1" dt="text" by="1050"/>
<httpSample t="4" lt="4" ts="1282654042242" s="false" lb="/iceweb/img/zoom-world-mini.png" rc="404" rm="/iceweb/img/zoom-world-mini.png" tn="Grupo de Hilos 1-1" dt="text" by="1053"/>
<httpSample t="2" lt="2" ts="1282654042248" s="false" lb="/iceweb/img/west-mini.png" rc="404" rm="/iceweb/img/west-mini.png" tn="Grupo de Hilos 1-1" dt="text" by="1035"/>
<httpSample t="3" lt="3" ts="1282654042251" s="false" lb="/iceweb/img/zoom-minus-mini.png" rc="404" rm="/iceweb/img/zoom-minus-mini.png" tn="Grupo de Hilos 1-1" dt="text" by="1053"/>
<httpSample t="3" lt="3" ts="1282654042255" s="false" lb="/iceweb/img/layer-switcher-minimize.png" rc="404" rm="/iceweb/img/layer-switcher-minimize.png" tn="Grupo de Hilos 1-1" dt="text" by="1077"/>
<httpSample t="3" lt="3" ts="1282654042259" s="false" lb="/iceweb/img/layer-switcher-maximize.png" rc="404" rm="/iceweb/img/layer-switcher-maximize.png" tn="Grupo de Hilos 1-1" dt="text" by="1077"/>
<httpSample t="22" lt="22" ts="1282654042264" s="true" lb="/iceweb/restful/Centro/findPagedByVentanaAndFilter" rc="200" rm="OK" tn="Grupo de Hilos 1-1" dt="text" by="11479"/>
<httpSample t="64" lt="57" ts="1282654042287" s="true" lb="/iceweb/restful/Centro/findMarcasCuadriculaByFilter" rc="200" rm="OK" tn="Grupo de Hilos 1-1" dt="text" by="64084"/>
<httpSample t="21000" lt="0" ts="1282654021355" s="false" lb="/intl/es_ALL/mapfiles/260d/maps2.api/mod_stats.js" rc="Non HTTP response code: java.net.ConnectException" rm="Non HTTP response message: Connection timed out" tn="Grupo de Hilos 1-2" dt="text" by="1537"/>
<httpSample t="3" lt="3" ts="1282654042356" s="false" lb="/iceweb/styles/img/south-mini.png" rc="404" rm="/iceweb/styles/img/south-mini.png" tn="Grupo de Hilos 1-2" dt="text" by="1059"/>
<httpSample t="3" lt="3" ts="1282654042360" s="false" lb="/iceweb/style.css" rc="404" rm="/iceweb/style.css" tn="Grupo de Hilos 1-2" dt="text" by="1011"/>
<httpSample t="2" lt="2" ts="1282654042364" s="false" lb="/iceweb/img/north-mini.png" rc="404" rm="/iceweb/img/north-mini.png" tn="Grupo de Hilos 1-2" dt="text" by="1038"/>
<httpSample t="2" lt="2" ts="1282654042369" s="false" lb="/iceweb/img/east-mini.png" rc="404" rm="/iceweb/img/east-mini.png" tn="Grupo de Hilos 1-2" dt="text" by="1035"/>
<httpSample t="3" lt="3" ts="1282654042377" s="false" lb="/iceweb/img/south-mini.png" rc="404" rm="/iceweb/img/south-mini.png" tn="Grupo de Hilos 1-2" dt="text" by="1038"/>
<httpSample t="3" lt="3" ts="1282654042383" s="false" lb="/iceweb/img/zoom-plus-mini.png" rc="404" rm="/iceweb/img/zoom-plus-mini.png" tn="Grupo de Hilos 1-2" dt="text" by="1050"/>
<httpSample t="11" lt="11" ts="1282654042389" s="false" lb="/iceweb/img/zoom-world-mini.png" rc="404" rm="/iceweb/img/zoom-world-mini.png" tn="Grupo de Hilos 1-2" dt="text" by="1053"/>
<httpSample t="4" lt="4" ts="1282654042402" s="false" lb="/iceweb/img/west-mini.png" rc="404" rm="/iceweb/img/west-mini.png" tn="Grupo de Hilos 1-2" dt="text" by="1035"/>
<httpSample t="14" lt="14" ts="1282654042409" s="false" lb="/iceweb/img/zoom-minus-mini.png" rc="404" rm="/iceweb/img/zoom-minus-mini.png" tn="Grupo de Hilos 1-2" dt="text" by="1053"/>
<httpSample t="90" lt="90" ts="1282654042424" s="false" lb="/iceweb/img/layer-switcher-minimize.png" rc="404" rm="/iceweb/img/layer-switcher-minimize.png" tn="Grupo de Hilos 1-2" dt="text" by="1077"/>
<httpSample t="4" lt="4" ts="1282654042516" s="false" lb="/iceweb/img/layer-switcher-maximize.png" rc="404" rm="/iceweb/img/layer-switcher-maximize.png" tn="Grupo de Hilos 1-2" dt="text" by="1077"/>
<httpSample t="181" lt="155" ts="1282654042353" s="true" lb="/iceweb/restful/Centro/findMarcasCuadriculaByFilter" rc="200" rm="OK" tn="Grupo de Hilos 1-1" dt="text" by="86966"/>
<httpSample t="24" lt="23" ts="1282654042521" s="true" lb="/iceweb/restful/Centro/findPagedByVentanaAndFilter" rc="200" rm="OK" tn="Grupo de Hilos 1-2" dt="text" by="11479"/>
<httpSample t="37" lt="37" ts="1282654042536" s="true" lb="/iceweb/restful/Centro/findPagedByVentanaAndFilter" rc="200" rm="OK" tn="Grupo de Hilos 1-1" dt="text" by="12174"/>
<httpSample t="76" lt="70" ts="1282654042546" s="true" lb="/iceweb/restful/Centro/findMarcasCuadriculaByFilter" rc="200" rm="OK" tn="Grupo de Hilos 1-2" dt="text" by="64084"/>
<httpSample t="56" lt="56" ts="1282654042575" s="true" lb="/iceweb/restful/Centro/findPagedByVentanaAndFilter" rc="200" rm="OK" tn="Grupo de Hilos 1-1" dt="text" by="11851"/>
<httpSample t="79" lt="79" ts="1282654042632" s="true" lb="/iceweb/restful/Centro/findPagedByVentanaAndFilter" rc="200" rm="OK" tn="Grupo de Hilos 1-1" dt="text" by="13604"/>
<httpSample t="94" lt="85" ts="1282654042623" s="true" lb="/iceweb/restful/Centro/findMarcasCuadriculaByFilter" rc="200" rm="OK" tn="Grupo de Hilos 1-2" dt="text" by="86966"/>
<httpSample t="18" lt="18" ts="1282654042712" s="true" lb="/iceweb/restful/Centro/findPagedByVentanaAndFilter" rc="200" rm="OK" tn="Grupo de Hilos 1-1" dt="text" by="14056"/>
<httpSample t="15" lt="15" ts="1282654042718" s="true" lb="/iceweb/restful/Centro/findPagedByVentanaAndFilter" rc="200" rm="OK" tn="Grupo de Hilos 1-2" dt="text" by="12174"/>
<httpSample t="17" lt="17" ts="1282654042732" s="true" lb="/iceweb/centroDetalle" rc="200" rm="OK" tn="Grupo de Hilos 1-1" dt="text" by="4200"/>
<httpSample t="25" lt="25" ts="1282654042738" s="true" lb="/iceweb/restful/Centro/findPagedByVentanaAndFilter" rc="200" rm="OK" tn="Grupo de Hilos 1-2" dt="text" by="11851"/>
<httpSample t="12" lt="12" ts="1282654042764" s="true" lb="/iceweb/restful/Centro/findPagedByVentanaAndFilter" rc="200" rm="OK" tn="Grupo de Hilos 1-2" dt="text" by="13604"/>
<httpSample t="11" lt="11" ts="1282654042777" s="true" lb="/iceweb/restful/Centro/findPagedByVentanaAndFilter" rc="200" rm="OK" tn="Grupo de Hilos 1-2" dt="text" by="14056"/>
<httpSample t="13" lt="13" ts="1282654042789" s="true" lb="/iceweb/centroDetalle" rc="200" rm="OK" tn="Grupo de Hilos 1-2" dt="text" by="4200"/>
<httpSample t="21001" lt="0" ts="1282654022029" s="false" lb="/intl/es_ALL/mapfiles/260d/maps2.api/mod_stats.js" rc="Non HTTP response code: java.net.ConnectException" rm="Non HTTP response message: Connection timed out" tn="Grupo de Hilos 1-3" dt="text" by="1537"/>
<httpSample t="5" lt="5" ts="1282654043032" s="false" lb="/iceweb/styles/img/south-mini.png" rc="404" rm="/iceweb/styles/img/south-mini.png" tn="Grupo de Hilos 1-3" dt="text" by="1059"/>
<httpSample t="3" lt="3" ts="1282654043039" s="false" lb="/iceweb/style.css" rc="404" rm="/iceweb/style.css" tn="Grupo de Hilos 1-3" dt="text" by="1011"/>
<httpSample t="2" lt="2" ts="1282654043044" s="false" lb="/iceweb/img/north-mini.png" rc="404" rm="/iceweb/img/north-mini.png" tn="Grupo de Hilos 1-3" dt="text" by="1038"/>
<httpSample t="2" lt="2" ts="1282654043048" s="false" lb="/iceweb/img/east-mini.png" rc="404" rm="/iceweb/img/east-mini.png" tn="Grupo de Hilos 1-3" dt="text" by="1035"/>
<httpSample t="2" lt="2" ts="1282654043052" s="false" lb="/iceweb/img/south-mini.png" rc="404" rm="/iceweb/img/south-mini.png" tn="Grupo de Hilos 1-3" dt="text" by="1038"/>
<httpSample t="3" lt="3" ts="1282654043055" s="false" lb="/iceweb/img/zoom-plus-mini.png" rc="404" rm="/iceweb/img/zoom-plus-mini.png" tn="Grupo de Hilos 1-3" dt="text" by="1050"/>
<httpSample t="3" lt="3" ts="1282654043059" s="false" lb="/iceweb/img/zoom-world-mini.png" rc="404" rm="/iceweb/img/zoom-world-mini.png" tn="Grupo de Hilos 1-3" dt="text" by="1053"/>
<httpSample t="3" lt="3" ts="1282654043063" s="false" lb="/iceweb/img/west-mini.png" rc="404" rm="/iceweb/img/west-mini.png" tn="Grupo de Hilos 1-3" dt="text" by="1035"/>
<httpSample t="3" lt="3" ts="1282654043067" s="false" lb="/iceweb/img/zoom-minus-mini.png" rc="404" rm="/iceweb/img/zoom-minus-mini.png" tn="Grupo de Hilos 1-3" dt="text" by="1053"/>
<httpSample t="3" lt="3" ts="1282654043071" s="false" lb="/iceweb/img/layer-switcher-minimize.png" rc="404" rm="/iceweb/img/layer-switcher-minimize.png" tn="Grupo de Hilos 1-3" dt="text" by="1077"/>
<httpSample t="3" lt="3" ts="1282654043075" s="false" lb="/iceweb/img/layer-switcher-maximize.png" rc="404" rm="/iceweb/img/layer-switcher-maximize.png" tn="Grupo de Hilos 1-3" dt="text" by="1077"/>
<httpSample t="13" lt="13" ts="1282654043079" s="true" lb="/iceweb/restful/Centro/findPagedByVentanaAndFilter" rc="200" rm="OK" tn="Grupo de Hilos 1-3" dt="text" by="11479"/>
<httpSample t="70" lt="59" ts="1282654043095" s="true" lb="/iceweb/restful/Centro/findMarcasCuadriculaByFilter" rc="200" rm="OK" tn="Grupo de Hilos 1-3" dt="text" by="64084"/>
<httpSample t="97" lt="71" ts="1282654043166" s="true" lb="/iceweb/restful/Centro/findMarcasCuadriculaByFilter" rc="200" rm="OK" tn="Grupo de Hilos 1-3" dt="text" by="86966"/>
<httpSample t="14" lt="13" ts="1282654043264" s="true" lb="/iceweb/restful/Centro/findPagedByVentanaAndFilter" rc="200" rm="OK" tn="Grupo de Hilos 1-3" dt="text" by="12174"/>
<httpSample t="13" lt="12" ts="1282654043279" s="true" lb="/iceweb/restful/Centro/findPagedByVentanaAndFilter" rc="200" rm="OK" tn="Grupo de Hilos 1-3" dt="text" by="11851"/>
<httpSample t="13" lt="13" ts="1282654043293" s="true" lb="/iceweb/restful/Centro/findPagedByVentanaAndFilter" rc="200" rm="OK" tn="Grupo de Hilos 1-3" dt="text" by="13604"/>
<httpSample t="12" lt="12" ts="1282654043307" s="true" lb="/iceweb/restful/Centro/findPagedByVentanaAndFilter" rc="200" rm="OK" tn="Grupo de Hilos 1-3" dt="text" by="14056"/>
<httpSample t="19" lt="19" ts="1282654043320" s="true" lb="/iceweb/centroDetalle" rc="200" rm="OK" tn="Grupo de Hilos 1-3" dt="text" by="4200"/>
<httpSample t="20997" lt="0" ts="1282654022994" s="false" lb="/intl/es_ALL/mapfiles/260d/maps2.api/mod_stats.js" rc="Non HTTP response code: java.net.ConnectException" rm="Non HTTP response message: Connection timed out" tn="Grupo de Hilos 1-4" dt="text" by="1537"/>
<httpSample t="21001" lt="0" ts="1282654022991" s="false" lb="/intl/es_ALL/mapfiles/260d/maps2.api/mod_stats.js" rc="Non HTTP response code: java.net.ConnectException" rm="Non HTTP response message: Connection timed out" tn="Grupo de Hilos 1-5" dt="text" by="1537"/>
<httpSample t="3" lt="3" ts="1282654043994" s="false" lb="/iceweb/styles/img/south-mini.png" rc="404" rm="/iceweb/styles/img/south-mini.png" tn="Grupo de Hilos 1-4" dt="text" by="1059"/>
<httpSample t="7" lt="7" ts="1282654043997" s="false" lb="/iceweb/styles/img/south-mini.png" rc="404" rm="/iceweb/styles/img/south-mini.png" tn="Grupo de Hilos 1-5" dt="text" by="1059"/>
<httpSample t="3" lt="3" ts="1282654044006" s="false" lb="/iceweb/style.css" rc="404" rm="/iceweb/style.css" tn="Grupo de Hilos 1-4" dt="text" by="1011"/>
<httpSample t="3" lt="3" ts="1282654044008" s="false" lb="/iceweb/style.css" rc="404" rm="/iceweb/style.css" tn="Grupo de Hilos 1-5" dt="text" by="1011"/>
<httpSample t="3" lt="3" ts="1282654044010" s="false" lb="/iceweb/img/north-mini.png" rc="404" rm="/iceweb/img/north-mini.png" tn="Grupo de Hilos 1-4" dt="text" by="1038"/>
<httpSample t="3" lt="3" ts="1282654044013" s="false" lb="/iceweb/img/north-mini.png" rc="404" rm="/iceweb/img/north-mini.png" tn="Grupo de Hilos 1-5" dt="text" by="1038"/>
<httpSample t="2" lt="2" ts="1282654044015" s="false" lb="/iceweb/img/east-mini.png" rc="404" rm="/iceweb/img/east-mini.png" tn="Grupo de Hilos 1-4" dt="text" by="1035"/>
<httpSample t="3" lt="3" ts="1282654044018" s="false" lb="/iceweb/img/east-mini.png" rc="404" rm="/iceweb/img/east-mini.png" tn="Grupo de Hilos 1-5" dt="text" by="1035"/>
<httpSample t="2" lt="2" ts="1282654044020" s="false" lb="/iceweb/img/south-mini.png" rc="404" rm="/iceweb/img/south-mini.png" tn="Grupo de Hilos 1-4" dt="text" by="1038"/>
<httpSample t="3" lt="3" ts="1282654044022" s="false" lb="/iceweb/img/south-mini.png" rc="404" rm="/iceweb/img/south-mini.png" tn="Grupo de Hilos 1-5" dt="text" by="1038"/>
<httpSample t="2" lt="2" ts="1282654044024" s="false" lb="/iceweb/img/zoom-plus-mini.png" rc="404" rm="/iceweb/img/zoom-plus-mini.png" tn="Grupo de Hilos 1-4" dt="text" by="1050"/>
<httpSample t="2" lt="2" ts="1282654044028" s="false" lb="/iceweb/img/zoom-plus-mini.png" rc="404" rm="/iceweb/img/zoom-plus-mini.png" tn="Grupo de Hilos 1-5" dt="text" by="1050"/>
<httpSample t="2" lt="2" ts="1282654044029" s="false" lb="/iceweb/img/zoom-world-mini.png" rc="404" rm="/iceweb/img/zoom-world-mini.png" tn="Grupo de Hilos 1-4" dt="text" by="1053"/>
<httpSample t="2" lt="2" ts="1282654044032" s="false" lb="/iceweb/img/zoom-world-mini.png" rc="404" rm="/iceweb/img/zoom-world-mini.png" tn="Grupo de Hilos 1-5" dt="text" by="1053"/>
<httpSample t="9" lt="9" ts="1282654044037" s="false" lb="/iceweb/img/west-mini.png" rc="404" rm="/iceweb/img/west-mini.png" tn="Grupo de Hilos 1-5" dt="text" by="1035"/>
<httpSample t="11" lt="11" ts="1282654044036" s="false" lb="/iceweb/img/west-mini.png" rc="404" rm="/iceweb/img/west-mini.png" tn="Grupo de Hilos 1-4" dt="text" by="1035"/>
<httpSample t="3" lt="3" ts="1282654044053" s="false" lb="/iceweb/img/zoom-minus-mini.png" rc="404" rm="/iceweb/img/zoom-minus-mini.png" tn="Grupo de Hilos 1-4" dt="text" by="1053"/>
<httpSample t="4" lt="4" ts="1282654044051" s="false" lb="/iceweb/img/zoom-minus-mini.png" rc="404" rm="/iceweb/img/zoom-minus-mini.png" tn="Grupo de Hilos 1-5" dt="text" by="1053"/>
<httpSample t="3" lt="3" ts="1282654044058" s="false" lb="/iceweb/img/layer-switcher-minimize.png" rc="404" rm="/iceweb/img/layer-switcher-minimize.png" tn="Grupo de Hilos 1-4" dt="text" by="1077"/>
<httpSample t="3" lt="3" ts="1282654044059" s="false" lb="/iceweb/img/layer-switcher-minimize.png" rc="404" rm="/iceweb/img/layer-switcher-minimize.png" tn="Grupo de Hilos 1-5" dt="text" by="1077"/>
<httpSample t="3" lt="3" ts="1282654044063" s="false" lb="/iceweb/img/layer-switcher-maximize.png" rc="404" rm="/iceweb/img/layer-switcher-maximize.png" tn="Grupo de Hilos 1-4" dt="text" by="1077"/>
<httpSample t="2" lt="2" ts="1282654044065" s="false" lb="/iceweb/img/layer-switcher-maximize.png" rc="404" rm="/iceweb/img/layer-switcher-maximize.png" tn="Grupo de Hilos 1-5" dt="text" by="1077"/>
<httpSample t="20" lt="20" ts="1282654044069" s="true" lb="/iceweb/restful/Centro/findPagedByVentanaAndFilter" rc="200" rm="OK" tn="Grupo de Hilos 1-5" dt="text" by="11479"/>
<httpSample t="28" lt="27" ts="1282654044068" s="true" lb="/iceweb/restful/Centro/findPagedByVentanaAndFilter" rc="200" rm="OK" tn="Grupo de Hilos 1-4" dt="text" by="11479"/>
<httpSample t="80" lt="75" ts="1282654044097" s="true" lb="/iceweb/restful/Centro/findMarcasCuadriculaByFilter" rc="200" rm="OK" tn="Grupo de Hilos 1-4" dt="text" by="64084"/>
<httpSample t="123" lt="119" ts="1282654044091" s="true" lb="/iceweb/restful/Centro/findMarcasCuadriculaByFilter" rc="200" rm="OK" tn="Grupo de Hilos 1-5" dt="text" by="64084"/>
<httpSample t="122" lt="114" ts="1282654044178" s="true" lb="/iceweb/restful/Centro/findMarcasCuadriculaByFilter" rc="200" rm="OK" tn="Grupo de Hilos 1-4" dt="text" by="86966"/>
<httpSample t="33" lt="33" ts="1282654044301" s="true" lb="/iceweb/restful/Centro/findPagedByVentanaAndFilter" rc="200" rm="OK" tn="Grupo de Hilos 1-4" dt="text" by="12174"/>
<httpSample t="162" lt="157" ts="1282654044215" s="true" lb="/iceweb/restful/Centro/findMarcasCuadriculaByFilter" rc="200" rm="OK" tn="Grupo de Hilos 1-5" dt="text" by="86966"/>
<httpSample t="47" lt="47" ts="1282654044335" s="true" lb="/iceweb/restful/Centro/findPagedByVentanaAndFilter" rc="200" rm="OK" tn="Grupo de Hilos 1-4" dt="text" by="11851"/>
<httpSample t="15" lt="14" ts="1282654044378" s="true" lb="/iceweb/restful/Centro/findPagedByVentanaAndFilter" rc="200" rm="OK" tn="Grupo de Hilos 1-5" dt="text" by="12174"/>
<httpSample t="25" lt="25" ts="1282654044383" s="true" lb="/iceweb/restful/Centro/findPagedByVentanaAndFilter" rc="200" rm="OK" tn="Grupo de Hilos 1-4" dt="text" by="13604"/>
<httpSample t="16" lt="16" ts="1282654044394" s="true" lb="/iceweb/restful/Centro/findPagedByVentanaAndFilter" rc="200" rm="OK" tn="Grupo de Hilos 1-5" dt="text" by="11851"/>
<httpSample t="18" lt="18" ts="1282654044409" s="true" lb="/iceweb/restful/Centro/findPagedByVentanaAndFilter" rc="200" rm="OK" tn="Grupo de Hilos 1-4" dt="text" by="14056"/>
<httpSample t="18" lt="17" ts="1282654044412" s="true" lb="/iceweb/restful/Centro/findPagedByVentanaAndFilter" rc="200" rm="OK" tn="Grupo de Hilos 1-5" dt="text" by="13604"/>
<httpSample t="17" lt="16" ts="1282654044431" s="true" lb="/iceweb/restful/Centro/findPagedByVentanaAndFilter" rc="200" rm="OK" tn="Grupo de Hilos 1-5" dt="text" by="14056"/>
<httpSample t="26" lt="26" ts="1282654044428" s="true" lb="/iceweb/centroDetalle" rc="200" rm="OK" tn="Grupo de Hilos 1-4" dt="text" by="4200"/>
<httpSample t="20" lt="20" ts="1282654044449" s="true" lb="/iceweb/centroDetalle" rc="200" rm="OK" tn="Grupo de Hilos 1-5" dt="text" by="4200"/>
<httpSample t="21008" lt="0" ts="1282654042750" s="false" lb="/maps" rc="Non HTTP response code: java.net.ConnectException" rm="Non HTTP response message: Connection timed out" tn="Grupo de Hilos 1-1" dt="text" by="1537"/>
<httpSample t="9" lt="9" ts="1282654063760" s="true" lb="/iceweb/restful/Centro/46006574" rc="200" rm="OK" tn="Grupo de Hilos 1-1" dt="text" by="786"/>
<httpSample t="20999" lt="0" ts="1282654042803" s="false" lb="/maps" rc="Non HTTP response code: java.net.ConnectException" rm="Non HTTP response message: Connection timed out" tn="Grupo de Hilos 1-2" dt="text" by="1537"/>
<httpSample t="10" lt="10" ts="1282654063804" s="true" lb="/iceweb/restful/Centro/46006574" rc="200" rm="OK" tn="Grupo de Hilos 1-2" dt="text" by="786"/>
<httpSample t="20999" lt="0" ts="1282654043347" s="false" lb="/maps" rc="Non HTTP response code: java.net.ConnectException" rm="Non HTTP response message: Connection timed out" tn="Grupo de Hilos 1-3" dt="text" by="1537"/>
<httpSample t="10" lt="10" ts="1282654064348" s="true" lb="/iceweb/restful/Centro/46006574" rc="200" rm="OK" tn="Grupo de Hilos 1-3" dt="text" by="786"/>
<httpSample t="21000" lt="0" ts="1282654044455" s="false" lb="/maps" rc="Non HTTP response code: java.net.ConnectException" rm="Non HTTP response message: Connection timed out" tn="Grupo de Hilos 1-4" dt="text" by="1537"/>
<httpSample t="13" lt="13" ts="1282654065457" s="true" lb="/iceweb/restful/Centro/46006574" rc="200" rm="OK" tn="Grupo de Hilos 1-4" dt="text" by="786"/>
<httpSample t="21001" lt="0" ts="1282654044470" s="false" lb="/maps" rc="Non HTTP response code: java.net.ConnectException" rm="Non HTTP response message: Connection timed out" tn="Grupo de Hilos 1-5" dt="text" by="1537"/>
<httpSample t="7" lt="7" ts="1282654065472" s="true" lb="/iceweb/restful/Centro/46006574" rc="200" rm="OK" tn="Grupo de Hilos 1-5" dt="text" by="786"/>
<httpSample t="21000" lt="0" ts="1282654063770" s="false" lb="/maps" rc="Non HTTP response code: java.net.ConnectException" rm="Non HTTP response message: Connection timed out" tn="Grupo de Hilos 1-1" dt="text" by="1537"/>
<httpSample t="21002" lt="0" ts="1282654063816" s="false" lb="/maps" rc="Non HTTP response code: java.net.ConnectException" rm="Non HTTP response message: Connection timed out" tn="Grupo de Hilos 1-2" dt="text" by="1537"/>
<httpSample t="76" lt="22" ts="1282654084772" s="true" lb="/iceweb/centroLista" rc="200" rm="OK" tn="Grupo de Hilos 1-1" dt="text" by="653259"/>
<httpSample t="87" lt="19" ts="1282654084819" s="true" lb="/iceweb/centroLista" rc="200" rm="OK" tn="Grupo de Hilos 1-2" dt="text" by="653259"/>
<httpSample t="62" lt="56" ts="1282654084849" s="true" lb="/iceweb/restful/Centro/findMarcasCuadriculaByFilter" rc="200" rm="OK" tn="Grupo de Hilos 1-1" dt="text" by="65601"/>
<httpSample t="66" lt="58" ts="1282654084908" s="true" lb="/iceweb/restful/Centro/findMarcasCuadriculaByFilter" rc="200" rm="OK" tn="Grupo de Hilos 1-2" dt="text" by="65601"/>
<httpSample t="215" lt="0" ts="1282654084912" s="false" lb="/en-US/firefox/headlines.xml" rc="Non HTTP response code: java.net.ConnectException" rm="Non HTTP response message: Connection refused" tn="Grupo de Hilos 1-1" dt="text" by="1535"/>
<httpSample t="189" lt="0" ts="1282654084976" s="false" lb="/en-US/firefox/headlines.xml" rc="Non HTTP response code: java.net.ConnectException" rm="Non HTTP response message: Connection refused" tn="Grupo de Hilos 1-2" dt="text" by="1535"/>
<httpSample t="190" lt="0" ts="1282654085129" s="false" lb="/firefox/headlines.xml" rc="Non HTTP response code: java.net.ConnectException" rm="Non HTTP response message: Connection refused" tn="Grupo de Hilos 1-1" dt="text" by="1535"/>
<httpSample t="190" lt="0" ts="1282654085167" s="false" lb="/firefox/headlines.xml" rc="Non HTTP response code: java.net.ConnectException" rm="Non HTTP response message: Connection refused" tn="Grupo de Hilos 1-2" dt="text" by="1535"/>
<httpSample t="20998" lt="0" ts="1282654064360" s="false" lb="/maps" rc="Non HTTP response code: java.net.ConnectException" rm="Non HTTP response message: Connection timed out" tn="Grupo de Hilos 1-3" dt="text" by="1537"/>
<httpSample t="72" lt="0" ts="1282654085321" s="false" lb="/rss/newsonline_world_edition/front_page/rss.xml" rc="Non HTTP response code: java.net.ConnectException" rm="Non HTTP response message: Connection refused" tn="Grupo de Hilos 1-1" dt="text" by="1535"/>
<httpSample t="53" lt="0" ts="1282654085359" s="false" lb="/rss/newsonline_world_edition/front_page/rss.xml" rc="Non HTTP response code: java.net.ConnectException" rm="Non HTTP response message: Connection refused" tn="Grupo de Hilos 1-2" dt="text" by="1535"/>
<httpSample t="79" lt="19" ts="1282654085360" s="true" lb="/iceweb/centroLista" rc="200" rm="OK" tn="Grupo de Hilos 1-3" dt="text" by="653259"/>
<httpSample t="61" lt="0" ts="1282654085413" s="false" lb="/news/rss.xml" rc="Non HTTP response code: java.net.ConnectException" rm="Non HTTP response message: Connection refused" tn="Grupo de Hilos 1-2" dt="text" by="1535"/>
<httpSample t="89" lt="0" ts="1282654085395" s="false" lb="/news/rss.xml" rc="Non HTTP response code: java.net.ConnectException" rm="Non HTTP response message: Connection refused" tn="Grupo de Hilos 1-1" dt="text" by="1535"/>
<httpSample t="105" lt="80" ts="1282654085442" s="true" lb="/iceweb/restful/Centro/findMarcasCuadriculaByFilter" rc="200" rm="OK" tn="Grupo de Hilos 1-3" dt="text" by="65601"/>
<httpSample t="75" lt="1" ts="1282654085476" s="true" lb="/iceweb" rc="200" rm="OK" tn="Grupo de Hilos 1-2" dt="text" by="8397">
  <httpSample t="1" lt="1" ts="1282654085476" s="true" lb="http://localhost:8080/iceweb" rc="302" rm="Movido temporálmente" tn="" dt="" by="0"/>
  <httpSample t="74" lt="73" ts="1282654085477" s="true" lb="http://localhost:8080/iceweb/" rc="200" rm="OK" tn="Grupo de Hilos 1-2" dt="text" by="8397"/>
</httpSample>
<httpSample t="72" lt="1" ts="1282654085486" s="true" lb="/iceweb" rc="200" rm="OK" tn="Grupo de Hilos 1-1" dt="text" by="8397">
  <httpSample t="1" lt="1" ts="1282654085486" s="true" lb="http://localhost:8080/iceweb" rc="302" rm="Movido temporálmente" tn="" dt="" by="0"/>
  <httpSample t="71" lt="71" ts="1282654085487" s="true" lb="http://localhost:8080/iceweb/" rc="200" rm="OK" tn="Grupo de Hilos 1-1" dt="text" by="8397"/>
</httpSample>
<httpSample t="23" lt="23" ts="1282654085552" s="true" lb="/iceweb/" rc="200" rm="OK" tn="Grupo de Hilos 1-2" dt="text" by="8397"/>
<httpSample t="24" lt="24" ts="1282654085559" s="true" lb="/iceweb/" rc="200" rm="OK" tn="Grupo de Hilos 1-1" dt="text" by="8397"/>
<httpSample t="10" lt="10" ts="1282654085577" s="true" lb="/iceweb/styles/style.css;jsessionid=7C1B32529F00FF74DE79911BBC899F36" rc="200" rm="OK" tn="Grupo de Hilos 1-2" dt="text" by="2588"/>
<httpSample t="6" lt="6" ts="1282654085585" s="true" lb="/iceweb/styles/style.css;jsessionid=7C1B32529F00FF74DE79911BBC899F36" rc="200" rm="OK" tn="Grupo de Hilos 1-1" dt="text" by="2588"/>
<httpSample t="7" lt="7" ts="1282654085588" s="true" lb="/iceweb/js/flexigrid/css/flexigrid/flexigrid.css;jsessionid=7C1B32529F00FF74DE79911BBC899F36" rc="200" rm="OK" tn="Grupo de Hilos 1-2" dt="text" by="13979"/>
<httpSample t="7" lt="7" ts="1282654085592" s="true" lb="/iceweb/js/flexigrid/css/flexigrid/flexigrid.css;jsessionid=7C1B32529F00FF74DE79911BBC899F36" rc="200" rm="OK" tn="Grupo de Hilos 1-1" dt="text" by="13979"/>
<httpSample t="7" lt="7" ts="1282654085596" s="true" lb="/iceweb/js/ajax.js;jsessionid=7C1B32529F00FF74DE79911BBC899F36" rc="200" rm="OK" tn="Grupo de Hilos 1-2" dt="text" by="11865"/>
<httpSample t="6" lt="6" ts="1282654085600" s="true" lb="/iceweb/js/ajax.js;jsessionid=7C1B32529F00FF74DE79911BBC899F36" rc="200" rm="OK" tn="Grupo de Hilos 1-1" dt="text" by="11865"/>
<httpSample t="4" lt="4" ts="1282654085604" s="true" lb="/iceweb/js/common.js;jsessionid=7C1B32529F00FF74DE79911BBC899F36" rc="200" rm="OK" tn="Grupo de Hilos 1-2" dt="text" by="1161"/>
<httpSample t="3" lt="3" ts="1282654085607" s="true" lb="/iceweb/js/common.js;jsessionid=7C1B32529F00FF74DE79911BBC899F36" rc="200" rm="OK" tn="Grupo de Hilos 1-1" dt="text" by="1161"/>
<httpSample t="3" lt="3" ts="1282654085610" s="true" lb="/iceweb/js/flexigrid/CentroPagedGrid.js;jsessionid=7C1B32529F00FF74DE79911BBC899F36" rc="200" rm="OK" tn="Grupo de Hilos 1-2" dt="text" by="42362"/>
<httpSample t="5" lt="5" ts="1282654085615" s="true" lb="/iceweb/js/flexigrid/CentroPagedGrid.js;jsessionid=7C1B32529F00FF74DE79911BBC899F36" rc="200" rm="OK" tn="Grupo de Hilos 1-1" dt="text" by="42362"/>
<httpSample t="9" lt="8" ts="1282654085616" s="true" lb="/iceweb/js/jquery-1.4.js;jsessionid=7C1B32529F00FF74DE79911BBC899F36" rc="200" rm="OK" tn="Grupo de Hilos 1-2" dt="text" by="158407"/>
<httpSample t="9" lt="8" ts="1282654085621" s="true" lb="/iceweb/js/jquery-1.4.js;jsessionid=7C1B32529F00FF74DE79911BBC899F36" rc="200" rm="OK" tn="Grupo de Hilos 1-1" dt="text" by="158407"/>
<httpSample t="7" lt="7" ts="1282654085626" s="true" lb="/iceweb/js/OpenLayersExt.js;jsessionid=7C1B32529F00FF74DE79911BBC899F36" rc="200" rm="OK" tn="Grupo de Hilos 1-2" dt="text" by="12330"/>
<httpSample t="6" lt="6" ts="1282654085631" s="true" lb="/iceweb/js/OpenLayersExt.js;jsessionid=7C1B32529F00FF74DE79911BBC899F36" rc="200" rm="OK" tn="Grupo de Hilos 1-1" dt="text" by="12330"/>
<httpSample t="6" lt="6" ts="1282654085635" s="true" lb="/iceweb/js/json.js;jsessionid=7C1B32529F00FF74DE79911BBC899F36" rc="200" rm="OK" tn="Grupo de Hilos 1-2" dt="text" by="7788"/>
<httpSample t="5" lt="5" ts="1282654085639" s="true" lb="/iceweb/js/json.js;jsessionid=7C1B32529F00FF74DE79911BBC899F36" rc="200" rm="OK" tn="Grupo de Hilos 1-1" dt="text" by="7788"/>
<httpSample t="191" lt="0" ts="1282654085548" s="false" lb="/en-US/firefox/headlines.xml" rc="Non HTTP response code: java.net.ConnectException" rm="Non HTTP response message: Connection refused" tn="Grupo de Hilos 1-3" dt="text" by="1535"/>
<httpSample t="190" lt="0" ts="1282654085741" s="false" lb="/firefox/headlines.xml" rc="Non HTTP response code: java.net.ConnectException" rm="Non HTTP response message: Connection refused" tn="Grupo de Hilos 1-3" dt="text" by="1535"/>
<httpSample t="53" lt="0" ts="1282654085933" s="false" lb="/rss/newsonline_world_edition/front_page/rss.xml" rc="Non HTTP response code: java.net.ConnectException" rm="Non HTTP response message: Connection refused" tn="Grupo de Hilos 1-3" dt="text" by="1535"/>
<httpSample t="52" lt="0" ts="1282654085987" s="false" lb="/news/rss.xml" rc="Non HTTP response code: java.net.ConnectException" rm="Non HTTP response message: Connection refused" tn="Grupo de Hilos 1-3" dt="text" by="1535"/>
<httpSample t="17" lt="1" ts="1282654086041" s="true" lb="/iceweb" rc="200" rm="OK" tn="Grupo de Hilos 1-3" dt="text" by="8397">
  <httpSample t="1" lt="1" ts="1282654086041" s="true" lb="http://localhost:8080/iceweb" rc="302" rm="Movido temporálmente" tn="" dt="" by="0"/>
  <httpSample t="16" lt="16" ts="1282654086042" s="true" lb="http://localhost:8080/iceweb/" rc="200" rm="OK" tn="Grupo de Hilos 1-3" dt="text" by="8397"/>
</httpSample>
<httpSample t="15" lt="14" ts="1282654086060" s="true" lb="/iceweb/" rc="200" rm="OK" tn="Grupo de Hilos 1-3" dt="text" by="8397"/>
<httpSample t="2" lt="2" ts="1282654086076" s="true" lb="/iceweb/styles/style.css;jsessionid=7C1B32529F00FF74DE79911BBC899F36" rc="200" rm="OK" tn="Grupo de Hilos 1-3" dt="text" by="2588"/>
<httpSample t="3" lt="3" ts="1282654086079" s="true" lb="/iceweb/js/flexigrid/css/flexigrid/flexigrid.css;jsessionid=7C1B32529F00FF74DE79911BBC899F36" rc="200" rm="OK" tn="Grupo de Hilos 1-3" dt="text" by="13979"/>
<httpSample t="2" lt="2" ts="1282654086083" s="true" lb="/iceweb/js/ajax.js;jsessionid=7C1B32529F00FF74DE79911BBC899F36" rc="200" rm="OK" tn="Grupo de Hilos 1-3" dt="text" by="11865"/>
<httpSample t="3" lt="3" ts="1282654086086" s="true" lb="/iceweb/js/common.js;jsessionid=7C1B32529F00FF74DE79911BBC899F36" rc="200" rm="OK" tn="Grupo de Hilos 1-3" dt="text" by="1161"/>
<httpSample t="3" lt="3" ts="1282654086090" s="true" lb="/iceweb/js/flexigrid/CentroPagedGrid.js;jsessionid=7C1B32529F00FF74DE79911BBC899F36" rc="200" rm="OK" tn="Grupo de Hilos 1-3" dt="text" by="42362"/>
<httpSample t="3" lt="3" ts="1282654086094" s="true" lb="/iceweb/js/jquery-1.4.js;jsessionid=7C1B32529F00FF74DE79911BBC899F36" rc="200" rm="OK" tn="Grupo de Hilos 1-3" dt="text" by="158407"/>
<httpSample t="2" lt="2" ts="1282654086099" s="true" lb="/iceweb/js/OpenLayersExt.js;jsessionid=7C1B32529F00FF74DE79911BBC899F36" rc="200" rm="OK" tn="Grupo de Hilos 1-3" dt="text" by="12330"/>
<httpSample t="3" lt="3" ts="1282654086102" s="true" lb="/iceweb/js/json.js;jsessionid=7C1B32529F00FF74DE79911BBC899F36" rc="200" rm="OK" tn="Grupo de Hilos 1-3" dt="text" by="7788"/>
<httpSample t="20998" lt="0" ts="1282654065472" s="false" lb="/maps" rc="Non HTTP response code: java.net.ConnectException" rm="Non HTTP response message: Connection timed out" tn="Grupo de Hilos 1-4" dt="text" by="1537"/>
<httpSample t="20999" lt="0" ts="1282654065480" s="false" lb="/maps" rc="Non HTTP response code: java.net.ConnectException" rm="Non HTTP response message: Connection timed out" tn="Grupo de Hilos 1-5" dt="text" by="1537"/>
<httpSample t="75" lt="17" ts="1282654086481" s="true" lb="/iceweb/centroLista" rc="200" rm="OK" tn="Grupo de Hilos 1-5" dt="text" by="653259"/>
<httpSample t="89" lt="30" ts="1282654086472" s="true" lb="/iceweb/centroLista" rc="200" rm="OK" tn="Grupo de Hilos 1-4" dt="text" by="653259"/>
<httpSample t="133" lt="127" ts="1282654086562" s="true" lb="/iceweb/restful/Centro/findMarcasCuadriculaByFilter" rc="200" rm="OK" tn="Grupo de Hilos 1-4" dt="text" by="65601"/>
<httpSample t="160" lt="156" ts="1282654086557" s="true" lb="/iceweb/restful/Centro/findMarcasCuadriculaByFilter" rc="200" rm="OK" tn="Grupo de Hilos 1-5" dt="text" by="65601"/>
<httpSample t="190" lt="0" ts="1282654086697" s="false" lb="/en-US/firefox/headlines.xml" rc="Non HTTP response code: java.net.ConnectException" rm="Non HTTP response message: Connection refused" tn="Grupo de Hilos 1-4" dt="text" by="1535"/>
<httpSample t="190" lt="0" ts="1282654086719" s="false" lb="/en-US/firefox/headlines.xml" rc="Non HTTP response code: java.net.ConnectException" rm="Non HTTP response message: Connection refused" tn="Grupo de Hilos 1-5" dt="text" by="1535"/>
<httpSample t="189" lt="0" ts="1282654086888" s="false" lb="/firefox/headlines.xml" rc="Non HTTP response code: java.net.ConnectException" rm="Non HTTP response message: Connection refused" tn="Grupo de Hilos 1-4" dt="text" by="1535"/>
<httpSample t="190" lt="0" ts="1282654086910" s="false" lb="/firefox/headlines.xml" rc="Non HTTP response code: java.net.ConnectException" rm="Non HTTP response message: Connection refused" tn="Grupo de Hilos 1-5" dt="text" by="1535"/>
<httpSample t="51" lt="0" ts="1282654087079" s="false" lb="/rss/newsonline_world_edition/front_page/rss.xml" rc="Non HTTP response code: java.net.ConnectException" rm="Non HTTP response message: Connection refused" tn="Grupo de Hilos 1-4" dt="text" by="1535"/>
<httpSample t="53" lt="0" ts="1282654087101" s="false" lb="/rss/newsonline_world_edition/front_page/rss.xml" rc="Non HTTP response code: java.net.ConnectException" rm="Non HTTP response message: Connection refused" tn="Grupo de Hilos 1-5" dt="text" by="1535"/>
<httpSample t="52" lt="0" ts="1282654087131" s="false" lb="/news/rss.xml" rc="Non HTTP response code: java.net.ConnectException" rm="Non HTTP response message: Connection refused" tn="Grupo de Hilos 1-4" dt="text" by="1535"/>
<httpSample t="15" lt="1" ts="1282654087184" s="true" lb="/iceweb" rc="200" rm="OK" tn="Grupo de Hilos 1-4" dt="text" by="8397">
  <httpSample t="1" lt="1" ts="1282654087184" s="true" lb="http://localhost:8080/iceweb" rc="302" rm="Movido temporálmente" tn="" dt="" by="0"/>
  <httpSample t="14" lt="14" ts="1282654087185" s="true" lb="http://localhost:8080/iceweb/" rc="200" rm="OK" tn="Grupo de Hilos 1-4" dt="text" by="8397"/>
</httpSample>
<httpSample t="52" lt="0" ts="1282654087155" s="false" lb="/news/rss.xml" rc="Non HTTP response code: java.net.ConnectException" rm="Non HTTP response message: Connection refused" tn="Grupo de Hilos 1-5" dt="text" by="1535"/>
<httpSample t="25" lt="1" ts="1282654087208" s="true" lb="/iceweb" rc="200" rm="OK" tn="Grupo de Hilos 1-5" dt="text" by="8397">
  <httpSample t="1" lt="1" ts="1282654087208" s="true" lb="http://localhost:8080/iceweb" rc="302" rm="Movido temporálmente" tn="" dt="" by="0"/>
  <httpSample t="24" lt="24" ts="1282654087209" s="true" lb="http://localhost:8080/iceweb/" rc="200" rm="OK" tn="Grupo de Hilos 1-5" dt="text" by="8397"/>
</httpSample>
<httpSample t="37" lt="37" ts="1282654087201" s="true" lb="/iceweb/" rc="200" rm="OK" tn="Grupo de Hilos 1-4" dt="text" by="8397"/>
<httpSample t="6" lt="6" ts="1282654087239" s="true" lb="/iceweb/styles/style.css;jsessionid=7C1B32529F00FF74DE79911BBC899F36" rc="200" rm="OK" tn="Grupo de Hilos 1-4" dt="text" by="2588"/>
<httpSample t="6" lt="6" ts="1282654087246" s="true" lb="/iceweb/js/flexigrid/css/flexigrid/flexigrid.css;jsessionid=7C1B32529F00FF74DE79911BBC899F36" rc="200" rm="OK" tn="Grupo de Hilos 1-4" dt="text" by="13979"/>
<httpSample t="3" lt="3" ts="1282654087253" s="true" lb="/iceweb/js/ajax.js;jsessionid=7C1B32529F00FF74DE79911BBC899F36" rc="200" rm="OK" tn="Grupo de Hilos 1-4" dt="text" by="11865"/>
<httpSample t="3" lt="3" ts="1282654087257" s="true" lb="/iceweb/js/common.js;jsessionid=7C1B32529F00FF74DE79911BBC899F36" rc="200" rm="OK" tn="Grupo de Hilos 1-4" dt="text" by="1161"/>
<httpSample t="27" lt="27" ts="1282654087234" s="true" lb="/iceweb/" rc="200" rm="OK" tn="Grupo de Hilos 1-5" dt="text" by="8397"/>
<httpSample t="2" lt="2" ts="1282654087263" s="true" lb="/iceweb/styles/style.css;jsessionid=7C1B32529F00FF74DE79911BBC899F36" rc="200" rm="OK" tn="Grupo de Hilos 1-5" dt="text" by="2588"/>
<httpSample t="9" lt="9" ts="1282654087266" s="true" lb="/iceweb/js/flexigrid/css/flexigrid/flexigrid.css;jsessionid=7C1B32529F00FF74DE79911BBC899F36" rc="200" rm="OK" tn="Grupo de Hilos 1-5" dt="text" by="13979"/>
<httpSample t="18" lt="18" ts="1282654087261" s="true" lb="/iceweb/js/flexigrid/CentroPagedGrid.js;jsessionid=7C1B32529F00FF74DE79911BBC899F36" rc="200" rm="OK" tn="Grupo de Hilos 1-4" dt="text" by="42362"/>
<httpSample t="6" lt="6" ts="1282654087277" s="true" lb="/iceweb/js/ajax.js;jsessionid=7C1B32529F00FF74DE79911BBC899F36" rc="200" rm="OK" tn="Grupo de Hilos 1-5" dt="text" by="11865"/>
<httpSample t="4" lt="4" ts="1282654087284" s="true" lb="/iceweb/js/common.js;jsessionid=7C1B32529F00FF74DE79911BBC899F36" rc="200" rm="OK" tn="Grupo de Hilos 1-5" dt="text" by="1161"/>
<httpSample t="10" lt="7" ts="1282654087280" s="true" lb="/iceweb/js/jquery-1.4.js;jsessionid=7C1B32529F00FF74DE79911BBC899F36" rc="200" rm="OK" tn="Grupo de Hilos 1-4" dt="text" by="158407"/>
<httpSample t="3" lt="3" ts="1282654087289" s="true" lb="/iceweb/js/flexigrid/CentroPagedGrid.js;jsessionid=7C1B32529F00FF74DE79911BBC899F36" rc="200" rm="OK" tn="Grupo de Hilos 1-5" dt="text" by="42362"/>
<httpSample t="3" lt="2" ts="1282654087293" s="true" lb="/iceweb/js/jquery-1.4.js;jsessionid=7C1B32529F00FF74DE79911BBC899F36" rc="200" rm="OK" tn="Grupo de Hilos 1-5" dt="text" by="158407"/>
<httpSample t="3" lt="3" ts="1282654087293" s="true" lb="/iceweb/js/OpenLayersExt.js;jsessionid=7C1B32529F00FF74DE79911BBC899F36" rc="200" rm="OK" tn="Grupo de Hilos 1-4" dt="text" by="12330"/>
<httpSample t="3" lt="3" ts="1282654087297" s="true" lb="/iceweb/js/OpenLayersExt.js;jsessionid=7C1B32529F00FF74DE79911BBC899F36" rc="200" rm="OK" tn="Grupo de Hilos 1-5" dt="text" by="12330"/>
<httpSample t="2" lt="2" ts="1282654087300" s="true" lb="/iceweb/js/json.js;jsessionid=7C1B32529F00FF74DE79911BBC899F36" rc="200" rm="OK" tn="Grupo de Hilos 1-4" dt="text" by="7788"/>
<httpSample t="2" lt="2" ts="1282654087301" s="true" lb="/iceweb/js/json.js;jsessionid=7C1B32529F00FF74DE79911BBC899F36" rc="200" rm="OK" tn="Grupo de Hilos 1-5" dt="text" by="7788"/>
<httpSample t="21010" lt="0" ts="1282654085645" s="false" lb="/maps" rc="Non HTTP response code: java.net.ConnectException" rm="Non HTTP response message: Connection timed out" tn="Grupo de Hilos 1-1" dt="text" by="1537"/>
<httpSample t="21013" lt="0" ts="1282654085642" s="false" lb="/maps" rc="Non HTTP response code: java.net.ConnectException" rm="Non HTTP response message: Connection timed out" tn="Grupo de Hilos 1-2" dt="text" by="1537"/>
<httpSample t="19" lt="10" ts="1282654106656" s="true" lb="/iceweb/js/OpenLayers/OpenLayers.js;jsessionid=7C1B32529F00FF74DE79911BBC899F36" rc="200" rm="OK" tn="Grupo de Hilos 1-1" dt="text" by="711799"/>
<httpSample t="18" lt="8" ts="1282654106657" s="true" lb="/iceweb/js/OpenLayers/OpenLayers.js;jsessionid=7C1B32529F00FF74DE79911BBC899F36" rc="200" rm="OK" tn="Grupo de Hilos 1-2" dt="text" by="711799"/>
<httpSample t="21001" lt="0" ts="1282654086106" s="false" lb="/maps" rc="Non HTTP response code: java.net.ConnectException" rm="Non HTTP response message: Connection timed out" tn="Grupo de Hilos 1-3" dt="text" by="1537"/>
<httpSample t="12" lt="5" ts="1282654107109" s="true" lb="/iceweb/js/OpenLayers/OpenLayers.js;jsessionid=7C1B32529F00FF74DE79911BBC899F36" rc="200" rm="OK" tn="Grupo de Hilos 1-3" dt="text" by="711799"/>
<httpSample t="20999" lt="0" ts="1282654087303" s="false" lb="/maps" rc="Non HTTP response code: java.net.ConnectException" rm="Non HTTP response message: Connection timed out" tn="Grupo de Hilos 1-4" dt="text" by="1537"/>
<httpSample t="20999" lt="0" ts="1282654087304" s="false" lb="/maps" rc="Non HTTP response code: java.net.ConnectException" rm="Non HTTP response message: Connection timed out" tn="Grupo de Hilos 1-5" dt="text" by="1537"/>
<httpSample t="29" lt="15" ts="1282654108304" s="true" lb="/iceweb/js/OpenLayers/OpenLayers.js;jsessionid=7C1B32529F00FF74DE79911BBC899F36" rc="200" rm="OK" tn="Grupo de Hilos 1-4" dt="text" by="711799"/>
<httpSample t="30" lt="8" ts="1282654108304" s="true" lb="/iceweb/js/OpenLayers/OpenLayers.js;jsessionid=7C1B32529F00FF74DE79911BBC899F36" rc="200" rm="OK" tn="Grupo de Hilos 1-5" dt="text" by="711799"/>
<httpSample t="21014" lt="0" ts="1282654106676" s="false" lb="/intl/es_ALL/mapfiles/260d/maps2.api/mod_stats.js" rc="Non HTTP response code: java.net.ConnectException" rm="Non HTTP response message: Connection timed out" tn="Grupo de Hilos 1-1" dt="text" by="1537"/>
<httpSample t="21015" lt="0" ts="1282654106676" s="false" lb="/intl/es_ALL/mapfiles/260d/maps2.api/mod_stats.js" rc="Non HTTP response code: java.net.ConnectException" rm="Non HTTP response message: Connection timed out" tn="Grupo de Hilos 1-2" dt="text" by="1537"/>
<httpSample t="14" lt="9" ts="1282654127692" s="false" lb="/iceweb/styles/img/south-mini.png" rc="404" rm="/iceweb/styles/img/south-mini.png" tn="Grupo de Hilos 1-2" dt="text" by="1059"/>
<httpSample t="14" lt="14" ts="1282654127692" s="false" lb="/iceweb/styles/img/south-mini.png" rc="404" rm="/iceweb/styles/img/south-mini.png" tn="Grupo de Hilos 1-1" dt="text" by="1059"/>
<httpSample t="7" lt="7" ts="1282654127708" s="false" lb="/iceweb/style.css" rc="404" rm="/iceweb/style.css" tn="Grupo de Hilos 1-2" dt="text" by="1011"/>
<httpSample t="5" lt="5" ts="1282654127711" s="false" lb="/iceweb/style.css" rc="404" rm="/iceweb/style.css" tn="Grupo de Hilos 1-1" dt="text" by="1011"/>
<httpSample t="3" lt="3" ts="1282654127716" s="false" lb="/iceweb/img/north-mini.png" rc="404" rm="/iceweb/img/north-mini.png" tn="Grupo de Hilos 1-2" dt="text" by="1038"/>
<httpSample t="2" lt="2" ts="1282654127722" s="false" lb="/iceweb/img/east-mini.png" rc="404" rm="/iceweb/img/east-mini.png" tn="Grupo de Hilos 1-2" dt="text" by="1035"/>
<httpSample t="4" lt="4" ts="1282654127718" s="false" lb="/iceweb/img/north-mini.png" rc="404" rm="/iceweb/img/north-mini.png" tn="Grupo de Hilos 1-1" dt="text" by="1038"/>
<httpSample t="2" lt="2" ts="1282654127726" s="false" lb="/iceweb/img/east-mini.png" rc="404" rm="/iceweb/img/east-mini.png" tn="Grupo de Hilos 1-1" dt="text" by="1035"/>
<httpSample t="4" lt="4" ts="1282654127726" s="false" lb="/iceweb/img/south-mini.png" rc="404" rm="/iceweb/img/south-mini.png" tn="Grupo de Hilos 1-2" dt="text" by="1038"/>
<httpSample t="2" lt="2" ts="1282654127730" s="false" lb="/iceweb/img/south-mini.png" rc="404" rm="/iceweb/img/south-mini.png" tn="Grupo de Hilos 1-1" dt="text" by="1038"/>
<httpSample t="3" lt="3" ts="1282654127732" s="false" lb="/iceweb/img/zoom-plus-mini.png" rc="404" rm="/iceweb/img/zoom-plus-mini.png" tn="Grupo de Hilos 1-2" dt="text" by="1050"/>
<httpSample t="3" lt="3" ts="1282654127736" s="false" lb="/iceweb/img/zoom-world-mini.png" rc="404" rm="/iceweb/img/zoom-world-mini.png" tn="Grupo de Hilos 1-2" dt="text" by="1053"/>
<httpSample t="3" lt="3" ts="1282654127740" s="false" lb="/iceweb/img/west-mini.png" rc="404" rm="/iceweb/img/west-mini.png" tn="Grupo de Hilos 1-2" dt="text" by="1035"/>
<httpSample t="9" lt="9" ts="1282654127734" s="false" lb="/iceweb/img/zoom-plus-mini.png" rc="404" rm="/iceweb/img/zoom-plus-mini.png" tn="Grupo de Hilos 1-1" dt="text" by="1050"/>
<httpSample t="3" lt="3" ts="1282654127745" s="false" lb="/iceweb/img/zoom-minus-mini.png" rc="404" rm="/iceweb/img/zoom-minus-mini.png" tn="Grupo de Hilos 1-2" dt="text" by="1053"/>
<httpSample t="2" lt="2" ts="1282654127748" s="false" lb="/iceweb/img/zoom-world-mini.png" rc="404" rm="/iceweb/img/zoom-world-mini.png" tn="Grupo de Hilos 1-1" dt="text" by="1053"/>
<httpSample t="5" lt="5" ts="1282654127753" s="false" lb="/iceweb/img/west-mini.png" rc="404" rm="/iceweb/img/west-mini.png" tn="Grupo de Hilos 1-1" dt="text" by="1035"/>
<httpSample t="6" lt="6" ts="1282654127752" s="false" lb="/iceweb/img/layer-switcher-minimize.png" rc="404" rm="/iceweb/img/layer-switcher-minimize.png" tn="Grupo de Hilos 1-2" dt="text" by="1077"/>
<httpSample t="3" lt="3" ts="1282654127760" s="false" lb="/iceweb/img/zoom-minus-mini.png" rc="404" rm="/iceweb/img/zoom-minus-mini.png" tn="Grupo de Hilos 1-1" dt="text" by="1053"/>
<httpSample t="3" lt="3" ts="1282654127762" s="false" lb="/iceweb/img/layer-switcher-maximize.png" rc="404" rm="/iceweb/img/layer-switcher-maximize.png" tn="Grupo de Hilos 1-2" dt="text" by="1077"/>
<httpSample t="2" lt="2" ts="1282654127766" s="false" lb="/iceweb/img/layer-switcher-minimize.png" rc="404" rm="/iceweb/img/layer-switcher-minimize.png" tn="Grupo de Hilos 1-1" dt="text" by="1077"/>
<httpSample t="9" lt="9" ts="1282654127769" s="false" lb="/iceweb/img/layer-switcher-maximize.png" rc="404" rm="/iceweb/img/layer-switcher-maximize.png" tn="Grupo de Hilos 1-1" dt="text" by="1077"/>
<httpSample t="17" lt="16" ts="1282654127767" s="true" lb="/iceweb/restful/Centro/findPagedByVentanaAndFilter" rc="200" rm="OK" tn="Grupo de Hilos 1-2" dt="text" by="11479"/>
<httpSample t="41" lt="41" ts="1282654127780" s="true" lb="/iceweb/restful/Centro/findPagedByVentanaAndFilter" rc="200" rm="OK" tn="Grupo de Hilos 1-1" dt="text" by="11479"/>
<httpSample t="113" lt="107" ts="1282654127785" s="true" lb="/iceweb/restful/Centro/findMarcasCuadriculaByFilter" rc="200" rm="OK" tn="Grupo de Hilos 1-2" dt="text" by="64084"/>
<httpSample t="162" lt="155" ts="1282654127822" s="true" lb="/iceweb/restful/Centro/findMarcasCuadriculaByFilter" rc="200" rm="OK" tn="Grupo de Hilos 1-1" dt="text" by="64084"/>
<httpSample t="144" lt="137" ts="1282654127899" s="true" lb="/iceweb/restful/Centro/findMarcasCuadriculaByFilter" rc="200" rm="OK" tn="Grupo de Hilos 1-2" dt="text" by="86966"/>
<httpSample t="21003" lt="0" ts="1282654107123" s="false" lb="/intl/es_ALL/mapfiles/260d/maps2.api/mod_stats.js" rc="Non HTTP response code: java.net.ConnectException" rm="Non HTTP response message: Connection timed out" tn="Grupo de Hilos 1-3" dt="text" by="1537"/>
<httpSample t="16" lt="16" ts="1282654128128" s="false" lb="/iceweb/styles/img/south-mini.png" rc="404" rm="/iceweb/styles/img/south-mini.png" tn="Grupo de Hilos 1-3" dt="text" by="1059"/>
<httpSample t="103" lt="103" ts="1282654128044" s="true" lb="/iceweb/restful/Centro/findPagedByVentanaAndFilter" rc="200" rm="OK" tn="Grupo de Hilos 1-2" dt="text" by="12174"/>
<httpSample t="165" lt="151" ts="1282654127986" s="true" lb="/iceweb/restful/Centro/findMarcasCuadriculaByFilter" rc="200" rm="OK" tn="Grupo de Hilos 1-1" dt="text" by="86966"/>
<httpSample t="6" lt="6" ts="1282654128146" s="false" lb="/iceweb/style.css" rc="404" rm="/iceweb/style.css" tn="Grupo de Hilos 1-3" dt="text" by="1011"/>
<httpSample t="8" lt="8" ts="1282654128154" s="false" lb="/iceweb/img/north-mini.png" rc="404" rm="/iceweb/img/north-mini.png" tn="Grupo de Hilos 1-3" dt="text" by="1038"/>
<httpSample t="19" lt="19" ts="1282654128153" s="true" lb="/iceweb/restful/Centro/findPagedByVentanaAndFilter" rc="200" rm="OK" tn="Grupo de Hilos 1-1" dt="text" by="12174"/>
<httpSample t="7" lt="7" ts="1282654128165" s="false" lb="/iceweb/img/east-mini.png" rc="404" rm="/iceweb/img/east-mini.png" tn="Grupo de Hilos 1-3" dt="text" by="1035"/>
<httpSample t="4" lt="4" ts="1282654128174" s="false" lb="/iceweb/img/south-mini.png" rc="404" rm="/iceweb/img/south-mini.png" tn="Grupo de Hilos 1-3" dt="text" by="1038"/>
<httpSample t="8" lt="8" ts="1282654128180" s="false" lb="/iceweb/img/zoom-plus-mini.png" rc="404" rm="/iceweb/img/zoom-plus-mini.png" tn="Grupo de Hilos 1-3" dt="text" by="1050"/>
<httpSample t="40" lt="40" ts="1282654128149" s="true" lb="/iceweb/restful/Centro/findPagedByVentanaAndFilter" rc="200" rm="OK" tn="Grupo de Hilos 1-2" dt="text" by="11851"/>
<httpSample t="38" lt="38" ts="1282654128174" s="true" lb="/iceweb/restful/Centro/findPagedByVentanaAndFilter" rc="200" rm="OK" tn="Grupo de Hilos 1-1" dt="text" by="11851"/>
<httpSample t="22" lt="22" ts="1282654128194" s="false" lb="/iceweb/img/zoom-world-mini.png" rc="404" rm="/iceweb/img/zoom-world-mini.png" tn="Grupo de Hilos 1-3" dt="text" by="1053"/>
<httpSample t="9" lt="9" ts="1282654128217" s="false" lb="/iceweb/img/west-mini.png" rc="404" rm="/iceweb/img/west-mini.png" tn="Grupo de Hilos 1-3" dt="text" by="1035"/>
<httpSample t="41" lt="41" ts="1282654128197" s="true" lb="/iceweb/restful/Centro/findPagedByVentanaAndFilter" rc="200" rm="OK" tn="Grupo de Hilos 1-2" dt="text" by="13604"/>
<httpSample t="11" lt="11" ts="1282654128229" s="false" lb="/iceweb/img/zoom-minus-mini.png" rc="404" rm="/iceweb/img/zoom-minus-mini.png" tn="Grupo de Hilos 1-3" dt="text" by="1053"/>
<httpSample t="6" lt="6" ts="1282654128241" s="false" lb="/iceweb/img/layer-switcher-minimize.png" rc="404" rm="/iceweb/img/layer-switcher-minimize.png" tn="Grupo de Hilos 1-3" dt="text" by="1077"/>
<httpSample t="4" lt="4" ts="1282654128248" s="false" lb="/iceweb/img/layer-switcher-maximize.png" rc="404" rm="/iceweb/img/layer-switcher-maximize.png" tn="Grupo de Hilos 1-3" dt="text" by="1077"/>
<httpSample t="29" lt="29" ts="1282654128240" s="true" lb="/iceweb/restful/Centro/findPagedByVentanaAndFilter" rc="200" rm="OK" tn="Grupo de Hilos 1-2" dt="text" by="14056"/>
<httpSample t="60" lt="60" ts="1282654128214" s="true" lb="/iceweb/restful/Centro/findPagedByVentanaAndFilter" rc="200" rm="OK" tn="Grupo de Hilos 1-1" dt="text" by="13604"/>
<httpSample t="28" lt="28" ts="1282654128253" s="true" lb="/iceweb/restful/Centro/findPagedByVentanaAndFilter" rc="200" rm="OK" tn="Grupo de Hilos 1-3" dt="text" by="11479"/>
<httpSample t="35" lt="35" ts="1282654128276" s="true" lb="/iceweb/restful/Centro/findPagedByVentanaAndFilter" rc="200" rm="OK" tn="Grupo de Hilos 1-1" dt="text" by="14056"/>
<httpSample t="123" lt="123" ts="1282654128271" s="true" lb="/iceweb/centroDetalle" rc="200" rm="OK" tn="Grupo de Hilos 1-2" dt="text" by="4200"/>
<httpSample t="102" lt="86" ts="1282654128294" s="true" lb="/iceweb/restful/Centro/findMarcasCuadriculaByFilter" rc="200" rm="OK" tn="Grupo de Hilos 1-3" dt="text" by="64084"/>
<httpSample t="103" lt="103" ts="1282654128314" s="true" lb="/iceweb/centroDetalle" rc="200" rm="OK" tn="Grupo de Hilos 1-1" dt="text" by="4200"/>
<httpSample t="120" lt="112" ts="1282654128398" s="true" lb="/iceweb/restful/Centro/findMarcasCuadriculaByFilter" rc="200" rm="OK" tn="Grupo de Hilos 1-3" dt="text" by="86966"/>
<httpSample t="13" lt="13" ts="1282654128519" s="true" lb="/iceweb/restful/Centro/findPagedByVentanaAndFilter" rc="200" rm="OK" tn="Grupo de Hilos 1-3" dt="text" by="12174"/>
<httpSample t="14" lt="14" ts="1282654128533" s="true" lb="/iceweb/restful/Centro/findPagedByVentanaAndFilter" rc="200" rm="OK" tn="Grupo de Hilos 1-3" dt="text" by="11851"/>
<httpSample t="18" lt="17" ts="1282654128549" s="true" lb="/iceweb/restful/Centro/findPagedByVentanaAndFilter" rc="200" rm="OK" tn="Grupo de Hilos 1-3" dt="text" by="13604"/>
<httpSample t="14" lt="14" ts="1282654128568" s="true" lb="/iceweb/restful/Centro/findPagedByVentanaAndFilter" rc="200" rm="OK" tn="Grupo de Hilos 1-3" dt="text" by="14056"/>
<httpSample t="18" lt="18" ts="1282654128583" s="true" lb="/iceweb/centroDetalle" rc="200" rm="OK" tn="Grupo de Hilos 1-3" dt="text" by="4200"/>
<httpSample t="20999" lt="0" ts="1282654108335" s="false" lb="/intl/es_ALL/mapfiles/260d/maps2.api/mod_stats.js" rc="Non HTTP response code: java.net.ConnectException" rm="Non HTTP response message: Connection timed out" tn="Grupo de Hilos 1-4" dt="text" by="1537"/>
<httpSample t="20999" lt="0" ts="1282654108335" s="false" lb="/intl/es_ALL/mapfiles/260d/maps2.api/mod_stats.js" rc="Non HTTP response code: java.net.ConnectException" rm="Non HTTP response message: Connection timed out" tn="Grupo de Hilos 1-5" dt="text" by="1537"/>
<httpSample t="8" lt="8" ts="1282654129336" s="false" lb="/iceweb/styles/img/south-mini.png" rc="404" rm="/iceweb/styles/img/south-mini.png" tn="Grupo de Hilos 1-4" dt="text" by="1059"/>
<httpSample t="7" lt="7" ts="1282654129336" s="false" lb="/iceweb/styles/img/south-mini.png" rc="404" rm="/iceweb/styles/img/south-mini.png" tn="Grupo de Hilos 1-5" dt="text" by="1059"/>
<httpSample t="4" lt="4" ts="1282654129346" s="false" lb="/iceweb/style.css" rc="404" rm="/iceweb/style.css" tn="Grupo de Hilos 1-4" dt="text" by="1011"/>
<httpSample t="4" lt="4" ts="1282654129348" s="false" lb="/iceweb/style.css" rc="404" rm="/iceweb/style.css" tn="Grupo de Hilos 1-5" dt="text" by="1011"/>
<httpSample t="10" lt="10" ts="1282654129354" s="false" lb="/iceweb/img/north-mini.png" rc="404" rm="/iceweb/img/north-mini.png" tn="Grupo de Hilos 1-5" dt="text" by="1038"/>
<httpSample t="9" lt="9" ts="1282654129354" s="false" lb="/iceweb/img/north-mini.png" rc="404" rm="/iceweb/img/north-mini.png" tn="Grupo de Hilos 1-4" dt="text" by="1038"/>
<httpSample t="4" lt="4" ts="1282654129367" s="false" lb="/iceweb/img/east-mini.png" rc="404" rm="/iceweb/img/east-mini.png" tn="Grupo de Hilos 1-4" dt="text" by="1035"/>
<httpSample t="10" lt="10" ts="1282654129366" s="false" lb="/iceweb/img/east-mini.png" rc="404" rm="/iceweb/img/east-mini.png" tn="Grupo de Hilos 1-5" dt="text" by="1035"/>
<httpSample t="5" lt="5" ts="1282654129373" s="false" lb="/iceweb/img/south-mini.png" rc="404" rm="/iceweb/img/south-mini.png" tn="Grupo de Hilos 1-4" dt="text" by="1038"/>
<httpSample t="5" lt="5" ts="1282654129380" s="false" lb="/iceweb/img/zoom-plus-mini.png" rc="404" rm="/iceweb/img/zoom-plus-mini.png" tn="Grupo de Hilos 1-4" dt="text" by="1050"/>
<httpSample t="4" lt="4" ts="1282654129380" s="false" lb="/iceweb/img/south-mini.png" rc="404" rm="/iceweb/img/south-mini.png" tn="Grupo de Hilos 1-5" dt="text" by="1038"/>
<httpSample t="6" lt="6" ts="1282654129392" s="false" lb="/iceweb/img/zoom-world-mini.png" rc="404" rm="/iceweb/img/zoom-world-mini.png" tn="Grupo de Hilos 1-4" dt="text" by="1053"/>
<httpSample t="6" lt="6" ts="1282654129394" s="false" lb="/iceweb/img/zoom-plus-mini.png" rc="404" rm="/iceweb/img/zoom-plus-mini.png" tn="Grupo de Hilos 1-5" dt="text" by="1050"/>
<httpSample t="6" lt="6" ts="1282654129403" s="false" lb="/iceweb/img/zoom-world-mini.png" rc="404" rm="/iceweb/img/zoom-world-mini.png" tn="Grupo de Hilos 1-5" dt="text" by="1053"/>
<httpSample t="8" lt="8" ts="1282654129401" s="false" lb="/iceweb/img/west-mini.png" rc="404" rm="/iceweb/img/west-mini.png" tn="Grupo de Hilos 1-4" dt="text" by="1035"/>
<httpSample t="3" lt="3" ts="1282654129411" s="false" lb="/iceweb/img/west-mini.png" rc="404" rm="/iceweb/img/west-mini.png" tn="Grupo de Hilos 1-5" dt="text" by="1035"/>
<httpSample t="4" lt="4" ts="1282654129411" s="false" lb="/iceweb/img/zoom-minus-mini.png" rc="404" rm="/iceweb/img/zoom-minus-mini.png" tn="Grupo de Hilos 1-4" dt="text" by="1053"/>
<httpSample t="8" lt="8" ts="1282654129416" s="false" lb="/iceweb/img/layer-switcher-minimize.png" rc="404" rm="/iceweb/img/layer-switcher-minimize.png" tn="Grupo de Hilos 1-4" dt="text" by="1077"/>
<httpSample t="3" lt="3" ts="1282654129425" s="false" lb="/iceweb/img/layer-switcher-maximize.png" rc="404" rm="/iceweb/img/layer-switcher-maximize.png" tn="Grupo de Hilos 1-4" dt="text" by="1077"/>
<httpSample t="3" lt="3" ts="1282654129416" s="false" lb="/iceweb/img/zoom-minus-mini.png" rc="404" rm="/iceweb/img/zoom-minus-mini.png" tn="Grupo de Hilos 1-5" dt="text" by="1053"/>
<httpSample t="5" lt="5" ts="1282654129432" s="false" lb="/iceweb/img/layer-switcher-minimize.png" rc="404" rm="/iceweb/img/layer-switcher-minimize.png" tn="Grupo de Hilos 1-5" dt="text" by="1077"/>
<httpSample t="3" lt="3" ts="1282654129438" s="false" lb="/iceweb/img/layer-switcher-maximize.png" rc="404" rm="/iceweb/img/layer-switcher-maximize.png" tn="Grupo de Hilos 1-5" dt="text" by="1077"/>
<httpSample t="24" lt="23" ts="1282654129429" s="true" lb="/iceweb/restful/Centro/findPagedByVentanaAndFilter" rc="200" rm="OK" tn="Grupo de Hilos 1-4" dt="text" by="11479"/>
<httpSample t="16" lt="15" ts="1282654129443" s="true" lb="/iceweb/restful/Centro/findPagedByVentanaAndFilter" rc="200" rm="OK" tn="Grupo de Hilos 1-5" dt="text" by="11479"/>
<httpSample t="93" lt="87" ts="1282654129456" s="true" lb="/iceweb/restful/Centro/findMarcasCuadriculaByFilter" rc="200" rm="OK" tn="Grupo de Hilos 1-4" dt="text" by="64084"/>
<httpSample t="125" lt="115" ts="1282654129550" s="true" lb="/iceweb/restful/Centro/findMarcasCuadriculaByFilter" rc="200" rm="OK" tn="Grupo de Hilos 1-4" dt="text" by="86966"/>
<httpSample t="239" lt="234" ts="1282654129460" s="true" lb="/iceweb/restful/Centro/findMarcasCuadriculaByFilter" rc="200" rm="OK" tn="Grupo de Hilos 1-5" dt="text" by="64084"/>
<httpSample t="46" lt="46" ts="1282654129677" s="true" lb="/iceweb/restful/Centro/findPagedByVentanaAndFilter" rc="200" rm="OK" tn="Grupo de Hilos 1-4" dt="text" by="12174"/>
<httpSample t="28" lt="28" ts="1282654129725" s="true" lb="/iceweb/restful/Centro/findPagedByVentanaAndFilter" rc="200" rm="OK" tn="Grupo de Hilos 1-4" dt="text" by="11851"/>
<httpSample t="118" lt="110" ts="1282654129701" s="true" lb="/iceweb/restful/Centro/findMarcasCuadriculaByFilter" rc="200" rm="OK" tn="Grupo de Hilos 1-5" dt="text" by="86966"/>
<httpSample t="68" lt="68" ts="1282654129754" s="true" lb="/iceweb/restful/Centro/findPagedByVentanaAndFilter" rc="200" rm="OK" tn="Grupo de Hilos 1-4" dt="text" by="13604"/>
<httpSample t="21" lt="20" ts="1282654129823" s="true" lb="/iceweb/restful/Centro/findPagedByVentanaAndFilter" rc="200" rm="OK" tn="Grupo de Hilos 1-4" dt="text" by="14056"/>
<httpSample t="27" lt="26" ts="1282654129821" s="true" lb="/iceweb/restful/Centro/findPagedByVentanaAndFilter" rc="200" rm="OK" tn="Grupo de Hilos 1-5" dt="text" by="12174"/>
<httpSample t="33" lt="33" ts="1282654129845" s="true" lb="/iceweb/centroDetalle" rc="200" rm="OK" tn="Grupo de Hilos 1-4" dt="text" by="4200"/>
<httpSample t="33" lt="33" ts="1282654129849" s="true" lb="/iceweb/restful/Centro/findPagedByVentanaAndFilter" rc="200" rm="OK" tn="Grupo de Hilos 1-5" dt="text" by="11851"/>
<httpSample t="16" lt="16" ts="1282654129883" s="true" lb="/iceweb/restful/Centro/findPagedByVentanaAndFilter" rc="200" rm="OK" tn="Grupo de Hilos 1-5" dt="text" by="13604"/>
<httpSample t="15" lt="15" ts="1282654129900" s="true" lb="/iceweb/restful/Centro/findPagedByVentanaAndFilter" rc="200" rm="OK" tn="Grupo de Hilos 1-5" dt="text" by="14056"/>
<httpSample t="14" lt="14" ts="1282654129917" s="true" lb="/iceweb/centroDetalle" rc="200" rm="OK" tn="Grupo de Hilos 1-5" dt="text" by="4200"/>
<httpSample t="21014" lt="0" ts="1282654128396" s="false" lb="/maps" rc="Non HTTP response code: java.net.ConnectException" rm="Non HTTP response message: Connection timed out" tn="Grupo de Hilos 1-2" dt="text" by="1537"/>
<httpSample t="20999" lt="0" ts="1282654128419" s="false" lb="/maps" rc="Non HTTP response code: java.net.ConnectException" rm="Non HTTP response message: Connection timed out" tn="Grupo de Hilos 1-1" dt="text" by="1537"/>
<httpSample t="16" lt="15" ts="1282654149412" s="true" lb="/iceweb/restful/Centro/46006574" rc="200" rm="OK" tn="Grupo de Hilos 1-2" dt="text" by="786"/>
<httpSample t="14" lt="13" ts="1282654149420" s="true" lb="/iceweb/restful/Centro/46006574" rc="200" rm="OK" tn="Grupo de Hilos 1-1" dt="text" by="786"/>
<httpSample t="21001" lt="0" ts="1282654128602" s="false" lb="/maps" rc="Non HTTP response code: java.net.ConnectException" rm="Non HTTP response message: Connection timed out" tn="Grupo de Hilos 1-3" dt="text" by="1537"/>
<httpSample t="11" lt="11" ts="1282654149605" s="true" lb="/iceweb/restful/Centro/46006574" rc="200" rm="OK" tn="Grupo de Hilos 1-3" dt="text" by="786"/>
<httpSample t="20998" lt="0" ts="1282654129880" s="false" lb="/maps" rc="Non HTTP response code: java.net.ConnectException" rm="Non HTTP response message: Connection timed out" tn="Grupo de Hilos 1-4" dt="text" by="1537"/>
<httpSample t="10" lt="10" ts="1282654150880" s="true" lb="/iceweb/restful/Centro/46006574" rc="200" rm="OK" tn="Grupo de Hilos 1-4" dt="text" by="786"/>
<httpSample t="20998" lt="0" ts="1282654129932" s="false" lb="/maps" rc="Non HTTP response code: java.net.ConnectException" rm="Non HTTP response message: Connection timed out" tn="Grupo de Hilos 1-5" dt="text" by="1537"/>
<httpSample t="8" lt="7" ts="1282654150931" s="true" lb="/iceweb/restful/Centro/46006574" rc="200" rm="OK" tn="Grupo de Hilos 1-5" dt="text" by="786"/>
<httpSample t="21000" lt="0" ts="1282654149430" s="false" lb="/maps" rc="Non HTTP response code: java.net.ConnectException" rm="Non HTTP response message: Connection timed out" tn="Grupo de Hilos 1-2" dt="text" by="1537"/>
<httpSample t="20999" lt="0" ts="1282654149435" s="false" lb="/maps" rc="Non HTTP response code: java.net.ConnectException" rm="Non HTTP response message: Connection timed out" tn="Grupo de Hilos 1-1" dt="text" by="1537"/>
<httpSample t="156" lt="58" ts="1282654170431" s="true" lb="/iceweb/centroLista" rc="200" rm="OK" tn="Grupo de Hilos 1-2" dt="text" by="653259"/>
<httpSample t="154" lt="41" ts="1282654170436" s="true" lb="/iceweb/centroLista" rc="200" rm="OK" tn="Grupo de Hilos 1-1" dt="text" by="653259"/>
<httpSample t="20997" lt="0" ts="1282654149618" s="false" lb="/maps" rc="Non HTTP response code: java.net.ConnectException" rm="Non HTTP response message: Connection timed out" tn="Grupo de Hilos 1-3" dt="text" by="1537"/>
<httpSample t="87" lt="80" ts="1282654170592" s="true" lb="/iceweb/restful/Centro/findMarcasCuadriculaByFilter" rc="200" rm="OK" tn="Grupo de Hilos 1-1" dt="text" by="65601"/>
<httpSample t="146" lt="139" ts="1282654170588" s="true" lb="/iceweb/restful/Centro/findMarcasCuadriculaByFilter" rc="200" rm="OK" tn="Grupo de Hilos 1-2" dt="text" by="65601"/>
<httpSample t="175" lt="124" ts="1282654170617" s="true" lb="/iceweb/centroLista" rc="200" rm="OK" tn="Grupo de Hilos 1-3" dt="text" by="653259"/>
<httpSample t="63" lt="58" ts="1282654170793" s="true" lb="/iceweb/restful/Centro/findMarcasCuadriculaByFilter" rc="200" rm="OK" tn="Grupo de Hilos 1-3" dt="text" by="65601"/>
<httpSample t="213" lt="0" ts="1282654170680" s="false" lb="/en-US/firefox/headlines.xml" rc="Non HTTP response code: java.net.ConnectException" rm="Non HTTP response message: Connection refused" tn="Grupo de Hilos 1-1" dt="text" by="1535"/>
<httpSample t="189" lt="0" ts="1282654170735" s="false" lb="/en-US/firefox/headlines.xml" rc="Non HTTP response code: java.net.ConnectException" rm="Non HTTP response message: Connection refused" tn="Grupo de Hilos 1-2" dt="text" by="1535"/>
<httpSample t="190" lt="0" ts="1282654170858" s="false" lb="/en-US/firefox/headlines.xml" rc="Non HTTP response code: java.net.ConnectException" rm="Non HTTP response message: Connection refused" tn="Grupo de Hilos 1-3" dt="text" by="1535"/>
<httpSample t="190" lt="0" ts="1282654170894" s="false" lb="/firefox/headlines.xml" rc="Non HTTP response code: java.net.ConnectException" rm="Non HTTP response message: Connection refused" tn="Grupo de Hilos 1-1" dt="text" by="1535"/>
<httpSample t="191" lt="0" ts="1282654170926" s="false" lb="/firefox/headlines.xml" rc="Non HTTP response code: java.net.ConnectException" rm="Non HTTP response message: Connection refused" tn="Grupo de Hilos 1-2" dt="text" by="1535"/>
<httpSample t="73" lt="0" ts="1282654171085" s="false" lb="/rss/newsonline_world_edition/front_page/rss.xml" rc="Non HTTP response code: java.net.ConnectException" rm="Non HTTP response message: Connection refused" tn="Grupo de Hilos 1-1" dt="text" by="1535"/>
<httpSample t="52" lt="0" ts="1282654171119" s="false" lb="/rss/newsonline_world_edition/front_page/rss.xml" rc="Non HTTP response code: java.net.ConnectException" rm="Non HTTP response message: Connection refused" tn="Grupo de Hilos 1-2" dt="text" by="1535"/>
<httpSample t="74" lt="0" ts="1282654171160" s="false" lb="/news/rss.xml" rc="Non HTTP response code: java.net.ConnectException" rm="Non HTTP response message: Connection refused" tn="Grupo de Hilos 1-1" dt="text" by="1535"/>
<httpSample t="190" lt="0" ts="1282654171049" s="false" lb="/firefox/headlines.xml" rc="Non HTTP response code: java.net.ConnectException" rm="Non HTTP response message: Connection refused" tn="Grupo de Hilos 1-3" dt="text" by="1535"/>
<httpSample t="74" lt="0" ts="1282654171173" s="false" lb="/news/rss.xml" rc="Non HTTP response code: java.net.ConnectException" rm="Non HTTP response message: Connection refused" tn="Grupo de Hilos 1-2" dt="text" by="1535"/>
<httpSample t="12" lt="0" ts="1282654171249" s="true" lb="/iceweb" rc="200" rm="OK" tn="Grupo de Hilos 1-2" dt="text" by="8397">
  <httpSample t="0" lt="0" ts="1282654171249" s="true" lb="http://localhost:8080/iceweb" rc="302" rm="Movido temporálmente" tn="" dt="" by="0"/>
  <httpSample t="12" lt="12" ts="1282654171249" s="true" lb="http://localhost:8080/iceweb/" rc="200" rm="OK" tn="Grupo de Hilos 1-2" dt="text" by="8397"/>
</httpSample>
<httpSample t="28" lt="2" ts="1282654171235" s="true" lb="/iceweb" rc="200" rm="OK" tn="Grupo de Hilos 1-1" dt="text" by="8397">
  <httpSample t="2" lt="2" ts="1282654171235" s="true" lb="http://localhost:8080/iceweb" rc="302" rm="Movido temporálmente" tn="" dt="" by="0"/>
  <httpSample t="26" lt="25" ts="1282654171237" s="true" lb="http://localhost:8080/iceweb/" rc="200" rm="OK" tn="Grupo de Hilos 1-1" dt="text" by="8397"/>
</httpSample>
<httpSample t="16" lt="16" ts="1282654171266" s="true" lb="/iceweb/" rc="200" rm="OK" tn="Grupo de Hilos 1-1" dt="text" by="8397"/>
<httpSample t="23" lt="23" ts="1282654171264" s="true" lb="/iceweb/" rc="200" rm="OK" tn="Grupo de Hilos 1-2" dt="text" by="8397"/>
<httpSample t="6" lt="6" ts="1282654171283" s="true" lb="/iceweb/styles/style.css;jsessionid=7C1B32529F00FF74DE79911BBC899F36" rc="200" rm="OK" tn="Grupo de Hilos 1-1" dt="text" by="2588"/>
<httpSample t="4" lt="4" ts="1282654171288" s="true" lb="/iceweb/styles/style.css;jsessionid=7C1B32529F00FF74DE79911BBC899F36" rc="200" rm="OK" tn="Grupo de Hilos 1-2" dt="text" by="2588"/>
<httpSample t="4" lt="4" ts="1282654171290" s="true" lb="/iceweb/js/flexigrid/css/flexigrid/flexigrid.css;jsessionid=7C1B32529F00FF74DE79911BBC899F36" rc="200" rm="OK" tn="Grupo de Hilos 1-1" dt="text" by="13979"/>
<httpSample t="54" lt="0" ts="1282654171240" s="false" lb="/rss/newsonline_world_edition/front_page/rss.xml" rc="Non HTTP response code: java.net.ConnectException" rm="Non HTTP response message: Connection refused" tn="Grupo de Hilos 1-3" dt="text" by="1535"/>
<httpSample t="4" lt="4" ts="1282654171293" s="true" lb="/iceweb/js/flexigrid/css/flexigrid/flexigrid.css;jsessionid=7C1B32529F00FF74DE79911BBC899F36" rc="200" rm="OK" tn="Grupo de Hilos 1-2" dt="text" by="13979"/>
<httpSample t="4" lt="4" ts="1282654171295" s="true" lb="/iceweb/js/ajax.js;jsessionid=7C1B32529F00FF74DE79911BBC899F36" rc="200" rm="OK" tn="Grupo de Hilos 1-1" dt="text" by="11865"/>
<httpSample t="3" lt="3" ts="1282654171299" s="true" lb="/iceweb/js/ajax.js;jsessionid=7C1B32529F00FF74DE79911BBC899F36" rc="200" rm="OK" tn="Grupo de Hilos 1-2" dt="text" by="11865"/>
<httpSample t="3" lt="3" ts="1282654171300" s="true" lb="/iceweb/js/common.js;jsessionid=7C1B32529F00FF74DE79911BBC899F36" rc="200" rm="OK" tn="Grupo de Hilos 1-1" dt="text" by="1161"/>
<httpSample t="3" lt="3" ts="1282654171304" s="true" lb="/iceweb/js/common.js;jsessionid=7C1B32529F00FF74DE79911BBC899F36" rc="200" rm="OK" tn="Grupo de Hilos 1-2" dt="text" by="1161"/>
<httpSample t="19" lt="19" ts="1282654171304" s="true" lb="/iceweb/js/flexigrid/CentroPagedGrid.js;jsessionid=7C1B32529F00FF74DE79911BBC899F36" rc="200" rm="OK" tn="Grupo de Hilos 1-1" dt="text" by="42362"/>
<httpSample t="11" lt="11" ts="1282654171315" s="true" lb="/iceweb/js/flexigrid/CentroPagedGrid.js;jsessionid=7C1B32529F00FF74DE79911BBC899F36" rc="200" rm="OK" tn="Grupo de Hilos 1-2" dt="text" by="42362"/>
<httpSample t="5" lt="5" ts="1282654171326" s="true" lb="/iceweb/js/jquery-1.4.js;jsessionid=7C1B32529F00FF74DE79911BBC899F36" rc="200" rm="OK" tn="Grupo de Hilos 1-1" dt="text" by="158407"/>
<httpSample t="9" lt="8" ts="1282654171327" s="true" lb="/iceweb/js/jquery-1.4.js;jsessionid=7C1B32529F00FF74DE79911BBC899F36" rc="200" rm="OK" tn="Grupo de Hilos 1-2" dt="text" by="158407"/>
<httpSample t="8" lt="8" ts="1282654171332" s="true" lb="/iceweb/js/OpenLayersExt.js;jsessionid=7C1B32529F00FF74DE79911BBC899F36" rc="200" rm="OK" tn="Grupo de Hilos 1-1" dt="text" by="12330"/>
<httpSample t="7" lt="7" ts="1282654171337" s="true" lb="/iceweb/js/OpenLayersExt.js;jsessionid=7C1B32529F00FF74DE79911BBC899F36" rc="200" rm="OK" tn="Grupo de Hilos 1-2" dt="text" by="12330"/>
<httpSample t="51" lt="0" ts="1282654171296" s="false" lb="/news/rss.xml" rc="Non HTTP response code: java.net.ConnectException" rm="Non HTTP response message: Connection refused" tn="Grupo de Hilos 1-3" dt="text" by="1535"/>
<httpSample t="7" lt="7" ts="1282654171341" s="true" lb="/iceweb/js/json.js;jsessionid=7C1B32529F00FF74DE79911BBC899F36" rc="200" rm="OK" tn="Grupo de Hilos 1-1" dt="text" by="7788"/>
<httpSample t="7" lt="7" ts="1282654171345" s="true" lb="/iceweb/js/json.js;jsessionid=7C1B32529F00FF74DE79911BBC899F36" rc="200" rm="OK" tn="Grupo de Hilos 1-2" dt="text" by="7788"/>
<httpSample t="16" lt="1" ts="1282654171349" s="true" lb="/iceweb" rc="200" rm="OK" tn="Grupo de Hilos 1-3" dt="text" by="8397">
  <httpSample t="1" lt="1" ts="1282654171349" s="true" lb="http://localhost:8080/iceweb" rc="302" rm="Movido temporálmente" tn="" dt="" by="0"/>
  <httpSample t="15" lt="14" ts="1282654171350" s="true" lb="http://localhost:8080/iceweb/" rc="200" rm="OK" tn="Grupo de Hilos 1-3" dt="text" by="8397"/>
</httpSample>
<httpSample t="11" lt="11" ts="1282654171366" s="true" lb="/iceweb/" rc="200" rm="OK" tn="Grupo de Hilos 1-3" dt="text" by="8397"/>
<httpSample t="2" lt="2" ts="1282654171378" s="true" lb="/iceweb/styles/style.css;jsessionid=7C1B32529F00FF74DE79911BBC899F36" rc="200" rm="OK" tn="Grupo de Hilos 1-3" dt="text" by="2588"/>
<httpSample t="2" lt="2" ts="1282654171381" s="true" lb="/iceweb/js/flexigrid/css/flexigrid/flexigrid.css;jsessionid=7C1B32529F00FF74DE79911BBC899F36" rc="200" rm="OK" tn="Grupo de Hilos 1-3" dt="text" by="13979"/>
<httpSample t="2" lt="2" ts="1282654171384" s="true" lb="/iceweb/js/ajax.js;jsessionid=7C1B32529F00FF74DE79911BBC899F36" rc="200" rm="OK" tn="Grupo de Hilos 1-3" dt="text" by="11865"/>
<httpSample t="2" lt="2" ts="1282654171387" s="true" lb="/iceweb/js/common.js;jsessionid=7C1B32529F00FF74DE79911BBC899F36" rc="200" rm="OK" tn="Grupo de Hilos 1-3" dt="text" by="1161"/>
<httpSample t="2" lt="2" ts="1282654171390" s="true" lb="/iceweb/js/flexigrid/CentroPagedGrid.js;jsessionid=7C1B32529F00FF74DE79911BBC899F36" rc="200" rm="OK" tn="Grupo de Hilos 1-3" dt="text" by="42362"/>
<httpSample t="3" lt="3" ts="1282654171395" s="true" lb="/iceweb/js/jquery-1.4.js;jsessionid=7C1B32529F00FF74DE79911BBC899F36" rc="200" rm="OK" tn="Grupo de Hilos 1-3" dt="text" by="158407"/>
<httpSample t="2" lt="2" ts="1282654171400" s="true" lb="/iceweb/js/OpenLayersExt.js;jsessionid=7C1B32529F00FF74DE79911BBC899F36" rc="200" rm="OK" tn="Grupo de Hilos 1-3" dt="text" by="12330"/>
<httpSample t="3" lt="3" ts="1282654171403" s="true" lb="/iceweb/js/json.js;jsessionid=7C1B32529F00FF74DE79911BBC899F36" rc="200" rm="OK" tn="Grupo de Hilos 1-3" dt="text" by="7788"/>
<httpSample t="20999" lt="0" ts="1282654150892" s="false" lb="/maps" rc="Non HTTP response code: java.net.ConnectException" rm="Non HTTP response message: Connection timed out" tn="Grupo de Hilos 1-4" dt="text" by="1537"/>
<httpSample t="20998" lt="0" ts="1282654150940" s="false" lb="/maps" rc="Non HTTP response code: java.net.ConnectException" rm="Non HTTP response message: Connection timed out" tn="Grupo de Hilos 1-5" dt="text" by="1537"/>
<httpSample t="73" lt="19" ts="1282654171893" s="true" lb="/iceweb/centroLista" rc="200" rm="OK" tn="Grupo de Hilos 1-4" dt="text" by="653259"/>
<httpSample t="71" lt="17" ts="1282654171939" s="true" lb="/iceweb/centroLista" rc="200" rm="OK" tn="Grupo de Hilos 1-5" dt="text" by="653259"/>
<httpSample t="88" lt="73" ts="1282654171967" s="true" lb="/iceweb/restful/Centro/findMarcasCuadriculaByFilter" rc="200" rm="OK" tn="Grupo de Hilos 1-4" dt="text" by="65601"/>
<httpSample t="91" lt="85" ts="1282654172013" s="true" lb="/iceweb/restful/Centro/findMarcasCuadriculaByFilter" rc="200" rm="OK" tn="Grupo de Hilos 1-5" dt="text" by="65601"/>
<httpSample t="188" lt="0" ts="1282654172057" s="false" lb="/en-US/firefox/headlines.xml" rc="Non HTTP response code: java.net.ConnectException" rm="Non HTTP response message: Connection refused" tn="Grupo de Hilos 1-4" dt="text" by="1535"/>
<httpSample t="189" lt="0" ts="1282654172106" s="false" lb="/en-US/firefox/headlines.xml" rc="Non HTTP response code: java.net.ConnectException" rm="Non HTTP response message: Connection refused" tn="Grupo de Hilos 1-5" dt="text" by="1535"/>
<httpSample t="193" lt="0" ts="1282654172247" s="false" lb="/firefox/headlines.xml" rc="Non HTTP response code: java.net.ConnectException" rm="Non HTTP response message: Connection refused" tn="Grupo de Hilos 1-4" dt="text" by="1535"/>
<httpSample t="193" lt="0" ts="1282654172297" s="false" lb="/firefox/headlines.xml" rc="Non HTTP response code: java.net.ConnectException" rm="Non HTTP response message: Connection refused" tn="Grupo de Hilos 1-5" dt="text" by="1535"/>
<httpSample t="71" lt="0" ts="1282654172441" s="false" lb="/rss/newsonline_world_edition/front_page/rss.xml" rc="Non HTTP response code: java.net.ConnectException" rm="Non HTTP response message: Connection refused" tn="Grupo de Hilos 1-4" dt="text" by="1535"/>
<httpSample t="59" lt="0" ts="1282654172492" s="false" lb="/rss/newsonline_world_edition/front_page/rss.xml" rc="Non HTTP response code: java.net.ConnectException" rm="Non HTTP response message: Connection refused" tn="Grupo de Hilos 1-5" dt="text" by="1535"/>
<httpSample t="120" lt="0" ts="1282654172513" s="false" lb="/news/rss.xml" rc="Non HTTP response code: java.net.ConnectException" rm="Non HTTP response message: Connection refused" tn="Grupo de Hilos 1-4" dt="text" by="1535"/>
<httpSample t="86" lt="0" ts="1282654172553" s="false" lb="/news/rss.xml" rc="Non HTTP response code: java.net.ConnectException" rm="Non HTTP response message: Connection refused" tn="Grupo de Hilos 1-5" dt="text" by="1535"/>
<httpSample t="21" lt="1" ts="1282654172641" s="true" lb="/iceweb" rc="200" rm="OK" tn="Grupo de Hilos 1-5" dt="text" by="8397">
  <httpSample t="1" lt="1" ts="1282654172641" s="true" lb="http://localhost:8080/iceweb" rc="302" rm="Movido temporálmente" tn="" dt="" by="0"/>
  <httpSample t="20" lt="19" ts="1282654172642" s="true" lb="http://localhost:8080/iceweb/" rc="200" rm="OK" tn="Grupo de Hilos 1-5" dt="text" by="8397"/>
</httpSample>
<httpSample t="34" lt="2" ts="1282654172635" s="true" lb="/iceweb" rc="200" rm="OK" tn="Grupo de Hilos 1-4" dt="text" by="8397">
  <httpSample t="2" lt="2" ts="1282654172635" s="true" lb="http://localhost:8080/iceweb" rc="302" rm="Movido temporálmente" tn="" dt="" by="0"/>
  <httpSample t="32" lt="31" ts="1282654172637" s="true" lb="http://localhost:8080/iceweb/" rc="200" rm="OK" tn="Grupo de Hilos 1-4" dt="text" by="8397"/>
</httpSample>
<httpSample t="17" lt="16" ts="1282654172670" s="true" lb="/iceweb/" rc="200" rm="OK" tn="Grupo de Hilos 1-4" dt="text" by="8397"/>
<httpSample t="26" lt="25" ts="1282654172663" s="true" lb="/iceweb/" rc="200" rm="OK" tn="Grupo de Hilos 1-5" dt="text" by="8397"/>
<httpSample t="6" lt="6" ts="1282654172688" s="true" lb="/iceweb/styles/style.css;jsessionid=7C1B32529F00FF74DE79911BBC899F36" rc="200" rm="OK" tn="Grupo de Hilos 1-4" dt="text" by="2588"/>
<httpSample t="5" lt="5" ts="1282654172693" s="true" lb="/iceweb/styles/style.css;jsessionid=7C1B32529F00FF74DE79911BBC899F36" rc="200" rm="OK" tn="Grupo de Hilos 1-5" dt="text" by="2588"/>
<httpSample t="6" lt="6" ts="1282654172695" s="true" lb="/iceweb/js/flexigrid/css/flexigrid/flexigrid.css;jsessionid=7C1B32529F00FF74DE79911BBC899F36" rc="200" rm="OK" tn="Grupo de Hilos 1-4" dt="text" by="13979"/>
<httpSample t="7" lt="7" ts="1282654172702" s="true" lb="/iceweb/js/ajax.js;jsessionid=7C1B32529F00FF74DE79911BBC899F36" rc="200" rm="OK" tn="Grupo de Hilos 1-4" dt="text" by="11865"/>
<httpSample t="11" lt="10" ts="1282654172699" s="true" lb="/iceweb/js/flexigrid/css/flexigrid/flexigrid.css;jsessionid=7C1B32529F00FF74DE79911BBC899F36" rc="200" rm="OK" tn="Grupo de Hilos 1-5" dt="text" by="13979"/>
<httpSample t="4" lt="4" ts="1282654172711" s="true" lb="/iceweb/js/common.js;jsessionid=7C1B32529F00FF74DE79911BBC899F36" rc="200" rm="OK" tn="Grupo de Hilos 1-4" dt="text" by="1161"/>
<httpSample t="9" lt="9" ts="1282654172712" s="true" lb="/iceweb/js/ajax.js;jsessionid=7C1B32529F00FF74DE79911BBC899F36" rc="200" rm="OK" tn="Grupo de Hilos 1-5" dt="text" by="11865"/>
<httpSample t="9" lt="8" ts="1282654172716" s="true" lb="/iceweb/js/flexigrid/CentroPagedGrid.js;jsessionid=7C1B32529F00FF74DE79911BBC899F36" rc="200" rm="OK" tn="Grupo de Hilos 1-4" dt="text" by="42362"/>
<httpSample t="3" lt="3" ts="1282654172726" s="true" lb="/iceweb/js/jquery-1.4.js;jsessionid=7C1B32529F00FF74DE79911BBC899F36" rc="200" rm="OK" tn="Grupo de Hilos 1-4" dt="text" by="158407"/>
<httpSample t="8" lt="8" ts="1282654172722" s="true" lb="/iceweb/js/common.js;jsessionid=7C1B32529F00FF74DE79911BBC899F36" rc="200" rm="OK" tn="Grupo de Hilos 1-5" dt="text" by="1161"/>
<httpSample t="2" lt="2" ts="1282654172731" s="true" lb="/iceweb/js/flexigrid/CentroPagedGrid.js;jsessionid=7C1B32529F00FF74DE79911BBC899F36" rc="200" rm="OK" tn="Grupo de Hilos 1-5" dt="text" by="42362"/>
<httpSample t="3" lt="3" ts="1282654172736" s="true" lb="/iceweb/js/jquery-1.4.js;jsessionid=7C1B32529F00FF74DE79911BBC899F36" rc="200" rm="OK" tn="Grupo de Hilos 1-5" dt="text" by="158407"/>
<httpSample t="6" lt="6" ts="1282654172734" s="true" lb="/iceweb/js/OpenLayersExt.js;jsessionid=7C1B32529F00FF74DE79911BBC899F36" rc="200" rm="OK" tn="Grupo de Hilos 1-4" dt="text" by="12330"/>
<httpSample t="2" lt="2" ts="1282654172741" s="true" lb="/iceweb/js/OpenLayersExt.js;jsessionid=7C1B32529F00FF74DE79911BBC899F36" rc="200" rm="OK" tn="Grupo de Hilos 1-5" dt="text" by="12330"/>
<httpSample t="3" lt="3" ts="1282654172742" s="true" lb="/iceweb/js/json.js;jsessionid=7C1B32529F00FF74DE79911BBC899F36" rc="200" rm="OK" tn="Grupo de Hilos 1-4" dt="text" by="7788"/>
<httpSample t="2" lt="2" ts="1282654172745" s="true" lb="/iceweb/js/json.js;jsessionid=7C1B32529F00FF74DE79911BBC899F36" rc="200" rm="OK" tn="Grupo de Hilos 1-5" dt="text" by="7788"/>
<httpSample t="21008" lt="0" ts="1282654171350" s="false" lb="/maps" rc="Non HTTP response code: java.net.ConnectException" rm="Non HTTP response message: Connection timed out" tn="Grupo de Hilos 1-1" dt="text" by="1537"/>
<httpSample t="21006" lt="0" ts="1282654171353" s="false" lb="/maps" rc="Non HTTP response code: java.net.ConnectException" rm="Non HTTP response message: Connection timed out" tn="Grupo de Hilos 1-2" dt="text" by="1537"/>
<httpSample t="32" lt="9" ts="1282654192360" s="true" lb="/iceweb/js/OpenLayers/OpenLayers.js;jsessionid=7C1B32529F00FF74DE79911BBC899F36" rc="200" rm="OK" tn="Grupo de Hilos 1-2" dt="text" by="711799"/>
<httpSample t="33" lt="10" ts="1282654192360" s="true" lb="/iceweb/js/OpenLayers/OpenLayers.js;jsessionid=7C1B32529F00FF74DE79911BBC899F36" rc="200" rm="OK" tn="Grupo de Hilos 1-1" dt="text" by="711799"/>
<httpSample t="21000" lt="0" ts="1282654171407" s="false" lb="/maps" rc="Non HTTP response code: java.net.ConnectException" rm="Non HTTP response message: Connection timed out" tn="Grupo de Hilos 1-3" dt="text" by="1537"/>
<httpSample t="11" lt="6" ts="1282654192408" s="true" lb="/iceweb/js/OpenLayers/OpenLayers.js;jsessionid=7C1B32529F00FF74DE79911BBC899F36" rc="200" rm="OK" tn="Grupo de Hilos 1-3" dt="text" by="711799"/>
<httpSample t="21000" lt="0" ts="1282654172747" s="false" lb="/maps" rc="Non HTTP response code: java.net.ConnectException" rm="Non HTTP response message: Connection timed out" tn="Grupo de Hilos 1-4" dt="text" by="1537"/>
<httpSample t="20998" lt="0" ts="1282654172749" s="false" lb="/maps" rc="Non HTTP response code: java.net.ConnectException" rm="Non HTTP response message: Connection timed out" tn="Grupo de Hilos 1-5" dt="text" by="1537"/>
<httpSample t="18" lt="9" ts="1282654193749" s="true" lb="/iceweb/js/OpenLayers/OpenLayers.js;jsessionid=7C1B32529F00FF74DE79911BBC899F36" rc="200" rm="OK" tn="Grupo de Hilos 1-4" dt="text" by="711799"/>
<httpSample t="20" lt="13" ts="1282654193749" s="true" lb="/iceweb/js/OpenLayers/OpenLayers.js;jsessionid=7C1B32529F00FF74DE79911BBC899F36" rc="200" rm="OK" tn="Grupo de Hilos 1-5" dt="text" by="711799"/>
<httpSample t="21012" lt="0" ts="1282654192394" s="false" lb="/intl/es_ALL/mapfiles/260d/maps2.api/mod_stats.js" rc="Non HTTP response code: java.net.ConnectException" rm="Non HTTP response message: Connection timed out" tn="Grupo de Hilos 1-2" dt="text" by="1537"/>
<httpSample t="21011" lt="0" ts="1282654192395" s="false" lb="/intl/es_ALL/mapfiles/260d/maps2.api/mod_stats.js" rc="Non HTTP response code: java.net.ConnectException" rm="Non HTTP response message: Connection timed out" tn="Grupo de Hilos 1-1" dt="text" by="1537"/>
<httpSample t="7" lt="7" ts="1282654213408" s="false" lb="/iceweb/styles/img/south-mini.png" rc="404" rm="/iceweb/styles/img/south-mini.png" tn="Grupo de Hilos 1-2" dt="text" by="1059"/>
<httpSample t="11" lt="11" ts="1282654213408" s="false" lb="/iceweb/styles/img/south-mini.png" rc="404" rm="/iceweb/styles/img/south-mini.png" tn="Grupo de Hilos 1-1" dt="text" by="1059"/>
<httpSample t="20999" lt="0" ts="1282654192421" s="false" lb="/intl/es_ALL/mapfiles/260d/maps2.api/mod_stats.js" rc="Non HTTP response code: java.net.ConnectException" rm="Non HTTP response message: Connection timed out" tn="Grupo de Hilos 1-3" dt="text" by="1537"/>
<httpSample t="10" lt="10" ts="1282654213421" s="false" lb="/iceweb/style.css" rc="404" rm="/iceweb/style.css" tn="Grupo de Hilos 1-1" dt="text" by="1011"/>
<httpSample t="13" lt="13" ts="1282654213422" s="false" lb="/iceweb/styles/img/south-mini.png" rc="404" rm="/iceweb/styles/img/south-mini.png" tn="Grupo de Hilos 1-3" dt="text" by="1059"/>
<httpSample t="18" lt="18" ts="1282654213419" s="false" lb="/iceweb/style.css" rc="404" rm="/iceweb/style.css" tn="Grupo de Hilos 1-2" dt="text" by="1011"/>
<httpSample t="8" lt="8" ts="1282654213433" s="false" lb="/iceweb/img/north-mini.png" rc="404" rm="/iceweb/img/north-mini.png" tn="Grupo de Hilos 1-1" dt="text" by="1038"/>
<httpSample t="9" lt="8" ts="1282654213437" s="false" lb="/iceweb/style.css" rc="404" rm="/iceweb/style.css" tn="Grupo de Hilos 1-3" dt="text" by="1011"/>
<httpSample t="10" lt="10" ts="1282654213439" s="false" lb="/iceweb/img/north-mini.png" rc="404" rm="/iceweb/img/north-mini.png" tn="Grupo de Hilos 1-2" dt="text" by="1038"/>
<httpSample t="11" lt="11" ts="1282654213443" s="false" lb="/iceweb/img/east-mini.png" rc="404" rm="/iceweb/img/east-mini.png" tn="Grupo de Hilos 1-1" dt="text" by="1035"/>
<httpSample t="10" lt="10" ts="1282654213447" s="false" lb="/iceweb/img/north-mini.png" rc="404" rm="/iceweb/img/north-mini.png" tn="Grupo de Hilos 1-3" dt="text" by="1038"/>
<httpSample t="8" lt="8" ts="1282654213451" s="false" lb="/iceweb/img/east-mini.png" rc="404" rm="/iceweb/img/east-mini.png" tn="Grupo de Hilos 1-2" dt="text" by="1035"/>
<httpSample t="6" lt="6" ts="1282654213456" s="false" lb="/iceweb/img/south-mini.png" rc="404" rm="/iceweb/img/south-mini.png" tn="Grupo de Hilos 1-1" dt="text" by="1038"/>
<httpSample t="6" lt="6" ts="1282654213458" s="false" lb="/iceweb/img/east-mini.png" rc="404" rm="/iceweb/img/east-mini.png" tn="Grupo de Hilos 1-3" dt="text" by="1035"/>
<httpSample t="2" lt="2" ts="1282654213461" s="false" lb="/iceweb/img/south-mini.png" rc="404" rm="/iceweb/img/south-mini.png" tn="Grupo de Hilos 1-2" dt="text" by="1038"/>
<httpSample t="6" lt="6" ts="1282654213466" s="false" lb="/iceweb/img/south-mini.png" rc="404" rm="/iceweb/img/south-mini.png" tn="Grupo de Hilos 1-3" dt="text" by="1038"/>
<httpSample t="5" lt="5" ts="1282654213467" s="false" lb="/iceweb/img/zoom-plus-mini.png" rc="404" rm="/iceweb/img/zoom-plus-mini.png" tn="Grupo de Hilos 1-2" dt="text" by="1050"/>
<httpSample t="12" lt="12" ts="1282654213465" s="false" lb="/iceweb/img/zoom-plus-mini.png" rc="404" rm="/iceweb/img/zoom-plus-mini.png" tn="Grupo de Hilos 1-1" dt="text" by="1050"/>
<httpSample t="3" lt="3" ts="1282654213476" s="false" lb="/iceweb/img/zoom-world-mini.png" rc="404" rm="/iceweb/img/zoom-world-mini.png" tn="Grupo de Hilos 1-2" dt="text" by="1053"/>
<httpSample t="5" lt="5" ts="1282654213479" s="false" lb="/iceweb/img/zoom-world-mini.png" rc="404" rm="/iceweb/img/zoom-world-mini.png" tn="Grupo de Hilos 1-1" dt="text" by="1053"/>
<httpSample t="6" lt="6" ts="1282654213481" s="false" lb="/iceweb/img/west-mini.png" rc="404" rm="/iceweb/img/west-mini.png" tn="Grupo de Hilos 1-2" dt="text" by="1035"/>
<httpSample t="10" lt="10" ts="1282654213474" s="false" lb="/iceweb/img/zoom-plus-mini.png" rc="404" rm="/iceweb/img/zoom-plus-mini.png" tn="Grupo de Hilos 1-3" dt="text" by="1050"/>
<httpSample t="4" lt="4" ts="1282654213488" s="false" lb="/iceweb/img/west-mini.png" rc="404" rm="/iceweb/img/west-mini.png" tn="Grupo de Hilos 1-1" dt="text" by="1035"/>
<httpSample t="4" lt="4" ts="1282654213490" s="false" lb="/iceweb/img/zoom-world-mini.png" rc="404" rm="/iceweb/img/zoom-world-mini.png" tn="Grupo de Hilos 1-3" dt="text" by="1053"/>
<httpSample t="9" lt="9" ts="1282654213488" s="false" lb="/iceweb/img/zoom-minus-mini.png" rc="404" rm="/iceweb/img/zoom-minus-mini.png" tn="Grupo de Hilos 1-2" dt="text" by="1053"/>
<httpSample t="7" lt="7" ts="1282654213495" s="false" lb="/iceweb/img/west-mini.png" rc="404" rm="/iceweb/img/west-mini.png" tn="Grupo de Hilos 1-3" dt="text" by="1035"/>
<httpSample t="6" lt="6" ts="1282654213499" s="false" lb="/iceweb/img/layer-switcher-minimize.png" rc="404" rm="/iceweb/img/layer-switcher-minimize.png" tn="Grupo de Hilos 1-2" dt="text" by="1077"/>
<httpSample t="10" lt="10" ts="1282654213495" s="false" lb="/iceweb/img/zoom-minus-mini.png" rc="404" rm="/iceweb/img/zoom-minus-mini.png" tn="Grupo de Hilos 1-1" dt="text" by="1053"/>
<httpSample t="3" lt="3" ts="1282654213507" s="false" lb="/iceweb/img/layer-switcher-minimize.png" rc="404" rm="/iceweb/img/layer-switcher-minimize.png" tn="Grupo de Hilos 1-1" dt="text" by="1077"/>
<httpSample t="10" lt="10" ts="1282654213504" s="false" lb="/iceweb/img/zoom-minus-mini.png" rc="404" rm="/iceweb/img/zoom-minus-mini.png" tn="Grupo de Hilos 1-3" dt="text" by="1053"/>
<httpSample t="11" lt="11" ts="1282654213506" s="false" lb="/iceweb/img/layer-switcher-maximize.png" rc="404" rm="/iceweb/img/layer-switcher-maximize.png" tn="Grupo de Hilos 1-2" dt="text" by="1077"/>
<httpSample t="8" lt="8" ts="1282654213512" s="false" lb="/iceweb/img/layer-switcher-maximize.png" rc="404" rm="/iceweb/img/layer-switcher-maximize.png" tn="Grupo de Hilos 1-1" dt="text" by="1077"/>
<httpSample t="2" lt="2" ts="1282654213516" s="false" lb="/iceweb/img/layer-switcher-minimize.png" rc="404" rm="/iceweb/img/layer-switcher-minimize.png" tn="Grupo de Hilos 1-3" dt="text" by="1077"/>
<httpSample t="34" lt="34" ts="1282654213525" s="false" lb="/iceweb/img/layer-switcher-maximize.png" rc="404" rm="/iceweb/img/layer-switcher-maximize.png" tn="Grupo de Hilos 1-3" dt="text" by="1077"/>
<httpSample t="38" lt="38" ts="1282654213524" s="true" lb="/iceweb/restful/Centro/findPagedByVentanaAndFilter" rc="200" rm="OK" tn="Grupo de Hilos 1-1" dt="text" by="11479"/>
<httpSample t="51" lt="51" ts="1282654213523" s="true" lb="/iceweb/restful/Centro/findPagedByVentanaAndFilter" rc="200" rm="OK" tn="Grupo de Hilos 1-2" dt="text" by="11479"/>
<httpSample t="117" lt="104" ts="1282654213564" s="true" lb="/iceweb/restful/Centro/findMarcasCuadriculaByFilter" rc="200" rm="OK" tn="Grupo de Hilos 1-1" dt="text" by="64084"/>
<httpSample t="148" lt="144" ts="1282654213576" s="true" lb="/iceweb/restful/Centro/findMarcasCuadriculaByFilter" rc="200" rm="OK" tn="Grupo de Hilos 1-2" dt="text" by="64084"/>
<httpSample t="245" lt="245" ts="1282654213563" s="true" lb="/iceweb/restful/Centro/findPagedByVentanaAndFilter" rc="200" rm="OK" tn="Grupo de Hilos 1-3" dt="text" by="11479"/>
<httpSample t="131" lt="121" ts="1282654213682" s="true" lb="/iceweb/restful/Centro/findMarcasCuadriculaByFilter" rc="200" rm="OK" tn="Grupo de Hilos 1-1" dt="text" by="86966"/>
<httpSample t="182" lt="175" ts="1282654213726" s="true" lb="/iceweb/restful/Centro/findMarcasCuadriculaByFilter" rc="200" rm="OK" tn="Grupo de Hilos 1-2" dt="text" by="86966"/>
<httpSample t="153" lt="144" ts="1282654213809" s="true" lb="/iceweb/restful/Centro/findMarcasCuadriculaByFilter" rc="200" rm="OK" tn="Grupo de Hilos 1-3" dt="text" by="64084"/>
<httpSample t="153" lt="153" ts="1282654213820" s="true" lb="/iceweb/restful/Centro/findPagedByVentanaAndFilter" rc="200" rm="OK" tn="Grupo de Hilos 1-1" dt="text" by="12174"/>
<httpSample t="64" lt="64" ts="1282654213910" s="true" lb="/iceweb/restful/Centro/findPagedByVentanaAndFilter" rc="200" rm="OK" tn="Grupo de Hilos 1-2" dt="text" by="12174"/>
<httpSample t="119" lt="119" ts="1282654213976" s="true" lb="/iceweb/restful/Centro/findPagedByVentanaAndFilter" rc="200" rm="OK" tn="Grupo de Hilos 1-2" dt="text" by="11851"/>
<httpSample t="134" lt="134" ts="1282654213974" s="true" lb="/iceweb/restful/Centro/findPagedByVentanaAndFilter" rc="200" rm="OK" tn="Grupo de Hilos 1-1" dt="text" by="11851"/>
<httpSample t="151" lt="132" ts="1282654213963" s="true" lb="/iceweb/restful/Centro/findMarcasCuadriculaByFilter" rc="200" rm="OK" tn="Grupo de Hilos 1-3" dt="text" by="86966"/>
<httpSample t="23" lt="23" ts="1282654214097" s="true" lb="/iceweb/restful/Centro/findPagedByVentanaAndFilter" rc="200" rm="OK" tn="Grupo de Hilos 1-2" dt="text" by="13604"/>
<httpSample t="31" lt="30" ts="1282654214110" s="true" lb="/iceweb/restful/Centro/findPagedByVentanaAndFilter" rc="200" rm="OK" tn="Grupo de Hilos 1-1" dt="text" by="13604"/>
<httpSample t="33" lt="32" ts="1282654214118" s="true" lb="/iceweb/restful/Centro/findPagedByVentanaAndFilter" rc="200" rm="OK" tn="Grupo de Hilos 1-3" dt="text" by="12174"/>
<httpSample t="46" lt="45" ts="1282654214121" s="true" lb="/iceweb/restful/Centro/findPagedByVentanaAndFilter" rc="200" rm="OK" tn="Grupo de Hilos 1-2" dt="text" by="14056"/>
<httpSample t="28" lt="27" ts="1282654214142" s="true" lb="/iceweb/restful/Centro/findPagedByVentanaAndFilter" rc="200" rm="OK" tn="Grupo de Hilos 1-1" dt="text" by="14056"/>
<httpSample t="34" lt="34" ts="1282654214152" s="true" lb="/iceweb/restful/Centro/findPagedByVentanaAndFilter" rc="200" rm="OK" tn="Grupo de Hilos 1-3" dt="text" by="11851"/>
<httpSample t="24" lt="23" ts="1282654214188" s="true" lb="/iceweb/restful/Centro/findPagedByVentanaAndFilter" rc="200" rm="OK" tn="Grupo de Hilos 1-3" dt="text" by="13604"/>
<httpSample t="56" lt="56" ts="1282654214171" s="true" lb="/iceweb/centroDetalle" rc="200" rm="OK" tn="Grupo de Hilos 1-2" dt="text" by="4200"/>
<httpSample t="64" lt="64" ts="1282654214171" s="true" lb="/iceweb/centroDetalle" rc="200" rm="OK" tn="Grupo de Hilos 1-1" dt="text" by="4200"/>
<httpSample t="46" lt="46" ts="1282654214213" s="true" lb="/iceweb/restful/Centro/findPagedByVentanaAndFilter" rc="200" rm="OK" tn="Grupo de Hilos 1-3" dt="text" by="14056"/>
<httpSample t="27" lt="27" ts="1282654214261" s="true" lb="/iceweb/centroDetalle" rc="200" rm="OK" tn="Grupo de Hilos 1-3" dt="text" by="4200"/>
<httpSample t="20997" lt="0" ts="1282654193769" s="false" lb="/intl/es_ALL/mapfiles/260d/maps2.api/mod_stats.js" rc="Non HTTP response code: java.net.ConnectException" rm="Non HTTP response message: Connection timed out" tn="Grupo de Hilos 1-4" dt="text" by="1537"/>
<httpSample t="20996" lt="0" ts="1282654193770" s="false" lb="/intl/es_ALL/mapfiles/260d/maps2.api/mod_stats.js" rc="Non HTTP response code: java.net.ConnectException" rm="Non HTTP response message: Connection timed out" tn="Grupo de Hilos 1-5" dt="text" by="1537"/>
<httpSample t="7" lt="7" ts="1282654214768" s="false" lb="/iceweb/styles/img/south-mini.png" rc="404" rm="/iceweb/styles/img/south-mini.png" tn="Grupo de Hilos 1-4" dt="text" by="1059"/>
<httpSample t="6" lt="6" ts="1282654214768" s="false" lb="/iceweb/styles/img/south-mini.png" rc="404" rm="/iceweb/styles/img/south-mini.png" tn="Grupo de Hilos 1-5" dt="text" by="1059"/>
<httpSample t="4" lt="4" ts="1282654214776" s="false" lb="/iceweb/style.css" rc="404" rm="/iceweb/style.css" tn="Grupo de Hilos 1-4" dt="text" by="1011"/>
<httpSample t="3" lt="3" ts="1282654214777" s="false" lb="/iceweb/style.css" rc="404" rm="/iceweb/style.css" tn="Grupo de Hilos 1-5" dt="text" by="1011"/>
<httpSample t="3" lt="3" ts="1282654214781" s="false" lb="/iceweb/img/north-mini.png" rc="404" rm="/iceweb/img/north-mini.png" tn="Grupo de Hilos 1-5" dt="text" by="1038"/>
<httpSample t="4" lt="4" ts="1282654214781" s="false" lb="/iceweb/img/north-mini.png" rc="404" rm="/iceweb/img/north-mini.png" tn="Grupo de Hilos 1-4" dt="text" by="1038"/>
<httpSample t="6" lt="6" ts="1282654214786" s="false" lb="/iceweb/img/east-mini.png" rc="404" rm="/iceweb/img/east-mini.png" tn="Grupo de Hilos 1-4" dt="text" by="1035"/>
<httpSample t="7" lt="7" ts="1282654214786" s="false" lb="/iceweb/img/east-mini.png" rc="404" rm="/iceweb/img/east-mini.png" tn="Grupo de Hilos 1-5" dt="text" by="1035"/>
<httpSample t="3" lt="3" ts="1282654214793" s="false" lb="/iceweb/img/south-mini.png" rc="404" rm="/iceweb/img/south-mini.png" tn="Grupo de Hilos 1-4" dt="text" by="1038"/>
<httpSample t="3" lt="3" ts="1282654214795" s="false" lb="/iceweb/img/south-mini.png" rc="404" rm="/iceweb/img/south-mini.png" tn="Grupo de Hilos 1-5" dt="text" by="1038"/>
<httpSample t="3" lt="3" ts="1282654214799" s="false" lb="/iceweb/img/zoom-plus-mini.png" rc="404" rm="/iceweb/img/zoom-plus-mini.png" tn="Grupo de Hilos 1-5" dt="text" by="1050"/>
<httpSample t="6" lt="6" ts="1282654214798" s="false" lb="/iceweb/img/zoom-plus-mini.png" rc="404" rm="/iceweb/img/zoom-plus-mini.png" tn="Grupo de Hilos 1-4" dt="text" by="1050"/>
<httpSample t="3" lt="3" ts="1282654214805" s="false" lb="/iceweb/img/zoom-world-mini.png" rc="404" rm="/iceweb/img/zoom-world-mini.png" tn="Grupo de Hilos 1-5" dt="text" by="1053"/>
<httpSample t="3" lt="3" ts="1282654214806" s="false" lb="/iceweb/img/zoom-world-mini.png" rc="404" rm="/iceweb/img/zoom-world-mini.png" tn="Grupo de Hilos 1-4" dt="text" by="1053"/>
<httpSample t="3" lt="3" ts="1282654214817" s="false" lb="/iceweb/img/west-mini.png" rc="404" rm="/iceweb/img/west-mini.png" tn="Grupo de Hilos 1-4" dt="text" by="1035"/>
<httpSample t="4" lt="4" ts="1282654214814" s="false" lb="/iceweb/img/west-mini.png" rc="404" rm="/iceweb/img/west-mini.png" tn="Grupo de Hilos 1-5" dt="text" by="1035"/>
<httpSample t="3" lt="3" ts="1282654214823" s="false" lb="/iceweb/img/zoom-minus-mini.png" rc="404" rm="/iceweb/img/zoom-minus-mini.png" tn="Grupo de Hilos 1-5" dt="text" by="1053"/>
<httpSample t="5" lt="5" ts="1282654214821" s="false" lb="/iceweb/img/zoom-minus-mini.png" rc="404" rm="/iceweb/img/zoom-minus-mini.png" tn="Grupo de Hilos 1-4" dt="text" by="1053"/>
<httpSample t="6" lt="6" ts="1282654214828" s="false" lb="/iceweb/img/layer-switcher-minimize.png" rc="404" rm="/iceweb/img/layer-switcher-minimize.png" tn="Grupo de Hilos 1-5" dt="text" by="1077"/>
<httpSample t="5" lt="5" ts="1282654214831" s="false" lb="/iceweb/img/layer-switcher-minimize.png" rc="404" rm="/iceweb/img/layer-switcher-minimize.png" tn="Grupo de Hilos 1-4" dt="text" by="1077"/>
<httpSample t="3" lt="3" ts="1282654214840" s="false" lb="/iceweb/img/layer-switcher-maximize.png" rc="404" rm="/iceweb/img/layer-switcher-maximize.png" tn="Grupo de Hilos 1-4" dt="text" by="1077"/>
<httpSample t="5" lt="5" ts="1282654214837" s="false" lb="/iceweb/img/layer-switcher-maximize.png" rc="404" rm="/iceweb/img/layer-switcher-maximize.png" tn="Grupo de Hilos 1-5" dt="text" by="1077"/>
<httpSample t="22" lt="21" ts="1282654214845" s="true" lb="/iceweb/restful/Centro/findPagedByVentanaAndFilter" rc="200" rm="OK" tn="Grupo de Hilos 1-4" dt="text" by="11479"/>
<httpSample t="12" lt="12" ts="1282654214857" s="true" lb="/iceweb/restful/Centro/findPagedByVentanaAndFilter" rc="200" rm="OK" tn="Grupo de Hilos 1-5" dt="text" by="11479"/>
<httpSample t="109" lt="103" ts="1282654214868" s="true" lb="/iceweb/restful/Centro/findMarcasCuadriculaByFilter" rc="200" rm="OK" tn="Grupo de Hilos 1-4" dt="text" by="64084"/>
<httpSample t="145" lt="133" ts="1282654214870" s="true" lb="/iceweb/restful/Centro/findMarcasCuadriculaByFilter" rc="200" rm="OK" tn="Grupo de Hilos 1-5" dt="text" by="64084"/>
<httpSample t="119" lt="111" ts="1282654214978" s="true" lb="/iceweb/restful/Centro/findMarcasCuadriculaByFilter" rc="200" rm="OK" tn="Grupo de Hilos 1-4" dt="text" by="86966"/>
<httpSample t="43" lt="42" ts="1282654215099" s="true" lb="/iceweb/restful/Centro/findPagedByVentanaAndFilter" rc="200" rm="OK" tn="Grupo de Hilos 1-4" dt="text" by="12174"/>
<httpSample t="169" lt="161" ts="1282654215016" s="true" lb="/iceweb/restful/Centro/findMarcasCuadriculaByFilter" rc="200" rm="OK" tn="Grupo de Hilos 1-5" dt="text" by="86966"/>
<httpSample t="48" lt="48" ts="1282654215143" s="true" lb="/iceweb/restful/Centro/findPagedByVentanaAndFilter" rc="200" rm="OK" tn="Grupo de Hilos 1-4" dt="text" by="11851"/>
<httpSample t="21" lt="21" ts="1282654215187" s="true" lb="/iceweb/restful/Centro/findPagedByVentanaAndFilter" rc="200" rm="OK" tn="Grupo de Hilos 1-5" dt="text" by="12174"/>
<httpSample t="20" lt="20" ts="1282654215192" s="true" lb="/iceweb/restful/Centro/findPagedByVentanaAndFilter" rc="200" rm="OK" tn="Grupo de Hilos 1-4" dt="text" by="13604"/>
<httpSample t="15" lt="15" ts="1282654215210" s="true" lb="/iceweb/restful/Centro/findPagedByVentanaAndFilter" rc="200" rm="OK" tn="Grupo de Hilos 1-5" dt="text" by="11851"/>
<httpSample t="14" lt="13" ts="1282654215214" s="true" lb="/iceweb/restful/Centro/findPagedByVentanaAndFilter" rc="200" rm="OK" tn="Grupo de Hilos 1-4" dt="text" by="14056"/>
<httpSample t="14" lt="14" ts="1282654215229" s="true" lb="/iceweb/centroDetalle" rc="200" rm="OK" tn="Grupo de Hilos 1-4" dt="text" by="4200"/>
<httpSample t="24" lt="24" ts="1282654215227" s="true" lb="/iceweb/restful/Centro/findPagedByVentanaAndFilter" rc="200" rm="OK" tn="Grupo de Hilos 1-5" dt="text" by="13604"/>
<httpSample t="13" lt="13" ts="1282654215253" s="true" lb="/iceweb/restful/Centro/findPagedByVentanaAndFilter" rc="200" rm="OK" tn="Grupo de Hilos 1-5" dt="text" by="14056"/>
<httpSample t="20" lt="20" ts="1282654215267" s="true" lb="/iceweb/centroDetalle" rc="200" rm="OK" tn="Grupo de Hilos 1-5" dt="text" by="4200"/>
<httpSample t="21010" lt="0" ts="1282654214236" s="false" lb="/maps" rc="Non HTTP response code: java.net.ConnectException" rm="Non HTTP response message: Connection timed out" tn="Grupo de Hilos 1-1" dt="text" by="1537"/>
<httpSample t="21018" lt="0" ts="1282654214228" s="false" lb="/maps" rc="Non HTTP response code: java.net.ConnectException" rm="Non HTTP response message: Connection timed out" tn="Grupo de Hilos 1-2" dt="text" by="1537"/>
<httpSample t="14" lt="13" ts="1282654235248" s="true" lb="/iceweb/restful/Centro/46006574" rc="200" rm="OK" tn="Grupo de Hilos 1-1" dt="text" by="786"/>
<httpSample t="18" lt="18" ts="1282654235248" s="true" lb="/iceweb/restful/Centro/46006574" rc="200" rm="OK" tn="Grupo de Hilos 1-2" dt="text" by="786"/>
<httpSample t="20996" lt="0" ts="1282654214290" s="false" lb="/maps" rc="Non HTTP response code: java.net.ConnectException" rm="Non HTTP response message: Connection timed out" tn="Grupo de Hilos 1-3" dt="text" by="1537"/>
<httpSample t="9" lt="9" ts="1282654235287" s="true" lb="/iceweb/restful/Centro/46006574" rc="200" rm="OK" tn="Grupo de Hilos 1-3" dt="text" by="786"/>
<httpSample t="20997" lt="0" ts="1282654215245" s="false" lb="/maps" rc="Non HTTP response code: java.net.ConnectException" rm="Non HTTP response message: Connection timed out" tn="Grupo de Hilos 1-4" dt="text" by="1537"/>
<httpSample t="17" lt="17" ts="1282654236244" s="true" lb="/iceweb/restful/Centro/46006574" rc="200" rm="OK" tn="Grupo de Hilos 1-4" dt="text" by="786"/>
<httpSample t="20999" lt="0" ts="1282654215288" s="false" lb="/maps" rc="Non HTTP response code: java.net.ConnectException" rm="Non HTTP response message: Connection timed out" tn="Grupo de Hilos 1-5" dt="text" by="1537"/>
<httpSample t="10" lt="10" ts="1282654236289" s="true" lb="/iceweb/restful/Centro/46006574" rc="200" rm="OK" tn="Grupo de Hilos 1-5" dt="text" by="786"/>
<httpSample t="21000" lt="0" ts="1282654235267" s="false" lb="/maps" rc="Non HTTP response code: java.net.ConnectException" rm="Non HTTP response message: Connection timed out" tn="Grupo de Hilos 1-1" dt="text" by="1537"/>
<httpSample t="20999" lt="0" ts="1282654235268" s="false" lb="/maps" rc="Non HTTP response code: java.net.ConnectException" rm="Non HTTP response message: Connection timed out" tn="Grupo de Hilos 1-2" dt="text" by="1537"/>
<httpSample t="20996" lt="0" ts="1282654235298" s="false" lb="/maps" rc="Non HTTP response code: java.net.ConnectException" rm="Non HTTP response message: Connection timed out" tn="Grupo de Hilos 1-3" dt="text" by="1537"/>
<httpSample t="110" lt="27" ts="1282654256295" s="true" lb="/iceweb/centroLista" rc="200" rm="OK" tn="Grupo de Hilos 1-3" dt="text" by="653259"/>
<httpSample t="151" lt="40" ts="1282654256269" s="true" lb="/iceweb/centroLista" rc="200" rm="OK" tn="Grupo de Hilos 1-1" dt="text" by="653259"/>
<httpSample t="159" lt="44" ts="1282654256270" s="true" lb="/iceweb/centroLista" rc="200" rm="OK" tn="Grupo de Hilos 1-2" dt="text" by="653259"/>
<httpSample t="74" lt="66" ts="1282654256407" s="true" lb="/iceweb/restful/Centro/findMarcasCuadriculaByFilter" rc="200" rm="OK" tn="Grupo de Hilos 1-3" dt="text" by="65601"/>
<httpSample t="114" lt="107" ts="1282654256422" s="true" lb="/iceweb/restful/Centro/findMarcasCuadriculaByFilter" rc="200" rm="OK" tn="Grupo de Hilos 1-1" dt="text" by="65601"/>
<httpSample t="188" lt="179" ts="1282654256430" s="true" lb="/iceweb/restful/Centro/findMarcasCuadriculaByFilter" rc="200" rm="OK" tn="Grupo de Hilos 1-2" dt="text" by="65601"/>
<httpSample t="209" lt="0" ts="1282654256483" s="false" lb="/en-US/firefox/headlines.xml" rc="Non HTTP response code: java.net.ConnectException" rm="Non HTTP response message: Connection refused" tn="Grupo de Hilos 1-3" dt="text" by="1535"/>
<httpSample t="190" lt="0" ts="1282654256537" s="false" lb="/en-US/firefox/headlines.xml" rc="Non HTTP response code: java.net.ConnectException" rm="Non HTTP response message: Connection refused" tn="Grupo de Hilos 1-1" dt="text" by="1535"/>
<httpSample t="192" lt="0" ts="1282654256619" s="false" lb="/en-US/firefox/headlines.xml" rc="Non HTTP response code: java.net.ConnectException" rm="Non HTTP response message: Connection refused" tn="Grupo de Hilos 1-2" dt="text" by="1535"/>
<httpSample t="221" lt="0" ts="1282654256694" s="false" lb="/firefox/headlines.xml" rc="Non HTTP response code: java.net.ConnectException" rm="Non HTTP response message: Connection refused" tn="Grupo de Hilos 1-3" dt="text" by="1535"/>
<httpSample t="201" lt="0" ts="1282654256729" s="false" lb="/firefox/headlines.xml" rc="Non HTTP response code: java.net.ConnectException" rm="Non HTTP response message: Connection refused" tn="Grupo de Hilos 1-1" dt="text" by="1535"/>
<httpSample t="71" lt="0" ts="1282654256917" s="false" lb="/rss/newsonline_world_edition/front_page/rss.xml" rc="Non HTTP response code: java.net.ConnectException" rm="Non HTTP response message: Connection refused" tn="Grupo de Hilos 1-3" dt="text" by="1535"/>
<httpSample t="69" lt="0" ts="1282654256932" s="false" lb="/rss/newsonline_world_edition/front_page/rss.xml" rc="Non HTTP response code: java.net.ConnectException" rm="Non HTTP response message: Connection refused" tn="Grupo de Hilos 1-1" dt="text" by="1535"/>
<httpSample t="190" lt="0" ts="1282654256813" s="false" lb="/firefox/headlines.xml" rc="Non HTTP response code: java.net.ConnectException" rm="Non HTTP response message: Connection refused" tn="Grupo de Hilos 1-2" dt="text" by="1535"/>
<httpSample t="50" lt="0" ts="1282654257005" s="false" lb="/rss/newsonline_world_edition/front_page/rss.xml" rc="Non HTTP response code: java.net.ConnectException" rm="Non HTTP response message: Connection refused" tn="Grupo de Hilos 1-2" dt="text" by="1535"/>
<httpSample t="81" lt="0" ts="1282654256989" s="false" lb="/news/rss.xml" rc="Non HTTP response code: java.net.ConnectException" rm="Non HTTP response message: Connection refused" tn="Grupo de Hilos 1-3" dt="text" by="1535"/>
<httpSample t="81" lt="0" ts="1282654257002" s="false" lb="/news/rss.xml" rc="Non HTTP response code: java.net.ConnectException" rm="Non HTTP response message: Connection refused" tn="Grupo de Hilos 1-1" dt="text" by="1535"/>
<httpSample t="20" lt="2" ts="1282654257071" s="true" lb="/iceweb" rc="200" rm="OK" tn="Grupo de Hilos 1-3" dt="text" by="8397">
  <httpSample t="2" lt="2" ts="1282654257071" s="true" lb="http://localhost:8080/iceweb" rc="302" rm="Movido temporálmente" tn="" dt="" by="0"/>
  <httpSample t="18" lt="18" ts="1282654257073" s="true" lb="http://localhost:8080/iceweb/" rc="200" rm="OK" tn="Grupo de Hilos 1-3" dt="text" by="8397"/>
</httpSample>
<httpSample t="20" lt="1" ts="1282654257085" s="true" lb="/iceweb" rc="200" rm="OK" tn="Grupo de Hilos 1-1" dt="text" by="8397">
  <httpSample t="1" lt="1" ts="1282654257085" s="true" lb="http://localhost:8080/iceweb" rc="302" rm="Movido temporálmente" tn="" dt="" by="0"/>
  <httpSample t="19" lt="18" ts="1282654257086" s="true" lb="http://localhost:8080/iceweb/" rc="200" rm="OK" tn="Grupo de Hilos 1-1" dt="text" by="8397"/>
</httpSample>
<httpSample t="55" lt="0" ts="1282654257056" s="false" lb="/news/rss.xml" rc="Non HTTP response code: java.net.ConnectException" rm="Non HTTP response message: Connection refused" tn="Grupo de Hilos 1-2" dt="text" by="1535"/>
<httpSample t="12" lt="1" ts="1282654257112" s="true" lb="/iceweb" rc="200" rm="OK" tn="Grupo de Hilos 1-2" dt="text" by="8397">
  <httpSample t="1" lt="1" ts="1282654257112" s="true" lb="http://localhost:8080/iceweb" rc="302" rm="Movido temporálmente" tn="" dt="" by="0"/>
  <httpSample t="11" lt="11" ts="1282654257113" s="true" lb="http://localhost:8080/iceweb/" rc="200" rm="OK" tn="Grupo de Hilos 1-2" dt="text" by="8397"/>
</httpSample>
<httpSample t="43" lt="43" ts="1282654257093" s="true" lb="/iceweb/" rc="200" rm="OK" tn="Grupo de Hilos 1-3" dt="text" by="8397"/>
<httpSample t="4" lt="4" ts="1282654257137" s="true" lb="/iceweb/styles/style.css;jsessionid=7C1B32529F00FF74DE79911BBC899F36" rc="200" rm="OK" tn="Grupo de Hilos 1-3" dt="text" by="2588"/>
<httpSample t="29" lt="29" ts="1282654257126" s="true" lb="/iceweb/" rc="200" rm="OK" tn="Grupo de Hilos 1-2" dt="text" by="8397"/>
<httpSample t="16" lt="16" ts="1282654257143" s="true" lb="/iceweb/js/flexigrid/css/flexigrid/flexigrid.css;jsessionid=7C1B32529F00FF74DE79911BBC899F36" rc="200" rm="OK" tn="Grupo de Hilos 1-3" dt="text" by="13979"/>
<httpSample t="4" lt="4" ts="1282654257160" s="true" lb="/iceweb/js/ajax.js;jsessionid=7C1B32529F00FF74DE79911BBC899F36" rc="200" rm="OK" tn="Grupo de Hilos 1-3" dt="text" by="11865"/>
<httpSample t="61" lt="61" ts="1282654257106" s="true" lb="/iceweb/" rc="200" rm="OK" tn="Grupo de Hilos 1-1" dt="text" by="8397"/>
<httpSample t="15" lt="15" ts="1282654257156" s="true" lb="/iceweb/styles/style.css;jsessionid=7C1B32529F00FF74DE79911BBC899F36" rc="200" rm="OK" tn="Grupo de Hilos 1-2" dt="text" by="2588"/>
<httpSample t="9" lt="9" ts="1282654257165" s="true" lb="/iceweb/js/common.js;jsessionid=7C1B32529F00FF74DE79911BBC899F36" rc="200" rm="OK" tn="Grupo de Hilos 1-3" dt="text" by="1161"/>
<httpSample t="9" lt="9" ts="1282654257168" s="true" lb="/iceweb/styles/style.css;jsessionid=7C1B32529F00FF74DE79911BBC899F36" rc="200" rm="OK" tn="Grupo de Hilos 1-1" dt="text" by="2588"/>
<httpSample t="8" lt="8" ts="1282654257172" s="true" lb="/iceweb/js/flexigrid/css/flexigrid/flexigrid.css;jsessionid=7C1B32529F00FF74DE79911BBC899F36" rc="200" rm="OK" tn="Grupo de Hilos 1-2" dt="text" by="13979"/>
<httpSample t="5" lt="5" ts="1282654257176" s="true" lb="/iceweb/js/flexigrid/CentroPagedGrid.js;jsessionid=7C1B32529F00FF74DE79911BBC899F36" rc="200" rm="OK" tn="Grupo de Hilos 1-3" dt="text" by="42362"/>
<httpSample t="6" lt="6" ts="1282654257178" s="true" lb="/iceweb/js/flexigrid/css/flexigrid/flexigrid.css;jsessionid=7C1B32529F00FF74DE79911BBC899F36" rc="200" rm="OK" tn="Grupo de Hilos 1-1" dt="text" by="13979"/>
<httpSample t="3" lt="3" ts="1282654257181" s="true" lb="/iceweb/js/ajax.js;jsessionid=7C1B32529F00FF74DE79911BBC899F36" rc="200" rm="OK" tn="Grupo de Hilos 1-2" dt="text" by="11865"/>
<httpSample t="3" lt="3" ts="1282654257185" s="true" lb="/iceweb/js/ajax.js;jsessionid=7C1B32529F00FF74DE79911BBC899F36" rc="200" rm="OK" tn="Grupo de Hilos 1-1" dt="text" by="11865"/>
<httpSample t="3" lt="3" ts="1282654257189" s="true" lb="/iceweb/js/common.js;jsessionid=7C1B32529F00FF74DE79911BBC899F36" rc="200" rm="OK" tn="Grupo de Hilos 1-1" dt="text" by="1161"/>
<httpSample t="8" lt="8" ts="1282654257186" s="true" lb="/iceweb/js/common.js;jsessionid=7C1B32529F00FF74DE79911BBC899F36" rc="200" rm="OK" tn="Grupo de Hilos 1-2" dt="text" by="1161"/>
<httpSample t="12" lt="12" ts="1282654257185" s="true" lb="/iceweb/js/jquery-1.4.js;jsessionid=7C1B32529F00FF74DE79911BBC899F36" rc="200" rm="OK" tn="Grupo de Hilos 1-3" dt="text" by="158407"/>
<httpSample t="4" lt="4" ts="1282654257193" s="true" lb="/iceweb/js/flexigrid/CentroPagedGrid.js;jsessionid=7C1B32529F00FF74DE79911BBC899F36" rc="200" rm="OK" tn="Grupo de Hilos 1-1" dt="text" by="42362"/>
<httpSample t="6" lt="5" ts="1282654257196" s="true" lb="/iceweb/js/flexigrid/CentroPagedGrid.js;jsessionid=7C1B32529F00FF74DE79911BBC899F36" rc="200" rm="OK" tn="Grupo de Hilos 1-2" dt="text" by="42362"/>
<httpSample t="4" lt="4" ts="1282654257200" s="true" lb="/iceweb/js/jquery-1.4.js;jsessionid=7C1B32529F00FF74DE79911BBC899F36" rc="200" rm="OK" tn="Grupo de Hilos 1-1" dt="text" by="158407"/>
<httpSample t="7" lt="6" ts="1282654257203" s="true" lb="/iceweb/js/jquery-1.4.js;jsessionid=7C1B32529F00FF74DE79911BBC899F36" rc="200" rm="OK" tn="Grupo de Hilos 1-2" dt="text" by="158407"/>
<httpSample t="4" lt="4" ts="1282654257206" s="true" lb="/iceweb/js/OpenLayersExt.js;jsessionid=7C1B32529F00FF74DE79911BBC899F36" rc="200" rm="OK" tn="Grupo de Hilos 1-1" dt="text" by="12330"/>
<httpSample t="17" lt="17" ts="1282654257199" s="true" lb="/iceweb/js/OpenLayersExt.js;jsessionid=7C1B32529F00FF74DE79911BBC899F36" rc="200" rm="OK" tn="Grupo de Hilos 1-3" dt="text" by="12330"/>
<httpSample t="5" lt="5" ts="1282654257212" s="true" lb="/iceweb/js/json.js;jsessionid=7C1B32529F00FF74DE79911BBC899F36" rc="200" rm="OK" tn="Grupo de Hilos 1-1" dt="text" by="7788"/>
<httpSample t="3" lt="3" ts="1282654257212" s="true" lb="/iceweb/js/OpenLayersExt.js;jsessionid=7C1B32529F00FF74DE79911BBC899F36" rc="200" rm="OK" tn="Grupo de Hilos 1-2" dt="text" by="12330"/>
<httpSample t="3" lt="3" ts="1282654257217" s="true" lb="/iceweb/js/json.js;jsessionid=7C1B32529F00FF74DE79911BBC899F36" rc="200" rm="OK" tn="Grupo de Hilos 1-3" dt="text" by="7788"/>
<httpSample t="2" lt="2" ts="1282654257220" s="true" lb="/iceweb/js/json.js;jsessionid=7C1B32529F00FF74DE79911BBC899F36" rc="200" rm="OK" tn="Grupo de Hilos 1-2" dt="text" by="7788"/>
<httpSample t="21000" lt="0" ts="1282654236263" s="false" lb="/maps" rc="Non HTTP response code: java.net.ConnectException" rm="Non HTTP response message: Connection timed out" tn="Grupo de Hilos 1-4" dt="text" by="1537"/>
<httpSample t="20998" lt="0" ts="1282654236301" s="false" lb="/maps" rc="Non HTTP response code: java.net.ConnectException" rm="Non HTTP response message: Connection timed out" tn="Grupo de Hilos 1-5" dt="text" by="1537"/>
<httpSample t="109" lt="32" ts="1282654257265" s="true" lb="/iceweb/centroLista" rc="200" rm="OK" tn="Grupo de Hilos 1-4" dt="text" by="653259"/>
<httpSample t="89" lt="27" ts="1282654257301" s="true" lb="/iceweb/centroLista" rc="200" rm="OK" tn="Grupo de Hilos 1-5" dt="text" by="653259"/>
<httpSample t="95" lt="90" ts="1282654257392" s="true" lb="/iceweb/restful/Centro/findMarcasCuadriculaByFilter" rc="200" rm="OK" tn="Grupo de Hilos 1-5" dt="text" by="65601"/>
<httpSample t="134" lt="129" ts="1282654257375" s="true" lb="/iceweb/restful/Centro/findMarcasCuadriculaByFilter" rc="200" rm="OK" tn="Grupo de Hilos 1-4" dt="text" by="65601"/>
<httpSample t="189" lt="0" ts="1282654257489" s="false" lb="/en-US/firefox/headlines.xml" rc="Non HTTP response code: java.net.ConnectException" rm="Non HTTP response message: Connection refused" tn="Grupo de Hilos 1-5" dt="text" by="1535"/>
<httpSample t="188" lt="0" ts="1282654257511" s="false" lb="/en-US/firefox/headlines.xml" rc="Non HTTP response code: java.net.ConnectException" rm="Non HTTP response message: Connection refused" tn="Grupo de Hilos 1-4" dt="text" by="1535"/>
<httpSample t="189" lt="0" ts="1282654257680" s="false" lb="/firefox/headlines.xml" rc="Non HTTP response code: java.net.ConnectException" rm="Non HTTP response message: Connection refused" tn="Grupo de Hilos 1-5" dt="text" by="1535"/>
<httpSample t="189" lt="0" ts="1282654257700" s="false" lb="/firefox/headlines.xml" rc="Non HTTP response code: java.net.ConnectException" rm="Non HTTP response message: Connection refused" tn="Grupo de Hilos 1-4" dt="text" by="1535"/>
<httpSample t="51" lt="0" ts="1282654257871" s="false" lb="/rss/newsonline_world_edition/front_page/rss.xml" rc="Non HTTP response code: java.net.ConnectException" rm="Non HTTP response message: Connection refused" tn="Grupo de Hilos 1-5" dt="text" by="1535"/>
<httpSample t="54" lt="0" ts="1282654257891" s="false" lb="/rss/newsonline_world_edition/front_page/rss.xml" rc="Non HTTP response code: java.net.ConnectException" rm="Non HTTP response message: Connection refused" tn="Grupo de Hilos 1-4" dt="text" by="1535"/>
<httpSample t="51" lt="0" ts="1282654257924" s="false" lb="/news/rss.xml" rc="Non HTTP response code: java.net.ConnectException" rm="Non HTTP response message: Connection refused" tn="Grupo de Hilos 1-5" dt="text" by="1535"/>
<httpSample t="21" lt="0" ts="1282654257977" s="true" lb="/iceweb" rc="200" rm="OK" tn="Grupo de Hilos 1-5" dt="text" by="8397">
  <httpSample t="0" lt="0" ts="1282654257977" s="true" lb="http://localhost:8080/iceweb" rc="302" rm="Movido temporálmente" tn="" dt="" by="0"/>
  <httpSample t="21" lt="20" ts="1282654257977" s="true" lb="http://localhost:8080/iceweb/" rc="200" rm="OK" tn="Grupo de Hilos 1-5" dt="text" by="8397"/>
</httpSample>
<httpSample t="51" lt="0" ts="1282654257947" s="false" lb="/news/rss.xml" rc="Non HTTP response code: java.net.ConnectException" rm="Non HTTP response message: Connection refused" tn="Grupo de Hilos 1-4" dt="text" by="1535"/>
<httpSample t="19" lt="19" ts="1282654258000" s="true" lb="/iceweb/" rc="200" rm="OK" tn="Grupo de Hilos 1-5" dt="text" by="8397"/>
<httpSample t="2" lt="2" ts="1282654258021" s="true" lb="/iceweb/styles/style.css;jsessionid=7C1B32529F00FF74DE79911BBC899F36" rc="200" rm="OK" tn="Grupo de Hilos 1-5" dt="text" by="2588"/>
<httpSample t="27" lt="1" ts="1282654258002" s="true" lb="/iceweb" rc="200" rm="OK" tn="Grupo de Hilos 1-4" dt="text" by="8397">
  <httpSample t="1" lt="1" ts="1282654258002" s="true" lb="http://localhost:8080/iceweb" rc="302" rm="Movido temporálmente" tn="" dt="" by="0"/>
  <httpSample t="26" lt="25" ts="1282654258003" s="true" lb="http://localhost:8080/iceweb/" rc="200" rm="OK" tn="Grupo de Hilos 1-4" dt="text" by="8397"/>
</httpSample>
<httpSample t="6" lt="6" ts="1282654258024" s="true" lb="/iceweb/js/flexigrid/css/flexigrid/flexigrid.css;jsessionid=7C1B32529F00FF74DE79911BBC899F36" rc="200" rm="OK" tn="Grupo de Hilos 1-5" dt="text" by="13979"/>
<httpSample t="7" lt="7" ts="1282654258031" s="true" lb="/iceweb/js/ajax.js;jsessionid=7C1B32529F00FF74DE79911BBC899F36" rc="200" rm="OK" tn="Grupo de Hilos 1-5" dt="text" by="11865"/>
<httpSample t="8" lt="8" ts="1282654258040" s="true" lb="/iceweb/js/common.js;jsessionid=7C1B32529F00FF74DE79911BBC899F36" rc="200" rm="OK" tn="Grupo de Hilos 1-5" dt="text" by="1161"/>
<httpSample t="30" lt="30" ts="1282654258030" s="true" lb="/iceweb/" rc="200" rm="OK" tn="Grupo de Hilos 1-4" dt="text" by="8397"/>
<httpSample t="19" lt="19" ts="1282654258049" s="true" lb="/iceweb/js/flexigrid/CentroPagedGrid.js;jsessionid=7C1B32529F00FF74DE79911BBC899F36" rc="200" rm="OK" tn="Grupo de Hilos 1-5" dt="text" by="42362"/>
<httpSample t="8" lt="8" ts="1282654258064" s="true" lb="/iceweb/styles/style.css;jsessionid=7C1B32529F00FF74DE79911BBC899F36" rc="200" rm="OK" tn="Grupo de Hilos 1-4" dt="text" by="2588"/>
<httpSample t="8" lt="7" ts="1282654258069" s="true" lb="/iceweb/js/jquery-1.4.js;jsessionid=7C1B32529F00FF74DE79911BBC899F36" rc="200" rm="OK" tn="Grupo de Hilos 1-5" dt="text" by="158407"/>
<httpSample t="3" lt="3" ts="1282654258078" s="true" lb="/iceweb/js/OpenLayersExt.js;jsessionid=7C1B32529F00FF74DE79911BBC899F36" rc="200" rm="OK" tn="Grupo de Hilos 1-5" dt="text" by="12330"/>
<httpSample t="9" lt="8" ts="1282654258073" s="true" lb="/iceweb/js/flexigrid/css/flexigrid/flexigrid.css;jsessionid=7C1B32529F00FF74DE79911BBC899F36" rc="200" rm="OK" tn="Grupo de Hilos 1-4" dt="text" by="13979"/>
<httpSample t="4" lt="4" ts="1282654258083" s="true" lb="/iceweb/js/ajax.js;jsessionid=7C1B32529F00FF74DE79911BBC899F36" rc="200" rm="OK" tn="Grupo de Hilos 1-4" dt="text" by="11865"/>
<httpSample t="3" lt="3" ts="1282654258083" s="true" lb="/iceweb/js/json.js;jsessionid=7C1B32529F00FF74DE79911BBC899F36" rc="200" rm="OK" tn="Grupo de Hilos 1-5" dt="text" by="7788"/>
<httpSample t="2" lt="2" ts="1282654258088" s="true" lb="/iceweb/js/common.js;jsessionid=7C1B32529F00FF74DE79911BBC899F36" rc="200" rm="OK" tn="Grupo de Hilos 1-4" dt="text" by="1161"/>
<httpSample t="2" lt="2" ts="1282654258091" s="true" lb="/iceweb/js/flexigrid/CentroPagedGrid.js;jsessionid=7C1B32529F00FF74DE79911BBC899F36" rc="200" rm="OK" tn="Grupo de Hilos 1-4" dt="text" by="42362"/>
<httpSample t="2" lt="2" ts="1282654258094" s="true" lb="/iceweb/js/jquery-1.4.js;jsessionid=7C1B32529F00FF74DE79911BBC899F36" rc="200" rm="OK" tn="Grupo de Hilos 1-4" dt="text" by="158407"/>
<httpSample t="2" lt="2" ts="1282654258098" s="true" lb="/iceweb/js/OpenLayersExt.js;jsessionid=7C1B32529F00FF74DE79911BBC899F36" rc="200" rm="OK" tn="Grupo de Hilos 1-4" dt="text" by="12330"/>
<httpSample t="2" lt="2" ts="1282654258101" s="true" lb="/iceweb/js/json.js;jsessionid=7C1B32529F00FF74DE79911BBC899F36" rc="200" rm="OK" tn="Grupo de Hilos 1-4" dt="text" by="7788"/>
<httpSample t="21012" lt="0" ts="1282654257218" s="false" lb="/maps" rc="Non HTTP response code: java.net.ConnectException" rm="Non HTTP response message: Connection timed out" tn="Grupo de Hilos 1-1" dt="text" by="1537"/>
<httpSample t="21008" lt="0" ts="1282654257222" s="false" lb="/maps" rc="Non HTTP response code: java.net.ConnectException" rm="Non HTTP response message: Connection timed out" tn="Grupo de Hilos 1-3" dt="text" by="1537"/>
<httpSample t="21007" lt="0" ts="1282654257223" s="false" lb="/maps" rc="Non HTTP response code: java.net.ConnectException" rm="Non HTTP response message: Connection timed out" tn="Grupo de Hilos 1-2" dt="text" by="1537"/>
<httpSample t="53" lt="10" ts="1282654278232" s="true" lb="/iceweb/js/OpenLayers/OpenLayers.js;jsessionid=7C1B32529F00FF74DE79911BBC899F36" rc="200" rm="OK" tn="Grupo de Hilos 1-1" dt="text" by="711799"/>
<httpSample t="56" lt="11" ts="1282654278233" s="true" lb="/iceweb/js/OpenLayers/OpenLayers.js;jsessionid=7C1B32529F00FF74DE79911BBC899F36" rc="200" rm="OK" tn="Grupo de Hilos 1-2" dt="text" by="711799"/>
<httpSample t="61" lt="52" ts="1282654278234" s="true" lb="/iceweb/js/OpenLayers/OpenLayers.js;jsessionid=7C1B32529F00FF74DE79911BBC899F36" rc="200" rm="OK" tn="Grupo de Hilos 1-3" dt="text" by="711799"/>
<httpSample t="20997" lt="0" ts="1282654258089" s="false" lb="/maps" rc="Non HTTP response code: java.net.ConnectException" rm="Non HTTP response message: Connection timed out" tn="Grupo de Hilos 1-5" dt="text" by="1537"/>
<httpSample t="9" lt="5" ts="1282654279088" s="true" lb="/iceweb/js/OpenLayers/OpenLayers.js;jsessionid=7C1B32529F00FF74DE79911BBC899F36" rc="200" rm="OK" tn="Grupo de Hilos 1-5" dt="text" by="711799"/>
<httpSample t="20998" lt="0" ts="1282654258104" s="false" lb="/maps" rc="Non HTTP response code: java.net.ConnectException" rm="Non HTTP response message: Connection timed out" tn="Grupo de Hilos 1-4" dt="text" by="1537"/>
<httpSample t="9" lt="4" ts="1282654279103" s="true" lb="/iceweb/js/OpenLayers/OpenLayers.js;jsessionid=7C1B32529F00FF74DE79911BBC899F36" rc="200" rm="OK" tn="Grupo de Hilos 1-4" dt="text" by="711799"/>
<httpSample t="21022" lt="0" ts="1282654278292" s="false" lb="/intl/es_ALL/mapfiles/260d/maps2.api/mod_stats.js" rc="Non HTTP response code: java.net.ConnectException" rm="Non HTTP response message: Connection timed out" tn="Grupo de Hilos 1-1" dt="text" by="1537"/>
<httpSample t="21018" lt="0" ts="1282654278297" s="false" lb="/intl/es_ALL/mapfiles/260d/maps2.api/mod_stats.js" rc="Non HTTP response code: java.net.ConnectException" rm="Non HTTP response message: Connection timed out" tn="Grupo de Hilos 1-3" dt="text" by="1537"/>
<httpSample t="21021" lt="0" ts="1282654278294" s="false" lb="/intl/es_ALL/mapfiles/260d/maps2.api/mod_stats.js" rc="Non HTTP response code: java.net.ConnectException" rm="Non HTTP response message: Connection timed out" tn="Grupo de Hilos 1-2" dt="text" by="1537"/>
<httpSample t="5" lt="5" ts="1282654299319" s="false" lb="/iceweb/styles/img/south-mini.png" rc="404" rm="/iceweb/styles/img/south-mini.png" tn="Grupo de Hilos 1-3" dt="text" by="1059"/>
<httpSample t="10" lt="10" ts="1282654299317" s="false" lb="/iceweb/styles/img/south-mini.png" rc="404" rm="/iceweb/styles/img/south-mini.png" tn="Grupo de Hilos 1-2" dt="text" by="1059"/>
<httpSample t="11" lt="11" ts="1282654299317" s="false" lb="/iceweb/styles/img/south-mini.png" rc="404" rm="/iceweb/styles/img/south-mini.png" tn="Grupo de Hilos 1-1" dt="text" by="1059"/>
<httpSample t="7" lt="7" ts="1282654299329" s="false" lb="/iceweb/style.css" rc="404" rm="/iceweb/style.css" tn="Grupo de Hilos 1-2" dt="text" by="1011"/>
<httpSample t="7" lt="7" ts="1282654299333" s="false" lb="/iceweb/style.css" rc="404" rm="/iceweb/style.css" tn="Grupo de Hilos 1-1" dt="text" by="1011"/>
<httpSample t="16" lt="16" ts="1282654299326" s="false" lb="/iceweb/style.css" rc="404" rm="/iceweb/style.css" tn="Grupo de Hilos 1-3" dt="text" by="1011"/>
<httpSample t="6" lt="6" ts="1282654299337" s="false" lb="/iceweb/img/north-mini.png" rc="404" rm="/iceweb/img/north-mini.png" tn="Grupo de Hilos 1-2" dt="text" by="1038"/>
<httpSample t="5" lt="5" ts="1282654299342" s="false" lb="/iceweb/img/north-mini.png" rc="404" rm="/iceweb/img/north-mini.png" tn="Grupo de Hilos 1-1" dt="text" by="1038"/>
<httpSample t="4" lt="4" ts="1282654299346" s="false" lb="/iceweb/img/east-mini.png" rc="404" rm="/iceweb/img/east-mini.png" tn="Grupo de Hilos 1-2" dt="text" by="1035"/>
<httpSample t="10" lt="10" ts="1282654299345" s="false" lb="/iceweb/img/north-mini.png" rc="404" rm="/iceweb/img/north-mini.png" tn="Grupo de Hilos 1-3" dt="text" by="1038"/>
<httpSample t="13" lt="13" ts="1282654299348" s="false" lb="/iceweb/img/east-mini.png" rc="404" rm="/iceweb/img/east-mini.png" tn="Grupo de Hilos 1-1" dt="text" by="1035"/>
<httpSample t="7" lt="7" ts="1282654299358" s="false" lb="/iceweb/img/east-mini.png" rc="404" rm="/iceweb/img/east-mini.png" tn="Grupo de Hilos 1-3" dt="text" by="1035"/>
<httpSample t="14" lt="14" ts="1282654299354" s="false" lb="/iceweb/img/south-mini.png" rc="404" rm="/iceweb/img/south-mini.png" tn="Grupo de Hilos 1-2" dt="text" by="1038"/>
<httpSample t="11" lt="11" ts="1282654299362" s="false" lb="/iceweb/img/south-mini.png" rc="404" rm="/iceweb/img/south-mini.png" tn="Grupo de Hilos 1-1" dt="text" by="1038"/>
<httpSample t="10" lt="10" ts="1282654299366" s="false" lb="/iceweb/img/south-mini.png" rc="404" rm="/iceweb/img/south-mini.png" tn="Grupo de Hilos 1-3" dt="text" by="1038"/>
<httpSample t="4" lt="4" ts="1282654299375" s="false" lb="/iceweb/img/zoom-plus-mini.png" rc="404" rm="/iceweb/img/zoom-plus-mini.png" tn="Grupo de Hilos 1-1" dt="text" by="1050"/>
<httpSample t="12" lt="12" ts="1282654299370" s="false" lb="/iceweb/img/zoom-plus-mini.png" rc="404" rm="/iceweb/img/zoom-plus-mini.png" tn="Grupo de Hilos 1-2" dt="text" by="1050"/>
<httpSample t="5" lt="5" ts="1282654299378" s="false" lb="/iceweb/img/zoom-plus-mini.png" rc="404" rm="/iceweb/img/zoom-plus-mini.png" tn="Grupo de Hilos 1-3" dt="text" by="1050"/>
<httpSample t="5" lt="5" ts="1282654299384" s="false" lb="/iceweb/img/zoom-world-mini.png" rc="404" rm="/iceweb/img/zoom-world-mini.png" tn="Grupo de Hilos 1-1" dt="text" by="1053"/>
<httpSample t="6" lt="6" ts="1282654299387" s="false" lb="/iceweb/img/zoom-world-mini.png" rc="404" rm="/iceweb/img/zoom-world-mini.png" tn="Grupo de Hilos 1-2" dt="text" by="1053"/>
<httpSample t="11" lt="11" ts="1282654299386" s="false" lb="/iceweb/img/zoom-world-mini.png" rc="404" rm="/iceweb/img/zoom-world-mini.png" tn="Grupo de Hilos 1-3" dt="text" by="1053"/>
<httpSample t="3" lt="3" ts="1282654299396" s="false" lb="/iceweb/img/west-mini.png" rc="404" rm="/iceweb/img/west-mini.png" tn="Grupo de Hilos 1-2" dt="text" by="1035"/>
<httpSample t="2" lt="2" ts="1282654299399" s="false" lb="/iceweb/img/west-mini.png" rc="404" rm="/iceweb/img/west-mini.png" tn="Grupo de Hilos 1-3" dt="text" by="1035"/>
<httpSample t="6" lt="6" ts="1282654299394" s="false" lb="/iceweb/img/west-mini.png" rc="404" rm="/iceweb/img/west-mini.png" tn="Grupo de Hilos 1-1" dt="text" by="1035"/>
<httpSample t="2" lt="2" ts="1282654299405" s="false" lb="/iceweb/img/zoom-minus-mini.png" rc="404" rm="/iceweb/img/zoom-minus-mini.png" tn="Grupo de Hilos 1-1" dt="text" by="1053"/>
<httpSample t="8" lt="8" ts="1282654299401" s="false" lb="/iceweb/img/zoom-minus-mini.png" rc="404" rm="/iceweb/img/zoom-minus-mini.png" tn="Grupo de Hilos 1-2" dt="text" by="1053"/>
<httpSample t="7" lt="7" ts="1282654299403" s="false" lb="/iceweb/img/zoom-minus-mini.png" rc="404" rm="/iceweb/img/zoom-minus-mini.png" tn="Grupo de Hilos 1-3" dt="text" by="1053"/>
<httpSample t="4" lt="4" ts="1282654299410" s="false" lb="/iceweb/img/layer-switcher-minimize.png" rc="404" rm="/iceweb/img/layer-switcher-minimize.png" tn="Grupo de Hilos 1-1" dt="text" by="1077"/>
<httpSample t="4" lt="4" ts="1282654299416" s="false" lb="/iceweb/img/layer-switcher-maximize.png" rc="404" rm="/iceweb/img/layer-switcher-maximize.png" tn="Grupo de Hilos 1-1" dt="text" by="1077"/>
<httpSample t="9" lt="8" ts="1282654299413" s="false" lb="/iceweb/img/layer-switcher-minimize.png" rc="404" rm="/iceweb/img/layer-switcher-minimize.png" tn="Grupo de Hilos 1-3" dt="text" by="1077"/>
<httpSample t="9" lt="9" ts="1282654299411" s="false" lb="/iceweb/img/layer-switcher-minimize.png" rc="404" rm="/iceweb/img/layer-switcher-minimize.png" tn="Grupo de Hilos 1-2" dt="text" by="1077"/>
<httpSample t="3" lt="3" ts="1282654299424" s="false" lb="/iceweb/img/layer-switcher-maximize.png" rc="404" rm="/iceweb/img/layer-switcher-maximize.png" tn="Grupo de Hilos 1-3" dt="text" by="1077"/>
<httpSample t="9" lt="9" ts="1282654299425" s="false" lb="/iceweb/img/layer-switcher-maximize.png" rc="404" rm="/iceweb/img/layer-switcher-maximize.png" tn="Grupo de Hilos 1-2" dt="text" by="1077"/>
<httpSample t="30" lt="30" ts="1282654299423" s="true" lb="/iceweb/restful/Centro/findPagedByVentanaAndFilter" rc="200" rm="OK" tn="Grupo de Hilos 1-1" dt="text" by="11479"/>
<httpSample t="26" lt="25" ts="1282654299428" s="true" lb="/iceweb/restful/Centro/findPagedByVentanaAndFilter" rc="200" rm="OK" tn="Grupo de Hilos 1-3" dt="text" by="11479"/>
<httpSample t="28" lt="28" ts="1282654299438" s="true" lb="/iceweb/restful/Centro/findPagedByVentanaAndFilter" rc="200" rm="OK" tn="Grupo de Hilos 1-2" dt="text" by="11479"/>
<httpSample t="79" lt="74" ts="1282654299455" s="true" lb="/iceweb/restful/Centro/findMarcasCuadriculaByFilter" rc="200" rm="OK" tn="Grupo de Hilos 1-3" dt="text" by="64084"/>
<httpSample t="135" lt="129" ts="1282654299455" s="true" lb="/iceweb/restful/Centro/findMarcasCuadriculaByFilter" rc="200" rm="OK" tn="Grupo de Hilos 1-1" dt="text" by="64084"/>
<httpSample t="183" lt="166" ts="1282654299468" s="true" lb="/iceweb/restful/Centro/findMarcasCuadriculaByFilter" rc="200" rm="OK" tn="Grupo de Hilos 1-2" dt="text" by="64084"/>
<httpSample t="203" lt="197" ts="1282654299535" s="true" lb="/iceweb/restful/Centro/findMarcasCuadriculaByFilter" rc="200" rm="OK" tn="Grupo de Hilos 1-3" dt="text" by="86966"/>
<httpSample t="71" lt="71" ts="1282654299740" s="true" lb="/iceweb/restful/Centro/findPagedByVentanaAndFilter" rc="200" rm="OK" tn="Grupo de Hilos 1-3" dt="text" by="12174"/>
<httpSample t="225" lt="213" ts="1282654299591" s="true" lb="/iceweb/restful/Centro/findMarcasCuadriculaByFilter" rc="200" rm="OK" tn="Grupo de Hilos 1-1" dt="text" by="86966"/>
<httpSample t="248" lt="241" ts="1282654299653" s="true" lb="/iceweb/restful/Centro/findMarcasCuadriculaByFilter" rc="200" rm="OK" tn="Grupo de Hilos 1-2" dt="text" by="86966"/>
<httpSample t="92" lt="91" ts="1282654299813" s="true" lb="/iceweb/restful/Centro/findPagedByVentanaAndFilter" rc="200" rm="OK" tn="Grupo de Hilos 1-3" dt="text" by="11851"/>
<httpSample t="96" lt="96" ts="1282654299817" s="true" lb="/iceweb/restful/Centro/findPagedByVentanaAndFilter" rc="200" rm="OK" tn="Grupo de Hilos 1-1" dt="text" by="12174"/>
<httpSample t="37" lt="36" ts="1282654299903" s="true" lb="/iceweb/restful/Centro/findPagedByVentanaAndFilter" rc="200" rm="OK" tn="Grupo de Hilos 1-2" dt="text" by="12174"/>
<httpSample t="39" lt="39" ts="1282654299906" s="true" lb="/iceweb/restful/Centro/findPagedByVentanaAndFilter" rc="200" rm="OK" tn="Grupo de Hilos 1-3" dt="text" by="13604"/>
<httpSample t="34" lt="34" ts="1282654299914" s="true" lb="/iceweb/restful/Centro/findPagedByVentanaAndFilter" rc="200" rm="OK" tn="Grupo de Hilos 1-1" dt="text" by="11851"/>
<httpSample t="44" lt="44" ts="1282654299942" s="true" lb="/iceweb/restful/Centro/findPagedByVentanaAndFilter" rc="200" rm="OK" tn="Grupo de Hilos 1-2" dt="text" by="11851"/>
<httpSample t="41" lt="40" ts="1282654299949" s="true" lb="/iceweb/restful/Centro/findPagedByVentanaAndFilter" rc="200" rm="OK" tn="Grupo de Hilos 1-1" dt="text" by="13604"/>
<httpSample t="55" lt="54" ts="1282654299947" s="true" lb="/iceweb/restful/Centro/findPagedByVentanaAndFilter" rc="200" rm="OK" tn="Grupo de Hilos 1-3" dt="text" by="14056"/>
<httpSample t="26" lt="26" ts="1282654299988" s="true" lb="/iceweb/restful/Centro/findPagedByVentanaAndFilter" rc="200" rm="OK" tn="Grupo de Hilos 1-2" dt="text" by="13604"/>
<httpSample t="39" lt="39" ts="1282654299991" s="true" lb="/iceweb/restful/Centro/findPagedByVentanaAndFilter" rc="200" rm="OK" tn="Grupo de Hilos 1-1" dt="text" by="14056"/>
<httpSample t="20" lt="20" ts="1282654300016" s="true" lb="/iceweb/restful/Centro/findPagedByVentanaAndFilter" rc="200" rm="OK" tn="Grupo de Hilos 1-2" dt="text" by="14056"/>
<httpSample t="42" lt="42" ts="1282654300003" s="true" lb="/iceweb/centroDetalle" rc="200" rm="OK" tn="Grupo de Hilos 1-3" dt="text" by="4200"/>
<httpSample t="46" lt="46" ts="1282654300032" s="true" lb="/iceweb/centroDetalle" rc="200" rm="OK" tn="Grupo de Hilos 1-1" dt="text" by="4200"/>
<httpSample t="51" lt="51" ts="1282654300037" s="true" lb="/iceweb/centroDetalle" rc="200" rm="OK" tn="Grupo de Hilos 1-2" dt="text" by="4200"/>
<httpSample t="21000" lt="0" ts="1282654279099" s="false" lb="/intl/es_ALL/mapfiles/260d/maps2.api/mod_stats.js" rc="Non HTTP response code: java.net.ConnectException" rm="Non HTTP response message: Connection timed out" tn="Grupo de Hilos 1-5" dt="text" by="1537"/>
<httpSample t="3" lt="3" ts="1282654300100" s="false" lb="/iceweb/styles/img/south-mini.png" rc="404" rm="/iceweb/styles/img/south-mini.png" tn="Grupo de Hilos 1-5" dt="text" by="1059"/>
<httpSample t="3" lt="3" ts="1282654300104" s="false" lb="/iceweb/style.css" rc="404" rm="/iceweb/style.css" tn="Grupo de Hilos 1-5" dt="text" by="1011"/>
<httpSample t="2" lt="2" ts="1282654300109" s="false" lb="/iceweb/img/north-mini.png" rc="404" rm="/iceweb/img/north-mini.png" tn="Grupo de Hilos 1-5" dt="text" by="1038"/>
<httpSample t="21001" lt="0" ts="1282654279113" s="false" lb="/intl/es_ALL/mapfiles/260d/maps2.api/mod_stats.js" rc="Non HTTP response code: java.net.ConnectException" rm="Non HTTP response message: Connection timed out" tn="Grupo de Hilos 1-4" dt="text" by="1537"/>
<httpSample t="5" lt="5" ts="1282654300113" s="false" lb="/iceweb/img/east-mini.png" rc="404" rm="/iceweb/img/east-mini.png" tn="Grupo de Hilos 1-5" dt="text" by="1035"/>
<httpSample t="4" lt="4" ts="1282654300116" s="false" lb="/iceweb/styles/img/south-mini.png" rc="404" rm="/iceweb/styles/img/south-mini.png" tn="Grupo de Hilos 1-4" dt="text" by="1059"/>
<httpSample t="3" lt="3" ts="1282654300120" s="false" lb="/iceweb/img/south-mini.png" rc="404" rm="/iceweb/img/south-mini.png" tn="Grupo de Hilos 1-5" dt="text" by="1038"/>
<httpSample t="3" lt="3" ts="1282654300124" s="false" lb="/iceweb/style.css" rc="404" rm="/iceweb/style.css" tn="Grupo de Hilos 1-4" dt="text" by="1011"/>
<httpSample t="3" lt="3" ts="1282654300124" s="false" lb="/iceweb/img/zoom-plus-mini.png" rc="404" rm="/iceweb/img/zoom-plus-mini.png" tn="Grupo de Hilos 1-5" dt="text" by="1050"/>
<httpSample t="5" lt="5" ts="1282654300129" s="false" lb="/iceweb/img/north-mini.png" rc="404" rm="/iceweb/img/north-mini.png" tn="Grupo de Hilos 1-4" dt="text" by="1038"/>
<httpSample t="9" lt="9" ts="1282654300129" s="false" lb="/iceweb/img/zoom-world-mini.png" rc="404" rm="/iceweb/img/zoom-world-mini.png" tn="Grupo de Hilos 1-5" dt="text" by="1053"/>
<httpSample t="2" lt="2" ts="1282654300140" s="false" lb="/iceweb/img/west-mini.png" rc="404" rm="/iceweb/img/west-mini.png" tn="Grupo de Hilos 1-5" dt="text" by="1035"/>
<httpSample t="2" lt="2" ts="1282654300136" s="false" lb="/iceweb/img/east-mini.png" rc="404" rm="/iceweb/img/east-mini.png" tn="Grupo de Hilos 1-4" dt="text" by="1035"/>
<httpSample t="3" lt="3" ts="1282654300143" s="false" lb="/iceweb/img/zoom-minus-mini.png" rc="404" rm="/iceweb/img/zoom-minus-mini.png" tn="Grupo de Hilos 1-5" dt="text" by="1053"/>
<httpSample t="14" lt="14" ts="1282654300150" s="false" lb="/iceweb/img/layer-switcher-minimize.png" rc="404" rm="/iceweb/img/layer-switcher-minimize.png" tn="Grupo de Hilos 1-5" dt="text" by="1077"/>
<httpSample t="4" lt="4" ts="1282654300148" s="false" lb="/iceweb/img/south-mini.png" rc="404" rm="/iceweb/img/south-mini.png" tn="Grupo de Hilos 1-4" dt="text" by="1038"/>
<httpSample t="4" lt="4" ts="1282654300166" s="false" lb="/iceweb/img/layer-switcher-maximize.png" rc="404" rm="/iceweb/img/layer-switcher-maximize.png" tn="Grupo de Hilos 1-5" dt="text" by="1077"/>
<httpSample t="4" lt="4" ts="1282654300171" s="false" lb="/iceweb/img/zoom-plus-mini.png" rc="404" rm="/iceweb/img/zoom-plus-mini.png" tn="Grupo de Hilos 1-4" dt="text" by="1050"/>
<httpSample t="3" lt="3" ts="1282654300184" s="false" lb="/iceweb/img/zoom-world-mini.png" rc="404" rm="/iceweb/img/zoom-world-mini.png" tn="Grupo de Hilos 1-4" dt="text" by="1053"/>
<httpSample t="22" lt="21" ts="1282654300177" s="true" lb="/iceweb/restful/Centro/findPagedByVentanaAndFilter" rc="200" rm="OK" tn="Grupo de Hilos 1-5" dt="text" by="11479"/>
<httpSample t="6" lt="6" ts="1282654300192" s="false" lb="/iceweb/img/west-mini.png" rc="404" rm="/iceweb/img/west-mini.png" tn="Grupo de Hilos 1-4" dt="text" by="1035"/>
<httpSample t="3" lt="3" ts="1282654300205" s="false" lb="/iceweb/img/zoom-minus-mini.png" rc="404" rm="/iceweb/img/zoom-minus-mini.png" tn="Grupo de Hilos 1-4" dt="text" by="1053"/>
<httpSample t="4" lt="4" ts="1282654300212" s="false" lb="/iceweb/img/layer-switcher-minimize.png" rc="404" rm="/iceweb/img/layer-switcher-minimize.png" tn="Grupo de Hilos 1-4" dt="text" by="1077"/>
<httpSample t="3" lt="3" ts="1282654300221" s="false" lb="/iceweb/img/layer-switcher-maximize.png" rc="404" rm="/iceweb/img/layer-switcher-maximize.png" tn="Grupo de Hilos 1-4" dt="text" by="1077"/>
<httpSample t="66" lt="65" ts="1282654300227" s="true" lb="/iceweb/restful/Centro/findPagedByVentanaAndFilter" rc="200" rm="OK" tn="Grupo de Hilos 1-4" dt="text" by="11479"/>
<httpSample t="100" lt="83" ts="1282654300200" s="true" lb="/iceweb/restful/Centro/findMarcasCuadriculaByFilter" rc="200" rm="OK" tn="Grupo de Hilos 1-5" dt="text" by="64084"/>
<httpSample t="80" lt="70" ts="1282654300294" s="true" lb="/iceweb/restful/Centro/findMarcasCuadriculaByFilter" rc="200" rm="OK" tn="Grupo de Hilos 1-4" dt="text" by="64084"/>
<httpSample t="163" lt="144" ts="1282654300302" s="true" lb="/iceweb/restful/Centro/findMarcasCuadriculaByFilter" rc="200" rm="OK" tn="Grupo de Hilos 1-5" dt="text" by="86966"/>
<httpSample t="90" lt="89" ts="1282654300467" s="true" lb="/iceweb/restful/Centro/findPagedByVentanaAndFilter" rc="200" rm="OK" tn="Grupo de Hilos 1-5" dt="text" by="12174"/>
<httpSample t="184" lt="161" ts="1282654300376" s="true" lb="/iceweb/restful/Centro/findMarcasCuadriculaByFilter" rc="200" rm="OK" tn="Grupo de Hilos 1-4" dt="text" by="86966"/>
<httpSample t="27" lt="27" ts="1282654300558" s="true" lb="/iceweb/restful/Centro/findPagedByVentanaAndFilter" rc="200" rm="OK" tn="Grupo de Hilos 1-5" dt="text" by="11851"/>
<httpSample t="27" lt="26" ts="1282654300562" s="true" lb="/iceweb/restful/Centro/findPagedByVentanaAndFilter" rc="200" rm="OK" tn="Grupo de Hilos 1-4" dt="text" by="12174"/>
<httpSample t="27" lt="27" ts="1282654300587" s="true" lb="/iceweb/restful/Centro/findPagedByVentanaAndFilter" rc="200" rm="OK" tn="Grupo de Hilos 1-5" dt="text" by="13604"/>
<httpSample t="27" lt="27" ts="1282654300590" s="true" lb="/iceweb/restful/Centro/findPagedByVentanaAndFilter" rc="200" rm="OK" tn="Grupo de Hilos 1-4" dt="text" by="11851"/>
<httpSample t="31" lt="30" ts="1282654300616" s="true" lb="/iceweb/restful/Centro/findPagedByVentanaAndFilter" rc="200" rm="OK" tn="Grupo de Hilos 1-5" dt="text" by="14056"/>
<httpSample t="35" lt="34" ts="1282654300618" s="true" lb="/iceweb/restful/Centro/findPagedByVentanaAndFilter" rc="200" rm="OK" tn="Grupo de Hilos 1-4" dt="text" by="13604"/>
<httpSample t="36" lt="36" ts="1282654300654" s="true" lb="/iceweb/restful/Centro/findPagedByVentanaAndFilter" rc="200" rm="OK" tn="Grupo de Hilos 1-4" dt="text" by="14056"/>
<httpSample t="45" lt="45" ts="1282654300648" s="true" lb="/iceweb/centroDetalle" rc="200" rm="OK" tn="Grupo de Hilos 1-5" dt="text" by="4200"/>
<httpSample t="21" lt="21" ts="1282654300692" s="true" lb="/iceweb/centroDetalle" rc="200" rm="OK" tn="Grupo de Hilos 1-4" dt="text" by="4200"/>
<httpSample t="21011" lt="0" ts="1282654300047" s="false" lb="/maps" rc="Non HTTP response code: java.net.ConnectException" rm="Non HTTP response message: Connection timed out" tn="Grupo de Hilos 1-3" dt="text" by="1537"/>
<httpSample t="11" lt="11" ts="1282654321060" s="true" lb="/iceweb/restful/Centro/46006574" rc="200" rm="OK" tn="Grupo de Hilos 1-3" dt="text" by="786"/>
<httpSample t="20998" lt="0" ts="1282654300080" s="false" lb="/maps" rc="Non HTTP response code: java.net.ConnectException" rm="Non HTTP response message: Connection timed out" tn="Grupo de Hilos 1-1" dt="text" by="1537"/>
<httpSample t="20997" lt="0" ts="1282654300090" s="false" lb="/maps" rc="Non HTTP response code: java.net.ConnectException" rm="Non HTTP response message: Connection timed out" tn="Grupo de Hilos 1-2" dt="text" by="1537"/>
<httpSample t="12" lt="12" ts="1282654321079" s="true" lb="/iceweb/restful/Centro/46006574" rc="200" rm="OK" tn="Grupo de Hilos 1-1" dt="text" by="786"/>
<httpSample t="8" lt="8" ts="1282654321088" s="true" lb="/iceweb/restful/Centro/46006574" rc="200" rm="OK" tn="Grupo de Hilos 1-2" dt="text" by="786"/>
<httpSample t="20996" lt="0" ts="1282654300694" s="false" lb="/maps" rc="Non HTTP response code: java.net.ConnectException" rm="Non HTTP response message: Connection timed out" tn="Grupo de Hilos 1-5" dt="text" by="1537"/>
<httpSample t="9" lt="9" ts="1282654321692" s="true" lb="/iceweb/restful/Centro/46006574" rc="200" rm="OK" tn="Grupo de Hilos 1-5" dt="text" by="786"/>
<httpSample t="20999" lt="0" ts="1282654300715" s="false" lb="/maps" rc="Non HTTP response code: java.net.ConnectException" rm="Non HTTP response message: Connection timed out" tn="Grupo de Hilos 1-4" dt="text" by="1537"/>
<httpSample t="10" lt="10" ts="1282654321716" s="true" lb="/iceweb/restful/Centro/46006574" rc="200" rm="OK" tn="Grupo de Hilos 1-4" dt="text" by="786"/>
<httpSample t="20998" lt="0" ts="1282654321072" s="false" lb="/maps" rc="Non HTTP response code: java.net.ConnectException" rm="Non HTTP response message: Connection timed out" tn="Grupo de Hilos 1-3" dt="text" by="1537"/>
<httpSample t="20999" lt="0" ts="1282654321092" s="false" lb="/maps" rc="Non HTTP response code: java.net.ConnectException" rm="Non HTTP response message: Connection timed out" tn="Grupo de Hilos 1-1" dt="text" by="1537"/>
<httpSample t="20997" lt="0" ts="1282654321098" s="false" lb="/maps" rc="Non HTTP response code: java.net.ConnectException" rm="Non HTTP response message: Connection timed out" tn="Grupo de Hilos 1-2" dt="text" by="1537"/>
<httpSample t="138" lt="50" ts="1282654342072" s="true" lb="/iceweb/centroLista" rc="200" rm="OK" tn="Grupo de Hilos 1-3" dt="text" by="653259"/>
<httpSample t="143" lt="41" ts="1282654342097" s="true" lb="/iceweb/centroLista" rc="200" rm="OK" tn="Grupo de Hilos 1-2" dt="text" by="653259"/>
<httpSample t="155" lt="59" ts="1282654342093" s="true" lb="/iceweb/centroLista" rc="200" rm="OK" tn="Grupo de Hilos 1-1" dt="text" by="653259"/>
<httpSample t="98" lt="78" ts="1282654342212" s="true" lb="/iceweb/restful/Centro/findMarcasCuadriculaByFilter" rc="200" rm="OK" tn="Grupo de Hilos 1-3" dt="text" by="65601"/>
<httpSample t="120" lt="114" ts="1282654342242" s="true" lb="/iceweb/restful/Centro/findMarcasCuadriculaByFilter" rc="200" rm="OK" tn="Grupo de Hilos 1-2" dt="text" by="65601"/>
<httpSample t="167" lt="163" ts="1282654342249" s="true" lb="/iceweb/restful/Centro/findMarcasCuadriculaByFilter" rc="200" rm="OK" tn="Grupo de Hilos 1-1" dt="text" by="65601"/>
<httpSample t="211" lt="0" ts="1282654342312" s="false" lb="/en-US/firefox/headlines.xml" rc="Non HTTP response code: java.net.ConnectException" rm="Non HTTP response message: Connection refused" tn="Grupo de Hilos 1-3" dt="text" by="1535"/>
<httpSample t="188" lt="0" ts="1282654342364" s="false" lb="/en-US/firefox/headlines.xml" rc="Non HTTP response code: java.net.ConnectException" rm="Non HTTP response message: Connection refused" tn="Grupo de Hilos 1-2" dt="text" by="1535"/>
<httpSample t="189" lt="0" ts="1282654342418" s="false" lb="/en-US/firefox/headlines.xml" rc="Non HTTP response code: java.net.ConnectException" rm="Non HTTP response message: Connection refused" tn="Grupo de Hilos 1-1" dt="text" by="1535"/>
<httpSample t="21000" lt="0" ts="1282654321702" s="false" lb="/maps" rc="Non HTTP response code: java.net.ConnectException" rm="Non HTTP response message: Connection timed out" tn="Grupo de Hilos 1-5" dt="text" by="1537"/>
<httpSample t="190" lt="0" ts="1282654342525" s="false" lb="/firefox/headlines.xml" rc="Non HTTP response code: java.net.ConnectException" rm="Non HTTP response message: Connection refused" tn="Grupo de Hilos 1-3" dt="text" by="1535"/>
<httpSample t="20999" lt="0" ts="1282654321728" s="false" lb="/maps" rc="Non HTTP response code: java.net.ConnectException" rm="Non HTTP response message: Connection timed out" tn="Grupo de Hilos 1-4" dt="text" by="1537"/>
<httpSample t="191" lt="0" ts="1282654342554" s="false" lb="/firefox/headlines.xml" rc="Non HTTP response code: java.net.ConnectException" rm="Non HTTP response message: Connection refused" tn="Grupo de Hilos 1-2" dt="text" by="1535"/>
<httpSample t="71" lt="17" ts="1282654342703" s="true" lb="/iceweb/centroLista" rc="200" rm="OK" tn="Grupo de Hilos 1-5" dt="text" by="653259"/>
<httpSample t="72" lt="0" ts="1282654342717" s="false" lb="/rss/newsonline_world_edition/front_page/rss.xml" rc="Non HTTP response code: java.net.ConnectException" rm="Non HTTP response message: Connection refused" tn="Grupo de Hilos 1-3" dt="text" by="1535"/>
<httpSample t="55" lt="0" ts="1282654342747" s="false" lb="/rss/newsonline_world_edition/front_page/rss.xml" rc="Non HTTP response code: java.net.ConnectException" rm="Non HTTP response message: Connection refused" tn="Grupo de Hilos 1-2" dt="text" by="1535"/>
<httpSample t="194" lt="0" ts="1282654342608" s="false" lb="/firefox/headlines.xml" rc="Non HTTP response code: java.net.ConnectException" rm="Non HTTP response message: Connection refused" tn="Grupo de Hilos 1-1" dt="text" by="1535"/>
<httpSample t="51" lt="0" ts="1282654342806" s="false" lb="/rss/newsonline_world_edition/front_page/rss.xml" rc="Non HTTP response code: java.net.ConnectException" rm="Non HTTP response message: Connection refused" tn="Grupo de Hilos 1-1" dt="text" by="1535"/>
<httpSample t="87" lt="79" ts="1282654342775" s="true" lb="/iceweb/restful/Centro/findMarcasCuadriculaByFilter" rc="200" rm="OK" tn="Grupo de Hilos 1-5" dt="text" by="65601"/>
<httpSample t="139" lt="31" ts="1282654342728" s="true" lb="/iceweb/centroLista" rc="200" rm="OK" tn="Grupo de Hilos 1-4" dt="text" by="653259"/>
<httpSample t="82" lt="0" ts="1282654342790" s="false" lb="/news/rss.xml" rc="Non HTTP response code: java.net.ConnectException" rm="Non HTTP response message: Connection refused" tn="Grupo de Hilos 1-3" dt="text" by="1535"/>
<httpSample t="80" lt="0" ts="1282654342804" s="false" lb="/news/rss.xml" rc="Non HTTP response code: java.net.ConnectException" rm="Non HTTP response message: Connection refused" tn="Grupo de Hilos 1-2" dt="text" by="1535"/>
<httpSample t="53" lt="0" ts="1282654342859" s="false" lb="/news/rss.xml" rc="Non HTTP response code: java.net.ConnectException" rm="Non HTTP response message: Connection refused" tn="Grupo de Hilos 1-1" dt="text" by="1535"/>
<httpSample t="37" lt="4" ts="1282654342885" s="true" lb="/iceweb" rc="200" rm="OK" tn="Grupo de Hilos 1-2" dt="text" by="8397">
  <httpSample t="4" lt="4" ts="1282654342885" s="true" lb="http://localhost:8080/iceweb" rc="302" rm="Movido temporálmente" tn="" dt="" by="0"/>
  <httpSample t="33" lt="33" ts="1282654342889" s="true" lb="http://localhost:8080/iceweb/" rc="200" rm="OK" tn="Grupo de Hilos 1-2" dt="text" by="8397"/>
</httpSample>
<httpSample t="78" lt="3" ts="1282654342873" s="true" lb="/iceweb" rc="200" rm="OK" tn="Grupo de Hilos 1-3" dt="text" by="8397">
  <httpSample t="3" lt="3" ts="1282654342873" s="true" lb="http://localhost:8080/iceweb" rc="302" rm="Movido temporálmente" tn="" dt="" by="0"/>
  <httpSample t="75" lt="75" ts="1282654342876" s="true" lb="http://localhost:8080/iceweb/" rc="200" rm="OK" tn="Grupo de Hilos 1-3" dt="text" by="8397"/>
</httpSample>
<httpSample t="115" lt="109" ts="1282654342869" s="true" lb="/iceweb/restful/Centro/findMarcasCuadriculaByFilter" rc="200" rm="OK" tn="Grupo de Hilos 1-4" dt="text" by="65601"/>
<httpSample t="71" lt="71" ts="1282654342924" s="true" lb="/iceweb/" rc="200" rm="OK" tn="Grupo de Hilos 1-2" dt="text" by="8397"/>
<httpSample t="95" lt="1" ts="1282654342914" s="true" lb="/iceweb" rc="200" rm="OK" tn="Grupo de Hilos 1-1" dt="text" by="8397">
  <httpSample t="1" lt="1" ts="1282654342914" s="true" lb="http://localhost:8080/iceweb" rc="302" rm="Movido temporálmente" tn="" dt="" by="0"/>
  <httpSample t="94" lt="94" ts="1282654342915" s="true" lb="http://localhost:8080/iceweb/" rc="200" rm="OK" tn="Grupo de Hilos 1-1" dt="text" by="8397"/>
</httpSample>
<httpSample t="17" lt="17" ts="1282654342997" s="true" lb="/iceweb/styles/style.css;jsessionid=7C1B32529F00FF74DE79911BBC899F36" rc="200" rm="OK" tn="Grupo de Hilos 1-2" dt="text" by="2588"/>
<httpSample t="70" lt="70" ts="1282654342954" s="true" lb="/iceweb/" rc="200" rm="OK" tn="Grupo de Hilos 1-3" dt="text" by="8397"/>
<httpSample t="13" lt="13" ts="1282654343015" s="true" lb="/iceweb/js/flexigrid/css/flexigrid/flexigrid.css;jsessionid=7C1B32529F00FF74DE79911BBC899F36" rc="200" rm="OK" tn="Grupo de Hilos 1-2" dt="text" by="13979"/>
<httpSample t="9" lt="9" ts="1282654343025" s="true" lb="/iceweb/styles/style.css;jsessionid=7C1B32529F00FF74DE79911BBC899F36" rc="200" rm="OK" tn="Grupo de Hilos 1-3" dt="text" by="2588"/>
<httpSample t="29" lt="29" ts="1282654343010" s="true" lb="/iceweb/" rc="200" rm="OK" tn="Grupo de Hilos 1-1" dt="text" by="8397"/>
<httpSample t="13" lt="13" ts="1282654343030" s="true" lb="/iceweb/js/ajax.js;jsessionid=7C1B32529F00FF74DE79911BBC899F36" rc="200" rm="OK" tn="Grupo de Hilos 1-2" dt="text" by="11865"/>
<httpSample t="12" lt="12" ts="1282654343035" s="true" lb="/iceweb/js/flexigrid/css/flexigrid/flexigrid.css;jsessionid=7C1B32529F00FF74DE79911BBC899F36" rc="200" rm="OK" tn="Grupo de Hilos 1-3" dt="text" by="13979"/>
<httpSample t="10" lt="10" ts="1282654343040" s="true" lb="/iceweb/styles/style.css;jsessionid=7C1B32529F00FF74DE79911BBC899F36" rc="200" rm="OK" tn="Grupo de Hilos 1-1" dt="text" by="2588"/>
<httpSample t="10" lt="10" ts="1282654343044" s="true" lb="/iceweb/js/common.js;jsessionid=7C1B32529F00FF74DE79911BBC899F36" rc="200" rm="OK" tn="Grupo de Hilos 1-2" dt="text" by="1161"/>
<httpSample t="10" lt="10" ts="1282654343048" s="true" lb="/iceweb/js/ajax.js;jsessionid=7C1B32529F00FF74DE79911BBC899F36" rc="200" rm="OK" tn="Grupo de Hilos 1-3" dt="text" by="11865"/>
<httpSample t="10" lt="10" ts="1282654343051" s="true" lb="/iceweb/js/flexigrid/css/flexigrid/flexigrid.css;jsessionid=7C1B32529F00FF74DE79911BBC899F36" rc="200" rm="OK" tn="Grupo de Hilos 1-1" dt="text" by="13979"/>
<httpSample t="200" lt="0" ts="1282654342864" s="false" lb="/en-US/firefox/headlines.xml" rc="Non HTTP response code: java.net.ConnectException" rm="Non HTTP response message: Connection refused" tn="Grupo de Hilos 1-5" dt="text" by="1535"/>
<httpSample t="13" lt="13" ts="1282654343055" s="true" lb="/iceweb/js/flexigrid/CentroPagedGrid.js;jsessionid=7C1B32529F00FF74DE79911BBC899F36" rc="200" rm="OK" tn="Grupo de Hilos 1-2" dt="text" by="42362"/>
<httpSample t="14" lt="14" ts="1282654343059" s="true" lb="/iceweb/js/common.js;jsessionid=7C1B32529F00FF74DE79911BBC899F36" rc="200" rm="OK" tn="Grupo de Hilos 1-3" dt="text" by="1161"/>
<httpSample t="14" lt="14" ts="1282654343063" s="true" lb="/iceweb/js/ajax.js;jsessionid=7C1B32529F00FF74DE79911BBC899F36" rc="200" rm="OK" tn="Grupo de Hilos 1-1" dt="text" by="11865"/>
<httpSample t="11" lt="11" ts="1282654343070" s="true" lb="/iceweb/js/jquery-1.4.js;jsessionid=7C1B32529F00FF74DE79911BBC899F36" rc="200" rm="OK" tn="Grupo de Hilos 1-2" dt="text" by="158407"/>
<httpSample t="11" lt="11" ts="1282654343075" s="true" lb="/iceweb/js/flexigrid/CentroPagedGrid.js;jsessionid=7C1B32529F00FF74DE79911BBC899F36" rc="200" rm="OK" tn="Grupo de Hilos 1-3" dt="text" by="42362"/>
<httpSample t="12" lt="12" ts="1282654343078" s="true" lb="/iceweb/js/common.js;jsessionid=7C1B32529F00FF74DE79911BBC899F36" rc="200" rm="OK" tn="Grupo de Hilos 1-1" dt="text" by="1161"/>
<httpSample t="10" lt="10" ts="1282654343083" s="true" lb="/iceweb/js/OpenLayersExt.js;jsessionid=7C1B32529F00FF74DE79911BBC899F36" rc="200" rm="OK" tn="Grupo de Hilos 1-2" dt="text" by="12330"/>
<httpSample t="11" lt="10" ts="1282654343088" s="true" lb="/iceweb/js/jquery-1.4.js;jsessionid=7C1B32529F00FF74DE79911BBC899F36" rc="200" rm="OK" tn="Grupo de Hilos 1-3" dt="text" by="158407"/>
<httpSample t="12" lt="12" ts="1282654343091" s="true" lb="/iceweb/js/flexigrid/CentroPagedGrid.js;jsessionid=7C1B32529F00FF74DE79911BBC899F36" rc="200" rm="OK" tn="Grupo de Hilos 1-1" dt="text" by="42362"/>
<httpSample t="12" lt="12" ts="1282654343095" s="true" lb="/iceweb/js/json.js;jsessionid=7C1B32529F00FF74DE79911BBC899F36" rc="200" rm="OK" tn="Grupo de Hilos 1-2" dt="text" by="7788"/>
<httpSample t="7" lt="7" ts="1282654343104" s="true" lb="/iceweb/js/jquery-1.4.js;jsessionid=7C1B32529F00FF74DE79911BBC899F36" rc="200" rm="OK" tn="Grupo de Hilos 1-1" dt="text" by="158407"/>
<httpSample t="15" lt="15" ts="1282654343100" s="true" lb="/iceweb/js/OpenLayersExt.js;jsessionid=7C1B32529F00FF74DE79911BBC899F36" rc="200" rm="OK" tn="Grupo de Hilos 1-3" dt="text" by="12330"/>
<httpSample t="6" lt="6" ts="1282654343113" s="true" lb="/iceweb/js/OpenLayersExt.js;jsessionid=7C1B32529F00FF74DE79911BBC899F36" rc="200" rm="OK" tn="Grupo de Hilos 1-1" dt="text" by="12330"/>
<httpSample t="7" lt="7" ts="1282654343117" s="true" lb="/iceweb/js/json.js;jsessionid=7C1B32529F00FF74DE79911BBC899F36" rc="200" rm="OK" tn="Grupo de Hilos 1-3" dt="text" by="7788"/>
<httpSample t="7" lt="7" ts="1282654343121" s="true" lb="/iceweb/js/json.js;jsessionid=7C1B32529F00FF74DE79911BBC899F36" rc="200" rm="OK" tn="Grupo de Hilos 1-1" dt="text" by="7788"/>
<httpSample t="190" lt="0" ts="1282654342985" s="false" lb="/en-US/firefox/headlines.xml" rc="Non HTTP response code: java.net.ConnectException" rm="Non HTTP response message: Connection refused" tn="Grupo de Hilos 1-4" dt="text" by="1535"/>
<httpSample t="189" lt="0" ts="1282654343066" s="false" lb="/firefox/headlines.xml" rc="Non HTTP response code: java.net.ConnectException" rm="Non HTTP response message: Connection refused" tn="Grupo de Hilos 1-5" dt="text" by="1535"/>
<httpSample t="53" lt="0" ts="1282654343257" s="false" lb="/rss/newsonline_world_edition/front_page/rss.xml" rc="Non HTTP response code: java.net.ConnectException" rm="Non HTTP response message: Connection refused" tn="Grupo de Hilos 1-5" dt="text" by="1535"/>
<httpSample t="53" lt="0" ts="1282654343311" s="false" lb="/news/rss.xml" rc="Non HTTP response code: java.net.ConnectException" rm="Non HTTP response message: Connection refused" tn="Grupo de Hilos 1-5" dt="text" by="1535"/>
<httpSample t="188" lt="0" ts="1282654343176" s="false" lb="/firefox/headlines.xml" rc="Non HTTP response code: java.net.ConnectException" rm="Non HTTP response message: Connection refused" tn="Grupo de Hilos 1-4" dt="text" by="1535"/>
<httpSample t="24" lt="2" ts="1282654343367" s="true" lb="/iceweb" rc="200" rm="OK" tn="Grupo de Hilos 1-5" dt="text" by="8397">
  <httpSample t="2" lt="2" ts="1282654343367" s="true" lb="http://localhost:8080/iceweb" rc="302" rm="Movido temporálmente" tn="" dt="" by="0"/>
  <httpSample t="22" lt="22" ts="1282654343369" s="true" lb="http://localhost:8080/iceweb/" rc="200" rm="OK" tn="Grupo de Hilos 1-5" dt="text" by="8397"/>
</httpSample>
<httpSample t="11" lt="10" ts="1282654343393" s="true" lb="/iceweb/" rc="200" rm="OK" tn="Grupo de Hilos 1-5" dt="text" by="8397"/>
<httpSample t="3" lt="3" ts="1282654343405" s="true" lb="/iceweb/styles/style.css;jsessionid=7C1B32529F00FF74DE79911BBC899F36" rc="200" rm="OK" tn="Grupo de Hilos 1-5" dt="text" by="2588"/>
<httpSample t="2" lt="2" ts="1282654343409" s="true" lb="/iceweb/js/flexigrid/css/flexigrid/flexigrid.css;jsessionid=7C1B32529F00FF74DE79911BBC899F36" rc="200" rm="OK" tn="Grupo de Hilos 1-5" dt="text" by="13979"/>
<httpSample t="2" lt="2" ts="1282654343412" s="true" lb="/iceweb/js/ajax.js;jsessionid=7C1B32529F00FF74DE79911BBC899F36" rc="200" rm="OK" tn="Grupo de Hilos 1-5" dt="text" by="11865"/>
<httpSample t="2" lt="2" ts="1282654343416" s="true" lb="/iceweb/js/common.js;jsessionid=7C1B32529F00FF74DE79911BBC899F36" rc="200" rm="OK" tn="Grupo de Hilos 1-5" dt="text" by="1161"/>
<httpSample t="52" lt="0" ts="1282654343368" s="false" lb="/rss/newsonline_world_edition/front_page/rss.xml" rc="Non HTTP response code: java.net.ConnectException" rm="Non HTTP response message: Connection refused" tn="Grupo de Hilos 1-4" dt="text" by="1535"/>
<httpSample t="3" lt="3" ts="1282654343419" s="true" lb="/iceweb/js/flexigrid/CentroPagedGrid.js;jsessionid=7C1B32529F00FF74DE79911BBC899F36" rc="200" rm="OK" tn="Grupo de Hilos 1-5" dt="text" by="42362"/>
<httpSample t="3" lt="3" ts="1282654343423" s="true" lb="/iceweb/js/jquery-1.4.js;jsessionid=7C1B32529F00FF74DE79911BBC899F36" rc="200" rm="OK" tn="Grupo de Hilos 1-5" dt="text" by="158407"/>
<httpSample t="4" lt="4" ts="1282654343427" s="true" lb="/iceweb/js/OpenLayersExt.js;jsessionid=7C1B32529F00FF74DE79911BBC899F36" rc="200" rm="OK" tn="Grupo de Hilos 1-5" dt="text" by="12330"/>
<httpSample t="3" lt="3" ts="1282654343432" s="true" lb="/iceweb/js/json.js;jsessionid=7C1B32529F00FF74DE79911BBC899F36" rc="200" rm="OK" tn="Grupo de Hilos 1-5" dt="text" by="7788"/>
<httpSample t="51" lt="0" ts="1282654343421" s="false" lb="/news/rss.xml" rc="Non HTTP response code: java.net.ConnectException" rm="Non HTTP response message: Connection refused" tn="Grupo de Hilos 1-4" dt="text" by="1535"/>
<httpSample t="33" lt="1" ts="1282654343474" s="true" lb="/iceweb" rc="200" rm="OK" tn="Grupo de Hilos 1-4" dt="text" by="8397">
  <httpSample t="1" lt="1" ts="1282654343474" s="true" lb="http://localhost:8080/iceweb" rc="302" rm="Movido temporálmente" tn="" dt="" by="0"/>
  <httpSample t="32" lt="30" ts="1282654343475" s="true" lb="http://localhost:8080/iceweb/" rc="200" rm="OK" tn="Grupo de Hilos 1-4" dt="text" by="8397"/>
</httpSample>
<httpSample t="20" lt="20" ts="1282654343509" s="true" lb="/iceweb/" rc="200" rm="OK" tn="Grupo de Hilos 1-4" dt="text" by="8397"/>
<httpSample t="3" lt="3" ts="1282654343531" s="true" lb="/iceweb/styles/style.css;jsessionid=7C1B32529F00FF74DE79911BBC899F36" rc="200" rm="OK" tn="Grupo de Hilos 1-4" dt="text" by="2588"/>
<httpSample t="11" lt="11" ts="1282654343536" s="true" lb="/iceweb/js/flexigrid/css/flexigrid/flexigrid.css;jsessionid=7C1B32529F00FF74DE79911BBC899F36" rc="200" rm="OK" tn="Grupo de Hilos 1-4" dt="text" by="13979"/>
<httpSample t="3" lt="3" ts="1282654343548" s="true" lb="/iceweb/js/ajax.js;jsessionid=7C1B32529F00FF74DE79911BBC899F36" rc="200" rm="OK" tn="Grupo de Hilos 1-4" dt="text" by="11865"/>
<httpSample t="2" lt="2" ts="1282654343552" s="true" lb="/iceweb/js/common.js;jsessionid=7C1B32529F00FF74DE79911BBC899F36" rc="200" rm="OK" tn="Grupo de Hilos 1-4" dt="text" by="1161"/>
<httpSample t="2" lt="2" ts="1282654343558" s="true" lb="/iceweb/js/flexigrid/CentroPagedGrid.js;jsessionid=7C1B32529F00FF74DE79911BBC899F36" rc="200" rm="OK" tn="Grupo de Hilos 1-4" dt="text" by="42362"/>
<httpSample t="3" lt="3" ts="1282654343563" s="true" lb="/iceweb/js/jquery-1.4.js;jsessionid=7C1B32529F00FF74DE79911BBC899F36" rc="200" rm="OK" tn="Grupo de Hilos 1-4" dt="text" by="158407"/>
<httpSample t="5" lt="5" ts="1282654343569" s="true" lb="/iceweb/js/OpenLayersExt.js;jsessionid=7C1B32529F00FF74DE79911BBC899F36" rc="200" rm="OK" tn="Grupo de Hilos 1-4" dt="text" by="12330"/>
<httpSample t="2" lt="2" ts="1282654343575" s="true" lb="/iceweb/js/json.js;jsessionid=7C1B32529F00FF74DE79911BBC899F36" rc="200" rm="OK" tn="Grupo de Hilos 1-4" dt="text" by="7788"/>
<httpSample t="21010" lt="0" ts="1282654343108" s="false" lb="/maps" rc="Non HTTP response code: java.net.ConnectException" rm="Non HTTP response message: Connection timed out" tn="Grupo de Hilos 1-2" dt="text" by="1537"/>
<httpSample t="20996" lt="0" ts="1282654343126" s="false" lb="/maps" rc="Non HTTP response code: java.net.ConnectException" rm="Non HTTP response message: Connection timed out" tn="Grupo de Hilos 1-3" dt="text" by="1537"/>
<httpSample t="20997" lt="0" ts="1282654343129" s="false" lb="/maps" rc="Non HTTP response code: java.net.ConnectException" rm="Non HTTP response message: Connection timed out" tn="Grupo de Hilos 1-1" dt="text" by="1537"/>
<httpSample t="32" lt="6" ts="1282654364120" s="true" lb="/iceweb/js/OpenLayers/OpenLayers.js;jsessionid=7C1B32529F00FF74DE79911BBC899F36" rc="200" rm="OK" tn="Grupo de Hilos 1-2" dt="text" by="711799"/>
<httpSample t="23" lt="12" ts="1282654364128" s="true" lb="/iceweb/js/OpenLayers/OpenLayers.js;jsessionid=7C1B32529F00FF74DE79911BBC899F36" rc="200" rm="OK" tn="Grupo de Hilos 1-1" dt="text" by="711799"/>
<httpSample t="25" lt="9" ts="1282654364124" s="true" lb="/iceweb/js/OpenLayers/OpenLayers.js;jsessionid=7C1B32529F00FF74DE79911BBC899F36" rc="200" rm="OK" tn="Grupo de Hilos 1-3" dt="text" by="711799"/>
<httpSample t="20998" lt="0" ts="1282654343436" s="false" lb="/maps" rc="Non HTTP response code: java.net.ConnectException" rm="Non HTTP response message: Connection timed out" tn="Grupo de Hilos 1-5" dt="text" by="1537"/>
<httpSample t="9" lt="6" ts="1282654364436" s="true" lb="/iceweb/js/OpenLayers/OpenLayers.js;jsessionid=7C1B32529F00FF74DE79911BBC899F36" rc="200" rm="OK" tn="Grupo de Hilos 1-5" dt="text" by="711799"/>
<httpSample t="20997" lt="0" ts="1282654343581" s="false" lb="/maps" rc="Non HTTP response code: java.net.ConnectException" rm="Non HTTP response message: Connection timed out" tn="Grupo de Hilos 1-4" dt="text" by="1537"/>
<httpSample t="8" lt="3" ts="1282654364579" s="true" lb="/iceweb/js/OpenLayers/OpenLayers.js;jsessionid=7C1B32529F00FF74DE79911BBC899F36" rc="200" rm="OK" tn="Grupo de Hilos 1-4" dt="text" by="711799"/>
<httpSample t="21011" lt="0" ts="1282654364159" s="false" lb="/intl/es_ALL/mapfiles/260d/maps2.api/mod_stats.js" rc="Non HTTP response code: java.net.ConnectException" rm="Non HTTP response message: Connection timed out" tn="Grupo de Hilos 1-2" dt="text" by="1537"/>
<httpSample t="21011" lt="0" ts="1282654364160" s="false" lb="/intl/es_ALL/mapfiles/260d/maps2.api/mod_stats.js" rc="Non HTTP response code: java.net.ConnectException" rm="Non HTTP response message: Connection timed out" tn="Grupo de Hilos 1-3" dt="text" by="1537"/>
<httpSample t="21009" lt="0" ts="1282654364161" s="false" lb="/intl/es_ALL/mapfiles/260d/maps2.api/mod_stats.js" rc="Non HTTP response code: java.net.ConnectException" rm="Non HTTP response message: Connection timed out" tn="Grupo de Hilos 1-1" dt="text" by="1537"/>
<httpSample t="6" lt="6" ts="1282654385172" s="false" lb="/iceweb/styles/img/south-mini.png" rc="404" rm="/iceweb/styles/img/south-mini.png" tn="Grupo de Hilos 1-2" dt="text" by="1059"/>
<httpSample t="4" lt="4" ts="1282654385175" s="false" lb="/iceweb/styles/img/south-mini.png" rc="404" rm="/iceweb/styles/img/south-mini.png" tn="Grupo de Hilos 1-1" dt="text" by="1059"/>
<httpSample t="8" lt="8" ts="1282654385173" s="false" lb="/iceweb/styles/img/south-mini.png" rc="404" rm="/iceweb/styles/img/south-mini.png" tn="Grupo de Hilos 1-3" dt="text" by="1059"/>
<httpSample t="4" lt="4" ts="1282654385183" s="false" lb="/iceweb/style.css" rc="404" rm="/iceweb/style.css" tn="Grupo de Hilos 1-3" dt="text" by="1011"/>
<httpSample t="8" lt="8" ts="1282654385182" s="false" lb="/iceweb/style.css" rc="404" rm="/iceweb/style.css" tn="Grupo de Hilos 1-1" dt="text" by="1011"/>
<httpSample t="10" lt="10" ts="1282654385180" s="false" lb="/iceweb/style.css" rc="404" rm="/iceweb/style.css" tn="Grupo de Hilos 1-2" dt="text" by="1011"/>
<httpSample t="8" lt="8" ts="1282654385188" s="false" lb="/iceweb/img/north-mini.png" rc="404" rm="/iceweb/img/north-mini.png" tn="Grupo de Hilos 1-3" dt="text" by="1038"/>
<httpSample t="6" lt="6" ts="1282654385193" s="false" lb="/iceweb/img/north-mini.png" rc="404" rm="/iceweb/img/north-mini.png" tn="Grupo de Hilos 1-2" dt="text" by="1038"/>
<httpSample t="4" lt="4" ts="1282654385195" s="false" lb="/iceweb/img/north-mini.png" rc="404" rm="/iceweb/img/north-mini.png" tn="Grupo de Hilos 1-1" dt="text" by="1038"/>
<httpSample t="3" lt="3" ts="1282654385198" s="false" lb="/iceweb/img/east-mini.png" rc="404" rm="/iceweb/img/east-mini.png" tn="Grupo de Hilos 1-3" dt="text" by="1035"/>
<httpSample t="4" lt="4" ts="1282654385201" s="false" lb="/iceweb/img/east-mini.png" rc="404" rm="/iceweb/img/east-mini.png" tn="Grupo de Hilos 1-2" dt="text" by="1035"/>
<httpSample t="11" lt="11" ts="1282654385204" s="false" lb="/iceweb/img/south-mini.png" rc="404" rm="/iceweb/img/south-mini.png" tn="Grupo de Hilos 1-3" dt="text" by="1038"/>
<httpSample t="16" lt="16" ts="1282654385202" s="false" lb="/iceweb/img/east-mini.png" rc="404" rm="/iceweb/img/east-mini.png" tn="Grupo de Hilos 1-1" dt="text" by="1035"/>
<httpSample t="5" lt="5" ts="1282654385217" s="false" lb="/iceweb/img/zoom-plus-mini.png" rc="404" rm="/iceweb/img/zoom-plus-mini.png" tn="Grupo de Hilos 1-3" dt="text" by="1050"/>
<httpSample t="16" lt="16" ts="1282654385208" s="false" lb="/iceweb/img/south-mini.png" rc="404" rm="/iceweb/img/south-mini.png" tn="Grupo de Hilos 1-2" dt="text" by="1038"/>
<httpSample t="5" lt="5" ts="1282654385221" s="false" lb="/iceweb/img/south-mini.png" rc="404" rm="/iceweb/img/south-mini.png" tn="Grupo de Hilos 1-1" dt="text" by="1038"/>
<httpSample t="4" lt="4" ts="1282654385226" s="false" lb="/iceweb/img/zoom-plus-mini.png" rc="404" rm="/iceweb/img/zoom-plus-mini.png" tn="Grupo de Hilos 1-2" dt="text" by="1050"/>
<httpSample t="7" lt="7" ts="1282654385225" s="false" lb="/iceweb/img/zoom-world-mini.png" rc="404" rm="/iceweb/img/zoom-world-mini.png" tn="Grupo de Hilos 1-3" dt="text" by="1053"/>
<httpSample t="5" lt="5" ts="1282654385231" s="false" lb="/iceweb/img/zoom-world-mini.png" rc="404" rm="/iceweb/img/zoom-world-mini.png" tn="Grupo de Hilos 1-2" dt="text" by="1053"/>
<httpSample t="13" lt="13" ts="1282654385228" s="false" lb="/iceweb/img/zoom-plus-mini.png" rc="404" rm="/iceweb/img/zoom-plus-mini.png" tn="Grupo de Hilos 1-1" dt="text" by="1050"/>
<httpSample t="3" lt="3" ts="1282654385242" s="false" lb="/iceweb/img/zoom-world-mini.png" rc="404" rm="/iceweb/img/zoom-world-mini.png" tn="Grupo de Hilos 1-1" dt="text" by="1053"/>
<httpSample t="16" lt="16" ts="1282654385233" s="false" lb="/iceweb/img/west-mini.png" rc="404" rm="/iceweb/img/west-mini.png" tn="Grupo de Hilos 1-3" dt="text" by="1035"/>
<httpSample t="10" lt="10" ts="1282654385239" s="false" lb="/iceweb/img/west-mini.png" rc="404" rm="/iceweb/img/west-mini.png" tn="Grupo de Hilos 1-2" dt="text" by="1035"/>
<httpSample t="3" lt="3" ts="1282654385248" s="false" lb="/iceweb/img/west-mini.png" rc="404" rm="/iceweb/img/west-mini.png" tn="Grupo de Hilos 1-1" dt="text" by="1035"/>
<httpSample t="8" lt="8" ts="1282654385251" s="false" lb="/iceweb/img/zoom-minus-mini.png" rc="404" rm="/iceweb/img/zoom-minus-mini.png" tn="Grupo de Hilos 1-3" dt="text" by="1053"/>
<httpSample t="3" lt="3" ts="1282654385256" s="false" lb="/iceweb/img/zoom-minus-mini.png" rc="404" rm="/iceweb/img/zoom-minus-mini.png" tn="Grupo de Hilos 1-1" dt="text" by="1053"/>
<httpSample t="6" lt="6" ts="1282654385255" s="false" lb="/iceweb/img/zoom-minus-mini.png" rc="404" rm="/iceweb/img/zoom-minus-mini.png" tn="Grupo de Hilos 1-2" dt="text" by="1053"/>
<httpSample t="4" lt="4" ts="1282654385263" s="false" lb="/iceweb/img/layer-switcher-minimize.png" rc="404" rm="/iceweb/img/layer-switcher-minimize.png" tn="Grupo de Hilos 1-1" dt="text" by="1077"/>
<httpSample t="9" lt="9" ts="1282654385261" s="false" lb="/iceweb/img/layer-switcher-minimize.png" rc="404" rm="/iceweb/img/layer-switcher-minimize.png" tn="Grupo de Hilos 1-3" dt="text" by="1077"/>
<httpSample t="7" lt="7" ts="1282654385265" s="false" lb="/iceweb/img/layer-switcher-minimize.png" rc="404" rm="/iceweb/img/layer-switcher-minimize.png" tn="Grupo de Hilos 1-2" dt="text" by="1077"/>
<httpSample t="5" lt="5" ts="1282654385270" s="false" lb="/iceweb/img/layer-switcher-maximize.png" rc="404" rm="/iceweb/img/layer-switcher-maximize.png" tn="Grupo de Hilos 1-1" dt="text" by="1077"/>
<httpSample t="7" lt="7" ts="1282654385273" s="false" lb="/iceweb/img/layer-switcher-maximize.png" rc="404" rm="/iceweb/img/layer-switcher-maximize.png" tn="Grupo de Hilos 1-2" dt="text" by="1077"/>
<httpSample t="12" lt="12" ts="1282654385271" s="false" lb="/iceweb/img/layer-switcher-maximize.png" rc="404" rm="/iceweb/img/layer-switcher-maximize.png" tn="Grupo de Hilos 1-3" dt="text" by="1077"/>
<httpSample t="43" lt="43" ts="1282654385277" s="true" lb="/iceweb/restful/Centro/findPagedByVentanaAndFilter" rc="200" rm="OK" tn="Grupo de Hilos 1-1" dt="text" by="11479"/>
<httpSample t="43" lt="43" ts="1282654385285" s="true" lb="/iceweb/restful/Centro/findPagedByVentanaAndFilter" rc="200" rm="OK" tn="Grupo de Hilos 1-3" dt="text" by="11479"/>
<httpSample t="56" lt="56" ts="1282654385282" s="true" lb="/iceweb/restful/Centro/findPagedByVentanaAndFilter" rc="200" rm="OK" tn="Grupo de Hilos 1-2" dt="text" by="11479"/>
<httpSample t="99" lt="79" ts="1282654385322" s="true" lb="/iceweb/restful/Centro/findMarcasCuadriculaByFilter" rc="200" rm="OK" tn="Grupo de Hilos 1-1" dt="text" by="64084"/>
<httpSample t="21001" lt="0" ts="1282654364446" s="false" lb="/intl/es_ALL/mapfiles/260d/maps2.api/mod_stats.js" rc="Non HTTP response code: java.net.ConnectException" rm="Non HTTP response message: Connection timed out" tn="Grupo de Hilos 1-5" dt="text" by="1537"/>
<httpSample t="3" lt="3" ts="1282654385448" s="false" lb="/iceweb/styles/img/south-mini.png" rc="404" rm="/iceweb/styles/img/south-mini.png" tn="Grupo de Hilos 1-5" dt="text" by="1059"/>
<httpSample t="160" lt="151" ts="1282654385340" s="true" lb="/iceweb/restful/Centro/findMarcasCuadriculaByFilter" rc="200" rm="OK" tn="Grupo de Hilos 1-2" dt="text" by="64084"/>
<httpSample t="114" lt="114" ts="1282654385452" s="false" lb="/iceweb/style.css" rc="404" rm="/iceweb/style.css" tn="Grupo de Hilos 1-5" dt="text" by="1011"/>
<httpSample t="249" lt="236" ts="1282654385330" s="true" lb="/iceweb/restful/Centro/findMarcasCuadriculaByFilter" rc="200" rm="OK" tn="Grupo de Hilos 1-3" dt="text" by="64084"/>
<httpSample t="21001" lt="0" ts="1282654364589" s="false" lb="/intl/es_ALL/mapfiles/260d/maps2.api/mod_stats.js" rc="Non HTTP response code: java.net.ConnectException" rm="Non HTTP response message: Connection timed out" tn="Grupo de Hilos 1-4" dt="text" by="1537"/>
<httpSample t="94" lt="94" ts="1282654385568" s="false" lb="/iceweb/img/north-mini.png" rc="404" rm="/iceweb/img/north-mini.png" tn="Grupo de Hilos 1-5" dt="text" by="1038"/>
<httpSample t="80" lt="80" ts="1282654385591" s="false" lb="/iceweb/styles/img/south-mini.png" rc="404" rm="/iceweb/styles/img/south-mini.png" tn="Grupo de Hilos 1-4" dt="text" by="1059"/>
<httpSample t="252" lt="240" ts="1282654385423" s="true" lb="/iceweb/restful/Centro/findMarcasCuadriculaByFilter" rc="200" rm="OK" tn="Grupo de Hilos 1-1" dt="text" by="86966"/>
<httpSample t="103" lt="103" ts="1282654385664" s="false" lb="/iceweb/img/east-mini.png" rc="404" rm="/iceweb/img/east-mini.png" tn="Grupo de Hilos 1-5" dt="text" by="1035"/>
<httpSample t="99" lt="99" ts="1282654385673" s="false" lb="/iceweb/style.css" rc="404" rm="/iceweb/style.css" tn="Grupo de Hilos 1-4" dt="text" by="1011"/>
<httpSample t="275" lt="267" ts="1282654385501" s="true" lb="/iceweb/restful/Centro/findMarcasCuadriculaByFilter" rc="200" rm="OK" tn="Grupo de Hilos 1-2" dt="text" by="86966"/>
<httpSample t="75" lt="75" ts="1282654385773" s="false" lb="/iceweb/img/north-mini.png" rc="404" rm="/iceweb/img/north-mini.png" tn="Grupo de Hilos 1-4" dt="text" by="1038"/>
<httpSample t="270" lt="263" ts="1282654385580" s="true" lb="/iceweb/restful/Centro/findMarcasCuadriculaByFilter" rc="200" rm="OK" tn="Grupo de Hilos 1-3" dt="text" by="86966"/>
<httpSample t="9" lt="9" ts="1282654385850" s="false" lb="/iceweb/img/east-mini.png" rc="404" rm="/iceweb/img/east-mini.png" tn="Grupo de Hilos 1-4" dt="text" by="1035"/>
<httpSample t="91" lt="91" ts="1282654385769" s="false" lb="/iceweb/img/south-mini.png" rc="404" rm="/iceweb/img/south-mini.png" tn="Grupo de Hilos 1-5" dt="text" by="1038"/>
<httpSample t="3" lt="3" ts="1282654385866" s="false" lb="/iceweb/img/zoom-plus-mini.png" rc="404" rm="/iceweb/img/zoom-plus-mini.png" tn="Grupo de Hilos 1-5" dt="text" by="1050"/>
<httpSample t="12" lt="12" ts="1282654385864" s="false" lb="/iceweb/img/south-mini.png" rc="404" rm="/iceweb/img/south-mini.png" tn="Grupo de Hilos 1-4" dt="text" by="1038"/>
<httpSample t="102" lt="102" ts="1282654385777" s="true" lb="/iceweb/restful/Centro/findPagedByVentanaAndFilter" rc="200" rm="OK" tn="Grupo de Hilos 1-2" dt="text" by="12174"/>
<httpSample t="5" lt="5" ts="1282654385878" s="false" lb="/iceweb/img/zoom-plus-mini.png" rc="404" rm="/iceweb/img/zoom-plus-mini.png" tn="Grupo de Hilos 1-4" dt="text" by="1050"/>
<httpSample t="9" lt="9" ts="1282654385884" s="false" lb="/iceweb/img/zoom-world-mini.png" rc="404" rm="/iceweb/img/zoom-world-mini.png" tn="Grupo de Hilos 1-4" dt="text" by="1053"/>
<httpSample t="44" lt="44" ts="1282654385852" s="true" lb="/iceweb/restful/Centro/findPagedByVentanaAndFilter" rc="200" rm="OK" tn="Grupo de Hilos 1-3" dt="text" by="12174"/>
<httpSample t="232" lt="232" ts="1282654385679" s="true" lb="/iceweb/restful/Centro/findPagedByVentanaAndFilter" rc="200" rm="OK" tn="Grupo de Hilos 1-1" dt="text" by="12174"/>
<httpSample t="19" lt="19" ts="1282654385894" s="false" lb="/iceweb/img/west-mini.png" rc="404" rm="/iceweb/img/west-mini.png" tn="Grupo de Hilos 1-4" dt="text" by="1035"/>
<httpSample t="12" lt="12" ts="1282654385915" s="false" lb="/iceweb/img/zoom-minus-mini.png" rc="404" rm="/iceweb/img/zoom-minus-mini.png" tn="Grupo de Hilos 1-4" dt="text" by="1053"/>
<httpSample t="4" lt="4" ts="1282654385928" s="false" lb="/iceweb/img/layer-switcher-minimize.png" rc="404" rm="/iceweb/img/layer-switcher-minimize.png" tn="Grupo de Hilos 1-4" dt="text" by="1077"/>
<httpSample t="32" lt="32" ts="1282654385913" s="true" lb="/iceweb/restful/Centro/findPagedByVentanaAndFilter" rc="200" rm="OK" tn="Grupo de Hilos 1-1" dt="text" by="11851"/>
<httpSample t="69" lt="69" ts="1282654385881" s="true" lb="/iceweb/restful/Centro/findPagedByVentanaAndFilter" rc="200" rm="OK" tn="Grupo de Hilos 1-2" dt="text" by="11851"/>
<httpSample t="19" lt="19" ts="1282654385933" s="false" lb="/iceweb/img/layer-switcher-maximize.png" rc="404" rm="/iceweb/img/layer-switcher-maximize.png" tn="Grupo de Hilos 1-4" dt="text" by="1077"/>
<httpSample t="77" lt="77" ts="1282654385873" s="false" lb="/iceweb/img/zoom-world-mini.png" rc="404" rm="/iceweb/img/zoom-world-mini.png" tn="Grupo de Hilos 1-5" dt="text" by="1053"/>
<httpSample t="60" lt="59" ts="1282654385897" s="true" lb="/iceweb/restful/Centro/findPagedByVentanaAndFilter" rc="200" rm="OK" tn="Grupo de Hilos 1-3" dt="text" by="11851"/>
<httpSample t="17" lt="17" ts="1282654385956" s="false" lb="/iceweb/img/west-mini.png" rc="404" rm="/iceweb/img/west-mini.png" tn="Grupo de Hilos 1-5" dt="text" by="1035"/>
<httpSample t="14" lt="14" ts="1282654385975" s="false" lb="/iceweb/img/zoom-minus-mini.png" rc="404" rm="/iceweb/img/zoom-minus-mini.png" tn="Grupo de Hilos 1-5" dt="text" by="1053"/>
<httpSample t="37" lt="36" ts="1282654385954" s="true" lb="/iceweb/restful/Centro/findPagedByVentanaAndFilter" rc="200" rm="OK" tn="Grupo de Hilos 1-4" dt="text" by="11479"/>
<httpSample t="45" lt="45" ts="1282654385952" s="true" lb="/iceweb/restful/Centro/findPagedByVentanaAndFilter" rc="200" rm="OK" tn="Grupo de Hilos 1-2" dt="text" by="13604"/>
<httpSample t="43" lt="43" ts="1282654385993" s="false" lb="/iceweb/img/layer-switcher-minimize.png" rc="404" rm="/iceweb/img/layer-switcher-minimize.png" tn="Grupo de Hilos 1-5" dt="text" by="1077"/>
<httpSample t="90" lt="90" ts="1282654385947" s="true" lb="/iceweb/restful/Centro/findPagedByVentanaAndFilter" rc="200" rm="OK" tn="Grupo de Hilos 1-1" dt="text" by="13604"/>
<httpSample t="79" lt="79" ts="1282654385958" s="true" lb="/iceweb/restful/Centro/findPagedByVentanaAndFilter" rc="200" rm="OK" tn="Grupo de Hilos 1-3" dt="text" by="13604"/>
<httpSample t="88" lt="82" ts="1282654385995" s="true" lb="/iceweb/restful/Centro/findMarcasCuadriculaByFilter" rc="200" rm="OK" tn="Grupo de Hilos 1-4" dt="text" by="64084"/>
<httpSample t="46" lt="46" ts="1282654386039" s="false" lb="/iceweb/img/layer-switcher-maximize.png" rc="404" rm="/iceweb/img/layer-switcher-maximize.png" tn="Grupo de Hilos 1-5" dt="text" by="1077"/>
<httpSample t="104" lt="104" ts="1282654386002" s="true" lb="/iceweb/restful/Centro/findPagedByVentanaAndFilter" rc="200" rm="OK" tn="Grupo de Hilos 1-2" dt="text" by="14056"/>
<httpSample t="80" lt="80" ts="1282654386041" s="true" lb="/iceweb/restful/Centro/findPagedByVentanaAndFilter" rc="200" rm="OK" tn="Grupo de Hilos 1-3" dt="text" by="14056"/>
<httpSample t="95" lt="95" ts="1282654386039" s="true" lb="/iceweb/restful/Centro/findPagedByVentanaAndFilter" rc="200" rm="OK" tn="Grupo de Hilos 1-1" dt="text" by="14056"/>
<httpSample t="54" lt="53" ts="1282654386086" s="true" lb="/iceweb/restful/Centro/findPagedByVentanaAndFilter" rc="200" rm="OK" tn="Grupo de Hilos 1-5" dt="text" by="11479"/>
<httpSample t="163" lt="136" ts="1282654386084" s="true" lb="/iceweb/restful/Centro/findMarcasCuadriculaByFilter" rc="200" rm="OK" tn="Grupo de Hilos 1-4" dt="text" by="86966"/>
<httpSample t="156" lt="150" ts="1282654386142" s="true" lb="/iceweb/restful/Centro/findMarcasCuadriculaByFilter" rc="200" rm="OK" tn="Grupo de Hilos 1-5" dt="text" by="64084"/>
<httpSample t="208" lt="208" ts="1282654386110" s="true" lb="/iceweb/centroDetalle" rc="200" rm="OK" tn="Grupo de Hilos 1-2" dt="text" by="4200"/>
<httpSample t="195" lt="195" ts="1282654386136" s="true" lb="/iceweb/centroDetalle" rc="200" rm="OK" tn="Grupo de Hilos 1-1" dt="text" by="4200"/>
<httpSample t="94" lt="93" ts="1282654386249" s="true" lb="/iceweb/restful/Centro/findPagedByVentanaAndFilter" rc="200" rm="OK" tn="Grupo de Hilos 1-4" dt="text" by="12174"/>
<httpSample t="226" lt="226" ts="1282654386122" s="true" lb="/iceweb/centroDetalle" rc="200" rm="OK" tn="Grupo de Hilos 1-3" dt="text" by="4200"/>
<httpSample t="77" lt="77" ts="1282654386344" s="true" lb="/iceweb/restful/Centro/findPagedByVentanaAndFilter" rc="200" rm="OK" tn="Grupo de Hilos 1-4" dt="text" by="11851"/>
<httpSample t="148" lt="137" ts="1282654386300" s="true" lb="/iceweb/restful/Centro/findMarcasCuadriculaByFilter" rc="200" rm="OK" tn="Grupo de Hilos 1-5" dt="text" by="86966"/>
<httpSample t="30" lt="29" ts="1282654386423" s="true" lb="/iceweb/restful/Centro/findPagedByVentanaAndFilter" rc="200" rm="OK" tn="Grupo de Hilos 1-4" dt="text" by="13604"/>
<httpSample t="17" lt="17" ts="1282654386454" s="true" lb="/iceweb/restful/Centro/findPagedByVentanaAndFilter" rc="200" rm="OK" tn="Grupo de Hilos 1-4" dt="text" by="14056"/>
<httpSample t="33" lt="33" ts="1282654386450" s="true" lb="/iceweb/restful/Centro/findPagedByVentanaAndFilter" rc="200" rm="OK" tn="Grupo de Hilos 1-5" dt="text" by="12174"/>
<httpSample t="39" lt="38" ts="1282654386486" s="true" lb="/iceweb/restful/Centro/findPagedByVentanaAndFilter" rc="200" rm="OK" tn="Grupo de Hilos 1-5" dt="text" by="11851"/>
<httpSample t="53" lt="53" ts="1282654386473" s="true" lb="/iceweb/centroDetalle" rc="200" rm="OK" tn="Grupo de Hilos 1-4" dt="text" by="4200"/>
<httpSample t="18" lt="18" ts="1282654386526" s="true" lb="/iceweb/restful/Centro/findPagedByVentanaAndFilter" rc="200" rm="OK" tn="Grupo de Hilos 1-5" dt="text" by="13604"/>
<httpSample t="23" lt="22" ts="1282654386546" s="true" lb="/iceweb/restful/Centro/findPagedByVentanaAndFilter" rc="200" rm="OK" tn="Grupo de Hilos 1-5" dt="text" by="14056"/>
<httpSample t="20" lt="20" ts="1282654386570" s="true" lb="/iceweb/centroDetalle" rc="200" rm="OK" tn="Grupo de Hilos 1-5" dt="text" by="4200"/>
<httpSample t="21025" lt="0" ts="1282654386321" s="false" lb="/maps" rc="Non HTTP response code: java.net.ConnectException" rm="Non HTTP response message: Connection timed out" tn="Grupo de Hilos 1-2" dt="text" by="1537"/>
<httpSample t="21014" lt="0" ts="1282654386333" s="false" lb="/maps" rc="Non HTTP response code: java.net.ConnectException" rm="Non HTTP response message: Connection timed out" tn="Grupo de Hilos 1-1" dt="text" by="1537"/>
<httpSample t="21000" lt="0" ts="1282654386350" s="false" lb="/maps" rc="Non HTTP response code: java.net.ConnectException" rm="Non HTTP response message: Connection timed out" tn="Grupo de Hilos 1-3" dt="text" by="1537"/>
<httpSample t="18" lt="18" ts="1282654407348" s="true" lb="/iceweb/restful/Centro/46006574" rc="200" rm="OK" tn="Grupo de Hilos 1-2" dt="text" by="786"/>
<httpSample t="18" lt="18" ts="1282654407352" s="true" lb="/iceweb/restful/Centro/46006574" rc="200" rm="OK" tn="Grupo de Hilos 1-3" dt="text" by="786"/>
<httpSample t="19" lt="17" ts="1282654407349" s="true" lb="/iceweb/restful/Centro/46006574" rc="200" rm="OK" tn="Grupo de Hilos 1-1" dt="text" by="786"/>
<httpSample t="20999" lt="0" ts="1282654386527" s="false" lb="/maps" rc="Non HTTP response code: java.net.ConnectException" rm="Non HTTP response message: Connection timed out" tn="Grupo de Hilos 1-4" dt="text" by="1537"/>
<httpSample t="10" lt="10" ts="1282654407528" s="true" lb="/iceweb/restful/Centro/46006574" rc="200" rm="OK" tn="Grupo de Hilos 1-4" dt="text" by="786"/>
<httpSample t="20999" lt="0" ts="1282654386591" s="false" lb="/maps" rc="Non HTTP response code: java.net.ConnectException" rm="Non HTTP response message: Connection timed out" tn="Grupo de Hilos 1-5" dt="text" by="1537"/>
<httpSample t="9" lt="9" ts="1282654407592" s="true" lb="/iceweb/restful/Centro/46006574" rc="200" rm="OK" tn="Grupo de Hilos 1-5" dt="text" by="786"/>
<httpSample t="20997" lt="0" ts="1282654407369" s="false" lb="/maps" rc="Non HTTP response code: java.net.ConnectException" rm="Non HTTP response message: Connection timed out" tn="Grupo de Hilos 1-2" dt="text" by="1537"/>
<httpSample t="20999" lt="0" ts="1282654407371" s="false" lb="/maps" rc="Non HTTP response code: java.net.ConnectException" rm="Non HTTP response message: Connection timed out" tn="Grupo de Hilos 1-3" dt="text" by="1537"/>
<httpSample t="20998" lt="0" ts="1282654407373" s="false" lb="/maps" rc="Non HTTP response code: java.net.ConnectException" rm="Non HTTP response message: Connection timed out" tn="Grupo de Hilos 1-1" dt="text" by="1537"/>
<httpSample t="132" lt="58" ts="1282654428367" s="true" lb="/iceweb/centroLista" rc="200" rm="OK" tn="Grupo de Hilos 1-2" dt="text" by="653259"/>
<httpSample t="21027" lt="0" ts="1282654407540" s="false" lb="/maps" rc="Non HTTP response code: java.net.ConnectException" rm="Non HTTP response message: Connection timed out" tn="Grupo de Hilos 1-4" dt="text" by="1537"/>
<httpSample t="206" lt="72" ts="1282654428371" s="true" lb="/iceweb/centroLista" rc="200" rm="OK" tn="Grupo de Hilos 1-3" dt="text" by="653259"/>
<httpSample t="209" lt="59" ts="1282654428372" s="true" lb="/iceweb/centroLista" rc="200" rm="OK" tn="Grupo de Hilos 1-1" dt="text" by="653259"/>
<httpSample t="21003" lt="0" ts="1282654407603" s="false" lb="/maps" rc="Non HTTP response code: java.net.ConnectException" rm="Non HTTP response message: Connection timed out" tn="Grupo de Hilos 1-5" dt="text" by="1537"/>
<httpSample t="142" lt="136" ts="1282654428501" s="true" lb="/iceweb/restful/Centro/findMarcasCuadriculaByFilter" rc="200" rm="OK" tn="Grupo de Hilos 1-2" dt="text" by="65601"/>
<httpSample t="113" lt="108" ts="1282654428580" s="true" lb="/iceweb/restful/Centro/findMarcasCuadriculaByFilter" rc="200" rm="OK" tn="Grupo de Hilos 1-3" dt="text" by="65601"/>
<httpSample t="199" lt="127" ts="1282654428575" s="true" lb="/iceweb/centroLista" rc="200" rm="OK" tn="Grupo de Hilos 1-4" dt="text" by="653259"/>
<httpSample t="237" lt="218" ts="1282654428586" s="true" lb="/iceweb/restful/Centro/findMarcasCuadriculaByFilter" rc="200" rm="OK" tn="Grupo de Hilos 1-1" dt="text" by="65601"/>
<httpSample t="213" lt="0" ts="1282654428644" s="false" lb="/en-US/firefox/headlines.xml" rc="Non HTTP response code: java.net.ConnectException" rm="Non HTTP response message: Connection refused" tn="Grupo de Hilos 1-2" dt="text" by="1535"/>
<httpSample t="96" lt="92" ts="1282654428776" s="true" lb="/iceweb/restful/Centro/findMarcasCuadriculaByFilter" rc="200" rm="OK" tn="Grupo de Hilos 1-4" dt="text" by="65601"/>
<httpSample t="275" lt="224" ts="1282654428607" s="true" lb="/iceweb/centroLista" rc="200" rm="OK" tn="Grupo de Hilos 1-5" dt="text" by="653259"/>
<httpSample t="188" lt="0" ts="1282654428695" s="false" lb="/en-US/firefox/headlines.xml" rc="Non HTTP response code: java.net.ConnectException" rm="Non HTTP response message: Connection refused" tn="Grupo de Hilos 1-3" dt="text" by="1535"/>
<httpSample t="64" lt="59" ts="1282654428886" s="true" lb="/iceweb/restful/Centro/findMarcasCuadriculaByFilter" rc="200" rm="OK" tn="Grupo de Hilos 1-5" dt="text" by="65601"/>
<httpSample t="187" lt="0" ts="1282654428825" s="false" lb="/en-US/firefox/headlines.xml" rc="Non HTTP response code: java.net.ConnectException" rm="Non HTTP response message: Connection refused" tn="Grupo de Hilos 1-1" dt="text" by="1535"/>
<httpSample t="189" lt="0" ts="1282654428858" s="false" lb="/firefox/headlines.xml" rc="Non HTTP response code: java.net.ConnectException" rm="Non HTTP response message: Connection refused" tn="Grupo de Hilos 1-2" dt="text" by="1535"/>
<httpSample t="189" lt="0" ts="1282654428874" s="false" lb="/en-US/firefox/headlines.xml" rc="Non HTTP response code: java.net.ConnectException" rm="Non HTTP response message: Connection refused" tn="Grupo de Hilos 1-4" dt="text" by="1535"/>
<httpSample t="197" lt="0" ts="1282654428885" s="false" lb="/firefox/headlines.xml" rc="Non HTTP response code: java.net.ConnectException" rm="Non HTTP response message: Connection refused" tn="Grupo de Hilos 1-3" dt="text" by="1535"/>
<httpSample t="188" lt="0" ts="1282654428951" s="false" lb="/en-US/firefox/headlines.xml" rc="Non HTTP response code: java.net.ConnectException" rm="Non HTTP response message: Connection refused" tn="Grupo de Hilos 1-5" dt="text" by="1535"/>
<httpSample t="98" lt="0" ts="1282654429049" s="false" lb="/rss/newsonline_world_edition/front_page/rss.xml" rc="Non HTTP response code: java.net.ConnectException" rm="Non HTTP response message: Connection refused" tn="Grupo de Hilos 1-2" dt="text" by="1535"/>
<httpSample t="77" lt="0" ts="1282654429084" s="false" lb="/rss/newsonline_world_edition/front_page/rss.xml" rc="Non HTTP response code: java.net.ConnectException" rm="Non HTTP response message: Connection refused" tn="Grupo de Hilos 1-3" dt="text" by="1535"/>
<httpSample t="192" lt="0" ts="1282654429016" s="false" lb="/firefox/headlines.xml" rc="Non HTTP response code: java.net.ConnectException" rm="Non HTTP response message: Connection refused" tn="Grupo de Hilos 1-1" dt="text" by="1535"/>
<httpSample t="89" lt="0" ts="1282654429149" s="false" lb="/news/rss.xml" rc="Non HTTP response code: java.net.ConnectException" rm="Non HTTP response message: Connection refused" tn="Grupo de Hilos 1-2" dt="text" by="1535"/>
<httpSample t="85" lt="0" ts="1282654429164" s="false" lb="/news/rss.xml" rc="Non HTTP response code: java.net.ConnectException" rm="Non HTTP response message: Connection refused" tn="Grupo de Hilos 1-3" dt="text" by="1535"/>
<httpSample t="192" lt="0" ts="1282654429065" s="false" lb="/firefox/headlines.xml" rc="Non HTTP response code: java.net.ConnectException" rm="Non HTTP response message: Connection refused" tn="Grupo de Hilos 1-4" dt="text" by="1535"/>
<httpSample t="33" lt="2" ts="1282654429239" s="true" lb="/iceweb" rc="200" rm="OK" tn="Grupo de Hilos 1-2" dt="text" by="8397">
  <httpSample t="2" lt="2" ts="1282654429239" s="true" lb="http://localhost:8080/iceweb" rc="302" rm="Movido temporálmente" tn="" dt="" by="0"/>
  <httpSample t="31" lt="31" ts="1282654429241" s="true" lb="http://localhost:8080/iceweb/" rc="200" rm="OK" tn="Grupo de Hilos 1-2" dt="text" by="8397"/>
</httpSample>
<httpSample t="64" lt="0" ts="1282654429210" s="false" lb="/rss/newsonline_world_edition/front_page/rss.xml" rc="Non HTTP response code: java.net.ConnectException" rm="Non HTTP response message: Connection refused" tn="Grupo de Hilos 1-1" dt="text" by="1535"/>
<httpSample t="25" lt="1" ts="1282654429252" s="true" lb="/iceweb" rc="200" rm="OK" tn="Grupo de Hilos 1-3" dt="text" by="8397">
  <httpSample t="1" lt="1" ts="1282654429252" s="true" lb="http://localhost:8080/iceweb" rc="302" rm="Movido temporálmente" tn="" dt="" by="0"/>
  <httpSample t="24" lt="23" ts="1282654429253" s="true" lb="http://localhost:8080/iceweb/" rc="200" rm="OK" tn="Grupo de Hilos 1-3" dt="text" by="8397"/>
</httpSample>
<httpSample t="18" lt="18" ts="1282654429278" s="true" lb="/iceweb/" rc="200" rm="OK" tn="Grupo de Hilos 1-3" dt="text" by="8397"/>
<httpSample t="26" lt="26" ts="1282654429274" s="true" lb="/iceweb/" rc="200" rm="OK" tn="Grupo de Hilos 1-2" dt="text" by="8397"/>
<httpSample t="5" lt="5" ts="1282654429298" s="true" lb="/iceweb/styles/style.css;jsessionid=7C1B32529F00FF74DE79911BBC899F36" rc="200" rm="OK" tn="Grupo de Hilos 1-3" dt="text" by="2588"/>
<httpSample t="5" lt="5" ts="1282654429301" s="true" lb="/iceweb/styles/style.css;jsessionid=7C1B32529F00FF74DE79911BBC899F36" rc="200" rm="OK" tn="Grupo de Hilos 1-2" dt="text" by="2588"/>
<httpSample t="4" lt="4" ts="1282654429304" s="true" lb="/iceweb/js/flexigrid/css/flexigrid/flexigrid.css;jsessionid=7C1B32529F00FF74DE79911BBC899F36" rc="200" rm="OK" tn="Grupo de Hilos 1-3" dt="text" by="13979"/>
<httpSample t="7" lt="7" ts="1282654429308" s="true" lb="/iceweb/js/flexigrid/css/flexigrid/flexigrid.css;jsessionid=7C1B32529F00FF74DE79911BBC899F36" rc="200" rm="OK" tn="Grupo de Hilos 1-2" dt="text" by="13979"/>
<httpSample t="3" lt="3" ts="1282654429316" s="true" lb="/iceweb/js/ajax.js;jsessionid=7C1B32529F00FF74DE79911BBC899F36" rc="200" rm="OK" tn="Grupo de Hilos 1-2" dt="text" by="11865"/>
<httpSample t="64" lt="0" ts="1282654429259" s="false" lb="/rss/newsonline_world_edition/front_page/rss.xml" rc="Non HTTP response code: java.net.ConnectException" rm="Non HTTP response message: Connection refused" tn="Grupo de Hilos 1-4" dt="text" by="1535"/>
<httpSample t="7" lt="7" ts="1282654429320" s="true" lb="/iceweb/js/common.js;jsessionid=7C1B32529F00FF74DE79911BBC899F36" rc="200" rm="OK" tn="Grupo de Hilos 1-2" dt="text" by="1161"/>
<httpSample t="17" lt="17" ts="1282654429312" s="true" lb="/iceweb/js/ajax.js;jsessionid=7C1B32529F00FF74DE79911BBC899F36" rc="200" rm="OK" tn="Grupo de Hilos 1-3" dt="text" by="11865"/>
<httpSample t="191" lt="0" ts="1282654429141" s="false" lb="/firefox/headlines.xml" rc="Non HTTP response code: java.net.ConnectException" rm="Non HTTP response message: Connection refused" tn="Grupo de Hilos 1-5" dt="text" by="1535"/>
<httpSample t="4" lt="4" ts="1282654429330" s="true" lb="/iceweb/js/common.js;jsessionid=7C1B32529F00FF74DE79911BBC899F36" rc="200" rm="OK" tn="Grupo de Hilos 1-3" dt="text" by="1161"/>
<httpSample t="8" lt="7" ts="1282654429328" s="true" lb="/iceweb/js/flexigrid/CentroPagedGrid.js;jsessionid=7C1B32529F00FF74DE79911BBC899F36" rc="200" rm="OK" tn="Grupo de Hilos 1-2" dt="text" by="42362"/>
<httpSample t="3" lt="3" ts="1282654429335" s="true" lb="/iceweb/js/flexigrid/CentroPagedGrid.js;jsessionid=7C1B32529F00FF74DE79911BBC899F36" rc="200" rm="OK" tn="Grupo de Hilos 1-3" dt="text" by="42362"/>
<httpSample t="5" lt="5" ts="1282654429337" s="true" lb="/iceweb/js/jquery-1.4.js;jsessionid=7C1B32529F00FF74DE79911BBC899F36" rc="200" rm="OK" tn="Grupo de Hilos 1-2" dt="text" by="158407"/>
<httpSample t="4" lt="4" ts="1282654429340" s="true" lb="/iceweb/js/jquery-1.4.js;jsessionid=7C1B32529F00FF74DE79911BBC899F36" rc="200" rm="OK" tn="Grupo de Hilos 1-3" dt="text" by="158407"/>
<httpSample t="69" lt="0" ts="1282654429276" s="false" lb="/news/rss.xml" rc="Non HTTP response code: java.net.ConnectException" rm="Non HTTP response message: Connection refused" tn="Grupo de Hilos 1-1" dt="text" by="1535"/>
<httpSample t="4" lt="4" ts="1282654429343" s="true" lb="/iceweb/js/OpenLayersExt.js;jsessionid=7C1B32529F00FF74DE79911BBC899F36" rc="200" rm="OK" tn="Grupo de Hilos 1-2" dt="text" by="12330"/>
<httpSample t="14" lt="13" ts="1282654429347" s="true" lb="/iceweb/js/OpenLayersExt.js;jsessionid=7C1B32529F00FF74DE79911BBC899F36" rc="200" rm="OK" tn="Grupo de Hilos 1-3" dt="text" by="12330"/>
<httpSample t="21" lt="0" ts="1282654429347" s="true" lb="/iceweb" rc="200" rm="OK" tn="Grupo de Hilos 1-1" dt="text" by="8397">
  <httpSample t="0" lt="0" ts="1282654429347" s="true" lb="http://localhost:8080/iceweb" rc="302" rm="Movido temporálmente" tn="" dt="" by="0"/>
  <httpSample t="20" lt="20" ts="1282654429348" s="true" lb="http://localhost:8080/iceweb/" rc="200" rm="OK" tn="Grupo de Hilos 1-1" dt="text" by="8397"/>
</httpSample>
<httpSample t="8" lt="8" ts="1282654429362" s="true" lb="/iceweb/js/json.js;jsessionid=7C1B32529F00FF74DE79911BBC899F36" rc="200" rm="OK" tn="Grupo de Hilos 1-3" dt="text" by="7788"/>
<httpSample t="25" lt="25" ts="1282654429349" s="true" lb="/iceweb/js/json.js;jsessionid=7C1B32529F00FF74DE79911BBC899F36" rc="200" rm="OK" tn="Grupo de Hilos 1-2" dt="text" by="7788"/>
<httpSample t="15" lt="15" ts="1282654429370" s="true" lb="/iceweb/" rc="200" rm="OK" tn="Grupo de Hilos 1-1" dt="text" by="8397"/>
<httpSample t="2" lt="2" ts="1282654429387" s="true" lb="/iceweb/styles/style.css;jsessionid=7C1B32529F00FF74DE79911BBC899F36" rc="200" rm="OK" tn="Grupo de Hilos 1-1" dt="text" by="2588"/>
<httpSample t="68" lt="0" ts="1282654429325" s="false" lb="/news/rss.xml" rc="Non HTTP response code: java.net.ConnectException" rm="Non HTTP response message: Connection refused" tn="Grupo de Hilos 1-4" dt="text" by="1535"/>
<httpSample t="2" lt="2" ts="1282654429391" s="true" lb="/iceweb/js/flexigrid/css/flexigrid/flexigrid.css;jsessionid=7C1B32529F00FF74DE79911BBC899F36" rc="200" rm="OK" tn="Grupo de Hilos 1-1" dt="text" by="13979"/>
<httpSample t="2" lt="2" ts="1282654429396" s="true" lb="/iceweb/js/ajax.js;jsessionid=7C1B32529F00FF74DE79911BBC899F36" rc="200" rm="OK" tn="Grupo de Hilos 1-1" dt="text" by="11865"/>
<httpSample t="4" lt="4" ts="1282654429400" s="true" lb="/iceweb/js/common.js;jsessionid=7C1B32529F00FF74DE79911BBC899F36" rc="200" rm="OK" tn="Grupo de Hilos 1-1" dt="text" by="1161"/>
<httpSample t="73" lt="0" ts="1282654429333" s="false" lb="/rss/newsonline_world_edition/front_page/rss.xml" rc="Non HTTP response code: java.net.ConnectException" rm="Non HTTP response message: Connection refused" tn="Grupo de Hilos 1-5" dt="text" by="1535"/>
<httpSample t="6" lt="6" ts="1282654429410" s="true" lb="/iceweb/js/flexigrid/CentroPagedGrid.js;jsessionid=7C1B32529F00FF74DE79911BBC899F36" rc="200" rm="OK" tn="Grupo de Hilos 1-1" dt="text" by="42362"/>
<httpSample t="4" lt="3" ts="1282654429421" s="true" lb="/iceweb/js/jquery-1.4.js;jsessionid=7C1B32529F00FF74DE79911BBC899F36" rc="200" rm="OK" tn="Grupo de Hilos 1-1" dt="text" by="158407"/>
<httpSample t="2" lt="2" ts="1282654429429" s="true" lb="/iceweb/js/OpenLayersExt.js;jsessionid=7C1B32529F00FF74DE79911BBC899F36" rc="200" rm="OK" tn="Grupo de Hilos 1-1" dt="text" by="12330"/>
<httpSample t="41" lt="1" ts="1282654429394" s="true" lb="/iceweb" rc="200" rm="OK" tn="Grupo de Hilos 1-4" dt="text" by="8397">
  <httpSample t="1" lt="1" ts="1282654429394" s="true" lb="http://localhost:8080/iceweb" rc="302" rm="Movido temporálmente" tn="" dt="" by="0"/>
  <httpSample t="40" lt="40" ts="1282654429395" s="true" lb="http://localhost:8080/iceweb/" rc="200" rm="OK" tn="Grupo de Hilos 1-4" dt="text" by="8397"/>
</httpSample>
<httpSample t="7" lt="7" ts="1282654429435" s="true" lb="/iceweb/js/json.js;jsessionid=7C1B32529F00FF74DE79911BBC899F36" rc="200" rm="OK" tn="Grupo de Hilos 1-1" dt="text" by="7788"/>
<httpSample t="12" lt="12" ts="1282654429437" s="true" lb="/iceweb/" rc="200" rm="OK" tn="Grupo de Hilos 1-4" dt="text" by="8397"/>
<httpSample t="2" lt="2" ts="1282654429451" s="true" lb="/iceweb/styles/style.css;jsessionid=7C1B32529F00FF74DE79911BBC899F36" rc="200" rm="OK" tn="Grupo de Hilos 1-4" dt="text" by="2588"/>
<httpSample t="2" lt="2" ts="1282654429454" s="true" lb="/iceweb/js/flexigrid/css/flexigrid/flexigrid.css;jsessionid=7C1B32529F00FF74DE79911BBC899F36" rc="200" rm="OK" tn="Grupo de Hilos 1-4" dt="text" by="13979"/>
<httpSample t="2" lt="2" ts="1282654429458" s="true" lb="/iceweb/js/ajax.js;jsessionid=7C1B32529F00FF74DE79911BBC899F36" rc="200" rm="OK" tn="Grupo de Hilos 1-4" dt="text" by="11865"/>
<httpSample t="2" lt="2" ts="1282654429462" s="true" lb="/iceweb/js/common.js;jsessionid=7C1B32529F00FF74DE79911BBC899F36" rc="200" rm="OK" tn="Grupo de Hilos 1-4" dt="text" by="1161"/>
<httpSample t="2" lt="2" ts="1282654429465" s="true" lb="/iceweb/js/flexigrid/CentroPagedGrid.js;jsessionid=7C1B32529F00FF74DE79911BBC899F36" rc="200" rm="OK" tn="Grupo de Hilos 1-4" dt="text" by="42362"/>
<httpSample t="3" lt="3" ts="1282654429469" s="true" lb="/iceweb/js/jquery-1.4.js;jsessionid=7C1B32529F00FF74DE79911BBC899F36" rc="200" rm="OK" tn="Grupo de Hilos 1-4" dt="text" by="158407"/>
<httpSample t="2" lt="2" ts="1282654429474" s="true" lb="/iceweb/js/OpenLayersExt.js;jsessionid=7C1B32529F00FF74DE79911BBC899F36" rc="200" rm="OK" tn="Grupo de Hilos 1-4" dt="text" by="12330"/>
<httpSample t="2" lt="2" ts="1282654429478" s="true" lb="/iceweb/js/json.js;jsessionid=7C1B32529F00FF74DE79911BBC899F36" rc="200" rm="OK" tn="Grupo de Hilos 1-4" dt="text" by="7788"/>
<httpSample t="69" lt="0" ts="1282654429412" s="false" lb="/news/rss.xml" rc="Non HTTP response code: java.net.ConnectException" rm="Non HTTP response message: Connection refused" tn="Grupo de Hilos 1-5" dt="text" by="1535"/>
<httpSample t="14" lt="1" ts="1282654429483" s="true" lb="/iceweb" rc="200" rm="OK" tn="Grupo de Hilos 1-5" dt="text" by="8397">
  <httpSample t="1" lt="1" ts="1282654429483" s="true" lb="http://localhost:8080/iceweb" rc="302" rm="Movido temporálmente" tn="" dt="" by="0"/>
  <httpSample t="13" lt="13" ts="1282654429484" s="true" lb="http://localhost:8080/iceweb/" rc="200" rm="OK" tn="Grupo de Hilos 1-5" dt="text" by="8397"/>
</httpSample>
<httpSample t="18" lt="18" ts="1282654429498" s="true" lb="/iceweb/" rc="200" rm="OK" tn="Grupo de Hilos 1-5" dt="text" by="8397"/>
<httpSample t="5" lt="5" ts="1282654429518" s="true" lb="/iceweb/styles/style.css;jsessionid=7C1B32529F00FF74DE79911BBC899F36" rc="200" rm="OK" tn="Grupo de Hilos 1-5" dt="text" by="2588"/>
<httpSample t="2" lt="2" ts="1282654429524" s="true" lb="/iceweb/js/flexigrid/css/flexigrid/flexigrid.css;jsessionid=7C1B32529F00FF74DE79911BBC899F36" rc="200" rm="OK" tn="Grupo de Hilos 1-5" dt="text" by="13979"/>
<httpSample t="2" lt="2" ts="1282654429528" s="true" lb="/iceweb/js/ajax.js;jsessionid=7C1B32529F00FF74DE79911BBC899F36" rc="200" rm="OK" tn="Grupo de Hilos 1-5" dt="text" by="11865"/>
<httpSample t="3" lt="3" ts="1282654429531" s="true" lb="/iceweb/js/common.js;jsessionid=7C1B32529F00FF74DE79911BBC899F36" rc="200" rm="OK" tn="Grupo de Hilos 1-5" dt="text" by="1161"/>
<httpSample t="2" lt="2" ts="1282654429536" s="true" lb="/iceweb/js/flexigrid/CentroPagedGrid.js;jsessionid=7C1B32529F00FF74DE79911BBC899F36" rc="200" rm="OK" tn="Grupo de Hilos 1-5" dt="text" by="42362"/>
<httpSample t="3" lt="3" ts="1282654429539" s="true" lb="/iceweb/js/jquery-1.4.js;jsessionid=7C1B32529F00FF74DE79911BBC899F36" rc="200" rm="OK" tn="Grupo de Hilos 1-5" dt="text" by="158407"/>
<httpSample t="2" lt="2" ts="1282654429544" s="true" lb="/iceweb/js/OpenLayersExt.js;jsessionid=7C1B32529F00FF74DE79911BBC899F36" rc="200" rm="OK" tn="Grupo de Hilos 1-5" dt="text" by="12330"/>
<httpSample t="1" lt="1" ts="1282654429548" s="true" lb="/iceweb/js/json.js;jsessionid=7C1B32529F00FF74DE79911BBC899F36" rc="200" rm="OK" tn="Grupo de Hilos 1-5" dt="text" by="7788"/>
<httpSample t="21010" lt="0" ts="1282654429372" s="false" lb="/maps" rc="Non HTTP response code: java.net.ConnectException" rm="Non HTTP response message: Connection timed out" tn="Grupo de Hilos 1-3" dt="text" by="1537"/>
<httpSample t="21007" lt="0" ts="1282654429375" s="false" lb="/maps" rc="Non HTTP response code: java.net.ConnectException" rm="Non HTTP response message: Connection timed out" tn="Grupo de Hilos 1-2" dt="text" by="1537"/>
<httpSample t="14" lt="7" ts="1282654450384" s="true" lb="/iceweb/js/OpenLayers/OpenLayers.js;jsessionid=7C1B32529F00FF74DE79911BBC899F36" rc="200" rm="OK" tn="Grupo de Hilos 1-2" dt="text" by="711799"/>
<httpSample t="15" lt="7" ts="1282654450384" s="true" lb="/iceweb/js/OpenLayers/OpenLayers.js;jsessionid=7C1B32529F00FF74DE79911BBC899F36" rc="200" rm="OK" tn="Grupo de Hilos 1-3" dt="text" by="711799"/>
<httpSample t="21001" lt="0" ts="1282654429445" s="false" lb="/maps" rc="Non HTTP response code: java.net.ConnectException" rm="Non HTTP response message: Connection timed out" tn="Grupo de Hilos 1-1" dt="text" by="1537"/>
<httpSample t="12" lt="6" ts="1282654450448" s="true" lb="/iceweb/js/OpenLayers/OpenLayers.js;jsessionid=7C1B32529F00FF74DE79911BBC899F36" rc="200" rm="OK" tn="Grupo de Hilos 1-1" dt="text" by="711799"/>
<httpSample t="21000" lt="0" ts="1282654429482" s="false" lb="/maps" rc="Non HTTP response code: java.net.ConnectException" rm="Non HTTP response message: Connection timed out" tn="Grupo de Hilos 1-4" dt="text" by="1537"/>
<httpSample t="10" lt="5" ts="1282654450484" s="true" lb="/iceweb/js/OpenLayers/OpenLayers.js;jsessionid=7C1B32529F00FF74DE79911BBC899F36" rc="200" rm="OK" tn="Grupo de Hilos 1-4" dt="text" by="711799"/>
<httpSample t="20999" lt="0" ts="1282654429551" s="false" lb="/maps" rc="Non HTTP response code: java.net.ConnectException" rm="Non HTTP response message: Connection timed out" tn="Grupo de Hilos 1-5" dt="text" by="1537"/>
<httpSample t="11" lt="5" ts="1282654450552" s="true" lb="/iceweb/js/OpenLayers/OpenLayers.js;jsessionid=7C1B32529F00FF74DE79911BBC899F36" rc="200" rm="OK" tn="Grupo de Hilos 1-5" dt="text" by="711799"/>
<httpSample t="20998" lt="0" ts="1282654450400" s="false" lb="/intl/es_ALL/mapfiles/260d/maps2.api/mod_stats.js" rc="Non HTTP response code: java.net.ConnectException" rm="Non HTTP response message: Connection timed out" tn="Grupo de Hilos 1-3" dt="text" by="1537"/>
<httpSample t="20999" lt="0" ts="1282654450400" s="false" lb="/intl/es_ALL/mapfiles/260d/maps2.api/mod_stats.js" rc="Non HTTP response code: java.net.ConnectException" rm="Non HTTP response message: Connection timed out" tn="Grupo de Hilos 1-2" dt="text" by="1537"/>
<httpSample t="7" lt="7" ts="1282654471400" s="false" lb="/iceweb/styles/img/south-mini.png" rc="404" rm="/iceweb/styles/img/south-mini.png" tn="Grupo de Hilos 1-3" dt="text" by="1059"/>
<httpSample t="7" lt="7" ts="1282654471401" s="false" lb="/iceweb/styles/img/south-mini.png" rc="404" rm="/iceweb/styles/img/south-mini.png" tn="Grupo de Hilos 1-2" dt="text" by="1059"/>
<httpSample t="13" lt="13" ts="1282654471410" s="false" lb="/iceweb/style.css" rc="404" rm="/iceweb/style.css" tn="Grupo de Hilos 1-3" dt="text" by="1011"/>
<httpSample t="3" lt="3" ts="1282654471424" s="false" lb="/iceweb/img/north-mini.png" rc="404" rm="/iceweb/img/north-mini.png" tn="Grupo de Hilos 1-3" dt="text" by="1038"/>
<httpSample t="13" lt="13" ts="1282654471420" s="false" lb="/iceweb/style.css" rc="404" rm="/iceweb/style.css" tn="Grupo de Hilos 1-2" dt="text" by="1011"/>
<httpSample t="3" lt="3" ts="1282654471430" s="false" lb="/iceweb/img/east-mini.png" rc="404" rm="/iceweb/img/east-mini.png" tn="Grupo de Hilos 1-3" dt="text" by="1035"/>
<httpSample t="2" lt="2" ts="1282654471435" s="false" lb="/iceweb/img/north-mini.png" rc="404" rm="/iceweb/img/north-mini.png" tn="Grupo de Hilos 1-2" dt="text" by="1038"/>
<httpSample t="2" lt="2" ts="1282654471440" s="false" lb="/iceweb/img/east-mini.png" rc="404" rm="/iceweb/img/east-mini.png" tn="Grupo de Hilos 1-2" dt="text" by="1035"/>
<httpSample t="11" lt="11" ts="1282654471439" s="false" lb="/iceweb/img/south-mini.png" rc="404" rm="/iceweb/img/south-mini.png" tn="Grupo de Hilos 1-3" dt="text" by="1038"/>
<httpSample t="4" lt="4" ts="1282654471452" s="false" lb="/iceweb/img/south-mini.png" rc="404" rm="/iceweb/img/south-mini.png" tn="Grupo de Hilos 1-2" dt="text" by="1038"/>
<httpSample t="3" lt="3" ts="1282654471453" s="false" lb="/iceweb/img/zoom-plus-mini.png" rc="404" rm="/iceweb/img/zoom-plus-mini.png" tn="Grupo de Hilos 1-3" dt="text" by="1050"/>
<httpSample t="4" lt="4" ts="1282654471459" s="false" lb="/iceweb/img/zoom-plus-mini.png" rc="404" rm="/iceweb/img/zoom-plus-mini.png" tn="Grupo de Hilos 1-2" dt="text" by="1050"/>
<httpSample t="21001" lt="0" ts="1282654450462" s="false" lb="/intl/es_ALL/mapfiles/260d/maps2.api/mod_stats.js" rc="Non HTTP response code: java.net.ConnectException" rm="Non HTTP response message: Connection timed out" tn="Grupo de Hilos 1-1" dt="text" by="1537"/>
<httpSample t="5" lt="5" ts="1282654471467" s="false" lb="/iceweb/img/zoom-world-mini.png" rc="404" rm="/iceweb/img/zoom-world-mini.png" tn="Grupo de Hilos 1-2" dt="text" by="1053"/>
<httpSample t="5" lt="5" ts="1282654471469" s="false" lb="/iceweb/styles/img/south-mini.png" rc="404" rm="/iceweb/styles/img/south-mini.png" tn="Grupo de Hilos 1-1" dt="text" by="1059"/>
<httpSample t="12" lt="12" ts="1282654471461" s="false" lb="/iceweb/img/zoom-world-mini.png" rc="404" rm="/iceweb/img/zoom-world-mini.png" tn="Grupo de Hilos 1-3" dt="text" by="1053"/>
<httpSample t="5" lt="5" ts="1282654471476" s="false" lb="/iceweb/style.css" rc="404" rm="/iceweb/style.css" tn="Grupo de Hilos 1-1" dt="text" by="1011"/>
<httpSample t="2" lt="2" ts="1282654471483" s="false" lb="/iceweb/img/north-mini.png" rc="404" rm="/iceweb/img/north-mini.png" tn="Grupo de Hilos 1-1" dt="text" by="1038"/>
<httpSample t="13" lt="13" ts="1282654471476" s="false" lb="/iceweb/img/west-mini.png" rc="404" rm="/iceweb/img/west-mini.png" tn="Grupo de Hilos 1-2" dt="text" by="1035"/>
<httpSample t="12" lt="12" ts="1282654471479" s="false" lb="/iceweb/img/west-mini.png" rc="404" rm="/iceweb/img/west-mini.png" tn="Grupo de Hilos 1-3" dt="text" by="1035"/>
<httpSample t="20999" lt="0" ts="1282654450496" s="false" lb="/intl/es_ALL/mapfiles/260d/maps2.api/mod_stats.js" rc="Non HTTP response code: java.net.ConnectException" rm="Non HTTP response message: Connection timed out" tn="Grupo de Hilos 1-4" dt="text" by="1537"/>
<httpSample t="8" lt="8" ts="1282654471487" s="false" lb="/iceweb/img/east-mini.png" rc="404" rm="/iceweb/img/east-mini.png" tn="Grupo de Hilos 1-1" dt="text" by="1035"/>
<httpSample t="10" lt="10" ts="1282654471491" s="false" lb="/iceweb/img/zoom-minus-mini.png" rc="404" rm="/iceweb/img/zoom-minus-mini.png" tn="Grupo de Hilos 1-2" dt="text" by="1053"/>
<httpSample t="9" lt="9" ts="1282654471493" s="false" lb="/iceweb/img/zoom-minus-mini.png" rc="404" rm="/iceweb/img/zoom-minus-mini.png" tn="Grupo de Hilos 1-3" dt="text" by="1053"/>
<httpSample t="10" lt="10" ts="1282654471498" s="false" lb="/iceweb/img/south-mini.png" rc="404" rm="/iceweb/img/south-mini.png" tn="Grupo de Hilos 1-1" dt="text" by="1038"/>
<httpSample t="6" lt="6" ts="1282654471505" s="false" lb="/iceweb/img/layer-switcher-minimize.png" rc="404" rm="/iceweb/img/layer-switcher-minimize.png" tn="Grupo de Hilos 1-3" dt="text" by="1077"/>
<httpSample t="21" lt="21" ts="1282654471497" s="false" lb="/iceweb/styles/img/south-mini.png" rc="404" rm="/iceweb/styles/img/south-mini.png" tn="Grupo de Hilos 1-4" dt="text" by="1059"/>
<httpSample t="15" lt="15" ts="1282654471503" s="false" lb="/iceweb/img/layer-switcher-minimize.png" rc="404" rm="/iceweb/img/layer-switcher-minimize.png" tn="Grupo de Hilos 1-2" dt="text" by="1077"/>
<httpSample t="9" lt="9" ts="1282654471510" s="false" lb="/iceweb/img/zoom-plus-mini.png" rc="404" rm="/iceweb/img/zoom-plus-mini.png" tn="Grupo de Hilos 1-1" dt="text" by="1050"/>
<httpSample t="6" lt="6" ts="1282654471519" s="false" lb="/iceweb/style.css" rc="404" rm="/iceweb/style.css" tn="Grupo de Hilos 1-4" dt="text" by="1011"/>
<httpSample t="17" lt="17" ts="1282654471512" s="false" lb="/iceweb/img/layer-switcher-maximize.png" rc="404" rm="/iceweb/img/layer-switcher-maximize.png" tn="Grupo de Hilos 1-3" dt="text" by="1077"/>
<httpSample t="10" lt="9" ts="1282654471524" s="false" lb="/iceweb/img/zoom-world-mini.png" rc="404" rm="/iceweb/img/zoom-world-mini.png" tn="Grupo de Hilos 1-1" dt="text" by="1053"/>
<httpSample t="3" lt="3" ts="1282654471535" s="false" lb="/iceweb/img/west-mini.png" rc="404" rm="/iceweb/img/west-mini.png" tn="Grupo de Hilos 1-1" dt="text" by="1035"/>
<httpSample t="15" lt="15" ts="1282654471527" s="false" lb="/iceweb/img/north-mini.png" rc="404" rm="/iceweb/img/north-mini.png" tn="Grupo de Hilos 1-4" dt="text" by="1038"/>
<httpSample t="23" lt="23" ts="1282654471522" s="false" lb="/iceweb/img/layer-switcher-maximize.png" rc="404" rm="/iceweb/img/layer-switcher-maximize.png" tn="Grupo de Hilos 1-2" dt="text" by="1077"/>
<httpSample t="9" lt="9" ts="1282654471540" s="false" lb="/iceweb/img/zoom-minus-mini.png" rc="404" rm="/iceweb/img/zoom-minus-mini.png" tn="Grupo de Hilos 1-1" dt="text" by="1053"/>
<httpSample t="28" lt="28" ts="1282654471531" s="true" lb="/iceweb/restful/Centro/findPagedByVentanaAndFilter" rc="200" rm="OK" tn="Grupo de Hilos 1-3" dt="text" by="11479"/>
<httpSample t="14" lt="14" ts="1282654471544" s="false" lb="/iceweb/img/east-mini.png" rc="404" rm="/iceweb/img/east-mini.png" tn="Grupo de Hilos 1-4" dt="text" by="1035"/>
<httpSample t="8" lt="8" ts="1282654471551" s="false" lb="/iceweb/img/layer-switcher-minimize.png" rc="404" rm="/iceweb/img/layer-switcher-minimize.png" tn="Grupo de Hilos 1-1" dt="text" by="1077"/>
<httpSample t="20998" lt="0" ts="1282654450569" s="false" lb="/intl/es_ALL/mapfiles/260d/maps2.api/mod_stats.js" rc="Non HTTP response code: java.net.ConnectException" rm="Non HTTP response message: Connection timed out" tn="Grupo de Hilos 1-5" dt="text" by="1537"/>
<httpSample t="7" lt="7" ts="1282654471567" s="false" lb="/iceweb/img/layer-switcher-maximize.png" rc="404" rm="/iceweb/img/layer-switcher-maximize.png" tn="Grupo de Hilos 1-1" dt="text" by="1077"/>
<httpSample t="12" lt="12" ts="1282654471565" s="false" lb="/iceweb/img/south-mini.png" rc="404" rm="/iceweb/img/south-mini.png" tn="Grupo de Hilos 1-4" dt="text" by="1038"/>
<httpSample t="14" lt="14" ts="1282654471568" s="false" lb="/iceweb/styles/img/south-mini.png" rc="404" rm="/iceweb/styles/img/south-mini.png" tn="Grupo de Hilos 1-5" dt="text" by="1059"/>
<httpSample t="42" lt="42" ts="1282654471547" s="true" lb="/iceweb/restful/Centro/findPagedByVentanaAndFilter" rc="200" rm="OK" tn="Grupo de Hilos 1-2" dt="text" by="11479"/>
<httpSample t="10" lt="10" ts="1282654471584" s="false" lb="/iceweb/style.css" rc="404" rm="/iceweb/style.css" tn="Grupo de Hilos 1-5" dt="text" by="1011"/>
<httpSample t="18" lt="18" ts="1282654471579" s="false" lb="/iceweb/img/zoom-plus-mini.png" rc="404" rm="/iceweb/img/zoom-plus-mini.png" tn="Grupo de Hilos 1-4" dt="text" by="1050"/>
<httpSample t="25" lt="25" ts="1282654471595" s="false" lb="/iceweb/img/north-mini.png" rc="404" rm="/iceweb/img/north-mini.png" tn="Grupo de Hilos 1-5" dt="text" by="1038"/>
<httpSample t="24" lt="24" ts="1282654471599" s="false" lb="/iceweb/img/zoom-world-mini.png" rc="404" rm="/iceweb/img/zoom-world-mini.png" tn="Grupo de Hilos 1-4" dt="text" by="1053"/>
<httpSample t="68" lt="68" ts="1282654471625" s="false" lb="/iceweb/img/west-mini.png" rc="404" rm="/iceweb/img/west-mini.png" tn="Grupo de Hilos 1-4" dt="text" by="1035"/>
<httpSample t="104" lt="98" ts="1282654471591" s="true" lb="/iceweb/restful/Centro/findMarcasCuadriculaByFilter" rc="200" rm="OK" tn="Grupo de Hilos 1-2" dt="text" by="64084"/>
<httpSample t="14" lt="14" ts="1282654471695" s="false" lb="/iceweb/img/zoom-minus-mini.png" rc="404" rm="/iceweb/img/zoom-minus-mini.png" tn="Grupo de Hilos 1-4" dt="text" by="1053"/>
<httpSample t="136" lt="136" ts="1282654471575" s="true" lb="/iceweb/restful/Centro/findPagedByVentanaAndFilter" rc="200" rm="OK" tn="Grupo de Hilos 1-1" dt="text" by="11479"/>
<httpSample t="38" lt="38" ts="1282654471714" s="false" lb="/iceweb/img/layer-switcher-minimize.png" rc="404" rm="/iceweb/img/layer-switcher-minimize.png" tn="Grupo de Hilos 1-4" dt="text" by="1077"/>
<httpSample t="134" lt="134" ts="1282654471622" s="false" lb="/iceweb/img/east-mini.png" rc="404" rm="/iceweb/img/east-mini.png" tn="Grupo de Hilos 1-5" dt="text" by="1035"/>
<httpSample t="200" lt="193" ts="1282654471561" s="true" lb="/iceweb/restful/Centro/findMarcasCuadriculaByFilter" rc="200" rm="OK" tn="Grupo de Hilos 1-3" dt="text" by="64084"/>
<httpSample t="6" lt="6" ts="1282654471759" s="false" lb="/iceweb/img/south-mini.png" rc="404" rm="/iceweb/img/south-mini.png" tn="Grupo de Hilos 1-5" dt="text" by="1038"/>
<httpSample t="35" lt="35" ts="1282654471767" s="false" lb="/iceweb/img/zoom-plus-mini.png" rc="404" rm="/iceweb/img/zoom-plus-mini.png" tn="Grupo de Hilos 1-5" dt="text" by="1050"/>
<httpSample t="154" lt="150" ts="1282654471713" s="true" lb="/iceweb/restful/Centro/findMarcasCuadriculaByFilter" rc="200" rm="OK" tn="Grupo de Hilos 1-1" dt="text" by="64084"/>
<httpSample t="161" lt="161" ts="1282654471754" s="false" lb="/iceweb/img/layer-switcher-maximize.png" rc="404" rm="/iceweb/img/layer-switcher-maximize.png" tn="Grupo de Hilos 1-4" dt="text" by="1077"/>
<httpSample t="123" lt="123" ts="1282654471804" s="false" lb="/iceweb/img/zoom-world-mini.png" rc="404" rm="/iceweb/img/zoom-world-mini.png" tn="Grupo de Hilos 1-5" dt="text" by="1053"/>
<httpSample t="237" lt="224" ts="1282654471696" s="true" lb="/iceweb/restful/Centro/findMarcasCuadriculaByFilter" rc="200" rm="OK" tn="Grupo de Hilos 1-2" dt="text" by="86966"/>
<httpSample t="94" lt="94" ts="1282654471929" s="false" lb="/iceweb/img/west-mini.png" rc="404" rm="/iceweb/img/west-mini.png" tn="Grupo de Hilos 1-5" dt="text" by="1035"/>
<httpSample t="273" lt="248" ts="1282654471762" s="true" lb="/iceweb/restful/Centro/findMarcasCuadriculaByFilter" rc="200" rm="OK" tn="Grupo de Hilos 1-3" dt="text" by="86966"/>
<httpSample t="106" lt="105" ts="1282654471935" s="true" lb="/iceweb/restful/Centro/findPagedByVentanaAndFilter" rc="200" rm="OK" tn="Grupo de Hilos 1-2" dt="text" by="12174"/>
<httpSample t="26" lt="26" ts="1282654472026" s="false" lb="/iceweb/img/zoom-minus-mini.png" rc="404" rm="/iceweb/img/zoom-minus-mini.png" tn="Grupo de Hilos 1-5" dt="text" by="1053"/>
<httpSample t="136" lt="136" ts="1282654471925" s="true" lb="/iceweb/restful/Centro/findPagedByVentanaAndFilter" rc="200" rm="OK" tn="Grupo de Hilos 1-4" dt="text" by="11479"/>
<httpSample t="111" lt="111" ts="1282654472042" s="true" lb="/iceweb/restful/Centro/findPagedByVentanaAndFilter" rc="200" rm="OK" tn="Grupo de Hilos 1-2" dt="text" by="11851"/>
<httpSample t="99" lt="99" ts="1282654472054" s="false" lb="/iceweb/img/layer-switcher-minimize.png" rc="404" rm="/iceweb/img/layer-switcher-minimize.png" tn="Grupo de Hilos 1-5" dt="text" by="1077"/>
<httpSample t="290" lt="273" ts="1282654471869" s="true" lb="/iceweb/restful/Centro/findMarcasCuadriculaByFilter" rc="200" rm="OK" tn="Grupo de Hilos 1-1" dt="text" by="86966"/>
<httpSample t="123" lt="123" ts="1282654472037" s="true" lb="/iceweb/restful/Centro/findPagedByVentanaAndFilter" rc="200" rm="OK" tn="Grupo de Hilos 1-3" dt="text" by="12174"/>
<httpSample t="15" lt="15" ts="1282654472155" s="false" lb="/iceweb/img/layer-switcher-maximize.png" rc="404" rm="/iceweb/img/layer-switcher-maximize.png" tn="Grupo de Hilos 1-5" dt="text" by="1077"/>
<httpSample t="92" lt="92" ts="1282654472154" s="true" lb="/iceweb/restful/Centro/findPagedByVentanaAndFilter" rc="200" rm="OK" tn="Grupo de Hilos 1-2" dt="text" by="13604"/>
<httpSample t="94" lt="93" ts="1282654472161" s="true" lb="/iceweb/restful/Centro/findPagedByVentanaAndFilter" rc="200" rm="OK" tn="Grupo de Hilos 1-1" dt="text" by="12174"/>
<httpSample t="109" lt="109" ts="1282654472172" s="true" lb="/iceweb/restful/Centro/findPagedByVentanaAndFilter" rc="200" rm="OK" tn="Grupo de Hilos 1-5" dt="text" by="11479"/>
<httpSample t="134" lt="134" ts="1282654472163" s="true" lb="/iceweb/restful/Centro/findPagedByVentanaAndFilter" rc="200" rm="OK" tn="Grupo de Hilos 1-3" dt="text" by="11851"/>
<httpSample t="64" lt="64" ts="1282654472247" s="true" lb="/iceweb/restful/Centro/findPagedByVentanaAndFilter" rc="200" rm="OK" tn="Grupo de Hilos 1-2" dt="text" by="14056"/>
<httpSample t="65" lt="64" ts="1282654472257" s="true" lb="/iceweb/restful/Centro/findPagedByVentanaAndFilter" rc="200" rm="OK" tn="Grupo de Hilos 1-1" dt="text" by="11851"/>
<httpSample t="276" lt="259" ts="1282654472063" s="true" lb="/iceweb/restful/Centro/findMarcasCuadriculaByFilter" rc="200" rm="OK" tn="Grupo de Hilos 1-4" dt="text" by="64084"/>
<httpSample t="74" lt="74" ts="1282654472299" s="true" lb="/iceweb/restful/Centro/findPagedByVentanaAndFilter" rc="200" rm="OK" tn="Grupo de Hilos 1-3" dt="text" by="13604"/>
<httpSample t="118" lt="118" ts="1282654472323" s="true" lb="/iceweb/restful/Centro/findPagedByVentanaAndFilter" rc="200" rm="OK" tn="Grupo de Hilos 1-1" dt="text" by="13604"/>
<httpSample t="75" lt="75" ts="1282654472376" s="true" lb="/iceweb/restful/Centro/findPagedByVentanaAndFilter" rc="200" rm="OK" tn="Grupo de Hilos 1-3" dt="text" by="14056"/>
<httpSample t="226" lt="215" ts="1282654472283" s="true" lb="/iceweb/restful/Centro/findMarcasCuadriculaByFilter" rc="200" rm="OK" tn="Grupo de Hilos 1-5" dt="text" by="64084"/>
<httpSample t="294" lt="294" ts="1282654472312" s="true" lb="/iceweb/centroDetalle" rc="200" rm="OK" tn="Grupo de Hilos 1-2" dt="text" by="4200"/>
<httpSample t="266" lt="258" ts="1282654472343" s="true" lb="/iceweb/restful/Centro/findMarcasCuadriculaByFilter" rc="200" rm="OK" tn="Grupo de Hilos 1-4" dt="text" by="86966"/>
<httpSample t="179" lt="179" ts="1282654472448" s="true" lb="/iceweb/restful/Centro/findPagedByVentanaAndFilter" rc="200" rm="OK" tn="Grupo de Hilos 1-1" dt="text" by="14056"/>
<httpSample t="185" lt="185" ts="1282654472452" s="true" lb="/iceweb/centroDetalle" rc="200" rm="OK" tn="Grupo de Hilos 1-3" dt="text" by="4200"/>
<httpSample t="228" lt="207" ts="1282654472510" s="true" lb="/iceweb/restful/Centro/findMarcasCuadriculaByFilter" rc="200" rm="OK" tn="Grupo de Hilos 1-5" dt="text" by="86966"/>
<httpSample t="121" lt="121" ts="1282654472620" s="true" lb="/iceweb/restful/Centro/findPagedByVentanaAndFilter" rc="200" rm="OK" tn="Grupo de Hilos 1-4" dt="text" by="12174"/>
<httpSample t="123" lt="123" ts="1282654472629" s="true" lb="/iceweb/centroDetalle" rc="200" rm="OK" tn="Grupo de Hilos 1-1" dt="text" by="4200"/>
<httpSample t="17" lt="17" ts="1282654472742" s="true" lb="/iceweb/restful/Centro/findPagedByVentanaAndFilter" rc="200" rm="OK" tn="Grupo de Hilos 1-4" dt="text" by="11851"/>
<httpSample t="36" lt="36" ts="1282654472740" s="true" lb="/iceweb/restful/Centro/findPagedByVentanaAndFilter" rc="200" rm="OK" tn="Grupo de Hilos 1-5" dt="text" by="12174"/>
<httpSample t="30" lt="30" ts="1282654472761" s="true" lb="/iceweb/restful/Centro/findPagedByVentanaAndFilter" rc="200" rm="OK" tn="Grupo de Hilos 1-4" dt="text" by="13604"/>
<httpSample t="28" lt="28" ts="1282654472778" s="true" lb="/iceweb/restful/Centro/findPagedByVentanaAndFilter" rc="200" rm="OK" tn="Grupo de Hilos 1-5" dt="text" by="11851"/>
<httpSample t="26" lt="25" ts="1282654472793" s="true" lb="/iceweb/restful/Centro/findPagedByVentanaAndFilter" rc="200" rm="OK" tn="Grupo de Hilos 1-4" dt="text" by="14056"/>
<httpSample t="27" lt="27" ts="1282654472808" s="true" lb="/iceweb/restful/Centro/findPagedByVentanaAndFilter" rc="200" rm="OK" tn="Grupo de Hilos 1-5" dt="text" by="13604"/>
<httpSample t="30" lt="30" ts="1282654472820" s="true" lb="/iceweb/centroDetalle" rc="200" rm="OK" tn="Grupo de Hilos 1-4" dt="text" by="4200"/>
<httpSample t="21" lt="21" ts="1282654472837" s="true" lb="/iceweb/restful/Centro/findPagedByVentanaAndFilter" rc="200" rm="OK" tn="Grupo de Hilos 1-5" dt="text" by="14056"/>
<httpSample t="13" lt="13" ts="1282654472860" s="true" lb="/iceweb/centroDetalle" rc="200" rm="OK" tn="Grupo de Hilos 1-5" dt="text" by="4200"/>
<httpSample t="21019" lt="0" ts="1282654472611" s="false" lb="/maps" rc="Non HTTP response code: java.net.ConnectException" rm="Non HTTP response message: Connection timed out" tn="Grupo de Hilos 1-2" dt="text" by="1537"/>
<httpSample t="21000" lt="0" ts="1282654472639" s="false" lb="/maps" rc="Non HTTP response code: java.net.ConnectException" rm="Non HTTP response message: Connection timed out" tn="Grupo de Hilos 1-3" dt="text" by="1537"/>
<httpSample t="16" lt="15" ts="1282654493631" s="true" lb="/iceweb/restful/Centro/46006574" rc="200" rm="OK" tn="Grupo de Hilos 1-2" dt="text" by="786"/>
<httpSample t="12" lt="11" ts="1282654493641" s="true" lb="/iceweb/restful/Centro/46006574" rc="200" rm="OK" tn="Grupo de Hilos 1-3" dt="text" by="786"/>
<httpSample t="20997" lt="0" ts="1282654472753" s="false" lb="/maps" rc="Non HTTP response code: java.net.ConnectException" rm="Non HTTP response message: Connection timed out" tn="Grupo de Hilos 1-1" dt="text" by="1537"/>
<httpSample t="26" lt="26" ts="1282654493752" s="true" lb="/iceweb/restful/Centro/46006574" rc="200" rm="OK" tn="Grupo de Hilos 1-1" dt="text" by="786"/>
<httpSample t="20999" lt="0" ts="1282654472852" s="false" lb="/maps" rc="Non HTTP response code: java.net.ConnectException" rm="Non HTTP response message: Connection timed out" tn="Grupo de Hilos 1-4" dt="text" by="1537"/>
<httpSample t="9" lt="9" ts="1282654493854" s="true" lb="/iceweb/restful/Centro/46006574" rc="200" rm="OK" tn="Grupo de Hilos 1-4" dt="text" by="786"/>
<httpSample t="20999" lt="0" ts="1282654472875" s="false" lb="/maps" rc="Non HTTP response code: java.net.ConnectException" rm="Non HTTP response message: Connection timed out" tn="Grupo de Hilos 1-5" dt="text" by="1537"/>
<httpSample t="10" lt="10" ts="1282654493876" s="true" lb="/iceweb/restful/Centro/46006574" rc="200" rm="OK" tn="Grupo de Hilos 1-5" dt="text" by="786"/>
<httpSample t="20999" lt="0" ts="1282654493651" s="false" lb="/maps" rc="Non HTTP response code: java.net.ConnectException" rm="Non HTTP response message: Connection timed out" tn="Grupo de Hilos 1-2" dt="text" by="1537"/>
<httpSample t="21000" lt="0" ts="1282654493655" s="false" lb="/maps" rc="Non HTTP response code: java.net.ConnectException" rm="Non HTTP response message: Connection timed out" tn="Grupo de Hilos 1-3" dt="text" by="1537"/>
<httpSample t="112" lt="44" ts="1282654514652" s="true" lb="/iceweb/centroLista" rc="200" rm="OK" tn="Grupo de Hilos 1-2" dt="text" by="653259"/>
<httpSample t="114" lt="33" ts="1282654514657" s="true" lb="/iceweb/centroLista" rc="200" rm="OK" tn="Grupo de Hilos 1-3" dt="text" by="653259"/>
<httpSample t="21000" lt="0" ts="1282654493779" s="false" lb="/maps" rc="Non HTTP response code: java.net.ConnectException" rm="Non HTTP response message: Connection timed out" tn="Grupo de Hilos 1-1" dt="text" by="1537"/>
<httpSample t="21001" lt="0" ts="1282654493865" s="false" lb="/maps" rc="Non HTTP response code: java.net.ConnectException" rm="Non HTTP response message: Connection timed out" tn="Grupo de Hilos 1-4" dt="text" by="1537"/>
<httpSample t="109" lt="100" ts="1282654514766" s="true" lb="/iceweb/restful/Centro/findMarcasCuadriculaByFilter" rc="200" rm="OK" tn="Grupo de Hilos 1-2" dt="text" by="65601"/>
<httpSample t="20999" lt="0" ts="1282654493888" s="false" lb="/maps" rc="Non HTTP response code: java.net.ConnectException" rm="Non HTTP response message: Connection timed out" tn="Grupo de Hilos 1-5" dt="text" by="1537"/>
<httpSample t="129" lt="27" ts="1282654514781" s="true" lb="/iceweb/centroLista" rc="200" rm="OK" tn="Grupo de Hilos 1-1" dt="text" by="653259"/>
<httpSample t="174" lt="162" ts="1282654514772" s="true" lb="/iceweb/restful/Centro/findMarcasCuadriculaByFilter" rc="200" rm="OK" tn="Grupo de Hilos 1-3" dt="text" by="65601"/>
<httpSample t="118" lt="113" ts="1282654514912" s="true" lb="/iceweb/restful/Centro/findMarcasCuadriculaByFilter" rc="200" rm="OK" tn="Grupo de Hilos 1-1" dt="text" by="65601"/>
<httpSample t="189" lt="143" ts="1282654514888" s="true" lb="/iceweb/centroLista" rc="200" rm="OK" tn="Grupo de Hilos 1-5" dt="text" by="653259"/>
<httpSample t="212" lt="0" ts="1282654514877" s="false" lb="/en-US/firefox/headlines.xml" rc="Non HTTP response code: java.net.ConnectException" rm="Non HTTP response message: Connection refused" tn="Grupo de Hilos 1-2" dt="text" by="1535"/>
<httpSample t="188" lt="0" ts="1282654514947" s="false" lb="/en-US/firefox/headlines.xml" rc="Non HTTP response code: java.net.ConnectException" rm="Non HTTP response message: Connection refused" tn="Grupo de Hilos 1-3" dt="text" by="1535"/>
<httpSample t="85" lt="78" ts="1282654515079" s="true" lb="/iceweb/restful/Centro/findMarcasCuadriculaByFilter" rc="200" rm="OK" tn="Grupo de Hilos 1-5" dt="text" by="65601"/>
<httpSample t="301" lt="185" ts="1282654514872" s="true" lb="/iceweb/centroLista" rc="200" rm="OK" tn="Grupo de Hilos 1-4" dt="text" by="653259"/>
<httpSample t="190" lt="0" ts="1282654515032" s="false" lb="/en-US/firefox/headlines.xml" rc="Non HTTP response code: java.net.ConnectException" rm="Non HTTP response message: Connection refused" tn="Grupo de Hilos 1-1" dt="text" by="1535"/>
<httpSample t="66" lt="62" ts="1282654515175" s="true" lb="/iceweb/restful/Centro/findMarcasCuadriculaByFilter" rc="200" rm="OK" tn="Grupo de Hilos 1-4" dt="text" by="65601"/>
<httpSample t="187" lt="0" ts="1282654515090" s="false" lb="/firefox/headlines.xml" rc="Non HTTP response code: java.net.ConnectException" rm="Non HTTP response message: Connection refused" tn="Grupo de Hilos 1-2" dt="text" by="1535"/>
<httpSample t="187" lt="0" ts="1282654515137" s="false" lb="/firefox/headlines.xml" rc="Non HTTP response code: java.net.ConnectException" rm="Non HTTP response message: Connection refused" tn="Grupo de Hilos 1-3" dt="text" by="1535"/>
<httpSample t="195" lt="0" ts="1282654515166" s="false" lb="/en-US/firefox/headlines.xml" rc="Non HTTP response code: java.net.ConnectException" rm="Non HTTP response message: Connection refused" tn="Grupo de Hilos 1-5" dt="text" by="1535"/>
<httpSample t="87" lt="0" ts="1282654515279" s="false" lb="/rss/newsonline_world_edition/front_page/rss.xml" rc="Non HTTP response code: java.net.ConnectException" rm="Non HTTP response message: Connection refused" tn="Grupo de Hilos 1-2" dt="text" by="1535"/>
<httpSample t="68" lt="0" ts="1282654515326" s="false" lb="/rss/newsonline_world_edition/front_page/rss.xml" rc="Non HTTP response code: java.net.ConnectException" rm="Non HTTP response message: Connection refused" tn="Grupo de Hilos 1-3" dt="text" by="1535"/>
<httpSample t="192" lt="0" ts="1282654515224" s="false" lb="/firefox/headlines.xml" rc="Non HTTP response code: java.net.ConnectException" rm="Non HTTP response message: Connection refused" tn="Grupo de Hilos 1-1" dt="text" by="1535"/>
<httpSample t="190" lt="0" ts="1282654515243" s="false" lb="/en-US/firefox/headlines.xml" rc="Non HTTP response code: java.net.ConnectException" rm="Non HTTP response message: Connection refused" tn="Grupo de Hilos 1-4" dt="text" by="1535"/>
<httpSample t="94" lt="0" ts="1282654515367" s="false" lb="/news/rss.xml" rc="Non HTTP response code: java.net.ConnectException" rm="Non HTTP response message: Connection refused" tn="Grupo de Hilos 1-2" dt="text" by="1535"/>
<httpSample t="86" lt="0" ts="1282654515395" s="false" lb="/news/rss.xml" rc="Non HTTP response code: java.net.ConnectException" rm="Non HTTP response message: Connection refused" tn="Grupo de Hilos 1-3" dt="text" by="1535"/>
<httpSample t="71" lt="0" ts="1282654515418" s="false" lb="/rss/newsonline_world_edition/front_page/rss.xml" rc="Non HTTP response code: java.net.ConnectException" rm="Non HTTP response message: Connection refused" tn="Grupo de Hilos 1-1" dt="text" by="1535"/>
<httpSample t="67" lt="0" ts="1282654515483" s="true" lb="/iceweb" rc="200" rm="OK" tn="Grupo de Hilos 1-3" dt="text" by="8397">
  <httpSample t="0" lt="0" ts="1282654515483" s="true" lb="http://localhost:8080/iceweb" rc="302" rm="Movido temporálmente" tn="" dt="" by="0"/>
  <httpSample t="67" lt="67" ts="1282654515483" s="true" lb="http://localhost:8080/iceweb/" rc="200" rm="OK" tn="Grupo de Hilos 1-3" dt="text" by="8397"/>
</httpSample>
<httpSample t="87" lt="33" ts="1282654515463" s="true" lb="/iceweb" rc="200" rm="OK" tn="Grupo de Hilos 1-2" dt="text" by="8397">
  <httpSample t="33" lt="33" ts="1282654515463" s="true" lb="http://localhost:8080/iceweb" rc="302" rm="Movido temporálmente" tn="" dt="" by="0"/>
  <httpSample t="54" lt="54" ts="1282654515496" s="true" lb="http://localhost:8080/iceweb/" rc="200" rm="OK" tn="Grupo de Hilos 1-2" dt="text" by="8397"/>
</httpSample>
<httpSample t="191" lt="0" ts="1282654515363" s="false" lb="/firefox/headlines.xml" rc="Non HTTP response code: java.net.ConnectException" rm="Non HTTP response message: Connection refused" tn="Grupo de Hilos 1-5" dt="text" by="1535"/>
<httpSample t="67" lt="0" ts="1282654515490" s="false" lb="/news/rss.xml" rc="Non HTTP response code: java.net.ConnectException" rm="Non HTTP response message: Connection refused" tn="Grupo de Hilos 1-1" dt="text" by="1535"/>
<httpSample t="24" lt="3" ts="1282654515558" s="true" lb="/iceweb" rc="200" rm="OK" tn="Grupo de Hilos 1-1" dt="text" by="8397">
  <httpSample t="3" lt="3" ts="1282654515558" s="true" lb="http://localhost:8080/iceweb" rc="302" rm="Movido temporálmente" tn="" dt="" by="0"/>
  <httpSample t="21" lt="21" ts="1282654515561" s="true" lb="http://localhost:8080/iceweb/" rc="200" rm="OK" tn="Grupo de Hilos 1-1" dt="text" by="8397"/>
</httpSample>
<httpSample t="39" lt="39" ts="1282654515551" s="true" lb="/iceweb/" rc="200" rm="OK" tn="Grupo de Hilos 1-3" dt="text" by="8397"/>
<httpSample t="50" lt="50" ts="1282654515553" s="true" lb="/iceweb/" rc="200" rm="OK" tn="Grupo de Hilos 1-2" dt="text" by="8397"/>
<httpSample t="19" lt="19" ts="1282654515592" s="true" lb="/iceweb/styles/style.css;jsessionid=7C1B32529F00FF74DE79911BBC899F36" rc="200" rm="OK" tn="Grupo de Hilos 1-3" dt="text" by="2588"/>
<httpSample t="36" lt="36" ts="1282654515584" s="true" lb="/iceweb/" rc="200" rm="OK" tn="Grupo de Hilos 1-1" dt="text" by="8397"/>
<httpSample t="65" lt="0" ts="1282654515555" s="false" lb="/rss/newsonline_world_edition/front_page/rss.xml" rc="Non HTTP response code: java.net.ConnectException" rm="Non HTTP response message: Connection refused" tn="Grupo de Hilos 1-5" dt="text" by="1535"/>
<httpSample t="22" lt="22" ts="1282654515605" s="true" lb="/iceweb/styles/style.css;jsessionid=7C1B32529F00FF74DE79911BBC899F36" rc="200" rm="OK" tn="Grupo de Hilos 1-2" dt="text" by="2588"/>
<httpSample t="197" lt="0" ts="1282654515434" s="false" lb="/firefox/headlines.xml" rc="Non HTTP response code: java.net.ConnectException" rm="Non HTTP response message: Connection refused" tn="Grupo de Hilos 1-4" dt="text" by="1535"/>
<httpSample t="12" lt="12" ts="1282654515622" s="true" lb="/iceweb/styles/style.css;jsessionid=7C1B32529F00FF74DE79911BBC899F36" rc="200" rm="OK" tn="Grupo de Hilos 1-1" dt="text" by="2588"/>
<httpSample t="25" lt="25" ts="1282654515612" s="true" lb="/iceweb/js/flexigrid/css/flexigrid/flexigrid.css;jsessionid=7C1B32529F00FF74DE79911BBC899F36" rc="200" rm="OK" tn="Grupo de Hilos 1-3" dt="text" by="13979"/>
<httpSample t="7" lt="7" ts="1282654515635" s="true" lb="/iceweb/js/flexigrid/css/flexigrid/flexigrid.css;jsessionid=7C1B32529F00FF74DE79911BBC899F36" rc="200" rm="OK" tn="Grupo de Hilos 1-1" dt="text" by="13979"/>
<httpSample t="17" lt="17" ts="1282654515629" s="true" lb="/iceweb/js/flexigrid/css/flexigrid/flexigrid.css;jsessionid=7C1B32529F00FF74DE79911BBC899F36" rc="200" rm="OK" tn="Grupo de Hilos 1-2" dt="text" by="13979"/>
<httpSample t="11" lt="11" ts="1282654515639" s="true" lb="/iceweb/js/ajax.js;jsessionid=7C1B32529F00FF74DE79911BBC899F36" rc="200" rm="OK" tn="Grupo de Hilos 1-3" dt="text" by="11865"/>
<httpSample t="11" lt="11" ts="1282654515644" s="true" lb="/iceweb/js/ajax.js;jsessionid=7C1B32529F00FF74DE79911BBC899F36" rc="200" rm="OK" tn="Grupo de Hilos 1-1" dt="text" by="11865"/>
<httpSample t="11" lt="11" ts="1282654515648" s="true" lb="/iceweb/js/ajax.js;jsessionid=7C1B32529F00FF74DE79911BBC899F36" rc="200" rm="OK" tn="Grupo de Hilos 1-2" dt="text" by="11865"/>
<httpSample t="11" lt="11" ts="1282654515652" s="true" lb="/iceweb/js/common.js;jsessionid=7C1B32529F00FF74DE79911BBC899F36" rc="200" rm="OK" tn="Grupo de Hilos 1-3" dt="text" by="1161"/>
<httpSample t="10" lt="10" ts="1282654515657" s="true" lb="/iceweb/js/common.js;jsessionid=7C1B32529F00FF74DE79911BBC899F36" rc="200" rm="OK" tn="Grupo de Hilos 1-1" dt="text" by="1161"/>
<httpSample t="10" lt="10" ts="1282654515661" s="true" lb="/iceweb/js/common.js;jsessionid=7C1B32529F00FF74DE79911BBC899F36" rc="200" rm="OK" tn="Grupo de Hilos 1-2" dt="text" by="1161"/>
<httpSample t="11" lt="10" ts="1282654515665" s="true" lb="/iceweb/js/flexigrid/CentroPagedGrid.js;jsessionid=7C1B32529F00FF74DE79911BBC899F36" rc="200" rm="OK" tn="Grupo de Hilos 1-3" dt="text" by="42362"/>
<httpSample t="12" lt="12" ts="1282654515669" s="true" lb="/iceweb/js/flexigrid/CentroPagedGrid.js;jsessionid=7C1B32529F00FF74DE79911BBC899F36" rc="200" rm="OK" tn="Grupo de Hilos 1-1" dt="text" by="42362"/>
<httpSample t="12" lt="12" ts="1282654515673" s="true" lb="/iceweb/js/flexigrid/CentroPagedGrid.js;jsessionid=7C1B32529F00FF74DE79911BBC899F36" rc="200" rm="OK" tn="Grupo de Hilos 1-2" dt="text" by="42362"/>
<httpSample t="64" lt="0" ts="1282654515624" s="false" lb="/news/rss.xml" rc="Non HTTP response code: java.net.ConnectException" rm="Non HTTP response message: Connection refused" tn="Grupo de Hilos 1-5" dt="text" by="1535"/>
<httpSample t="16" lt="16" ts="1282654515678" s="true" lb="/iceweb/js/jquery-1.4.js;jsessionid=7C1B32529F00FF74DE79911BBC899F36" rc="200" rm="OK" tn="Grupo de Hilos 1-3" dt="text" by="158407"/>
<httpSample t="17" lt="16" ts="1282654515683" s="true" lb="/iceweb/js/jquery-1.4.js;jsessionid=7C1B32529F00FF74DE79911BBC899F36" rc="200" rm="OK" tn="Grupo de Hilos 1-1" dt="text" by="158407"/>
<httpSample t="70" lt="0" ts="1282654515633" s="false" lb="/rss/newsonline_world_edition/front_page/rss.xml" rc="Non HTTP response code: java.net.ConnectException" rm="Non HTTP response message: Connection refused" tn="Grupo de Hilos 1-4" dt="text" by="1535"/>
<httpSample t="25" lt="24" ts="1282654515687" s="true" lb="/iceweb/js/jquery-1.4.js;jsessionid=7C1B32529F00FF74DE79911BBC899F36" rc="200" rm="OK" tn="Grupo de Hilos 1-2" dt="text" by="158407"/>
<httpSample t="17" lt="16" ts="1282654515702" s="true" lb="/iceweb/js/OpenLayersExt.js;jsessionid=7C1B32529F00FF74DE79911BBC899F36" rc="200" rm="OK" tn="Grupo de Hilos 1-1" dt="text" by="12330"/>
<httpSample t="27" lt="27" ts="1282654515696" s="true" lb="/iceweb/js/OpenLayersExt.js;jsessionid=7C1B32529F00FF74DE79911BBC899F36" rc="200" rm="OK" tn="Grupo de Hilos 1-3" dt="text" by="12330"/>
<httpSample t="41" lt="2" ts="1282654515690" s="true" lb="/iceweb" rc="200" rm="OK" tn="Grupo de Hilos 1-5" dt="text" by="8397">
  <httpSample t="2" lt="2" ts="1282654515690" s="true" lb="http://localhost:8080/iceweb" rc="302" rm="Movido temporálmente" tn="" dt="" by="0"/>
  <httpSample t="39" lt="39" ts="1282654515692" s="true" lb="http://localhost:8080/iceweb/" rc="200" rm="OK" tn="Grupo de Hilos 1-5" dt="text" by="8397"/>
</httpSample>
<httpSample t="21" lt="21" ts="1282654515714" s="true" lb="/iceweb/js/OpenLayersExt.js;jsessionid=7C1B32529F00FF74DE79911BBC899F36" rc="200" rm="OK" tn="Grupo de Hilos 1-2" dt="text" by="12330"/>
<httpSample t="19" lt="19" ts="1282654515725" s="true" lb="/iceweb/js/json.js;jsessionid=7C1B32529F00FF74DE79911BBC899F36" rc="200" rm="OK" tn="Grupo de Hilos 1-3" dt="text" by="7788"/>
<httpSample t="28" lt="28" ts="1282654515720" s="true" lb="/iceweb/js/json.js;jsessionid=7C1B32529F00FF74DE79911BBC899F36" rc="200" rm="OK" tn="Grupo de Hilos 1-1" dt="text" by="7788"/>
<httpSample t="17" lt="17" ts="1282654515737" s="true" lb="/iceweb/js/json.js;jsessionid=7C1B32529F00FF74DE79911BBC899F36" rc="200" rm="OK" tn="Grupo de Hilos 1-2" dt="text" by="7788"/>
<httpSample t="29" lt="29" ts="1282654515733" s="true" lb="/iceweb/" rc="200" rm="OK" tn="Grupo de Hilos 1-5" dt="text" by="8397"/>
<httpSample t="3" lt="3" ts="1282654515763" s="true" lb="/iceweb/styles/style.css;jsessionid=7C1B32529F00FF74DE79911BBC899F36" rc="200" rm="OK" tn="Grupo de Hilos 1-5" dt="text" by="2588"/>
<httpSample t="63" lt="0" ts="1282654515705" s="false" lb="/news/rss.xml" rc="Non HTTP response code: java.net.ConnectException" rm="Non HTTP response message: Connection refused" tn="Grupo de Hilos 1-4" dt="text" by="1535"/>
<httpSample t="6" lt="6" ts="1282654515767" s="true" lb="/iceweb/js/flexigrid/css/flexigrid/flexigrid.css;jsessionid=7C1B32529F00FF74DE79911BBC899F36" rc="200" rm="OK" tn="Grupo de Hilos 1-5" dt="text" by="13979"/>
<httpSample t="7" lt="7" ts="1282654515774" s="true" lb="/iceweb/js/ajax.js;jsessionid=7C1B32529F00FF74DE79911BBC899F36" rc="200" rm="OK" tn="Grupo de Hilos 1-5" dt="text" by="11865"/>
<httpSample t="5" lt="5" ts="1282654515783" s="true" lb="/iceweb/js/common.js;jsessionid=7C1B32529F00FF74DE79911BBC899F36" rc="200" rm="OK" tn="Grupo de Hilos 1-5" dt="text" by="1161"/>
<httpSample t="26" lt="1" ts="1282654515770" s="true" lb="/iceweb" rc="200" rm="OK" tn="Grupo de Hilos 1-4" dt="text" by="8397">
  <httpSample t="1" lt="1" ts="1282654515770" s="true" lb="http://localhost:8080/iceweb" rc="302" rm="Movido temporálmente" tn="" dt="" by="0"/>
  <httpSample t="25" lt="25" ts="1282654515771" s="true" lb="http://localhost:8080/iceweb/" rc="200" rm="OK" tn="Grupo de Hilos 1-4" dt="text" by="8397"/>
</httpSample>
<httpSample t="11" lt="11" ts="1282654515790" s="true" lb="/iceweb/js/flexigrid/CentroPagedGrid.js;jsessionid=7C1B32529F00FF74DE79911BBC899F36" rc="200" rm="OK" tn="Grupo de Hilos 1-5" dt="text" by="42362"/>
<httpSample t="6" lt="6" ts="1282654515803" s="true" lb="/iceweb/js/jquery-1.4.js;jsessionid=7C1B32529F00FF74DE79911BBC899F36" rc="200" rm="OK" tn="Grupo de Hilos 1-5" dt="text" by="158407"/>
<httpSample t="5" lt="5" ts="1282654515811" s="true" lb="/iceweb/js/OpenLayersExt.js;jsessionid=7C1B32529F00FF74DE79911BBC899F36" rc="200" rm="OK" tn="Grupo de Hilos 1-5" dt="text" by="12330"/>
<httpSample t="26" lt="26" ts="1282654515798" s="true" lb="/iceweb/" rc="200" rm="OK" tn="Grupo de Hilos 1-4" dt="text" by="8397"/>
<httpSample t="11" lt="11" ts="1282654515817" s="true" lb="/iceweb/js/json.js;jsessionid=7C1B32529F00FF74DE79911BBC899F36" rc="200" rm="OK" tn="Grupo de Hilos 1-5" dt="text" by="7788"/>
<httpSample t="8" lt="7" ts="1282654515825" s="true" lb="/iceweb/styles/style.css;jsessionid=7C1B32529F00FF74DE79911BBC899F36" rc="200" rm="OK" tn="Grupo de Hilos 1-4" dt="text" by="2588"/>
<httpSample t="3" lt="2" ts="1282654515834" s="true" lb="/iceweb/js/flexigrid/css/flexigrid/flexigrid.css;jsessionid=7C1B32529F00FF74DE79911BBC899F36" rc="200" rm="OK" tn="Grupo de Hilos 1-4" dt="text" by="13979"/>
<httpSample t="2" lt="2" ts="1282654515838" s="true" lb="/iceweb/js/ajax.js;jsessionid=7C1B32529F00FF74DE79911BBC899F36" rc="200" rm="OK" tn="Grupo de Hilos 1-4" dt="text" by="11865"/>
<httpSample t="2" lt="2" ts="1282654515841" s="true" lb="/iceweb/js/common.js;jsessionid=7C1B32529F00FF74DE79911BBC899F36" rc="200" rm="OK" tn="Grupo de Hilos 1-4" dt="text" by="1161"/>
<httpSample t="2" lt="2" ts="1282654515845" s="true" lb="/iceweb/js/flexigrid/CentroPagedGrid.js;jsessionid=7C1B32529F00FF74DE79911BBC899F36" rc="200" rm="OK" tn="Grupo de Hilos 1-4" dt="text" by="42362"/>
<httpSample t="3" lt="3" ts="1282654515849" s="true" lb="/iceweb/js/jquery-1.4.js;jsessionid=7C1B32529F00FF74DE79911BBC899F36" rc="200" rm="OK" tn="Grupo de Hilos 1-4" dt="text" by="158407"/>
<httpSample t="2" lt="2" ts="1282654515854" s="true" lb="/iceweb/js/OpenLayersExt.js;jsessionid=7C1B32529F00FF74DE79911BBC899F36" rc="200" rm="OK" tn="Grupo de Hilos 1-4" dt="text" by="12330"/>
<httpSample t="3" lt="3" ts="1282654515857" s="true" lb="/iceweb/js/json.js;jsessionid=7C1B32529F00FF74DE79911BBC899F36" rc="200" rm="OK" tn="Grupo de Hilos 1-4" dt="text" by="7788"/>
<httpSample t="21009" lt="0" ts="1282654515745" s="false" lb="/maps" rc="Non HTTP response code: java.net.ConnectException" rm="Non HTTP response message: Connection timed out" tn="Grupo de Hilos 1-3" dt="text" by="1537"/>
<httpSample t="21006" lt="0" ts="1282654515750" s="false" lb="/maps" rc="Non HTTP response code: java.net.ConnectException" rm="Non HTTP response message: Connection timed out" tn="Grupo de Hilos 1-1" dt="text" by="1537"/>
<httpSample t="20999" lt="0" ts="1282654515756" s="false" lb="/maps" rc="Non HTTP response code: java.net.ConnectException" rm="Non HTTP response message: Connection timed out" tn="Grupo de Hilos 1-2" dt="text" by="1537"/>
<httpSample t="25" lt="18" ts="1282654536760" s="true" lb="/iceweb/js/OpenLayers/OpenLayers.js;jsessionid=7C1B32529F00FF74DE79911BBC899F36" rc="200" rm="OK" tn="Grupo de Hilos 1-1" dt="text" by="711799"/>
<httpSample t="19" lt="4" ts="1282654536768" s="true" lb="/iceweb/js/OpenLayers/OpenLayers.js;jsessionid=7C1B32529F00FF74DE79911BBC899F36" rc="200" rm="OK" tn="Grupo de Hilos 1-2" dt="text" by="711799"/>
<httpSample t="30" lt="4" ts="1282654536760" s="true" lb="/iceweb/js/OpenLayers/OpenLayers.js;jsessionid=7C1B32529F00FF74DE79911BBC899F36" rc="200" rm="OK" tn="Grupo de Hilos 1-3" dt="text" by="711799"/>
<httpSample t="21000" lt="0" ts="1282654515830" s="false" lb="/maps" rc="Non HTTP response code: java.net.ConnectException" rm="Non HTTP response message: Connection timed out" tn="Grupo de Hilos 1-5" dt="text" by="1537"/>
<httpSample t="10" lt="5" ts="1282654536831" s="true" lb="/iceweb/js/OpenLayers/OpenLayers.js;jsessionid=7C1B32529F00FF74DE79911BBC899F36" rc="200" rm="OK" tn="Grupo de Hilos 1-5" dt="text" by="711799"/>
<httpSample t="20997" lt="0" ts="1282654515861" s="false" lb="/maps" rc="Non HTTP response code: java.net.ConnectException" rm="Non HTTP response message: Connection timed out" tn="Grupo de Hilos 1-4" dt="text" by="1537"/>
<httpSample t="9" lt="5" ts="1282654536859" s="true" lb="/iceweb/js/OpenLayers/OpenLayers.js;jsessionid=7C1B32529F00FF74DE79911BBC899F36" rc="200" rm="OK" tn="Grupo de Hilos 1-4" dt="text" by="711799"/>
<httpSample t="21015" lt="0" ts="1282654536787" s="false" lb="/intl/es_ALL/mapfiles/260d/maps2.api/mod_stats.js" rc="Non HTTP response code: java.net.ConnectException" rm="Non HTTP response message: Connection timed out" tn="Grupo de Hilos 1-1" dt="text" by="1537"/>
<httpSample t="21011" lt="0" ts="1282654536792" s="false" lb="/intl/es_ALL/mapfiles/260d/maps2.api/mod_stats.js" rc="Non HTTP response code: java.net.ConnectException" rm="Non HTTP response message: Connection timed out" tn="Grupo de Hilos 1-3" dt="text" by="1537"/>
<httpSample t="21014" lt="0" ts="1282654536788" s="false" lb="/intl/es_ALL/mapfiles/260d/maps2.api/mod_stats.js" rc="Non HTTP response code: java.net.ConnectException" rm="Non HTTP response message: Connection timed out" tn="Grupo de Hilos 1-2" dt="text" by="1537"/>
<httpSample t="6" lt="6" ts="1282654557805" s="false" lb="/iceweb/styles/img/south-mini.png" rc="404" rm="/iceweb/styles/img/south-mini.png" tn="Grupo de Hilos 1-1" dt="text" by="1059"/>
<httpSample t="10" lt="10" ts="1282654557806" s="false" lb="/iceweb/styles/img/south-mini.png" rc="404" rm="/iceweb/styles/img/south-mini.png" tn="Grupo de Hilos 1-2" dt="text" by="1059"/>
<httpSample t="8" lt="8" ts="1282654557808" s="false" lb="/iceweb/styles/img/south-mini.png" rc="404" rm="/iceweb/styles/img/south-mini.png" tn="Grupo de Hilos 1-3" dt="text" by="1059"/>
<httpSample t="5" lt="5" ts="1282654557817" s="false" lb="/iceweb/style.css" rc="404" rm="/iceweb/style.css" tn="Grupo de Hilos 1-2" dt="text" by="1011"/>
<httpSample t="8" lt="8" ts="1282654557815" s="false" lb="/iceweb/style.css" rc="404" rm="/iceweb/style.css" tn="Grupo de Hilos 1-1" dt="text" by="1011"/>
<httpSample t="10" lt="10" ts="1282654557819" s="false" lb="/iceweb/style.css" rc="404" rm="/iceweb/style.css" tn="Grupo de Hilos 1-3" dt="text" by="1011"/>
<httpSample t="4" lt="4" ts="1282654557826" s="false" lb="/iceweb/img/north-mini.png" rc="404" rm="/iceweb/img/north-mini.png" tn="Grupo de Hilos 1-1" dt="text" by="1038"/>
<httpSample t="8" lt="8" ts="1282654557829" s="false" lb="/iceweb/img/north-mini.png" rc="404" rm="/iceweb/img/north-mini.png" tn="Grupo de Hilos 1-2" dt="text" by="1038"/>
<httpSample t="20999" lt="0" ts="1282654536843" s="false" lb="/intl/es_ALL/mapfiles/260d/maps2.api/mod_stats.js" rc="Non HTTP response code: java.net.ConnectException" rm="Non HTTP response message: Connection timed out" tn="Grupo de Hilos 1-5" dt="text" by="1537"/>
<httpSample t="9" lt="9" ts="1282654557831" s="false" lb="/iceweb/img/north-mini.png" rc="404" rm="/iceweb/img/north-mini.png" tn="Grupo de Hilos 1-3" dt="text" by="1038"/>
<httpSample t="12" lt="12" ts="1282654557836" s="false" lb="/iceweb/img/east-mini.png" rc="404" rm="/iceweb/img/east-mini.png" tn="Grupo de Hilos 1-1" dt="text" by="1035"/>
<httpSample t="6" lt="6" ts="1282654557846" s="false" lb="/iceweb/img/east-mini.png" rc="404" rm="/iceweb/img/east-mini.png" tn="Grupo de Hilos 1-3" dt="text" by="1035"/>
<httpSample t="12" lt="12" ts="1282654557844" s="false" lb="/iceweb/styles/img/south-mini.png" rc="404" rm="/iceweb/styles/img/south-mini.png" tn="Grupo de Hilos 1-5" dt="text" by="1059"/>
<httpSample t="11" lt="11" ts="1282654557849" s="false" lb="/iceweb/img/south-mini.png" rc="404" rm="/iceweb/img/south-mini.png" tn="Grupo de Hilos 1-1" dt="text" by="1038"/>
<httpSample t="22" lt="22" ts="1282654557842" s="false" lb="/iceweb/img/east-mini.png" rc="404" rm="/iceweb/img/east-mini.png" tn="Grupo de Hilos 1-2" dt="text" by="1035"/>
<httpSample t="21001" lt="0" ts="1282654536869" s="false" lb="/intl/es_ALL/mapfiles/260d/maps2.api/mod_stats.js" rc="Non HTTP response code: java.net.ConnectException" rm="Non HTTP response message: Connection timed out" tn="Grupo de Hilos 1-4" dt="text" by="1537"/>
<httpSample t="12" lt="12" ts="1282654557858" s="false" lb="/iceweb/style.css" rc="404" rm="/iceweb/style.css" tn="Grupo de Hilos 1-5" dt="text" by="1011"/>
<httpSample t="23" lt="23" ts="1282654557854" s="false" lb="/iceweb/img/south-mini.png" rc="404" rm="/iceweb/img/south-mini.png" tn="Grupo de Hilos 1-3" dt="text" by="1038"/>
<httpSample t="15" lt="15" ts="1282654557866" s="false" lb="/iceweb/img/south-mini.png" rc="404" rm="/iceweb/img/south-mini.png" tn="Grupo de Hilos 1-2" dt="text" by="1038"/>
<httpSample t="23" lt="23" ts="1282654557862" s="false" lb="/iceweb/img/zoom-plus-mini.png" rc="404" rm="/iceweb/img/zoom-plus-mini.png" tn="Grupo de Hilos 1-1" dt="text" by="1050"/>
<httpSample t="11" lt="11" ts="1282654557878" s="false" lb="/iceweb/img/zoom-plus-mini.png" rc="404" rm="/iceweb/img/zoom-plus-mini.png" tn="Grupo de Hilos 1-3" dt="text" by="1050"/>
<httpSample t="20" lt="20" ts="1282654557874" s="false" lb="/iceweb/img/north-mini.png" rc="404" rm="/iceweb/img/north-mini.png" tn="Grupo de Hilos 1-5" dt="text" by="1038"/>
<httpSample t="26" lt="26" ts="1282654557872" s="false" lb="/iceweb/styles/img/south-mini.png" rc="404" rm="/iceweb/styles/img/south-mini.png" tn="Grupo de Hilos 1-4" dt="text" by="1059"/>
<httpSample t="11" lt="11" ts="1282654557891" s="false" lb="/iceweb/img/zoom-world-mini.png" rc="404" rm="/iceweb/img/zoom-world-mini.png" tn="Grupo de Hilos 1-3" dt="text" by="1053"/>
<httpSample t="19" lt="19" ts="1282654557887" s="false" lb="/iceweb/img/zoom-world-mini.png" rc="404" rm="/iceweb/img/zoom-world-mini.png" tn="Grupo de Hilos 1-1" dt="text" by="1053"/>
<httpSample t="28" lt="28" ts="1282654557883" s="false" lb="/iceweb/img/zoom-plus-mini.png" rc="404" rm="/iceweb/img/zoom-plus-mini.png" tn="Grupo de Hilos 1-2" dt="text" by="1050"/>
<httpSample t="11" lt="11" ts="1282654557904" s="false" lb="/iceweb/img/west-mini.png" rc="404" rm="/iceweb/img/west-mini.png" tn="Grupo de Hilos 1-3" dt="text" by="1035"/>
<httpSample t="19" lt="19" ts="1282654557900" s="false" lb="/iceweb/style.css" rc="404" rm="/iceweb/style.css" tn="Grupo de Hilos 1-4" dt="text" by="1011"/>
<httpSample t="27" lt="27" ts="1282654557896" s="false" lb="/iceweb/img/east-mini.png" rc="404" rm="/iceweb/img/east-mini.png" tn="Grupo de Hilos 1-5" dt="text" by="1035"/>
<httpSample t="13" lt="13" ts="1282654557916" s="false" lb="/iceweb/img/zoom-minus-mini.png" rc="404" rm="/iceweb/img/zoom-minus-mini.png" tn="Grupo de Hilos 1-3" dt="text" by="1053"/>
<httpSample t="22" lt="22" ts="1282654557912" s="false" lb="/iceweb/img/zoom-world-mini.png" rc="404" rm="/iceweb/img/zoom-world-mini.png" tn="Grupo de Hilos 1-2" dt="text" by="1053"/>
<httpSample t="30" lt="30" ts="1282654557908" s="false" lb="/iceweb/img/west-mini.png" rc="404" rm="/iceweb/img/west-mini.png" tn="Grupo de Hilos 1-1" dt="text" by="1035"/>
<httpSample t="11" lt="11" ts="1282654557931" s="false" lb="/iceweb/img/layer-switcher-minimize.png" rc="404" rm="/iceweb/img/layer-switcher-minimize.png" tn="Grupo de Hilos 1-3" dt="text" by="1077"/>
<httpSample t="23" lt="23" ts="1282654557925" s="false" lb="/iceweb/img/south-mini.png" rc="404" rm="/iceweb/img/south-mini.png" tn="Grupo de Hilos 1-5" dt="text" by="1038"/>
<httpSample t="32" lt="32" ts="1282654557920" s="false" lb="/iceweb/img/north-mini.png" rc="404" rm="/iceweb/img/north-mini.png" tn="Grupo de Hilos 1-4" dt="text" by="1038"/>
<httpSample t="11" lt="11" ts="1282654557945" s="false" lb="/iceweb/img/layer-switcher-maximize.png" rc="404" rm="/iceweb/img/layer-switcher-maximize.png" tn="Grupo de Hilos 1-3" dt="text" by="1077"/>
<httpSample t="22" lt="22" ts="1282654557939" s="false" lb="/iceweb/img/zoom-minus-mini.png" rc="404" rm="/iceweb/img/zoom-minus-mini.png" tn="Grupo de Hilos 1-1" dt="text" by="1053"/>
<httpSample t="30" lt="30" ts="1282654557935" s="false" lb="/iceweb/img/west-mini.png" rc="404" rm="/iceweb/img/west-mini.png" tn="Grupo de Hilos 1-2" dt="text" by="1035"/>
<httpSample t="7" lt="7" ts="1282654557962" s="false" lb="/iceweb/img/layer-switcher-minimize.png" rc="404" rm="/iceweb/img/layer-switcher-minimize.png" tn="Grupo de Hilos 1-1" dt="text" by="1077"/>
<httpSample t="23" lt="23" ts="1282654557954" s="false" lb="/iceweb/img/east-mini.png" rc="404" rm="/iceweb/img/east-mini.png" tn="Grupo de Hilos 1-4" dt="text" by="1035"/>
<httpSample t="32" lt="32" ts="1282654557949" s="false" lb="/iceweb/img/zoom-plus-mini.png" rc="404" rm="/iceweb/img/zoom-plus-mini.png" tn="Grupo de Hilos 1-5" dt="text" by="1050"/>
<httpSample t="30" lt="29" ts="1282654557970" s="false" lb="/iceweb/img/layer-switcher-maximize.png" rc="404" rm="/iceweb/img/layer-switcher-maximize.png" tn="Grupo de Hilos 1-1" dt="text" by="1077"/>
<httpSample t="21" lt="21" ts="1282654557984" s="false" lb="/iceweb/img/zoom-world-mini.png" rc="404" rm="/iceweb/img/zoom-world-mini.png" tn="Grupo de Hilos 1-5" dt="text" by="1053"/>
<httpSample t="50" lt="50" ts="1282654557966" s="false" lb="/iceweb/img/zoom-minus-mini.png" rc="404" rm="/iceweb/img/zoom-minus-mini.png" tn="Grupo de Hilos 1-2" dt="text" by="1053"/>
<httpSample t="62" lt="62" ts="1282654557958" s="true" lb="/iceweb/restful/Centro/findPagedByVentanaAndFilter" rc="200" rm="OK" tn="Grupo de Hilos 1-3" dt="text" by="11479"/>
<httpSample t="18" lt="18" ts="1282654558007" s="false" lb="/iceweb/img/west-mini.png" rc="404" rm="/iceweb/img/west-mini.png" tn="Grupo de Hilos 1-5" dt="text" by="1035"/>
<httpSample t="50" lt="50" ts="1282654557979" s="false" lb="/iceweb/img/south-mini.png" rc="404" rm="/iceweb/img/south-mini.png" tn="Grupo de Hilos 1-4" dt="text" by="1038"/>
<httpSample t="22" lt="22" ts="1282654558018" s="false" lb="/iceweb/img/layer-switcher-minimize.png" rc="404" rm="/iceweb/img/layer-switcher-minimize.png" tn="Grupo de Hilos 1-2" dt="text" by="1077"/>
<httpSample t="85" lt="79" ts="1282654558022" s="true" lb="/iceweb/restful/Centro/findMarcasCuadriculaByFilter" rc="200" rm="OK" tn="Grupo de Hilos 1-3" dt="text" by="64084"/>
<httpSample t="76" lt="76" ts="1282654558031" s="false" lb="/iceweb/img/zoom-plus-mini.png" rc="404" rm="/iceweb/img/zoom-plus-mini.png" tn="Grupo de Hilos 1-4" dt="text" by="1050"/>
<httpSample t="87" lt="87" ts="1282654558027" s="false" lb="/iceweb/img/zoom-minus-mini.png" rc="404" rm="/iceweb/img/zoom-minus-mini.png" tn="Grupo de Hilos 1-5" dt="text" by="1053"/>
<httpSample t="77" lt="77" ts="1282654558042" s="false" lb="/iceweb/img/layer-switcher-maximize.png" rc="404" rm="/iceweb/img/layer-switcher-maximize.png" tn="Grupo de Hilos 1-2" dt="text" by="1077"/>
<httpSample t="13" lt="13" ts="1282654558115" s="false" lb="/iceweb/img/layer-switcher-minimize.png" rc="404" rm="/iceweb/img/layer-switcher-minimize.png" tn="Grupo de Hilos 1-5" dt="text" by="1077"/>
<httpSample t="27" lt="27" ts="1282654558111" s="false" lb="/iceweb/img/zoom-world-mini.png" rc="404" rm="/iceweb/img/zoom-world-mini.png" tn="Grupo de Hilos 1-4" dt="text" by="1053"/>
<httpSample t="140" lt="140" ts="1282654558002" s="true" lb="/iceweb/restful/Centro/findPagedByVentanaAndFilter" rc="200" rm="OK" tn="Grupo de Hilos 1-1" dt="text" by="11479"/>
<httpSample t="20" lt="20" ts="1282654558139" s="false" lb="/iceweb/img/west-mini.png" rc="404" rm="/iceweb/img/west-mini.png" tn="Grupo de Hilos 1-4" dt="text" by="1035"/>
<httpSample t="120" lt="120" ts="1282654558130" s="false" lb="/iceweb/img/layer-switcher-maximize.png" rc="404" rm="/iceweb/img/layer-switcher-maximize.png" tn="Grupo de Hilos 1-5" dt="text" by="1077"/>
<httpSample t="96" lt="96" ts="1282654558160" s="false" lb="/iceweb/img/zoom-minus-mini.png" rc="404" rm="/iceweb/img/zoom-minus-mini.png" tn="Grupo de Hilos 1-4" dt="text" by="1053"/>
<httpSample t="7" lt="7" ts="1282654558258" s="false" lb="/iceweb/img/layer-switcher-minimize.png" rc="404" rm="/iceweb/img/layer-switcher-minimize.png" tn="Grupo de Hilos 1-4" dt="text" by="1077"/>
<httpSample t="160" lt="133" ts="1282654558109" s="true" lb="/iceweb/restful/Centro/findMarcasCuadriculaByFilter" rc="200" rm="OK" tn="Grupo de Hilos 1-3" dt="text" by="86966"/>
<httpSample t="212" lt="202" ts="1282654558144" s="true" lb="/iceweb/restful/Centro/findMarcasCuadriculaByFilter" rc="200" rm="OK" tn="Grupo de Hilos 1-1" dt="text" by="64084"/>
<httpSample t="100" lt="100" ts="1282654558268" s="false" lb="/iceweb/img/layer-switcher-maximize.png" rc="404" rm="/iceweb/img/layer-switcher-maximize.png" tn="Grupo de Hilos 1-4" dt="text" by="1077"/>
<httpSample t="252" lt="252" ts="1282654558120" s="true" lb="/iceweb/restful/Centro/findPagedByVentanaAndFilter" rc="200" rm="OK" tn="Grupo de Hilos 1-2" dt="text" by="11479"/>
<httpSample t="137" lt="137" ts="1282654558252" s="true" lb="/iceweb/restful/Centro/findPagedByVentanaAndFilter" rc="200" rm="OK" tn="Grupo de Hilos 1-5" dt="text" by="11479"/>
<httpSample t="240" lt="240" ts="1282654558271" s="true" lb="/iceweb/restful/Centro/findPagedByVentanaAndFilter" rc="200" rm="OK" tn="Grupo de Hilos 1-3" dt="text" by="12174"/>
<httpSample t="144" lt="131" ts="1282654558374" s="true" lb="/iceweb/restful/Centro/findMarcasCuadriculaByFilter" rc="200" rm="OK" tn="Grupo de Hilos 1-2" dt="text" by="64084"/>
<httpSample t="302" lt="286" ts="1282654558358" s="true" lb="/iceweb/restful/Centro/findMarcasCuadriculaByFilter" rc="200" rm="OK" tn="Grupo de Hilos 1-1" dt="text" by="86966"/>
<httpSample t="336" lt="330" ts="1282654558391" s="true" lb="/iceweb/restful/Centro/findMarcasCuadriculaByFilter" rc="200" rm="OK" tn="Grupo de Hilos 1-5" dt="text" by="64084"/>
<httpSample t="377" lt="377" ts="1282654558370" s="true" lb="/iceweb/restful/Centro/findPagedByVentanaAndFilter" rc="200" rm="OK" tn="Grupo de Hilos 1-4" dt="text" by="11479"/>
<httpSample t="318" lt="302" ts="1282654558520" s="true" lb="/iceweb/restful/Centro/findMarcasCuadriculaByFilter" rc="200" rm="OK" tn="Grupo de Hilos 1-2" dt="text" by="86966"/>
<httpSample t="404" lt="404" ts="1282654558513" s="true" lb="/iceweb/restful/Centro/findPagedByVentanaAndFilter" rc="200" rm="OK" tn="Grupo de Hilos 1-3" dt="text" by="11851"/>
<httpSample t="198" lt="180" ts="1282654558728" s="true" lb="/iceweb/restful/Centro/findMarcasCuadriculaByFilter" rc="200" rm="OK" tn="Grupo de Hilos 1-5" dt="text" by="86966"/>
<httpSample t="260" lt="250" ts="1282654558749" s="true" lb="/iceweb/restful/Centro/findMarcasCuadriculaByFilter" rc="200" rm="OK" tn="Grupo de Hilos 1-4" dt="text" by="64084"/>
<httpSample t="178" lt="178" ts="1282654558839" s="true" lb="/iceweb/restful/Centro/findPagedByVentanaAndFilter" rc="200" rm="OK" tn="Grupo de Hilos 1-2" dt="text" by="12174"/>
<httpSample t="358" lt="358" ts="1282654558662" s="true" lb="/iceweb/restful/Centro/findPagedByVentanaAndFilter" rc="200" rm="OK" tn="Grupo de Hilos 1-1" dt="text" by="12174"/>
<httpSample t="99" lt="99" ts="1282654558928" s="true" lb="/iceweb/restful/Centro/findPagedByVentanaAndFilter" rc="200" rm="OK" tn="Grupo de Hilos 1-5" dt="text" by="12174"/>
<httpSample t="118" lt="118" ts="1282654558918" s="true" lb="/iceweb/restful/Centro/findPagedByVentanaAndFilter" rc="200" rm="OK" tn="Grupo de Hilos 1-3" dt="text" by="13604"/>
<httpSample t="113" lt="113" ts="1282654559179" s="true" lb="/iceweb/restful/Centro/findPagedByVentanaAndFilter" rc="200" rm="OK" tn="Grupo de Hilos 1-1" dt="text" by="11851"/>
<httpSample t="121" lt="113" ts="1282654559173" s="true" lb="/iceweb/restful/Centro/findMarcasCuadriculaByFilter" rc="200" rm="OK" tn="Grupo de Hilos 1-4" dt="text" by="86966"/>
<httpSample t="119" lt="119" ts="1282654559174" s="true" lb="/iceweb/restful/Centro/findPagedByVentanaAndFilter" rc="200" rm="OK" tn="Grupo de Hilos 1-3" dt="text" by="14056"/>
<httpSample t="126" lt="126" ts="1282654559181" s="true" lb="/iceweb/restful/Centro/findPagedByVentanaAndFilter" rc="200" rm="OK" tn="Grupo de Hilos 1-2" dt="text" by="11851"/>
<httpSample t="167" lt="167" ts="1282654559175" s="true" lb="/iceweb/restful/Centro/findPagedByVentanaAndFilter" rc="200" rm="OK" tn="Grupo de Hilos 1-5" dt="text" by="11851"/>
<httpSample t="63" lt="62" ts="1282654559295" s="true" lb="/iceweb/restful/Centro/findPagedByVentanaAndFilter" rc="200" rm="OK" tn="Grupo de Hilos 1-1" dt="text" by="13604"/>
<httpSample t="63" lt="63" ts="1282654559311" s="true" lb="/iceweb/restful/Centro/findPagedByVentanaAndFilter" rc="200" rm="OK" tn="Grupo de Hilos 1-2" dt="text" by="13604"/>
<httpSample t="72" lt="72" ts="1282654559306" s="true" lb="/iceweb/restful/Centro/findPagedByVentanaAndFilter" rc="200" rm="OK" tn="Grupo de Hilos 1-4" dt="text" by="12174"/>
<httpSample t="100" lt="100" ts="1282654559309" s="true" lb="/iceweb/centroDetalle" rc="200" rm="OK" tn="Grupo de Hilos 1-3" dt="text" by="4200"/>
<httpSample t="60" lt="60" ts="1282654559360" s="true" lb="/iceweb/restful/Centro/findPagedByVentanaAndFilter" rc="200" rm="OK" tn="Grupo de Hilos 1-1" dt="text" by="14056"/>
<httpSample t="43" lt="42" ts="1282654559380" s="true" lb="/iceweb/restful/Centro/findPagedByVentanaAndFilter" rc="200" rm="OK" tn="Grupo de Hilos 1-4" dt="text" by="11851"/>
<httpSample t="52" lt="52" ts="1282654559376" s="true" lb="/iceweb/restful/Centro/findPagedByVentanaAndFilter" rc="200" rm="OK" tn="Grupo de Hilos 1-2" dt="text" by="14056"/>
<httpSample t="108" lt="108" ts="1282654559344" s="true" lb="/iceweb/restful/Centro/findPagedByVentanaAndFilter" rc="200" rm="OK" tn="Grupo de Hilos 1-5" dt="text" by="13604"/>
<httpSample t="43" lt="43" ts="1282654559425" s="true" lb="/iceweb/restful/Centro/findPagedByVentanaAndFilter" rc="200" rm="OK" tn="Grupo de Hilos 1-4" dt="text" by="13604"/>
<httpSample t="56" lt="56" ts="1282654559422" s="true" lb="/iceweb/centroDetalle" rc="200" rm="OK" tn="Grupo de Hilos 1-1" dt="text" by="4200"/>
<httpSample t="39" lt="39" ts="1282654559453" s="true" lb="/iceweb/restful/Centro/findPagedByVentanaAndFilter" rc="200" rm="OK" tn="Grupo de Hilos 1-5" dt="text" by="14056"/>
<httpSample t="76" lt="76" ts="1282654559430" s="true" lb="/iceweb/centroDetalle" rc="200" rm="OK" tn="Grupo de Hilos 1-2" dt="text" by="4200"/>
<httpSample t="44" lt="44" ts="1282654559470" s="true" lb="/iceweb/restful/Centro/findPagedByVentanaAndFilter" rc="200" rm="OK" tn="Grupo de Hilos 1-4" dt="text" by="14056"/>
<httpSample t="30" lt="30" ts="1282654559494" s="true" lb="/iceweb/centroDetalle" rc="200" rm="OK" tn="Grupo de Hilos 1-5" dt="text" by="4200"/>
<httpSample t="22" lt="22" ts="1282654559516" s="true" lb="/iceweb/centroDetalle" rc="200" rm="OK" tn="Grupo de Hilos 1-4" dt="text" by="4200"/>
<httpSample t="21019" lt="0" ts="1282654559411" s="false" lb="/maps" rc="Non HTTP response code: java.net.ConnectException" rm="Non HTTP response message: Connection timed out" tn="Grupo de Hilos 1-3" dt="text" by="1537"/>
<httpSample t="12" lt="12" ts="1282654580432" s="true" lb="/iceweb/restful/Centro/46006574" rc="200" rm="OK" tn="Grupo de Hilos 1-3" dt="text" by="786"/>
<httpSample t="21000" lt="0" ts="1282654559479" s="false" lb="/maps" rc="Non HTTP response code: java.net.ConnectException" rm="Non HTTP response message: Connection timed out" tn="Grupo de Hilos 1-1" dt="text" by="1537"/>
<httpSample t="21" lt="21" ts="1282654580481" s="true" lb="/iceweb/restful/Centro/46006574" rc="200" rm="OK" tn="Grupo de Hilos 1-1" dt="text" by="786"/>
<httpSample t="20999" lt="0" ts="1282654559508" s="false" lb="/maps" rc="Non HTTP response code: java.net.ConnectException" rm="Non HTTP response message: Connection timed out" tn="Grupo de Hilos 1-2" dt="text" by="1537"/>
<httpSample t="7" lt="7" ts="1282654580508" s="true" lb="/iceweb/restful/Centro/46006574" rc="200" rm="OK" tn="Grupo de Hilos 1-2" dt="text" by="786"/>
<httpSample t="20997" lt="0" ts="1282654559525" s="false" lb="/maps" rc="Non HTTP response code: java.net.ConnectException" rm="Non HTTP response message: Connection timed out" tn="Grupo de Hilos 1-5" dt="text" by="1537"/>
<httpSample t="7" lt="7" ts="1282654580523" s="true" lb="/iceweb/restful/Centro/46006574" rc="200" rm="OK" tn="Grupo de Hilos 1-5" dt="text" by="786"/>
<httpSample t="20998" lt="0" ts="1282654559540" s="false" lb="/maps" rc="Non HTTP response code: java.net.ConnectException" rm="Non HTTP response message: Connection timed out" tn="Grupo de Hilos 1-4" dt="text" by="1537"/>
<httpSample t="7" lt="7" ts="1282654580540" s="true" lb="/iceweb/restful/Centro/46006574" rc="200" rm="OK" tn="Grupo de Hilos 1-4" dt="text" by="786"/>
<httpSample t="21000" lt="0" ts="1282654580446" s="false" lb="/maps" rc="Non HTTP response code: java.net.ConnectException" rm="Non HTTP response message: Connection timed out" tn="Grupo de Hilos 1-3" dt="text" by="1537"/>
<httpSample t="20999" lt="0" ts="1282654580504" s="false" lb="/maps" rc="Non HTTP response code: java.net.ConnectException" rm="Non HTTP response message: Connection timed out" tn="Grupo de Hilos 1-1" dt="text" by="1537"/>
<httpSample t="21002" lt="0" ts="1282654580516" s="false" lb="/maps" rc="Non HTTP response code: java.net.ConnectException" rm="Non HTTP response message: Connection timed out" tn="Grupo de Hilos 1-2" dt="text" by="1537"/>
<httpSample t="21002" lt="0" ts="1282654580532" s="false" lb="/maps" rc="Non HTTP response code: java.net.ConnectException" rm="Non HTTP response message: Connection timed out" tn="Grupo de Hilos 1-5" dt="text" by="1537"/>
<httpSample t="21012" lt="0" ts="1282654580549" s="false" lb="/maps" rc="Non HTTP response code: java.net.ConnectException" rm="Non HTTP response message: Connection timed out" tn="Grupo de Hilos 1-4" dt="text" by="1537"/>
<httpSample t="114" lt="19" ts="1282654601448" s="true" lb="/iceweb/centroLista" rc="200" rm="OK" tn="Grupo de Hilos 1-3" dt="text" by="653259"/>
<httpSample t="132" lt="31" ts="1282654601505" s="true" lb="/iceweb/centroLista" rc="200" rm="OK" tn="Grupo de Hilos 1-1" dt="text" by="653259"/>
<httpSample t="135" lt="42" ts="1282654601519" s="true" lb="/iceweb/centroLista" rc="200" rm="OK" tn="Grupo de Hilos 1-2" dt="text" by="653259"/>
<httpSample t="110" lt="105" ts="1282654601570" s="true" lb="/iceweb/restful/Centro/findMarcasCuadriculaByFilter" rc="200" rm="OK" tn="Grupo de Hilos 1-3" dt="text" by="65601"/>
<httpSample t="183" lt="115" ts="1282654601565" s="true" lb="/iceweb/centroLista" rc="200" rm="OK" tn="Grupo de Hilos 1-4" dt="text" by="653259"/>
<httpSample t="173" lt="167" ts="1282654601639" s="true" lb="/iceweb/restful/Centro/findMarcasCuadriculaByFilter" rc="200" rm="OK" tn="Grupo de Hilos 1-1" dt="text" by="65601"/>
<httpSample t="167" lt="149" ts="1282654601655" s="true" lb="/iceweb/restful/Centro/findMarcasCuadriculaByFilter" rc="200" rm="OK" tn="Grupo de Hilos 1-2" dt="text" by="65601"/>
<httpSample t="338" lt="294" ts="1282654601536" s="true" lb="/iceweb/centroLista" rc="200" rm="OK" tn="Grupo de Hilos 1-5" dt="text" by="653259"/>
<httpSample t="139" lt="139" ts="1282654601749" s="true" lb="/iceweb/restful/Centro/findMarcasCuadriculaByFilter" rc="200" rm="OK" tn="Grupo de Hilos 1-4" dt="text" by="65601"/>
<httpSample t="209" lt="0" ts="1282654601682" s="false" lb="/en-US/firefox/headlines.xml" rc="Non HTTP response code: java.net.ConnectException" rm="Non HTTP response message: Connection refused" tn="Grupo de Hilos 1-3" dt="text" by="1535"/>
<httpSample t="69" lt="66" ts="1282654601876" s="true" lb="/iceweb/restful/Centro/findMarcasCuadriculaByFilter" rc="200" rm="OK" tn="Grupo de Hilos 1-5" dt="text" by="65601"/>
<httpSample t="189" lt="0" ts="1282654601814" s="false" lb="/en-US/firefox/headlines.xml" rc="Non HTTP response code: java.net.ConnectException" rm="Non HTTP response message: Connection refused" tn="Grupo de Hilos 1-1" dt="text" by="1535"/>
<httpSample t="201" lt="0" ts="1282654601824" s="false" lb="/en-US/firefox/headlines.xml" rc="Non HTTP response code: java.net.ConnectException" rm="Non HTTP response message: Connection refused" tn="Grupo de Hilos 1-2" dt="text" by="1535"/>
<httpSample t="189" lt="0" ts="1282654601890" s="false" lb="/en-US/firefox/headlines.xml" rc="Non HTTP response code: java.net.ConnectException" rm="Non HTTP response message: Connection refused" tn="Grupo de Hilos 1-4" dt="text" by="1535"/>
<httpSample t="203" lt="0" ts="1282654601893" s="false" lb="/firefox/headlines.xml" rc="Non HTTP response code: java.net.ConnectException" rm="Non HTTP response message: Connection refused" tn="Grupo de Hilos 1-3" dt="text" by="1535"/>
<httpSample t="189" lt="0" ts="1282654601946" s="false" lb="/en-US/firefox/headlines.xml" rc="Non HTTP response code: java.net.ConnectException" rm="Non HTTP response message: Connection refused" tn="Grupo de Hilos 1-5" dt="text" by="1535"/>
<httpSample t="86" lt="0" ts="1282654602098" s="false" lb="/rss/newsonline_world_edition/front_page/rss.xml" rc="Non HTTP response code: java.net.ConnectException" rm="Non HTTP response message: Connection refused" tn="Grupo de Hilos 1-3" dt="text" by="1535"/>
<httpSample t="189" lt="0" ts="1282654602005" s="false" lb="/firefox/headlines.xml" rc="Non HTTP response code: java.net.ConnectException" rm="Non HTTP response message: Connection refused" tn="Grupo de Hilos 1-1" dt="text" by="1535"/>
<httpSample t="192" lt="0" ts="1282654602028" s="false" lb="/firefox/headlines.xml" rc="Non HTTP response code: java.net.ConnectException" rm="Non HTTP response message: Connection refused" tn="Grupo de Hilos 1-2" dt="text" by="1535"/>
<httpSample t="67" lt="0" ts="1282654602196" s="false" lb="/rss/newsonline_world_edition/front_page/rss.xml" rc="Non HTTP response code: java.net.ConnectException" rm="Non HTTP response message: Connection refused" tn="Grupo de Hilos 1-1" dt="text" by="1535"/>
<httpSample t="191" lt="0" ts="1282654602081" s="false" lb="/firefox/headlines.xml" rc="Non HTTP response code: java.net.ConnectException" rm="Non HTTP response message: Connection refused" tn="Grupo de Hilos 1-4" dt="text" by="1535"/>
<httpSample t="101" lt="0" ts="1282654602186" s="false" lb="/news/rss.xml" rc="Non HTTP response code: java.net.ConnectException" rm="Non HTTP response message: Connection refused" tn="Grupo de Hilos 1-3" dt="text" by="1535"/>
<httpSample t="75" lt="0" ts="1282654602223" s="false" lb="/rss/newsonline_world_edition/front_page/rss.xml" rc="Non HTTP response code: java.net.ConnectException" rm="Non HTTP response message: Connection refused" tn="Grupo de Hilos 1-2" dt="text" by="1535"/>
<httpSample t="17" lt="1" ts="1282654602289" s="true" lb="/iceweb" rc="200" rm="OK" tn="Grupo de Hilos 1-3" dt="text" by="8397">
  <httpSample t="1" lt="1" ts="1282654602289" s="true" lb="http://localhost:8080/iceweb" rc="302" rm="Movido temporálmente" tn="" dt="" by="0"/>
  <httpSample t="16" lt="16" ts="1282654602290" s="true" lb="http://localhost:8080/iceweb/" rc="200" rm="OK" tn="Grupo de Hilos 1-3" dt="text" by="8397"/>
</httpSample>
<httpSample t="190" lt="0" ts="1282654602137" s="false" lb="/firefox/headlines.xml" rc="Non HTTP response code: java.net.ConnectException" rm="Non HTTP response message: Connection refused" tn="Grupo de Hilos 1-5" dt="text" by="1535"/>
<httpSample t="22" lt="22" ts="1282654602308" s="true" lb="/iceweb/" rc="200" rm="OK" tn="Grupo de Hilos 1-3" dt="text" by="8397"/>
<httpSample t="3" lt="3" ts="1282654602331" s="true" lb="/iceweb/styles/style.css;jsessionid=7C1B32529F00FF74DE79911BBC899F36" rc="200" rm="OK" tn="Grupo de Hilos 1-3" dt="text" by="2588"/>
<httpSample t="72" lt="0" ts="1282654602265" s="false" lb="/news/rss.xml" rc="Non HTTP response code: java.net.ConnectException" rm="Non HTTP response message: Connection refused" tn="Grupo de Hilos 1-1" dt="text" by="1535"/>
<httpSample t="17" lt="17" ts="1282654602336" s="true" lb="/iceweb/js/flexigrid/css/flexigrid/flexigrid.css;jsessionid=7C1B32529F00FF74DE79911BBC899F36" rc="200" rm="OK" tn="Grupo de Hilos 1-3" dt="text" by="13979"/>
<httpSample t="79" lt="0" ts="1282654602274" s="false" lb="/rss/newsonline_world_edition/front_page/rss.xml" rc="Non HTTP response code: java.net.ConnectException" rm="Non HTTP response message: Connection refused" tn="Grupo de Hilos 1-4" dt="text" by="1535"/>
<httpSample t="68" lt="0" ts="1282654602301" s="false" lb="/news/rss.xml" rc="Non HTTP response code: java.net.ConnectException" rm="Non HTTP response message: Connection refused" tn="Grupo de Hilos 1-2" dt="text" by="1535"/>
<httpSample t="31" lt="19" ts="1282654602338" s="true" lb="/iceweb" rc="200" rm="OK" tn="Grupo de Hilos 1-1" dt="text" by="8397">
  <httpSample t="19" lt="19" ts="1282654602338" s="true" lb="http://localhost:8080/iceweb" rc="302" rm="Movido temporálmente" tn="" dt="" by="0"/>
  <httpSample t="12" lt="12" ts="1282654602357" s="true" lb="http://localhost:8080/iceweb/" rc="200" rm="OK" tn="Grupo de Hilos 1-1" dt="text" by="8397"/>
</httpSample>
<httpSample t="21" lt="20" ts="1282654602357" s="true" lb="/iceweb/js/ajax.js;jsessionid=7C1B32529F00FF74DE79911BBC899F36" rc="200" rm="OK" tn="Grupo de Hilos 1-3" dt="text" by="11865"/>
<httpSample t="73" lt="0" ts="1282654602329" s="false" lb="/rss/newsonline_world_edition/front_page/rss.xml" rc="Non HTTP response code: java.net.ConnectException" rm="Non HTTP response message: Connection refused" tn="Grupo de Hilos 1-5" dt="text" by="1535"/>
<httpSample t="19" lt="5" ts="1282654602371" s="true" lb="/iceweb" rc="200" rm="OK" tn="Grupo de Hilos 1-2" dt="text" by="8397">
  <httpSample t="5" lt="5" ts="1282654602371" s="true" lb="http://localhost:8080/iceweb" rc="302" rm="Movido temporálmente" tn="" dt="" by="0"/>
  <httpSample t="14" lt="14" ts="1282654602376" s="true" lb="http://localhost:8080/iceweb/" rc="200" rm="OK" tn="Grupo de Hilos 1-2" dt="text" by="8397"/>
</httpSample>
<httpSample t="44" lt="44" ts="1282654602371" s="true" lb="/iceweb/" rc="200" rm="OK" tn="Grupo de Hilos 1-1" dt="text" by="8397"/>
<httpSample t="14" lt="14" ts="1282654602404" s="true" lb="/iceweb/js/common.js;jsessionid=7C1B32529F00FF74DE79911BBC899F36" rc="200" rm="OK" tn="Grupo de Hilos 1-3" dt="text" by="1161"/>
<httpSample t="3" lt="3" ts="1282654602417" s="true" lb="/iceweb/styles/style.css;jsessionid=7C1B32529F00FF74DE79911BBC899F36" rc="200" rm="OK" tn="Grupo de Hilos 1-1" dt="text" by="2588"/>
<httpSample t="64" lt="0" ts="1282654602358" s="false" lb="/news/rss.xml" rc="Non HTTP response code: java.net.ConnectException" rm="Non HTTP response message: Connection refused" tn="Grupo de Hilos 1-4" dt="text" by="1535"/>
<httpSample t="16" lt="16" ts="1282654602421" s="true" lb="/iceweb/js/flexigrid/css/flexigrid/flexigrid.css;jsessionid=7C1B32529F00FF74DE79911BBC899F36" rc="200" rm="OK" tn="Grupo de Hilos 1-1" dt="text" by="13979"/>
<httpSample t="19" lt="18" ts="1282654602419" s="true" lb="/iceweb/js/flexigrid/CentroPagedGrid.js;jsessionid=7C1B32529F00FF74DE79911BBC899F36" rc="200" rm="OK" tn="Grupo de Hilos 1-3" dt="text" by="42362"/>
<httpSample t="30" lt="30" ts="1282654602407" s="true" lb="/iceweb/" rc="200" rm="OK" tn="Grupo de Hilos 1-2" dt="text" by="8397"/>
<httpSample t="5" lt="5" ts="1282654602439" s="true" lb="/iceweb/js/ajax.js;jsessionid=7C1B32529F00FF74DE79911BBC899F36" rc="200" rm="OK" tn="Grupo de Hilos 1-1" dt="text" by="11865"/>
<httpSample t="6" lt="6" ts="1282654602441" s="true" lb="/iceweb/styles/style.css;jsessionid=7C1B32529F00FF74DE79911BBC899F36" rc="200" rm="OK" tn="Grupo de Hilos 1-2" dt="text" by="2588"/>
<httpSample t="12" lt="12" ts="1282654602439" s="true" lb="/iceweb/js/jquery-1.4.js;jsessionid=7C1B32529F00FF74DE79911BBC899F36" rc="200" rm="OK" tn="Grupo de Hilos 1-3" dt="text" by="158407"/>
<httpSample t="6" lt="6" ts="1282654602449" s="true" lb="/iceweb/js/flexigrid/css/flexigrid/flexigrid.css;jsessionid=7C1B32529F00FF74DE79911BBC899F36" rc="200" rm="OK" tn="Grupo de Hilos 1-2" dt="text" by="13979"/>
<httpSample t="14" lt="14" ts="1282654602445" s="true" lb="/iceweb/js/common.js;jsessionid=7C1B32529F00FF74DE79911BBC899F36" rc="200" rm="OK" tn="Grupo de Hilos 1-1" dt="text" by="1161"/>
<httpSample t="4" lt="4" ts="1282654602461" s="true" lb="/iceweb/js/flexigrid/CentroPagedGrid.js;jsessionid=7C1B32529F00FF74DE79911BBC899F36" rc="200" rm="OK" tn="Grupo de Hilos 1-1" dt="text" by="42362"/>
<httpSample t="65" lt="0" ts="1282654602405" s="false" lb="/news/rss.xml" rc="Non HTTP response code: java.net.ConnectException" rm="Non HTTP response message: Connection refused" tn="Grupo de Hilos 1-5" dt="text" by="1535"/>
<httpSample t="20" lt="20" ts="1282654602453" s="true" lb="/iceweb/js/OpenLayersExt.js;jsessionid=7C1B32529F00FF74DE79911BBC899F36" rc="200" rm="OK" tn="Grupo de Hilos 1-3" dt="text" by="12330"/>
<httpSample t="25" lt="25" ts="1282654602457" s="true" lb="/iceweb/js/ajax.js;jsessionid=7C1B32529F00FF74DE79911BBC899F36" rc="200" rm="OK" tn="Grupo de Hilos 1-2" dt="text" by="11865"/>
<httpSample t="16" lt="15" ts="1282654602474" s="true" lb="/iceweb/js/jquery-1.4.js;jsessionid=7C1B32529F00FF74DE79911BBC899F36" rc="200" rm="OK" tn="Grupo de Hilos 1-1" dt="text" by="158407"/>
<httpSample t="16" lt="16" ts="1282654602477" s="true" lb="/iceweb/js/json.js;jsessionid=7C1B32529F00FF74DE79911BBC899F36" rc="200" rm="OK" tn="Grupo de Hilos 1-3" dt="text" by="7788"/>
<httpSample t="12" lt="12" ts="1282654602484" s="true" lb="/iceweb/js/common.js;jsessionid=7C1B32529F00FF74DE79911BBC899F36" rc="200" rm="OK" tn="Grupo de Hilos 1-2" dt="text" by="1161"/>
<httpSample t="3" lt="3" ts="1282654602497" s="true" lb="/iceweb/js/flexigrid/CentroPagedGrid.js;jsessionid=7C1B32529F00FF74DE79911BBC899F36" rc="200" rm="OK" tn="Grupo de Hilos 1-2" dt="text" by="42362"/>
<httpSample t="10" lt="10" ts="1282654602492" s="true" lb="/iceweb/js/OpenLayersExt.js;jsessionid=7C1B32529F00FF74DE79911BBC899F36" rc="200" rm="OK" tn="Grupo de Hilos 1-1" dt="text" by="12330"/>
<httpSample t="81" lt="18" ts="1282654602424" s="true" lb="/iceweb" rc="200" rm="OK" tn="Grupo de Hilos 1-4" dt="text" by="8397">
  <httpSample t="18" lt="18" ts="1282654602424" s="true" lb="http://localhost:8080/iceweb" rc="302" rm="Movido temporálmente" tn="" dt="" by="0"/>
  <httpSample t="63" lt="63" ts="1282654602442" s="true" lb="http://localhost:8080/iceweb/" rc="200" rm="OK" tn="Grupo de Hilos 1-4" dt="text" by="8397"/>
</httpSample>
<httpSample t="13" lt="13" ts="1282654602505" s="true" lb="/iceweb/js/json.js;jsessionid=7C1B32529F00FF74DE79911BBC899F36" rc="200" rm="OK" tn="Grupo de Hilos 1-1" dt="text" by="7788"/>
<httpSample t="58" lt="1" ts="1282654602476" s="true" lb="/iceweb" rc="200" rm="OK" tn="Grupo de Hilos 1-5" dt="text" by="8397">
  <httpSample t="1" lt="1" ts="1282654602476" s="true" lb="http://localhost:8080/iceweb" rc="302" rm="Movido temporálmente" tn="" dt="" by="0"/>
  <httpSample t="57" lt="57" ts="1282654602477" s="true" lb="http://localhost:8080/iceweb/" rc="200" rm="OK" tn="Grupo de Hilos 1-5" dt="text" by="8397"/>
</httpSample>
<httpSample t="35" lt="34" ts="1282654602502" s="true" lb="/iceweb/js/jquery-1.4.js;jsessionid=7C1B32529F00FF74DE79911BBC899F36" rc="200" rm="OK" tn="Grupo de Hilos 1-2" dt="text" by="158407"/>
<httpSample t="9" lt="9" ts="1282654602539" s="true" lb="/iceweb/js/OpenLayersExt.js;jsessionid=7C1B32529F00FF74DE79911BBC899F36" rc="200" rm="OK" tn="Grupo de Hilos 1-2" dt="text" by="12330"/>
<httpSample t="2" lt="2" ts="1282654602550" s="true" lb="/iceweb/js/json.js;jsessionid=7C1B32529F00FF74DE79911BBC899F36" rc="200" rm="OK" tn="Grupo de Hilos 1-2" dt="text" by="7788"/>
<httpSample t="48" lt="48" ts="1282654602508" s="true" lb="/iceweb/" rc="200" rm="OK" tn="Grupo de Hilos 1-4" dt="text" by="8397"/>
<httpSample t="28" lt="28" ts="1282654602536" s="true" lb="/iceweb/" rc="200" rm="OK" tn="Grupo de Hilos 1-5" dt="text" by="8397"/>
<httpSample t="3" lt="3" ts="1282654602566" s="true" lb="/iceweb/styles/style.css;jsessionid=7C1B32529F00FF74DE79911BBC899F36" rc="200" rm="OK" tn="Grupo de Hilos 1-5" dt="text" by="2588"/>
<httpSample t="11" lt="11" ts="1282654602558" s="true" lb="/iceweb/styles/style.css;jsessionid=7C1B32529F00FF74DE79911BBC899F36" rc="200" rm="OK" tn="Grupo de Hilos 1-4" dt="text" by="2588"/>
<httpSample t="2" lt="2" ts="1282654602571" s="true" lb="/iceweb/js/flexigrid/css/flexigrid/flexigrid.css;jsessionid=7C1B32529F00FF74DE79911BBC899F36" rc="200" rm="OK" tn="Grupo de Hilos 1-5" dt="text" by="13979"/>
<httpSample t="5" lt="5" ts="1282654602571" s="true" lb="/iceweb/js/flexigrid/css/flexigrid/flexigrid.css;jsessionid=7C1B32529F00FF74DE79911BBC899F36" rc="200" rm="OK" tn="Grupo de Hilos 1-4" dt="text" by="13979"/>
<httpSample t="7" lt="7" ts="1282654602575" s="true" lb="/iceweb/js/ajax.js;jsessionid=7C1B32529F00FF74DE79911BBC899F36" rc="200" rm="OK" tn="Grupo de Hilos 1-5" dt="text" by="11865"/>
<httpSample t="8" lt="8" ts="1282654602578" s="true" lb="/iceweb/js/ajax.js;jsessionid=7C1B32529F00FF74DE79911BBC899F36" rc="200" rm="OK" tn="Grupo de Hilos 1-4" dt="text" by="11865"/>
<httpSample t="3" lt="3" ts="1282654602587" s="true" lb="/iceweb/js/common.js;jsessionid=7C1B32529F00FF74DE79911BBC899F36" rc="200" rm="OK" tn="Grupo de Hilos 1-4" dt="text" by="1161"/>
<httpSample t="11" lt="11" ts="1282654602591" s="true" lb="/iceweb/js/flexigrid/CentroPagedGrid.js;jsessionid=7C1B32529F00FF74DE79911BBC899F36" rc="200" rm="OK" tn="Grupo de Hilos 1-4" dt="text" by="42362"/>
<httpSample t="18" lt="18" ts="1282654602584" s="true" lb="/iceweb/js/common.js;jsessionid=7C1B32529F00FF74DE79911BBC899F36" rc="200" rm="OK" tn="Grupo de Hilos 1-5" dt="text" by="1161"/>
<httpSample t="3" lt="3" ts="1282654602603" s="true" lb="/iceweb/js/jquery-1.4.js;jsessionid=7C1B32529F00FF74DE79911BBC899F36" rc="200" rm="OK" tn="Grupo de Hilos 1-4" dt="text" by="158407"/>
<httpSample t="7" lt="7" ts="1282654602605" s="true" lb="/iceweb/js/flexigrid/CentroPagedGrid.js;jsessionid=7C1B32529F00FF74DE79911BBC899F36" rc="200" rm="OK" tn="Grupo de Hilos 1-5" dt="text" by="42362"/>
<httpSample t="7" lt="6" ts="1282654602608" s="true" lb="/iceweb/js/OpenLayersExt.js;jsessionid=7C1B32529F00FF74DE79911BBC899F36" rc="200" rm="OK" tn="Grupo de Hilos 1-4" dt="text" by="12330"/>
<httpSample t="10" lt="9" ts="1282654602614" s="true" lb="/iceweb/js/jquery-1.4.js;jsessionid=7C1B32529F00FF74DE79911BBC899F36" rc="200" rm="OK" tn="Grupo de Hilos 1-5" dt="text" by="158407"/>
<httpSample t="12" lt="12" ts="1282654602616" s="true" lb="/iceweb/js/json.js;jsessionid=7C1B32529F00FF74DE79911BBC899F36" rc="200" rm="OK" tn="Grupo de Hilos 1-4" dt="text" by="7788"/>
<httpSample t="2" lt="2" ts="1282654602627" s="true" lb="/iceweb/js/OpenLayersExt.js;jsessionid=7C1B32529F00FF74DE79911BBC899F36" rc="200" rm="OK" tn="Grupo de Hilos 1-5" dt="text" by="12330"/>
<httpSample t="3" lt="3" ts="1282654602632" s="true" lb="/iceweb/js/json.js;jsessionid=7C1B32529F00FF74DE79911BBC899F36" rc="200" rm="OK" tn="Grupo de Hilos 1-5" dt="text" by="7788"/>
<httpSample t="21012" lt="0" ts="1282654602495" s="false" lb="/maps" rc="Non HTTP response code: java.net.ConnectException" rm="Non HTTP response message: Connection timed out" tn="Grupo de Hilos 1-3" dt="text" by="1537"/>
<httpSample t="12" lt="7" ts="1282654623509" s="true" lb="/iceweb/js/OpenLayers/OpenLayers.js;jsessionid=7C1B32529F00FF74DE79911BBC899F36" rc="200" rm="OK" tn="Grupo de Hilos 1-3" dt="text" by="711799"/>
<httpSample t="21001" lt="0" ts="1282654602529" s="false" lb="/maps" rc="Non HTTP response code: java.net.ConnectException" rm="Non HTTP response message: Connection timed out" tn="Grupo de Hilos 1-1" dt="text" by="1537"/>
<httpSample t="14" lt="7" ts="1282654623532" s="true" lb="/iceweb/js/OpenLayers/OpenLayers.js;jsessionid=7C1B32529F00FF74DE79911BBC899F36" rc="200" rm="OK" tn="Grupo de Hilos 1-1" dt="text" by="711799"/>
<httpSample t="21001" lt="0" ts="1282654602554" s="false" lb="/maps" rc="Non HTTP response code: java.net.ConnectException" rm="Non HTTP response message: Connection timed out" tn="Grupo de Hilos 1-2" dt="text" by="1537"/>
<httpSample t="12" lt="6" ts="1282654623557" s="true" lb="/iceweb/js/OpenLayers/OpenLayers.js;jsessionid=7C1B32529F00FF74DE79911BBC899F36" rc="200" rm="OK" tn="Grupo de Hilos 1-2" dt="text" by="711799"/>
<httpSample t="21000" lt="0" ts="1282654602630" s="false" lb="/maps" rc="Non HTTP response code: java.net.ConnectException" rm="Non HTTP response message: Connection timed out" tn="Grupo de Hilos 1-4" dt="text" by="1537"/>
<httpSample t="20999" lt="0" ts="1282654602639" s="false" lb="/maps" rc="Non HTTP response code: java.net.ConnectException" rm="Non HTTP response message: Connection timed out" tn="Grupo de Hilos 1-5" dt="text" by="1537"/>
<httpSample t="11" lt="5" ts="1282654623632" s="true" lb="/iceweb/js/OpenLayers/OpenLayers.js;jsessionid=7C1B32529F00FF74DE79911BBC899F36" rc="200" rm="OK" tn="Grupo de Hilos 1-4" dt="text" by="711799"/>
<httpSample t="8" lt="5" ts="1282654623640" s="true" lb="/iceweb/js/OpenLayers/OpenLayers.js;jsessionid=7C1B32529F00FF74DE79911BBC899F36" rc="200" rm="OK" tn="Grupo de Hilos 1-5" dt="text" by="711799"/>
<httpSample t="21023" lt="0" ts="1282654623523" s="false" lb="/intl/es_ALL/mapfiles/260d/maps2.api/mod_stats.js" rc="Non HTTP response code: java.net.ConnectException" rm="Non HTTP response message: Connection timed out" tn="Grupo de Hilos 1-3" dt="text" by="1537"/>
<httpSample t="20998" lt="0" ts="1282654623548" s="false" lb="/intl/es_ALL/mapfiles/260d/maps2.api/mod_stats.js" rc="Non HTTP response code: java.net.ConnectException" rm="Non HTTP response message: Connection timed out" tn="Grupo de Hilos 1-1" dt="text" by="1537"/>
<httpSample t="7" lt="7" ts="1282654644549" s="false" lb="/iceweb/styles/img/south-mini.png" rc="404" rm="/iceweb/styles/img/south-mini.png" tn="Grupo de Hilos 1-1" dt="text" by="1059"/>
<httpSample t="9" lt="9" ts="1282654644548" s="false" lb="/iceweb/styles/img/south-mini.png" rc="404" rm="/iceweb/styles/img/south-mini.png" tn="Grupo de Hilos 1-3" dt="text" by="1059"/>
<httpSample t="7" lt="7" ts="1282654644558" s="false" lb="/iceweb/style.css" rc="404" rm="/iceweb/style.css" tn="Grupo de Hilos 1-1" dt="text" by="1011"/>
<httpSample t="5" lt="5" ts="1282654644560" s="false" lb="/iceweb/style.css" rc="404" rm="/iceweb/style.css" tn="Grupo de Hilos 1-3" dt="text" by="1011"/>
<httpSample t="21000" lt="0" ts="1282654623571" s="false" lb="/intl/es_ALL/mapfiles/260d/maps2.api/mod_stats.js" rc="Non HTTP response code: java.net.ConnectException" rm="Non HTTP response message: Connection timed out" tn="Grupo de Hilos 1-2" dt="text" by="1537"/>
<httpSample t="4" lt="4" ts="1282654644568" s="false" lb="/iceweb/img/north-mini.png" rc="404" rm="/iceweb/img/north-mini.png" tn="Grupo de Hilos 1-3" dt="text" by="1038"/>
<httpSample t="6" lt="5" ts="1282654644567" s="false" lb="/iceweb/img/north-mini.png" rc="404" rm="/iceweb/img/north-mini.png" tn="Grupo de Hilos 1-1" dt="text" by="1038"/>
<httpSample t="2" lt="2" ts="1282654644573" s="false" lb="/iceweb/styles/img/south-mini.png" rc="404" rm="/iceweb/styles/img/south-mini.png" tn="Grupo de Hilos 1-2" dt="text" by="1059"/>
<httpSample t="2" lt="2" ts="1282654644577" s="false" lb="/iceweb/style.css" rc="404" rm="/iceweb/style.css" tn="Grupo de Hilos 1-2" dt="text" by="1011"/>
<httpSample t="4" lt="4" ts="1282654644576" s="false" lb="/iceweb/img/east-mini.png" rc="404" rm="/iceweb/img/east-mini.png" tn="Grupo de Hilos 1-3" dt="text" by="1035"/>
<httpSample t="2" lt="2" ts="1282654644580" s="false" lb="/iceweb/img/east-mini.png" rc="404" rm="/iceweb/img/east-mini.png" tn="Grupo de Hilos 1-1" dt="text" by="1035"/>
<httpSample t="4" lt="4" ts="1282654644582" s="false" lb="/iceweb/img/north-mini.png" rc="404" rm="/iceweb/img/north-mini.png" tn="Grupo de Hilos 1-2" dt="text" by="1038"/>
<httpSample t="4" lt="4" ts="1282654644588" s="false" lb="/iceweb/img/south-mini.png" rc="404" rm="/iceweb/img/south-mini.png" tn="Grupo de Hilos 1-3" dt="text" by="1038"/>
<httpSample t="4" lt="4" ts="1282654644587" s="false" lb="/iceweb/img/south-mini.png" rc="404" rm="/iceweb/img/south-mini.png" tn="Grupo de Hilos 1-1" dt="text" by="1038"/>
<httpSample t="5" lt="5" ts="1282654644588" s="false" lb="/iceweb/img/east-mini.png" rc="404" rm="/iceweb/img/east-mini.png" tn="Grupo de Hilos 1-2" dt="text" by="1035"/>
<httpSample t="5" lt="5" ts="1282654644593" s="false" lb="/iceweb/img/zoom-plus-mini.png" rc="404" rm="/iceweb/img/zoom-plus-mini.png" tn="Grupo de Hilos 1-3" dt="text" by="1050"/>
<httpSample t="6" lt="6" ts="1282654644596" s="false" lb="/iceweb/img/zoom-plus-mini.png" rc="404" rm="/iceweb/img/zoom-plus-mini.png" tn="Grupo de Hilos 1-1" dt="text" by="1050"/>
<httpSample t="5" lt="5" ts="1282654644600" s="false" lb="/iceweb/img/zoom-world-mini.png" rc="404" rm="/iceweb/img/zoom-world-mini.png" tn="Grupo de Hilos 1-3" dt="text" by="1053"/>
<httpSample t="6" lt="6" ts="1282654644598" s="false" lb="/iceweb/img/south-mini.png" rc="404" rm="/iceweb/img/south-mini.png" tn="Grupo de Hilos 1-2" dt="text" by="1038"/>
<httpSample t="3" lt="3" ts="1282654644607" s="false" lb="/iceweb/img/west-mini.png" rc="404" rm="/iceweb/img/west-mini.png" tn="Grupo de Hilos 1-3" dt="text" by="1035"/>
<httpSample t="5" lt="5" ts="1282654644605" s="false" lb="/iceweb/img/zoom-world-mini.png" rc="404" rm="/iceweb/img/zoom-world-mini.png" tn="Grupo de Hilos 1-1" dt="text" by="1053"/>
<httpSample t="6" lt="6" ts="1282654644609" s="false" lb="/iceweb/img/zoom-plus-mini.png" rc="404" rm="/iceweb/img/zoom-plus-mini.png" tn="Grupo de Hilos 1-2" dt="text" by="1050"/>
<httpSample t="6" lt="6" ts="1282654644616" s="false" lb="/iceweb/img/west-mini.png" rc="404" rm="/iceweb/img/west-mini.png" tn="Grupo de Hilos 1-1" dt="text" by="1035"/>
<httpSample t="13" lt="13" ts="1282654644612" s="false" lb="/iceweb/img/zoom-minus-mini.png" rc="404" rm="/iceweb/img/zoom-minus-mini.png" tn="Grupo de Hilos 1-3" dt="text" by="1053"/>
<httpSample t="10" lt="10" ts="1282654644619" s="false" lb="/iceweb/img/zoom-world-mini.png" rc="404" rm="/iceweb/img/zoom-world-mini.png" tn="Grupo de Hilos 1-2" dt="text" by="1053"/>
<httpSample t="9" lt="9" ts="1282654644624" s="false" lb="/iceweb/img/zoom-minus-mini.png" rc="404" rm="/iceweb/img/zoom-minus-mini.png" tn="Grupo de Hilos 1-1" dt="text" by="1053"/>
<httpSample t="6" lt="5" ts="1282654644631" s="false" lb="/iceweb/img/layer-switcher-minimize.png" rc="404" rm="/iceweb/img/layer-switcher-minimize.png" tn="Grupo de Hilos 1-3" dt="text" by="1077"/>
<httpSample t="20998" lt="0" ts="1282654623645" s="false" lb="/intl/es_ALL/mapfiles/260d/maps2.api/mod_stats.js" rc="Non HTTP response code: java.net.ConnectException" rm="Non HTTP response message: Connection timed out" tn="Grupo de Hilos 1-4" dt="text" by="1537"/>
<httpSample t="6" lt="6" ts="1282654644636" s="false" lb="/iceweb/img/west-mini.png" rc="404" rm="/iceweb/img/west-mini.png" tn="Grupo de Hilos 1-2" dt="text" by="1035"/>
<httpSample t="11" lt="11" ts="1282654644638" s="false" lb="/iceweb/img/layer-switcher-minimize.png" rc="404" rm="/iceweb/img/layer-switcher-minimize.png" tn="Grupo de Hilos 1-1" dt="text" by="1077"/>
<httpSample t="21001" lt="0" ts="1282654623650" s="false" lb="/intl/es_ALL/mapfiles/260d/maps2.api/mod_stats.js" rc="Non HTTP response code: java.net.ConnectException" rm="Non HTTP response message: Connection timed out" tn="Grupo de Hilos 1-5" dt="text" by="1537"/>
<httpSample t="5" lt="4" ts="1282654644647" s="false" lb="/iceweb/img/zoom-minus-mini.png" rc="404" rm="/iceweb/img/zoom-minus-mini.png" tn="Grupo de Hilos 1-2" dt="text" by="1053"/>
<httpSample t="13" lt="13" ts="1282654644644" s="false" lb="/iceweb/img/layer-switcher-maximize.png" rc="404" rm="/iceweb/img/layer-switcher-maximize.png" tn="Grupo de Hilos 1-3" dt="text" by="1077"/>
<httpSample t="6" lt="6" ts="1282654644654" s="false" lb="/iceweb/styles/img/south-mini.png" rc="404" rm="/iceweb/styles/img/south-mini.png" tn="Grupo de Hilos 1-5" dt="text" by="1059"/>
<httpSample t="3" lt="3" ts="1282654644662" s="false" lb="/iceweb/style.css" rc="404" rm="/iceweb/style.css" tn="Grupo de Hilos 1-5" dt="text" by="1011"/>
<httpSample t="14" lt="14" ts="1282654644652" s="false" lb="/iceweb/img/layer-switcher-maximize.png" rc="404" rm="/iceweb/img/layer-switcher-maximize.png" tn="Grupo de Hilos 1-1" dt="text" by="1077"/>
<httpSample t="14" lt="14" ts="1282654644656" s="false" lb="/iceweb/img/layer-switcher-minimize.png" rc="404" rm="/iceweb/img/layer-switcher-minimize.png" tn="Grupo de Hilos 1-2" dt="text" by="1077"/>
<httpSample t="33" lt="33" ts="1282654644645" s="false" lb="/iceweb/styles/img/south-mini.png" rc="404" rm="/iceweb/styles/img/south-mini.png" tn="Grupo de Hilos 1-4" dt="text" by="1059"/>
<httpSample t="12" lt="12" ts="1282654644670" s="false" lb="/iceweb/img/north-mini.png" rc="404" rm="/iceweb/img/north-mini.png" tn="Grupo de Hilos 1-5" dt="text" by="1038"/>
<httpSample t="4" lt="4" ts="1282654644680" s="false" lb="/iceweb/style.css" rc="404" rm="/iceweb/style.css" tn="Grupo de Hilos 1-4" dt="text" by="1011"/>
<httpSample t="7" lt="7" ts="1282654644687" s="false" lb="/iceweb/img/north-mini.png" rc="404" rm="/iceweb/img/north-mini.png" tn="Grupo de Hilos 1-4" dt="text" by="1038"/>
<httpSample t="12" lt="12" ts="1282654644687" s="false" lb="/iceweb/img/east-mini.png" rc="404" rm="/iceweb/img/east-mini.png" tn="Grupo de Hilos 1-5" dt="text" by="1035"/>
<httpSample t="35" lt="35" ts="1282654644672" s="false" lb="/iceweb/img/layer-switcher-maximize.png" rc="404" rm="/iceweb/img/layer-switcher-maximize.png" tn="Grupo de Hilos 1-2" dt="text" by="1077"/>
<httpSample t="49" lt="48" ts="1282654644659" s="true" lb="/iceweb/restful/Centro/findPagedByVentanaAndFilter" rc="200" rm="OK" tn="Grupo de Hilos 1-3" dt="text" by="11479"/>
<httpSample t="15" lt="15" ts="1282654644696" s="false" lb="/iceweb/img/east-mini.png" rc="404" rm="/iceweb/img/east-mini.png" tn="Grupo de Hilos 1-4" dt="text" by="1035"/>
<httpSample t="45" lt="45" ts="1282654644669" s="true" lb="/iceweb/restful/Centro/findPagedByVentanaAndFilter" rc="200" rm="OK" tn="Grupo de Hilos 1-1" dt="text" by="11479"/>
<httpSample t="2" lt="2" ts="1282654644713" s="false" lb="/iceweb/img/south-mini.png" rc="404" rm="/iceweb/img/south-mini.png" tn="Grupo de Hilos 1-4" dt="text" by="1038"/>
<httpSample t="27" lt="27" ts="1282654644705" s="false" lb="/iceweb/img/south-mini.png" rc="404" rm="/iceweb/img/south-mini.png" tn="Grupo de Hilos 1-5" dt="text" by="1038"/>
<httpSample t="16" lt="16" ts="1282654644719" s="false" lb="/iceweb/img/zoom-plus-mini.png" rc="404" rm="/iceweb/img/zoom-plus-mini.png" tn="Grupo de Hilos 1-4" dt="text" by="1050"/>
<httpSample t="15" lt="15" ts="1282654644734" s="false" lb="/iceweb/img/zoom-plus-mini.png" rc="404" rm="/iceweb/img/zoom-plus-mini.png" tn="Grupo de Hilos 1-5" dt="text" by="1050"/>
<httpSample t="3" lt="3" ts="1282654644751" s="false" lb="/iceweb/img/zoom-world-mini.png" rc="404" rm="/iceweb/img/zoom-world-mini.png" tn="Grupo de Hilos 1-5" dt="text" by="1053"/>
<httpSample t="64" lt="64" ts="1282654644741" s="false" lb="/iceweb/img/zoom-world-mini.png" rc="404" rm="/iceweb/img/zoom-world-mini.png" tn="Grupo de Hilos 1-4" dt="text" by="1053"/>
<httpSample t="50" lt="50" ts="1282654644756" s="false" lb="/iceweb/img/west-mini.png" rc="404" rm="/iceweb/img/west-mini.png" tn="Grupo de Hilos 1-5" dt="text" by="1035"/>
<httpSample t="102" lt="96" ts="1282654644710" s="true" lb="/iceweb/restful/Centro/findMarcasCuadriculaByFilter" rc="200" rm="OK" tn="Grupo de Hilos 1-3" dt="text" by="64084"/>
<httpSample t="5" lt="5" ts="1282654644807" s="false" lb="/iceweb/img/west-mini.png" rc="404" rm="/iceweb/img/west-mini.png" tn="Grupo de Hilos 1-4" dt="text" by="1035"/>
<httpSample t="106" lt="106" ts="1282654644709" s="true" lb="/iceweb/restful/Centro/findPagedByVentanaAndFilter" rc="200" rm="OK" tn="Grupo de Hilos 1-2" dt="text" by="11479"/>
<httpSample t="71" lt="71" ts="1282654644809" s="false" lb="/iceweb/img/zoom-minus-mini.png" rc="404" rm="/iceweb/img/zoom-minus-mini.png" tn="Grupo de Hilos 1-5" dt="text" by="1053"/>
<httpSample t="174" lt="164" ts="1282654644717" s="true" lb="/iceweb/restful/Centro/findMarcasCuadriculaByFilter" rc="200" rm="OK" tn="Grupo de Hilos 1-1" dt="text" by="64084"/>
<httpSample t="152" lt="146" ts="1282654644813" s="true" lb="/iceweb/restful/Centro/findMarcasCuadriculaByFilter" rc="200" rm="OK" tn="Grupo de Hilos 1-3" dt="text" by="86966"/>
<httpSample t="210" lt="206" ts="1282654644819" s="true" lb="/iceweb/restful/Centro/findMarcasCuadriculaByFilter" rc="200" rm="OK" tn="Grupo de Hilos 1-2" dt="text" by="64084"/>
<httpSample t="218" lt="218" ts="1282654644818" s="false" lb="/iceweb/img/zoom-minus-mini.png" rc="404" rm="/iceweb/img/zoom-minus-mini.png" tn="Grupo de Hilos 1-4" dt="text" by="1053"/>
<httpSample t="227" lt="227" ts="1282654644882" s="false" lb="/iceweb/img/layer-switcher-minimize.png" rc="404" rm="/iceweb/img/layer-switcher-minimize.png" tn="Grupo de Hilos 1-5" dt="text" by="1077"/>
<httpSample t="3" lt="3" ts="1282654645111" s="false" lb="/iceweb/img/layer-switcher-maximize.png" rc="404" rm="/iceweb/img/layer-switcher-maximize.png" tn="Grupo de Hilos 1-5" dt="text" by="1077"/>
<httpSample t="81" lt="81" ts="1282654645038" s="false" lb="/iceweb/img/layer-switcher-minimize.png" rc="404" rm="/iceweb/img/layer-switcher-minimize.png" tn="Grupo de Hilos 1-4" dt="text" by="1077"/>
<httpSample t="239" lt="217" ts="1282654644893" s="true" lb="/iceweb/restful/Centro/findMarcasCuadriculaByFilter" rc="200" rm="OK" tn="Grupo de Hilos 1-1" dt="text" by="86966"/>
<httpSample t="172" lt="172" ts="1282654644967" s="true" lb="/iceweb/restful/Centro/findPagedByVentanaAndFilter" rc="200" rm="OK" tn="Grupo de Hilos 1-3" dt="text" by="12174"/>
<httpSample t="8" lt="8" ts="1282654645131" s="false" lb="/iceweb/img/layer-switcher-maximize.png" rc="404" rm="/iceweb/img/layer-switcher-maximize.png" tn="Grupo de Hilos 1-4" dt="text" by="1077"/>
<httpSample t="21" lt="20" ts="1282654645140" s="true" lb="/iceweb/restful/Centro/findPagedByVentanaAndFilter" rc="200" rm="OK" tn="Grupo de Hilos 1-3" dt="text" by="11851"/>
<httpSample t="49" lt="49" ts="1282654645133" s="true" lb="/iceweb/restful/Centro/findPagedByVentanaAndFilter" rc="200" rm="OK" tn="Grupo de Hilos 1-1" dt="text" by="12174"/>
<httpSample t="150" lt="150" ts="1282654645142" s="true" lb="/iceweb/restful/Centro/findPagedByVentanaAndFilter" rc="200" rm="OK" tn="Grupo de Hilos 1-4" dt="text" by="11479"/>
<httpSample t="178" lt="178" ts="1282654645116" s="true" lb="/iceweb/restful/Centro/findPagedByVentanaAndFilter" rc="200" rm="OK" tn="Grupo de Hilos 1-5" dt="text" by="11479"/>
<httpSample t="264" lt="246" ts="1282654645031" s="true" lb="/iceweb/restful/Centro/findMarcasCuadriculaByFilter" rc="200" rm="OK" tn="Grupo de Hilos 1-2" dt="text" by="86966"/>
<httpSample t="114" lt="114" ts="1282654645184" s="true" lb="/iceweb/restful/Centro/findPagedByVentanaAndFilter" rc="200" rm="OK" tn="Grupo de Hilos 1-1" dt="text" by="11851"/>
<httpSample t="179" lt="179" ts="1282654645162" s="true" lb="/iceweb/restful/Centro/findPagedByVentanaAndFilter" rc="200" rm="OK" tn="Grupo de Hilos 1-3" dt="text" by="13604"/>
<httpSample t="97" lt="92" ts="1282654645297" s="true" lb="/iceweb/restful/Centro/findMarcasCuadriculaByFilter" rc="200" rm="OK" tn="Grupo de Hilos 1-5" dt="text" by="64084"/>
<httpSample t="100" lt="100" ts="1282654645300" s="true" lb="/iceweb/restful/Centro/findPagedByVentanaAndFilter" rc="200" rm="OK" tn="Grupo de Hilos 1-2" dt="text" by="12174"/>
<httpSample t="115" lt="115" ts="1282654645302" s="true" lb="/iceweb/restful/Centro/findPagedByVentanaAndFilter" rc="200" rm="OK" tn="Grupo de Hilos 1-1" dt="text" by="13604"/>
<httpSample t="184" lt="179" ts="1282654645295" s="true" lb="/iceweb/restful/Centro/findMarcasCuadriculaByFilter" rc="200" rm="OK" tn="Grupo de Hilos 1-4" dt="text" by="64084"/>
<httpSample t="158" lt="149" ts="1282654645396" s="true" lb="/iceweb/restful/Centro/findMarcasCuadriculaByFilter" rc="200" rm="OK" tn="Grupo de Hilos 1-5" dt="text" by="86966"/>
<httpSample t="156" lt="156" ts="1282654645403" s="true" lb="/iceweb/restful/Centro/findPagedByVentanaAndFilter" rc="200" rm="OK" tn="Grupo de Hilos 1-2" dt="text" by="11851"/>
<httpSample t="223" lt="223" ts="1282654645343" s="true" lb="/iceweb/restful/Centro/findPagedByVentanaAndFilter" rc="200" rm="OK" tn="Grupo de Hilos 1-3" dt="text" by="14056"/>
<httpSample t="166" lt="165" ts="1282654645419" s="true" lb="/iceweb/restful/Centro/findPagedByVentanaAndFilter" rc="200" rm="OK" tn="Grupo de Hilos 1-1" dt="text" by="14056"/>
<httpSample t="189" lt="182" ts="1282654645481" s="true" lb="/iceweb/restful/Centro/findMarcasCuadriculaByFilter" rc="200" rm="OK" tn="Grupo de Hilos 1-4" dt="text" by="86966"/>
<httpSample t="115" lt="115" ts="1282654645561" s="true" lb="/iceweb/restful/Centro/findPagedByVentanaAndFilter" rc="200" rm="OK" tn="Grupo de Hilos 1-2" dt="text" by="13604"/>
<httpSample t="147" lt="147" ts="1282654645557" s="true" lb="/iceweb/restful/Centro/findPagedByVentanaAndFilter" rc="200" rm="OK" tn="Grupo de Hilos 1-5" dt="text" by="12174"/>
<httpSample t="38" lt="38" ts="1282654645678" s="true" lb="/iceweb/restful/Centro/findPagedByVentanaAndFilter" rc="200" rm="OK" tn="Grupo de Hilos 1-2" dt="text" by="14056"/>
<httpSample t="56" lt="56" ts="1282654645672" s="true" lb="/iceweb/restful/Centro/findPagedByVentanaAndFilter" rc="200" rm="OK" tn="Grupo de Hilos 1-4" dt="text" by="12174"/>
<httpSample t="168" lt="168" ts="1282654645568" s="true" lb="/iceweb/centroDetalle" rc="200" rm="OK" tn="Grupo de Hilos 1-3" dt="text" by="4200"/>
<httpSample t="158" lt="158" ts="1282654645586" s="true" lb="/iceweb/centroDetalle" rc="200" rm="OK" tn="Grupo de Hilos 1-1" dt="text" by="4200"/>
<httpSample t="54" lt="54" ts="1282654645706" s="true" lb="/iceweb/restful/Centro/findPagedByVentanaAndFilter" rc="200" rm="OK" tn="Grupo de Hilos 1-5" dt="text" by="11851"/>
<httpSample t="43" lt="42" ts="1282654645730" s="true" lb="/iceweb/restful/Centro/findPagedByVentanaAndFilter" rc="200" rm="OK" tn="Grupo de Hilos 1-4" dt="text" by="11851"/>
<httpSample t="72" lt="71" ts="1282654645719" s="true" lb="/iceweb/centroDetalle" rc="200" rm="OK" tn="Grupo de Hilos 1-2" dt="text" by="4200"/>
<httpSample t="27" lt="27" ts="1282654645765" s="true" lb="/iceweb/restful/Centro/findPagedByVentanaAndFilter" rc="200" rm="OK" tn="Grupo de Hilos 1-5" dt="text" by="13604"/>
<httpSample t="26" lt="25" ts="1282654645775" s="true" lb="/iceweb/restful/Centro/findPagedByVentanaAndFilter" rc="200" rm="OK" tn="Grupo de Hilos 1-4" dt="text" by="13604"/>
<httpSample t="24" lt="23" ts="1282654645802" s="true" lb="/iceweb/restful/Centro/findPagedByVentanaAndFilter" rc="200" rm="OK" tn="Grupo de Hilos 1-4" dt="text" by="14056"/>
<httpSample t="35" lt="35" ts="1282654645795" s="true" lb="/iceweb/restful/Centro/findPagedByVentanaAndFilter" rc="200" rm="OK" tn="Grupo de Hilos 1-5" dt="text" by="14056"/>
<httpSample t="32" lt="32" ts="1282654645828" s="true" lb="/iceweb/centroDetalle" rc="200" rm="OK" tn="Grupo de Hilos 1-4" dt="text" by="4200"/>
<httpSample t="35" lt="35" ts="1282654645832" s="true" lb="/iceweb/centroDetalle" rc="200" rm="OK" tn="Grupo de Hilos 1-5" dt="text" by="4200"/>
<httpSample t="21012" lt="0" ts="1282654645738" s="false" lb="/maps" rc="Non HTTP response code: java.net.ConnectException" rm="Non HTTP response message: Connection timed out" tn="Grupo de Hilos 1-3" dt="text" by="1537"/>
<httpSample t="21004" lt="0" ts="1282654645746" s="false" lb="/maps" rc="Non HTTP response code: java.net.ConnectException" rm="Non HTTP response message: Connection timed out" tn="Grupo de Hilos 1-1" dt="text" by="1537"/>
<httpSample t="10" lt="10" ts="1282654666752" s="true" lb="/iceweb/restful/Centro/46006574" rc="200" rm="OK" tn="Grupo de Hilos 1-3" dt="text" by="786"/>
<httpSample t="13" lt="13" ts="1282654666753" s="true" lb="/iceweb/restful/Centro/46006574" rc="200" rm="OK" tn="Grupo de Hilos 1-1" dt="text" by="786"/>
<httpSample t="21001" lt="0" ts="1282654645793" s="false" lb="/maps" rc="Non HTTP response code: java.net.ConnectException" rm="Non HTTP response message: Connection timed out" tn="Grupo de Hilos 1-2" dt="text" by="1537"/>
<httpSample t="12" lt="12" ts="1282654666796" s="true" lb="/iceweb/restful/Centro/46006574" rc="200" rm="OK" tn="Grupo de Hilos 1-2" dt="text" by="786"/>
<httpSample t="21001" lt="0" ts="1282654645862" s="false" lb="/maps" rc="Non HTTP response code: java.net.ConnectException" rm="Non HTTP response message: Connection timed out" tn="Grupo de Hilos 1-4" dt="text" by="1537"/>
<httpSample t="21002" lt="0" ts="1282654645869" s="false" lb="/maps" rc="Non HTTP response code: java.net.ConnectException" rm="Non HTTP response message: Connection timed out" tn="Grupo de Hilos 1-5" dt="text" by="1537"/>
<httpSample t="13" lt="12" ts="1282654666873" s="true" lb="/iceweb/restful/Centro/46006574" rc="200" rm="OK" tn="Grupo de Hilos 1-5" dt="text" by="786"/>
<httpSample t="26" lt="26" ts="1282654666865" s="true" lb="/iceweb/restful/Centro/46006574" rc="200" rm="OK" tn="Grupo de Hilos 1-4" dt="text" by="786"/>
<httpSample t="21000" lt="0" ts="1282654666763" s="false" lb="/maps" rc="Non HTTP response code: java.net.ConnectException" rm="Non HTTP response message: Connection timed out" tn="Grupo de Hilos 1-3" dt="text" by="1537"/>
<httpSample t="20998" lt="0" ts="1282654666768" s="false" lb="/maps" rc="Non HTTP response code: java.net.ConnectException" rm="Non HTTP response message: Connection timed out" tn="Grupo de Hilos 1-1" dt="text" by="1537"/>
<httpSample t="21001" lt="0" ts="1282654666810" s="false" lb="/maps" rc="Non HTTP response code: java.net.ConnectException" rm="Non HTTP response message: Connection timed out" tn="Grupo de Hilos 1-2" dt="text" by="1537"/>
<httpSample t="87" lt="27" ts="1282654687765" s="true" lb="/iceweb/centroLista" rc="200" rm="OK" tn="Grupo de Hilos 1-3" dt="text" by="653259"/>
<httpSample t="20999" lt="0" ts="1282654666888" s="false" lb="/maps" rc="Non HTTP response code: java.net.ConnectException" rm="Non HTTP response message: Connection timed out" tn="Grupo de Hilos 1-5" dt="text" by="1537"/>
<httpSample t="20998" lt="0" ts="1282654666892" s="false" lb="/maps" rc="Non HTTP response code: java.net.ConnectException" rm="Non HTTP response message: Connection timed out" tn="Grupo de Hilos 1-4" dt="text" by="1537"/>
<httpSample t="136" lt="27" ts="1282654687769" s="true" lb="/iceweb/centroLista" rc="200" rm="OK" tn="Grupo de Hilos 1-1" dt="text" by="653259"/>
<httpSample t="133" lt="21" ts="1282654687813" s="true" lb="/iceweb/centroLista" rc="200" rm="OK" tn="Grupo de Hilos 1-2" dt="text" by="653259"/>
<httpSample t="130" lt="126" ts="1282654687854" s="true" lb="/iceweb/restful/Centro/findMarcasCuadriculaByFilter" rc="200" rm="OK" tn="Grupo de Hilos 1-3" dt="text" by="65601"/>
<httpSample t="144" lt="138" ts="1282654687907" s="true" lb="/iceweb/restful/Centro/findMarcasCuadriculaByFilter" rc="200" rm="OK" tn="Grupo de Hilos 1-1" dt="text" by="65601"/>
<httpSample t="157" lt="152" ts="1282654687948" s="true" lb="/iceweb/restful/Centro/findMarcasCuadriculaByFilter" rc="200" rm="OK" tn="Grupo de Hilos 1-2" dt="text" by="65601"/>
<httpSample t="292" lt="226" ts="1282654687892" s="true" lb="/iceweb/centroLista" rc="200" rm="OK" tn="Grupo de Hilos 1-4" dt="text" by="653259"/>
<httpSample t="309" lt="226" ts="1282654687889" s="true" lb="/iceweb/centroLista" rc="200" rm="OK" tn="Grupo de Hilos 1-5" dt="text" by="653259"/>
<httpSample t="214" lt="0" ts="1282654687988" s="false" lb="/en-US/firefox/headlines.xml" rc="Non HTTP response code: java.net.ConnectException" rm="Non HTTP response message: Connection refused" tn="Grupo de Hilos 1-3" dt="text" by="1535"/>
<httpSample t="195" lt="0" ts="1282654688053" s="false" lb="/en-US/firefox/headlines.xml" rc="Non HTTP response code: java.net.ConnectException" rm="Non HTTP response message: Connection refused" tn="Grupo de Hilos 1-1" dt="text" by="1535"/>
<httpSample t="82" lt="70" ts="1282654688186" s="true" lb="/iceweb/restful/Centro/findMarcasCuadriculaByFilter" rc="200" rm="OK" tn="Grupo de Hilos 1-4" dt="text" by="65601"/>
<httpSample t="203" lt="0" ts="1282654688107" s="false" lb="/en-US/firefox/headlines.xml" rc="Non HTTP response code: java.net.ConnectException" rm="Non HTTP response message: Connection refused" tn="Grupo de Hilos 1-2" dt="text" by="1535"/>
<httpSample t="114" lt="107" ts="1282654688200" s="true" lb="/iceweb/restful/Centro/findMarcasCuadriculaByFilter" rc="200" rm="OK" tn="Grupo de Hilos 1-5" dt="text" by="65601"/>
<httpSample t="191" lt="0" ts="1282654688204" s="false" lb="/firefox/headlines.xml" rc="Non HTTP response code: java.net.ConnectException" rm="Non HTTP response message: Connection refused" tn="Grupo de Hilos 1-3" dt="text" by="1535"/>
<httpSample t="196" lt="0" ts="1282654688250" s="false" lb="/firefox/headlines.xml" rc="Non HTTP response code: java.net.ConnectException" rm="Non HTTP response message: Connection refused" tn="Grupo de Hilos 1-1" dt="text" by="1535"/>
<httpSample t="207" lt="0" ts="1282654688270" s="false" lb="/en-US/firefox/headlines.xml" rc="Non HTTP response code: java.net.ConnectException" rm="Non HTTP response message: Connection refused" tn="Grupo de Hilos 1-4" dt="text" by="1535"/>
<httpSample t="193" lt="0" ts="1282654688312" s="false" lb="/firefox/headlines.xml" rc="Non HTTP response code: java.net.ConnectException" rm="Non HTTP response message: Connection refused" tn="Grupo de Hilos 1-2" dt="text" by="1535"/>
<httpSample t="204" lt="0" ts="1282654688316" s="false" lb="/en-US/firefox/headlines.xml" rc="Non HTTP response code: java.net.ConnectException" rm="Non HTTP response message: Connection refused" tn="Grupo de Hilos 1-5" dt="text" by="1535"/>
<httpSample t="95" lt="0" ts="1282654688449" s="false" lb="/rss/newsonline_world_edition/front_page/rss.xml" rc="Non HTTP response code: java.net.ConnectException" rm="Non HTTP response message: Connection refused" tn="Grupo de Hilos 1-1" dt="text" by="1535"/>
<httpSample t="155" lt="0" ts="1282654688402" s="false" lb="/rss/newsonline_world_edition/front_page/rss.xml" rc="Non HTTP response code: java.net.ConnectException" rm="Non HTTP response message: Connection refused" tn="Grupo de Hilos 1-3" dt="text" by="1535"/>
<httpSample t="82" lt="0" ts="1282654688506" s="false" lb="/rss/newsonline_world_edition/front_page/rss.xml" rc="Non HTTP response code: java.net.ConnectException" rm="Non HTTP response message: Connection refused" tn="Grupo de Hilos 1-2" dt="text" by="1535"/>
<httpSample t="93" lt="0" ts="1282654688547" s="false" lb="/news/rss.xml" rc="Non HTTP response code: java.net.ConnectException" rm="Non HTTP response message: Connection refused" tn="Grupo de Hilos 1-1" dt="text" by="1535"/>
<httpSample t="96" lt="0" ts="1282654688558" s="false" lb="/news/rss.xml" rc="Non HTTP response code: java.net.ConnectException" rm="Non HTTP response message: Connection refused" tn="Grupo de Hilos 1-3" dt="text" by="1535"/>
<httpSample t="22" lt="2" ts="1282654688642" s="true" lb="/iceweb" rc="200" rm="OK" tn="Grupo de Hilos 1-1" dt="text" by="8397">
  <httpSample t="2" lt="2" ts="1282654688642" s="true" lb="http://localhost:8080/iceweb" rc="302" rm="Movido temporálmente" tn="" dt="" by="0"/>
  <httpSample t="20" lt="19" ts="1282654688644" s="true" lb="http://localhost:8080/iceweb/" rc="200" rm="OK" tn="Grupo de Hilos 1-1" dt="text" by="8397"/>
</httpSample>
<httpSample t="21" lt="21" ts="1282654688665" s="true" lb="/iceweb/" rc="200" rm="OK" tn="Grupo de Hilos 1-1" dt="text" by="8397"/>
<httpSample t="27" lt="4" ts="1282654688660" s="true" lb="/iceweb" rc="200" rm="OK" tn="Grupo de Hilos 1-3" dt="text" by="8397">
  <httpSample t="4" lt="4" ts="1282654688660" s="true" lb="http://localhost:8080/iceweb" rc="302" rm="Movido temporálmente" tn="" dt="" by="0"/>
  <httpSample t="23" lt="23" ts="1282654688664" s="true" lb="http://localhost:8080/iceweb/" rc="200" rm="OK" tn="Grupo de Hilos 1-3" dt="text" by="8397"/>
</httpSample>
<httpSample t="99" lt="0" ts="1282654688589" s="false" lb="/news/rss.xml" rc="Non HTTP response code: java.net.ConnectException" rm="Non HTTP response message: Connection refused" tn="Grupo de Hilos 1-2" dt="text" by="1535"/>
<httpSample t="219" lt="0" ts="1282654688479" s="false" lb="/firefox/headlines.xml" rc="Non HTTP response code: java.net.ConnectException" rm="Non HTTP response message: Connection refused" tn="Grupo de Hilos 1-4" dt="text" by="1535"/>
<httpSample t="13" lt="13" ts="1282654688688" s="true" lb="/iceweb/styles/style.css;jsessionid=7C1B32529F00FF74DE79911BBC899F36" rc="200" rm="OK" tn="Grupo de Hilos 1-1" dt="text" by="2588"/>
<httpSample t="5" lt="5" ts="1282654688705" s="true" lb="/iceweb/js/flexigrid/css/flexigrid/flexigrid.css;jsessionid=7C1B32529F00FF74DE79911BBC899F36" rc="200" rm="OK" tn="Grupo de Hilos 1-1" dt="text" by="13979"/>
<httpSample t="23" lt="1" ts="1282654688691" s="true" lb="/iceweb" rc="200" rm="OK" tn="Grupo de Hilos 1-2" dt="text" by="8397">
  <httpSample t="1" lt="1" ts="1282654688691" s="true" lb="http://localhost:8080/iceweb" rc="302" rm="Movido temporálmente" tn="" dt="" by="0"/>
  <httpSample t="22" lt="21" ts="1282654688692" s="true" lb="http://localhost:8080/iceweb/" rc="200" rm="OK" tn="Grupo de Hilos 1-2" dt="text" by="8397"/>
</httpSample>
<httpSample t="31" lt="31" ts="1282654688690" s="true" lb="/iceweb/" rc="200" rm="OK" tn="Grupo de Hilos 1-3" dt="text" by="8397"/>
<httpSample t="204" lt="0" ts="1282654688522" s="false" lb="/firefox/headlines.xml" rc="Non HTTP response code: java.net.ConnectException" rm="Non HTTP response message: Connection refused" tn="Grupo de Hilos 1-5" dt="text" by="1535"/>
<httpSample t="12" lt="12" ts="1282654688715" s="true" lb="/iceweb/js/ajax.js;jsessionid=7C1B32529F00FF74DE79911BBC899F36" rc="200" rm="OK" tn="Grupo de Hilos 1-1" dt="text" by="11865"/>
<httpSample t="10" lt="10" ts="1282654688723" s="true" lb="/iceweb/styles/style.css;jsessionid=7C1B32529F00FF74DE79911BBC899F36" rc="200" rm="OK" tn="Grupo de Hilos 1-3" dt="text" by="2588"/>
<httpSample t="21" lt="21" ts="1282654688717" s="true" lb="/iceweb/" rc="200" rm="OK" tn="Grupo de Hilos 1-2" dt="text" by="8397"/>
<httpSample t="13" lt="13" ts="1282654688730" s="true" lb="/iceweb/js/common.js;jsessionid=7C1B32529F00FF74DE79911BBC899F36" rc="200" rm="OK" tn="Grupo de Hilos 1-1" dt="text" by="1161"/>
<httpSample t="7" lt="7" ts="1282654688740" s="true" lb="/iceweb/styles/style.css;jsessionid=7C1B32529F00FF74DE79911BBC899F36" rc="200" rm="OK" tn="Grupo de Hilos 1-2" dt="text" by="2588"/>
<httpSample t="16" lt="16" ts="1282654688734" s="true" lb="/iceweb/js/flexigrid/css/flexigrid/flexigrid.css;jsessionid=7C1B32529F00FF74DE79911BBC899F36" rc="200" rm="OK" tn="Grupo de Hilos 1-3" dt="text" by="13979"/>
<httpSample t="10" lt="10" ts="1282654688744" s="true" lb="/iceweb/js/flexigrid/CentroPagedGrid.js;jsessionid=7C1B32529F00FF74DE79911BBC899F36" rc="200" rm="OK" tn="Grupo de Hilos 1-1" dt="text" by="42362"/>
<httpSample t="64" lt="0" ts="1282654688700" s="false" lb="/rss/newsonline_world_edition/front_page/rss.xml" rc="Non HTTP response code: java.net.ConnectException" rm="Non HTTP response message: Connection refused" tn="Grupo de Hilos 1-4" dt="text" by="1535"/>
<httpSample t="17" lt="17" ts="1282654688748" s="true" lb="/iceweb/js/flexigrid/css/flexigrid/flexigrid.css;jsessionid=7C1B32529F00FF74DE79911BBC899F36" rc="200" rm="OK" tn="Grupo de Hilos 1-2" dt="text" by="13979"/>
<httpSample t="20" lt="20" ts="1282654688752" s="true" lb="/iceweb/js/ajax.js;jsessionid=7C1B32529F00FF74DE79911BBC899F36" rc="200" rm="OK" tn="Grupo de Hilos 1-3" dt="text" by="11865"/>
<httpSample t="21" lt="20" ts="1282654688756" s="true" lb="/iceweb/js/jquery-1.4.js;jsessionid=7C1B32529F00FF74DE79911BBC899F36" rc="200" rm="OK" tn="Grupo de Hilos 1-1" dt="text" by="158407"/>
<httpSample t="15" lt="15" ts="1282654688767" s="true" lb="/iceweb/js/ajax.js;jsessionid=7C1B32529F00FF74DE79911BBC899F36" rc="200" rm="OK" tn="Grupo de Hilos 1-2" dt="text" by="11865"/>
<httpSample t="12" lt="12" ts="1282654688774" s="true" lb="/iceweb/js/common.js;jsessionid=7C1B32529F00FF74DE79911BBC899F36" rc="200" rm="OK" tn="Grupo de Hilos 1-3" dt="text" by="1161"/>
<httpSample t="11" lt="11" ts="1282654688779" s="true" lb="/iceweb/js/OpenLayersExt.js;jsessionid=7C1B32529F00FF74DE79911BBC899F36" rc="200" rm="OK" tn="Grupo de Hilos 1-1" dt="text" by="12330"/>
<httpSample t="10" lt="10" ts="1282654688784" s="true" lb="/iceweb/js/common.js;jsessionid=7C1B32529F00FF74DE79911BBC899F36" rc="200" rm="OK" tn="Grupo de Hilos 1-2" dt="text" by="1161"/>
<httpSample t="8" lt="8" ts="1282654688788" s="true" lb="/iceweb/js/flexigrid/CentroPagedGrid.js;jsessionid=7C1B32529F00FF74DE79911BBC899F36" rc="200" rm="OK" tn="Grupo de Hilos 1-3" dt="text" by="42362"/>
<httpSample t="68" lt="0" ts="1282654688728" s="false" lb="/rss/newsonline_world_edition/front_page/rss.xml" rc="Non HTTP response code: java.net.ConnectException" rm="Non HTTP response message: Connection refused" tn="Grupo de Hilos 1-5" dt="text" by="1535"/>
<httpSample t="9" lt="9" ts="1282654688791" s="true" lb="/iceweb/js/json.js;jsessionid=7C1B32529F00FF74DE79911BBC899F36" rc="200" rm="OK" tn="Grupo de Hilos 1-1" dt="text" by="7788"/>
<httpSample t="6" lt="6" ts="1282654688796" s="true" lb="/iceweb/js/flexigrid/CentroPagedGrid.js;jsessionid=7C1B32529F00FF74DE79911BBC899F36" rc="200" rm="OK" tn="Grupo de Hilos 1-2" dt="text" by="42362"/>
<httpSample t="9" lt="9" ts="1282654688798" s="true" lb="/iceweb/js/jquery-1.4.js;jsessionid=7C1B32529F00FF74DE79911BBC899F36" rc="200" rm="OK" tn="Grupo de Hilos 1-3" dt="text" by="158407"/>
<httpSample t="5" lt="5" ts="1282654688803" s="true" lb="/iceweb/js/jquery-1.4.js;jsessionid=7C1B32529F00FF74DE79911BBC899F36" rc="200" rm="OK" tn="Grupo de Hilos 1-2" dt="text" by="158407"/>
<httpSample t="5" lt="5" ts="1282654688814" s="true" lb="/iceweb/js/OpenLayersExt.js;jsessionid=7C1B32529F00FF74DE79911BBC899F36" rc="200" rm="OK" tn="Grupo de Hilos 1-3" dt="text" by="12330"/>
<httpSample t="13" lt="13" ts="1282654688815" s="true" lb="/iceweb/js/OpenLayersExt.js;jsessionid=7C1B32529F00FF74DE79911BBC899F36" rc="200" rm="OK" tn="Grupo de Hilos 1-2" dt="text" by="12330"/>
<httpSample t="3" lt="3" ts="1282654688826" s="true" lb="/iceweb/js/json.js;jsessionid=7C1B32529F00FF74DE79911BBC899F36" rc="200" rm="OK" tn="Grupo de Hilos 1-3" dt="text" by="7788"/>
<httpSample t="64" lt="0" ts="1282654688767" s="false" lb="/news/rss.xml" rc="Non HTTP response code: java.net.ConnectException" rm="Non HTTP response message: Connection refused" tn="Grupo de Hilos 1-4" dt="text" by="1535"/>
<httpSample t="6" lt="6" ts="1282654688830" s="true" lb="/iceweb/js/json.js;jsessionid=7C1B32529F00FF74DE79911BBC899F36" rc="200" rm="OK" tn="Grupo de Hilos 1-2" dt="text" by="7788"/>
<httpSample t="12" lt="0" ts="1282654688836" s="true" lb="/iceweb" rc="200" rm="OK" tn="Grupo de Hilos 1-4" dt="text" by="8397">
  <httpSample t="0" lt="0" ts="1282654688836" s="true" lb="http://localhost:8080/iceweb" rc="302" rm="Movido temporálmente" tn="" dt="" by="0"/>
  <httpSample t="11" lt="11" ts="1282654688837" s="true" lb="http://localhost:8080/iceweb/" rc="200" rm="OK" tn="Grupo de Hilos 1-4" dt="text" by="8397"/>
</httpSample>
<httpSample t="65" lt="0" ts="1282654688798" s="false" lb="/news/rss.xml" rc="Non HTTP response code: java.net.ConnectException" rm="Non HTTP response message: Connection refused" tn="Grupo de Hilos 1-5" dt="text" by="1535"/>
<httpSample t="25" lt="25" ts="1282654688850" s="true" lb="/iceweb/" rc="200" rm="OK" tn="Grupo de Hilos 1-4" dt="text" by="8397"/>
<httpSample t="3" lt="3" ts="1282654688877" s="true" lb="/iceweb/styles/style.css;jsessionid=7C1B32529F00FF74DE79911BBC899F36" rc="200" rm="OK" tn="Grupo de Hilos 1-4" dt="text" by="2588"/>
<httpSample t="27" lt="1" ts="1282654688865" s="true" lb="/iceweb" rc="200" rm="OK" tn="Grupo de Hilos 1-5" dt="text" by="8397">
  <httpSample t="1" lt="1" ts="1282654688865" s="true" lb="http://localhost:8080/iceweb" rc="302" rm="Movido temporálmente" tn="" dt="" by="0"/>
  <httpSample t="26" lt="26" ts="1282654688866" s="true" lb="http://localhost:8080/iceweb/" rc="200" rm="OK" tn="Grupo de Hilos 1-5" dt="text" by="8397"/>
</httpSample>
<httpSample t="15" lt="15" ts="1282654688881" s="true" lb="/iceweb/js/flexigrid/css/flexigrid/flexigrid.css;jsessionid=7C1B32529F00FF74DE79911BBC899F36" rc="200" rm="OK" tn="Grupo de Hilos 1-4" dt="text" by="13979"/>
<httpSample t="4" lt="3" ts="1282654688898" s="true" lb="/iceweb/js/ajax.js;jsessionid=7C1B32529F00FF74DE79911BBC899F36" rc="200" rm="OK" tn="Grupo de Hilos 1-4" dt="text" by="11865"/>
<httpSample t="2" lt="2" ts="1282654688905" s="true" lb="/iceweb/js/common.js;jsessionid=7C1B32529F00FF74DE79911BBC899F36" rc="200" rm="OK" tn="Grupo de Hilos 1-4" dt="text" by="1161"/>
<httpSample t="16" lt="16" ts="1282654688894" s="true" lb="/iceweb/" rc="200" rm="OK" tn="Grupo de Hilos 1-5" dt="text" by="8397"/>
<httpSample t="5" lt="5" ts="1282654688909" s="true" lb="/iceweb/js/flexigrid/CentroPagedGrid.js;jsessionid=7C1B32529F00FF74DE79911BBC899F36" rc="200" rm="OK" tn="Grupo de Hilos 1-4" dt="text" by="42362"/>
<httpSample t="6" lt="6" ts="1282654688911" s="true" lb="/iceweb/styles/style.css;jsessionid=7C1B32529F00FF74DE79911BBC899F36" rc="200" rm="OK" tn="Grupo de Hilos 1-5" dt="text" by="2588"/>
<httpSample t="6" lt="6" ts="1282654688915" s="true" lb="/iceweb/js/jquery-1.4.js;jsessionid=7C1B32529F00FF74DE79911BBC899F36" rc="200" rm="OK" tn="Grupo de Hilos 1-4" dt="text" by="158407"/>
<httpSample t="6" lt="6" ts="1282654688919" s="true" lb="/iceweb/js/flexigrid/css/flexigrid/flexigrid.css;jsessionid=7C1B32529F00FF74DE79911BBC899F36" rc="200" rm="OK" tn="Grupo de Hilos 1-5" dt="text" by="13979"/>
<httpSample t="6" lt="6" ts="1282654688923" s="true" lb="/iceweb/js/OpenLayersExt.js;jsessionid=7C1B32529F00FF74DE79911BBC899F36" rc="200" rm="OK" tn="Grupo de Hilos 1-4" dt="text" by="12330"/>
<httpSample t="6" lt="6" ts="1282654688927" s="true" lb="/iceweb/js/ajax.js;jsessionid=7C1B32529F00FF74DE79911BBC899F36" rc="200" rm="OK" tn="Grupo de Hilos 1-5" dt="text" by="11865"/>
<httpSample t="5" lt="5" ts="1282654688931" s="true" lb="/iceweb/js/json.js;jsessionid=7C1B32529F00FF74DE79911BBC899F36" rc="200" rm="OK" tn="Grupo de Hilos 1-4" dt="text" by="7788"/>
<httpSample t="6" lt="6" ts="1282654688934" s="true" lb="/iceweb/js/common.js;jsessionid=7C1B32529F00FF74DE79911BBC899F36" rc="200" rm="OK" tn="Grupo de Hilos 1-5" dt="text" by="1161"/>
<httpSample t="2" lt="1" ts="1282654688942" s="true" lb="/iceweb/js/flexigrid/CentroPagedGrid.js;jsessionid=7C1B32529F00FF74DE79911BBC899F36" rc="200" rm="OK" tn="Grupo de Hilos 1-5" dt="text" by="42362"/>
<httpSample t="3" lt="2" ts="1282654688945" s="true" lb="/iceweb/js/jquery-1.4.js;jsessionid=7C1B32529F00FF74DE79911BBC899F36" rc="200" rm="OK" tn="Grupo de Hilos 1-5" dt="text" by="158407"/>
<httpSample t="2" lt="2" ts="1282654688949" s="true" lb="/iceweb/js/OpenLayersExt.js;jsessionid=7C1B32529F00FF74DE79911BBC899F36" rc="200" rm="OK" tn="Grupo de Hilos 1-5" dt="text" by="12330"/>
<httpSample t="2" lt="2" ts="1282654688953" s="true" lb="/iceweb/js/json.js;jsessionid=7C1B32529F00FF74DE79911BBC899F36" rc="200" rm="OK" tn="Grupo de Hilos 1-5" dt="text" by="7788"/>

</testResults>