<?xml version="1.0" encoding="UTF-8" ?>
<testsuite errors="0" skipped="0" tests="3" time="0.667" failures="0" name="TestSuite">
  <properties>
    <property value="Java(TM) 2 Runtime Environment, Standard Edition" name="java.runtime.name"/>
    <property value="/System/Library/Frameworks/JavaVM.framework/Versions/1.5.0/Libraries" name="sun.boot.library.path"/>
    <property value="1.5.0_16-132" name="java.vm.version"/>
    <property value="true" name="awt.nativeDoubleBuffering"/>
    <property value="false" name="gopherProxySet"/>
    <property value="&quot;Apple Computer, Inc.&quot;" name="java.vm.vendor"/>
    <property value="http://apple.com/" name="java.vendor.url"/>
    <property value=":" name="path.separator"/>
    <property value="Java HotSpot(TM) Client VM" name="java.vm.name"/>
    <property value="sun.io" name="file.encoding.pkg"/>
    <property value="ES" name="user.country"/>
    <property value="SUN_STANDARD" name="sun.java.launcher"/>
    <property value="unknown" name="sun.os.patch.level"/>
    <property value="Java Virtual Machine Specification" name="java.vm.specification.name"/>
    <property value="/Users/Antonio/usr/workspace-office/sonar-plugins-trunk/pdf-report/sonar-pdfreport-plugin" name="user.dir"/>
    <property value="1.5.0_16-b06-275" name="java.runtime.version"/>
    <property value="apple.awt.CGraphicsEnvironment" name="java.awt.graphicsenv"/>
    <property value="/Users/Antonio/usr/workspace-office/sonar-plugins-trunk/pdf-report/sonar-pdfreport-plugin" name="basedir"/>
    <property value="/System/Library/Frameworks/JavaVM.framework/Versions/1.5.0/Home/lib/endorsed" name="java.endorsed.dirs"/>
    <property value="i386" name="os.arch"/>
    <property value="/tmp/surefirebooter60065.jar:/System/Library/Frameworks/JavaVM.framework/Versions/1.5.0/Classes/.compatibility/14compatibility.jar" name="surefire.real.class.path"/>
    <property value="/tmp" name="java.io.tmpdir"/>
    <property value="
" name="line.separator"/>
    <property value="Sun Microsystems Inc." name="java.vm.specification.vendor"/>
    <property value="Mac OS X" name="os.name"/>
    <property value="MacRoman" name="sun.jnu.encoding"/>
    <property value=".:/Library/Java/Extensions:/System/Library/Java/Extensions:/usr/lib/java" name="java.library.path"/>
    <property value="/Users/Antonio/usr/workspace-office/sonar-plugins-trunk/pdf-report/sonar-pdfreport-plugin/target/test-classes:/Users/Antonio/usr/workspace-office/sonar-plugins-trunk/pdf-report/sonar-pdfreport-plugin/target/classes:/Users/Antonio/.m2/repository/org/codehaus/sonar/sonar-plugin-api/2.0.1/sonar-plugin-api-2.0.1.jar:/Users/Antonio/.m2/repository/org/codehaus/sonar/sonar-squid/2.0.1/sonar-squid-2.0.1.jar:/Users/Antonio/.m2/repository/org/codehaus/sonar/sonar-graph/2.0.1/sonar-graph-2.0.1.jar:/Users/Antonio/.m2/repository/commons-lang/commons-lang/2.4/commons-lang-2.4.jar:/Users/Antonio/.m2/repository/com/google/collections/google-collections/1.0/google-collections-1.0.jar:/Users/Antonio/.m2/repository/checkstyle/checkstyle/4.4/checkstyle-4.4.jar:/Users/Antonio/.m2/repository/antlr/antlr/2.7.6/antlr-2.7.6.jar:/Users/Antonio/.m2/repository/commons-beanutils/commons-beanutils-core/1.8.0/commons-beanutils-core-1.8.0.jar:/Users/Antonio/.m2/repository/commons-collections/commons-collections/3.2.1/commons-collections-3.2.1.jar:/Users/Antonio/.m2/repository/asm/asm-all/3.2/asm-all-3.2.jar:/Users/Antonio/.m2/repository/commons-io/commons-io/1.4/commons-io-1.4.jar:/Users/Antonio/.m2/repository/org/slf4j/slf4j-api/1.5.6/slf4j-api-1.5.6.jar:/Users/Antonio/.m2/repository/org/picocontainer/picocontainer/2.9/picocontainer-2.9.jar:/Users/Antonio/.m2/repository/org/codehaus/sonar/sonar-colorizer/2.0.1/sonar-colorizer-2.0.1.jar:/Users/Antonio/.m2/repository/org/hibernate/hibernate-core/3.3.2.GA/hibernate-core-3.3.2.GA.jar:/Users/Antonio/.m2/repository/dom4j/dom4j/1.6.1/dom4j-1.6.1.jar:/Users/Antonio/.m2/repository/xml-apis/xml-apis/1.3.03/xml-apis-1.3.03.jar:/Users/Antonio/.m2/repository/org/hibernate/hibernate-annotations/3.4.0.GA/hibernate-annotations-3.4.0.GA.jar:/Users/Antonio/.m2/repository/org/hibernate/ejb3-persistence/1.0.2.GA/ejb3-persistence-1.0.2.GA.jar:/Users/Antonio/.m2/repository/org/hibernate/hibernate-commons-annotations/3.1.0.GA/hibernate-commons-annotations-3.1.0.GA.jar:/Users/Antonio/.m2/repository/org/hibernate/hibernate-entitymanager/3.4.0.GA/hibernate-entitymanager-3.4.0.GA.jar:/Users/Antonio/.m2/repository/javassist/javassist/3.4.GA/javassist-3.4.GA.jar:/Users/Antonio/.m2/repository/geronimo-spec/geronimo-spec-jta/1.0-M1/geronimo-spec-jta-1.0-M1.jar:/Users/Antonio/.m2/repository/commons-dbcp/commons-dbcp/1.2.2/commons-dbcp-1.2.2.jar:/Users/Antonio/.m2/repository/commons-pool/commons-pool/1.3/commons-pool-1.3.jar:/Users/Antonio/.m2/repository/org/apache/maven/shared/maven-dependency-tree/1.2/maven-dependency-tree-1.2.jar:/Users/Antonio/.m2/repository/org/apache/maven/maven-project/2.0.8/maven-project-2.0.8.jar:/Users/Antonio/.m2/repository/org/apache/maven/maven-settings/2.0.8/maven-settings-2.0.8.jar:/Users/Antonio/.m2/repository/org/apache/maven/maven-model/2.0.8/maven-model-2.0.8.jar:/Users/Antonio/.m2/repository/org/codehaus/plexus/plexus-utils/1.4.9/plexus-utils-1.4.9.jar:/Users/Antonio/.m2/repository/org/codehaus/plexus/plexus-container-default/1.0-alpha-9/plexus-container-default-1.0-alpha-9.jar:/Users/Antonio/.m2/repository/junit/junit/3.8.1/junit-3.8.1.jar:/Users/Antonio/.m2/repository/classworlds/classworlds/1.1-alpha-2/classworlds-1.1-alpha-2.jar:/Users/Antonio/.m2/repository/org/apache/maven/maven-profile/2.0.8/maven-profile-2.0.8.jar:/Users/Antonio/.m2/repository/org/apache/maven/maven-artifact-manager/2.0.8/maven-artifact-manager-2.0.8.jar:/Users/Antonio/.m2/repository/org/apache/maven/maven-repository-metadata/2.0.8/maven-repository-metadata-2.0.8.jar:/Users/Antonio/.m2/repository/org/apache/maven/maven-artifact/2.0.8/maven-artifact-2.0.8.jar:/Users/Antonio/.m2/repository/org/apache/maven/wagon/wagon-provider-api/1.0-beta-2/wagon-provider-api-1.0-beta-2.jar:/Users/Antonio/.m2/repository/org/apache/maven/maven-plugin-registry/2.0.8/maven-plugin-registry-2.0.8.jar:/Users/Antonio/.m2/repository/org/apache/maven/shared/maven-common-artifact-filters/1.2/maven-common-artifact-filters-1.2.jar:/Users/Antonio/.m2/repository/org/apache/maven/maven-plugin-api/2.0.8/maven-plugin-api-2.0.8.jar:/Users/Antonio/.m2/repository/org/apache/maven/shared/maven-plugin-testing-harness/1.1/maven-plugin-testing-harness-1.1.jar:/Users/Antonio/.m2/repository/org/apache/maven/maven-core/2.0/maven-core-2.0.jar:/Users/Antonio/.m2/repository/org/apache/maven/wagon/wagon-file/1.0-alpha-5/wagon-file-1.0-alpha-5.jar:/Users/Antonio/.m2/repository/org/apache/maven/maven-plugin-parameter-documenter/2.0/maven-plugin-parameter-documenter-2.0.jar:/Users/Antonio/.m2/repository/org/apache/maven/wagon/wagon-http-lightweight/1.0-alpha-5/wagon-http-lightweight-1.0-alpha-5.jar:/Users/Antonio/.m2/repository/org/apache/maven/reporting/maven-reporting-api/2.0/maven-reporting-api-2.0.jar:/Users/Antonio/.m2/repository/doxia/doxia-sink-api/1.0-alpha-4/doxia-sink-api-1.0-alpha-4.jar:/Users/Antonio/.m2/repository/org/apache/maven/maven-error-diagnostics/2.0/maven-error-diagnostics-2.0.jar:/Users/Antonio/.m2/repository/commons-cli/commons-cli/1.0/commons-cli-1.0.jar:/Users/Antonio/.m2/repository/org/apache/maven/maven-plugin-descriptor/2.0/maven-plugin-descriptor-2.0.jar:/Users/Antonio/.m2/repository/org/codehaus/plexus/plexus-interactivity-api/1.0-alpha-4/plexus-interactivity-api-1.0-alpha-4.jar:/Users/Antonio/.m2/repository/org/apache/maven/maven-monitor/2.0/maven-monitor-2.0.jar:/Users/Antonio/.m2/repository/org/apache/maven/wagon/wagon-ssh/1.0-alpha-5/wagon-ssh-1.0-alpha-5.jar:/Users/Antonio/.m2/repository/com/jcraft/jsch/0.1.23/jsch-0.1.23.jar:/Users/Antonio/.m2/repository/org/codehaus/plexus/plexus-archiver/1.0-alpha-7/plexus-archiver-1.0-alpha-7.jar:/Users/Antonio/.m2/repository/commons-configuration/commons-configuration/1.6/commons-configuration-1.6.jar:/Users/Antonio/.m2/repository/commons-digester/commons-digester/1.8/commons-digester-1.8.jar:/Users/Antonio/.m2/repository/commons-beanutils/commons-beanutils/1.7.0/commons-beanutils-1.7.0.jar:/Users/Antonio/.m2/repository/commons-codec/commons-codec/1.4/commons-codec-1.4.jar:/Users/Antonio/.m2/repository/org/hibernate/hibernate-ehcache/3.3.2.GA/hibernate-ehcache-3.3.2.GA.jar:/Users/Antonio/.m2/repository/net/sf/ehcache/ehcache/1.2.3/ehcache-1.2.3.jar:/Users/Antonio/.m2/repository/jfree/jfreechart/1.0.9/jfreechart-1.0.9.jar:/Users/Antonio/.m2/repository/jfree/jcommon/1.0.12/jcommon-1.0.12.jar:/Users/Antonio/.m2/repository/org/slf4j/jcl-over-slf4j/1.5.6/jcl-over-slf4j-1.5.6.jar:/Users/Antonio/.m2/repository/com/thoughtworks/xstream/xstream/1.3.1/xstream-1.3.1.jar:/Users/Antonio/.m2/repository/xpp3/xpp3/1.1.3.3/xpp3-1.1.3.3.jar:/Users/Antonio/.m2/repository/org/codehaus/woodstox/woodstox-core-lgpl/4.0.4/woodstox-core-lgpl-4.0.4.jar:/Users/Antonio/.m2/repository/stax/stax-api/1.0.1/stax-api-1.0.1.jar:/Users/Antonio/.m2/repository/org/codehaus/woodstox/stax2-api/3.0.1/stax2-api-3.0.1.jar:/Users/Antonio/.m2/repository/org/codehaus/staxmate/staxmate/2.0.0/staxmate-2.0.0.jar:/Users/Antonio/.m2/repository/xerces/xercesImpl/2.8.1/xercesImpl-2.8.1.jar:/Users/Antonio/.m2/repository/xalan/xalan/2.7.1/xalan-2.7.1.jar:/Users/Antonio/.m2/repository/xalan/serializer/2.7.1/serializer-2.7.1.jar:/Users/Antonio/.m2/repository/pmd/pmd/4.2.5/pmd-4.2.5.jar:/Users/Antonio/.m2/repository/org/codehaus/sonar/sonar-plugin-api/2.0.1/sonar-plugin-api-2.0.1-tests.jar:/Users/Antonio/.m2/repository/org/testng/testng/5.7/testng-5.7-jdk15.jar:/Users/Antonio/.m2/repository/org/mockito/mockito-all/1.7/mockito-all-1.7.jar:/Users/Antonio/.m2/repository/org/slf4j/slf4j-log4j12/1.5.6/slf4j-log4j12-1.5.6.jar:/Users/Antonio/.m2/repository/log4j/log4j/1.2.15/log4j-1.2.15.jar:" name="surefire.test.class.path"/>
    <property value="Java Platform API Specification" name="java.specification.name"/>
    <property value="49.0" name="java.class.version"/>
    <property value="HotSpot Client Compiler" name="sun.management.compiler"/>
    <property value="10.4.11" name="os.version"/>
    <property value="/Users/Antonio" name="user.home"/>
    <property value="Europe/Madrid" name="user.timezone"/>
    <property value="apple.awt.CPrinterJob" name="java.awt.printerjob"/>
    <property value="1.5" name="java.specification.version"/>
    <property value="MacRoman" name="file.encoding"/>
    <property value="Antonio" name="user.name"/>
    <property value="/Users/Antonio/usr/workspace-office/sonar-plugins-trunk/pdf-report/sonar-pdfreport-plugin/target/test-classes:/Users/Antonio/usr/workspace-office/sonar-plugins-trunk/pdf-report/sonar-pdfreport-plugin/target/classes:/Users/Antonio/.m2/repository/org/codehaus/sonar/sonar-plugin-api/2.0.1/sonar-plugin-api-2.0.1.jar:/Users/Antonio/.m2/repository/org/codehaus/sonar/sonar-squid/2.0.1/sonar-squid-2.0.1.jar:/Users/Antonio/.m2/repository/org/codehaus/sonar/sonar-graph/2.0.1/sonar-graph-2.0.1.jar:/Users/Antonio/.m2/repository/commons-lang/commons-lang/2.4/commons-lang-2.4.jar:/Users/Antonio/.m2/repository/com/google/collections/google-collections/1.0/google-collections-1.0.jar:/Users/Antonio/.m2/repository/checkstyle/checkstyle/4.4/checkstyle-4.4.jar:/Users/Antonio/.m2/repository/antlr/antlr/2.7.6/antlr-2.7.6.jar:/Users/Antonio/.m2/repository/commons-beanutils/commons-beanutils-core/1.8.0/commons-beanutils-core-1.8.0.jar:/Users/Antonio/.m2/repository/commons-collections/commons-collections/3.2.1/commons-collections-3.2.1.jar:/Users/Antonio/.m2/repository/asm/asm-all/3.2/asm-all-3.2.jar:/Users/Antonio/.m2/repository/commons-io/commons-io/1.4/commons-io-1.4.jar:/Users/Antonio/.m2/repository/org/slf4j/slf4j-api/1.5.6/slf4j-api-1.5.6.jar:/Users/Antonio/.m2/repository/org/picocontainer/picocontainer/2.9/picocontainer-2.9.jar:/Users/Antonio/.m2/repository/org/codehaus/sonar/sonar-colorizer/2.0.1/sonar-colorizer-2.0.1.jar:/Users/Antonio/.m2/repository/org/hibernate/hibernate-core/3.3.2.GA/hibernate-core-3.3.2.GA.jar:/Users/Antonio/.m2/repository/dom4j/dom4j/1.6.1/dom4j-1.6.1.jar:/Users/Antonio/.m2/repository/xml-apis/xml-apis/1.3.03/xml-apis-1.3.03.jar:/Users/Antonio/.m2/repository/org/hibernate/hibernate-annotations/3.4.0.GA/hibernate-annotations-3.4.0.GA.jar:/Users/Antonio/.m2/repository/org/hibernate/ejb3-persistence/1.0.2.GA/ejb3-persistence-1.0.2.GA.jar:/Users/Antonio/.m2/repository/org/hibernate/hibernate-commons-annotations/3.1.0.GA/hibernate-commons-annotations-3.1.0.GA.jar:/Users/Antonio/.m2/repository/org/hibernate/hibernate-entitymanager/3.4.0.GA/hibernate-entitymanager-3.4.0.GA.jar:/Users/Antonio/.m2/repository/javassist/javassist/3.4.GA/javassist-3.4.GA.jar:/Users/Antonio/.m2/repository/geronimo-spec/geronimo-spec-jta/1.0-M1/geronimo-spec-jta-1.0-M1.jar:/Users/Antonio/.m2/repository/commons-dbcp/commons-dbcp/1.2.2/commons-dbcp-1.2.2.jar:/Users/Antonio/.m2/repository/commons-pool/commons-pool/1.3/commons-pool-1.3.jar:/Users/Antonio/.m2/repository/org/apache/maven/shared/maven-dependency-tree/1.2/maven-dependency-tree-1.2.jar:/Users/Antonio/.m2/repository/org/apache/maven/maven-project/2.0.8/maven-project-2.0.8.jar:/Users/Antonio/.m2/repository/org/apache/maven/maven-settings/2.0.8/maven-settings-2.0.8.jar:/Users/Antonio/.m2/repository/org/apache/maven/maven-model/2.0.8/maven-model-2.0.8.jar:/Users/Antonio/.m2/repository/org/codehaus/plexus/plexus-utils/1.4.9/plexus-utils-1.4.9.jar:/Users/Antonio/.m2/repository/org/codehaus/plexus/plexus-container-default/1.0-alpha-9/plexus-container-default-1.0-alpha-9.jar:/Users/Antonio/.m2/repository/junit/junit/3.8.1/junit-3.8.1.jar:/Users/Antonio/.m2/repository/classworlds/classworlds/1.1-alpha-2/classworlds-1.1-alpha-2.jar:/Users/Antonio/.m2/repository/org/apache/maven/maven-profile/2.0.8/maven-profile-2.0.8.jar:/Users/Antonio/.m2/repository/org/apache/maven/maven-artifact-manager/2.0.8/maven-artifact-manager-2.0.8.jar:/Users/Antonio/.m2/repository/org/apache/maven/maven-repository-metadata/2.0.8/maven-repository-metadata-2.0.8.jar:/Users/Antonio/.m2/repository/org/apache/maven/maven-artifact/2.0.8/maven-artifact-2.0.8.jar:/Users/Antonio/.m2/repository/org/apache/maven/wagon/wagon-provider-api/1.0-beta-2/wagon-provider-api-1.0-beta-2.jar:/Users/Antonio/.m2/repository/org/apache/maven/maven-plugin-registry/2.0.8/maven-plugin-registry-2.0.8.jar:/Users/Antonio/.m2/repository/org/apache/maven/shared/maven-common-artifact-filters/1.2/maven-common-artifact-filters-1.2.jar:/Users/Antonio/.m2/repository/org/apache/maven/maven-plugin-api/2.0.8/maven-plugin-api-2.0.8.jar:/Users/Antonio/.m2/repository/org/apache/maven/shared/maven-plugin-testing-harness/1.1/maven-plugin-testing-harness-1.1.jar:/Users/Antonio/.m2/repository/org/apache/maven/maven-core/2.0/maven-core-2.0.jar:/Users/Antonio/.m2/repository/org/apache/maven/wagon/wagon-file/1.0-alpha-5/wagon-file-1.0-alpha-5.jar:/Users/Antonio/.m2/repository/org/apache/maven/maven-plugin-parameter-documenter/2.0/maven-plugin-parameter-documenter-2.0.jar:/Users/Antonio/.m2/repository/org/apache/maven/wagon/wagon-http-lightweight/1.0-alpha-5/wagon-http-lightweight-1.0-alpha-5.jar:/Users/Antonio/.m2/repository/org/apache/maven/reporting/maven-reporting-api/2.0/maven-reporting-api-2.0.jar:/Users/Antonio/.m2/repository/doxia/doxia-sink-api/1.0-alpha-4/doxia-sink-api-1.0-alpha-4.jar:/Users/Antonio/.m2/repository/org/apache/maven/maven-error-diagnostics/2.0/maven-error-diagnostics-2.0.jar:/Users/Antonio/.m2/repository/commons-cli/commons-cli/1.0/commons-cli-1.0.jar:/Users/Antonio/.m2/repository/org/apache/maven/maven-plugin-descriptor/2.0/maven-plugin-descriptor-2.0.jar:/Users/Antonio/.m2/repository/org/codehaus/plexus/plexus-interactivity-api/1.0-alpha-4/plexus-interactivity-api-1.0-alpha-4.jar:/Users/Antonio/.m2/repository/org/apache/maven/maven-monitor/2.0/maven-monitor-2.0.jar:/Users/Antonio/.m2/repository/org/apache/maven/wagon/wagon-ssh/1.0-alpha-5/wagon-ssh-1.0-alpha-5.jar:/Users/Antonio/.m2/repository/com/jcraft/jsch/0.1.23/jsch-0.1.23.jar:/Users/Antonio/.m2/repository/org/codehaus/plexus/plexus-archiver/1.0-alpha-7/plexus-archiver-1.0-alpha-7.jar:/Users/Antonio/.m2/repository/commons-configuration/commons-configuration/1.6/commons-configuration-1.6.jar:/Users/Antonio/.m2/repository/commons-digester/commons-digester/1.8/commons-digester-1.8.jar:/Users/Antonio/.m2/repository/commons-beanutils/commons-beanutils/1.7.0/commons-beanutils-1.7.0.jar:/Users/Antonio/.m2/repository/commons-codec/commons-codec/1.4/commons-codec-1.4.jar:/Users/Antonio/.m2/repository/org/hibernate/hibernate-ehcache/3.3.2.GA/hibernate-ehcache-3.3.2.GA.jar:/Users/Antonio/.m2/repository/net/sf/ehcache/ehcache/1.2.3/ehcache-1.2.3.jar:/Users/Antonio/.m2/repository/jfree/jfreechart/1.0.9/jfreechart-1.0.9.jar:/Users/Antonio/.m2/repository/jfree/jcommon/1.0.12/jcommon-1.0.12.jar:/Users/Antonio/.m2/repository/org/slf4j/jcl-over-slf4j/1.5.6/jcl-over-slf4j-1.5.6.jar:/Users/Antonio/.m2/repository/com/thoughtworks/xstream/xstream/1.3.1/xstream-1.3.1.jar:/Users/Antonio/.m2/repository/xpp3/xpp3/1.1.3.3/xpp3-1.1.3.3.jar:/Users/Antonio/.m2/repository/org/codehaus/woodstox/woodstox-core-lgpl/4.0.4/woodstox-core-lgpl-4.0.4.jar:/Users/Antonio/.m2/repository/stax/stax-api/1.0.1/stax-api-1.0.1.jar:/Users/Antonio/.m2/repository/org/codehaus/woodstox/stax2-api/3.0.1/stax2-api-3.0.1.jar:/Users/Antonio/.m2/repository/org/codehaus/staxmate/staxmate/2.0.0/staxmate-2.0.0.jar:/Users/Antonio/.m2/repository/xerces/xercesImpl/2.8.1/xercesImpl-2.8.1.jar:/Users/Antonio/.m2/repository/xalan/xalan/2.7.1/xalan-2.7.1.jar:/Users/Antonio/.m2/repository/xalan/serializer/2.7.1/serializer-2.7.1.jar:/Users/Antonio/.m2/repository/pmd/pmd/4.2.5/pmd-4.2.5.jar:/Users/Antonio/.m2/repository/org/codehaus/sonar/sonar-plugin-api/2.0.1/sonar-plugin-api-2.0.1-tests.jar:/Users/Antonio/.m2/repository/org/testng/testng/5.7/testng-5.7-jdk15.jar:/Users/Antonio/.m2/repository/org/mockito/mockito-all/1.7/mockito-all-1.7.jar:/Users/Antonio/.m2/repository/org/slf4j/slf4j-log4j12/1.5.6/slf4j-log4j12-1.5.6.jar:/Users/Antonio/.m2/repository/log4j/log4j/1.2.15/log4j-1.2.15.jar:" name="java.class.path"/>
    <property value="1.0" name="java.vm.specification.version"/>
    <property value="32" name="sun.arch.data.model"/>
    <property value="/System/Library/Frameworks/JavaVM.framework/Versions/1.5.0/Home" name="java.home"/>
    <property value="Sun Microsystems Inc." name="java.specification.vendor"/>
    <property value="es" name="user.language"/>
    <property value="apple.awt.CToolkit" name="awt.toolkit"/>
    <property value="mixed mode, sharing" name="java.vm.info"/>
    <property value="1.5.0_16" name="java.version"/>
    <property value="/Library/Java/Extensions:/System/Library/Java/Extensions:/System/Library/Frameworks/JavaVM.framework/Versions/1.5.0/Home/lib/ext" name="java.ext.dirs"/>
    <property value="/System/Library/Frameworks/JavaVM.framework/Versions/1.5.0/Classes/classes.jar:/System/Library/Frameworks/JavaVM.framework/Versions/1.5.0/Classes/ui.jar:/System/Library/Frameworks/JavaVM.framework/Versions/1.5.0/Classes/laf.jar:/System/Library/Frameworks/JavaVM.framework/Versions/1.5.0/Classes/sunrsasign.jar:/System/Library/Frameworks/JavaVM.framework/Versions/1.5.0/Classes/jsse.jar:/System/Library/Frameworks/JavaVM.framework/Versions/1.5.0/Classes/jce.jar:/System/Library/Frameworks/JavaVM.framework/Versions/1.5.0/Classes/charsets.jar" name="sun.boot.class.path"/>
    <property value="Apple Computer, Inc." name="java.vendor"/>
    <property value="/Users/Antonio/.m2/repository" name="localRepository"/>
    <property value="/" name="file.separator"/>
    <property value="http://developer.apple.com/java/" name="java.vendor.url.bug"/>
    <property value="little" name="sun.cpu.endian"/>
    <property value="UnicodeLittle" name="sun.io.unicode.encoding"/>
    <property value="1040.1.5.0_16-275" name="mrj.version"/>
    <property value="" name="sun.cpu.isalist"/>
  </properties>
  <testcase classname="org.sonar.report.pdf.test.PDFPostJobTest" time="0.294" name="shouldExecuteIfNoSkipParameter"/>
  <testcase classname="org.sonar.report.pdf.test.PDFPostJobTest" time="0.006" name="doNotExecuteIfSkipParameter"/>
  <testcase classname="org.sonar.report.pdf.test.PDFReportPluginTest" time="0.04" name="shouldDefineExtensions"/>
</testsuite>