<?xml version="1.0" encoding="UTF-8" ?>
<testsuite errors="0" skipped="0" tests="1" time="2.391" failures="0" name="TestSuite">
  <properties>
    <property value="Java(TM) 2 Runtime Environment, Standard Edition" name="java.runtime.name"/>
    <property value="/System/Library/Frameworks/JavaVM.framework/Versions/1.5.0/Libraries" name="sun.boot.library.path"/>
    <property value="1.5.0_16-132" name="java.vm.version"/>
    <property value="true" name="awt.nativeDoubleBuffering"/>
    <property value="false" name="gopherProxySet"/>
    <property value="&quot;Apple Computer, Inc.&quot;" name="java.vm.vendor"/>
    <property value="http://apple.com/" name="java.vendor.url"/>
    <property value=":" name="path.separator"/>
    <property value="Java HotSpot(TM) Client VM" name="java.vm.name"/>
    <property value="sun.io" name="file.encoding.pkg"/>
    <property value="ES" name="user.country"/>
    <property value="SUN_STANDARD" name="sun.java.launcher"/>
    <property value="unknown" name="sun.os.patch.level"/>
    <property value="Java Virtual Machine Specification" name="java.vm.specification.name"/>
    <property value="/Users/Antonio/usr/workspace-office/sonar-plugins-trunk/pdf-report/maven-pdfreport-plugin" name="user.dir"/>
    <property value="1.5.0_16-b06-275" name="java.runtime.version"/>
    <property value="apple.awt.CGraphicsEnvironment" name="java.awt.graphicsenv"/>
    <property value="/Users/Antonio/usr/workspace-office/sonar-plugins-trunk/pdf-report/maven-pdfreport-plugin" name="basedir"/>
    <property value="/System/Library/Frameworks/JavaVM.framework/Versions/1.5.0/Home/lib/endorsed" name="java.endorsed.dirs"/>
    <property value="i386" name="os.arch"/>
    <property value="/tmp/surefirebooter62358.jar:/System/Library/Frameworks/JavaVM.framework/Versions/1.5.0/Classes/.compatibility/14compatibility.jar" name="surefire.real.class.path"/>
    <property value="/tmp" name="java.io.tmpdir"/>
    <property value="
" name="line.separator"/>
    <property value="Sun Microsystems Inc." name="java.vm.specification.vendor"/>
    <property value="Mac OS X" name="os.name"/>
    <property value="MacRoman" name="sun.jnu.encoding"/>
    <property value=".:/Library/Java/Extensions:/System/Library/Java/Extensions:/usr/lib/java" name="java.library.path"/>
    <property value="/Users/Antonio/usr/workspace-office/sonar-plugins-trunk/pdf-report/maven-pdfreport-plugin/target/test-classes:/Users/Antonio/usr/workspace-office/sonar-plugins-trunk/pdf-report/maven-pdfreport-plugin/target/classes:/Users/Antonio/.m2/repository/org/apache/maven/maven-plugin-api/2.0/maven-plugin-api-2.0.jar:/Users/Antonio/.m2/repository/org/apache/maven/maven-project/2.0/maven-project-2.0.jar:/Users/Antonio/.m2/repository/org/apache/maven/maven-profile/2.0/maven-profile-2.0.jar:/Users/Antonio/.m2/repository/org/apache/maven/maven-model/2.0/maven-model-2.0.jar:/Users/Antonio/.m2/repository/org/codehaus/plexus/plexus-utils/1.0.4/plexus-utils-1.0.4.jar:/Users/Antonio/.m2/repository/org/codehaus/plexus/plexus-container-default/1.0-alpha-8/plexus-container-default-1.0-alpha-8.jar:/Users/Antonio/.m2/repository/junit/junit/3.8.1/junit-3.8.1.jar:/Users/Antonio/.m2/repository/classworlds/classworlds/1.1-alpha-2/classworlds-1.1-alpha-2.jar:/Users/Antonio/.m2/repository/org/apache/maven/maven-artifact-manager/2.0/maven-artifact-manager-2.0.jar:/Users/Antonio/.m2/repository/org/apache/maven/maven-repository-metadata/2.0/maven-repository-metadata-2.0.jar:/Users/Antonio/.m2/repository/org/apache/maven/maven-artifact/2.0/maven-artifact-2.0.jar:/Users/Antonio/.m2/repository/org/apache/maven/wagon/wagon-provider-api/1.0-alpha-5/wagon-provider-api-1.0-alpha-5.jar:/Users/Antonio/.m2/repository/com/lowagie/itext/2.1.4/itext-2.1.4.jar:/Users/Antonio/.m2/repository/bouncycastle/bcmail-jdk14/138/bcmail-jdk14-138.jar:/Users/Antonio/.m2/repository/bouncycastle/bcprov-jdk14/138/bcprov-jdk14-138.jar:/Users/Antonio/.m2/repository/dom4j/dom4j/1.6.1/dom4j-1.6.1.jar:/Users/Antonio/.m2/repository/xml-apis/xml-apis/1.0.b2/xml-apis-1.0.b2.jar:/Users/Antonio/.m2/repository/jaxen/jaxen/1.1.1/jaxen-1.1.1.jar:/Users/Antonio/.m2/repository/jdom/jdom/1.0/jdom-1.0.jar:/Users/Antonio/.m2/repository/xerces/xercesImpl/2.6.2/xercesImpl-2.6.2.jar:/Users/Antonio/.m2/repository/xom/xom/1.0/xom-1.0.jar:/Users/Antonio/.m2/repository/xerces/xmlParserAPIs/2.6.2/xmlParserAPIs-2.6.2.jar:/Users/Antonio/.m2/repository/xalan/xalan/2.6.0/xalan-2.6.0.jar:/Users/Antonio/.m2/repository/commons-httpclient/commons-httpclient/3.1/commons-httpclient-3.1.jar:/Users/Antonio/.m2/repository/commons-logging/commons-logging/1.0.4/commons-logging-1.0.4.jar:/Users/Antonio/.m2/repository/commons-codec/commons-codec/1.2/commons-codec-1.2.jar:/Users/Antonio/.m2/repository/org/testng/testng/5.7/testng-5.7-jdk15.jar:/Users/Antonio/.m2/repository/org/slf4j/slf4j-log4j12/1.5.6/slf4j-log4j12-1.5.6.jar:/Users/Antonio/.m2/repository/org/slf4j/slf4j-api/1.5.6/slf4j-api-1.5.6.jar:/Users/Antonio/.m2/repository/log4j/log4j/1.2.15/log4j-1.2.15.jar:" name="surefire.test.class.path"/>
    <property value="Java Platform API Specification" name="java.specification.name"/>
    <property value="49.0" name="java.class.version"/>
    <property value="HotSpot Client Compiler" name="sun.management.compiler"/>
    <property value="10.4.11" name="os.version"/>
    <property value="/Users/Antonio" name="user.home"/>
    <property value="Europe/Madrid" name="user.timezone"/>
    <property value="apple.awt.CPrinterJob" name="java.awt.printerjob"/>
    <property value="1.5" name="java.specification.version"/>
    <property value="MacRoman" name="file.encoding"/>
    <property value="Antonio" name="user.name"/>
    <property value="/Users/Antonio/usr/workspace-office/sonar-plugins-trunk/pdf-report/maven-pdfreport-plugin/target/test-classes:/Users/Antonio/usr/workspace-office/sonar-plugins-trunk/pdf-report/maven-pdfreport-plugin/target/classes:/Users/Antonio/.m2/repository/org/apache/maven/maven-plugin-api/2.0/maven-plugin-api-2.0.jar:/Users/Antonio/.m2/repository/org/apache/maven/maven-project/2.0/maven-project-2.0.jar:/Users/Antonio/.m2/repository/org/apache/maven/maven-profile/2.0/maven-profile-2.0.jar:/Users/Antonio/.m2/repository/org/apache/maven/maven-model/2.0/maven-model-2.0.jar:/Users/Antonio/.m2/repository/org/codehaus/plexus/plexus-utils/1.0.4/plexus-utils-1.0.4.jar:/Users/Antonio/.m2/repository/org/codehaus/plexus/plexus-container-default/1.0-alpha-8/plexus-container-default-1.0-alpha-8.jar:/Users/Antonio/.m2/repository/junit/junit/3.8.1/junit-3.8.1.jar:/Users/Antonio/.m2/repository/classworlds/classworlds/1.1-alpha-2/classworlds-1.1-alpha-2.jar:/Users/Antonio/.m2/repository/org/apache/maven/maven-artifact-manager/2.0/maven-artifact-manager-2.0.jar:/Users/Antonio/.m2/repository/org/apache/maven/maven-repository-metadata/2.0/maven-repository-metadata-2.0.jar:/Users/Antonio/.m2/repository/org/apache/maven/maven-artifact/2.0/maven-artifact-2.0.jar:/Users/Antonio/.m2/repository/org/apache/maven/wagon/wagon-provider-api/1.0-alpha-5/wagon-provider-api-1.0-alpha-5.jar:/Users/Antonio/.m2/repository/com/lowagie/itext/2.1.4/itext-2.1.4.jar:/Users/Antonio/.m2/repository/bouncycastle/bcmail-jdk14/138/bcmail-jdk14-138.jar:/Users/Antonio/.m2/repository/bouncycastle/bcprov-jdk14/138/bcprov-jdk14-138.jar:/Users/Antonio/.m2/repository/dom4j/dom4j/1.6.1/dom4j-1.6.1.jar:/Users/Antonio/.m2/repository/xml-apis/xml-apis/1.0.b2/xml-apis-1.0.b2.jar:/Users/Antonio/.m2/repository/jaxen/jaxen/1.1.1/jaxen-1.1.1.jar:/Users/Antonio/.m2/repository/jdom/jdom/1.0/jdom-1.0.jar:/Users/Antonio/.m2/repository/xerces/xercesImpl/2.6.2/xercesImpl-2.6.2.jar:/Users/Antonio/.m2/repository/xom/xom/1.0/xom-1.0.jar:/Users/Antonio/.m2/repository/xerces/xmlParserAPIs/2.6.2/xmlParserAPIs-2.6.2.jar:/Users/Antonio/.m2/repository/xalan/xalan/2.6.0/xalan-2.6.0.jar:/Users/Antonio/.m2/repository/commons-httpclient/commons-httpclient/3.1/commons-httpclient-3.1.jar:/Users/Antonio/.m2/repository/commons-logging/commons-logging/1.0.4/commons-logging-1.0.4.jar:/Users/Antonio/.m2/repository/commons-codec/commons-codec/1.2/commons-codec-1.2.jar:/Users/Antonio/.m2/repository/org/testng/testng/5.7/testng-5.7-jdk15.jar:/Users/Antonio/.m2/repository/org/slf4j/slf4j-log4j12/1.5.6/slf4j-log4j12-1.5.6.jar:/Users/Antonio/.m2/repository/org/slf4j/slf4j-api/1.5.6/slf4j-api-1.5.6.jar:/Users/Antonio/.m2/repository/log4j/log4j/1.2.15/log4j-1.2.15.jar:" name="java.class.path"/>
    <property value="1.0" name="java.vm.specification.version"/>
    <property value="32" name="sun.arch.data.model"/>
    <property value="/System/Library/Frameworks/JavaVM.framework/Versions/1.5.0/Home" name="java.home"/>
    <property value="Sun Microsystems Inc." name="java.specification.vendor"/>
    <property value="es" name="user.language"/>
    <property value="apple.awt.CToolkit" name="awt.toolkit"/>
    <property value="mixed mode, sharing" name="java.vm.info"/>
    <property value="1.5.0_16" name="java.version"/>
    <property value="/Library/Java/Extensions:/System/Library/Java/Extensions:/System/Library/Frameworks/JavaVM.framework/Versions/1.5.0/Home/lib/ext" name="java.ext.dirs"/>
    <property value="/System/Library/Frameworks/JavaVM.framework/Versions/1.5.0/Classes/classes.jar:/System/Library/Frameworks/JavaVM.framework/Versions/1.5.0/Classes/ui.jar:/System/Library/Frameworks/JavaVM.framework/Versions/1.5.0/Classes/laf.jar:/System/Library/Frameworks/JavaVM.framework/Versions/1.5.0/Classes/sunrsasign.jar:/System/Library/Frameworks/JavaVM.framework/Versions/1.5.0/Classes/jsse.jar:/System/Library/Frameworks/JavaVM.framework/Versions/1.5.0/Classes/jce.jar:/System/Library/Frameworks/JavaVM.framework/Versions/1.5.0/Classes/charsets.jar" name="sun.boot.class.path"/>
    <property value="Apple Computer, Inc." name="java.vendor"/>
    <property value="/Users/Antonio/.m2/repository" name="localRepository"/>
    <property value="/" name="file.separator"/>
    <property value="http://developer.apple.com/java/" name="java.vendor.url.bug"/>
    <property value="little" name="sun.cpu.endian"/>
    <property value="UnicodeLittle" name="sun.io.unicode.encoding"/>
    <property value="1040.1.5.0_16-275" name="mrj.version"/>
    <property value="" name="sun.cpu.isalist"/>
  </properties>
  <testcase classname="org.sonar.report.pdf.test.MetricsTest" time="2.079" name="metricsShouldBeConsistent"/>
</testsuite>