<?xml version="1.0" encoding="UTF-8"?>
<testResults version="1.2">
<httpSample t="188" lt="188" ts="1339401196300" s="false" lb="/iceweb/" rc="401" rm="Unauthorized" tn="Grupo de Hilos 1-1" dt="text" by="1119"/>
<httpSample t="13" lt="13" ts="1339401196368" s="false" lb="/iceweb/styles/img/south-mini.png" rc="401" rm="Unauthorized" tn="Grupo de Hilos 1-1" dt="text" by="1119"/>
<httpSample t="13" lt="13" ts="1339401196385" s="false" lb="/iceweb/restful/Centro/findMarcasCuadriculaByFilter" rc="401" rm="Unauthorized" tn="Grupo de Hilos 1-1" dt="text" by="1119"/>
<httpSample t="29" lt="29" ts="1339401196415" s="false" lb="/iceweb/restful/Centro/findPagedByVentanaAndFilter" rc="401" rm="Unauthorized" tn="Grupo de Hilos 1-1" dt="text" by="1119"/>
<sample t="326" lt="0" ts="1339401196416" s="false" lb="HOME" rc="" rm="Number of samples in transaction : 4, number of failing samples : 4" tn="Grupo de Hilos 1-1" dt="" by="4476"/>
<httpSample t="34" lt="34" ts="1339401196451" s="false" lb="/iceweb/js/flexigrid/css/flexigrid/images/up.png" rc="401" rm="Unauthorized" tn="Grupo de Hilos 1-1" dt="text" by="1119">
  <assertionResult>
    <name>Aserción HTML</name>
    <failure>true</failure>
    <error>false</error>
    <failureMessage>Tidy Parser errors:   0 (allowed 0) Tidy Parser warnings: 2 (allowed 0)</failureMessage>
  </assertionResult>
  <assertionResult>
    <name>Aserción HTML</name>
    <failure>true</failure>
    <error>false</error>
    <failureMessage>Tidy Parser errors:   0 (allowed 0) Tidy Parser warnings: 2 (allowed 0)</failureMessage>
  </assertionResult>
</httpSample>
<httpSample t="14" lt="14" ts="1339401196712" s="false" lb="/iceweb/restful/Centro/findPagedByVentanaAndFilter" rc="401" rm="Unauthorized" tn="Grupo de Hilos 1-1" dt="text" by="1119"/>
<sample t="297" lt="0" ts="1339401196713" s="false" lb="SORT" rc="" rm="Number of samples in transaction : 2, number of failing samples : 2" tn="Grupo de Hilos 1-1" dt="" by="2238"/>
<httpSample t="27" lt="27" ts="1339401196741" s="false" lb="/iceweb/" rc="401" rm="Unauthorized" tn="Grupo de Hilos 1-1" dt="text" by="1119"/>
<httpSample t="8" lt="8" ts="1339401196751" s="false" lb="/iceweb/styles/img/south-mini.png" rc="401" rm="Unauthorized" tn="Grupo de Hilos 1-1" dt="text" by="1119"/>
<httpSample t="38" lt="38" ts="1339401196791" s="false" lb="/iceweb/restful/Centro/findMarcasCuadriculaByFilter" rc="401" rm="Unauthorized" tn="Grupo de Hilos 1-1" dt="text" by="1119"/>
<httpSample t="22" lt="22" ts="1339401196814" s="false" lb="/iceweb/restful/Centro/findPagedByVentanaAndFilter" rc="401" rm="Unauthorized" tn="Grupo de Hilos 1-1" dt="text" by="1119"/>
<sample t="100" lt="0" ts="1339401196814" s="false" lb="HOME" rc="" rm="Number of samples in transaction : 4, number of failing samples : 4" tn="Grupo de Hilos 1-1" dt="" by="4476"/>
<httpSample t="7" lt="7" ts="1339401196822" s="false" lb="/iceweb/js/flexigrid/css/flexigrid/images/up.png" rc="401" rm="Unauthorized" tn="Grupo de Hilos 1-1" dt="text" by="1119">
  <assertionResult>
    <name>Aserción HTML</name>
    <failure>true</failure>
    <error>false</error>
    <failureMessage>Tidy Parser errors:   0 (allowed 0) Tidy Parser warnings: 2 (allowed 0)</failureMessage>
  </assertionResult>
  <assertionResult>
    <name>Aserción HTML</name>
    <failure>true</failure>
    <error>false</error>
    <failureMessage>Tidy Parser errors:   0 (allowed 0) Tidy Parser warnings: 2 (allowed 0)</failureMessage>
  </assertionResult>
</httpSample>
<httpSample t="10" lt="10" ts="1339401196867" s="false" lb="/iceweb/restful/Centro/findPagedByVentanaAndFilter" rc="401" rm="Unauthorized" tn="Grupo de Hilos 1-1" dt="text" by="1119"/>
<sample t="53" lt="0" ts="1339401196868" s="false" lb="SORT" rc="" rm="Number of samples in transaction : 2, number of failing samples : 2" tn="Grupo de Hilos 1-1" dt="" by="2238"/>
<httpSample t="8" lt="8" ts="1339401197104" s="false" lb="/iceweb/" rc="401" rm="Unauthorized" tn="Grupo de Hilos 1-2" dt="text" by="1119"/>
<httpSample t="8" lt="8" ts="1339401197114" s="false" lb="/iceweb/styles/img/south-mini.png" rc="401" rm="Unauthorized" tn="Grupo de Hilos 1-2" dt="text" by="1119"/>
<httpSample t="20" lt="20" ts="1339401197136" s="false" lb="/iceweb/restful/Centro/findMarcasCuadriculaByFilter" rc="401" rm="Unauthorized" tn="Grupo de Hilos 1-2" dt="text" by="1119"/>
<httpSample t="10" lt="9" ts="1339401197147" s="false" lb="/iceweb/restful/Centro/findPagedByVentanaAndFilter" rc="401" rm="Unauthorized" tn="Grupo de Hilos 1-2" dt="text" by="1119"/>
<sample t="51" lt="0" ts="1339401197147" s="false" lb="HOME" rc="" rm="Number of samples in transaction : 4, number of failing samples : 4" tn="Grupo de Hilos 1-2" dt="" by="4476"/>
<httpSample t="27" lt="27" ts="1339401197175" s="false" lb="/iceweb/js/flexigrid/css/flexigrid/images/up.png" rc="401" rm="Unauthorized" tn="Grupo de Hilos 1-2" dt="text" by="1119">
  <assertionResult>
    <name>Aserción HTML</name>
    <failure>true</failure>
    <error>false</error>
    <failureMessage>Tidy Parser errors:   0 (allowed 0) Tidy Parser warnings: 2 (allowed 0)</failureMessage>
  </assertionResult>
  <assertionResult>
    <name>Aserción HTML</name>
    <failure>true</failure>
    <error>false</error>
    <failureMessage>Tidy Parser errors:   0 (allowed 0) Tidy Parser warnings: 2 (allowed 0)</failureMessage>
  </assertionResult>
</httpSample>
<httpSample t="8" lt="8" ts="1339401197223" s="false" lb="/iceweb/restful/Centro/findPagedByVentanaAndFilter" rc="401" rm="Unauthorized" tn="Grupo de Hilos 1-2" dt="text" by="1119"/>
<sample t="76" lt="0" ts="1339401197224" s="false" lb="SORT" rc="" rm="Number of samples in transaction : 2, number of failing samples : 2" tn="Grupo de Hilos 1-2" dt="" by="2238"/>
<httpSample t="15" lt="15" ts="1339401197239" s="false" lb="/iceweb/" rc="401" rm="Unauthorized" tn="Grupo de Hilos 1-2" dt="text" by="1119"/>
<httpSample t="22" lt="22" ts="1339401197263" s="false" lb="/iceweb/styles/img/south-mini.png" rc="401" rm="Unauthorized" tn="Grupo de Hilos 1-2" dt="text" by="1119"/>
<httpSample t="26" lt="26" ts="1339401197291" s="false" lb="/iceweb/restful/Centro/findMarcasCuadriculaByFilter" rc="401" rm="Unauthorized" tn="Grupo de Hilos 1-2" dt="text" by="1119"/>
<httpSample t="9" lt="9" ts="1339401197301" s="false" lb="/iceweb/restful/Centro/findPagedByVentanaAndFilter" rc="401" rm="Unauthorized" tn="Grupo de Hilos 1-2" dt="text" by="1119"/>
<sample t="78" lt="0" ts="1339401197302" s="false" lb="HOME" rc="" rm="Number of samples in transaction : 4, number of failing samples : 4" tn="Grupo de Hilos 1-2" dt="" by="4476"/>
<httpSample t="18" lt="18" ts="1339401197321" s="false" lb="/iceweb/js/flexigrid/css/flexigrid/images/up.png" rc="401" rm="Unauthorized" tn="Grupo de Hilos 1-2" dt="text" by="1119">
  <assertionResult>
    <name>Aserción HTML</name>
    <failure>true</failure>
    <error>false</error>
    <failureMessage>Tidy Parser errors:   0 (allowed 0) Tidy Parser warnings: 2 (allowed 0)</failureMessage>
  </assertionResult>
  <assertionResult>
    <name>Aserción HTML</name>
    <failure>true</failure>
    <error>false</error>
    <failureMessage>Tidy Parser errors:   0 (allowed 0) Tidy Parser warnings: 2 (allowed 0)</failureMessage>
  </assertionResult>
</httpSample>
<httpSample t="16" lt="16" ts="1339401197366" s="false" lb="/iceweb/restful/Centro/findPagedByVentanaAndFilter" rc="401" rm="Unauthorized" tn="Grupo de Hilos 1-2" dt="text" by="1119"/>
<sample t="64" lt="0" ts="1339401197367" s="false" lb="SORT" rc="" rm="Number of samples in transaction : 2, number of failing samples : 2" tn="Grupo de Hilos 1-2" dt="" by="2238"/>
<httpSample t="6" lt="6" ts="1339401198104" s="false" lb="/iceweb/" rc="401" rm="Unauthorized" tn="Grupo de Hilos 1-3" dt="text" by="1119"/>
<httpSample t="8" lt="8" ts="1339401198114" s="false" lb="/iceweb/styles/img/south-mini.png" rc="401" rm="Unauthorized" tn="Grupo de Hilos 1-3" dt="text" by="1119"/>
<httpSample t="13" lt="13" ts="1339401198129" s="false" lb="/iceweb/restful/Centro/findMarcasCuadriculaByFilter" rc="401" rm="Unauthorized" tn="Grupo de Hilos 1-3" dt="text" by="1119"/>
<httpSample t="21" lt="21" ts="1339401198152" s="false" lb="/iceweb/restful/Centro/findPagedByVentanaAndFilter" rc="401" rm="Unauthorized" tn="Grupo de Hilos 1-3" dt="text" by="1119"/>
<sample t="56" lt="0" ts="1339401198153" s="false" lb="HOME" rc="" rm="Number of samples in transaction : 4, number of failing samples : 4" tn="Grupo de Hilos 1-3" dt="" by="4476"/>
<httpSample t="29" lt="29" ts="1339401198182" s="false" lb="/iceweb/js/flexigrid/css/flexigrid/images/up.png" rc="401" rm="Unauthorized" tn="Grupo de Hilos 1-3" dt="text" by="1119">
  <assertionResult>
    <name>Aserción HTML</name>
    <failure>true</failure>
    <error>false</error>
    <failureMessage>Tidy Parser errors:   0 (allowed 0) Tidy Parser warnings: 2 (allowed 0)</failureMessage>
  </assertionResult>
  <assertionResult>
    <name>Aserción HTML</name>
    <failure>true</failure>
    <error>false</error>
    <failureMessage>Tidy Parser errors:   0 (allowed 0) Tidy Parser warnings: 2 (allowed 0)</failureMessage>
  </assertionResult>
</httpSample>
<httpSample t="6" lt="6" ts="1339401198242" s="false" lb="/iceweb/restful/Centro/findPagedByVentanaAndFilter" rc="401" rm="Unauthorized" tn="Grupo de Hilos 1-3" dt="text" by="1119"/>
<sample t="90" lt="0" ts="1339401198243" s="false" lb="SORT" rc="" rm="Number of samples in transaction : 2, number of failing samples : 2" tn="Grupo de Hilos 1-3" dt="" by="2238"/>
<httpSample t="11" lt="10" ts="1339401198255" s="false" lb="/iceweb/" rc="401" rm="Unauthorized" tn="Grupo de Hilos 1-3" dt="text" by="1119"/>
<httpSample t="15" lt="15" ts="1339401198271" s="false" lb="/iceweb/styles/img/south-mini.png" rc="401" rm="Unauthorized" tn="Grupo de Hilos 1-3" dt="text" by="1119"/>
<httpSample t="11" lt="11" ts="1339401198283" s="false" lb="/iceweb/restful/Centro/findMarcasCuadriculaByFilter" rc="401" rm="Unauthorized" tn="Grupo de Hilos 1-3" dt="text" by="1119"/>
<httpSample t="43" lt="43" ts="1339401198327" s="false" lb="/iceweb/restful/Centro/findPagedByVentanaAndFilter" rc="401" rm="Unauthorized" tn="Grupo de Hilos 1-3" dt="text" by="1119"/>
<sample t="85" lt="0" ts="1339401198328" s="false" lb="HOME" rc="" rm="Number of samples in transaction : 4, number of failing samples : 4" tn="Grupo de Hilos 1-3" dt="" by="4476"/>
<httpSample t="51" lt="51" ts="1339401198379" s="false" lb="/iceweb/js/flexigrid/css/flexigrid/images/up.png" rc="401" rm="Unauthorized" tn="Grupo de Hilos 1-3" dt="text" by="1119">
  <assertionResult>
    <name>Aserción HTML</name>
    <failure>true</failure>
    <error>false</error>
    <failureMessage>Tidy Parser errors:   0 (allowed 0) Tidy Parser warnings: 2 (allowed 0)</failureMessage>
  </assertionResult>
  <assertionResult>
    <name>Aserción HTML</name>
    <failure>true</failure>
    <error>false</error>
    <failureMessage>Tidy Parser errors:   0 (allowed 0) Tidy Parser warnings: 2 (allowed 0)</failureMessage>
  </assertionResult>
</httpSample>
<httpSample t="32" lt="32" ts="1339401198421" s="false" lb="/iceweb/restful/Centro/findPagedByVentanaAndFilter" rc="401" rm="Unauthorized" tn="Grupo de Hilos 1-3" dt="text" by="1119"/>
<sample t="94" lt="0" ts="1339401198422" s="false" lb="SORT" rc="" rm="Number of samples in transaction : 2, number of failing samples : 2" tn="Grupo de Hilos 1-3" dt="" by="2238"/>
<httpSample t="10" lt="10" ts="1339401199096" s="false" lb="/iceweb/" rc="401" rm="Unauthorized" tn="Grupo de Hilos 1-4" dt="text" by="1119"/>
<httpSample t="15" lt="15" ts="1339401199113" s="false" lb="/iceweb/styles/img/south-mini.png" rc="401" rm="Unauthorized" tn="Grupo de Hilos 1-4" dt="text" by="1119"/>
<httpSample t="10" lt="10" ts="1339401199125" s="false" lb="/iceweb/restful/Centro/findMarcasCuadriculaByFilter" rc="401" rm="Unauthorized" tn="Grupo de Hilos 1-4" dt="text" by="1119"/>
<httpSample t="35" lt="35" ts="1339401199162" s="false" lb="/iceweb/restful/Centro/findPagedByVentanaAndFilter" rc="401" rm="Unauthorized" tn="Grupo de Hilos 1-4" dt="text" by="1119"/>
<sample t="77" lt="0" ts="1339401199163" s="false" lb="HOME" rc="" rm="Number of samples in transaction : 4, number of failing samples : 4" tn="Grupo de Hilos 1-4" dt="" by="4476"/>
<httpSample t="14" lt="14" ts="1339401199177" s="false" lb="/iceweb/js/flexigrid/css/flexigrid/images/up.png" rc="401" rm="Unauthorized" tn="Grupo de Hilos 1-4" dt="text" by="1119">
  <assertionResult>
    <name>Aserción HTML</name>
    <failure>true</failure>
    <error>false</error>
    <failureMessage>Tidy Parser errors:   0 (allowed 0) Tidy Parser warnings: 2 (allowed 0)</failureMessage>
  </assertionResult>
  <assertionResult>
    <name>Aserción HTML</name>
    <failure>true</failure>
    <error>false</error>
    <failureMessage>Tidy Parser errors:   0 (allowed 0) Tidy Parser warnings: 2 (allowed 0)</failureMessage>
  </assertionResult>
</httpSample>
<httpSample t="13" lt="13" ts="1339401199198" s="false" lb="/iceweb/restful/Centro/findPagedByVentanaAndFilter" rc="401" rm="Unauthorized" tn="Grupo de Hilos 1-4" dt="text" by="1119"/>
<sample t="37" lt="0" ts="1339401199200" s="false" lb="SORT" rc="" rm="Number of samples in transaction : 2, number of failing samples : 2" tn="Grupo de Hilos 1-4" dt="" by="2238"/>
<httpSample t="20" lt="20" ts="1339401199221" s="false" lb="/iceweb/" rc="401" rm="Unauthorized" tn="Grupo de Hilos 1-4" dt="text" by="1119"/>
<httpSample t="11" lt="11" ts="1339401199232" s="false" lb="/iceweb/styles/img/south-mini.png" rc="401" rm="Unauthorized" tn="Grupo de Hilos 1-4" dt="text" by="1119"/>
<httpSample t="22" lt="22" ts="1339401199259" s="false" lb="/iceweb/restful/Centro/findMarcasCuadriculaByFilter" rc="401" rm="Unauthorized" tn="Grupo de Hilos 1-4" dt="text" by="1119"/>
<httpSample t="19" lt="19" ts="1339401199281" s="false" lb="/iceweb/restful/Centro/findPagedByVentanaAndFilter" rc="401" rm="Unauthorized" tn="Grupo de Hilos 1-4" dt="text" by="1119"/>
<sample t="81" lt="0" ts="1339401199282" s="false" lb="HOME" rc="" rm="Number of samples in transaction : 4, number of failing samples : 4" tn="Grupo de Hilos 1-4" dt="" by="4476"/>
<httpSample t="12" lt="12" ts="1339401199295" s="false" lb="/iceweb/js/flexigrid/css/flexigrid/images/up.png" rc="401" rm="Unauthorized" tn="Grupo de Hilos 1-4" dt="text" by="1119">
  <assertionResult>
    <name>Aserción HTML</name>
    <failure>true</failure>
    <error>false</error>
    <failureMessage>Tidy Parser errors:   0 (allowed 0) Tidy Parser warnings: 2 (allowed 0)</failureMessage>
  </assertionResult>
  <assertionResult>
    <name>Aserción HTML</name>
    <failure>true</failure>
    <error>false</error>
    <failureMessage>Tidy Parser errors:   0 (allowed 0) Tidy Parser warnings: 2 (allowed 0)</failureMessage>
  </assertionResult>
</httpSample>
<httpSample t="11" lt="11" ts="1339401199317" s="false" lb="/iceweb/restful/Centro/findPagedByVentanaAndFilter" rc="401" rm="Unauthorized" tn="Grupo de Hilos 1-4" dt="text" by="1119"/>
<sample t="36" lt="0" ts="1339401199318" s="false" lb="SORT" rc="" rm="Number of samples in transaction : 2, number of failing samples : 2" tn="Grupo de Hilos 1-4" dt="" by="2238"/>
<httpSample t="8" lt="8" ts="1339401200116" s="false" lb="/iceweb/" rc="401" rm="Unauthorized" tn="Grupo de Hilos 1-5" dt="text" by="1119"/>
<httpSample t="16" lt="16" ts="1339401200134" s="false" lb="/iceweb/styles/img/south-mini.png" rc="401" rm="Unauthorized" tn="Grupo de Hilos 1-5" dt="text" by="1119"/>
<httpSample t="14" lt="14" ts="1339401200150" s="false" lb="/iceweb/restful/Centro/findMarcasCuadriculaByFilter" rc="401" rm="Unauthorized" tn="Grupo de Hilos 1-5" dt="text" by="1119"/>
<httpSample t="34" lt="34" ts="1339401200186" s="false" lb="/iceweb/restful/Centro/findPagedByVentanaAndFilter" rc="401" rm="Unauthorized" tn="Grupo de Hilos 1-5" dt="text" by="1119"/>
<sample t="79" lt="0" ts="1339401200187" s="false" lb="HOME" rc="" rm="Number of samples in transaction : 4, number of failing samples : 4" tn="Grupo de Hilos 1-5" dt="" by="4476"/>
<httpSample t="17" lt="17" ts="1339401200205" s="false" lb="/iceweb/js/flexigrid/css/flexigrid/images/up.png" rc="401" rm="Unauthorized" tn="Grupo de Hilos 1-5" dt="text" by="1119">
  <assertionResult>
    <name>Aserción HTML</name>
    <failure>true</failure>
    <error>false</error>
    <failureMessage>Tidy Parser errors:   0 (allowed 0) Tidy Parser warnings: 2 (allowed 0)</failureMessage>
  </assertionResult>
  <assertionResult>
    <name>Aserción HTML</name>
    <failure>true</failure>
    <error>false</error>
    <failureMessage>Tidy Parser errors:   0 (allowed 0) Tidy Parser warnings: 2 (allowed 0)</failureMessage>
  </assertionResult>
</httpSample>
<httpSample t="27" lt="27" ts="1339401200241" s="false" lb="/iceweb/restful/Centro/findPagedByVentanaAndFilter" rc="401" rm="Unauthorized" tn="Grupo de Hilos 1-5" dt="text" by="1119"/>
<sample t="54" lt="0" ts="1339401200242" s="false" lb="SORT" rc="" rm="Number of samples in transaction : 2, number of failing samples : 2" tn="Grupo de Hilos 1-5" dt="" by="2238"/>
<httpSample t="21" lt="21" ts="1339401200264" s="false" lb="/iceweb/" rc="401" rm="Unauthorized" tn="Grupo de Hilos 1-5" dt="text" by="1119"/>
<httpSample t="7" lt="6" ts="1339401200272" s="false" lb="/iceweb/styles/img/south-mini.png" rc="401" rm="Unauthorized" tn="Grupo de Hilos 1-5" dt="text" by="1119"/>
<httpSample t="22" lt="22" ts="1339401200295" s="false" lb="/iceweb/restful/Centro/findMarcasCuadriculaByFilter" rc="401" rm="Unauthorized" tn="Grupo de Hilos 1-5" dt="text" by="1119"/>
<httpSample t="27" lt="27" ts="1339401200323" s="false" lb="/iceweb/restful/Centro/findPagedByVentanaAndFilter" rc="401" rm="Unauthorized" tn="Grupo de Hilos 1-5" dt="text" by="1119"/>
<sample t="81" lt="0" ts="1339401200324" s="false" lb="HOME" rc="" rm="Number of samples in transaction : 4, number of failing samples : 4" tn="Grupo de Hilos 1-5" dt="" by="4476"/>
<httpSample t="18" lt="18" ts="1339401200343" s="false" lb="/iceweb/js/flexigrid/css/flexigrid/images/up.png" rc="401" rm="Unauthorized" tn="Grupo de Hilos 1-5" dt="text" by="1119">
  <assertionResult>
    <name>Aserción HTML</name>
    <failure>true</failure>
    <error>false</error>
    <failureMessage>Tidy Parser errors:   0 (allowed 0) Tidy Parser warnings: 2 (allowed 0)</failureMessage>
  </assertionResult>
  <assertionResult>
    <name>Aserción HTML</name>
    <failure>true</failure>
    <error>false</error>
    <failureMessage>Tidy Parser errors:   0 (allowed 0) Tidy Parser warnings: 2 (allowed 0)</failureMessage>
  </assertionResult>
</httpSample>
<httpSample t="21" lt="21" ts="1339401200372" s="false" lb="/iceweb/restful/Centro/findPagedByVentanaAndFilter" rc="401" rm="Unauthorized" tn="Grupo de Hilos 1-5" dt="text" by="1119"/>
<sample t="48" lt="0" ts="1339401200373" s="false" lb="SORT" rc="" rm="Number of samples in transaction : 2, number of failing samples : 2" tn="Grupo de Hilos 1-5" dt="" by="2238"/>

<httpSample t="151" lt="151" ts="1339401285762" s="false" lb="/iceweb/" rc="401" rm="Unauthorized" tn="Grupo de Hilos 1-1" dt="text" de="utf-8" by="1119" sc="1" ec="1" ng="1" na="1" hn="sam">
  <responseHeader class="java.lang.String">HTTP/1.1 401 Unauthorized
Server: Apache-Coyote/1.1
Set-Cookie: JSESSIONID=C7C6F965B3663A7B337DDB0A3381364E; Path=/iceweb
WWW-Authenticate: Basic realm=&quot;Spring Security Application&quot;
Content-Type: text/html;charset=utf-8
Content-Length: 1119
Date: Mon, 11 Jun 2012 07:54:45 GMT
</responseHeader>
  <requestHeader class="java.lang.String">Accept-Language: ca,es;q=0.8,en;q=0.5,fr;q=0.3
Accept-Charset: ISO-8859-1,utf-8;q=0.7,*;q=0.7
Accept-Encoding: gzip, deflate
User-Agent: Mozilla/5.0 (X11; Linux i686 on x86_64; rv:8.0) Gecko/20100101 Firefox/8.0
Accept: text/html,application/xhtml+xml,application/xml;q=0.9,*/*;q=0.8
</requestHeader>
  <responseData class="java.lang.String">&lt;html&gt;&lt;head&gt;&lt;title&gt;Apache Tomcat/6.0.32 - Error report&lt;/title&gt;&lt;style&gt;&lt;!--H1 {font-family:Tahoma,Arial,sans-serif;color:white;background-color:#525D76;font-size:22px;} H2 {font-family:Tahoma,Arial,sans-serif;color:white;background-color:#525D76;font-size:16px;} H3 {font-family:Tahoma,Arial,sans-serif;color:white;background-color:#525D76;font-size:14px;} BODY {font-family:Tahoma,Arial,sans-serif;color:black;background-color:white;} B {font-family:Tahoma,Arial,sans-serif;color:white;background-color:#525D76;} P {font-family:Tahoma,Arial,sans-serif;background:white;color:black;font-size:12px;}A {color : black;}A.name {color : black;}HR {color : #525D76;}--&gt;&lt;/style&gt; &lt;/head&gt;&lt;body&gt;&lt;h1&gt;HTTP Status 401 - Full authentication is required to access this resource&lt;/h1&gt;&lt;HR size=&quot;1&quot; noshade=&quot;noshade&quot;&gt;&lt;p&gt;&lt;b&gt;type&lt;/b&gt; Status report&lt;/p&gt;&lt;p&gt;&lt;b&gt;message&lt;/b&gt; &lt;u&gt;Full authentication is required to access this resource&lt;/u&gt;&lt;/p&gt;&lt;p&gt;&lt;b&gt;description&lt;/b&gt; &lt;u&gt;This request requires HTTP authentication (Full authentication is required to access this resource).&lt;/u&gt;&lt;/p&gt;&lt;HR size=&quot;1&quot; noshade=&quot;noshade&quot;&gt;&lt;h3&gt;Apache Tomcat/6.0.32&lt;/h3&gt;&lt;/body&gt;&lt;/html&gt;</responseData>
  <responseFile class="java.lang.String"></responseFile>
  <cookies class="java.lang.String"></cookies>
  <method class="java.lang.String">GET</method>
  <queryString class="java.lang.String"></queryString>
  <java.net.URL>http://localhost:8080/iceweb/</java.net.URL>
</httpSample>
<httpSample t="11" lt="11" ts="1339401285815" s="false" lb="/iceweb/styles/img/south-mini.png" rc="401" rm="Unauthorized" tn="Grupo de Hilos 1-1" dt="text" de="utf-8" by="1119" sc="1" ec="1" ng="1" na="1" hn="sam">
  <responseHeader class="java.lang.String">HTTP/1.1 401 Unauthorized
Server: Apache-Coyote/1.1
Set-Cookie: JSESSIONID=FAF9D21882E5F0724D4BE6047A5D2C88; Path=/iceweb
WWW-Authenticate: Basic realm=&quot;Spring Security Application&quot;
Content-Type: text/html;charset=utf-8
Content-Length: 1119
Date: Mon, 11 Jun 2012 07:54:45 GMT
</responseHeader>
  <requestHeader class="java.lang.String">Accept-Language: ca,es;q=0.8,en;q=0.5,fr;q=0.3
Accept-Charset: ISO-8859-1,utf-8;q=0.7,*;q=0.7
Referer: http://localhost:8080/iceweb/styles/style.css
Accept-Encoding: gzip, deflate
User-Agent: Mozilla/5.0 (X11; Linux i686 on x86_64; rv:8.0) Gecko/20100101 Firefox/8.0
Accept: image/png,image/*;q=0.8,*/*;q=0.5
</requestHeader>
  <responseData class="java.lang.String">&lt;html&gt;&lt;head&gt;&lt;title&gt;Apache Tomcat/6.0.32 - Error report&lt;/title&gt;&lt;style&gt;&lt;!--H1 {font-family:Tahoma,Arial,sans-serif;color:white;background-color:#525D76;font-size:22px;} H2 {font-family:Tahoma,Arial,sans-serif;color:white;background-color:#525D76;font-size:16px;} H3 {font-family:Tahoma,Arial,sans-serif;color:white;background-color:#525D76;font-size:14px;} BODY {font-family:Tahoma,Arial,sans-serif;color:black;background-color:white;} B {font-family:Tahoma,Arial,sans-serif;color:white;background-color:#525D76;} P {font-family:Tahoma,Arial,sans-serif;background:white;color:black;font-size:12px;}A {color : black;}A.name {color : black;}HR {color : #525D76;}--&gt;&lt;/style&gt; &lt;/head&gt;&lt;body&gt;&lt;h1&gt;HTTP Status 401 - Full authentication is required to access this resource&lt;/h1&gt;&lt;HR size=&quot;1&quot; noshade=&quot;noshade&quot;&gt;&lt;p&gt;&lt;b&gt;type&lt;/b&gt; Status report&lt;/p&gt;&lt;p&gt;&lt;b&gt;message&lt;/b&gt; &lt;u&gt;Full authentication is required to access this resource&lt;/u&gt;&lt;/p&gt;&lt;p&gt;&lt;b&gt;description&lt;/b&gt; &lt;u&gt;This request requires HTTP authentication (Full authentication is required to access this resource).&lt;/u&gt;&lt;/p&gt;&lt;HR size=&quot;1&quot; noshade=&quot;noshade&quot;&gt;&lt;h3&gt;Apache Tomcat/6.0.32&lt;/h3&gt;&lt;/body&gt;&lt;/html&gt;</responseData>
  <responseFile class="java.lang.String"></responseFile>
  <cookies class="java.lang.String"></cookies>
  <method class="java.lang.String">GET</method>
  <queryString class="java.lang.String"></queryString>
  <java.net.URL>http://localhost:8080/iceweb/styles/img/south-mini.png</java.net.URL>
</httpSample>
<httpSample t="8" lt="8" ts="1339401285826" s="false" lb="/iceweb/restful/Centro/findMarcasCuadriculaByFilter" rc="401" rm="Unauthorized" tn="Grupo de Hilos 1-1" dt="text" de="utf-8" by="1119" sc="1" ec="1" ng="1" na="1" hn="sam">
  <responseHeader class="java.lang.String">HTTP/1.1 401 Unauthorized
Server: Apache-Coyote/1.1
Set-Cookie: JSESSIONID=E0DC28D227B3575E60DE3C70DDE229C1; Path=/iceweb
WWW-Authenticate: Basic realm=&quot;Spring Security Application&quot;
Content-Type: text/html;charset=utf-8
Content-Length: 1119
Date: Mon, 11 Jun 2012 07:54:45 GMT
</responseHeader>
  <requestHeader class="java.lang.String">Accept-Language: ca,es;q=0.8,en;q=0.5,fr;q=0.3
X-Requested-With: XMLHttpRequest
Accept-Charset: ISO-8859-1,utf-8;q=0.7,*;q=0.7
Referer: http://localhost:8080/iceweb/
Accept-Encoding: gzip, deflate
User-Agent: Mozilla/5.0 (X11; Linux i686 on x86_64; rv:8.0) Gecko/20100101 Firefox/8.0
Content-Type: application/json
Accept: application/json, */*
</requestHeader>
  <responseData class="java.lang.String">&lt;html&gt;&lt;head&gt;&lt;title&gt;Apache Tomcat/6.0.32 - Error report&lt;/title&gt;&lt;style&gt;&lt;!--H1 {font-family:Tahoma,Arial,sans-serif;color:white;background-color:#525D76;font-size:22px;} H2 {font-family:Tahoma,Arial,sans-serif;color:white;background-color:#525D76;font-size:16px;} H3 {font-family:Tahoma,Arial,sans-serif;color:white;background-color:#525D76;font-size:14px;} BODY {font-family:Tahoma,Arial,sans-serif;color:black;background-color:white;} B {font-family:Tahoma,Arial,sans-serif;color:white;background-color:#525D76;} P {font-family:Tahoma,Arial,sans-serif;background:white;color:black;font-size:12px;}A {color : black;}A.name {color : black;}HR {color : #525D76;}--&gt;&lt;/style&gt; &lt;/head&gt;&lt;body&gt;&lt;h1&gt;HTTP Status 401 - Full authentication is required to access this resource&lt;/h1&gt;&lt;HR size=&quot;1&quot; noshade=&quot;noshade&quot;&gt;&lt;p&gt;&lt;b&gt;type&lt;/b&gt; Status report&lt;/p&gt;&lt;p&gt;&lt;b&gt;message&lt;/b&gt; &lt;u&gt;Full authentication is required to access this resource&lt;/u&gt;&lt;/p&gt;&lt;p&gt;&lt;b&gt;description&lt;/b&gt; &lt;u&gt;This request requires HTTP authentication (Full authentication is required to access this resource).&lt;/u&gt;&lt;/p&gt;&lt;HR size=&quot;1&quot; noshade=&quot;noshade&quot;&gt;&lt;h3&gt;Apache Tomcat/6.0.32&lt;/h3&gt;&lt;/body&gt;&lt;/html&gt;</responseData>
  <responseFile class="java.lang.String"></responseFile>
  <cookies class="java.lang.String"></cookies>
  <method class="java.lang.String">GET</method>
  <queryString class="java.lang.String"></queryString>
  <java.net.URL>http://localhost:8080/iceweb/restful/Centro/findMarcasCuadriculaByFilter?filter=%7B%22%40id%22%3A1%2C%22provincias%22%3A%5B%22Val%22%2C%22Ala%22%2C%22Cas%22%5D%2C%22regimenes%22%3A%5B%22PRIV.%22%2C%22PUB.%22%5D%2C%22minNumTicketsAbiertos%22%3Anull%2C%22maxNumTicketsAbiertos%22%3Anull%7D&amp;cuadricula=%7B%22%40id%22%3A1%2C%22infIzq%22%3A%7B%22%40id%22%3A2%2C%22lon%22%3A-1.3712280273438%2C%22lat%22%3A37.68305078125%7D%2C%22supDer%22%3A%7B%22%40id%22%3A3%2C%22lon%22%3A0.27122802734375%2C%22lat%22%3A40.97894921875%7D%2C%22resLon%22%3A19%2C%22resLat%22%3A40%7D</java.net.URL>
</httpSample>
<httpSample t="27" lt="27" ts="1339401285855" s="false" lb="/iceweb/restful/Centro/findPagedByVentanaAndFilter" rc="401" rm="Unauthorized" tn="Grupo de Hilos 1-1" dt="text" de="utf-8" by="1119" sc="1" ec="1" ng="1" na="1" hn="sam">
  <responseHeader class="java.lang.String">HTTP/1.1 401 Unauthorized
Server: Apache-Coyote/1.1
Set-Cookie: JSESSIONID=033CA68890F71C7E09280B63EF273379; Path=/iceweb
WWW-Authenticate: Basic realm=&quot;Spring Security Application&quot;
Content-Type: text/html;charset=utf-8
Content-Length: 1119
Date: Mon, 11 Jun 2012 07:54:45 GMT
</responseHeader>
  <requestHeader class="java.lang.String">Accept-Language: ca,es;q=0.8,en;q=0.5,fr;q=0.3
X-Requested-With: XMLHttpRequest
Accept-Charset: ISO-8859-1,utf-8;q=0.7,*;q=0.7
Referer: http://localhost:8080/iceweb/
Accept-Encoding: gzip, deflate
User-Agent: Mozilla/5.0 (X11; Linux i686 on x86_64; rv:8.0) Gecko/20100101 Firefox/8.0
Content-Type: application/json
Accept: application/json, */*
</requestHeader>
  <responseData class="java.lang.String">&lt;html&gt;&lt;head&gt;&lt;title&gt;Apache Tomcat/6.0.32 - Error report&lt;/title&gt;&lt;style&gt;&lt;!--H1 {font-family:Tahoma,Arial,sans-serif;color:white;background-color:#525D76;font-size:22px;} H2 {font-family:Tahoma,Arial,sans-serif;color:white;background-color:#525D76;font-size:16px;} H3 {font-family:Tahoma,Arial,sans-serif;color:white;background-color:#525D76;font-size:14px;} BODY {font-family:Tahoma,Arial,sans-serif;color:black;background-color:white;} B {font-family:Tahoma,Arial,sans-serif;color:white;background-color:#525D76;} P {font-family:Tahoma,Arial,sans-serif;background:white;color:black;font-size:12px;}A {color : black;}A.name {color : black;}HR {color : #525D76;}--&gt;&lt;/style&gt; &lt;/head&gt;&lt;body&gt;&lt;h1&gt;HTTP Status 401 - Full authentication is required to access this resource&lt;/h1&gt;&lt;HR size=&quot;1&quot; noshade=&quot;noshade&quot;&gt;&lt;p&gt;&lt;b&gt;type&lt;/b&gt; Status report&lt;/p&gt;&lt;p&gt;&lt;b&gt;message&lt;/b&gt; &lt;u&gt;Full authentication is required to access this resource&lt;/u&gt;&lt;/p&gt;&lt;p&gt;&lt;b&gt;description&lt;/b&gt; &lt;u&gt;This request requires HTTP authentication (Full authentication is required to access this resource).&lt;/u&gt;&lt;/p&gt;&lt;HR size=&quot;1&quot; noshade=&quot;noshade&quot;&gt;&lt;h3&gt;Apache Tomcat/6.0.32&lt;/h3&gt;&lt;/body&gt;&lt;/html&gt;</responseData>
  <responseFile class="java.lang.String"></responseFile>
  <cookies class="java.lang.String"></cookies>
  <method class="java.lang.String">GET</method>
  <queryString class="java.lang.String"></queryString>
  <java.net.URL>http://localhost:8080/iceweb/restful/Centro/findPagedByVentanaAndFilter?pageNumber=1&amp;pageSize=20&amp;sortProp=despecifica&amp;asc=true&amp;filter=%7B%22%40id%22%3A1%2C%22provincias%22%3A%5B%22Val%22%2C%22Ala%22%2C%22Cas%22%5D%2C%22regimenes%22%3A%5B%22PRIV.%22%2C%22PUB.%22%5D%2C%22minNumTicketsAbiertos%22%3Anull%2C%22maxNumTicketsAbiertos%22%3Anull%7D</java.net.URL>
</httpSample>
<sample t="262" lt="0" ts="1339401285856" s="false" lb="HOME" rc="" rm="Number of samples in transaction : 4, number of failing samples : 4" tn="Grupo de Hilos 1-1" dt="" de="" by="4476" sc="1" ec="1" ng="0" na="0" hn="sam">
  <responseHeader class="java.lang.String"></responseHeader>
  <requestHeader class="java.lang.String"></requestHeader>
  <responseData class="java.lang.String"/>
  <responseFile class="java.lang.String"></responseFile>
</sample>
<httpSample t="7" lt="7" ts="1339401285863" s="false" lb="/iceweb/js/flexigrid/css/flexigrid/images/up.png" rc="401" rm="Unauthorized" tn="Grupo de Hilos 1-1" dt="text" de="utf-8" by="1119" sc="1" ec="1" ng="1" na="1" hn="sam">
  <assertionResult>
    <name>Aserción HTML</name>
    <failure>true</failure>
    <error>false</error>
    <failureMessage>Tidy Parser errors:   0 (allowed 0) Tidy Parser warnings: 2 (allowed 0)</failureMessage>
  </assertionResult>
  <assertionResult>
    <name>Aserción HTML</name>
    <failure>true</failure>
    <error>false</error>
    <failureMessage>Tidy Parser errors:   0 (allowed 0) Tidy Parser warnings: 2 (allowed 0)</failureMessage>
  </assertionResult>
  <responseHeader class="java.lang.String">HTTP/1.1 401 Unauthorized
Server: Apache-Coyote/1.1
Set-Cookie: JSESSIONID=0958F1B0647810BC42E8982A9EB3AC60; Path=/iceweb
WWW-Authenticate: Basic realm=&quot;Spring Security Application&quot;
Content-Type: text/html;charset=utf-8
Content-Length: 1119
Date: Mon, 11 Jun 2012 07:54:45 GMT
</responseHeader>
  <requestHeader class="java.lang.String">Accept-Language: ca,es;q=0.8,en;q=0.5,fr;q=0.3
Accept-Charset: ISO-8859-1,utf-8;q=0.7,*;q=0.7
Referer: http://localhost:8080/iceweb/js/flexigrid/css/flexigrid/flexigrid.css
Accept-Encoding: gzip, deflate
User-Agent: Mozilla/5.0 (X11; Linux i686 on x86_64; rv:8.0) Gecko/20100101 Firefox/8.0
Accept: image/png,image/*;q=0.8,*/*;q=0.5
</requestHeader>
  <responseData class="java.lang.String">&lt;html&gt;&lt;head&gt;&lt;title&gt;Apache Tomcat/6.0.32 - Error report&lt;/title&gt;&lt;style&gt;&lt;!--H1 {font-family:Tahoma,Arial,sans-serif;color:white;background-color:#525D76;font-size:22px;} H2 {font-family:Tahoma,Arial,sans-serif;color:white;background-color:#525D76;font-size:16px;} H3 {font-family:Tahoma,Arial,sans-serif;color:white;background-color:#525D76;font-size:14px;} BODY {font-family:Tahoma,Arial,sans-serif;color:black;background-color:white;} B {font-family:Tahoma,Arial,sans-serif;color:white;background-color:#525D76;} P {font-family:Tahoma,Arial,sans-serif;background:white;color:black;font-size:12px;}A {color : black;}A.name {color : black;}HR {color : #525D76;}--&gt;&lt;/style&gt; &lt;/head&gt;&lt;body&gt;&lt;h1&gt;HTTP Status 401 - Full authentication is required to access this resource&lt;/h1&gt;&lt;HR size=&quot;1&quot; noshade=&quot;noshade&quot;&gt;&lt;p&gt;&lt;b&gt;type&lt;/b&gt; Status report&lt;/p&gt;&lt;p&gt;&lt;b&gt;message&lt;/b&gt; &lt;u&gt;Full authentication is required to access this resource&lt;/u&gt;&lt;/p&gt;&lt;p&gt;&lt;b&gt;description&lt;/b&gt; &lt;u&gt;This request requires HTTP authentication (Full authentication is required to access this resource).&lt;/u&gt;&lt;/p&gt;&lt;HR size=&quot;1&quot; noshade=&quot;noshade&quot;&gt;&lt;h3&gt;Apache Tomcat/6.0.32&lt;/h3&gt;&lt;/body&gt;&lt;/html&gt;</responseData>
  <responseFile class="java.lang.String"></responseFile>
  <cookies class="java.lang.String"></cookies>
  <method class="java.lang.String">GET</method>
  <queryString class="java.lang.String"></queryString>
  <java.net.URL>http://localhost:8080/iceweb/js/flexigrid/css/flexigrid/images/up.png</java.net.URL>
</httpSample>
<httpSample t="28" lt="28" ts="1339401285904" s="false" lb="/iceweb/restful/Centro/findPagedByVentanaAndFilter" rc="401" rm="Unauthorized" tn="Grupo de Hilos 1-1" dt="text" de="utf-8" by="1119" sc="1" ec="1" ng="1" na="1" hn="sam">
  <responseHeader class="java.lang.String">HTTP/1.1 401 Unauthorized
Server: Apache-Coyote/1.1
Set-Cookie: JSESSIONID=EFB8C8C80FFD877C21EF1EA36A284A88; Path=/iceweb
WWW-Authenticate: Basic realm=&quot;Spring Security Application&quot;
Content-Type: text/html;charset=utf-8
Content-Length: 1119
Date: Mon, 11 Jun 2012 07:54:45 GMT
</responseHeader>
  <requestHeader class="java.lang.String">Accept-Language: ca,es;q=0.8,en;q=0.5,fr;q=0.3
X-Requested-With: XMLHttpRequest
Accept-Charset: ISO-8859-1,utf-8;q=0.7,*;q=0.7
Referer: http://localhost:8080/iceweb/
Accept-Encoding: gzip, deflate
User-Agent: Mozilla/5.0 (X11; Linux i686 on x86_64; rv:8.0) Gecko/20100101 Firefox/8.0
Content-Type: application/json
Accept: application/json, */*
</requestHeader>
  <responseData class="java.lang.String">&lt;html&gt;&lt;head&gt;&lt;title&gt;Apache Tomcat/6.0.32 - Error report&lt;/title&gt;&lt;style&gt;&lt;!--H1 {font-family:Tahoma,Arial,sans-serif;color:white;background-color:#525D76;font-size:22px;} H2 {font-family:Tahoma,Arial,sans-serif;color:white;background-color:#525D76;font-size:16px;} H3 {font-family:Tahoma,Arial,sans-serif;color:white;background-color:#525D76;font-size:14px;} BODY {font-family:Tahoma,Arial,sans-serif;color:black;background-color:white;} B {font-family:Tahoma,Arial,sans-serif;color:white;background-color:#525D76;} P {font-family:Tahoma,Arial,sans-serif;background:white;color:black;font-size:12px;}A {color : black;}A.name {color : black;}HR {color : #525D76;}--&gt;&lt;/style&gt; &lt;/head&gt;&lt;body&gt;&lt;h1&gt;HTTP Status 401 - Full authentication is required to access this resource&lt;/h1&gt;&lt;HR size=&quot;1&quot; noshade=&quot;noshade&quot;&gt;&lt;p&gt;&lt;b&gt;type&lt;/b&gt; Status report&lt;/p&gt;&lt;p&gt;&lt;b&gt;message&lt;/b&gt; &lt;u&gt;Full authentication is required to access this resource&lt;/u&gt;&lt;/p&gt;&lt;p&gt;&lt;b&gt;description&lt;/b&gt; &lt;u&gt;This request requires HTTP authentication (Full authentication is required to access this resource).&lt;/u&gt;&lt;/p&gt;&lt;HR size=&quot;1&quot; noshade=&quot;noshade&quot;&gt;&lt;h3&gt;Apache Tomcat/6.0.32&lt;/h3&gt;&lt;/body&gt;&lt;/html&gt;</responseData>
  <responseFile class="java.lang.String"></responseFile>
  <cookies class="java.lang.String"></cookies>
  <method class="java.lang.String">GET</method>
  <queryString class="java.lang.String"></queryString>
  <java.net.URL>http://localhost:8080/iceweb/restful/Centro/findPagedByVentanaAndFilter?pageNumber=1&amp;pageSize=20&amp;sortProp=despecifica&amp;asc=false&amp;filter=%7B%22%40id%22%3A1%2C%22provincias%22%3A%5B%22Val%22%2C%22Ala%22%2C%22Cas%22%5D%2C%22regimenes%22%3A%5B%22PRIV.%22%2C%22PUB.%22%5D%2C%22minNumTicketsAbiertos%22%3Anull%2C%22maxNumTicketsAbiertos%22%3Anull%7D&amp;cuadricula=%7B%22%40id%22%3A1%2C%22infIzq%22%3A%7B%22%40id%22%3A2%2C%22lon%22%3A-1.3712280273438%2C%22lat%22%3A37.68305078125%7D%2C%22supDer%22%3A%7B%22%40id%22%3A3%2C%22lon%22%3A0.27122802734375%2C%22lat%22%3A40.97894921875%7D%2C%22resLon%22%3A19%2C%22resLat%22%3A40%7D</java.net.URL>
</httpSample>
<sample t="49" lt="0" ts="1339401285905" s="false" lb="SORT" rc="" rm="Number of samples in transaction : 2, number of failing samples : 2" tn="Grupo de Hilos 1-1" dt="" de="" by="2238" sc="1" ec="1" ng="0" na="0" hn="sam">
  <responseHeader class="java.lang.String"></responseHeader>
  <requestHeader class="java.lang.String"></requestHeader>
  <responseData class="java.lang.String"/>
  <responseFile class="java.lang.String"></responseFile>
</sample>
<httpSample t="8" lt="8" ts="1339401285914" s="false" lb="/iceweb/" rc="401" rm="Unauthorized" tn="Grupo de Hilos 1-1" dt="text" de="utf-8" by="1119" sc="1" ec="1" ng="1" na="1" hn="sam">
  <responseHeader class="java.lang.String">HTTP/1.1 401 Unauthorized
Server: Apache-Coyote/1.1
Set-Cookie: JSESSIONID=CE198EC2CF0A7CC84C20D164DFEFD1FC; Path=/iceweb
WWW-Authenticate: Basic realm=&quot;Spring Security Application&quot;
Content-Type: text/html;charset=utf-8
Content-Length: 1119
Date: Mon, 11 Jun 2012 07:54:45 GMT
</responseHeader>
  <requestHeader class="java.lang.String">Accept-Language: ca,es;q=0.8,en;q=0.5,fr;q=0.3
Accept-Charset: ISO-8859-1,utf-8;q=0.7,*;q=0.7
Accept-Encoding: gzip, deflate
User-Agent: Mozilla/5.0 (X11; Linux i686 on x86_64; rv:8.0) Gecko/20100101 Firefox/8.0
Accept: text/html,application/xhtml+xml,application/xml;q=0.9,*/*;q=0.8
</requestHeader>
  <responseData class="java.lang.String">&lt;html&gt;&lt;head&gt;&lt;title&gt;Apache Tomcat/6.0.32 - Error report&lt;/title&gt;&lt;style&gt;&lt;!--H1 {font-family:Tahoma,Arial,sans-serif;color:white;background-color:#525D76;font-size:22px;} H2 {font-family:Tahoma,Arial,sans-serif;color:white;background-color:#525D76;font-size:16px;} H3 {font-family:Tahoma,Arial,sans-serif;color:white;background-color:#525D76;font-size:14px;} BODY {font-family:Tahoma,Arial,sans-serif;color:black;background-color:white;} B {font-family:Tahoma,Arial,sans-serif;color:white;background-color:#525D76;} P {font-family:Tahoma,Arial,sans-serif;background:white;color:black;font-size:12px;}A {color : black;}A.name {color : black;}HR {color : #525D76;}--&gt;&lt;/style&gt; &lt;/head&gt;&lt;body&gt;&lt;h1&gt;HTTP Status 401 - Full authentication is required to access this resource&lt;/h1&gt;&lt;HR size=&quot;1&quot; noshade=&quot;noshade&quot;&gt;&lt;p&gt;&lt;b&gt;type&lt;/b&gt; Status report&lt;/p&gt;&lt;p&gt;&lt;b&gt;message&lt;/b&gt; &lt;u&gt;Full authentication is required to access this resource&lt;/u&gt;&lt;/p&gt;&lt;p&gt;&lt;b&gt;description&lt;/b&gt; &lt;u&gt;This request requires HTTP authentication (Full authentication is required to access this resource).&lt;/u&gt;&lt;/p&gt;&lt;HR size=&quot;1&quot; noshade=&quot;noshade&quot;&gt;&lt;h3&gt;Apache Tomcat/6.0.32&lt;/h3&gt;&lt;/body&gt;&lt;/html&gt;</responseData>
  <responseFile class="java.lang.String"></responseFile>
  <cookies class="java.lang.String"></cookies>
  <method class="java.lang.String">GET</method>
  <queryString class="java.lang.String"></queryString>
  <java.net.URL>http://localhost:8080/iceweb/</java.net.URL>
</httpSample>
<httpSample t="16" lt="15" ts="1339401285931" s="false" lb="/iceweb/styles/img/south-mini.png" rc="401" rm="Unauthorized" tn="Grupo de Hilos 1-1" dt="text" de="utf-8" by="1119" sc="1" ec="1" ng="1" na="1" hn="sam">
  <responseHeader class="java.lang.String">HTTP/1.1 401 Unauthorized
Server: Apache-Coyote/1.1
Set-Cookie: JSESSIONID=31E2CB0EAA6057D1FBE1A19461435DD3; Path=/iceweb
WWW-Authenticate: Basic realm=&quot;Spring Security Application&quot;
Content-Type: text/html;charset=utf-8
Content-Length: 1119
Date: Mon, 11 Jun 2012 07:54:45 GMT
</responseHeader>
  <requestHeader class="java.lang.String">Accept-Language: ca,es;q=0.8,en;q=0.5,fr;q=0.3
Accept-Charset: ISO-8859-1,utf-8;q=0.7,*;q=0.7
Referer: http://localhost:8080/iceweb/styles/style.css
Accept-Encoding: gzip, deflate
User-Agent: Mozilla/5.0 (X11; Linux i686 on x86_64; rv:8.0) Gecko/20100101 Firefox/8.0
Accept: image/png,image/*;q=0.8,*/*;q=0.5
</requestHeader>
  <responseData class="java.lang.String">&lt;html&gt;&lt;head&gt;&lt;title&gt;Apache Tomcat/6.0.32 - Error report&lt;/title&gt;&lt;style&gt;&lt;!--H1 {font-family:Tahoma,Arial,sans-serif;color:white;background-color:#525D76;font-size:22px;} H2 {font-family:Tahoma,Arial,sans-serif;color:white;background-color:#525D76;font-size:16px;} H3 {font-family:Tahoma,Arial,sans-serif;color:white;background-color:#525D76;font-size:14px;} BODY {font-family:Tahoma,Arial,sans-serif;color:black;background-color:white;} B {font-family:Tahoma,Arial,sans-serif;color:white;background-color:#525D76;} P {font-family:Tahoma,Arial,sans-serif;background:white;color:black;font-size:12px;}A {color : black;}A.name {color : black;}HR {color : #525D76;}--&gt;&lt;/style&gt; &lt;/head&gt;&lt;body&gt;&lt;h1&gt;HTTP Status 401 - Full authentication is required to access this resource&lt;/h1&gt;&lt;HR size=&quot;1&quot; noshade=&quot;noshade&quot;&gt;&lt;p&gt;&lt;b&gt;type&lt;/b&gt; Status report&lt;/p&gt;&lt;p&gt;&lt;b&gt;message&lt;/b&gt; &lt;u&gt;Full authentication is required to access this resource&lt;/u&gt;&lt;/p&gt;&lt;p&gt;&lt;b&gt;description&lt;/b&gt; &lt;u&gt;This request requires HTTP authentication (Full authentication is required to access this resource).&lt;/u&gt;&lt;/p&gt;&lt;HR size=&quot;1&quot; noshade=&quot;noshade&quot;&gt;&lt;h3&gt;Apache Tomcat/6.0.32&lt;/h3&gt;&lt;/body&gt;&lt;/html&gt;</responseData>
  <responseFile class="java.lang.String"></responseFile>
  <cookies class="java.lang.String"></cookies>
  <method class="java.lang.String">GET</method>
  <queryString class="java.lang.String"></queryString>
  <java.net.URL>http://localhost:8080/iceweb/styles/img/south-mini.png</java.net.URL>
</httpSample>
<httpSample t="99" lt="99" ts="1339401286030" s="false" lb="/iceweb/restful/Centro/findMarcasCuadriculaByFilter" rc="401" rm="Unauthorized" tn="Grupo de Hilos 1-1" dt="text" de="utf-8" by="1119" sc="1" ec="1" ng="1" na="1" hn="sam">
  <responseHeader class="java.lang.String">HTTP/1.1 401 Unauthorized
Server: Apache-Coyote/1.1
Set-Cookie: JSESSIONID=EC6D0E27B2CE5604891880F0FAE08AE3; Path=/iceweb
WWW-Authenticate: Basic realm=&quot;Spring Security Application&quot;
Content-Type: text/html;charset=utf-8
Content-Length: 1119
Date: Mon, 11 Jun 2012 07:54:45 GMT
</responseHeader>
  <requestHeader class="java.lang.String">Accept-Language: ca,es;q=0.8,en;q=0.5,fr;q=0.3
X-Requested-With: XMLHttpRequest
Accept-Charset: ISO-8859-1,utf-8;q=0.7,*;q=0.7
Referer: http://localhost:8080/iceweb/
Accept-Encoding: gzip, deflate
User-Agent: Mozilla/5.0 (X11; Linux i686 on x86_64; rv:8.0) Gecko/20100101 Firefox/8.0
Content-Type: application/json
Accept: application/json, */*
</requestHeader>
  <responseData class="java.lang.String">&lt;html&gt;&lt;head&gt;&lt;title&gt;Apache Tomcat/6.0.32 - Error report&lt;/title&gt;&lt;style&gt;&lt;!--H1 {font-family:Tahoma,Arial,sans-serif;color:white;background-color:#525D76;font-size:22px;} H2 {font-family:Tahoma,Arial,sans-serif;color:white;background-color:#525D76;font-size:16px;} H3 {font-family:Tahoma,Arial,sans-serif;color:white;background-color:#525D76;font-size:14px;} BODY {font-family:Tahoma,Arial,sans-serif;color:black;background-color:white;} B {font-family:Tahoma,Arial,sans-serif;color:white;background-color:#525D76;} P {font-family:Tahoma,Arial,sans-serif;background:white;color:black;font-size:12px;}A {color : black;}A.name {color : black;}HR {color : #525D76;}--&gt;&lt;/style&gt; &lt;/head&gt;&lt;body&gt;&lt;h1&gt;HTTP Status 401 - Full authentication is required to access this resource&lt;/h1&gt;&lt;HR size=&quot;1&quot; noshade=&quot;noshade&quot;&gt;&lt;p&gt;&lt;b&gt;type&lt;/b&gt; Status report&lt;/p&gt;&lt;p&gt;&lt;b&gt;message&lt;/b&gt; &lt;u&gt;Full authentication is required to access this resource&lt;/u&gt;&lt;/p&gt;&lt;p&gt;&lt;b&gt;description&lt;/b&gt; &lt;u&gt;This request requires HTTP authentication (Full authentication is required to access this resource).&lt;/u&gt;&lt;/p&gt;&lt;HR size=&quot;1&quot; noshade=&quot;noshade&quot;&gt;&lt;h3&gt;Apache Tomcat/6.0.32&lt;/h3&gt;&lt;/body&gt;&lt;/html&gt;</responseData>
  <responseFile class="java.lang.String"></responseFile>
  <cookies class="java.lang.String"></cookies>
  <method class="java.lang.String">GET</method>
  <queryString class="java.lang.String"></queryString>
  <java.net.URL>http://localhost:8080/iceweb/restful/Centro/findMarcasCuadriculaByFilter?filter=%7B%22%40id%22%3A1%2C%22provincias%22%3A%5B%22Val%22%2C%22Ala%22%2C%22Cas%22%5D%2C%22regimenes%22%3A%5B%22PRIV.%22%2C%22PUB.%22%5D%2C%22minNumTicketsAbiertos%22%3Anull%2C%22maxNumTicketsAbiertos%22%3Anull%7D&amp;cuadricula=%7B%22%40id%22%3A1%2C%22infIzq%22%3A%7B%22%40id%22%3A2%2C%22lon%22%3A-1.3712280273438%2C%22lat%22%3A37.68305078125%7D%2C%22supDer%22%3A%7B%22%40id%22%3A3%2C%22lon%22%3A0.27122802734375%2C%22lat%22%3A40.97894921875%7D%2C%22resLon%22%3A19%2C%22resLat%22%3A40%7D</java.net.URL>
</httpSample>
<httpSample t="48" lt="48" ts="1339401286079" s="false" lb="/iceweb/restful/Centro/findPagedByVentanaAndFilter" rc="401" rm="Unauthorized" tn="Grupo de Hilos 1-1" dt="text" de="utf-8" by="1119" sc="1" ec="1" ng="1" na="1" hn="sam">
  <responseHeader class="java.lang.String">HTTP/1.1 401 Unauthorized
Server: Apache-Coyote/1.1
Set-Cookie: JSESSIONID=41AA1F723CC56DAA11753CC04773F570; Path=/iceweb
WWW-Authenticate: Basic realm=&quot;Spring Security Application&quot;
Content-Type: text/html;charset=utf-8
Content-Length: 1119
Date: Mon, 11 Jun 2012 07:54:45 GMT
</responseHeader>
  <requestHeader class="java.lang.String">Accept-Language: ca,es;q=0.8,en;q=0.5,fr;q=0.3
X-Requested-With: XMLHttpRequest
Accept-Charset: ISO-8859-1,utf-8;q=0.7,*;q=0.7
Referer: http://localhost:8080/iceweb/
Accept-Encoding: gzip, deflate
User-Agent: Mozilla/5.0 (X11; Linux i686 on x86_64; rv:8.0) Gecko/20100101 Firefox/8.0
Content-Type: application/json
Accept: application/json, */*
</requestHeader>
  <responseData class="java.lang.String">&lt;html&gt;&lt;head&gt;&lt;title&gt;Apache Tomcat/6.0.32 - Error report&lt;/title&gt;&lt;style&gt;&lt;!--H1 {font-family:Tahoma,Arial,sans-serif;color:white;background-color:#525D76;font-size:22px;} H2 {font-family:Tahoma,Arial,sans-serif;color:white;background-color:#525D76;font-size:16px;} H3 {font-family:Tahoma,Arial,sans-serif;color:white;background-color:#525D76;font-size:14px;} BODY {font-family:Tahoma,Arial,sans-serif;color:black;background-color:white;} B {font-family:Tahoma,Arial,sans-serif;color:white;background-color:#525D76;} P {font-family:Tahoma,Arial,sans-serif;background:white;color:black;font-size:12px;}A {color : black;}A.name {color : black;}HR {color : #525D76;}--&gt;&lt;/style&gt; &lt;/head&gt;&lt;body&gt;&lt;h1&gt;HTTP Status 401 - Full authentication is required to access this resource&lt;/h1&gt;&lt;HR size=&quot;1&quot; noshade=&quot;noshade&quot;&gt;&lt;p&gt;&lt;b&gt;type&lt;/b&gt; Status report&lt;/p&gt;&lt;p&gt;&lt;b&gt;message&lt;/b&gt; &lt;u&gt;Full authentication is required to access this resource&lt;/u&gt;&lt;/p&gt;&lt;p&gt;&lt;b&gt;description&lt;/b&gt; &lt;u&gt;This request requires HTTP authentication (Full authentication is required to access this resource).&lt;/u&gt;&lt;/p&gt;&lt;HR size=&quot;1&quot; noshade=&quot;noshade&quot;&gt;&lt;h3&gt;Apache Tomcat/6.0.32&lt;/h3&gt;&lt;/body&gt;&lt;/html&gt;</responseData>
  <responseFile class="java.lang.String"></responseFile>
  <cookies class="java.lang.String"></cookies>
  <method class="java.lang.String">GET</method>
  <queryString class="java.lang.String"></queryString>
  <java.net.URL>http://localhost:8080/iceweb/restful/Centro/findPagedByVentanaAndFilter?pageNumber=1&amp;pageSize=20&amp;sortProp=despecifica&amp;asc=true&amp;filter=%7B%22%40id%22%3A1%2C%22provincias%22%3A%5B%22Val%22%2C%22Ala%22%2C%22Cas%22%5D%2C%22regimenes%22%3A%5B%22PRIV.%22%2C%22PUB.%22%5D%2C%22minNumTicketsAbiertos%22%3Anull%2C%22maxNumTicketsAbiertos%22%3Anull%7D</java.net.URL>
</httpSample>
<sample t="174" lt="0" ts="1339401286080" s="false" lb="HOME" rc="" rm="Number of samples in transaction : 4, number of failing samples : 4" tn="Grupo de Hilos 1-1" dt="" de="" by="4476" sc="1" ec="1" ng="0" na="0" hn="sam">
  <responseHeader class="java.lang.String"></responseHeader>
  <requestHeader class="java.lang.String"></requestHeader>
  <responseData class="java.lang.String"/>
  <responseFile class="java.lang.String"></responseFile>
</sample>
<httpSample t="10" lt="10" ts="1339401286091" s="false" lb="/iceweb/js/flexigrid/css/flexigrid/images/up.png" rc="401" rm="Unauthorized" tn="Grupo de Hilos 1-1" dt="text" de="utf-8" by="1119" sc="1" ec="1" ng="1" na="1" hn="sam">
  <assertionResult>
    <name>Aserción HTML</name>
    <failure>true</failure>
    <error>false</error>
    <failureMessage>Tidy Parser errors:   0 (allowed 0) Tidy Parser warnings: 2 (allowed 0)</failureMessage>
  </assertionResult>
  <assertionResult>
    <name>Aserción HTML</name>
    <failure>true</failure>
    <error>false</error>
    <failureMessage>Tidy Parser errors:   0 (allowed 0) Tidy Parser warnings: 2 (allowed 0)</failureMessage>
  </assertionResult>
  <responseHeader class="java.lang.String">HTTP/1.1 401 Unauthorized
Server: Apache-Coyote/1.1
Set-Cookie: JSESSIONID=0F5DC2DCC71C0C2A921C2FD57299895E; Path=/iceweb
WWW-Authenticate: Basic realm=&quot;Spring Security Application&quot;
Content-Type: text/html;charset=utf-8
Content-Length: 1119
Date: Mon, 11 Jun 2012 07:54:45 GMT
</responseHeader>
  <requestHeader class="java.lang.String">Accept-Language: ca,es;q=0.8,en;q=0.5,fr;q=0.3
Accept-Charset: ISO-8859-1,utf-8;q=0.7,*;q=0.7
Referer: http://localhost:8080/iceweb/js/flexigrid/css/flexigrid/flexigrid.css
Accept-Encoding: gzip, deflate
User-Agent: Mozilla/5.0 (X11; Linux i686 on x86_64; rv:8.0) Gecko/20100101 Firefox/8.0
Accept: image/png,image/*;q=0.8,*/*;q=0.5
</requestHeader>
  <responseData class="java.lang.String">&lt;html&gt;&lt;head&gt;&lt;title&gt;Apache Tomcat/6.0.32 - Error report&lt;/title&gt;&lt;style&gt;&lt;!--H1 {font-family:Tahoma,Arial,sans-serif;color:white;background-color:#525D76;font-size:22px;} H2 {font-family:Tahoma,Arial,sans-serif;color:white;background-color:#525D76;font-size:16px;} H3 {font-family:Tahoma,Arial,sans-serif;color:white;background-color:#525D76;font-size:14px;} BODY {font-family:Tahoma,Arial,sans-serif;color:black;background-color:white;} B {font-family:Tahoma,Arial,sans-serif;color:white;background-color:#525D76;} P {font-family:Tahoma,Arial,sans-serif;background:white;color:black;font-size:12px;}A {color : black;}A.name {color : black;}HR {color : #525D76;}--&gt;&lt;/style&gt; &lt;/head&gt;&lt;body&gt;&lt;h1&gt;HTTP Status 401 - Full authentication is required to access this resource&lt;/h1&gt;&lt;HR size=&quot;1&quot; noshade=&quot;noshade&quot;&gt;&lt;p&gt;&lt;b&gt;type&lt;/b&gt; Status report&lt;/p&gt;&lt;p&gt;&lt;b&gt;message&lt;/b&gt; &lt;u&gt;Full authentication is required to access this resource&lt;/u&gt;&lt;/p&gt;&lt;p&gt;&lt;b&gt;description&lt;/b&gt; &lt;u&gt;This request requires HTTP authentication (Full authentication is required to access this resource).&lt;/u&gt;&lt;/p&gt;&lt;HR size=&quot;1&quot; noshade=&quot;noshade&quot;&gt;&lt;h3&gt;Apache Tomcat/6.0.32&lt;/h3&gt;&lt;/body&gt;&lt;/html&gt;</responseData>
  <responseFile class="java.lang.String"></responseFile>
  <cookies class="java.lang.String"></cookies>
  <method class="java.lang.String">GET</method>
  <queryString class="java.lang.String"></queryString>
  <java.net.URL>http://localhost:8080/iceweb/js/flexigrid/css/flexigrid/images/up.png</java.net.URL>
</httpSample>
<httpSample t="13" lt="13" ts="1339401286197" s="false" lb="/iceweb/restful/Centro/findPagedByVentanaAndFilter" rc="401" rm="Unauthorized" tn="Grupo de Hilos 1-1" dt="text" de="utf-8" by="1119" sc="1" ec="1" ng="1" na="1" hn="sam">
  <responseHeader class="java.lang.String">HTTP/1.1 401 Unauthorized
Server: Apache-Coyote/1.1
Set-Cookie: JSESSIONID=824B656AB37ECDF0465C36202C2DB0F9; Path=/iceweb
WWW-Authenticate: Basic realm=&quot;Spring Security Application&quot;
Content-Type: text/html;charset=utf-8
Content-Length: 1119
Date: Mon, 11 Jun 2012 07:54:45 GMT
</responseHeader>
  <requestHeader class="java.lang.String">Accept-Language: ca,es;q=0.8,en;q=0.5,fr;q=0.3
X-Requested-With: XMLHttpRequest
Accept-Charset: ISO-8859-1,utf-8;q=0.7,*;q=0.7
Referer: http://localhost:8080/iceweb/
Accept-Encoding: gzip, deflate
User-Agent: Mozilla/5.0 (X11; Linux i686 on x86_64; rv:8.0) Gecko/20100101 Firefox/8.0
Content-Type: application/json
Accept: application/json, */*
</requestHeader>
  <responseData class="java.lang.String">&lt;html&gt;&lt;head&gt;&lt;title&gt;Apache Tomcat/6.0.32 - Error report&lt;/title&gt;&lt;style&gt;&lt;!--H1 {font-family:Tahoma,Arial,sans-serif;color:white;background-color:#525D76;font-size:22px;} H2 {font-family:Tahoma,Arial,sans-serif;color:white;background-color:#525D76;font-size:16px;} H3 {font-family:Tahoma,Arial,sans-serif;color:white;background-color:#525D76;font-size:14px;} BODY {font-family:Tahoma,Arial,sans-serif;color:black;background-color:white;} B {font-family:Tahoma,Arial,sans-serif;color:white;background-color:#525D76;} P {font-family:Tahoma,Arial,sans-serif;background:white;color:black;font-size:12px;}A {color : black;}A.name {color : black;}HR {color : #525D76;}--&gt;&lt;/style&gt; &lt;/head&gt;&lt;body&gt;&lt;h1&gt;HTTP Status 401 - Full authentication is required to access this resource&lt;/h1&gt;&lt;HR size=&quot;1&quot; noshade=&quot;noshade&quot;&gt;&lt;p&gt;&lt;b&gt;type&lt;/b&gt; Status report&lt;/p&gt;&lt;p&gt;&lt;b&gt;message&lt;/b&gt; &lt;u&gt;Full authentication is required to access this resource&lt;/u&gt;&lt;/p&gt;&lt;p&gt;&lt;b&gt;description&lt;/b&gt; &lt;u&gt;This request requires HTTP authentication (Full authentication is required to access this resource).&lt;/u&gt;&lt;/p&gt;&lt;HR size=&quot;1&quot; noshade=&quot;noshade&quot;&gt;&lt;h3&gt;Apache Tomcat/6.0.32&lt;/h3&gt;&lt;/body&gt;&lt;/html&gt;</responseData>
  <responseFile class="java.lang.String"></responseFile>
  <cookies class="java.lang.String"></cookies>
  <method class="java.lang.String">GET</method>
  <queryString class="java.lang.String"></queryString>
  <java.net.URL>http://localhost:8080/iceweb/restful/Centro/findPagedByVentanaAndFilter?pageNumber=1&amp;pageSize=20&amp;sortProp=despecifica&amp;asc=false&amp;filter=%7B%22%40id%22%3A1%2C%22provincias%22%3A%5B%22Val%22%2C%22Ala%22%2C%22Cas%22%5D%2C%22regimenes%22%3A%5B%22PRIV.%22%2C%22PUB.%22%5D%2C%22minNumTicketsAbiertos%22%3Anull%2C%22maxNumTicketsAbiertos%22%3Anull%7D&amp;cuadricula=%7B%22%40id%22%3A1%2C%22infIzq%22%3A%7B%22%40id%22%3A2%2C%22lon%22%3A-1.3712280273438%2C%22lat%22%3A37.68305078125%7D%2C%22supDer%22%3A%7B%22%40id%22%3A3%2C%22lon%22%3A0.27122802734375%2C%22lat%22%3A40.97894921875%7D%2C%22resLon%22%3A19%2C%22resLat%22%3A40%7D</java.net.URL>
</httpSample>
<sample t="117" lt="0" ts="1339401286198" s="false" lb="SORT" rc="" rm="Number of samples in transaction : 2, number of failing samples : 2" tn="Grupo de Hilos 1-1" dt="" de="" by="2238" sc="1" ec="1" ng="0" na="0" hn="sam">
  <responseHeader class="java.lang.String"></responseHeader>
  <requestHeader class="java.lang.String"></requestHeader>
  <responseData class="java.lang.String"/>
  <responseFile class="java.lang.String"></responseFile>
</sample>
<httpSample t="8" lt="8" ts="1339401286613" s="false" lb="/iceweb/" rc="401" rm="Unauthorized" tn="Grupo de Hilos 1-2" dt="text" de="utf-8" by="1119" sc="1" ec="1" ng="1" na="1" hn="sam">
  <responseHeader class="java.lang.String">HTTP/1.1 401 Unauthorized
Server: Apache-Coyote/1.1
Set-Cookie: JSESSIONID=44B05F46618A38E3273DAC286F941BB4; Path=/iceweb
WWW-Authenticate: Basic realm=&quot;Spring Security Application&quot;
Content-Type: text/html;charset=utf-8
Content-Length: 1119
Date: Mon, 11 Jun 2012 07:54:45 GMT
</responseHeader>
  <requestHeader class="java.lang.String">Accept-Language: ca,es;q=0.8,en;q=0.5,fr;q=0.3
Accept-Charset: ISO-8859-1,utf-8;q=0.7,*;q=0.7
Accept-Encoding: gzip, deflate
User-Agent: Mozilla/5.0 (X11; Linux i686 on x86_64; rv:8.0) Gecko/20100101 Firefox/8.0
Accept: text/html,application/xhtml+xml,application/xml;q=0.9,*/*;q=0.8
</requestHeader>
  <responseData class="java.lang.String">&lt;html&gt;&lt;head&gt;&lt;title&gt;Apache Tomcat/6.0.32 - Error report&lt;/title&gt;&lt;style&gt;&lt;!--H1 {font-family:Tahoma,Arial,sans-serif;color:white;background-color:#525D76;font-size:22px;} H2 {font-family:Tahoma,Arial,sans-serif;color:white;background-color:#525D76;font-size:16px;} H3 {font-family:Tahoma,Arial,sans-serif;color:white;background-color:#525D76;font-size:14px;} BODY {font-family:Tahoma,Arial,sans-serif;color:black;background-color:white;} B {font-family:Tahoma,Arial,sans-serif;color:white;background-color:#525D76;} P {font-family:Tahoma,Arial,sans-serif;background:white;color:black;font-size:12px;}A {color : black;}A.name {color : black;}HR {color : #525D76;}--&gt;&lt;/style&gt; &lt;/head&gt;&lt;body&gt;&lt;h1&gt;HTTP Status 401 - Full authentication is required to access this resource&lt;/h1&gt;&lt;HR size=&quot;1&quot; noshade=&quot;noshade&quot;&gt;&lt;p&gt;&lt;b&gt;type&lt;/b&gt; Status report&lt;/p&gt;&lt;p&gt;&lt;b&gt;message&lt;/b&gt; &lt;u&gt;Full authentication is required to access this resource&lt;/u&gt;&lt;/p&gt;&lt;p&gt;&lt;b&gt;description&lt;/b&gt; &lt;u&gt;This request requires HTTP authentication (Full authentication is required to access this resource).&lt;/u&gt;&lt;/p&gt;&lt;HR size=&quot;1&quot; noshade=&quot;noshade&quot;&gt;&lt;h3&gt;Apache Tomcat/6.0.32&lt;/h3&gt;&lt;/body&gt;&lt;/html&gt;</responseData>
  <responseFile class="java.lang.String"></responseFile>
  <cookies class="java.lang.String"></cookies>
  <method class="java.lang.String">GET</method>
  <queryString class="java.lang.String"></queryString>
  <java.net.URL>http://localhost:8080/iceweb/</java.net.URL>
</httpSample>
<httpSample t="179" lt="179" ts="1339401286794" s="false" lb="/iceweb/styles/img/south-mini.png" rc="401" rm="Unauthorized" tn="Grupo de Hilos 1-2" dt="text" de="utf-8" by="1119" sc="1" ec="1" ng="1" na="1" hn="sam">
  <responseHeader class="java.lang.String">HTTP/1.1 401 Unauthorized
Server: Apache-Coyote/1.1
Set-Cookie: JSESSIONID=5CC1BE19713BCF7918C59ABEF963D417; Path=/iceweb
WWW-Authenticate: Basic realm=&quot;Spring Security Application&quot;
Content-Type: text/html;charset=utf-8
Content-Length: 1119
Date: Mon, 11 Jun 2012 07:54:46 GMT
</responseHeader>
  <requestHeader class="java.lang.String">Accept-Language: ca,es;q=0.8,en;q=0.5,fr;q=0.3
Accept-Charset: ISO-8859-1,utf-8;q=0.7,*;q=0.7
Referer: http://localhost:8080/iceweb/styles/style.css
Accept-Encoding: gzip, deflate
User-Agent: Mozilla/5.0 (X11; Linux i686 on x86_64; rv:8.0) Gecko/20100101 Firefox/8.0
Accept: image/png,image/*;q=0.8,*/*;q=0.5
</requestHeader>
  <responseData class="java.lang.String">&lt;html&gt;&lt;head&gt;&lt;title&gt;Apache Tomcat/6.0.32 - Error report&lt;/title&gt;&lt;style&gt;&lt;!--H1 {font-family:Tahoma,Arial,sans-serif;color:white;background-color:#525D76;font-size:22px;} H2 {font-family:Tahoma,Arial,sans-serif;color:white;background-color:#525D76;font-size:16px;} H3 {font-family:Tahoma,Arial,sans-serif;color:white;background-color:#525D76;font-size:14px;} BODY {font-family:Tahoma,Arial,sans-serif;color:black;background-color:white;} B {font-family:Tahoma,Arial,sans-serif;color:white;background-color:#525D76;} P {font-family:Tahoma,Arial,sans-serif;background:white;color:black;font-size:12px;}A {color : black;}A.name {color : black;}HR {color : #525D76;}--&gt;&lt;/style&gt; &lt;/head&gt;&lt;body&gt;&lt;h1&gt;HTTP Status 401 - Full authentication is required to access this resource&lt;/h1&gt;&lt;HR size=&quot;1&quot; noshade=&quot;noshade&quot;&gt;&lt;p&gt;&lt;b&gt;type&lt;/b&gt; Status report&lt;/p&gt;&lt;p&gt;&lt;b&gt;message&lt;/b&gt; &lt;u&gt;Full authentication is required to access this resource&lt;/u&gt;&lt;/p&gt;&lt;p&gt;&lt;b&gt;description&lt;/b&gt; &lt;u&gt;This request requires HTTP authentication (Full authentication is required to access this resource).&lt;/u&gt;&lt;/p&gt;&lt;HR size=&quot;1&quot; noshade=&quot;noshade&quot;&gt;&lt;h3&gt;Apache Tomcat/6.0.32&lt;/h3&gt;&lt;/body&gt;&lt;/html&gt;</responseData>
  <responseFile class="java.lang.String"></responseFile>
  <cookies class="java.lang.String"></cookies>
  <method class="java.lang.String">GET</method>
  <queryString class="java.lang.String"></queryString>
  <java.net.URL>http://localhost:8080/iceweb/styles/img/south-mini.png</java.net.URL>
</httpSample>
<httpSample t="43" lt="43" ts="1339401286839" s="false" lb="/iceweb/restful/Centro/findMarcasCuadriculaByFilter" rc="401" rm="Unauthorized" tn="Grupo de Hilos 1-2" dt="text" de="utf-8" by="1119" sc="1" ec="1" ng="1" na="1" hn="sam">
  <responseHeader class="java.lang.String">HTTP/1.1 401 Unauthorized
Server: Apache-Coyote/1.1
Set-Cookie: JSESSIONID=43DCB072626FAD7DC23C52892B9DD503; Path=/iceweb
WWW-Authenticate: Basic realm=&quot;Spring Security Application&quot;
Content-Type: text/html;charset=utf-8
Content-Length: 1119
Date: Mon, 11 Jun 2012 07:54:46 GMT
</responseHeader>
  <requestHeader class="java.lang.String">Accept-Language: ca,es;q=0.8,en;q=0.5,fr;q=0.3
X-Requested-With: XMLHttpRequest
Accept-Charset: ISO-8859-1,utf-8;q=0.7,*;q=0.7
Referer: http://localhost:8080/iceweb/
Accept-Encoding: gzip, deflate
User-Agent: Mozilla/5.0 (X11; Linux i686 on x86_64; rv:8.0) Gecko/20100101 Firefox/8.0
Content-Type: application/json
Accept: application/json, */*
</requestHeader>
  <responseData class="java.lang.String">&lt;html&gt;&lt;head&gt;&lt;title&gt;Apache Tomcat/6.0.32 - Error report&lt;/title&gt;&lt;style&gt;&lt;!--H1 {font-family:Tahoma,Arial,sans-serif;color:white;background-color:#525D76;font-size:22px;} H2 {font-family:Tahoma,Arial,sans-serif;color:white;background-color:#525D76;font-size:16px;} H3 {font-family:Tahoma,Arial,sans-serif;color:white;background-color:#525D76;font-size:14px;} BODY {font-family:Tahoma,Arial,sans-serif;color:black;background-color:white;} B {font-family:Tahoma,Arial,sans-serif;color:white;background-color:#525D76;} P {font-family:Tahoma,Arial,sans-serif;background:white;color:black;font-size:12px;}A {color : black;}A.name {color : black;}HR {color : #525D76;}--&gt;&lt;/style&gt; &lt;/head&gt;&lt;body&gt;&lt;h1&gt;HTTP Status 401 - Full authentication is required to access this resource&lt;/h1&gt;&lt;HR size=&quot;1&quot; noshade=&quot;noshade&quot;&gt;&lt;p&gt;&lt;b&gt;type&lt;/b&gt; Status report&lt;/p&gt;&lt;p&gt;&lt;b&gt;message&lt;/b&gt; &lt;u&gt;Full authentication is required to access this resource&lt;/u&gt;&lt;/p&gt;&lt;p&gt;&lt;b&gt;description&lt;/b&gt; &lt;u&gt;This request requires HTTP authentication (Full authentication is required to access this resource).&lt;/u&gt;&lt;/p&gt;&lt;HR size=&quot;1&quot; noshade=&quot;noshade&quot;&gt;&lt;h3&gt;Apache Tomcat/6.0.32&lt;/h3&gt;&lt;/body&gt;&lt;/html&gt;</responseData>
  <responseFile class="java.lang.String"></responseFile>
  <cookies class="java.lang.String"></cookies>
  <method class="java.lang.String">GET</method>
  <queryString class="java.lang.String"></queryString>
  <java.net.URL>http://localhost:8080/iceweb/restful/Centro/findMarcasCuadriculaByFilter?filter=%7B%22%40id%22%3A1%2C%22provincias%22%3A%5B%22Val%22%2C%22Ala%22%2C%22Cas%22%5D%2C%22regimenes%22%3A%5B%22PRIV.%22%2C%22PUB.%22%5D%2C%22minNumTicketsAbiertos%22%3Anull%2C%22maxNumTicketsAbiertos%22%3Anull%7D&amp;cuadricula=%7B%22%40id%22%3A1%2C%22infIzq%22%3A%7B%22%40id%22%3A2%2C%22lon%22%3A-1.3712280273438%2C%22lat%22%3A37.68305078125%7D%2C%22supDer%22%3A%7B%22%40id%22%3A3%2C%22lon%22%3A0.27122802734375%2C%22lat%22%3A40.97894921875%7D%2C%22resLon%22%3A19%2C%22resLat%22%3A40%7D</java.net.URL>
</httpSample>
<httpSample t="15" lt="15" ts="1339401286855" s="false" lb="/iceweb/restful/Centro/findPagedByVentanaAndFilter" rc="401" rm="Unauthorized" tn="Grupo de Hilos 1-2" dt="text" de="utf-8" by="1119" sc="1" ec="1" ng="1" na="1" hn="sam">
  <responseHeader class="java.lang.String">HTTP/1.1 401 Unauthorized
Server: Apache-Coyote/1.1
Set-Cookie: JSESSIONID=C528EACA8B46385B47C0BDCA14BF2E75; Path=/iceweb
WWW-Authenticate: Basic realm=&quot;Spring Security Application&quot;
Content-Type: text/html;charset=utf-8
Content-Length: 1119
Date: Mon, 11 Jun 2012 07:54:46 GMT
</responseHeader>
  <requestHeader class="java.lang.String">Accept-Language: ca,es;q=0.8,en;q=0.5,fr;q=0.3
X-Requested-With: XMLHttpRequest
Accept-Charset: ISO-8859-1,utf-8;q=0.7,*;q=0.7
Referer: http://localhost:8080/iceweb/
Accept-Encoding: gzip, deflate
User-Agent: Mozilla/5.0 (X11; Linux i686 on x86_64; rv:8.0) Gecko/20100101 Firefox/8.0
Content-Type: application/json
Accept: application/json, */*
</requestHeader>
  <responseData class="java.lang.String">&lt;html&gt;&lt;head&gt;&lt;title&gt;Apache Tomcat/6.0.32 - Error report&lt;/title&gt;&lt;style&gt;&lt;!--H1 {font-family:Tahoma,Arial,sans-serif;color:white;background-color:#525D76;font-size:22px;} H2 {font-family:Tahoma,Arial,sans-serif;color:white;background-color:#525D76;font-size:16px;} H3 {font-family:Tahoma,Arial,sans-serif;color:white;background-color:#525D76;font-size:14px;} BODY {font-family:Tahoma,Arial,sans-serif;color:black;background-color:white;} B {font-family:Tahoma,Arial,sans-serif;color:white;background-color:#525D76;} P {font-family:Tahoma,Arial,sans-serif;background:white;color:black;font-size:12px;}A {color : black;}A.name {color : black;}HR {color : #525D76;}--&gt;&lt;/style&gt; &lt;/head&gt;&lt;body&gt;&lt;h1&gt;HTTP Status 401 - Full authentication is required to access this resource&lt;/h1&gt;&lt;HR size=&quot;1&quot; noshade=&quot;noshade&quot;&gt;&lt;p&gt;&lt;b&gt;type&lt;/b&gt; Status report&lt;/p&gt;&lt;p&gt;&lt;b&gt;message&lt;/b&gt; &lt;u&gt;Full authentication is required to access this resource&lt;/u&gt;&lt;/p&gt;&lt;p&gt;&lt;b&gt;description&lt;/b&gt; &lt;u&gt;This request requires HTTP authentication (Full authentication is required to access this resource).&lt;/u&gt;&lt;/p&gt;&lt;HR size=&quot;1&quot; noshade=&quot;noshade&quot;&gt;&lt;h3&gt;Apache Tomcat/6.0.32&lt;/h3&gt;&lt;/body&gt;&lt;/html&gt;</responseData>
  <responseFile class="java.lang.String"></responseFile>
  <cookies class="java.lang.String"></cookies>
  <method class="java.lang.String">GET</method>
  <queryString class="java.lang.String"></queryString>
  <java.net.URL>http://localhost:8080/iceweb/restful/Centro/findPagedByVentanaAndFilter?pageNumber=1&amp;pageSize=20&amp;sortProp=despecifica&amp;asc=true&amp;filter=%7B%22%40id%22%3A1%2C%22provincias%22%3A%5B%22Val%22%2C%22Ala%22%2C%22Cas%22%5D%2C%22regimenes%22%3A%5B%22PRIV.%22%2C%22PUB.%22%5D%2C%22minNumTicketsAbiertos%22%3Anull%2C%22maxNumTicketsAbiertos%22%3Anull%7D</java.net.URL>
</httpSample>
<sample t="251" lt="0" ts="1339401286856" s="false" lb="HOME" rc="" rm="Number of samples in transaction : 4, number of failing samples : 4" tn="Grupo de Hilos 1-2" dt="" de="" by="4476" sc="1" ec="1" ng="0" na="0" hn="sam">
  <responseHeader class="java.lang.String"></responseHeader>
  <requestHeader class="java.lang.String"></requestHeader>
  <responseData class="java.lang.String"/>
  <responseFile class="java.lang.String"></responseFile>
</sample>
<httpSample t="13" lt="13" ts="1339401286870" s="false" lb="/iceweb/js/flexigrid/css/flexigrid/images/up.png" rc="401" rm="Unauthorized" tn="Grupo de Hilos 1-2" dt="text" de="utf-8" by="1119" sc="1" ec="1" ng="1" na="1" hn="sam">
  <assertionResult>
    <name>Aserción HTML</name>
    <failure>true</failure>
    <error>false</error>
    <failureMessage>Tidy Parser errors:   0 (allowed 0) Tidy Parser warnings: 2 (allowed 0)</failureMessage>
  </assertionResult>
  <assertionResult>
    <name>Aserción HTML</name>
    <failure>true</failure>
    <error>false</error>
    <failureMessage>Tidy Parser errors:   0 (allowed 0) Tidy Parser warnings: 2 (allowed 0)</failureMessage>
  </assertionResult>
  <responseHeader class="java.lang.String">HTTP/1.1 401 Unauthorized
Server: Apache-Coyote/1.1
Set-Cookie: JSESSIONID=957686CCBD590F02A7C94B09E81DA48C; Path=/iceweb
WWW-Authenticate: Basic realm=&quot;Spring Security Application&quot;
Content-Type: text/html;charset=utf-8
Content-Length: 1119
Date: Mon, 11 Jun 2012 07:54:46 GMT
</responseHeader>
  <requestHeader class="java.lang.String">Accept-Language: ca,es;q=0.8,en;q=0.5,fr;q=0.3
Accept-Charset: ISO-8859-1,utf-8;q=0.7,*;q=0.7
Referer: http://localhost:8080/iceweb/js/flexigrid/css/flexigrid/flexigrid.css
Accept-Encoding: gzip, deflate
User-Agent: Mozilla/5.0 (X11; Linux i686 on x86_64; rv:8.0) Gecko/20100101 Firefox/8.0
Accept: image/png,image/*;q=0.8,*/*;q=0.5
</requestHeader>
  <responseData class="java.lang.String">&lt;html&gt;&lt;head&gt;&lt;title&gt;Apache Tomcat/6.0.32 - Error report&lt;/title&gt;&lt;style&gt;&lt;!--H1 {font-family:Tahoma,Arial,sans-serif;color:white;background-color:#525D76;font-size:22px;} H2 {font-family:Tahoma,Arial,sans-serif;color:white;background-color:#525D76;font-size:16px;} H3 {font-family:Tahoma,Arial,sans-serif;color:white;background-color:#525D76;font-size:14px;} BODY {font-family:Tahoma,Arial,sans-serif;color:black;background-color:white;} B {font-family:Tahoma,Arial,sans-serif;color:white;background-color:#525D76;} P {font-family:Tahoma,Arial,sans-serif;background:white;color:black;font-size:12px;}A {color : black;}A.name {color : black;}HR {color : #525D76;}--&gt;&lt;/style&gt; &lt;/head&gt;&lt;body&gt;&lt;h1&gt;HTTP Status 401 - Full authentication is required to access this resource&lt;/h1&gt;&lt;HR size=&quot;1&quot; noshade=&quot;noshade&quot;&gt;&lt;p&gt;&lt;b&gt;type&lt;/b&gt; Status report&lt;/p&gt;&lt;p&gt;&lt;b&gt;message&lt;/b&gt; &lt;u&gt;Full authentication is required to access this resource&lt;/u&gt;&lt;/p&gt;&lt;p&gt;&lt;b&gt;description&lt;/b&gt; &lt;u&gt;This request requires HTTP authentication (Full authentication is required to access this resource).&lt;/u&gt;&lt;/p&gt;&lt;HR size=&quot;1&quot; noshade=&quot;noshade&quot;&gt;&lt;h3&gt;Apache Tomcat/6.0.32&lt;/h3&gt;&lt;/body&gt;&lt;/html&gt;</responseData>
  <responseFile class="java.lang.String"></responseFile>
  <cookies class="java.lang.String"></cookies>
  <method class="java.lang.String">GET</method>
  <queryString class="java.lang.String"></queryString>
  <java.net.URL>http://localhost:8080/iceweb/js/flexigrid/css/flexigrid/images/up.png</java.net.URL>
</httpSample>
<httpSample t="51" lt="51" ts="1339401286935" s="false" lb="/iceweb/restful/Centro/findPagedByVentanaAndFilter" rc="401" rm="Unauthorized" tn="Grupo de Hilos 1-2" dt="text" de="utf-8" by="1119" sc="1" ec="1" ng="1" na="1" hn="sam">
  <responseHeader class="java.lang.String">HTTP/1.1 401 Unauthorized
Server: Apache-Coyote/1.1
Set-Cookie: JSESSIONID=681858B48A95A08840BEC3B4DE725236; Path=/iceweb
WWW-Authenticate: Basic realm=&quot;Spring Security Application&quot;
Content-Type: text/html;charset=utf-8
Content-Length: 1119
Date: Mon, 11 Jun 2012 07:54:46 GMT
</responseHeader>
  <requestHeader class="java.lang.String">Accept-Language: ca,es;q=0.8,en;q=0.5,fr;q=0.3
X-Requested-With: XMLHttpRequest
Accept-Charset: ISO-8859-1,utf-8;q=0.7,*;q=0.7
Referer: http://localhost:8080/iceweb/
Accept-Encoding: gzip, deflate
User-Agent: Mozilla/5.0 (X11; Linux i686 on x86_64; rv:8.0) Gecko/20100101 Firefox/8.0
Content-Type: application/json
Accept: application/json, */*
</requestHeader>
  <responseData class="java.lang.String">&lt;html&gt;&lt;head&gt;&lt;title&gt;Apache Tomcat/6.0.32 - Error report&lt;/title&gt;&lt;style&gt;&lt;!--H1 {font-family:Tahoma,Arial,sans-serif;color:white;background-color:#525D76;font-size:22px;} H2 {font-family:Tahoma,Arial,sans-serif;color:white;background-color:#525D76;font-size:16px;} H3 {font-family:Tahoma,Arial,sans-serif;color:white;background-color:#525D76;font-size:14px;} BODY {font-family:Tahoma,Arial,sans-serif;color:black;background-color:white;} B {font-family:Tahoma,Arial,sans-serif;color:white;background-color:#525D76;} P {font-family:Tahoma,Arial,sans-serif;background:white;color:black;font-size:12px;}A {color : black;}A.name {color : black;}HR {color : #525D76;}--&gt;&lt;/style&gt; &lt;/head&gt;&lt;body&gt;&lt;h1&gt;HTTP Status 401 - Full authentication is required to access this resource&lt;/h1&gt;&lt;HR size=&quot;1&quot; noshade=&quot;noshade&quot;&gt;&lt;p&gt;&lt;b&gt;type&lt;/b&gt; Status report&lt;/p&gt;&lt;p&gt;&lt;b&gt;message&lt;/b&gt; &lt;u&gt;Full authentication is required to access this resource&lt;/u&gt;&lt;/p&gt;&lt;p&gt;&lt;b&gt;description&lt;/b&gt; &lt;u&gt;This request requires HTTP authentication (Full authentication is required to access this resource).&lt;/u&gt;&lt;/p&gt;&lt;HR size=&quot;1&quot; noshade=&quot;noshade&quot;&gt;&lt;h3&gt;Apache Tomcat/6.0.32&lt;/h3&gt;&lt;/body&gt;&lt;/html&gt;</responseData>
  <responseFile class="java.lang.String"></responseFile>
  <cookies class="java.lang.String"></cookies>
  <method class="java.lang.String">GET</method>
  <queryString class="java.lang.String"></queryString>
  <java.net.URL>http://localhost:8080/iceweb/restful/Centro/findPagedByVentanaAndFilter?pageNumber=1&amp;pageSize=20&amp;sortProp=despecifica&amp;asc=false&amp;filter=%7B%22%40id%22%3A1%2C%22provincias%22%3A%5B%22Val%22%2C%22Ala%22%2C%22Cas%22%5D%2C%22regimenes%22%3A%5B%22PRIV.%22%2C%22PUB.%22%5D%2C%22minNumTicketsAbiertos%22%3Anull%2C%22maxNumTicketsAbiertos%22%3Anull%7D&amp;cuadricula=%7B%22%40id%22%3A1%2C%22infIzq%22%3A%7B%22%40id%22%3A2%2C%22lon%22%3A-1.3712280273438%2C%22lat%22%3A37.68305078125%7D%2C%22supDer%22%3A%7B%22%40id%22%3A3%2C%22lon%22%3A0.27122802734375%2C%22lat%22%3A40.97894921875%7D%2C%22resLon%22%3A19%2C%22resLat%22%3A40%7D</java.net.URL>
</httpSample>
<sample t="79" lt="0" ts="1339401286936" s="false" lb="SORT" rc="" rm="Number of samples in transaction : 2, number of failing samples : 2" tn="Grupo de Hilos 1-2" dt="" de="" by="2238" sc="1" ec="1" ng="0" na="0" hn="sam">
  <responseHeader class="java.lang.String"></responseHeader>
  <requestHeader class="java.lang.String"></requestHeader>
  <responseData class="java.lang.String"/>
  <responseFile class="java.lang.String"></responseFile>
</sample>
<httpSample t="22" lt="22" ts="1339401286959" s="false" lb="/iceweb/" rc="401" rm="Unauthorized" tn="Grupo de Hilos 1-2" dt="text" de="utf-8" by="1119" sc="1" ec="1" ng="1" na="1" hn="sam">
  <responseHeader class="java.lang.String">HTTP/1.1 401 Unauthorized
Server: Apache-Coyote/1.1
Set-Cookie: JSESSIONID=E1C05CA534A3EB1B5723F4189A13932D; Path=/iceweb
WWW-Authenticate: Basic realm=&quot;Spring Security Application&quot;
Content-Type: text/html;charset=utf-8
Content-Length: 1119
Date: Mon, 11 Jun 2012 07:54:46 GMT
</responseHeader>
  <requestHeader class="java.lang.String">Accept-Language: ca,es;q=0.8,en;q=0.5,fr;q=0.3
Accept-Charset: ISO-8859-1,utf-8;q=0.7,*;q=0.7
Accept-Encoding: gzip, deflate
User-Agent: Mozilla/5.0 (X11; Linux i686 on x86_64; rv:8.0) Gecko/20100101 Firefox/8.0
Accept: text/html,application/xhtml+xml,application/xml;q=0.9,*/*;q=0.8
</requestHeader>
  <responseData class="java.lang.String">&lt;html&gt;&lt;head&gt;&lt;title&gt;Apache Tomcat/6.0.32 - Error report&lt;/title&gt;&lt;style&gt;&lt;!--H1 {font-family:Tahoma,Arial,sans-serif;color:white;background-color:#525D76;font-size:22px;} H2 {font-family:Tahoma,Arial,sans-serif;color:white;background-color:#525D76;font-size:16px;} H3 {font-family:Tahoma,Arial,sans-serif;color:white;background-color:#525D76;font-size:14px;} BODY {font-family:Tahoma,Arial,sans-serif;color:black;background-color:white;} B {font-family:Tahoma,Arial,sans-serif;color:white;background-color:#525D76;} P {font-family:Tahoma,Arial,sans-serif;background:white;color:black;font-size:12px;}A {color : black;}A.name {color : black;}HR {color : #525D76;}--&gt;&lt;/style&gt; &lt;/head&gt;&lt;body&gt;&lt;h1&gt;HTTP Status 401 - Full authentication is required to access this resource&lt;/h1&gt;&lt;HR size=&quot;1&quot; noshade=&quot;noshade&quot;&gt;&lt;p&gt;&lt;b&gt;type&lt;/b&gt; Status report&lt;/p&gt;&lt;p&gt;&lt;b&gt;message&lt;/b&gt; &lt;u&gt;Full authentication is required to access this resource&lt;/u&gt;&lt;/p&gt;&lt;p&gt;&lt;b&gt;description&lt;/b&gt; &lt;u&gt;This request requires HTTP authentication (Full authentication is required to access this resource).&lt;/u&gt;&lt;/p&gt;&lt;HR size=&quot;1&quot; noshade=&quot;noshade&quot;&gt;&lt;h3&gt;Apache Tomcat/6.0.32&lt;/h3&gt;&lt;/body&gt;&lt;/html&gt;</responseData>
  <responseFile class="java.lang.String"></responseFile>
  <cookies class="java.lang.String"></cookies>
  <method class="java.lang.String">GET</method>
  <queryString class="java.lang.String"></queryString>
  <java.net.URL>http://localhost:8080/iceweb/</java.net.URL>
</httpSample>
<httpSample t="92" lt="92" ts="1339401287052" s="false" lb="/iceweb/styles/img/south-mini.png" rc="401" rm="Unauthorized" tn="Grupo de Hilos 1-2" dt="text" de="utf-8" by="1119" sc="1" ec="1" ng="1" na="1" hn="sam">
  <responseHeader class="java.lang.String">HTTP/1.1 401 Unauthorized
Server: Apache-Coyote/1.1
Set-Cookie: JSESSIONID=C6439156D8DFE51D406606734C897958; Path=/iceweb
WWW-Authenticate: Basic realm=&quot;Spring Security Application&quot;
Content-Type: text/html;charset=utf-8
Content-Length: 1119
Date: Mon, 11 Jun 2012 07:54:46 GMT
</responseHeader>
  <requestHeader class="java.lang.String">Accept-Language: ca,es;q=0.8,en;q=0.5,fr;q=0.3
Accept-Charset: ISO-8859-1,utf-8;q=0.7,*;q=0.7
Referer: http://localhost:8080/iceweb/styles/style.css
Accept-Encoding: gzip, deflate
User-Agent: Mozilla/5.0 (X11; Linux i686 on x86_64; rv:8.0) Gecko/20100101 Firefox/8.0
Accept: image/png,image/*;q=0.8,*/*;q=0.5
</requestHeader>
  <responseData class="java.lang.String">&lt;html&gt;&lt;head&gt;&lt;title&gt;Apache Tomcat/6.0.32 - Error report&lt;/title&gt;&lt;style&gt;&lt;!--H1 {font-family:Tahoma,Arial,sans-serif;color:white;background-color:#525D76;font-size:22px;} H2 {font-family:Tahoma,Arial,sans-serif;color:white;background-color:#525D76;font-size:16px;} H3 {font-family:Tahoma,Arial,sans-serif;color:white;background-color:#525D76;font-size:14px;} BODY {font-family:Tahoma,Arial,sans-serif;color:black;background-color:white;} B {font-family:Tahoma,Arial,sans-serif;color:white;background-color:#525D76;} P {font-family:Tahoma,Arial,sans-serif;background:white;color:black;font-size:12px;}A {color : black;}A.name {color : black;}HR {color : #525D76;}--&gt;&lt;/style&gt; &lt;/head&gt;&lt;body&gt;&lt;h1&gt;HTTP Status 401 - Full authentication is required to access this resource&lt;/h1&gt;&lt;HR size=&quot;1&quot; noshade=&quot;noshade&quot;&gt;&lt;p&gt;&lt;b&gt;type&lt;/b&gt; Status report&lt;/p&gt;&lt;p&gt;&lt;b&gt;message&lt;/b&gt; &lt;u&gt;Full authentication is required to access this resource&lt;/u&gt;&lt;/p&gt;&lt;p&gt;&lt;b&gt;description&lt;/b&gt; &lt;u&gt;This request requires HTTP authentication (Full authentication is required to access this resource).&lt;/u&gt;&lt;/p&gt;&lt;HR size=&quot;1&quot; noshade=&quot;noshade&quot;&gt;&lt;h3&gt;Apache Tomcat/6.0.32&lt;/h3&gt;&lt;/body&gt;&lt;/html&gt;</responseData>
  <responseFile class="java.lang.String"></responseFile>
  <cookies class="java.lang.String"></cookies>
  <method class="java.lang.String">GET</method>
  <queryString class="java.lang.String"></queryString>
  <java.net.URL>http://localhost:8080/iceweb/styles/img/south-mini.png</java.net.URL>
</httpSample>
<httpSample t="15" lt="15" ts="1339401287068" s="false" lb="/iceweb/restful/Centro/findMarcasCuadriculaByFilter" rc="401" rm="Unauthorized" tn="Grupo de Hilos 1-2" dt="text" de="utf-8" by="1119" sc="1" ec="1" ng="1" na="1" hn="sam">
  <responseHeader class="java.lang.String">HTTP/1.1 401 Unauthorized
Server: Apache-Coyote/1.1
Set-Cookie: JSESSIONID=CD3E4C5DEFBF1E85CA2E139D0CC4A9BA; Path=/iceweb
WWW-Authenticate: Basic realm=&quot;Spring Security Application&quot;
Content-Type: text/html;charset=utf-8
Content-Length: 1119
Date: Mon, 11 Jun 2012 07:54:46 GMT
</responseHeader>
  <requestHeader class="java.lang.String">Accept-Language: ca,es;q=0.8,en;q=0.5,fr;q=0.3
X-Requested-With: XMLHttpRequest
Accept-Charset: ISO-8859-1,utf-8;q=0.7,*;q=0.7
Referer: http://localhost:8080/iceweb/
Accept-Encoding: gzip, deflate
User-Agent: Mozilla/5.0 (X11; Linux i686 on x86_64; rv:8.0) Gecko/20100101 Firefox/8.0
Content-Type: application/json
Accept: application/json, */*
</requestHeader>
  <responseData class="java.lang.String">&lt;html&gt;&lt;head&gt;&lt;title&gt;Apache Tomcat/6.0.32 - Error report&lt;/title&gt;&lt;style&gt;&lt;!--H1 {font-family:Tahoma,Arial,sans-serif;color:white;background-color:#525D76;font-size:22px;} H2 {font-family:Tahoma,Arial,sans-serif;color:white;background-color:#525D76;font-size:16px;} H3 {font-family:Tahoma,Arial,sans-serif;color:white;background-color:#525D76;font-size:14px;} BODY {font-family:Tahoma,Arial,sans-serif;color:black;background-color:white;} B {font-family:Tahoma,Arial,sans-serif;color:white;background-color:#525D76;} P {font-family:Tahoma,Arial,sans-serif;background:white;color:black;font-size:12px;}A {color : black;}A.name {color : black;}HR {color : #525D76;}--&gt;&lt;/style&gt; &lt;/head&gt;&lt;body&gt;&lt;h1&gt;HTTP Status 401 - Full authentication is required to access this resource&lt;/h1&gt;&lt;HR size=&quot;1&quot; noshade=&quot;noshade&quot;&gt;&lt;p&gt;&lt;b&gt;type&lt;/b&gt; Status report&lt;/p&gt;&lt;p&gt;&lt;b&gt;message&lt;/b&gt; &lt;u&gt;Full authentication is required to access this resource&lt;/u&gt;&lt;/p&gt;&lt;p&gt;&lt;b&gt;description&lt;/b&gt; &lt;u&gt;This request requires HTTP authentication (Full authentication is required to access this resource).&lt;/u&gt;&lt;/p&gt;&lt;HR size=&quot;1&quot; noshade=&quot;noshade&quot;&gt;&lt;h3&gt;Apache Tomcat/6.0.32&lt;/h3&gt;&lt;/body&gt;&lt;/html&gt;</responseData>
  <responseFile class="java.lang.String"></responseFile>
  <cookies class="java.lang.String"></cookies>
  <method class="java.lang.String">GET</method>
  <queryString class="java.lang.String"></queryString>
  <java.net.URL>http://localhost:8080/iceweb/restful/Centro/findMarcasCuadriculaByFilter?filter=%7B%22%40id%22%3A1%2C%22provincias%22%3A%5B%22Val%22%2C%22Ala%22%2C%22Cas%22%5D%2C%22regimenes%22%3A%5B%22PRIV.%22%2C%22PUB.%22%5D%2C%22minNumTicketsAbiertos%22%3Anull%2C%22maxNumTicketsAbiertos%22%3Anull%7D&amp;cuadricula=%7B%22%40id%22%3A1%2C%22infIzq%22%3A%7B%22%40id%22%3A2%2C%22lon%22%3A-1.3712280273438%2C%22lat%22%3A37.68305078125%7D%2C%22supDer%22%3A%7B%22%40id%22%3A3%2C%22lon%22%3A0.27122802734375%2C%22lat%22%3A40.97894921875%7D%2C%22resLon%22%3A19%2C%22resLat%22%3A40%7D</java.net.URL>
</httpSample>
<httpSample t="40" lt="40" ts="1339401287109" s="false" lb="/iceweb/restful/Centro/findPagedByVentanaAndFilter" rc="401" rm="Unauthorized" tn="Grupo de Hilos 1-2" dt="text" de="utf-8" by="1119" sc="1" ec="1" ng="1" na="1" hn="sam">
  <responseHeader class="java.lang.String">HTTP/1.1 401 Unauthorized
Server: Apache-Coyote/1.1
Set-Cookie: JSESSIONID=3EBAECA976F7BEDBDBD98A23D7BB8FA7; Path=/iceweb
WWW-Authenticate: Basic realm=&quot;Spring Security Application&quot;
Content-Type: text/html;charset=utf-8
Content-Length: 1119
Date: Mon, 11 Jun 2012 07:54:46 GMT
</responseHeader>
  <requestHeader class="java.lang.String">Accept-Language: ca,es;q=0.8,en;q=0.5,fr;q=0.3
X-Requested-With: XMLHttpRequest
Accept-Charset: ISO-8859-1,utf-8;q=0.7,*;q=0.7
Referer: http://localhost:8080/iceweb/
Accept-Encoding: gzip, deflate
User-Agent: Mozilla/5.0 (X11; Linux i686 on x86_64; rv:8.0) Gecko/20100101 Firefox/8.0
Content-Type: application/json
Accept: application/json, */*
</requestHeader>
  <responseData class="java.lang.String">&lt;html&gt;&lt;head&gt;&lt;title&gt;Apache Tomcat/6.0.32 - Error report&lt;/title&gt;&lt;style&gt;&lt;!--H1 {font-family:Tahoma,Arial,sans-serif;color:white;background-color:#525D76;font-size:22px;} H2 {font-family:Tahoma,Arial,sans-serif;color:white;background-color:#525D76;font-size:16px;} H3 {font-family:Tahoma,Arial,sans-serif;color:white;background-color:#525D76;font-size:14px;} BODY {font-family:Tahoma,Arial,sans-serif;color:black;background-color:white;} B {font-family:Tahoma,Arial,sans-serif;color:white;background-color:#525D76;} P {font-family:Tahoma,Arial,sans-serif;background:white;color:black;font-size:12px;}A {color : black;}A.name {color : black;}HR {color : #525D76;}--&gt;&lt;/style&gt; &lt;/head&gt;&lt;body&gt;&lt;h1&gt;HTTP Status 401 - Full authentication is required to access this resource&lt;/h1&gt;&lt;HR size=&quot;1&quot; noshade=&quot;noshade&quot;&gt;&lt;p&gt;&lt;b&gt;type&lt;/b&gt; Status report&lt;/p&gt;&lt;p&gt;&lt;b&gt;message&lt;/b&gt; &lt;u&gt;Full authentication is required to access this resource&lt;/u&gt;&lt;/p&gt;&lt;p&gt;&lt;b&gt;description&lt;/b&gt; &lt;u&gt;This request requires HTTP authentication (Full authentication is required to access this resource).&lt;/u&gt;&lt;/p&gt;&lt;HR size=&quot;1&quot; noshade=&quot;noshade&quot;&gt;&lt;h3&gt;Apache Tomcat/6.0.32&lt;/h3&gt;&lt;/body&gt;&lt;/html&gt;</responseData>
  <responseFile class="java.lang.String"></responseFile>
  <cookies class="java.lang.String"></cookies>
  <method class="java.lang.String">GET</method>
  <queryString class="java.lang.String"></queryString>
  <java.net.URL>http://localhost:8080/iceweb/restful/Centro/findPagedByVentanaAndFilter?pageNumber=1&amp;pageSize=20&amp;sortProp=despecifica&amp;asc=true&amp;filter=%7B%22%40id%22%3A1%2C%22provincias%22%3A%5B%22Val%22%2C%22Ala%22%2C%22Cas%22%5D%2C%22regimenes%22%3A%5B%22PRIV.%22%2C%22PUB.%22%5D%2C%22minNumTicketsAbiertos%22%3Anull%2C%22maxNumTicketsAbiertos%22%3Anull%7D</java.net.URL>
</httpSample>
<sample t="173" lt="0" ts="1339401287110" s="false" lb="HOME" rc="" rm="Number of samples in transaction : 4, number of failing samples : 4" tn="Grupo de Hilos 1-2" dt="" de="" by="4476" sc="1" ec="1" ng="0" na="0" hn="sam">
  <responseHeader class="java.lang.String"></responseHeader>
  <requestHeader class="java.lang.String"></requestHeader>
  <responseData class="java.lang.String"/>
  <responseFile class="java.lang.String"></responseFile>
</sample>
<httpSample t="19" lt="19" ts="1339401287129" s="false" lb="/iceweb/js/flexigrid/css/flexigrid/images/up.png" rc="401" rm="Unauthorized" tn="Grupo de Hilos 1-2" dt="text" de="utf-8" by="1119" sc="1" ec="1" ng="1" na="1" hn="sam">
  <assertionResult>
    <name>Aserción HTML</name>
    <failure>true</failure>
    <error>false</error>
    <failureMessage>Tidy Parser errors:   0 (allowed 0) Tidy Parser warnings: 2 (allowed 0)</failureMessage>
  </assertionResult>
  <assertionResult>
    <name>Aserción HTML</name>
    <failure>true</failure>
    <error>false</error>
    <failureMessage>Tidy Parser errors:   0 (allowed 0) Tidy Parser warnings: 2 (allowed 0)</failureMessage>
  </assertionResult>
  <responseHeader class="java.lang.String">HTTP/1.1 401 Unauthorized
Server: Apache-Coyote/1.1
Set-Cookie: JSESSIONID=CAB5174FD639A9BD09C7E9E70298B5E6; Path=/iceweb
WWW-Authenticate: Basic realm=&quot;Spring Security Application&quot;
Content-Type: text/html;charset=utf-8
Content-Length: 1119
Date: Mon, 11 Jun 2012 07:54:46 GMT
</responseHeader>
  <requestHeader class="java.lang.String">Accept-Language: ca,es;q=0.8,en;q=0.5,fr;q=0.3
Accept-Charset: ISO-8859-1,utf-8;q=0.7,*;q=0.7
Referer: http://localhost:8080/iceweb/js/flexigrid/css/flexigrid/flexigrid.css
Accept-Encoding: gzip, deflate
User-Agent: Mozilla/5.0 (X11; Linux i686 on x86_64; rv:8.0) Gecko/20100101 Firefox/8.0
Accept: image/png,image/*;q=0.8,*/*;q=0.5
</requestHeader>
  <responseData class="java.lang.String">&lt;html&gt;&lt;head&gt;&lt;title&gt;Apache Tomcat/6.0.32 - Error report&lt;/title&gt;&lt;style&gt;&lt;!--H1 {font-family:Tahoma,Arial,sans-serif;color:white;background-color:#525D76;font-size:22px;} H2 {font-family:Tahoma,Arial,sans-serif;color:white;background-color:#525D76;font-size:16px;} H3 {font-family:Tahoma,Arial,sans-serif;color:white;background-color:#525D76;font-size:14px;} BODY {font-family:Tahoma,Arial,sans-serif;color:black;background-color:white;} B {font-family:Tahoma,Arial,sans-serif;color:white;background-color:#525D76;} P {font-family:Tahoma,Arial,sans-serif;background:white;color:black;font-size:12px;}A {color : black;}A.name {color : black;}HR {color : #525D76;}--&gt;&lt;/style&gt; &lt;/head&gt;&lt;body&gt;&lt;h1&gt;HTTP Status 401 - Full authentication is required to access this resource&lt;/h1&gt;&lt;HR size=&quot;1&quot; noshade=&quot;noshade&quot;&gt;&lt;p&gt;&lt;b&gt;type&lt;/b&gt; Status report&lt;/p&gt;&lt;p&gt;&lt;b&gt;message&lt;/b&gt; &lt;u&gt;Full authentication is required to access this resource&lt;/u&gt;&lt;/p&gt;&lt;p&gt;&lt;b&gt;description&lt;/b&gt; &lt;u&gt;This request requires HTTP authentication (Full authentication is required to access this resource).&lt;/u&gt;&lt;/p&gt;&lt;HR size=&quot;1&quot; noshade=&quot;noshade&quot;&gt;&lt;h3&gt;Apache Tomcat/6.0.32&lt;/h3&gt;&lt;/body&gt;&lt;/html&gt;</responseData>
  <responseFile class="java.lang.String"></responseFile>
  <cookies class="java.lang.String"></cookies>
  <method class="java.lang.String">GET</method>
  <queryString class="java.lang.String"></queryString>
  <java.net.URL>http://localhost:8080/iceweb/js/flexigrid/css/flexigrid/images/up.png</java.net.URL>
</httpSample>
<httpSample t="66" lt="66" ts="1339401287212" s="false" lb="/iceweb/restful/Centro/findPagedByVentanaAndFilter" rc="401" rm="Unauthorized" tn="Grupo de Hilos 1-2" dt="text" de="utf-8" by="1119" sc="1" ec="1" ng="1" na="1" hn="sam">
  <responseHeader class="java.lang.String">HTTP/1.1 401 Unauthorized
Server: Apache-Coyote/1.1
Set-Cookie: JSESSIONID=BDFDAC0D67334545CCA5126122789ECA; Path=/iceweb
WWW-Authenticate: Basic realm=&quot;Spring Security Application&quot;
Content-Type: text/html;charset=utf-8
Content-Length: 1119
Date: Mon, 11 Jun 2012 07:54:46 GMT
</responseHeader>
  <requestHeader class="java.lang.String">Accept-Language: ca,es;q=0.8,en;q=0.5,fr;q=0.3
X-Requested-With: XMLHttpRequest
Accept-Charset: ISO-8859-1,utf-8;q=0.7,*;q=0.7
Referer: http://localhost:8080/iceweb/
Accept-Encoding: gzip, deflate
User-Agent: Mozilla/5.0 (X11; Linux i686 on x86_64; rv:8.0) Gecko/20100101 Firefox/8.0
Content-Type: application/json
Accept: application/json, */*
</requestHeader>
  <responseData class="java.lang.String">&lt;html&gt;&lt;head&gt;&lt;title&gt;Apache Tomcat/6.0.32 - Error report&lt;/title&gt;&lt;style&gt;&lt;!--H1 {font-family:Tahoma,Arial,sans-serif;color:white;background-color:#525D76;font-size:22px;} H2 {font-family:Tahoma,Arial,sans-serif;color:white;background-color:#525D76;font-size:16px;} H3 {font-family:Tahoma,Arial,sans-serif;color:white;background-color:#525D76;font-size:14px;} BODY {font-family:Tahoma,Arial,sans-serif;color:black;background-color:white;} B {font-family:Tahoma,Arial,sans-serif;color:white;background-color:#525D76;} P {font-family:Tahoma,Arial,sans-serif;background:white;color:black;font-size:12px;}A {color : black;}A.name {color : black;}HR {color : #525D76;}--&gt;&lt;/style&gt; &lt;/head&gt;&lt;body&gt;&lt;h1&gt;HTTP Status 401 - Full authentication is required to access this resource&lt;/h1&gt;&lt;HR size=&quot;1&quot; noshade=&quot;noshade&quot;&gt;&lt;p&gt;&lt;b&gt;type&lt;/b&gt; Status report&lt;/p&gt;&lt;p&gt;&lt;b&gt;message&lt;/b&gt; &lt;u&gt;Full authentication is required to access this resource&lt;/u&gt;&lt;/p&gt;&lt;p&gt;&lt;b&gt;description&lt;/b&gt; &lt;u&gt;This request requires HTTP authentication (Full authentication is required to access this resource).&lt;/u&gt;&lt;/p&gt;&lt;HR size=&quot;1&quot; noshade=&quot;noshade&quot;&gt;&lt;h3&gt;Apache Tomcat/6.0.32&lt;/h3&gt;&lt;/body&gt;&lt;/html&gt;</responseData>
  <responseFile class="java.lang.String"></responseFile>
  <cookies class="java.lang.String"></cookies>
  <method class="java.lang.String">GET</method>
  <queryString class="java.lang.String"></queryString>
  <java.net.URL>http://localhost:8080/iceweb/restful/Centro/findPagedByVentanaAndFilter?pageNumber=1&amp;pageSize=20&amp;sortProp=despecifica&amp;asc=false&amp;filter=%7B%22%40id%22%3A1%2C%22provincias%22%3A%5B%22Val%22%2C%22Ala%22%2C%22Cas%22%5D%2C%22regimenes%22%3A%5B%22PRIV.%22%2C%22PUB.%22%5D%2C%22minNumTicketsAbiertos%22%3Anull%2C%22maxNumTicketsAbiertos%22%3Anull%7D&amp;cuadricula=%7B%22%40id%22%3A1%2C%22infIzq%22%3A%7B%22%40id%22%3A2%2C%22lon%22%3A-1.3712280273438%2C%22lat%22%3A37.68305078125%7D%2C%22supDer%22%3A%7B%22%40id%22%3A3%2C%22lon%22%3A0.27122802734375%2C%22lat%22%3A40.97894921875%7D%2C%22resLon%22%3A19%2C%22resLat%22%3A40%7D</java.net.URL>
</httpSample>
<sample t="103" lt="0" ts="1339401287213" s="false" lb="SORT" rc="" rm="Number of samples in transaction : 2, number of failing samples : 2" tn="Grupo de Hilos 1-2" dt="" de="" by="2238" sc="1" ec="1" ng="0" na="0" hn="sam">
  <responseHeader class="java.lang.String"></responseHeader>
  <requestHeader class="java.lang.String"></requestHeader>
  <responseData class="java.lang.String"/>
  <responseFile class="java.lang.String"></responseFile>
</sample>
<httpSample t="6" lt="6" ts="1339401287616" s="false" lb="/iceweb/" rc="401" rm="Unauthorized" tn="Grupo de Hilos 1-3" dt="text" de="utf-8" by="1119" sc="1" ec="1" ng="1" na="1" hn="sam">
  <responseHeader class="java.lang.String">HTTP/1.1 401 Unauthorized
Server: Apache-Coyote/1.1
Set-Cookie: JSESSIONID=336AAC7DEB94DB316E3FBDBE0E6DED49; Path=/iceweb
WWW-Authenticate: Basic realm=&quot;Spring Security Application&quot;
Content-Type: text/html;charset=utf-8
Content-Length: 1119
Date: Mon, 11 Jun 2012 07:54:46 GMT
</responseHeader>
  <requestHeader class="java.lang.String">Accept-Language: ca,es;q=0.8,en;q=0.5,fr;q=0.3
Accept-Charset: ISO-8859-1,utf-8;q=0.7,*;q=0.7
Accept-Encoding: gzip, deflate
User-Agent: Mozilla/5.0 (X11; Linux i686 on x86_64; rv:8.0) Gecko/20100101 Firefox/8.0
Accept: text/html,application/xhtml+xml,application/xml;q=0.9,*/*;q=0.8
</requestHeader>
  <responseData class="java.lang.String">&lt;html&gt;&lt;head&gt;&lt;title&gt;Apache Tomcat/6.0.32 - Error report&lt;/title&gt;&lt;style&gt;&lt;!--H1 {font-family:Tahoma,Arial,sans-serif;color:white;background-color:#525D76;font-size:22px;} H2 {font-family:Tahoma,Arial,sans-serif;color:white;background-color:#525D76;font-size:16px;} H3 {font-family:Tahoma,Arial,sans-serif;color:white;background-color:#525D76;font-size:14px;} BODY {font-family:Tahoma,Arial,sans-serif;color:black;background-color:white;} B {font-family:Tahoma,Arial,sans-serif;color:white;background-color:#525D76;} P {font-family:Tahoma,Arial,sans-serif;background:white;color:black;font-size:12px;}A {color : black;}A.name {color : black;}HR {color : #525D76;}--&gt;&lt;/style&gt; &lt;/head&gt;&lt;body&gt;&lt;h1&gt;HTTP Status 401 - Full authentication is required to access this resource&lt;/h1&gt;&lt;HR size=&quot;1&quot; noshade=&quot;noshade&quot;&gt;&lt;p&gt;&lt;b&gt;type&lt;/b&gt; Status report&lt;/p&gt;&lt;p&gt;&lt;b&gt;message&lt;/b&gt; &lt;u&gt;Full authentication is required to access this resource&lt;/u&gt;&lt;/p&gt;&lt;p&gt;&lt;b&gt;description&lt;/b&gt; &lt;u&gt;This request requires HTTP authentication (Full authentication is required to access this resource).&lt;/u&gt;&lt;/p&gt;&lt;HR size=&quot;1&quot; noshade=&quot;noshade&quot;&gt;&lt;h3&gt;Apache Tomcat/6.0.32&lt;/h3&gt;&lt;/body&gt;&lt;/html&gt;</responseData>
  <responseFile class="java.lang.String"></responseFile>
  <cookies class="java.lang.String"></cookies>
  <method class="java.lang.String">GET</method>
  <queryString class="java.lang.String"></queryString>
  <java.net.URL>http://localhost:8080/iceweb/</java.net.URL>
</httpSample>
<httpSample t="17" lt="17" ts="1339401287635" s="false" lb="/iceweb/styles/img/south-mini.png" rc="401" rm="Unauthorized" tn="Grupo de Hilos 1-3" dt="text" de="utf-8" by="1119" sc="1" ec="1" ng="1" na="1" hn="sam">
  <responseHeader class="java.lang.String">HTTP/1.1 401 Unauthorized
Server: Apache-Coyote/1.1
Set-Cookie: JSESSIONID=CEAC93F0E4D4B1453BF997CD2977828F; Path=/iceweb
WWW-Authenticate: Basic realm=&quot;Spring Security Application&quot;
Content-Type: text/html;charset=utf-8
Content-Length: 1119
Date: Mon, 11 Jun 2012 07:54:46 GMT
</responseHeader>
  <requestHeader class="java.lang.String">Accept-Language: ca,es;q=0.8,en;q=0.5,fr;q=0.3
Accept-Charset: ISO-8859-1,utf-8;q=0.7,*;q=0.7
Referer: http://localhost:8080/iceweb/styles/style.css
Accept-Encoding: gzip, deflate
User-Agent: Mozilla/5.0 (X11; Linux i686 on x86_64; rv:8.0) Gecko/20100101 Firefox/8.0
Accept: image/png,image/*;q=0.8,*/*;q=0.5
</requestHeader>
  <responseData class="java.lang.String">&lt;html&gt;&lt;head&gt;&lt;title&gt;Apache Tomcat/6.0.32 - Error report&lt;/title&gt;&lt;style&gt;&lt;!--H1 {font-family:Tahoma,Arial,sans-serif;color:white;background-color:#525D76;font-size:22px;} H2 {font-family:Tahoma,Arial,sans-serif;color:white;background-color:#525D76;font-size:16px;} H3 {font-family:Tahoma,Arial,sans-serif;color:white;background-color:#525D76;font-size:14px;} BODY {font-family:Tahoma,Arial,sans-serif;color:black;background-color:white;} B {font-family:Tahoma,Arial,sans-serif;color:white;background-color:#525D76;} P {font-family:Tahoma,Arial,sans-serif;background:white;color:black;font-size:12px;}A {color : black;}A.name {color : black;}HR {color : #525D76;}--&gt;&lt;/style&gt; &lt;/head&gt;&lt;body&gt;&lt;h1&gt;HTTP Status 401 - Full authentication is required to access this resource&lt;/h1&gt;&lt;HR size=&quot;1&quot; noshade=&quot;noshade&quot;&gt;&lt;p&gt;&lt;b&gt;type&lt;/b&gt; Status report&lt;/p&gt;&lt;p&gt;&lt;b&gt;message&lt;/b&gt; &lt;u&gt;Full authentication is required to access this resource&lt;/u&gt;&lt;/p&gt;&lt;p&gt;&lt;b&gt;description&lt;/b&gt; &lt;u&gt;This request requires HTTP authentication (Full authentication is required to access this resource).&lt;/u&gt;&lt;/p&gt;&lt;HR size=&quot;1&quot; noshade=&quot;noshade&quot;&gt;&lt;h3&gt;Apache Tomcat/6.0.32&lt;/h3&gt;&lt;/body&gt;&lt;/html&gt;</responseData>
  <responseFile class="java.lang.String"></responseFile>
  <cookies class="java.lang.String"></cookies>
  <method class="java.lang.String">GET</method>
  <queryString class="java.lang.String"></queryString>
  <java.net.URL>http://localhost:8080/iceweb/styles/img/south-mini.png</java.net.URL>
</httpSample>
<httpSample t="13" lt="13" ts="1339401287650" s="false" lb="/iceweb/restful/Centro/findMarcasCuadriculaByFilter" rc="401" rm="Unauthorized" tn="Grupo de Hilos 1-3" dt="text" de="utf-8" by="1119" sc="1" ec="1" ng="1" na="1" hn="sam">
  <responseHeader class="java.lang.String">HTTP/1.1 401 Unauthorized
Server: Apache-Coyote/1.1
Set-Cookie: JSESSIONID=4C4BBFA64A279C1155AB53EBDF9D5938; Path=/iceweb
WWW-Authenticate: Basic realm=&quot;Spring Security Application&quot;
Content-Type: text/html;charset=utf-8
Content-Length: 1119
Date: Mon, 11 Jun 2012 07:54:46 GMT
</responseHeader>
  <requestHeader class="java.lang.String">Accept-Language: ca,es;q=0.8,en;q=0.5,fr;q=0.3
X-Requested-With: XMLHttpRequest
Accept-Charset: ISO-8859-1,utf-8;q=0.7,*;q=0.7
Referer: http://localhost:8080/iceweb/
Accept-Encoding: gzip, deflate
User-Agent: Mozilla/5.0 (X11; Linux i686 on x86_64; rv:8.0) Gecko/20100101 Firefox/8.0
Content-Type: application/json
Accept: application/json, */*
</requestHeader>
  <responseData class="java.lang.String">&lt;html&gt;&lt;head&gt;&lt;title&gt;Apache Tomcat/6.0.32 - Error report&lt;/title&gt;&lt;style&gt;&lt;!--H1 {font-family:Tahoma,Arial,sans-serif;color:white;background-color:#525D76;font-size:22px;} H2 {font-family:Tahoma,Arial,sans-serif;color:white;background-color:#525D76;font-size:16px;} H3 {font-family:Tahoma,Arial,sans-serif;color:white;background-color:#525D76;font-size:14px;} BODY {font-family:Tahoma,Arial,sans-serif;color:black;background-color:white;} B {font-family:Tahoma,Arial,sans-serif;color:white;background-color:#525D76;} P {font-family:Tahoma,Arial,sans-serif;background:white;color:black;font-size:12px;}A {color : black;}A.name {color : black;}HR {color : #525D76;}--&gt;&lt;/style&gt; &lt;/head&gt;&lt;body&gt;&lt;h1&gt;HTTP Status 401 - Full authentication is required to access this resource&lt;/h1&gt;&lt;HR size=&quot;1&quot; noshade=&quot;noshade&quot;&gt;&lt;p&gt;&lt;b&gt;type&lt;/b&gt; Status report&lt;/p&gt;&lt;p&gt;&lt;b&gt;message&lt;/b&gt; &lt;u&gt;Full authentication is required to access this resource&lt;/u&gt;&lt;/p&gt;&lt;p&gt;&lt;b&gt;description&lt;/b&gt; &lt;u&gt;This request requires HTTP authentication (Full authentication is required to access this resource).&lt;/u&gt;&lt;/p&gt;&lt;HR size=&quot;1&quot; noshade=&quot;noshade&quot;&gt;&lt;h3&gt;Apache Tomcat/6.0.32&lt;/h3&gt;&lt;/body&gt;&lt;/html&gt;</responseData>
  <responseFile class="java.lang.String"></responseFile>
  <cookies class="java.lang.String"></cookies>
  <method class="java.lang.String">GET</method>
  <queryString class="java.lang.String"></queryString>
  <java.net.URL>http://localhost:8080/iceweb/restful/Centro/findMarcasCuadriculaByFilter?filter=%7B%22%40id%22%3A1%2C%22provincias%22%3A%5B%22Val%22%2C%22Ala%22%2C%22Cas%22%5D%2C%22regimenes%22%3A%5B%22PRIV.%22%2C%22PUB.%22%5D%2C%22minNumTicketsAbiertos%22%3Anull%2C%22maxNumTicketsAbiertos%22%3Anull%7D&amp;cuadricula=%7B%22%40id%22%3A1%2C%22infIzq%22%3A%7B%22%40id%22%3A2%2C%22lon%22%3A-1.3712280273438%2C%22lat%22%3A37.68305078125%7D%2C%22supDer%22%3A%7B%22%40id%22%3A3%2C%22lon%22%3A0.27122802734375%2C%22lat%22%3A40.97894921875%7D%2C%22resLon%22%3A19%2C%22resLat%22%3A40%7D</java.net.URL>
</httpSample>
<httpSample t="35" lt="35" ts="1339401287687" s="false" lb="/iceweb/restful/Centro/findPagedByVentanaAndFilter" rc="401" rm="Unauthorized" tn="Grupo de Hilos 1-3" dt="text" de="utf-8" by="1119" sc="1" ec="1" ng="1" na="1" hn="sam">
  <responseHeader class="java.lang.String">HTTP/1.1 401 Unauthorized
Server: Apache-Coyote/1.1
Set-Cookie: JSESSIONID=F5E3A9F87AA6A77DD657B2682C3FE6BA; Path=/iceweb
WWW-Authenticate: Basic realm=&quot;Spring Security Application&quot;
Content-Type: text/html;charset=utf-8
Content-Length: 1119
Date: Mon, 11 Jun 2012 07:54:46 GMT
</responseHeader>
  <requestHeader class="java.lang.String">Accept-Language: ca,es;q=0.8,en;q=0.5,fr;q=0.3
X-Requested-With: XMLHttpRequest
Accept-Charset: ISO-8859-1,utf-8;q=0.7,*;q=0.7
Referer: http://localhost:8080/iceweb/
Accept-Encoding: gzip, deflate
User-Agent: Mozilla/5.0 (X11; Linux i686 on x86_64; rv:8.0) Gecko/20100101 Firefox/8.0
Content-Type: application/json
Accept: application/json, */*
</requestHeader>
  <responseData class="java.lang.String">&lt;html&gt;&lt;head&gt;&lt;title&gt;Apache Tomcat/6.0.32 - Error report&lt;/title&gt;&lt;style&gt;&lt;!--H1 {font-family:Tahoma,Arial,sans-serif;color:white;background-color:#525D76;font-size:22px;} H2 {font-family:Tahoma,Arial,sans-serif;color:white;background-color:#525D76;font-size:16px;} H3 {font-family:Tahoma,Arial,sans-serif;color:white;background-color:#525D76;font-size:14px;} BODY {font-family:Tahoma,Arial,sans-serif;color:black;background-color:white;} B {font-family:Tahoma,Arial,sans-serif;color:white;background-color:#525D76;} P {font-family:Tahoma,Arial,sans-serif;background:white;color:black;font-size:12px;}A {color : black;}A.name {color : black;}HR {color : #525D76;}--&gt;&lt;/style&gt; &lt;/head&gt;&lt;body&gt;&lt;h1&gt;HTTP Status 401 - Full authentication is required to access this resource&lt;/h1&gt;&lt;HR size=&quot;1&quot; noshade=&quot;noshade&quot;&gt;&lt;p&gt;&lt;b&gt;type&lt;/b&gt; Status report&lt;/p&gt;&lt;p&gt;&lt;b&gt;message&lt;/b&gt; &lt;u&gt;Full authentication is required to access this resource&lt;/u&gt;&lt;/p&gt;&lt;p&gt;&lt;b&gt;description&lt;/b&gt; &lt;u&gt;This request requires HTTP authentication (Full authentication is required to access this resource).&lt;/u&gt;&lt;/p&gt;&lt;HR size=&quot;1&quot; noshade=&quot;noshade&quot;&gt;&lt;h3&gt;Apache Tomcat/6.0.32&lt;/h3&gt;&lt;/body&gt;&lt;/html&gt;</responseData>
  <responseFile class="java.lang.String"></responseFile>
  <cookies class="java.lang.String"></cookies>
  <method class="java.lang.String">GET</method>
  <queryString class="java.lang.String"></queryString>
  <java.net.URL>http://localhost:8080/iceweb/restful/Centro/findPagedByVentanaAndFilter?pageNumber=1&amp;pageSize=20&amp;sortProp=despecifica&amp;asc=true&amp;filter=%7B%22%40id%22%3A1%2C%22provincias%22%3A%5B%22Val%22%2C%22Ala%22%2C%22Cas%22%5D%2C%22regimenes%22%3A%5B%22PRIV.%22%2C%22PUB.%22%5D%2C%22minNumTicketsAbiertos%22%3Anull%2C%22maxNumTicketsAbiertos%22%3Anull%7D</java.net.URL>
</httpSample>
<sample t="79" lt="0" ts="1339401287689" s="false" lb="HOME" rc="" rm="Number of samples in transaction : 4, number of failing samples : 4" tn="Grupo de Hilos 1-3" dt="" de="" by="4476" sc="1" ec="1" ng="0" na="0" hn="sam">
  <responseHeader class="java.lang.String"></responseHeader>
  <requestHeader class="java.lang.String"></requestHeader>
  <responseData class="java.lang.String"/>
  <responseFile class="java.lang.String"></responseFile>
</sample>
<httpSample t="16" lt="16" ts="1339401287706" s="false" lb="/iceweb/js/flexigrid/css/flexigrid/images/up.png" rc="401" rm="Unauthorized" tn="Grupo de Hilos 1-3" dt="text" de="utf-8" by="1119" sc="1" ec="1" ng="1" na="1" hn="sam">
  <assertionResult>
    <name>Aserción HTML</name>
    <failure>true</failure>
    <error>false</error>
    <failureMessage>Tidy Parser errors:   0 (allowed 0) Tidy Parser warnings: 2 (allowed 0)</failureMessage>
  </assertionResult>
  <assertionResult>
    <name>Aserción HTML</name>
    <failure>true</failure>
    <error>false</error>
    <failureMessage>Tidy Parser errors:   0 (allowed 0) Tidy Parser warnings: 2 (allowed 0)</failureMessage>
  </assertionResult>
  <responseHeader class="java.lang.String">HTTP/1.1 401 Unauthorized
Server: Apache-Coyote/1.1
Set-Cookie: JSESSIONID=C27190F0F6D12F21F2EDBE2D2CBAE41F; Path=/iceweb
WWW-Authenticate: Basic realm=&quot;Spring Security Application&quot;
Content-Type: text/html;charset=utf-8
Content-Length: 1119
Date: Mon, 11 Jun 2012 07:54:46 GMT
</responseHeader>
  <requestHeader class="java.lang.String">Accept-Language: ca,es;q=0.8,en;q=0.5,fr;q=0.3
Accept-Charset: ISO-8859-1,utf-8;q=0.7,*;q=0.7
Referer: http://localhost:8080/iceweb/js/flexigrid/css/flexigrid/flexigrid.css
Accept-Encoding: gzip, deflate
User-Agent: Mozilla/5.0 (X11; Linux i686 on x86_64; rv:8.0) Gecko/20100101 Firefox/8.0
Accept: image/png,image/*;q=0.8,*/*;q=0.5
</requestHeader>
  <responseData class="java.lang.String">&lt;html&gt;&lt;head&gt;&lt;title&gt;Apache Tomcat/6.0.32 - Error report&lt;/title&gt;&lt;style&gt;&lt;!--H1 {font-family:Tahoma,Arial,sans-serif;color:white;background-color:#525D76;font-size:22px;} H2 {font-family:Tahoma,Arial,sans-serif;color:white;background-color:#525D76;font-size:16px;} H3 {font-family:Tahoma,Arial,sans-serif;color:white;background-color:#525D76;font-size:14px;} BODY {font-family:Tahoma,Arial,sans-serif;color:black;background-color:white;} B {font-family:Tahoma,Arial,sans-serif;color:white;background-color:#525D76;} P {font-family:Tahoma,Arial,sans-serif;background:white;color:black;font-size:12px;}A {color : black;}A.name {color : black;}HR {color : #525D76;}--&gt;&lt;/style&gt; &lt;/head&gt;&lt;body&gt;&lt;h1&gt;HTTP Status 401 - Full authentication is required to access this resource&lt;/h1&gt;&lt;HR size=&quot;1&quot; noshade=&quot;noshade&quot;&gt;&lt;p&gt;&lt;b&gt;type&lt;/b&gt; Status report&lt;/p&gt;&lt;p&gt;&lt;b&gt;message&lt;/b&gt; &lt;u&gt;Full authentication is required to access this resource&lt;/u&gt;&lt;/p&gt;&lt;p&gt;&lt;b&gt;description&lt;/b&gt; &lt;u&gt;This request requires HTTP authentication (Full authentication is required to access this resource).&lt;/u&gt;&lt;/p&gt;&lt;HR size=&quot;1&quot; noshade=&quot;noshade&quot;&gt;&lt;h3&gt;Apache Tomcat/6.0.32&lt;/h3&gt;&lt;/body&gt;&lt;/html&gt;</responseData>
  <responseFile class="java.lang.String"></responseFile>
  <cookies class="java.lang.String"></cookies>
  <method class="java.lang.String">GET</method>
  <queryString class="java.lang.String"></queryString>
  <java.net.URL>http://localhost:8080/iceweb/js/flexigrid/css/flexigrid/images/up.png</java.net.URL>
</httpSample>
<httpSample t="12" lt="12" ts="1339401287726" s="false" lb="/iceweb/restful/Centro/findPagedByVentanaAndFilter" rc="401" rm="Unauthorized" tn="Grupo de Hilos 1-3" dt="text" de="utf-8" by="1119" sc="1" ec="1" ng="1" na="1" hn="sam">
  <responseHeader class="java.lang.String">HTTP/1.1 401 Unauthorized
Server: Apache-Coyote/1.1
Set-Cookie: JSESSIONID=E2F78DDE57038DC79664E2DB1BD2453D; Path=/iceweb
WWW-Authenticate: Basic realm=&quot;Spring Security Application&quot;
Content-Type: text/html;charset=utf-8
Content-Length: 1119
Date: Mon, 11 Jun 2012 07:54:46 GMT
</responseHeader>
  <requestHeader class="java.lang.String">Accept-Language: ca,es;q=0.8,en;q=0.5,fr;q=0.3
X-Requested-With: XMLHttpRequest
Accept-Charset: ISO-8859-1,utf-8;q=0.7,*;q=0.7
Referer: http://localhost:8080/iceweb/
Accept-Encoding: gzip, deflate
User-Agent: Mozilla/5.0 (X11; Linux i686 on x86_64; rv:8.0) Gecko/20100101 Firefox/8.0
Content-Type: application/json
Accept: application/json, */*
</requestHeader>
  <responseData class="java.lang.String">&lt;html&gt;&lt;head&gt;&lt;title&gt;Apache Tomcat/6.0.32 - Error report&lt;/title&gt;&lt;style&gt;&lt;!--H1 {font-family:Tahoma,Arial,sans-serif;color:white;background-color:#525D76;font-size:22px;} H2 {font-family:Tahoma,Arial,sans-serif;color:white;background-color:#525D76;font-size:16px;} H3 {font-family:Tahoma,Arial,sans-serif;color:white;background-color:#525D76;font-size:14px;} BODY {font-family:Tahoma,Arial,sans-serif;color:black;background-color:white;} B {font-family:Tahoma,Arial,sans-serif;color:white;background-color:#525D76;} P {font-family:Tahoma,Arial,sans-serif;background:white;color:black;font-size:12px;}A {color : black;}A.name {color : black;}HR {color : #525D76;}--&gt;&lt;/style&gt; &lt;/head&gt;&lt;body&gt;&lt;h1&gt;HTTP Status 401 - Full authentication is required to access this resource&lt;/h1&gt;&lt;HR size=&quot;1&quot; noshade=&quot;noshade&quot;&gt;&lt;p&gt;&lt;b&gt;type&lt;/b&gt; Status report&lt;/p&gt;&lt;p&gt;&lt;b&gt;message&lt;/b&gt; &lt;u&gt;Full authentication is required to access this resource&lt;/u&gt;&lt;/p&gt;&lt;p&gt;&lt;b&gt;description&lt;/b&gt; &lt;u&gt;This request requires HTTP authentication (Full authentication is required to access this resource).&lt;/u&gt;&lt;/p&gt;&lt;HR size=&quot;1&quot; noshade=&quot;noshade&quot;&gt;&lt;h3&gt;Apache Tomcat/6.0.32&lt;/h3&gt;&lt;/body&gt;&lt;/html&gt;</responseData>
  <responseFile class="java.lang.String"></responseFile>
  <cookies class="java.lang.String"></cookies>
  <method class="java.lang.String">GET</method>
  <queryString class="java.lang.String"></queryString>
  <java.net.URL>http://localhost:8080/iceweb/restful/Centro/findPagedByVentanaAndFilter?pageNumber=1&amp;pageSize=20&amp;sortProp=despecifica&amp;asc=false&amp;filter=%7B%22%40id%22%3A1%2C%22provincias%22%3A%5B%22Val%22%2C%22Ala%22%2C%22Cas%22%5D%2C%22regimenes%22%3A%5B%22PRIV.%22%2C%22PUB.%22%5D%2C%22minNumTicketsAbiertos%22%3Anull%2C%22maxNumTicketsAbiertos%22%3Anull%7D&amp;cuadricula=%7B%22%40id%22%3A1%2C%22infIzq%22%3A%7B%22%40id%22%3A2%2C%22lon%22%3A-1.3712280273438%2C%22lat%22%3A37.68305078125%7D%2C%22supDer%22%3A%7B%22%40id%22%3A3%2C%22lon%22%3A0.27122802734375%2C%22lat%22%3A40.97894921875%7D%2C%22resLon%22%3A19%2C%22resLat%22%3A40%7D</java.net.URL>
</httpSample>
<sample t="38" lt="0" ts="1339401287727" s="false" lb="SORT" rc="" rm="Number of samples in transaction : 2, number of failing samples : 2" tn="Grupo de Hilos 1-3" dt="" de="" by="2238" sc="1" ec="1" ng="0" na="0" hn="sam">
  <responseHeader class="java.lang.String"></responseHeader>
  <requestHeader class="java.lang.String"></requestHeader>
  <responseData class="java.lang.String"/>
  <responseFile class="java.lang.String"></responseFile>
</sample>
<httpSample t="82" lt="81" ts="1339401287810" s="false" lb="/iceweb/" rc="401" rm="Unauthorized" tn="Grupo de Hilos 1-3" dt="text" de="utf-8" by="1119" sc="1" ec="1" ng="1" na="1" hn="sam">
  <responseHeader class="java.lang.String">HTTP/1.1 401 Unauthorized
Server: Apache-Coyote/1.1
Set-Cookie: JSESSIONID=C2F2AA5F26757923B9E9837D1133FFD1; Path=/iceweb
WWW-Authenticate: Basic realm=&quot;Spring Security Application&quot;
Content-Type: text/html;charset=utf-8
Content-Length: 1119
Date: Mon, 11 Jun 2012 07:54:47 GMT
</responseHeader>
  <requestHeader class="java.lang.String">Accept-Language: ca,es;q=0.8,en;q=0.5,fr;q=0.3
Accept-Charset: ISO-8859-1,utf-8;q=0.7,*;q=0.7
Accept-Encoding: gzip, deflate
User-Agent: Mozilla/5.0 (X11; Linux i686 on x86_64; rv:8.0) Gecko/20100101 Firefox/8.0
Accept: text/html,application/xhtml+xml,application/xml;q=0.9,*/*;q=0.8
</requestHeader>
  <responseData class="java.lang.String">&lt;html&gt;&lt;head&gt;&lt;title&gt;Apache Tomcat/6.0.32 - Error report&lt;/title&gt;&lt;style&gt;&lt;!--H1 {font-family:Tahoma,Arial,sans-serif;color:white;background-color:#525D76;font-size:22px;} H2 {font-family:Tahoma,Arial,sans-serif;color:white;background-color:#525D76;font-size:16px;} H3 {font-family:Tahoma,Arial,sans-serif;color:white;background-color:#525D76;font-size:14px;} BODY {font-family:Tahoma,Arial,sans-serif;color:black;background-color:white;} B {font-family:Tahoma,Arial,sans-serif;color:white;background-color:#525D76;} P {font-family:Tahoma,Arial,sans-serif;background:white;color:black;font-size:12px;}A {color : black;}A.name {color : black;}HR {color : #525D76;}--&gt;&lt;/style&gt; &lt;/head&gt;&lt;body&gt;&lt;h1&gt;HTTP Status 401 - Full authentication is required to access this resource&lt;/h1&gt;&lt;HR size=&quot;1&quot; noshade=&quot;noshade&quot;&gt;&lt;p&gt;&lt;b&gt;type&lt;/b&gt; Status report&lt;/p&gt;&lt;p&gt;&lt;b&gt;message&lt;/b&gt; &lt;u&gt;Full authentication is required to access this resource&lt;/u&gt;&lt;/p&gt;&lt;p&gt;&lt;b&gt;description&lt;/b&gt; &lt;u&gt;This request requires HTTP authentication (Full authentication is required to access this resource).&lt;/u&gt;&lt;/p&gt;&lt;HR size=&quot;1&quot; noshade=&quot;noshade&quot;&gt;&lt;h3&gt;Apache Tomcat/6.0.32&lt;/h3&gt;&lt;/body&gt;&lt;/html&gt;</responseData>
  <responseFile class="java.lang.String"></responseFile>
  <cookies class="java.lang.String"></cookies>
  <method class="java.lang.String">GET</method>
  <queryString class="java.lang.String"></queryString>
  <java.net.URL>http://localhost:8080/iceweb/</java.net.URL>
</httpSample>
<httpSample t="3" lt="3" ts="1339401287814" s="false" lb="/iceweb/styles/img/south-mini.png" rc="401" rm="Unauthorized" tn="Grupo de Hilos 1-3" dt="text" de="utf-8" by="1119" sc="1" ec="1" ng="1" na="1" hn="sam">
  <responseHeader class="java.lang.String">HTTP/1.1 401 Unauthorized
Server: Apache-Coyote/1.1
Set-Cookie: JSESSIONID=01B958045E28885FF276CDBEDA5AF71A; Path=/iceweb
WWW-Authenticate: Basic realm=&quot;Spring Security Application&quot;
Content-Type: text/html;charset=utf-8
Content-Length: 1119
Date: Mon, 11 Jun 2012 07:54:47 GMT
</responseHeader>
  <requestHeader class="java.lang.String">Accept-Language: ca,es;q=0.8,en;q=0.5,fr;q=0.3
Accept-Charset: ISO-8859-1,utf-8;q=0.7,*;q=0.7
Referer: http://localhost:8080/iceweb/styles/style.css
Accept-Encoding: gzip, deflate
User-Agent: Mozilla/5.0 (X11; Linux i686 on x86_64; rv:8.0) Gecko/20100101 Firefox/8.0
Accept: image/png,image/*;q=0.8,*/*;q=0.5
</requestHeader>
  <responseData class="java.lang.String">&lt;html&gt;&lt;head&gt;&lt;title&gt;Apache Tomcat/6.0.32 - Error report&lt;/title&gt;&lt;style&gt;&lt;!--H1 {font-family:Tahoma,Arial,sans-serif;color:white;background-color:#525D76;font-size:22px;} H2 {font-family:Tahoma,Arial,sans-serif;color:white;background-color:#525D76;font-size:16px;} H3 {font-family:Tahoma,Arial,sans-serif;color:white;background-color:#525D76;font-size:14px;} BODY {font-family:Tahoma,Arial,sans-serif;color:black;background-color:white;} B {font-family:Tahoma,Arial,sans-serif;color:white;background-color:#525D76;} P {font-family:Tahoma,Arial,sans-serif;background:white;color:black;font-size:12px;}A {color : black;}A.name {color : black;}HR {color : #525D76;}--&gt;&lt;/style&gt; &lt;/head&gt;&lt;body&gt;&lt;h1&gt;HTTP Status 401 - Full authentication is required to access this resource&lt;/h1&gt;&lt;HR size=&quot;1&quot; noshade=&quot;noshade&quot;&gt;&lt;p&gt;&lt;b&gt;type&lt;/b&gt; Status report&lt;/p&gt;&lt;p&gt;&lt;b&gt;message&lt;/b&gt; &lt;u&gt;Full authentication is required to access this resource&lt;/u&gt;&lt;/p&gt;&lt;p&gt;&lt;b&gt;description&lt;/b&gt; &lt;u&gt;This request requires HTTP authentication (Full authentication is required to access this resource).&lt;/u&gt;&lt;/p&gt;&lt;HR size=&quot;1&quot; noshade=&quot;noshade&quot;&gt;&lt;h3&gt;Apache Tomcat/6.0.32&lt;/h3&gt;&lt;/body&gt;&lt;/html&gt;</responseData>
  <responseFile class="java.lang.String"></responseFile>
  <cookies class="java.lang.String"></cookies>
  <method class="java.lang.String">GET</method>
  <queryString class="java.lang.String"></queryString>
  <java.net.URL>http://localhost:8080/iceweb/styles/img/south-mini.png</java.net.URL>
</httpSample>
<httpSample t="11" lt="11" ts="1339401287884" s="false" lb="/iceweb/restful/Centro/findMarcasCuadriculaByFilter" rc="401" rm="Unauthorized" tn="Grupo de Hilos 1-3" dt="text" de="utf-8" by="1119" sc="1" ec="1" ng="1" na="1" hn="sam">
  <responseHeader class="java.lang.String">HTTP/1.1 401 Unauthorized
Server: Apache-Coyote/1.1
Set-Cookie: JSESSIONID=265FEAA8C347D941ED000D05CB043E12; Path=/iceweb
WWW-Authenticate: Basic realm=&quot;Spring Security Application&quot;
Content-Type: text/html;charset=utf-8
Content-Length: 1119
Date: Mon, 11 Jun 2012 07:54:47 GMT
</responseHeader>
  <requestHeader class="java.lang.String">Accept-Language: ca,es;q=0.8,en;q=0.5,fr;q=0.3
X-Requested-With: XMLHttpRequest
Accept-Charset: ISO-8859-1,utf-8;q=0.7,*;q=0.7
Referer: http://localhost:8080/iceweb/
Accept-Encoding: gzip, deflate
User-Agent: Mozilla/5.0 (X11; Linux i686 on x86_64; rv:8.0) Gecko/20100101 Firefox/8.0
Content-Type: application/json
Accept: application/json, */*
</requestHeader>
  <responseData class="java.lang.String">&lt;html&gt;&lt;head&gt;&lt;title&gt;Apache Tomcat/6.0.32 - Error report&lt;/title&gt;&lt;style&gt;&lt;!--H1 {font-family:Tahoma,Arial,sans-serif;color:white;background-color:#525D76;font-size:22px;} H2 {font-family:Tahoma,Arial,sans-serif;color:white;background-color:#525D76;font-size:16px;} H3 {font-family:Tahoma,Arial,sans-serif;color:white;background-color:#525D76;font-size:14px;} BODY {font-family:Tahoma,Arial,sans-serif;color:black;background-color:white;} B {font-family:Tahoma,Arial,sans-serif;color:white;background-color:#525D76;} P {font-family:Tahoma,Arial,sans-serif;background:white;color:black;font-size:12px;}A {color : black;}A.name {color : black;}HR {color : #525D76;}--&gt;&lt;/style&gt; &lt;/head&gt;&lt;body&gt;&lt;h1&gt;HTTP Status 401 - Full authentication is required to access this resource&lt;/h1&gt;&lt;HR size=&quot;1&quot; noshade=&quot;noshade&quot;&gt;&lt;p&gt;&lt;b&gt;type&lt;/b&gt; Status report&lt;/p&gt;&lt;p&gt;&lt;b&gt;message&lt;/b&gt; &lt;u&gt;Full authentication is required to access this resource&lt;/u&gt;&lt;/p&gt;&lt;p&gt;&lt;b&gt;description&lt;/b&gt; &lt;u&gt;This request requires HTTP authentication (Full authentication is required to access this resource).&lt;/u&gt;&lt;/p&gt;&lt;HR size=&quot;1&quot; noshade=&quot;noshade&quot;&gt;&lt;h3&gt;Apache Tomcat/6.0.32&lt;/h3&gt;&lt;/body&gt;&lt;/html&gt;</responseData>
  <responseFile class="java.lang.String"></responseFile>
  <cookies class="java.lang.String"></cookies>
  <method class="java.lang.String">GET</method>
  <queryString class="java.lang.String"></queryString>
  <java.net.URL>http://localhost:8080/iceweb/restful/Centro/findMarcasCuadriculaByFilter?filter=%7B%22%40id%22%3A1%2C%22provincias%22%3A%5B%22Val%22%2C%22Ala%22%2C%22Cas%22%5D%2C%22regimenes%22%3A%5B%22PRIV.%22%2C%22PUB.%22%5D%2C%22minNumTicketsAbiertos%22%3Anull%2C%22maxNumTicketsAbiertos%22%3Anull%7D&amp;cuadricula=%7B%22%40id%22%3A1%2C%22infIzq%22%3A%7B%22%40id%22%3A2%2C%22lon%22%3A-1.3712280273438%2C%22lat%22%3A37.68305078125%7D%2C%22supDer%22%3A%7B%22%40id%22%3A3%2C%22lon%22%3A0.27122802734375%2C%22lat%22%3A40.97894921875%7D%2C%22resLon%22%3A19%2C%22resLat%22%3A40%7D</java.net.URL>
</httpSample>
<httpSample t="5" lt="5" ts="1339401287907" s="false" lb="/iceweb/restful/Centro/findPagedByVentanaAndFilter" rc="401" rm="Unauthorized" tn="Grupo de Hilos 1-3" dt="text" de="utf-8" by="1119" sc="1" ec="1" ng="1" na="1" hn="sam">
  <responseHeader class="java.lang.String">HTTP/1.1 401 Unauthorized
Server: Apache-Coyote/1.1
Set-Cookie: JSESSIONID=134FEAB80F40BE532FFF038D4DA820FF; Path=/iceweb
WWW-Authenticate: Basic realm=&quot;Spring Security Application&quot;
Content-Type: text/html;charset=utf-8
Content-Length: 1119
Date: Mon, 11 Jun 2012 07:54:47 GMT
</responseHeader>
  <requestHeader class="java.lang.String">Accept-Language: ca,es;q=0.8,en;q=0.5,fr;q=0.3
X-Requested-With: XMLHttpRequest
Accept-Charset: ISO-8859-1,utf-8;q=0.7,*;q=0.7
Referer: http://localhost:8080/iceweb/
Accept-Encoding: gzip, deflate
User-Agent: Mozilla/5.0 (X11; Linux i686 on x86_64; rv:8.0) Gecko/20100101 Firefox/8.0
Content-Type: application/json
Accept: application/json, */*
</requestHeader>
  <responseData class="java.lang.String">&lt;html&gt;&lt;head&gt;&lt;title&gt;Apache Tomcat/6.0.32 - Error report&lt;/title&gt;&lt;style&gt;&lt;!--H1 {font-family:Tahoma,Arial,sans-serif;color:white;background-color:#525D76;font-size:22px;} H2 {font-family:Tahoma,Arial,sans-serif;color:white;background-color:#525D76;font-size:16px;} H3 {font-family:Tahoma,Arial,sans-serif;color:white;background-color:#525D76;font-size:14px;} BODY {font-family:Tahoma,Arial,sans-serif;color:black;background-color:white;} B {font-family:Tahoma,Arial,sans-serif;color:white;background-color:#525D76;} P {font-family:Tahoma,Arial,sans-serif;background:white;color:black;font-size:12px;}A {color : black;}A.name {color : black;}HR {color : #525D76;}--&gt;&lt;/style&gt; &lt;/head&gt;&lt;body&gt;&lt;h1&gt;HTTP Status 401 - Full authentication is required to access this resource&lt;/h1&gt;&lt;HR size=&quot;1&quot; noshade=&quot;noshade&quot;&gt;&lt;p&gt;&lt;b&gt;type&lt;/b&gt; Status report&lt;/p&gt;&lt;p&gt;&lt;b&gt;message&lt;/b&gt; &lt;u&gt;Full authentication is required to access this resource&lt;/u&gt;&lt;/p&gt;&lt;p&gt;&lt;b&gt;description&lt;/b&gt; &lt;u&gt;This request requires HTTP authentication (Full authentication is required to access this resource).&lt;/u&gt;&lt;/p&gt;&lt;HR size=&quot;1&quot; noshade=&quot;noshade&quot;&gt;&lt;h3&gt;Apache Tomcat/6.0.32&lt;/h3&gt;&lt;/body&gt;&lt;/html&gt;</responseData>
  <responseFile class="java.lang.String"></responseFile>
  <cookies class="java.lang.String"></cookies>
  <method class="java.lang.String">GET</method>
  <queryString class="java.lang.String"></queryString>
  <java.net.URL>http://localhost:8080/iceweb/restful/Centro/findPagedByVentanaAndFilter?pageNumber=1&amp;pageSize=20&amp;sortProp=despecifica&amp;asc=true&amp;filter=%7B%22%40id%22%3A1%2C%22provincias%22%3A%5B%22Val%22%2C%22Ala%22%2C%22Cas%22%5D%2C%22regimenes%22%3A%5B%22PRIV.%22%2C%22PUB.%22%5D%2C%22minNumTicketsAbiertos%22%3Anull%2C%22maxNumTicketsAbiertos%22%3Anull%7D</java.net.URL>
</httpSample>
<sample t="181" lt="0" ts="1339401287908" s="false" lb="HOME" rc="" rm="Number of samples in transaction : 4, number of failing samples : 4" tn="Grupo de Hilos 1-3" dt="" de="" by="4476" sc="1" ec="1" ng="0" na="0" hn="sam">
  <responseHeader class="java.lang.String"></responseHeader>
  <requestHeader class="java.lang.String"></requestHeader>
  <responseData class="java.lang.String"/>
  <responseFile class="java.lang.String"></responseFile>
</sample>
<httpSample t="12" lt="12" ts="1339401287921" s="false" lb="/iceweb/js/flexigrid/css/flexigrid/images/up.png" rc="401" rm="Unauthorized" tn="Grupo de Hilos 1-3" dt="text" de="utf-8" by="1119" sc="1" ec="1" ng="1" na="1" hn="sam">
  <assertionResult>
    <name>Aserción HTML</name>
    <failure>true</failure>
    <error>false</error>
    <failureMessage>Tidy Parser errors:   0 (allowed 0) Tidy Parser warnings: 2 (allowed 0)</failureMessage>
  </assertionResult>
  <assertionResult>
    <name>Aserción HTML</name>
    <failure>true</failure>
    <error>false</error>
    <failureMessage>Tidy Parser errors:   0 (allowed 0) Tidy Parser warnings: 2 (allowed 0)</failureMessage>
  </assertionResult>
  <responseHeader class="java.lang.String">HTTP/1.1 401 Unauthorized
Server: Apache-Coyote/1.1
Set-Cookie: JSESSIONID=F0D65065483DBA429974DD7FF7DEEE21; Path=/iceweb
WWW-Authenticate: Basic realm=&quot;Spring Security Application&quot;
Content-Type: text/html;charset=utf-8
Content-Length: 1119
Date: Mon, 11 Jun 2012 07:54:47 GMT
</responseHeader>
  <requestHeader class="java.lang.String">Accept-Language: ca,es;q=0.8,en;q=0.5,fr;q=0.3
Accept-Charset: ISO-8859-1,utf-8;q=0.7,*;q=0.7
Referer: http://localhost:8080/iceweb/js/flexigrid/css/flexigrid/flexigrid.css
Accept-Encoding: gzip, deflate
User-Agent: Mozilla/5.0 (X11; Linux i686 on x86_64; rv:8.0) Gecko/20100101 Firefox/8.0
Accept: image/png,image/*;q=0.8,*/*;q=0.5
</requestHeader>
  <responseData class="java.lang.String">&lt;html&gt;&lt;head&gt;&lt;title&gt;Apache Tomcat/6.0.32 - Error report&lt;/title&gt;&lt;style&gt;&lt;!--H1 {font-family:Tahoma,Arial,sans-serif;color:white;background-color:#525D76;font-size:22px;} H2 {font-family:Tahoma,Arial,sans-serif;color:white;background-color:#525D76;font-size:16px;} H3 {font-family:Tahoma,Arial,sans-serif;color:white;background-color:#525D76;font-size:14px;} BODY {font-family:Tahoma,Arial,sans-serif;color:black;background-color:white;} B {font-family:Tahoma,Arial,sans-serif;color:white;background-color:#525D76;} P {font-family:Tahoma,Arial,sans-serif;background:white;color:black;font-size:12px;}A {color : black;}A.name {color : black;}HR {color : #525D76;}--&gt;&lt;/style&gt; &lt;/head&gt;&lt;body&gt;&lt;h1&gt;HTTP Status 401 - Full authentication is required to access this resource&lt;/h1&gt;&lt;HR size=&quot;1&quot; noshade=&quot;noshade&quot;&gt;&lt;p&gt;&lt;b&gt;type&lt;/b&gt; Status report&lt;/p&gt;&lt;p&gt;&lt;b&gt;message&lt;/b&gt; &lt;u&gt;Full authentication is required to access this resource&lt;/u&gt;&lt;/p&gt;&lt;p&gt;&lt;b&gt;description&lt;/b&gt; &lt;u&gt;This request requires HTTP authentication (Full authentication is required to access this resource).&lt;/u&gt;&lt;/p&gt;&lt;HR size=&quot;1&quot; noshade=&quot;noshade&quot;&gt;&lt;h3&gt;Apache Tomcat/6.0.32&lt;/h3&gt;&lt;/body&gt;&lt;/html&gt;</responseData>
  <responseFile class="java.lang.String"></responseFile>
  <cookies class="java.lang.String"></cookies>
  <method class="java.lang.String">GET</method>
  <queryString class="java.lang.String"></queryString>
  <java.net.URL>http://localhost:8080/iceweb/js/flexigrid/css/flexigrid/images/up.png</java.net.URL>
</httpSample>
<httpSample t="14" lt="14" ts="1339401287965" s="false" lb="/iceweb/restful/Centro/findPagedByVentanaAndFilter" rc="401" rm="Unauthorized" tn="Grupo de Hilos 1-3" dt="text" de="utf-8" by="1119" sc="1" ec="1" ng="1" na="1" hn="sam">
  <responseHeader class="java.lang.String">HTTP/1.1 401 Unauthorized
Server: Apache-Coyote/1.1
Set-Cookie: JSESSIONID=A54EAC6CF5A30B02B2DAA9390036A7D0; Path=/iceweb
WWW-Authenticate: Basic realm=&quot;Spring Security Application&quot;
Content-Type: text/html;charset=utf-8
Content-Length: 1119
Date: Mon, 11 Jun 2012 07:54:47 GMT
</responseHeader>
  <requestHeader class="java.lang.String">Accept-Language: ca,es;q=0.8,en;q=0.5,fr;q=0.3
X-Requested-With: XMLHttpRequest
Accept-Charset: ISO-8859-1,utf-8;q=0.7,*;q=0.7
Referer: http://localhost:8080/iceweb/
Accept-Encoding: gzip, deflate
User-Agent: Mozilla/5.0 (X11; Linux i686 on x86_64; rv:8.0) Gecko/20100101 Firefox/8.0
Content-Type: application/json
Accept: application/json, */*
</requestHeader>
  <responseData class="java.lang.String">&lt;html&gt;&lt;head&gt;&lt;title&gt;Apache Tomcat/6.0.32 - Error report&lt;/title&gt;&lt;style&gt;&lt;!--H1 {font-family:Tahoma,Arial,sans-serif;color:white;background-color:#525D76;font-size:22px;} H2 {font-family:Tahoma,Arial,sans-serif;color:white;background-color:#525D76;font-size:16px;} H3 {font-family:Tahoma,Arial,sans-serif;color:white;background-color:#525D76;font-size:14px;} BODY {font-family:Tahoma,Arial,sans-serif;color:black;background-color:white;} B {font-family:Tahoma,Arial,sans-serif;color:white;background-color:#525D76;} P {font-family:Tahoma,Arial,sans-serif;background:white;color:black;font-size:12px;}A {color : black;}A.name {color : black;}HR {color : #525D76;}--&gt;&lt;/style&gt; &lt;/head&gt;&lt;body&gt;&lt;h1&gt;HTTP Status 401 - Full authentication is required to access this resource&lt;/h1&gt;&lt;HR size=&quot;1&quot; noshade=&quot;noshade&quot;&gt;&lt;p&gt;&lt;b&gt;type&lt;/b&gt; Status report&lt;/p&gt;&lt;p&gt;&lt;b&gt;message&lt;/b&gt; &lt;u&gt;Full authentication is required to access this resource&lt;/u&gt;&lt;/p&gt;&lt;p&gt;&lt;b&gt;description&lt;/b&gt; &lt;u&gt;This request requires HTTP authentication (Full authentication is required to access this resource).&lt;/u&gt;&lt;/p&gt;&lt;HR size=&quot;1&quot; noshade=&quot;noshade&quot;&gt;&lt;h3&gt;Apache Tomcat/6.0.32&lt;/h3&gt;&lt;/body&gt;&lt;/html&gt;</responseData>
  <responseFile class="java.lang.String"></responseFile>
  <cookies class="java.lang.String"></cookies>
  <method class="java.lang.String">GET</method>
  <queryString class="java.lang.String"></queryString>
  <java.net.URL>http://localhost:8080/iceweb/restful/Centro/findPagedByVentanaAndFilter?pageNumber=1&amp;pageSize=20&amp;sortProp=despecifica&amp;asc=false&amp;filter=%7B%22%40id%22%3A1%2C%22provincias%22%3A%5B%22Val%22%2C%22Ala%22%2C%22Cas%22%5D%2C%22regimenes%22%3A%5B%22PRIV.%22%2C%22PUB.%22%5D%2C%22minNumTicketsAbiertos%22%3Anull%2C%22maxNumTicketsAbiertos%22%3Anull%7D&amp;cuadricula=%7B%22%40id%22%3A1%2C%22infIzq%22%3A%7B%22%40id%22%3A2%2C%22lon%22%3A-1.3712280273438%2C%22lat%22%3A37.68305078125%7D%2C%22supDer%22%3A%7B%22%40id%22%3A3%2C%22lon%22%3A0.27122802734375%2C%22lat%22%3A40.97894921875%7D%2C%22resLon%22%3A19%2C%22resLat%22%3A40%7D</java.net.URL>
</httpSample>
<sample t="57" lt="0" ts="1339401287966" s="false" lb="SORT" rc="" rm="Number of samples in transaction : 2, number of failing samples : 2" tn="Grupo de Hilos 1-3" dt="" de="" by="2238" sc="1" ec="1" ng="0" na="0" hn="sam">
  <responseHeader class="java.lang.String"></responseHeader>
  <requestHeader class="java.lang.String"></requestHeader>
  <responseData class="java.lang.String"/>
  <responseFile class="java.lang.String"></responseFile>
</sample>
<httpSample t="7" lt="7" ts="1339401288635" s="false" lb="/iceweb/" rc="401" rm="Unauthorized" tn="Grupo de Hilos 1-4" dt="text" de="utf-8" by="1119" sc="1" ec="1" ng="1" na="1" hn="sam">
  <responseHeader class="java.lang.String">HTTP/1.1 401 Unauthorized
Server: Apache-Coyote/1.1
Set-Cookie: JSESSIONID=D91AE3DDA37C75DFF6CC44EDB18374C5; Path=/iceweb
WWW-Authenticate: Basic realm=&quot;Spring Security Application&quot;
Content-Type: text/html;charset=utf-8
Content-Length: 1119
Date: Mon, 11 Jun 2012 07:54:47 GMT
</responseHeader>
  <requestHeader class="java.lang.String">Accept-Language: ca,es;q=0.8,en;q=0.5,fr;q=0.3
Accept-Charset: ISO-8859-1,utf-8;q=0.7,*;q=0.7
Accept-Encoding: gzip, deflate
User-Agent: Mozilla/5.0 (X11; Linux i686 on x86_64; rv:8.0) Gecko/20100101 Firefox/8.0
Accept: text/html,application/xhtml+xml,application/xml;q=0.9,*/*;q=0.8
</requestHeader>
  <responseData class="java.lang.String">&lt;html&gt;&lt;head&gt;&lt;title&gt;Apache Tomcat/6.0.32 - Error report&lt;/title&gt;&lt;style&gt;&lt;!--H1 {font-family:Tahoma,Arial,sans-serif;color:white;background-color:#525D76;font-size:22px;} H2 {font-family:Tahoma,Arial,sans-serif;color:white;background-color:#525D76;font-size:16px;} H3 {font-family:Tahoma,Arial,sans-serif;color:white;background-color:#525D76;font-size:14px;} BODY {font-family:Tahoma,Arial,sans-serif;color:black;background-color:white;} B {font-family:Tahoma,Arial,sans-serif;color:white;background-color:#525D76;} P {font-family:Tahoma,Arial,sans-serif;background:white;color:black;font-size:12px;}A {color : black;}A.name {color : black;}HR {color : #525D76;}--&gt;&lt;/style&gt; &lt;/head&gt;&lt;body&gt;&lt;h1&gt;HTTP Status 401 - Full authentication is required to access this resource&lt;/h1&gt;&lt;HR size=&quot;1&quot; noshade=&quot;noshade&quot;&gt;&lt;p&gt;&lt;b&gt;type&lt;/b&gt; Status report&lt;/p&gt;&lt;p&gt;&lt;b&gt;message&lt;/b&gt; &lt;u&gt;Full authentication is required to access this resource&lt;/u&gt;&lt;/p&gt;&lt;p&gt;&lt;b&gt;description&lt;/b&gt; &lt;u&gt;This request requires HTTP authentication (Full authentication is required to access this resource).&lt;/u&gt;&lt;/p&gt;&lt;HR size=&quot;1&quot; noshade=&quot;noshade&quot;&gt;&lt;h3&gt;Apache Tomcat/6.0.32&lt;/h3&gt;&lt;/body&gt;&lt;/html&gt;</responseData>
  <responseFile class="java.lang.String"></responseFile>
  <cookies class="java.lang.String"></cookies>
  <method class="java.lang.String">GET</method>
  <queryString class="java.lang.String"></queryString>
  <java.net.URL>http://localhost:8080/iceweb/</java.net.URL>
</httpSample>
<httpSample t="11" lt="11" ts="1339401288647" s="false" lb="/iceweb/styles/img/south-mini.png" rc="401" rm="Unauthorized" tn="Grupo de Hilos 1-4" dt="text" de="utf-8" by="1119" sc="1" ec="1" ng="1" na="1" hn="sam">
  <responseHeader class="java.lang.String">HTTP/1.1 401 Unauthorized
Server: Apache-Coyote/1.1
Set-Cookie: JSESSIONID=6CCC6A14464A5FEFD5BB46D1AE088911; Path=/iceweb
WWW-Authenticate: Basic realm=&quot;Spring Security Application&quot;
Content-Type: text/html;charset=utf-8
Content-Length: 1119
Date: Mon, 11 Jun 2012 07:54:47 GMT
</responseHeader>
  <requestHeader class="java.lang.String">Accept-Language: ca,es;q=0.8,en;q=0.5,fr;q=0.3
Accept-Charset: ISO-8859-1,utf-8;q=0.7,*;q=0.7
Referer: http://localhost:8080/iceweb/styles/style.css
Accept-Encoding: gzip, deflate
User-Agent: Mozilla/5.0 (X11; Linux i686 on x86_64; rv:8.0) Gecko/20100101 Firefox/8.0
Accept: image/png,image/*;q=0.8,*/*;q=0.5
</requestHeader>
  <responseData class="java.lang.String">&lt;html&gt;&lt;head&gt;&lt;title&gt;Apache Tomcat/6.0.32 - Error report&lt;/title&gt;&lt;style&gt;&lt;!--H1 {font-family:Tahoma,Arial,sans-serif;color:white;background-color:#525D76;font-size:22px;} H2 {font-family:Tahoma,Arial,sans-serif;color:white;background-color:#525D76;font-size:16px;} H3 {font-family:Tahoma,Arial,sans-serif;color:white;background-color:#525D76;font-size:14px;} BODY {font-family:Tahoma,Arial,sans-serif;color:black;background-color:white;} B {font-family:Tahoma,Arial,sans-serif;color:white;background-color:#525D76;} P {font-family:Tahoma,Arial,sans-serif;background:white;color:black;font-size:12px;}A {color : black;}A.name {color : black;}HR {color : #525D76;}--&gt;&lt;/style&gt; &lt;/head&gt;&lt;body&gt;&lt;h1&gt;HTTP Status 401 - Full authentication is required to access this resource&lt;/h1&gt;&lt;HR size=&quot;1&quot; noshade=&quot;noshade&quot;&gt;&lt;p&gt;&lt;b&gt;type&lt;/b&gt; Status report&lt;/p&gt;&lt;p&gt;&lt;b&gt;message&lt;/b&gt; &lt;u&gt;Full authentication is required to access this resource&lt;/u&gt;&lt;/p&gt;&lt;p&gt;&lt;b&gt;description&lt;/b&gt; &lt;u&gt;This request requires HTTP authentication (Full authentication is required to access this resource).&lt;/u&gt;&lt;/p&gt;&lt;HR size=&quot;1&quot; noshade=&quot;noshade&quot;&gt;&lt;h3&gt;Apache Tomcat/6.0.32&lt;/h3&gt;&lt;/body&gt;&lt;/html&gt;</responseData>
  <responseFile class="java.lang.String"></responseFile>
  <cookies class="java.lang.String"></cookies>
  <method class="java.lang.String">GET</method>
  <queryString class="java.lang.String"></queryString>
  <java.net.URL>http://localhost:8080/iceweb/styles/img/south-mini.png</java.net.URL>
</httpSample>
<httpSample t="13" lt="13" ts="1339401288661" s="false" lb="/iceweb/restful/Centro/findMarcasCuadriculaByFilter" rc="401" rm="Unauthorized" tn="Grupo de Hilos 1-4" dt="text" de="utf-8" by="1119" sc="1" ec="1" ng="1" na="1" hn="sam">
  <responseHeader class="java.lang.String">HTTP/1.1 401 Unauthorized
Server: Apache-Coyote/1.1
Set-Cookie: JSESSIONID=20F05E5FD36DC6C06447AF2A8D6AE8C2; Path=/iceweb
WWW-Authenticate: Basic realm=&quot;Spring Security Application&quot;
Content-Type: text/html;charset=utf-8
Content-Length: 1119
Date: Mon, 11 Jun 2012 07:54:47 GMT
</responseHeader>
  <requestHeader class="java.lang.String">Accept-Language: ca,es;q=0.8,en;q=0.5,fr;q=0.3
X-Requested-With: XMLHttpRequest
Accept-Charset: ISO-8859-1,utf-8;q=0.7,*;q=0.7
Referer: http://localhost:8080/iceweb/
Accept-Encoding: gzip, deflate
User-Agent: Mozilla/5.0 (X11; Linux i686 on x86_64; rv:8.0) Gecko/20100101 Firefox/8.0
Content-Type: application/json
Accept: application/json, */*
</requestHeader>
  <responseData class="java.lang.String">&lt;html&gt;&lt;head&gt;&lt;title&gt;Apache Tomcat/6.0.32 - Error report&lt;/title&gt;&lt;style&gt;&lt;!--H1 {font-family:Tahoma,Arial,sans-serif;color:white;background-color:#525D76;font-size:22px;} H2 {font-family:Tahoma,Arial,sans-serif;color:white;background-color:#525D76;font-size:16px;} H3 {font-family:Tahoma,Arial,sans-serif;color:white;background-color:#525D76;font-size:14px;} BODY {font-family:Tahoma,Arial,sans-serif;color:black;background-color:white;} B {font-family:Tahoma,Arial,sans-serif;color:white;background-color:#525D76;} P {font-family:Tahoma,Arial,sans-serif;background:white;color:black;font-size:12px;}A {color : black;}A.name {color : black;}HR {color : #525D76;}--&gt;&lt;/style&gt; &lt;/head&gt;&lt;body&gt;&lt;h1&gt;HTTP Status 401 - Full authentication is required to access this resource&lt;/h1&gt;&lt;HR size=&quot;1&quot; noshade=&quot;noshade&quot;&gt;&lt;p&gt;&lt;b&gt;type&lt;/b&gt; Status report&lt;/p&gt;&lt;p&gt;&lt;b&gt;message&lt;/b&gt; &lt;u&gt;Full authentication is required to access this resource&lt;/u&gt;&lt;/p&gt;&lt;p&gt;&lt;b&gt;description&lt;/b&gt; &lt;u&gt;This request requires HTTP authentication (Full authentication is required to access this resource).&lt;/u&gt;&lt;/p&gt;&lt;HR size=&quot;1&quot; noshade=&quot;noshade&quot;&gt;&lt;h3&gt;Apache Tomcat/6.0.32&lt;/h3&gt;&lt;/body&gt;&lt;/html&gt;</responseData>
  <responseFile class="java.lang.String"></responseFile>
  <cookies class="java.lang.String"></cookies>
  <method class="java.lang.String">GET</method>
  <queryString class="java.lang.String"></queryString>
  <java.net.URL>http://localhost:8080/iceweb/restful/Centro/findMarcasCuadriculaByFilter?filter=%7B%22%40id%22%3A1%2C%22provincias%22%3A%5B%22Val%22%2C%22Ala%22%2C%22Cas%22%5D%2C%22regimenes%22%3A%5B%22PRIV.%22%2C%22PUB.%22%5D%2C%22minNumTicketsAbiertos%22%3Anull%2C%22maxNumTicketsAbiertos%22%3Anull%7D&amp;cuadricula=%7B%22%40id%22%3A1%2C%22infIzq%22%3A%7B%22%40id%22%3A2%2C%22lon%22%3A-1.3712280273438%2C%22lat%22%3A37.68305078125%7D%2C%22supDer%22%3A%7B%22%40id%22%3A3%2C%22lon%22%3A0.27122802734375%2C%22lat%22%3A40.97894921875%7D%2C%22resLon%22%3A19%2C%22resLat%22%3A40%7D</java.net.URL>
</httpSample>
<httpSample t="19" lt="19" ts="1339401288682" s="false" lb="/iceweb/restful/Centro/findPagedByVentanaAndFilter" rc="401" rm="Unauthorized" tn="Grupo de Hilos 1-4" dt="text" de="utf-8" by="1119" sc="1" ec="1" ng="1" na="1" hn="sam">
  <responseHeader class="java.lang.String">HTTP/1.1 401 Unauthorized
Server: Apache-Coyote/1.1
Set-Cookie: JSESSIONID=ACA04F319D71CC00C6D976665A142FAA; Path=/iceweb
WWW-Authenticate: Basic realm=&quot;Spring Security Application&quot;
Content-Type: text/html;charset=utf-8
Content-Length: 1119
Date: Mon, 11 Jun 2012 07:54:47 GMT
</responseHeader>
  <requestHeader class="java.lang.String">Accept-Language: ca,es;q=0.8,en;q=0.5,fr;q=0.3
X-Requested-With: XMLHttpRequest
Accept-Charset: ISO-8859-1,utf-8;q=0.7,*;q=0.7
Referer: http://localhost:8080/iceweb/
Accept-Encoding: gzip, deflate
User-Agent: Mozilla/5.0 (X11; Linux i686 on x86_64; rv:8.0) Gecko/20100101 Firefox/8.0
Content-Type: application/json
Accept: application/json, */*
</requestHeader>
  <responseData class="java.lang.String">&lt;html&gt;&lt;head&gt;&lt;title&gt;Apache Tomcat/6.0.32 - Error report&lt;/title&gt;&lt;style&gt;&lt;!--H1 {font-family:Tahoma,Arial,sans-serif;color:white;background-color:#525D76;font-size:22px;} H2 {font-family:Tahoma,Arial,sans-serif;color:white;background-color:#525D76;font-size:16px;} H3 {font-family:Tahoma,Arial,sans-serif;color:white;background-color:#525D76;font-size:14px;} BODY {font-family:Tahoma,Arial,sans-serif;color:black;background-color:white;} B {font-family:Tahoma,Arial,sans-serif;color:white;background-color:#525D76;} P {font-family:Tahoma,Arial,sans-serif;background:white;color:black;font-size:12px;}A {color : black;}A.name {color : black;}HR {color : #525D76;}--&gt;&lt;/style&gt; &lt;/head&gt;&lt;body&gt;&lt;h1&gt;HTTP Status 401 - Full authentication is required to access this resource&lt;/h1&gt;&lt;HR size=&quot;1&quot; noshade=&quot;noshade&quot;&gt;&lt;p&gt;&lt;b&gt;type&lt;/b&gt; Status report&lt;/p&gt;&lt;p&gt;&lt;b&gt;message&lt;/b&gt; &lt;u&gt;Full authentication is required to access this resource&lt;/u&gt;&lt;/p&gt;&lt;p&gt;&lt;b&gt;description&lt;/b&gt; &lt;u&gt;This request requires HTTP authentication (Full authentication is required to access this resource).&lt;/u&gt;&lt;/p&gt;&lt;HR size=&quot;1&quot; noshade=&quot;noshade&quot;&gt;&lt;h3&gt;Apache Tomcat/6.0.32&lt;/h3&gt;&lt;/body&gt;&lt;/html&gt;</responseData>
  <responseFile class="java.lang.String"></responseFile>
  <cookies class="java.lang.String"></cookies>
  <method class="java.lang.String">GET</method>
  <queryString class="java.lang.String"></queryString>
  <java.net.URL>http://localhost:8080/iceweb/restful/Centro/findPagedByVentanaAndFilter?pageNumber=1&amp;pageSize=20&amp;sortProp=despecifica&amp;asc=true&amp;filter=%7B%22%40id%22%3A1%2C%22provincias%22%3A%5B%22Val%22%2C%22Ala%22%2C%22Cas%22%5D%2C%22regimenes%22%3A%5B%22PRIV.%22%2C%22PUB.%22%5D%2C%22minNumTicketsAbiertos%22%3Anull%2C%22maxNumTicketsAbiertos%22%3Anull%7D</java.net.URL>
</httpSample>
<sample t="55" lt="0" ts="1339401288683" s="false" lb="HOME" rc="" rm="Number of samples in transaction : 4, number of failing samples : 4" tn="Grupo de Hilos 1-4" dt="" de="" by="4476" sc="1" ec="1" ng="0" na="0" hn="sam">
  <responseHeader class="java.lang.String"></responseHeader>
  <requestHeader class="java.lang.String"></requestHeader>
  <responseData class="java.lang.String"/>
  <responseFile class="java.lang.String"></responseFile>
</sample>
<httpSample t="28" lt="28" ts="1339401288711" s="false" lb="/iceweb/js/flexigrid/css/flexigrid/images/up.png" rc="401" rm="Unauthorized" tn="Grupo de Hilos 1-4" dt="text" de="utf-8" by="1119" sc="1" ec="1" ng="1" na="1" hn="sam">
  <assertionResult>
    <name>Aserción HTML</name>
    <failure>true</failure>
    <error>false</error>
    <failureMessage>Tidy Parser errors:   0 (allowed 0) Tidy Parser warnings: 2 (allowed 0)</failureMessage>
  </assertionResult>
  <assertionResult>
    <name>Aserción HTML</name>
    <failure>true</failure>
    <error>false</error>
    <failureMessage>Tidy Parser errors:   0 (allowed 0) Tidy Parser warnings: 2 (allowed 0)</failureMessage>
  </assertionResult>
  <responseHeader class="java.lang.String">HTTP/1.1 401 Unauthorized
Server: Apache-Coyote/1.1
Set-Cookie: JSESSIONID=3ECBBE7EDEB1B9682A07BBB8CA284B4C; Path=/iceweb
WWW-Authenticate: Basic realm=&quot;Spring Security Application&quot;
Content-Type: text/html;charset=utf-8
Content-Length: 1119
Date: Mon, 11 Jun 2012 07:54:47 GMT
</responseHeader>
  <requestHeader class="java.lang.String">Accept-Language: ca,es;q=0.8,en;q=0.5,fr;q=0.3
Accept-Charset: ISO-8859-1,utf-8;q=0.7,*;q=0.7
Referer: http://localhost:8080/iceweb/js/flexigrid/css/flexigrid/flexigrid.css
Accept-Encoding: gzip, deflate
User-Agent: Mozilla/5.0 (X11; Linux i686 on x86_64; rv:8.0) Gecko/20100101 Firefox/8.0
Accept: image/png,image/*;q=0.8,*/*;q=0.5
</requestHeader>
  <responseData class="java.lang.String">&lt;html&gt;&lt;head&gt;&lt;title&gt;Apache Tomcat/6.0.32 - Error report&lt;/title&gt;&lt;style&gt;&lt;!--H1 {font-family:Tahoma,Arial,sans-serif;color:white;background-color:#525D76;font-size:22px;} H2 {font-family:Tahoma,Arial,sans-serif;color:white;background-color:#525D76;font-size:16px;} H3 {font-family:Tahoma,Arial,sans-serif;color:white;background-color:#525D76;font-size:14px;} BODY {font-family:Tahoma,Arial,sans-serif;color:black;background-color:white;} B {font-family:Tahoma,Arial,sans-serif;color:white;background-color:#525D76;} P {font-family:Tahoma,Arial,sans-serif;background:white;color:black;font-size:12px;}A {color : black;}A.name {color : black;}HR {color : #525D76;}--&gt;&lt;/style&gt; &lt;/head&gt;&lt;body&gt;&lt;h1&gt;HTTP Status 401 - Full authentication is required to access this resource&lt;/h1&gt;&lt;HR size=&quot;1&quot; noshade=&quot;noshade&quot;&gt;&lt;p&gt;&lt;b&gt;type&lt;/b&gt; Status report&lt;/p&gt;&lt;p&gt;&lt;b&gt;message&lt;/b&gt; &lt;u&gt;Full authentication is required to access this resource&lt;/u&gt;&lt;/p&gt;&lt;p&gt;&lt;b&gt;description&lt;/b&gt; &lt;u&gt;This request requires HTTP authentication (Full authentication is required to access this resource).&lt;/u&gt;&lt;/p&gt;&lt;HR size=&quot;1&quot; noshade=&quot;noshade&quot;&gt;&lt;h3&gt;Apache Tomcat/6.0.32&lt;/h3&gt;&lt;/body&gt;&lt;/html&gt;</responseData>
  <responseFile class="java.lang.String"></responseFile>
  <cookies class="java.lang.String"></cookies>
  <method class="java.lang.String">GET</method>
  <queryString class="java.lang.String"></queryString>
  <java.net.URL>http://localhost:8080/iceweb/js/flexigrid/css/flexigrid/images/up.png</java.net.URL>
</httpSample>
<httpSample t="11" lt="11" ts="1339401288747" s="false" lb="/iceweb/restful/Centro/findPagedByVentanaAndFilter" rc="401" rm="Unauthorized" tn="Grupo de Hilos 1-4" dt="text" de="utf-8" by="1119" sc="1" ec="1" ng="1" na="1" hn="sam">
  <responseHeader class="java.lang.String">HTTP/1.1 401 Unauthorized
Server: Apache-Coyote/1.1
Set-Cookie: JSESSIONID=04AE2F301FD78BE6E308C785E7991438; Path=/iceweb
WWW-Authenticate: Basic realm=&quot;Spring Security Application&quot;
Content-Type: text/html;charset=utf-8
Content-Length: 1119
Date: Mon, 11 Jun 2012 07:54:47 GMT
</responseHeader>
  <requestHeader class="java.lang.String">Accept-Language: ca,es;q=0.8,en;q=0.5,fr;q=0.3
X-Requested-With: XMLHttpRequest
Accept-Charset: ISO-8859-1,utf-8;q=0.7,*;q=0.7
Referer: http://localhost:8080/iceweb/
Accept-Encoding: gzip, deflate
User-Agent: Mozilla/5.0 (X11; Linux i686 on x86_64; rv:8.0) Gecko/20100101 Firefox/8.0
Content-Type: application/json
Accept: application/json, */*
</requestHeader>
  <responseData class="java.lang.String">&lt;html&gt;&lt;head&gt;&lt;title&gt;Apache Tomcat/6.0.32 - Error report&lt;/title&gt;&lt;style&gt;&lt;!--H1 {font-family:Tahoma,Arial,sans-serif;color:white;background-color:#525D76;font-size:22px;} H2 {font-family:Tahoma,Arial,sans-serif;color:white;background-color:#525D76;font-size:16px;} H3 {font-family:Tahoma,Arial,sans-serif;color:white;background-color:#525D76;font-size:14px;} BODY {font-family:Tahoma,Arial,sans-serif;color:black;background-color:white;} B {font-family:Tahoma,Arial,sans-serif;color:white;background-color:#525D76;} P {font-family:Tahoma,Arial,sans-serif;background:white;color:black;font-size:12px;}A {color : black;}A.name {color : black;}HR {color : #525D76;}--&gt;&lt;/style&gt; &lt;/head&gt;&lt;body&gt;&lt;h1&gt;HTTP Status 401 - Full authentication is required to access this resource&lt;/h1&gt;&lt;HR size=&quot;1&quot; noshade=&quot;noshade&quot;&gt;&lt;p&gt;&lt;b&gt;type&lt;/b&gt; Status report&lt;/p&gt;&lt;p&gt;&lt;b&gt;message&lt;/b&gt; &lt;u&gt;Full authentication is required to access this resource&lt;/u&gt;&lt;/p&gt;&lt;p&gt;&lt;b&gt;description&lt;/b&gt; &lt;u&gt;This request requires HTTP authentication (Full authentication is required to access this resource).&lt;/u&gt;&lt;/p&gt;&lt;HR size=&quot;1&quot; noshade=&quot;noshade&quot;&gt;&lt;h3&gt;Apache Tomcat/6.0.32&lt;/h3&gt;&lt;/body&gt;&lt;/html&gt;</responseData>
  <responseFile class="java.lang.String"></responseFile>
  <cookies class="java.lang.String"></cookies>
  <method class="java.lang.String">GET</method>
  <queryString class="java.lang.String"></queryString>
  <java.net.URL>http://localhost:8080/iceweb/restful/Centro/findPagedByVentanaAndFilter?pageNumber=1&amp;pageSize=20&amp;sortProp=despecifica&amp;asc=false&amp;filter=%7B%22%40id%22%3A1%2C%22provincias%22%3A%5B%22Val%22%2C%22Ala%22%2C%22Cas%22%5D%2C%22regimenes%22%3A%5B%22PRIV.%22%2C%22PUB.%22%5D%2C%22minNumTicketsAbiertos%22%3Anull%2C%22maxNumTicketsAbiertos%22%3Anull%7D&amp;cuadricula=%7B%22%40id%22%3A1%2C%22infIzq%22%3A%7B%22%40id%22%3A2%2C%22lon%22%3A-1.3712280273438%2C%22lat%22%3A37.68305078125%7D%2C%22supDer%22%3A%7B%22%40id%22%3A3%2C%22lon%22%3A0.27122802734375%2C%22lat%22%3A40.97894921875%7D%2C%22resLon%22%3A19%2C%22resLat%22%3A40%7D</java.net.URL>
</httpSample>
<sample t="65" lt="0" ts="1339401288748" s="false" lb="SORT" rc="" rm="Number of samples in transaction : 2, number of failing samples : 2" tn="Grupo de Hilos 1-4" dt="" de="" by="2238" sc="1" ec="1" ng="0" na="0" hn="sam">
  <responseHeader class="java.lang.String"></responseHeader>
  <requestHeader class="java.lang.String"></requestHeader>
  <responseData class="java.lang.String"/>
  <responseFile class="java.lang.String"></responseFile>
</sample>
<httpSample t="32" lt="32" ts="1339401288780" s="false" lb="/iceweb/" rc="401" rm="Unauthorized" tn="Grupo de Hilos 1-4" dt="text" de="utf-8" by="1119" sc="1" ec="1" ng="1" na="1" hn="sam">
  <responseHeader class="java.lang.String">HTTP/1.1 401 Unauthorized
Server: Apache-Coyote/1.1
Set-Cookie: JSESSIONID=7DBF660827ACBF63C9BB4B1EF6342319; Path=/iceweb
WWW-Authenticate: Basic realm=&quot;Spring Security Application&quot;
Content-Type: text/html;charset=utf-8
Content-Length: 1119
Date: Mon, 11 Jun 2012 07:54:48 GMT
</responseHeader>
  <requestHeader class="java.lang.String">Accept-Language: ca,es;q=0.8,en;q=0.5,fr;q=0.3
Accept-Charset: ISO-8859-1,utf-8;q=0.7,*;q=0.7
Accept-Encoding: gzip, deflate
User-Agent: Mozilla/5.0 (X11; Linux i686 on x86_64; rv:8.0) Gecko/20100101 Firefox/8.0
Accept: text/html,application/xhtml+xml,application/xml;q=0.9,*/*;q=0.8
</requestHeader>
  <responseData class="java.lang.String">&lt;html&gt;&lt;head&gt;&lt;title&gt;Apache Tomcat/6.0.32 - Error report&lt;/title&gt;&lt;style&gt;&lt;!--H1 {font-family:Tahoma,Arial,sans-serif;color:white;background-color:#525D76;font-size:22px;} H2 {font-family:Tahoma,Arial,sans-serif;color:white;background-color:#525D76;font-size:16px;} H3 {font-family:Tahoma,Arial,sans-serif;color:white;background-color:#525D76;font-size:14px;} BODY {font-family:Tahoma,Arial,sans-serif;color:black;background-color:white;} B {font-family:Tahoma,Arial,sans-serif;color:white;background-color:#525D76;} P {font-family:Tahoma,Arial,sans-serif;background:white;color:black;font-size:12px;}A {color : black;}A.name {color : black;}HR {color : #525D76;}--&gt;&lt;/style&gt; &lt;/head&gt;&lt;body&gt;&lt;h1&gt;HTTP Status 401 - Full authentication is required to access this resource&lt;/h1&gt;&lt;HR size=&quot;1&quot; noshade=&quot;noshade&quot;&gt;&lt;p&gt;&lt;b&gt;type&lt;/b&gt; Status report&lt;/p&gt;&lt;p&gt;&lt;b&gt;message&lt;/b&gt; &lt;u&gt;Full authentication is required to access this resource&lt;/u&gt;&lt;/p&gt;&lt;p&gt;&lt;b&gt;description&lt;/b&gt; &lt;u&gt;This request requires HTTP authentication (Full authentication is required to access this resource).&lt;/u&gt;&lt;/p&gt;&lt;HR size=&quot;1&quot; noshade=&quot;noshade&quot;&gt;&lt;h3&gt;Apache Tomcat/6.0.32&lt;/h3&gt;&lt;/body&gt;&lt;/html&gt;</responseData>
  <responseFile class="java.lang.String"></responseFile>
  <cookies class="java.lang.String"></cookies>
  <method class="java.lang.String">GET</method>
  <queryString class="java.lang.String"></queryString>
  <java.net.URL>http://localhost:8080/iceweb/</java.net.URL>
</httpSample>
<httpSample t="17" lt="17" ts="1339401288799" s="false" lb="/iceweb/styles/img/south-mini.png" rc="401" rm="Unauthorized" tn="Grupo de Hilos 1-4" dt="text" de="utf-8" by="1119" sc="1" ec="1" ng="1" na="1" hn="sam">
  <responseHeader class="java.lang.String">HTTP/1.1 401 Unauthorized
Server: Apache-Coyote/1.1
Set-Cookie: JSESSIONID=EED9CAA28B946A8D53A0D3093B170519; Path=/iceweb
WWW-Authenticate: Basic realm=&quot;Spring Security Application&quot;
Content-Type: text/html;charset=utf-8
Content-Length: 1119
Date: Mon, 11 Jun 2012 07:54:48 GMT
</responseHeader>
  <requestHeader class="java.lang.String">Accept-Language: ca,es;q=0.8,en;q=0.5,fr;q=0.3
Accept-Charset: ISO-8859-1,utf-8;q=0.7,*;q=0.7
Referer: http://localhost:8080/iceweb/styles/style.css
Accept-Encoding: gzip, deflate
User-Agent: Mozilla/5.0 (X11; Linux i686 on x86_64; rv:8.0) Gecko/20100101 Firefox/8.0
Accept: image/png,image/*;q=0.8,*/*;q=0.5
</requestHeader>
  <responseData class="java.lang.String">&lt;html&gt;&lt;head&gt;&lt;title&gt;Apache Tomcat/6.0.32 - Error report&lt;/title&gt;&lt;style&gt;&lt;!--H1 {font-family:Tahoma,Arial,sans-serif;color:white;background-color:#525D76;font-size:22px;} H2 {font-family:Tahoma,Arial,sans-serif;color:white;background-color:#525D76;font-size:16px;} H3 {font-family:Tahoma,Arial,sans-serif;color:white;background-color:#525D76;font-size:14px;} BODY {font-family:Tahoma,Arial,sans-serif;color:black;background-color:white;} B {font-family:Tahoma,Arial,sans-serif;color:white;background-color:#525D76;} P {font-family:Tahoma,Arial,sans-serif;background:white;color:black;font-size:12px;}A {color : black;}A.name {color : black;}HR {color : #525D76;}--&gt;&lt;/style&gt; &lt;/head&gt;&lt;body&gt;&lt;h1&gt;HTTP Status 401 - Full authentication is required to access this resource&lt;/h1&gt;&lt;HR size=&quot;1&quot; noshade=&quot;noshade&quot;&gt;&lt;p&gt;&lt;b&gt;type&lt;/b&gt; Status report&lt;/p&gt;&lt;p&gt;&lt;b&gt;message&lt;/b&gt; &lt;u&gt;Full authentication is required to access this resource&lt;/u&gt;&lt;/p&gt;&lt;p&gt;&lt;b&gt;description&lt;/b&gt; &lt;u&gt;This request requires HTTP authentication (Full authentication is required to access this resource).&lt;/u&gt;&lt;/p&gt;&lt;HR size=&quot;1&quot; noshade=&quot;noshade&quot;&gt;&lt;h3&gt;Apache Tomcat/6.0.32&lt;/h3&gt;&lt;/body&gt;&lt;/html&gt;</responseData>
  <responseFile class="java.lang.String"></responseFile>
  <cookies class="java.lang.String"></cookies>
  <method class="java.lang.String">GET</method>
  <queryString class="java.lang.String"></queryString>
  <java.net.URL>http://localhost:8080/iceweb/styles/img/south-mini.png</java.net.URL>
</httpSample>
<httpSample t="29" lt="29" ts="1339401288829" s="false" lb="/iceweb/restful/Centro/findMarcasCuadriculaByFilter" rc="401" rm="Unauthorized" tn="Grupo de Hilos 1-4" dt="text" de="utf-8" by="1119" sc="1" ec="1" ng="1" na="1" hn="sam">
  <responseHeader class="java.lang.String">HTTP/1.1 401 Unauthorized
Server: Apache-Coyote/1.1
Set-Cookie: JSESSIONID=634F745831C8E3A5F1E4D765AB7DBF99; Path=/iceweb
WWW-Authenticate: Basic realm=&quot;Spring Security Application&quot;
Content-Type: text/html;charset=utf-8
Content-Length: 1119
Date: Mon, 11 Jun 2012 07:54:48 GMT
</responseHeader>
  <requestHeader class="java.lang.String">Accept-Language: ca,es;q=0.8,en;q=0.5,fr;q=0.3
X-Requested-With: XMLHttpRequest
Accept-Charset: ISO-8859-1,utf-8;q=0.7,*;q=0.7
Referer: http://localhost:8080/iceweb/
Accept-Encoding: gzip, deflate
User-Agent: Mozilla/5.0 (X11; Linux i686 on x86_64; rv:8.0) Gecko/20100101 Firefox/8.0
Content-Type: application/json
Accept: application/json, */*
</requestHeader>
  <responseData class="java.lang.String">&lt;html&gt;&lt;head&gt;&lt;title&gt;Apache Tomcat/6.0.32 - Error report&lt;/title&gt;&lt;style&gt;&lt;!--H1 {font-family:Tahoma,Arial,sans-serif;color:white;background-color:#525D76;font-size:22px;} H2 {font-family:Tahoma,Arial,sans-serif;color:white;background-color:#525D76;font-size:16px;} H3 {font-family:Tahoma,Arial,sans-serif;color:white;background-color:#525D76;font-size:14px;} BODY {font-family:Tahoma,Arial,sans-serif;color:black;background-color:white;} B {font-family:Tahoma,Arial,sans-serif;color:white;background-color:#525D76;} P {font-family:Tahoma,Arial,sans-serif;background:white;color:black;font-size:12px;}A {color : black;}A.name {color : black;}HR {color : #525D76;}--&gt;&lt;/style&gt; &lt;/head&gt;&lt;body&gt;&lt;h1&gt;HTTP Status 401 - Full authentication is required to access this resource&lt;/h1&gt;&lt;HR size=&quot;1&quot; noshade=&quot;noshade&quot;&gt;&lt;p&gt;&lt;b&gt;type&lt;/b&gt; Status report&lt;/p&gt;&lt;p&gt;&lt;b&gt;message&lt;/b&gt; &lt;u&gt;Full authentication is required to access this resource&lt;/u&gt;&lt;/p&gt;&lt;p&gt;&lt;b&gt;description&lt;/b&gt; &lt;u&gt;This request requires HTTP authentication (Full authentication is required to access this resource).&lt;/u&gt;&lt;/p&gt;&lt;HR size=&quot;1&quot; noshade=&quot;noshade&quot;&gt;&lt;h3&gt;Apache Tomcat/6.0.32&lt;/h3&gt;&lt;/body&gt;&lt;/html&gt;</responseData>
  <responseFile class="java.lang.String"></responseFile>
  <cookies class="java.lang.String"></cookies>
  <method class="java.lang.String">GET</method>
  <queryString class="java.lang.String"></queryString>
  <java.net.URL>http://localhost:8080/iceweb/restful/Centro/findMarcasCuadriculaByFilter?filter=%7B%22%40id%22%3A1%2C%22provincias%22%3A%5B%22Val%22%2C%22Ala%22%2C%22Cas%22%5D%2C%22regimenes%22%3A%5B%22PRIV.%22%2C%22PUB.%22%5D%2C%22minNumTicketsAbiertos%22%3Anull%2C%22maxNumTicketsAbiertos%22%3Anull%7D&amp;cuadricula=%7B%22%40id%22%3A1%2C%22infIzq%22%3A%7B%22%40id%22%3A2%2C%22lon%22%3A-1.3712280273438%2C%22lat%22%3A37.68305078125%7D%2C%22supDer%22%3A%7B%22%40id%22%3A3%2C%22lon%22%3A0.27122802734375%2C%22lat%22%3A40.97894921875%7D%2C%22resLon%22%3A19%2C%22resLat%22%3A40%7D</java.net.URL>
</httpSample>
<httpSample t="11" lt="11" ts="1339401288842" s="false" lb="/iceweb/restful/Centro/findPagedByVentanaAndFilter" rc="401" rm="Unauthorized" tn="Grupo de Hilos 1-4" dt="text" de="utf-8" by="1119" sc="1" ec="1" ng="1" na="1" hn="sam">
  <responseHeader class="java.lang.String">HTTP/1.1 401 Unauthorized
Server: Apache-Coyote/1.1
Set-Cookie: JSESSIONID=C9DD6D5101A9321740EB38A9BF345A59; Path=/iceweb
WWW-Authenticate: Basic realm=&quot;Spring Security Application&quot;
Content-Type: text/html;charset=utf-8
Content-Length: 1119
Date: Mon, 11 Jun 2012 07:54:48 GMT
</responseHeader>
  <requestHeader class="java.lang.String">Accept-Language: ca,es;q=0.8,en;q=0.5,fr;q=0.3
X-Requested-With: XMLHttpRequest
Accept-Charset: ISO-8859-1,utf-8;q=0.7,*;q=0.7
Referer: http://localhost:8080/iceweb/
Accept-Encoding: gzip, deflate
User-Agent: Mozilla/5.0 (X11; Linux i686 on x86_64; rv:8.0) Gecko/20100101 Firefox/8.0
Content-Type: application/json
Accept: application/json, */*
</requestHeader>
  <responseData class="java.lang.String">&lt;html&gt;&lt;head&gt;&lt;title&gt;Apache Tomcat/6.0.32 - Error report&lt;/title&gt;&lt;style&gt;&lt;!--H1 {font-family:Tahoma,Arial,sans-serif;color:white;background-color:#525D76;font-size:22px;} H2 {font-family:Tahoma,Arial,sans-serif;color:white;background-color:#525D76;font-size:16px;} H3 {font-family:Tahoma,Arial,sans-serif;color:white;background-color:#525D76;font-size:14px;} BODY {font-family:Tahoma,Arial,sans-serif;color:black;background-color:white;} B {font-family:Tahoma,Arial,sans-serif;color:white;background-color:#525D76;} P {font-family:Tahoma,Arial,sans-serif;background:white;color:black;font-size:12px;}A {color : black;}A.name {color : black;}HR {color : #525D76;}--&gt;&lt;/style&gt; &lt;/head&gt;&lt;body&gt;&lt;h1&gt;HTTP Status 401 - Full authentication is required to access this resource&lt;/h1&gt;&lt;HR size=&quot;1&quot; noshade=&quot;noshade&quot;&gt;&lt;p&gt;&lt;b&gt;type&lt;/b&gt; Status report&lt;/p&gt;&lt;p&gt;&lt;b&gt;message&lt;/b&gt; &lt;u&gt;Full authentication is required to access this resource&lt;/u&gt;&lt;/p&gt;&lt;p&gt;&lt;b&gt;description&lt;/b&gt; &lt;u&gt;This request requires HTTP authentication (Full authentication is required to access this resource).&lt;/u&gt;&lt;/p&gt;&lt;HR size=&quot;1&quot; noshade=&quot;noshade&quot;&gt;&lt;h3&gt;Apache Tomcat/6.0.32&lt;/h3&gt;&lt;/body&gt;&lt;/html&gt;</responseData>
  <responseFile class="java.lang.String"></responseFile>
  <cookies class="java.lang.String"></cookies>
  <method class="java.lang.String">GET</method>
  <queryString class="java.lang.String"></queryString>
  <java.net.URL>http://localhost:8080/iceweb/restful/Centro/findPagedByVentanaAndFilter?pageNumber=1&amp;pageSize=20&amp;sortProp=despecifica&amp;asc=true&amp;filter=%7B%22%40id%22%3A1%2C%22provincias%22%3A%5B%22Val%22%2C%22Ala%22%2C%22Cas%22%5D%2C%22regimenes%22%3A%5B%22PRIV.%22%2C%22PUB.%22%5D%2C%22minNumTicketsAbiertos%22%3Anull%2C%22maxNumTicketsAbiertos%22%3Anull%7D</java.net.URL>
</httpSample>
<sample t="95" lt="0" ts="1339401288843" s="false" lb="HOME" rc="" rm="Number of samples in transaction : 4, number of failing samples : 4" tn="Grupo de Hilos 1-4" dt="" de="" by="4476" sc="1" ec="1" ng="0" na="0" hn="sam">
  <responseHeader class="java.lang.String"></responseHeader>
  <requestHeader class="java.lang.String"></requestHeader>
  <responseData class="java.lang.String"/>
  <responseFile class="java.lang.String"></responseFile>
</sample>
<httpSample t="14" lt="14" ts="1339401288858" s="false" lb="/iceweb/js/flexigrid/css/flexigrid/images/up.png" rc="401" rm="Unauthorized" tn="Grupo de Hilos 1-4" dt="text" de="utf-8" by="1119" sc="1" ec="1" ng="1" na="1" hn="sam">
  <assertionResult>
    <name>Aserción HTML</name>
    <failure>true</failure>
    <error>false</error>
    <failureMessage>Tidy Parser errors:   0 (allowed 0) Tidy Parser warnings: 2 (allowed 0)</failureMessage>
  </assertionResult>
  <assertionResult>
    <name>Aserción HTML</name>
    <failure>true</failure>
    <error>false</error>
    <failureMessage>Tidy Parser errors:   0 (allowed 0) Tidy Parser warnings: 2 (allowed 0)</failureMessage>
  </assertionResult>
  <responseHeader class="java.lang.String">HTTP/1.1 401 Unauthorized
Server: Apache-Coyote/1.1
Set-Cookie: JSESSIONID=E15631B1DCA178784A36BE5C2DFB1C23; Path=/iceweb
WWW-Authenticate: Basic realm=&quot;Spring Security Application&quot;
Content-Type: text/html;charset=utf-8
Content-Length: 1119
Date: Mon, 11 Jun 2012 07:54:48 GMT
</responseHeader>
  <requestHeader class="java.lang.String">Accept-Language: ca,es;q=0.8,en;q=0.5,fr;q=0.3
Accept-Charset: ISO-8859-1,utf-8;q=0.7,*;q=0.7
Referer: http://localhost:8080/iceweb/js/flexigrid/css/flexigrid/flexigrid.css
Accept-Encoding: gzip, deflate
User-Agent: Mozilla/5.0 (X11; Linux i686 on x86_64; rv:8.0) Gecko/20100101 Firefox/8.0
Accept: image/png,image/*;q=0.8,*/*;q=0.5
</requestHeader>
  <responseData class="java.lang.String">&lt;html&gt;&lt;head&gt;&lt;title&gt;Apache Tomcat/6.0.32 - Error report&lt;/title&gt;&lt;style&gt;&lt;!--H1 {font-family:Tahoma,Arial,sans-serif;color:white;background-color:#525D76;font-size:22px;} H2 {font-family:Tahoma,Arial,sans-serif;color:white;background-color:#525D76;font-size:16px;} H3 {font-family:Tahoma,Arial,sans-serif;color:white;background-color:#525D76;font-size:14px;} BODY {font-family:Tahoma,Arial,sans-serif;color:black;background-color:white;} B {font-family:Tahoma,Arial,sans-serif;color:white;background-color:#525D76;} P {font-family:Tahoma,Arial,sans-serif;background:white;color:black;font-size:12px;}A {color : black;}A.name {color : black;}HR {color : #525D76;}--&gt;&lt;/style&gt; &lt;/head&gt;&lt;body&gt;&lt;h1&gt;HTTP Status 401 - Full authentication is required to access this resource&lt;/h1&gt;&lt;HR size=&quot;1&quot; noshade=&quot;noshade&quot;&gt;&lt;p&gt;&lt;b&gt;type&lt;/b&gt; Status report&lt;/p&gt;&lt;p&gt;&lt;b&gt;message&lt;/b&gt; &lt;u&gt;Full authentication is required to access this resource&lt;/u&gt;&lt;/p&gt;&lt;p&gt;&lt;b&gt;description&lt;/b&gt; &lt;u&gt;This request requires HTTP authentication (Full authentication is required to access this resource).&lt;/u&gt;&lt;/p&gt;&lt;HR size=&quot;1&quot; noshade=&quot;noshade&quot;&gt;&lt;h3&gt;Apache Tomcat/6.0.32&lt;/h3&gt;&lt;/body&gt;&lt;/html&gt;</responseData>
  <responseFile class="java.lang.String"></responseFile>
  <cookies class="java.lang.String"></cookies>
  <method class="java.lang.String">GET</method>
  <queryString class="java.lang.String"></queryString>
  <java.net.URL>http://localhost:8080/iceweb/js/flexigrid/css/flexigrid/images/up.png</java.net.URL>
</httpSample>
<httpSample t="22" lt="22" ts="1339401288889" s="false" lb="/iceweb/restful/Centro/findPagedByVentanaAndFilter" rc="401" rm="Unauthorized" tn="Grupo de Hilos 1-4" dt="text" de="utf-8" by="1119" sc="1" ec="1" ng="1" na="1" hn="sam">
  <responseHeader class="java.lang.String">HTTP/1.1 401 Unauthorized
Server: Apache-Coyote/1.1
Set-Cookie: JSESSIONID=399932E9095C59CE802B4F618251CFBA; Path=/iceweb
WWW-Authenticate: Basic realm=&quot;Spring Security Application&quot;
Content-Type: text/html;charset=utf-8
Content-Length: 1119
Date: Mon, 11 Jun 2012 07:54:48 GMT
</responseHeader>
  <requestHeader class="java.lang.String">Accept-Language: ca,es;q=0.8,en;q=0.5,fr;q=0.3
X-Requested-With: XMLHttpRequest
Accept-Charset: ISO-8859-1,utf-8;q=0.7,*;q=0.7
Referer: http://localhost:8080/iceweb/
Accept-Encoding: gzip, deflate
User-Agent: Mozilla/5.0 (X11; Linux i686 on x86_64; rv:8.0) Gecko/20100101 Firefox/8.0
Content-Type: application/json
Accept: application/json, */*
</requestHeader>
  <responseData class="java.lang.String">&lt;html&gt;&lt;head&gt;&lt;title&gt;Apache Tomcat/6.0.32 - Error report&lt;/title&gt;&lt;style&gt;&lt;!--H1 {font-family:Tahoma,Arial,sans-serif;color:white;background-color:#525D76;font-size:22px;} H2 {font-family:Tahoma,Arial,sans-serif;color:white;background-color:#525D76;font-size:16px;} H3 {font-family:Tahoma,Arial,sans-serif;color:white;background-color:#525D76;font-size:14px;} BODY {font-family:Tahoma,Arial,sans-serif;color:black;background-color:white;} B {font-family:Tahoma,Arial,sans-serif;color:white;background-color:#525D76;} P {font-family:Tahoma,Arial,sans-serif;background:white;color:black;font-size:12px;}A {color : black;}A.name {color : black;}HR {color : #525D76;}--&gt;&lt;/style&gt; &lt;/head&gt;&lt;body&gt;&lt;h1&gt;HTTP Status 401 - Full authentication is required to access this resource&lt;/h1&gt;&lt;HR size=&quot;1&quot; noshade=&quot;noshade&quot;&gt;&lt;p&gt;&lt;b&gt;type&lt;/b&gt; Status report&lt;/p&gt;&lt;p&gt;&lt;b&gt;message&lt;/b&gt; &lt;u&gt;Full authentication is required to access this resource&lt;/u&gt;&lt;/p&gt;&lt;p&gt;&lt;b&gt;description&lt;/b&gt; &lt;u&gt;This request requires HTTP authentication (Full authentication is required to access this resource).&lt;/u&gt;&lt;/p&gt;&lt;HR size=&quot;1&quot; noshade=&quot;noshade&quot;&gt;&lt;h3&gt;Apache Tomcat/6.0.32&lt;/h3&gt;&lt;/body&gt;&lt;/html&gt;</responseData>
  <responseFile class="java.lang.String"></responseFile>
  <cookies class="java.lang.String"></cookies>
  <method class="java.lang.String">GET</method>
  <queryString class="java.lang.String"></queryString>
  <java.net.URL>http://localhost:8080/iceweb/restful/Centro/findPagedByVentanaAndFilter?pageNumber=1&amp;pageSize=20&amp;sortProp=despecifica&amp;asc=false&amp;filter=%7B%22%40id%22%3A1%2C%22provincias%22%3A%5B%22Val%22%2C%22Ala%22%2C%22Cas%22%5D%2C%22regimenes%22%3A%5B%22PRIV.%22%2C%22PUB.%22%5D%2C%22minNumTicketsAbiertos%22%3Anull%2C%22maxNumTicketsAbiertos%22%3Anull%7D&amp;cuadricula=%7B%22%40id%22%3A1%2C%22infIzq%22%3A%7B%22%40id%22%3A2%2C%22lon%22%3A-1.3712280273438%2C%22lat%22%3A37.68305078125%7D%2C%22supDer%22%3A%7B%22%40id%22%3A3%2C%22lon%22%3A0.27122802734375%2C%22lat%22%3A40.97894921875%7D%2C%22resLon%22%3A19%2C%22resLat%22%3A40%7D</java.net.URL>
</httpSample>
<sample t="46" lt="0" ts="1339401288890" s="false" lb="SORT" rc="" rm="Number of samples in transaction : 2, number of failing samples : 2" tn="Grupo de Hilos 1-4" dt="" de="" by="2238" sc="1" ec="1" ng="0" na="0" hn="sam">
  <responseHeader class="java.lang.String"></responseHeader>
  <requestHeader class="java.lang.String"></requestHeader>
  <responseData class="java.lang.String"/>
  <responseFile class="java.lang.String"></responseFile>
</sample>
<httpSample t="13" lt="13" ts="1339401289657" s="false" lb="/iceweb/" rc="401" rm="Unauthorized" tn="Grupo de Hilos 1-5" dt="text" de="utf-8" by="1119" sc="1" ec="1" ng="1" na="1" hn="sam">
  <responseHeader class="java.lang.String">HTTP/1.1 401 Unauthorized
Server: Apache-Coyote/1.1
Set-Cookie: JSESSIONID=9AAE86EAD48088E433D1A4E649CA68CF; Path=/iceweb
WWW-Authenticate: Basic realm=&quot;Spring Security Application&quot;
Content-Type: text/html;charset=utf-8
Content-Length: 1119
Date: Mon, 11 Jun 2012 07:54:48 GMT
</responseHeader>
  <requestHeader class="java.lang.String">Accept-Language: ca,es;q=0.8,en;q=0.5,fr;q=0.3
Accept-Charset: ISO-8859-1,utf-8;q=0.7,*;q=0.7
Accept-Encoding: gzip, deflate
User-Agent: Mozilla/5.0 (X11; Linux i686 on x86_64; rv:8.0) Gecko/20100101 Firefox/8.0
Accept: text/html,application/xhtml+xml,application/xml;q=0.9,*/*;q=0.8
</requestHeader>
  <responseData class="java.lang.String">&lt;html&gt;&lt;head&gt;&lt;title&gt;Apache Tomcat/6.0.32 - Error report&lt;/title&gt;&lt;style&gt;&lt;!--H1 {font-family:Tahoma,Arial,sans-serif;color:white;background-color:#525D76;font-size:22px;} H2 {font-family:Tahoma,Arial,sans-serif;color:white;background-color:#525D76;font-size:16px;} H3 {font-family:Tahoma,Arial,sans-serif;color:white;background-color:#525D76;font-size:14px;} BODY {font-family:Tahoma,Arial,sans-serif;color:black;background-color:white;} B {font-family:Tahoma,Arial,sans-serif;color:white;background-color:#525D76;} P {font-family:Tahoma,Arial,sans-serif;background:white;color:black;font-size:12px;}A {color : black;}A.name {color : black;}HR {color : #525D76;}--&gt;&lt;/style&gt; &lt;/head&gt;&lt;body&gt;&lt;h1&gt;HTTP Status 401 - Full authentication is required to access this resource&lt;/h1&gt;&lt;HR size=&quot;1&quot; noshade=&quot;noshade&quot;&gt;&lt;p&gt;&lt;b&gt;type&lt;/b&gt; Status report&lt;/p&gt;&lt;p&gt;&lt;b&gt;message&lt;/b&gt; &lt;u&gt;Full authentication is required to access this resource&lt;/u&gt;&lt;/p&gt;&lt;p&gt;&lt;b&gt;description&lt;/b&gt; &lt;u&gt;This request requires HTTP authentication (Full authentication is required to access this resource).&lt;/u&gt;&lt;/p&gt;&lt;HR size=&quot;1&quot; noshade=&quot;noshade&quot;&gt;&lt;h3&gt;Apache Tomcat/6.0.32&lt;/h3&gt;&lt;/body&gt;&lt;/html&gt;</responseData>
  <responseFile class="java.lang.String"></responseFile>
  <cookies class="java.lang.String"></cookies>
  <method class="java.lang.String">GET</method>
  <queryString class="java.lang.String"></queryString>
  <java.net.URL>http://localhost:8080/iceweb/</java.net.URL>
</httpSample>
<httpSample t="17" lt="17" ts="1339401289675" s="false" lb="/iceweb/styles/img/south-mini.png" rc="401" rm="Unauthorized" tn="Grupo de Hilos 1-5" dt="text" de="utf-8" by="1119" sc="1" ec="1" ng="1" na="1" hn="sam">
  <responseHeader class="java.lang.String">HTTP/1.1 401 Unauthorized
Server: Apache-Coyote/1.1
Set-Cookie: JSESSIONID=F1CFF674E8366F1AE6C937A20F5F6DDD; Path=/iceweb
WWW-Authenticate: Basic realm=&quot;Spring Security Application&quot;
Content-Type: text/html;charset=utf-8
Content-Length: 1119
Date: Mon, 11 Jun 2012 07:54:48 GMT
</responseHeader>
  <requestHeader class="java.lang.String">Accept-Language: ca,es;q=0.8,en;q=0.5,fr;q=0.3
Accept-Charset: ISO-8859-1,utf-8;q=0.7,*;q=0.7
Referer: http://localhost:8080/iceweb/styles/style.css
Accept-Encoding: gzip, deflate
User-Agent: Mozilla/5.0 (X11; Linux i686 on x86_64; rv:8.0) Gecko/20100101 Firefox/8.0
Accept: image/png,image/*;q=0.8,*/*;q=0.5
</requestHeader>
  <responseData class="java.lang.String">&lt;html&gt;&lt;head&gt;&lt;title&gt;Apache Tomcat/6.0.32 - Error report&lt;/title&gt;&lt;style&gt;&lt;!--H1 {font-family:Tahoma,Arial,sans-serif;color:white;background-color:#525D76;font-size:22px;} H2 {font-family:Tahoma,Arial,sans-serif;color:white;background-color:#525D76;font-size:16px;} H3 {font-family:Tahoma,Arial,sans-serif;color:white;background-color:#525D76;font-size:14px;} BODY {font-family:Tahoma,Arial,sans-serif;color:black;background-color:white;} B {font-family:Tahoma,Arial,sans-serif;color:white;background-color:#525D76;} P {font-family:Tahoma,Arial,sans-serif;background:white;color:black;font-size:12px;}A {color : black;}A.name {color : black;}HR {color : #525D76;}--&gt;&lt;/style&gt; &lt;/head&gt;&lt;body&gt;&lt;h1&gt;HTTP Status 401 - Full authentication is required to access this resource&lt;/h1&gt;&lt;HR size=&quot;1&quot; noshade=&quot;noshade&quot;&gt;&lt;p&gt;&lt;b&gt;type&lt;/b&gt; Status report&lt;/p&gt;&lt;p&gt;&lt;b&gt;message&lt;/b&gt; &lt;u&gt;Full authentication is required to access this resource&lt;/u&gt;&lt;/p&gt;&lt;p&gt;&lt;b&gt;description&lt;/b&gt; &lt;u&gt;This request requires HTTP authentication (Full authentication is required to access this resource).&lt;/u&gt;&lt;/p&gt;&lt;HR size=&quot;1&quot; noshade=&quot;noshade&quot;&gt;&lt;h3&gt;Apache Tomcat/6.0.32&lt;/h3&gt;&lt;/body&gt;&lt;/html&gt;</responseData>
  <responseFile class="java.lang.String"></responseFile>
  <cookies class="java.lang.String"></cookies>
  <method class="java.lang.String">GET</method>
  <queryString class="java.lang.String"></queryString>
  <java.net.URL>http://localhost:8080/iceweb/styles/img/south-mini.png</java.net.URL>
</httpSample>
<httpSample t="18" lt="18" ts="1339401289694" s="false" lb="/iceweb/restful/Centro/findMarcasCuadriculaByFilter" rc="401" rm="Unauthorized" tn="Grupo de Hilos 1-5" dt="text" de="utf-8" by="1119" sc="1" ec="1" ng="1" na="1" hn="sam">
  <responseHeader class="java.lang.String">HTTP/1.1 401 Unauthorized
Server: Apache-Coyote/1.1
Set-Cookie: JSESSIONID=38E950822A8E191C9986911B723705C3; Path=/iceweb
WWW-Authenticate: Basic realm=&quot;Spring Security Application&quot;
Content-Type: text/html;charset=utf-8
Content-Length: 1119
Date: Mon, 11 Jun 2012 07:54:48 GMT
</responseHeader>
  <requestHeader class="java.lang.String">Accept-Language: ca,es;q=0.8,en;q=0.5,fr;q=0.3
X-Requested-With: XMLHttpRequest
Accept-Charset: ISO-8859-1,utf-8;q=0.7,*;q=0.7
Referer: http://localhost:8080/iceweb/
Accept-Encoding: gzip, deflate
User-Agent: Mozilla/5.0 (X11; Linux i686 on x86_64; rv:8.0) Gecko/20100101 Firefox/8.0
Content-Type: application/json
Accept: application/json, */*
</requestHeader>
  <responseData class="java.lang.String">&lt;html&gt;&lt;head&gt;&lt;title&gt;Apache Tomcat/6.0.32 - Error report&lt;/title&gt;&lt;style&gt;&lt;!--H1 {font-family:Tahoma,Arial,sans-serif;color:white;background-color:#525D76;font-size:22px;} H2 {font-family:Tahoma,Arial,sans-serif;color:white;background-color:#525D76;font-size:16px;} H3 {font-family:Tahoma,Arial,sans-serif;color:white;background-color:#525D76;font-size:14px;} BODY {font-family:Tahoma,Arial,sans-serif;color:black;background-color:white;} B {font-family:Tahoma,Arial,sans-serif;color:white;background-color:#525D76;} P {font-family:Tahoma,Arial,sans-serif;background:white;color:black;font-size:12px;}A {color : black;}A.name {color : black;}HR {color : #525D76;}--&gt;&lt;/style&gt; &lt;/head&gt;&lt;body&gt;&lt;h1&gt;HTTP Status 401 - Full authentication is required to access this resource&lt;/h1&gt;&lt;HR size=&quot;1&quot; noshade=&quot;noshade&quot;&gt;&lt;p&gt;&lt;b&gt;type&lt;/b&gt; Status report&lt;/p&gt;&lt;p&gt;&lt;b&gt;message&lt;/b&gt; &lt;u&gt;Full authentication is required to access this resource&lt;/u&gt;&lt;/p&gt;&lt;p&gt;&lt;b&gt;description&lt;/b&gt; &lt;u&gt;This request requires HTTP authentication (Full authentication is required to access this resource).&lt;/u&gt;&lt;/p&gt;&lt;HR size=&quot;1&quot; noshade=&quot;noshade&quot;&gt;&lt;h3&gt;Apache Tomcat/6.0.32&lt;/h3&gt;&lt;/body&gt;&lt;/html&gt;</responseData>
  <responseFile class="java.lang.String"></responseFile>
  <cookies class="java.lang.String"></cookies>
  <method class="java.lang.String">GET</method>
  <queryString class="java.lang.String"></queryString>
  <java.net.URL>http://localhost:8080/iceweb/restful/Centro/findMarcasCuadriculaByFilter?filter=%7B%22%40id%22%3A1%2C%22provincias%22%3A%5B%22Val%22%2C%22Ala%22%2C%22Cas%22%5D%2C%22regimenes%22%3A%5B%22PRIV.%22%2C%22PUB.%22%5D%2C%22minNumTicketsAbiertos%22%3Anull%2C%22maxNumTicketsAbiertos%22%3Anull%7D&amp;cuadricula=%7B%22%40id%22%3A1%2C%22infIzq%22%3A%7B%22%40id%22%3A2%2C%22lon%22%3A-1.3712280273438%2C%22lat%22%3A37.68305078125%7D%2C%22supDer%22%3A%7B%22%40id%22%3A3%2C%22lon%22%3A0.27122802734375%2C%22lat%22%3A40.97894921875%7D%2C%22resLon%22%3A19%2C%22resLat%22%3A40%7D</java.net.URL>
</httpSample>
<httpSample t="28" lt="28" ts="1339401289724" s="false" lb="/iceweb/restful/Centro/findPagedByVentanaAndFilter" rc="401" rm="Unauthorized" tn="Grupo de Hilos 1-5" dt="text" de="utf-8" by="1119" sc="1" ec="1" ng="1" na="1" hn="sam">
  <responseHeader class="java.lang.String">HTTP/1.1 401 Unauthorized
Server: Apache-Coyote/1.1
Set-Cookie: JSESSIONID=9EEAD117B8ED0A92FAA883FDD677B9AC; Path=/iceweb
WWW-Authenticate: Basic realm=&quot;Spring Security Application&quot;
Content-Type: text/html;charset=utf-8
Content-Length: 1119
Date: Mon, 11 Jun 2012 07:54:48 GMT
</responseHeader>
  <requestHeader class="java.lang.String">Accept-Language: ca,es;q=0.8,en;q=0.5,fr;q=0.3
X-Requested-With: XMLHttpRequest
Accept-Charset: ISO-8859-1,utf-8;q=0.7,*;q=0.7
Referer: http://localhost:8080/iceweb/
Accept-Encoding: gzip, deflate
User-Agent: Mozilla/5.0 (X11; Linux i686 on x86_64; rv:8.0) Gecko/20100101 Firefox/8.0
Content-Type: application/json
Accept: application/json, */*
</requestHeader>
  <responseData class="java.lang.String">&lt;html&gt;&lt;head&gt;&lt;title&gt;Apache Tomcat/6.0.32 - Error report&lt;/title&gt;&lt;style&gt;&lt;!--H1 {font-family:Tahoma,Arial,sans-serif;color:white;background-color:#525D76;font-size:22px;} H2 {font-family:Tahoma,Arial,sans-serif;color:white;background-color:#525D76;font-size:16px;} H3 {font-family:Tahoma,Arial,sans-serif;color:white;background-color:#525D76;font-size:14px;} BODY {font-family:Tahoma,Arial,sans-serif;color:black;background-color:white;} B {font-family:Tahoma,Arial,sans-serif;color:white;background-color:#525D76;} P {font-family:Tahoma,Arial,sans-serif;background:white;color:black;font-size:12px;}A {color : black;}A.name {color : black;}HR {color : #525D76;}--&gt;&lt;/style&gt; &lt;/head&gt;&lt;body&gt;&lt;h1&gt;HTTP Status 401 - Full authentication is required to access this resource&lt;/h1&gt;&lt;HR size=&quot;1&quot; noshade=&quot;noshade&quot;&gt;&lt;p&gt;&lt;b&gt;type&lt;/b&gt; Status report&lt;/p&gt;&lt;p&gt;&lt;b&gt;message&lt;/b&gt; &lt;u&gt;Full authentication is required to access this resource&lt;/u&gt;&lt;/p&gt;&lt;p&gt;&lt;b&gt;description&lt;/b&gt; &lt;u&gt;This request requires HTTP authentication (Full authentication is required to access this resource).&lt;/u&gt;&lt;/p&gt;&lt;HR size=&quot;1&quot; noshade=&quot;noshade&quot;&gt;&lt;h3&gt;Apache Tomcat/6.0.32&lt;/h3&gt;&lt;/body&gt;&lt;/html&gt;</responseData>
  <responseFile class="java.lang.String"></responseFile>
  <cookies class="java.lang.String"></cookies>
  <method class="java.lang.String">GET</method>
  <queryString class="java.lang.String"></queryString>
  <java.net.URL>http://localhost:8080/iceweb/restful/Centro/findPagedByVentanaAndFilter?pageNumber=1&amp;pageSize=20&amp;sortProp=despecifica&amp;asc=true&amp;filter=%7B%22%40id%22%3A1%2C%22provincias%22%3A%5B%22Val%22%2C%22Ala%22%2C%22Cas%22%5D%2C%22regimenes%22%3A%5B%22PRIV.%22%2C%22PUB.%22%5D%2C%22minNumTicketsAbiertos%22%3Anull%2C%22maxNumTicketsAbiertos%22%3Anull%7D</java.net.URL>
</httpSample>
<sample t="81" lt="0" ts="1339401289725" s="false" lb="HOME" rc="" rm="Number of samples in transaction : 4, number of failing samples : 4" tn="Grupo de Hilos 1-5" dt="" de="" by="4476" sc="1" ec="1" ng="0" na="0" hn="sam">
  <responseHeader class="java.lang.String"></responseHeader>
  <requestHeader class="java.lang.String"></requestHeader>
  <responseData class="java.lang.String"/>
  <responseFile class="java.lang.String"></responseFile>
</sample>
<httpSample t="23" lt="23" ts="1339401289749" s="false" lb="/iceweb/js/flexigrid/css/flexigrid/images/up.png" rc="401" rm="Unauthorized" tn="Grupo de Hilos 1-5" dt="text" de="utf-8" by="1119" sc="1" ec="1" ng="1" na="1" hn="sam">
  <assertionResult>
    <name>Aserción HTML</name>
    <failure>true</failure>
    <error>false</error>
    <failureMessage>Tidy Parser errors:   0 (allowed 0) Tidy Parser warnings: 2 (allowed 0)</failureMessage>
  </assertionResult>
  <assertionResult>
    <name>Aserción HTML</name>
    <failure>true</failure>
    <error>false</error>
    <failureMessage>Tidy Parser errors:   0 (allowed 0) Tidy Parser warnings: 2 (allowed 0)</failureMessage>
  </assertionResult>
  <responseHeader class="java.lang.String">HTTP/1.1 401 Unauthorized
Server: Apache-Coyote/1.1
Set-Cookie: JSESSIONID=2F8CEE110689C74A396C5B3010D89C90; Path=/iceweb
WWW-Authenticate: Basic realm=&quot;Spring Security Application&quot;
Content-Type: text/html;charset=utf-8
Content-Length: 1119
Date: Mon, 11 Jun 2012 07:54:48 GMT
</responseHeader>
  <requestHeader class="java.lang.String">Accept-Language: ca,es;q=0.8,en;q=0.5,fr;q=0.3
Accept-Charset: ISO-8859-1,utf-8;q=0.7,*;q=0.7
Referer: http://localhost:8080/iceweb/js/flexigrid/css/flexigrid/flexigrid.css
Accept-Encoding: gzip, deflate
User-Agent: Mozilla/5.0 (X11; Linux i686 on x86_64; rv:8.0) Gecko/20100101 Firefox/8.0
Accept: image/png,image/*;q=0.8,*/*;q=0.5
</requestHeader>
  <responseData class="java.lang.String">&lt;html&gt;&lt;head&gt;&lt;title&gt;Apache Tomcat/6.0.32 - Error report&lt;/title&gt;&lt;style&gt;&lt;!--H1 {font-family:Tahoma,Arial,sans-serif;color:white;background-color:#525D76;font-size:22px;} H2 {font-family:Tahoma,Arial,sans-serif;color:white;background-color:#525D76;font-size:16px;} H3 {font-family:Tahoma,Arial,sans-serif;color:white;background-color:#525D76;font-size:14px;} BODY {font-family:Tahoma,Arial,sans-serif;color:black;background-color:white;} B {font-family:Tahoma,Arial,sans-serif;color:white;background-color:#525D76;} P {font-family:Tahoma,Arial,sans-serif;background:white;color:black;font-size:12px;}A {color : black;}A.name {color : black;}HR {color : #525D76;}--&gt;&lt;/style&gt; &lt;/head&gt;&lt;body&gt;&lt;h1&gt;HTTP Status 401 - Full authentication is required to access this resource&lt;/h1&gt;&lt;HR size=&quot;1&quot; noshade=&quot;noshade&quot;&gt;&lt;p&gt;&lt;b&gt;type&lt;/b&gt; Status report&lt;/p&gt;&lt;p&gt;&lt;b&gt;message&lt;/b&gt; &lt;u&gt;Full authentication is required to access this resource&lt;/u&gt;&lt;/p&gt;&lt;p&gt;&lt;b&gt;description&lt;/b&gt; &lt;u&gt;This request requires HTTP authentication (Full authentication is required to access this resource).&lt;/u&gt;&lt;/p&gt;&lt;HR size=&quot;1&quot; noshade=&quot;noshade&quot;&gt;&lt;h3&gt;Apache Tomcat/6.0.32&lt;/h3&gt;&lt;/body&gt;&lt;/html&gt;</responseData>
  <responseFile class="java.lang.String"></responseFile>
  <cookies class="java.lang.String"></cookies>
  <method class="java.lang.String">GET</method>
  <queryString class="java.lang.String"></queryString>
  <java.net.URL>http://localhost:8080/iceweb/js/flexigrid/css/flexigrid/images/up.png</java.net.URL>
</httpSample>
<httpSample t="34" lt="34" ts="1339401289789" s="false" lb="/iceweb/restful/Centro/findPagedByVentanaAndFilter" rc="401" rm="Unauthorized" tn="Grupo de Hilos 1-5" dt="text" de="utf-8" by="1119" sc="1" ec="1" ng="1" na="1" hn="sam">
  <responseHeader class="java.lang.String">HTTP/1.1 401 Unauthorized
Server: Apache-Coyote/1.1
Set-Cookie: JSESSIONID=4B3F7FD50977F4F6A395592FABAFDE0E; Path=/iceweb
WWW-Authenticate: Basic realm=&quot;Spring Security Application&quot;
Content-Type: text/html;charset=utf-8
Content-Length: 1119
Date: Mon, 11 Jun 2012 07:54:49 GMT
</responseHeader>
  <requestHeader class="java.lang.String">Accept-Language: ca,es;q=0.8,en;q=0.5,fr;q=0.3
X-Requested-With: XMLHttpRequest
Accept-Charset: ISO-8859-1,utf-8;q=0.7,*;q=0.7
Referer: http://localhost:8080/iceweb/
Accept-Encoding: gzip, deflate
User-Agent: Mozilla/5.0 (X11; Linux i686 on x86_64; rv:8.0) Gecko/20100101 Firefox/8.0
Content-Type: application/json
Accept: application/json, */*
</requestHeader>
  <responseData class="java.lang.String">&lt;html&gt;&lt;head&gt;&lt;title&gt;Apache Tomcat/6.0.32 - Error report&lt;/title&gt;&lt;style&gt;&lt;!--H1 {font-family:Tahoma,Arial,sans-serif;color:white;background-color:#525D76;font-size:22px;} H2 {font-family:Tahoma,Arial,sans-serif;color:white;background-color:#525D76;font-size:16px;} H3 {font-family:Tahoma,Arial,sans-serif;color:white;background-color:#525D76;font-size:14px;} BODY {font-family:Tahoma,Arial,sans-serif;color:black;background-color:white;} B {font-family:Tahoma,Arial,sans-serif;color:white;background-color:#525D76;} P {font-family:Tahoma,Arial,sans-serif;background:white;color:black;font-size:12px;}A {color : black;}A.name {color : black;}HR {color : #525D76;}--&gt;&lt;/style&gt; &lt;/head&gt;&lt;body&gt;&lt;h1&gt;HTTP Status 401 - Full authentication is required to access this resource&lt;/h1&gt;&lt;HR size=&quot;1&quot; noshade=&quot;noshade&quot;&gt;&lt;p&gt;&lt;b&gt;type&lt;/b&gt; Status report&lt;/p&gt;&lt;p&gt;&lt;b&gt;message&lt;/b&gt; &lt;u&gt;Full authentication is required to access this resource&lt;/u&gt;&lt;/p&gt;&lt;p&gt;&lt;b&gt;description&lt;/b&gt; &lt;u&gt;This request requires HTTP authentication (Full authentication is required to access this resource).&lt;/u&gt;&lt;/p&gt;&lt;HR size=&quot;1&quot; noshade=&quot;noshade&quot;&gt;&lt;h3&gt;Apache Tomcat/6.0.32&lt;/h3&gt;&lt;/body&gt;&lt;/html&gt;</responseData>
  <responseFile class="java.lang.String"></responseFile>
  <cookies class="java.lang.String"></cookies>
  <method class="java.lang.String">GET</method>
  <queryString class="java.lang.String"></queryString>
  <java.net.URL>http://localhost:8080/iceweb/restful/Centro/findPagedByVentanaAndFilter?pageNumber=1&amp;pageSize=20&amp;sortProp=despecifica&amp;asc=false&amp;filter=%7B%22%40id%22%3A1%2C%22provincias%22%3A%5B%22Val%22%2C%22Ala%22%2C%22Cas%22%5D%2C%22regimenes%22%3A%5B%22PRIV.%22%2C%22PUB.%22%5D%2C%22minNumTicketsAbiertos%22%3Anull%2C%22maxNumTicketsAbiertos%22%3Anull%7D&amp;cuadricula=%7B%22%40id%22%3A1%2C%22infIzq%22%3A%7B%22%40id%22%3A2%2C%22lon%22%3A-1.3712280273438%2C%22lat%22%3A37.68305078125%7D%2C%22supDer%22%3A%7B%22%40id%22%3A3%2C%22lon%22%3A0.27122802734375%2C%22lat%22%3A40.97894921875%7D%2C%22resLon%22%3A19%2C%22resLat%22%3A40%7D</java.net.URL>
</httpSample>
<sample t="65" lt="0" ts="1339401289790" s="false" lb="SORT" rc="" rm="Number of samples in transaction : 2, number of failing samples : 2" tn="Grupo de Hilos 1-5" dt="" de="" by="2238" sc="1" ec="1" ng="0" na="0" hn="sam">
  <responseHeader class="java.lang.String"></responseHeader>
  <requestHeader class="java.lang.String"></requestHeader>
  <responseData class="java.lang.String"/>
  <responseFile class="java.lang.String"></responseFile>
</sample>
<httpSample t="16" lt="16" ts="1339401289807" s="false" lb="/iceweb/" rc="401" rm="Unauthorized" tn="Grupo de Hilos 1-5" dt="text" de="utf-8" by="1119" sc="1" ec="1" ng="1" na="1" hn="sam">
  <responseHeader class="java.lang.String">HTTP/1.1 401 Unauthorized
Server: Apache-Coyote/1.1
Set-Cookie: JSESSIONID=B1192E20FC94AB2728665E8C00AA81AB; Path=/iceweb
WWW-Authenticate: Basic realm=&quot;Spring Security Application&quot;
Content-Type: text/html;charset=utf-8
Content-Length: 1119
Date: Mon, 11 Jun 2012 07:54:49 GMT
</responseHeader>
  <requestHeader class="java.lang.String">Accept-Language: ca,es;q=0.8,en;q=0.5,fr;q=0.3
Accept-Charset: ISO-8859-1,utf-8;q=0.7,*;q=0.7
Accept-Encoding: gzip, deflate
User-Agent: Mozilla/5.0 (X11; Linux i686 on x86_64; rv:8.0) Gecko/20100101 Firefox/8.0
Accept: text/html,application/xhtml+xml,application/xml;q=0.9,*/*;q=0.8
</requestHeader>
  <responseData class="java.lang.String">&lt;html&gt;&lt;head&gt;&lt;title&gt;Apache Tomcat/6.0.32 - Error report&lt;/title&gt;&lt;style&gt;&lt;!--H1 {font-family:Tahoma,Arial,sans-serif;color:white;background-color:#525D76;font-size:22px;} H2 {font-family:Tahoma,Arial,sans-serif;color:white;background-color:#525D76;font-size:16px;} H3 {font-family:Tahoma,Arial,sans-serif;color:white;background-color:#525D76;font-size:14px;} BODY {font-family:Tahoma,Arial,sans-serif;color:black;background-color:white;} B {font-family:Tahoma,Arial,sans-serif;color:white;background-color:#525D76;} P {font-family:Tahoma,Arial,sans-serif;background:white;color:black;font-size:12px;}A {color : black;}A.name {color : black;}HR {color : #525D76;}--&gt;&lt;/style&gt; &lt;/head&gt;&lt;body&gt;&lt;h1&gt;HTTP Status 401 - Full authentication is required to access this resource&lt;/h1&gt;&lt;HR size=&quot;1&quot; noshade=&quot;noshade&quot;&gt;&lt;p&gt;&lt;b&gt;type&lt;/b&gt; Status report&lt;/p&gt;&lt;p&gt;&lt;b&gt;message&lt;/b&gt; &lt;u&gt;Full authentication is required to access this resource&lt;/u&gt;&lt;/p&gt;&lt;p&gt;&lt;b&gt;description&lt;/b&gt; &lt;u&gt;This request requires HTTP authentication (Full authentication is required to access this resource).&lt;/u&gt;&lt;/p&gt;&lt;HR size=&quot;1&quot; noshade=&quot;noshade&quot;&gt;&lt;h3&gt;Apache Tomcat/6.0.32&lt;/h3&gt;&lt;/body&gt;&lt;/html&gt;</responseData>
  <responseFile class="java.lang.String"></responseFile>
  <cookies class="java.lang.String"></cookies>
  <method class="java.lang.String">GET</method>
  <queryString class="java.lang.String"></queryString>
  <java.net.URL>http://localhost:8080/iceweb/</java.net.URL>
</httpSample>
<httpSample t="8" lt="8" ts="1339401289816" s="false" lb="/iceweb/styles/img/south-mini.png" rc="401" rm="Unauthorized" tn="Grupo de Hilos 1-5" dt="text" de="utf-8" by="1119" sc="1" ec="1" ng="1" na="1" hn="sam">
  <responseHeader class="java.lang.String">HTTP/1.1 401 Unauthorized
Server: Apache-Coyote/1.1
Set-Cookie: JSESSIONID=ECF77C194818445B4D967E9887622945; Path=/iceweb
WWW-Authenticate: Basic realm=&quot;Spring Security Application&quot;
Content-Type: text/html;charset=utf-8
Content-Length: 1119
Date: Mon, 11 Jun 2012 07:54:49 GMT
</responseHeader>
  <requestHeader class="java.lang.String">Accept-Language: ca,es;q=0.8,en;q=0.5,fr;q=0.3
Accept-Charset: ISO-8859-1,utf-8;q=0.7,*;q=0.7
Referer: http://localhost:8080/iceweb/styles/style.css
Accept-Encoding: gzip, deflate
User-Agent: Mozilla/5.0 (X11; Linux i686 on x86_64; rv:8.0) Gecko/20100101 Firefox/8.0
Accept: image/png,image/*;q=0.8,*/*;q=0.5
</requestHeader>
  <responseData class="java.lang.String">&lt;html&gt;&lt;head&gt;&lt;title&gt;Apache Tomcat/6.0.32 - Error report&lt;/title&gt;&lt;style&gt;&lt;!--H1 {font-family:Tahoma,Arial,sans-serif;color:white;background-color:#525D76;font-size:22px;} H2 {font-family:Tahoma,Arial,sans-serif;color:white;background-color:#525D76;font-size:16px;} H3 {font-family:Tahoma,Arial,sans-serif;color:white;background-color:#525D76;font-size:14px;} BODY {font-family:Tahoma,Arial,sans-serif;color:black;background-color:white;} B {font-family:Tahoma,Arial,sans-serif;color:white;background-color:#525D76;} P {font-family:Tahoma,Arial,sans-serif;background:white;color:black;font-size:12px;}A {color : black;}A.name {color : black;}HR {color : #525D76;}--&gt;&lt;/style&gt; &lt;/head&gt;&lt;body&gt;&lt;h1&gt;HTTP Status 401 - Full authentication is required to access this resource&lt;/h1&gt;&lt;HR size=&quot;1&quot; noshade=&quot;noshade&quot;&gt;&lt;p&gt;&lt;b&gt;type&lt;/b&gt; Status report&lt;/p&gt;&lt;p&gt;&lt;b&gt;message&lt;/b&gt; &lt;u&gt;Full authentication is required to access this resource&lt;/u&gt;&lt;/p&gt;&lt;p&gt;&lt;b&gt;description&lt;/b&gt; &lt;u&gt;This request requires HTTP authentication (Full authentication is required to access this resource).&lt;/u&gt;&lt;/p&gt;&lt;HR size=&quot;1&quot; noshade=&quot;noshade&quot;&gt;&lt;h3&gt;Apache Tomcat/6.0.32&lt;/h3&gt;&lt;/body&gt;&lt;/html&gt;</responseData>
  <responseFile class="java.lang.String"></responseFile>
  <cookies class="java.lang.String"></cookies>
  <method class="java.lang.String">GET</method>
  <queryString class="java.lang.String"></queryString>
  <java.net.URL>http://localhost:8080/iceweb/styles/img/south-mini.png</java.net.URL>
</httpSample>
<httpSample t="26" lt="26" ts="1339401289843" s="false" lb="/iceweb/restful/Centro/findMarcasCuadriculaByFilter" rc="401" rm="Unauthorized" tn="Grupo de Hilos 1-5" dt="text" de="utf-8" by="1119" sc="1" ec="1" ng="1" na="1" hn="sam">
  <responseHeader class="java.lang.String">HTTP/1.1 401 Unauthorized
Server: Apache-Coyote/1.1
Set-Cookie: JSESSIONID=4A05C3054F6BAD3D35A216AEE4AEFD32; Path=/iceweb
WWW-Authenticate: Basic realm=&quot;Spring Security Application&quot;
Content-Type: text/html;charset=utf-8
Content-Length: 1119
Date: Mon, 11 Jun 2012 07:54:49 GMT
</responseHeader>
  <requestHeader class="java.lang.String">Accept-Language: ca,es;q=0.8,en;q=0.5,fr;q=0.3
X-Requested-With: XMLHttpRequest
Accept-Charset: ISO-8859-1,utf-8;q=0.7,*;q=0.7
Referer: http://localhost:8080/iceweb/
Accept-Encoding: gzip, deflate
User-Agent: Mozilla/5.0 (X11; Linux i686 on x86_64; rv:8.0) Gecko/20100101 Firefox/8.0
Content-Type: application/json
Accept: application/json, */*
</requestHeader>
  <responseData class="java.lang.String">&lt;html&gt;&lt;head&gt;&lt;title&gt;Apache Tomcat/6.0.32 - Error report&lt;/title&gt;&lt;style&gt;&lt;!--H1 {font-family:Tahoma,Arial,sans-serif;color:white;background-color:#525D76;font-size:22px;} H2 {font-family:Tahoma,Arial,sans-serif;color:white;background-color:#525D76;font-size:16px;} H3 {font-family:Tahoma,Arial,sans-serif;color:white;background-color:#525D76;font-size:14px;} BODY {font-family:Tahoma,Arial,sans-serif;color:black;background-color:white;} B {font-family:Tahoma,Arial,sans-serif;color:white;background-color:#525D76;} P {font-family:Tahoma,Arial,sans-serif;background:white;color:black;font-size:12px;}A {color : black;}A.name {color : black;}HR {color : #525D76;}--&gt;&lt;/style&gt; &lt;/head&gt;&lt;body&gt;&lt;h1&gt;HTTP Status 401 - Full authentication is required to access this resource&lt;/h1&gt;&lt;HR size=&quot;1&quot; noshade=&quot;noshade&quot;&gt;&lt;p&gt;&lt;b&gt;type&lt;/b&gt; Status report&lt;/p&gt;&lt;p&gt;&lt;b&gt;message&lt;/b&gt; &lt;u&gt;Full authentication is required to access this resource&lt;/u&gt;&lt;/p&gt;&lt;p&gt;&lt;b&gt;description&lt;/b&gt; &lt;u&gt;This request requires HTTP authentication (Full authentication is required to access this resource).&lt;/u&gt;&lt;/p&gt;&lt;HR size=&quot;1&quot; noshade=&quot;noshade&quot;&gt;&lt;h3&gt;Apache Tomcat/6.0.32&lt;/h3&gt;&lt;/body&gt;&lt;/html&gt;</responseData>
  <responseFile class="java.lang.String"></responseFile>
  <cookies class="java.lang.String"></cookies>
  <method class="java.lang.String">GET</method>
  <queryString class="java.lang.String"></queryString>
  <java.net.URL>http://localhost:8080/iceweb/restful/Centro/findMarcasCuadriculaByFilter?filter=%7B%22%40id%22%3A1%2C%22provincias%22%3A%5B%22Val%22%2C%22Ala%22%2C%22Cas%22%5D%2C%22regimenes%22%3A%5B%22PRIV.%22%2C%22PUB.%22%5D%2C%22minNumTicketsAbiertos%22%3Anull%2C%22maxNumTicketsAbiertos%22%3Anull%7D&amp;cuadricula=%7B%22%40id%22%3A1%2C%22infIzq%22%3A%7B%22%40id%22%3A2%2C%22lon%22%3A-1.3712280273438%2C%22lat%22%3A37.68305078125%7D%2C%22supDer%22%3A%7B%22%40id%22%3A3%2C%22lon%22%3A0.27122802734375%2C%22lat%22%3A40.97894921875%7D%2C%22resLon%22%3A19%2C%22resLat%22%3A40%7D</java.net.URL>
</httpSample>
<httpSample t="22" lt="22" ts="1339401289867" s="false" lb="/iceweb/restful/Centro/findPagedByVentanaAndFilter" rc="401" rm="Unauthorized" tn="Grupo de Hilos 1-5" dt="text" de="utf-8" by="1119" sc="1" ec="1" ng="1" na="1" hn="sam">
  <responseHeader class="java.lang.String">HTTP/1.1 401 Unauthorized
Server: Apache-Coyote/1.1
Set-Cookie: JSESSIONID=A6BC2651343002880933D0FA32D54CA9; Path=/iceweb
WWW-Authenticate: Basic realm=&quot;Spring Security Application&quot;
Content-Type: text/html;charset=utf-8
Content-Length: 1119
Date: Mon, 11 Jun 2012 07:54:49 GMT
</responseHeader>
  <requestHeader class="java.lang.String">Accept-Language: ca,es;q=0.8,en;q=0.5,fr;q=0.3
X-Requested-With: XMLHttpRequest
Accept-Charset: ISO-8859-1,utf-8;q=0.7,*;q=0.7
Referer: http://localhost:8080/iceweb/
Accept-Encoding: gzip, deflate
User-Agent: Mozilla/5.0 (X11; Linux i686 on x86_64; rv:8.0) Gecko/20100101 Firefox/8.0
Content-Type: application/json
Accept: application/json, */*
</requestHeader>
  <responseData class="java.lang.String">&lt;html&gt;&lt;head&gt;&lt;title&gt;Apache Tomcat/6.0.32 - Error report&lt;/title&gt;&lt;style&gt;&lt;!--H1 {font-family:Tahoma,Arial,sans-serif;color:white;background-color:#525D76;font-size:22px;} H2 {font-family:Tahoma,Arial,sans-serif;color:white;background-color:#525D76;font-size:16px;} H3 {font-family:Tahoma,Arial,sans-serif;color:white;background-color:#525D76;font-size:14px;} BODY {font-family:Tahoma,Arial,sans-serif;color:black;background-color:white;} B {font-family:Tahoma,Arial,sans-serif;color:white;background-color:#525D76;} P {font-family:Tahoma,Arial,sans-serif;background:white;color:black;font-size:12px;}A {color : black;}A.name {color : black;}HR {color : #525D76;}--&gt;&lt;/style&gt; &lt;/head&gt;&lt;body&gt;&lt;h1&gt;HTTP Status 401 - Full authentication is required to access this resource&lt;/h1&gt;&lt;HR size=&quot;1&quot; noshade=&quot;noshade&quot;&gt;&lt;p&gt;&lt;b&gt;type&lt;/b&gt; Status report&lt;/p&gt;&lt;p&gt;&lt;b&gt;message&lt;/b&gt; &lt;u&gt;Full authentication is required to access this resource&lt;/u&gt;&lt;/p&gt;&lt;p&gt;&lt;b&gt;description&lt;/b&gt; &lt;u&gt;This request requires HTTP authentication (Full authentication is required to access this resource).&lt;/u&gt;&lt;/p&gt;&lt;HR size=&quot;1&quot; noshade=&quot;noshade&quot;&gt;&lt;h3&gt;Apache Tomcat/6.0.32&lt;/h3&gt;&lt;/body&gt;&lt;/html&gt;</responseData>
  <responseFile class="java.lang.String"></responseFile>
  <cookies class="java.lang.String"></cookies>
  <method class="java.lang.String">GET</method>
  <queryString class="java.lang.String"></queryString>
  <java.net.URL>http://localhost:8080/iceweb/restful/Centro/findPagedByVentanaAndFilter?pageNumber=1&amp;pageSize=20&amp;sortProp=despecifica&amp;asc=true&amp;filter=%7B%22%40id%22%3A1%2C%22provincias%22%3A%5B%22Val%22%2C%22Ala%22%2C%22Cas%22%5D%2C%22regimenes%22%3A%5B%22PRIV.%22%2C%22PUB.%22%5D%2C%22minNumTicketsAbiertos%22%3Anull%2C%22maxNumTicketsAbiertos%22%3Anull%7D</java.net.URL>
</httpSample>
<sample t="77" lt="0" ts="1339401289868" s="false" lb="HOME" rc="" rm="Number of samples in transaction : 4, number of failing samples : 4" tn="Grupo de Hilos 1-5" dt="" de="" by="4476" sc="1" ec="1" ng="0" na="0" hn="sam">
  <responseHeader class="java.lang.String"></responseHeader>
  <requestHeader class="java.lang.String"></requestHeader>
  <responseData class="java.lang.String"/>
  <responseFile class="java.lang.String"></responseFile>
</sample>
<httpSample t="15" lt="15" ts="1339401289884" s="false" lb="/iceweb/js/flexigrid/css/flexigrid/images/up.png" rc="401" rm="Unauthorized" tn="Grupo de Hilos 1-5" dt="text" de="utf-8" by="1119" sc="1" ec="1" ng="1" na="1" hn="sam">
  <assertionResult>
    <name>Aserción HTML</name>
    <failure>true</failure>
    <error>false</error>
    <failureMessage>Tidy Parser errors:   0 (allowed 0) Tidy Parser warnings: 2 (allowed 0)</failureMessage>
  </assertionResult>
  <assertionResult>
    <name>Aserción HTML</name>
    <failure>true</failure>
    <error>false</error>
    <failureMessage>Tidy Parser errors:   0 (allowed 0) Tidy Parser warnings: 2 (allowed 0)</failureMessage>
  </assertionResult>
  <responseHeader class="java.lang.String">HTTP/1.1 401 Unauthorized
Server: Apache-Coyote/1.1
Set-Cookie: JSESSIONID=6C7ECAF55D0D44D226DC7FD9964A4B05; Path=/iceweb
WWW-Authenticate: Basic realm=&quot;Spring Security Application&quot;
Content-Type: text/html;charset=utf-8
Content-Length: 1119
Date: Mon, 11 Jun 2012 07:54:49 GMT
</responseHeader>
  <requestHeader class="java.lang.String">Accept-Language: ca,es;q=0.8,en;q=0.5,fr;q=0.3
Accept-Charset: ISO-8859-1,utf-8;q=0.7,*;q=0.7
Referer: http://localhost:8080/iceweb/js/flexigrid/css/flexigrid/flexigrid.css
Accept-Encoding: gzip, deflate
User-Agent: Mozilla/5.0 (X11; Linux i686 on x86_64; rv:8.0) Gecko/20100101 Firefox/8.0
Accept: image/png,image/*;q=0.8,*/*;q=0.5
</requestHeader>
  <responseData class="java.lang.String">&lt;html&gt;&lt;head&gt;&lt;title&gt;Apache Tomcat/6.0.32 - Error report&lt;/title&gt;&lt;style&gt;&lt;!--H1 {font-family:Tahoma,Arial,sans-serif;color:white;background-color:#525D76;font-size:22px;} H2 {font-family:Tahoma,Arial,sans-serif;color:white;background-color:#525D76;font-size:16px;} H3 {font-family:Tahoma,Arial,sans-serif;color:white;background-color:#525D76;font-size:14px;} BODY {font-family:Tahoma,Arial,sans-serif;color:black;background-color:white;} B {font-family:Tahoma,Arial,sans-serif;color:white;background-color:#525D76;} P {font-family:Tahoma,Arial,sans-serif;background:white;color:black;font-size:12px;}A {color : black;}A.name {color : black;}HR {color : #525D76;}--&gt;&lt;/style&gt; &lt;/head&gt;&lt;body&gt;&lt;h1&gt;HTTP Status 401 - Full authentication is required to access this resource&lt;/h1&gt;&lt;HR size=&quot;1&quot; noshade=&quot;noshade&quot;&gt;&lt;p&gt;&lt;b&gt;type&lt;/b&gt; Status report&lt;/p&gt;&lt;p&gt;&lt;b&gt;message&lt;/b&gt; &lt;u&gt;Full authentication is required to access this resource&lt;/u&gt;&lt;/p&gt;&lt;p&gt;&lt;b&gt;description&lt;/b&gt; &lt;u&gt;This request requires HTTP authentication (Full authentication is required to access this resource).&lt;/u&gt;&lt;/p&gt;&lt;HR size=&quot;1&quot; noshade=&quot;noshade&quot;&gt;&lt;h3&gt;Apache Tomcat/6.0.32&lt;/h3&gt;&lt;/body&gt;&lt;/html&gt;</responseData>
  <responseFile class="java.lang.String"></responseFile>
  <cookies class="java.lang.String"></cookies>
  <method class="java.lang.String">GET</method>
  <queryString class="java.lang.String"></queryString>
  <java.net.URL>http://localhost:8080/iceweb/js/flexigrid/css/flexigrid/images/up.png</java.net.URL>
</httpSample>
<httpSample t="13" lt="13" ts="1339401289905" s="false" lb="/iceweb/restful/Centro/findPagedByVentanaAndFilter" rc="401" rm="Unauthorized" tn="Grupo de Hilos 1-5" dt="text" de="utf-8" by="1119" sc="1" ec="1" ng="1" na="1" hn="sam">
  <responseHeader class="java.lang.String">HTTP/1.1 401 Unauthorized
Server: Apache-Coyote/1.1
Set-Cookie: JSESSIONID=BE2F2154755820A0D3E0F56A4AEDC43E; Path=/iceweb
WWW-Authenticate: Basic realm=&quot;Spring Security Application&quot;
Content-Type: text/html;charset=utf-8
Content-Length: 1119
Date: Mon, 11 Jun 2012 07:54:49 GMT
</responseHeader>
  <requestHeader class="java.lang.String">Accept-Language: ca,es;q=0.8,en;q=0.5,fr;q=0.3
X-Requested-With: XMLHttpRequest
Accept-Charset: ISO-8859-1,utf-8;q=0.7,*;q=0.7
Referer: http://localhost:8080/iceweb/
Accept-Encoding: gzip, deflate
User-Agent: Mozilla/5.0 (X11; Linux i686 on x86_64; rv:8.0) Gecko/20100101 Firefox/8.0
Content-Type: application/json
Accept: application/json, */*
</requestHeader>
  <responseData class="java.lang.String">&lt;html&gt;&lt;head&gt;&lt;title&gt;Apache Tomcat/6.0.32 - Error report&lt;/title&gt;&lt;style&gt;&lt;!--H1 {font-family:Tahoma,Arial,sans-serif;color:white;background-color:#525D76;font-size:22px;} H2 {font-family:Tahoma,Arial,sans-serif;color:white;background-color:#525D76;font-size:16px;} H3 {font-family:Tahoma,Arial,sans-serif;color:white;background-color:#525D76;font-size:14px;} BODY {font-family:Tahoma,Arial,sans-serif;color:black;background-color:white;} B {font-family:Tahoma,Arial,sans-serif;color:white;background-color:#525D76;} P {font-family:Tahoma,Arial,sans-serif;background:white;color:black;font-size:12px;}A {color : black;}A.name {color : black;}HR {color : #525D76;}--&gt;&lt;/style&gt; &lt;/head&gt;&lt;body&gt;&lt;h1&gt;HTTP Status 401 - Full authentication is required to access this resource&lt;/h1&gt;&lt;HR size=&quot;1&quot; noshade=&quot;noshade&quot;&gt;&lt;p&gt;&lt;b&gt;type&lt;/b&gt; Status report&lt;/p&gt;&lt;p&gt;&lt;b&gt;message&lt;/b&gt; &lt;u&gt;Full authentication is required to access this resource&lt;/u&gt;&lt;/p&gt;&lt;p&gt;&lt;b&gt;description&lt;/b&gt; &lt;u&gt;This request requires HTTP authentication (Full authentication is required to access this resource).&lt;/u&gt;&lt;/p&gt;&lt;HR size=&quot;1&quot; noshade=&quot;noshade&quot;&gt;&lt;h3&gt;Apache Tomcat/6.0.32&lt;/h3&gt;&lt;/body&gt;&lt;/html&gt;</responseData>
  <responseFile class="java.lang.String"></responseFile>
  <cookies class="java.lang.String"></cookies>
  <method class="java.lang.String">GET</method>
  <queryString class="java.lang.String"></queryString>
  <java.net.URL>http://localhost:8080/iceweb/restful/Centro/findPagedByVentanaAndFilter?pageNumber=1&amp;pageSize=20&amp;sortProp=despecifica&amp;asc=false&amp;filter=%7B%22%40id%22%3A1%2C%22provincias%22%3A%5B%22Val%22%2C%22Ala%22%2C%22Cas%22%5D%2C%22regimenes%22%3A%5B%22PRIV.%22%2C%22PUB.%22%5D%2C%22minNumTicketsAbiertos%22%3Anull%2C%22maxNumTicketsAbiertos%22%3Anull%7D&amp;cuadricula=%7B%22%40id%22%3A1%2C%22infIzq%22%3A%7B%22%40id%22%3A2%2C%22lon%22%3A-1.3712280273438%2C%22lat%22%3A37.68305078125%7D%2C%22supDer%22%3A%7B%22%40id%22%3A3%2C%22lon%22%3A0.27122802734375%2C%22lat%22%3A40.97894921875%7D%2C%22resLon%22%3A19%2C%22resLat%22%3A40%7D</java.net.URL>
</httpSample>
<sample t="38" lt="0" ts="1339401289906" s="false" lb="SORT" rc="" rm="Number of samples in transaction : 2, number of failing samples : 2" tn="Grupo de Hilos 1-5" dt="" de="" by="2238" sc="1" ec="1" ng="0" na="0" hn="sam">
  <responseHeader class="java.lang.String"></responseHeader>
  <requestHeader class="java.lang.String"></requestHeader>
  <responseData class="java.lang.String"/>
  <responseFile class="java.lang.String"></responseFile>
</sample>

</testResults>
