<?xml version="1.0" encoding="UTF-8"?>
<testResults version="1.2">sge
<httpSample t="9094" lt="0" ts="1298631745199" s="true" lb="/gepa/ConexionAction.do" rc="200" by="5388">
  <responseHeader class="java.lang.String">HTTP/1.0 200 OK
Date: Fri, 25 Feb 2011 11:02:34 GMT
Server: Oracle-Application-Server-10g/10.1.2.2.0 Oracle-HTTP-Server
Content-Length: 5388
Set-Cookie: JSESSIONID=8d461b7b633890c3f59be3e580750b105af9212a0c2281099645024c83866b8b.e3eSbhiLaNyPe3yNbNyQc3qSai1BqBjKpPXxqAa; path=/login
Content-Type: text/html; charset=ISO-8859-1
</responseHeader>
  <requestHeader class="java.lang.String">Accept-Language: es
Accept: */*
User-Agent: Mozilla/4.0 (compatible; MSIE 7.0; Windows NT 6.1; Trident/4.0; SLCC2; .NET CLR 2.0.50727; .NET CLR 3.5.30729; .NET CLR 3.0.30729; Media Center PC 6.0; MDDS; .NET4.0C)
Accept-Encoding: gzip, deflate
</requestHeader>
  <cookies class="java.lang.String"></cookies>
  <method class="java.lang.String">GET</method>
  <queryString class="java.lang.String"></queryString>
  <redirectLocation class="java.lang.String">https://login-pre.sge/pls/orasso/orasso.wwsso_app_admin.ls_login?Site2pstoreToken=v1.4~CEF0A91F~F8D405949162107051D643232B8D3F84E87314080D42B61010AFB40447F4BE20C066A8FA1BE4F5B84A4C7BA3BDB8DB97F75E1649C7799D5514B356F570DCAA71A7FFDE19B33025930C04CDD7AF392D8BA42D29C1A7D5FEBE226B1027AC2D891628AC132BC7A54B3EBFEB40264A843087A6887913BB411EAF407B87AB3431475D8FB61A398E87240F2978458D5DA2E856BB1D844DD112FDE18CCFC46F8CB5327E2BD90FD75FFA1708977609E6D7E2DA50A434A36894EB5150DA0391B8363BA8736B3D10508A8E7C8B394A278609AF3FACE60FB05084195BC3AFE74CD37ED0F599C93F0E5706E90E7EBE7E4C461812DAAB84109A80B77AA66AE16F195F13D97FE713453EFCF50FB138BDF4A28C5D1302605626A8D5719519D304BBD5C7FB00F99FC2076676A7F017BC94785DEFB475541A707CC4EFA5B33D24E5765AF87D73F9721815D6B4FEE8581F1FCE9E2377822C80322133855E7DB010F8508E8B40FCFB3C</redirectLocation>
  <url>https://preproduccion.sge/login/login.jsp?site2pstoretoken=v1.4~CEF0A91F~F8D405949162107051D643232B8D3F84E87314080D42B61010AFB40447F4BE20C066A8FA1BE4F5B84A4C7BA3BDB8DB97F75E1649C7799D5514B356F570DCAA71A7FFDE19B33025930C04CDD7AF392D8BA42D29C1A7D5FEBE226B1027AC2D891628AC132BC7A54B3EBFEB40264A843087A6887913BB411EAF407B87AB3431475D8FB61A398E87240F2978458D5DA2E856BB1D844DD112FDE18CCFC46F8CB5327E2BD90FD75FFA1708977609E6D7E2DA50A434A36894EB5150DA0391B8363BA8736B3D10508A8E7C8B394A278609AF3FACE60FB05084195BC3AFE74CD37ED0F599C93F0E5706E90E7EBE7E4C461812DAAB84109A80B77AA66AE16F195F13D97FE713453EFCF50FB138BDF4A28C5D1302605626A8D5719519D304BBD5C7FB00F99FC2076676A7F017BC94785DEFB475541A707CC4EFA5B33D24E5765AF87D73F9721815D6B4FEE8581F1FCE9E2377822C80322133855E7DB010F8508E8B40FCFB3C&amp;p_error_code=&amp;p_submit_url=https%3A%2F%2Flogin-pre.sge%2Fsso%2Fauth&amp;p_cancel_url=https%3A%2F%2Fpreproduccion.sge&amp;ssousername=&amp;subscribername=</url>
</httpSample>
<httpSample t="204" lt="0" ts="1298631754308" s="true" lb="/gepa/scripts/scriptaculous/scriptaculous.js" rc="200" by="5068">
  <responseHeader class="java.lang.String">HTTP/1.0 200 OK
Date: Fri, 25 Feb 2011 11:02:34 GMT
Server: Oracle-Application-Server-10g/10.1.2.2.0 Oracle-HTTP-Server
Content-Length: 5068
Set-Cookie: JSESSIONID=24a72ee1418be33f93bd77c2b5fd76cddc1c552a400fe6aaf816340bc52ca7d7.e38Ob3aOaheRe34Mb3qSax0Pahz0nR9Pq6XteP93; path=/login
Content-Type: text/html; charset=ISO-8859-1
</responseHeader>
  <requestHeader class="java.lang.String">Accept-Language: es-ES
Accept: */*
User-Agent: Mozilla/4.0 (compatible; MSIE 7.0; Windows NT 6.1; Trident/4.0; SLCC2; .NET CLR 2.0.50727; .NET CLR 3.5.30729; .NET CLR 3.0.30729; Media Center PC 6.0; MDDS; .NET4.0C)
Accept-Encoding: gzip, deflate
Referer: http://picasso:8888/gepa/ConexionAction.do?POSTDATA=variosPerfiles=true&amp;accion=iniciar&amp;codigoEntidad=DYS&amp;codigo=jcnegredo&amp;contrasenya=dysmatica&amp;rolSeleccionado=25
</requestHeader>
  <cookies class="java.lang.String"></cookies>
  <method class="java.lang.String">GET</method>
  <queryString class="java.lang.String"></queryString>
  <redirectLocation class="java.lang.String">https://login-pre.sge/pls/orasso/orasso.wwsso_app_admin.ls_login?Site2pstoreToken=v1.4~CEF0A91F~A10E8F481D22EADFBEF88BD9EBDC91F902637292CFF2657FB9FE8EAE4EA9D8C86371A8F9DF07A691ECEFFBAE00B0515234F95F19D648317C480AE65953C1DD79A76BD8737569DFED94EA15D9A4705853D3E06F833415D84B147934837052CDCFC314F6D8389FEB7186431A566B7D35D6DB1C3CB944877AA5EF78DC8C26870ACC31221D90A804CD9456C7860452492DC1EF662D5F8AF1C91DE9A8A4B2D0BCE48C6DB8B1432E454AC8A91794D3F9EBB1CBFC997B348C44445C60AB6A9D8290188EFABBD93776B30A02EE0A07AE314276944A4915EF70E8DA58A76969C9AF06FBA8D4E36093F561A44FCCC4CA6EDEA797AEFFDA23A4A0FD4D9D8463C2BEF32E647EAACFB87C821B716E08B3D4A08DB5895C</redirectLocation>
  <url>https://preproduccion.sge/login/login.jsp?site2pstoretoken=v1.4~CEF0A91F~A10E8F481D22EADFBEF88BD9EBDC91F902637292CFF2657FB9FE8EAE4EA9D8C86371A8F9DF07A691ECEFFBAE00B0515234F95F19D648317C480AE65953C1DD79A76BD8737569DFED94EA15D9A4705853D3E06F833415D84B147934837052CDCFC314F6D8389FEB7186431A566B7D35D6DB1C3CB944877AA5EF78DC8C26870ACC31221D90A804CD9456C7860452492DC1EF662D5F8AF1C91DE9A8A4B2D0BCE48C6DB8B1432E454AC8A91794D3F9EBB1CBFC997B348C44445C60AB6A9D8290188EFABBD93776B30A02EE0A07AE314276944A4915EF70E8DA58A76969C9AF06FBA8D4E36093F561A44FCCC4CA6EDEA797AEFFDA23A4A0FD4D9D8463C2BEF32E647EAACFB87C821B716E08B3D4A08DB5895C&amp;p_error_code=&amp;p_submit_url=https%3A%2F%2Flogin-pre.sge%2Fsso%2Fauth&amp;p_cancel_url=https%3A%2F%2Fpreproduccion.sge&amp;ssousername=&amp;subscribername=</url>
</httpSample>
<httpSample t="16" lt="16" ts="1298631754512" s="false" lb="/gepa/ConexionAction.do;jsessionid=eb634fe5b58b0bcb96508261e275709f9c8e236e3e15aeb347f0741aac2dda55" rc="500" by="778">
  <responseHeader class="java.lang.String">HTTP/1.0 500 Internal Server Error
Date: Fri, 25 Feb 2011 11:02:34 GMT
Server: Oracle-Application-Server-10g/10.1.2.2.0 Oracle-HTTP-Server
Content-Type: text/html; charset=iso-8859-1
</responseHeader>
  <requestHeader class="java.lang.String">Content-Type: application/x-www-form-urlencoded
Accept-Language: es-ES
Accept: image/jpeg, application/x-ms-application, image/gif, application/xaml+xml, image/pjpeg, application/x-ms-xbap, application/vnd.ms-powerpoint, application/vnd.ms-excel, application/msword, */*
User-Agent: Mozilla/4.0 (compatible; MSIE 7.0; Windows NT 6.1; Trident/4.0; SLCC2; .NET CLR 2.0.50727; .NET CLR 3.5.30729; .NET CLR 3.0.30729; Media Center PC 6.0; MDDS; .NET4.0C)
Accept-Encoding: gzip, deflate
Referer: http://picasso:8888/gepa/ConexionAction.do?POSTDATA=variosPerfiles=true&amp;accion=iniciar&amp;codigoEntidad=DYS&amp;codigo=jcnegredo&amp;contrasenya=dysmatica&amp;rolSeleccionado=25
Pragma: no-cache
</requestHeader>
  <cookies class="java.lang.String"></cookies>
  <method class="java.lang.String">POST</method>
  <queryString class="java.lang.String">variosPerfiles=true&amp;accion=seleccionarPerfil&amp;codigoEntidad=DYS&amp;rolSeleccionado=25</queryString>
  <url>https://preproduccion.sge:443/gepa/ConexionAction.do;jsessionid=eb634fe5b58b0bcb96508261e275709f9c8e236e3e15aeb347f0741aac2dda55</url>
</httpSample>
<httpSample t="203" lt="0" ts="1298631754543" s="true" lb="/gepa/scripts/scriptaculous/scriptaculous.js" rc="200" by="5068">
  <responseHeader class="java.lang.String">HTTP/1.0 200 OK
Date: Fri, 25 Feb 2011 11:02:34 GMT
Server: Oracle-Application-Server-10g/10.1.2.2.0 Oracle-HTTP-Server
Content-Length: 5068
Set-Cookie: JSESSIONID=437e9c6aa38689d331c1b894f3509d77dd348443bd0590795acbd72805c78c4a.e3eSbhiLaNyPe3yNbNyQc3qSai1BqBjKpPXxqAa; path=/login
Content-Type: text/html; charset=ISO-8859-1
</responseHeader>
  <requestHeader class="java.lang.String">Accept-Language: es-ES
Accept: */*
User-Agent: Mozilla/4.0 (compatible; MSIE 7.0; Windows NT 6.1; Trident/4.0; SLCC2; .NET CLR 2.0.50727; .NET CLR 3.5.30729; .NET CLR 3.0.30729; Media Center PC 6.0; MDDS; .NET4.0C)
Accept-Encoding: gzip, deflate
Referer: http://picasso:8888/gepa/ConexionAction.do;jsessionid=eb634fe5b58b0bcb96508261e275709f9c8e236e3e15aeb347f0741aac2dda55
</requestHeader>
  <cookies class="java.lang.String"></cookies>
  <method class="java.lang.String">GET</method>
  <queryString class="java.lang.String"></queryString>
  <redirectLocation class="java.lang.String">https://login-pre.sge/pls/orasso/orasso.wwsso_app_admin.ls_login?Site2pstoreToken=v1.4~CEF0A91F~A10E8F481D22EADFBEF88BD9EBDC91F902637292CFF2657FB9FE8EAE4EA9D8C86371A8F9DF07A691ECEFFBAE00B0515234F95F19D648317C480AE65953C1DD79A76BD8737569DFED94EA15D9A4705853D3E06F833415D84B147934837052CDCFC314F6D8389FEB7186431A566B7D35D6DB1C3CB944877AA5EF78DC8C26870ACC31221D90A804CD9456C7860452492DC1EF662D5F8AF1C91DE9A8A4B2D0BCE48C6DB8B1432E454AC8A91794D3F9EBB1CBFC997B348C44445C60AB6A9D8290188EFABBD93776B30A02EE0A07AE314276944A4915EF70E8DA58A76969C9AF06FBA8D4E36093F561A44FCCC4CA6EDEA797AEFFDA23A4A0FD4D9D8463C2BEF32E647EAACFB87C821B716E08B3D4A08DB5895C</redirectLocation>
  <url>https://preproduccion.sge/login/login.jsp?site2pstoretoken=v1.4~CEF0A91F~A10E8F481D22EADFBEF88BD9EBDC91F902637292CFF2657FB9FE8EAE4EA9D8C86371A8F9DF07A691ECEFFBAE00B0515234F95F19D648317C480AE65953C1DD79A76BD8737569DFED94EA15D9A4705853D3E06F833415D84B147934837052CDCFC314F6D8389FEB7186431A566B7D35D6DB1C3CB944877AA5EF78DC8C26870ACC31221D90A804CD9456C7860452492DC1EF662D5F8AF1C91DE9A8A4B2D0BCE48C6DB8B1432E454AC8A91794D3F9EBB1CBFC997B348C44445C60AB6A9D8290188EFABBD93776B30A02EE0A07AE314276944A4915EF70E8DA58A76969C9AF06FBA8D4E36093F561A44FCCC4CA6EDEA797AEFFDA23A4A0FD4D9D8463C2BEF32E647EAACFB87C821B716E08B3D4A08DB5895C&amp;p_error_code=&amp;p_submit_url=https%3A%2F%2Flogin-pre.sge%2Fsso%2Fauth&amp;p_cancel_url=https%3A%2F%2Fpreproduccion.sge&amp;ssousername=&amp;subscribername=</url>
</httpSample>
<httpSample t="141" lt="141" ts="1298631754746" s="false" lb="/gepa/BusquedaAction.do" rc="500" by="778">
  <responseHeader class="java.lang.String">HTTP/1.0 500 Internal Server Error
Date: Fri, 25 Feb 2011 11:02:34 GMT
Server: Oracle-Application-Server-10g/10.1.2.2.0 Oracle-HTTP-Server
Content-Type: text/html; charset=iso-8859-1
</responseHeader>
  <requestHeader class="java.lang.String">Content-Type: application/x-www-form-urlencoded
Accept-Language: es-ES
Accept: image/jpeg, application/x-ms-application, image/gif, application/xaml+xml, image/pjpeg, application/x-ms-xbap, application/vnd.ms-powerpoint, application/vnd.ms-excel, application/msword, */*
User-Agent: Mozilla/4.0 (compatible; MSIE 7.0; Windows NT 6.1; Trident/4.0; SLCC2; .NET CLR 2.0.50727; .NET CLR 3.5.30729; .NET CLR 3.0.30729; Media Center PC 6.0; MDDS; .NET4.0C)
Accept-Encoding: gzip, deflate
Referer: http://picasso:8888/gepa/ConexionAction.do;jsessionid=eb634fe5b58b0bcb96508261e275709f9c8e236e3e15aeb347f0741aac2dda55
Pragma: no-cache
</requestHeader>
  <cookies class="java.lang.String"></cookies>
  <method class="java.lang.String">POST</method>
  <queryString class="java.lang.String">accion=buscar&amp;modo=rapida&amp;avanzadaDesplegada=false&amp;descElemPesado=&amp;identificacionRapida=&amp;nombreRapida=&amp;apellido1Rapida=&amp;apellido2Rapida=&amp;anyoRapida=&amp;numeroRapida=&amp;desdeRapida=&amp;hastaRapida=&amp;tramiteRapida=-1&amp;estadoRapida=-1&amp;idBusqueda=-1&amp;idClases=26&amp;metaTipo0=STRING&amp;metaTipo1=STRING&amp;metaTipo2=LISTA&amp;metaTipo3=STRING&amp;metaTipo4=LISTA_PESADA&amp;metaTipo5=STRING&amp;metaTipo6=LISTA&amp;metaTipo7=STRING&amp;metaTipo8=STRING&amp;metaTipo9=STRING&amp;metaTipo10=STRING&amp;metaTipo11=STRING&amp;metaTipo12=STRING&amp;metaTipo13=LISTA&amp;metaTipo14=STRING&amp;metaTipo15=TIMESTAMP&amp;metaTipo16=TIMESTAMP&amp;metaTipo17=TIMESTAMP&amp;metaTipo18=LISTA&amp;metaTipo19=LISTA_PESADA&amp;metaTipo20=STRING&amp;metaTipo21=STRING&amp;metaTipo22=STRING&amp;metaTipo23=STRING&amp;metaTipo24=STRING&amp;metaTipo25=LISTA_PESADA&amp;metaTipo26=LISTA&amp;metaTipo27=STRING&amp;metaTipo28=LISTA&amp;metaTipo29=STRING&amp;metaTipo30=STRING&amp;metaTipo31=INTEGER&amp;metaTipo32=STRING&amp;metaTipo33=STRING&amp;metaTipo34=STRING&amp;metaTipo35=LISTA&amp;metaTipo36=LISTA&amp;metaTipo37=LISTA&amp;metaTipo38=STRING&amp;metaTipo39=SEPARADOR&amp;metaTipo40=BOOLEAN&amp;metaTipo41=STRING&amp;metaTipo42=STRING&amp;metaTipo43=STRING&amp;metaTipo44=LISTA&amp;metaTipo45=BOOLEAN&amp;metaTipo46=BOOLEAN&amp;metaTipo47=BOOLEAN&amp;metaTipo48=STRING&amp;metaTipo49=TIMESTAMP&amp;metaTipo50=TIMESTAMP&amp;metaTipo51=TIMESTAMP&amp;metaTipo52=TIMESTAMP&amp;metaTipo53=TIMESTAMP&amp;metaTipo54=TIMESTAMP&amp;metaTipo55=TIMESTAMP&amp;metaTipo56=TIMESTAMP&amp;metaTipo57=TIMESTAMP&amp;metaTipo58=TIMESTAMP&amp;metaTipo59=TIMESTAMP&amp;metaTipo60=TIMESTAMP&amp;metaTipo61=TIMESTAMP&amp;metaTipo62=TIMESTAMP&amp;metaTipo63=TIMESTAMP&amp;metaTipo64=LISTA&amp;metaTipo65=LISTA&amp;metaTipo66=LISTA&amp;metaTipo67=DOUBLE&amp;metaTipo68=DOUBLE&amp;metaTipo69=DOUBLE&amp;metaTipo70=DOUBLE&amp;metaTipo71=DOUBLE&amp;metaTipo72=DOUBLE&amp;metaTipo73=DOUBLE&amp;metaTipo74=BOOLEAN&amp;metaTipo75=LISTA&amp;metaTipo76=STRING&amp;metaTipo77=STRING&amp;metaTipo78=STRING&amp;metaTipo79=STRING&amp;metaTipo80=STRING&amp;metaTipo81=STRING&amp;metaTipo82=STRING&amp;metaTipo83=BOOLEAN&amp;metaTipo84=BOOLEAN&amp;metaTipo85=STRING&amp;metaTipo86=LISTA&amp;metaTipo87=LISTA&amp;metaTipo88=LISTA_PESADA&amp;metaTipo89=LISTA&amp;metaTipo90=LISTA&amp;metaTipo91=STRING&amp;metaTipo92=LISTA&amp;metaTipo93=STRING&amp;metaTipo94=STRING&amp;metaTipo95=LISTA&amp;metaTipo96=LISTA&amp;metaTipo97=LISTA&amp;metaTipo98=BOOLEAN&amp;metaTipo99=LISTA&amp;metaTipo100=BOOLEAN&amp;metaTipo101=LISTA&amp;metaTipo102=LISTA&amp;metaTipo103=BOOLEAN&amp;metaTipo104=BOOLEAN&amp;metaTipo105=LISTA&amp;metaTipo106=LISTA&amp;metaTipo107=LISTA&amp;metaTipo108=LISTA&amp;metaTipo109=LISTA&amp;metaTipo110=STRING&amp;metaTipo111=LISTA&amp;valor=&amp;valorPesado=&amp;lista37=-1&amp;lista36=-1&amp;lista35=-1&amp;lista99=-1&amp;lista109=-1&amp;lista66=-1&amp;lista98=-1&amp;lista108=-1&amp;lista65=-1&amp;lista97=-1&amp;lista107=-1&amp;lista64=-1&amp;lista96=-1&amp;lista106=-1&amp;lista95=-1&amp;lista105=-1&amp;lista104=-1&amp;lista92=-1&amp;lista103=-1&amp;lista102=-1&amp;lista90=-1&amp;lista101=-1&amp;lista100=-1&amp;lista28=-1&amp;lista26=-1&amp;lista89=-1&amp;lista87=-1&amp;lista86=-1&amp;lista6=-1&amp;lista84=-1&amp;lista83=-1&amp;lista2=-1&amp;lista18=-1&amp;lista47=-1&amp;lista46=-1&amp;lista13=-1&amp;lista45=-1&amp;lista44=-1&amp;lista75=-1&amp;lista74=-1&amp;lista40=-1&amp;lista111=-1</queryString>
  <url>https://preproduccion.sge:443/gepa/BusquedaAction.do</url>
</httpSample>
<httpSample t="203" lt="0" ts="1298631754887" s="true" lb="/gepa/scripts/scriptaculous/scriptaculous.js" rc="200" by="5068">
  <responseHeader class="java.lang.String">HTTP/1.0 200 OK
Date: Fri, 25 Feb 2011 11:02:34 GMT
Server: Oracle-Application-Server-10g/10.1.2.2.0 Oracle-HTTP-Server
Content-Length: 5068
Set-Cookie: JSESSIONID=44979f9c3a45ebc1b2168aa90869fc9b515c03d5c0ba8ca305ce41f6ffff8ba0.e3eSbhiLaNyPe3yNbNyQc3qSai1BqBjKpPXxqAa; path=/login
Content-Type: text/html; charset=ISO-8859-1
</responseHeader>
  <requestHeader class="java.lang.String">Accept-Language: es-ES
Accept: */*
User-Agent: Mozilla/4.0 (compatible; MSIE 7.0; Windows NT 6.1; Trident/4.0; SLCC2; .NET CLR 2.0.50727; .NET CLR 3.5.30729; .NET CLR 3.0.30729; Media Center PC 6.0; MDDS; .NET4.0C)
Accept-Encoding: gzip, deflate
Referer: http://picasso:8888/gepa/BusquedaAction.do
</requestHeader>
  <cookies class="java.lang.String"></cookies>
  <method class="java.lang.String">GET</method>
  <queryString class="java.lang.String"></queryString>
  <redirectLocation class="java.lang.String">https://login-pre.sge/pls/orasso/orasso.wwsso_app_admin.ls_login?Site2pstoreToken=v1.4~CEF0A91F~A10E8F481D22EADFBEF88BD9EBDC91F902637292CFF2657FB9FE8EAE4EA9D8C86371A8F9DF07A691ECEFFBAE00B0515234F95F19D648317C480AE65953C1DD79A76BD8737569DFED94EA15D9A4705853D3E06F833415D84B147934837052CDCFC314F6D8389FEB7186431A566B7D35D6DB1C3CB944877AA5EF78DC8C26870ACC31221D90A804CD9456C7860452492DC1EF662D5F8AF1C91DE9A8A4B2D0BCE48C6DB8B1432E454AC8A91794D3F9EBB1CBFC997B348C44445C60AB6A9D8290188EFABBD93776B30A02EE0A07AE314276944A4915EF70E8DA58A76969C9AF06FBA8D4E36093F561A44FCCC4CA6EDEA797AEFFDA23A4A0FD4D9D8463C2BEF32E647EAACFB87C821B716E08B3D4A08DB5895C</redirectLocation>
  <url>https://preproduccion.sge/login/login.jsp?site2pstoretoken=v1.4~CEF0A91F~A10E8F481D22EADFBEF88BD9EBDC91F902637292CFF2657FB9FE8EAE4EA9D8C86371A8F9DF07A691ECEFFBAE00B0515234F95F19D648317C480AE65953C1DD79A76BD8737569DFED94EA15D9A4705853D3E06F833415D84B147934837052CDCFC314F6D8389FEB7186431A566B7D35D6DB1C3CB944877AA5EF78DC8C26870ACC31221D90A804CD9456C7860452492DC1EF662D5F8AF1C91DE9A8A4B2D0BCE48C6DB8B1432E454AC8A91794D3F9EBB1CBFC997B348C44445C60AB6A9D8290188EFABBD93776B30A02EE0A07AE314276944A4915EF70E8DA58A76969C9AF06FBA8D4E36093F561A44FCCC4CA6EDEA797AEFFDA23A4A0FD4D9D8463C2BEF32E647EAACFB87C821B716E08B3D4A08DB5895C&amp;p_error_code=&amp;p_submit_url=https%3A%2F%2Flogin-pre.sge%2Fsso%2Fauth&amp;p_cancel_url=https%3A%2F%2Fpreproduccion.sge&amp;ssousername=&amp;subscribername=</url>
</httpSample>
<httpSample t="203" lt="0" ts="1298631755090" s="true" lb="/gepa/ResultadoBusquedaAction.do" rc="200" by="5004">
  <responseHeader class="java.lang.String">HTTP/1.0 200 OK
Date: Fri, 25 Feb 2011 11:02:35 GMT
Server: Oracle-Application-Server-10g/10.1.2.2.0 Oracle-HTTP-Server
Content-Length: 5004
Set-Cookie: JSESSIONID=ac9d59abd9ddc251b821c0a5bab95b294ac7acfbde8a2723aa7de221bbdb04b5.e38Ob3aOaheRe34Mb3qSax0Pahz0nR9Pq6XteP93; path=/login
Content-Type: text/html; charset=ISO-8859-1
</responseHeader>
  <requestHeader class="java.lang.String">Accept-Language: es-ES
Accept: image/jpeg, application/x-ms-application, image/gif, application/xaml+xml, image/pjpeg, application/x-ms-xbap, application/vnd.ms-powerpoint, application/vnd.ms-excel, application/msword, */*
User-Agent: Mozilla/4.0 (compatible; MSIE 7.0; Windows NT 6.1; Trident/4.0; SLCC2; .NET CLR 2.0.50727; .NET CLR 3.5.30729; .NET CLR 3.0.30729; Media Center PC 6.0; MDDS; .NET4.0C)
Accept-Encoding: gzip, deflate
Referer: http://picasso:8888/gepa/BusquedaAction.do
</requestHeader>
  <cookies class="java.lang.String"></cookies>
  <method class="java.lang.String">GET</method>
  <queryString class="java.lang.String"></queryString>
  <redirectLocation class="java.lang.String">https://login-pre.sge/pls/orasso/orasso.wwsso_app_admin.ls_login?Site2pstoreToken=v1.4~CEF0A91F~169CD7F35E5B75CCBB96EE2174D630DCFE79DBD3DE86241E5F9B4623BEF2A5B33641C8AF44F17B0FAAEF1968506E48E47DC84893D89806E0F193F15BB982A881389F55254CBFF88619AE0DAAB4A495B7B542B6267064C7427149226F9C2B2DC936C0BE0FA24FEA69857E9C3AB9868BCFE8421994914C717ADCDF042AB47264013D3D78D4F6554141CE801415F1F376DD4F434626FC0F8A45F73E685161C3601FAF817C200C9071EA08E122991234F5BA30A946E883EA7546F390D065E9A373AE1E27BE5469224AB8B581D557E9B74E3233489C36167E0350CE9D68B0802BBB35347AC0574692EC1477913A463A30F78D262B6BBF0DC0341C2D9758474501A8F4</redirectLocation>
  <url>https://preproduccion.sge/login/login.jsp?site2pstoretoken=v1.4~CEF0A91F~169CD7F35E5B75CCBB96EE2174D630DCFE79DBD3DE86241E5F9B4623BEF2A5B33641C8AF44F17B0FAAEF1968506E48E47DC84893D89806E0F193F15BB982A881389F55254CBFF88619AE0DAAB4A495B7B542B6267064C7427149226F9C2B2DC936C0BE0FA24FEA69857E9C3AB9868BCFE8421994914C717ADCDF042AB47264013D3D78D4F6554141CE801415F1F376DD4F434626FC0F8A45F73E685161C3601FAF817C200C9071EA08E122991234F5BA30A946E883EA7546F390D065E9A373AE1E27BE5469224AB8B581D557E9B74E3233489C36167E0350CE9D68B0802BBB35347AC0574692EC1477913A463A30F78D262B6BBF0DC0341C2D9758474501A8F4&amp;p_error_code=&amp;p_submit_url=https%3A%2F%2Flogin-pre.sge%2Fsso%2Fauth&amp;p_cancel_url=https%3A%2F%2Fpreproduccion.sge&amp;ssousername=&amp;subscribername=</url>
</httpSample>
<httpSample t="188" lt="0" ts="1298631755293" s="true" lb="/gepa/scripts/scriptaculous/scriptaculous.js" rc="200" by="5100">
  <responseHeader class="java.lang.String">HTTP/1.0 200 OK
Date: Fri, 25 Feb 2011 11:02:35 GMT
Server: Oracle-Application-Server-10g/10.1.2.2.0 Oracle-HTTP-Server
Content-Length: 5100
Set-Cookie: JSESSIONID=80885e569157290ee021f4ceaf79e9da3c2be122aa76599b313954be219a0ee4.e3eSbhiLaNyPe3yNbNyQc3qSai1BqBjKpPXxqAa; path=/login
Content-Type: text/html; charset=ISO-8859-1
</responseHeader>
  <requestHeader class="java.lang.String">Accept-Language: es-ES
Accept: */*
User-Agent: Mozilla/4.0 (compatible; MSIE 7.0; Windows NT 6.1; Trident/4.0; SLCC2; .NET CLR 2.0.50727; .NET CLR 3.5.30729; .NET CLR 3.0.30729; Media Center PC 6.0; MDDS; .NET4.0C)
Accept-Encoding: gzip, deflate
Referer: http://picasso:8888/gepa/ResultadoBusquedaAction.do?accion=gestionExp&amp;indice=0
</requestHeader>
  <cookies class="java.lang.String"></cookies>
  <method class="java.lang.String">GET</method>
  <queryString class="java.lang.String"></queryString>
  <redirectLocation class="java.lang.String">https://login-pre.sge/pls/orasso/orasso.wwsso_app_admin.ls_login?Site2pstoreToken=v1.4~CEF0A91F~169CD7F35E5B75CCBB96EE2174D630DCFE79DBD3DE86241E5F9B4623BEF2A5B33641C8AF44F17B0FAAEF1968506E48E47DC84893D89806E0F193F15BB982A881389F55254CBFF88619AE0DAAB4A495B7B542B6267064C7427149226F9C2B2DC9E23878C6EDF77AE2C7D108D36B030A03545EA77652227C1DB28CD8D9A5B04DECC4D5D89672FD7B72F3ABC180CC20397AD5FB6E1C38909A551B21A6E3DB41921F33C51F77F5E396A98645A9E98C27655A6F0611ABA1346DAF49F5DB1545DD4B1C96E8CFFC30609DD54BD3F85BD6E7362F3AEBAA602DF9C1C9ED58F94F003178723016A17E345041804A15BE3092C895A1ABD6AB9AF03BB7783449859E302F46461F337D888F45A833C88B879EAD2F7BDC2DB31560FBB6E670</redirectLocation>
  <url>https://preproduccion.sge/login/login.jsp?site2pstoretoken=v1.4~CEF0A91F~169CD7F35E5B75CCBB96EE2174D630DCFE79DBD3DE86241E5F9B4623BEF2A5B33641C8AF44F17B0FAAEF1968506E48E47DC84893D89806E0F193F15BB982A881389F55254CBFF88619AE0DAAB4A495B7B542B6267064C7427149226F9C2B2DC9E23878C6EDF77AE2C7D108D36B030A03545EA77652227C1DB28CD8D9A5B04DECC4D5D89672FD7B72F3ABC180CC20397AD5FB6E1C38909A551B21A6E3DB41921F33C51F77F5E396A98645A9E98C27655A6F0611ABA1346DAF49F5DB1545DD4B1C96E8CFFC30609DD54BD3F85BD6E7362F3AEBAA602DF9C1C9ED58F94F003178723016A17E345041804A15BE3092C895A1ABD6AB9AF03BB7783449859E302F46461F337D888F45A833C88B879EAD2F7BDC2DB31560FBB6E670&amp;p_error_code=&amp;p_submit_url=https%3A%2F%2Flogin-pre.sge%2Fsso%2Fauth&amp;p_cancel_url=https%3A%2F%2Fpreproduccion.sge&amp;ssousername=&amp;subscribername=</url>
</httpSample>
<httpSample t="203" lt="0" ts="1298631755481" s="true" lb="/gepa/ConexionAction.do" rc="200" by="5420">
  <responseHeader class="java.lang.String">HTTP/1.0 200 OK
Date: Fri, 25 Feb 2011 11:02:35 GMT
Server: Oracle-Application-Server-10g/10.1.2.2.0 Oracle-HTTP-Server
Content-Length: 5420
Set-Cookie: JSESSIONID=6cf295cb4cf40faa8e5d38cd81deee37890d083170eec99dce897c184797baf1.e38Ob3aOaheRe34Mb3qSax0Pahz0nR9Pq6XteP93; path=/login
Content-Type: text/html; charset=ISO-8859-1
</responseHeader>
  <requestHeader class="java.lang.String">Accept-Language: es
Accept: */*
User-Agent: Mozilla/4.0 (compatible; MSIE 7.0; Windows NT 6.1; Trident/4.0; SLCC2; .NET CLR 2.0.50727; .NET CLR 3.5.30729; .NET CLR 3.0.30729; Media Center PC 6.0; MDDS; .NET4.0C)
Accept-Encoding: gzip, deflate
</requestHeader>
  <cookies class="java.lang.String"></cookies>
  <method class="java.lang.String">GET</method>
  <queryString class="java.lang.String"></queryString>
  <redirectLocation class="java.lang.String">https://login-pre.sge/pls/orasso/orasso.wwsso_app_admin.ls_login?Site2pstoreToken=v1.4~CEF0A91F~169CD7F35E5B75CCBB96EE2174D630DCFE79DBD3DE86241E5F9B4623BEF2A5B33641C8AF44F17B0FAAEF1968506E48E47DC84893D89806E0F193F15BB982A881389F55254CBFF88619AE0DAAB4A495B7B542B6267064C7427149226F9C2B2DC976DA35FD4016EE464B40FDB05CBCFD5B839FFF7260C9F4B3CEAAFF95492A94C37B2AC64CC39718401360C3747D7D13BA08C76EFC30B9AD7C99A0167631EC44FDA44E6D6A152E8D38B366878B4F78F4DD173174DBEFC262AC34B3E13A0ECAC2C1ADFA812773960CE397929DB93E3AD326FC6110CD370F47E0E0068B9B3414C9DC0A4B02DDDACC4D5FA1AC331928085C48D1E0DFA600E8C463DD51184F8B72169ACC7A1C4C45A6D63122D16BA165EFB3A142C8F94FB429E698E6D392931DD84F31B8782B9CA7388F33F8065A397CD92336D7AB4CBE99DD73B25C7F88D1ECC7E4FFE8A478DF7F8A533ADD5E3D5D555E12949D285CD61F70A22613097AB946EA391A7C540EAD7DEF4515</redirectLocation>
  <url>https://preproduccion.sge/login/login.jsp?site2pstoretoken=v1.4~CEF0A91F~169CD7F35E5B75CCBB96EE2174D630DCFE79DBD3DE86241E5F9B4623BEF2A5B33641C8AF44F17B0FAAEF1968506E48E47DC84893D89806E0F193F15BB982A881389F55254CBFF88619AE0DAAB4A495B7B542B6267064C7427149226F9C2B2DC976DA35FD4016EE464B40FDB05CBCFD5B839FFF7260C9F4B3CEAAFF95492A94C37B2AC64CC39718401360C3747D7D13BA08C76EFC30B9AD7C99A0167631EC44FDA44E6D6A152E8D38B366878B4F78F4DD173174DBEFC262AC34B3E13A0ECAC2C1ADFA812773960CE397929DB93E3AD326FC6110CD370F47E0E0068B9B3414C9DC0A4B02DDDACC4D5FA1AC331928085C48D1E0DFA600E8C463DD51184F8B72169ACC7A1C4C45A6D63122D16BA165EFB3A142C8F94FB429E698E6D392931DD84F31B8782B9CA7388F33F8065A397CD92336D7AB4CBE99DD73B25C7F88D1ECC7E4FFE8A478DF7F8A533ADD5E3D5D555E12949D285CD61F70A22613097AB946EA391A7C540EAD7DEF4515&amp;p_error_code=&amp;p_submit_url=https%3A%2F%2Flogin-pre.sge%2Fsso%2Fauth&amp;p_cancel_url=https%3A%2F%2Fpreproduccion.sge&amp;ssousername=&amp;subscribername=</url>
</httpSample>
<httpSample t="219" lt="0" ts="1298631755684" s="true" lb="/gepa/scripts/scriptaculous/scriptaculous.js" rc="200" by="5100">
  <responseHeader class="java.lang.String">HTTP/1.0 200 OK
Date: Fri, 25 Feb 2011 11:02:35 GMT
Server: Oracle-Application-Server-10g/10.1.2.2.0 Oracle-HTTP-Server
Content-Length: 5100
Set-Cookie: JSESSIONID=aa342f9643c6f26b368091bd82c4afd41b9e3b20339146a723091a73c8aa3f21.e3eSbhiLaNyPe3yNbNyQc3qSai1BqBjKpPXxqAa; path=/login
Content-Type: text/html; charset=ISO-8859-1
</responseHeader>
  <requestHeader class="java.lang.String">Accept-Language: es-ES
Accept: */*
User-Agent: Mozilla/4.0 (compatible; MSIE 7.0; Windows NT 6.1; Trident/4.0; SLCC2; .NET CLR 2.0.50727; .NET CLR 3.5.30729; .NET CLR 3.0.30729; Media Center PC 6.0; MDDS; .NET4.0C)
Accept-Encoding: gzip, deflate
Referer: http://picasso:8888/gepa/ConexionAction.do?POSTDATA=variosPerfiles=true&amp;accion=iniciar&amp;codigoEntidad=DYS&amp;codigo=jcnegredo&amp;contrasenya=dysmatica&amp;rolSeleccionado=25
</requestHeader>
  <cookies class="java.lang.String"></cookies>
  <method class="java.lang.String">GET</method>
  <queryString class="java.lang.String"></queryString>
  <redirectLocation class="java.lang.String">https://login-pre.sge/pls/orasso/orasso.wwsso_app_admin.ls_login?Site2pstoreToken=v1.4~CEF0A91F~169CD7F35E5B75CCBB96EE2174D630DCFE79DBD3DE86241E5F9B4623BEF2A5B33641C8AF44F17B0FAAEF1968506E48E47DC84893D89806E0F193F15BB982A881389F55254CBFF88619AE0DAAB4A495B7B542B6267064C7427149226F9C2B2DC9E23878C6EDF77AE2C7D108D36B030A03545EA77652227C1DB28CD8D9A5B04DECC4D5D89672FD7B72F3ABC180CC20397AD5FB6E1C38909A551B21A6E3DB41921F33C51F77F5E396A98645A9E98C27655A6F0611ABA1346DAF49F5DB1545DD4B1C96E8CFFC30609DD54BD3F85BD6E7362F3AEBAA602DF9C1C9ED58F94F003178723016A17E345041804A15BE3092C895A1ABD6AB9AF03BB7783449859E302F46461F337D888F45A833C88B879EAD2F7BDC2DB31560FBB6E670</redirectLocation>
  <url>https://preproduccion.sge/login/login.jsp?site2pstoretoken=v1.4~CEF0A91F~169CD7F35E5B75CCBB96EE2174D630DCFE79DBD3DE86241E5F9B4623BEF2A5B33641C8AF44F17B0FAAEF1968506E48E47DC84893D89806E0F193F15BB982A881389F55254CBFF88619AE0DAAB4A495B7B542B6267064C7427149226F9C2B2DC9E23878C6EDF77AE2C7D108D36B030A03545EA77652227C1DB28CD8D9A5B04DECC4D5D89672FD7B72F3ABC180CC20397AD5FB6E1C38909A551B21A6E3DB41921F33C51F77F5E396A98645A9E98C27655A6F0611ABA1346DAF49F5DB1545DD4B1C96E8CFFC30609DD54BD3F85BD6E7362F3AEBAA602DF9C1C9ED58F94F003178723016A17E345041804A15BE3092C895A1ABD6AB9AF03BB7783449859E302F46461F337D888F45A833C88B879EAD2F7BDC2DB31560FBB6E670&amp;p_error_code=&amp;p_submit_url=https%3A%2F%2Flogin-pre.sge%2Fsso%2Fauth&amp;p_cancel_url=https%3A%2F%2Fpreproduccion.sge&amp;ssousername=&amp;subscribername=</url>
</httpSample>
<httpSample t="15" lt="15" ts="1298631755903" s="false" lb="/gepa/ConexionAction.do;jsessionid=eb634fe5b58b0bcb96508261e275709f9c8e236e3e15aeb347f0741aac2dda55" rc="500" by="778">
  <responseHeader class="java.lang.String">HTTP/1.0 500 Internal Server Error
Date: Fri, 25 Feb 2011 11:02:35 GMT
Server: Oracle-Application-Server-10g/10.1.2.2.0 Oracle-HTTP-Server
Content-Type: text/html; charset=iso-8859-1
</responseHeader>
  <requestHeader class="java.lang.String">Content-Type: application/x-www-form-urlencoded
Accept-Language: es-ES
Accept: image/jpeg, application/x-ms-application, image/gif, application/xaml+xml, image/pjpeg, application/x-ms-xbap, application/vnd.ms-powerpoint, application/vnd.ms-excel, application/msword, */*
User-Agent: Mozilla/4.0 (compatible; MSIE 7.0; Windows NT 6.1; Trident/4.0; SLCC2; .NET CLR 2.0.50727; .NET CLR 3.5.30729; .NET CLR 3.0.30729; Media Center PC 6.0; MDDS; .NET4.0C)
Accept-Encoding: gzip, deflate
Referer: http://picasso:8888/gepa/ConexionAction.do?POSTDATA=variosPerfiles=true&amp;accion=iniciar&amp;codigoEntidad=DYS&amp;codigo=jcnegredo&amp;contrasenya=dysmatica&amp;rolSeleccionado=25
Pragma: no-cache
</requestHeader>
  <cookies class="java.lang.String"></cookies>
  <method class="java.lang.String">POST</method>
  <queryString class="java.lang.String">variosPerfiles=true&amp;accion=seleccionarPerfil&amp;codigoEntidad=DYS&amp;rolSeleccionado=25</queryString>
  <url>https://preproduccion.sge:443/gepa/ConexionAction.do;jsessionid=eb634fe5b58b0bcb96508261e275709f9c8e236e3e15aeb347f0741aac2dda55</url>
</httpSample>
<httpSample t="203" lt="0" ts="1298631755918" s="true" lb="/gepa/scripts/scriptaculous/scriptaculous.js" rc="200" by="5100">
  <responseHeader class="java.lang.String">HTTP/1.0 200 OK
Date: Fri, 25 Feb 2011 11:02:36 GMT
Server: Oracle-Application-Server-10g/10.1.2.2.0 Oracle-HTTP-Server
Content-Length: 5100
Set-Cookie: JSESSIONID=43e77cc3de1328ae1ca278bb4326a0fe91d9a2f5dfdff9f77b58af89d3664bb6.e38Ob3aOaheRe34Mb3qSax0Pahz0nR9Pq6XteP93; path=/login
Content-Type: text/html; charset=ISO-8859-1
</responseHeader>
  <requestHeader class="java.lang.String">Accept-Language: es-ES
Accept: */*
User-Agent: Mozilla/4.0 (compatible; MSIE 7.0; Windows NT 6.1; Trident/4.0; SLCC2; .NET CLR 2.0.50727; .NET CLR 3.5.30729; .NET CLR 3.0.30729; Media Center PC 6.0; MDDS; .NET4.0C)
Accept-Encoding: gzip, deflate
Referer: http://picasso:8888/gepa/ConexionAction.do;jsessionid=eb634fe5b58b0bcb96508261e275709f9c8e236e3e15aeb347f0741aac2dda55
</requestHeader>
  <cookies class="java.lang.String"></cookies>
  <method class="java.lang.String">GET</method>
  <queryString class="java.lang.String"></queryString>
  <redirectLocation class="java.lang.String">https://login-pre.sge/pls/orasso/orasso.wwsso_app_admin.ls_login?Site2pstoreToken=v1.4~CEF0A91F~169CD7F35E5B75CCBB96EE2174D630DCFE79DBD3DE86241E5F9B4623BEF2A5B33641C8AF44F17B0FAAEF1968506E48E47DC84893D89806E0F193F15BB982A881389F55254CBFF88619AE0DAAB4A495B7B542B6267064C7427149226F9C2B2DC9E23878C6EDF77AE2C7D108D36B030A03545EA77652227C1DB28CD8D9A5B04DECC4D5D89672FD7B72F3ABC180CC20397AD5FB6E1C38909A551B21A6E3DB41921F33C51F77F5E396A98645A9E98C27655A6F0611ABA1346DAF49F5DB1545DD4B1C96E8CFFC30609DD54BD3F85BD6E7362F3AEBAA602DF9C1C9ED58F94F003178723016A17E345041804A15BE3092C895A1ABD6AB9AF03BB7783449859E302F46461F337D888F45A833C88B879EAD2F7BDC2DB31560FBB6E670</redirectLocation>
  <url>https://preproduccion.sge/login/login.jsp?site2pstoretoken=v1.4~CEF0A91F~169CD7F35E5B75CCBB96EE2174D630DCFE79DBD3DE86241E5F9B4623BEF2A5B33641C8AF44F17B0FAAEF1968506E48E47DC84893D89806E0F193F15BB982A881389F55254CBFF88619AE0DAAB4A495B7B542B6267064C7427149226F9C2B2DC9E23878C6EDF77AE2C7D108D36B030A03545EA77652227C1DB28CD8D9A5B04DECC4D5D89672FD7B72F3ABC180CC20397AD5FB6E1C38909A551B21A6E3DB41921F33C51F77F5E396A98645A9E98C27655A6F0611ABA1346DAF49F5DB1545DD4B1C96E8CFFC30609DD54BD3F85BD6E7362F3AEBAA602DF9C1C9ED58F94F003178723016A17E345041804A15BE3092C895A1ABD6AB9AF03BB7783449859E302F46461F337D888F45A833C88B879EAD2F7BDC2DB31560FBB6E670&amp;p_error_code=&amp;p_submit_url=https%3A%2F%2Flogin-pre.sge%2Fsso%2Fauth&amp;p_cancel_url=https%3A%2F%2Fpreproduccion.sge&amp;ssousername=&amp;subscribername=</url>
</httpSample>
<httpSample t="16" lt="16" ts="1298631756121" s="false" lb="/gepa/BusquedaAction.do" rc="500" by="778">
  <responseHeader class="java.lang.String">HTTP/1.0 500 Internal Server Error
Date: Fri, 25 Feb 2011 11:02:36 GMT
Server: Oracle-Application-Server-10g/10.1.2.2.0 Oracle-HTTP-Server
Content-Type: text/html; charset=iso-8859-1
</responseHeader>
  <requestHeader class="java.lang.String">Content-Type: application/x-www-form-urlencoded
Accept-Language: es-ES
Accept: image/jpeg, application/x-ms-application, image/gif, application/xaml+xml, image/pjpeg, application/x-ms-xbap, application/vnd.ms-powerpoint, application/vnd.ms-excel, application/msword, */*
User-Agent: Mozilla/4.0 (compatible; MSIE 7.0; Windows NT 6.1; Trident/4.0; SLCC2; .NET CLR 2.0.50727; .NET CLR 3.5.30729; .NET CLR 3.0.30729; Media Center PC 6.0; MDDS; .NET4.0C)
Accept-Encoding: gzip, deflate
Referer: http://picasso:8888/gepa/ConexionAction.do;jsessionid=eb634fe5b58b0bcb96508261e275709f9c8e236e3e15aeb347f0741aac2dda55
Pragma: no-cache
</requestHeader>
  <cookies class="java.lang.String"></cookies>
  <method class="java.lang.String">POST</method>
  <queryString class="java.lang.String">accion=buscar&amp;modo=rapida&amp;avanzadaDesplegada=false&amp;descElemPesado=&amp;identificacionRapida=&amp;nombreRapida=&amp;apellido1Rapida=&amp;apellido2Rapida=&amp;anyoRapida=&amp;numeroRapida=&amp;desdeRapida=&amp;hastaRapida=&amp;tramiteRapida=-1&amp;estadoRapida=-1&amp;idBusqueda=-1&amp;idClases=26&amp;metaTipo0=STRING&amp;metaTipo1=STRING&amp;metaTipo2=LISTA&amp;metaTipo3=STRING&amp;metaTipo4=LISTA_PESADA&amp;metaTipo5=STRING&amp;metaTipo6=LISTA&amp;metaTipo7=STRING&amp;metaTipo8=STRING&amp;metaTipo9=STRING&amp;metaTipo10=STRING&amp;metaTipo11=STRING&amp;metaTipo12=STRING&amp;metaTipo13=LISTA&amp;metaTipo14=STRING&amp;metaTipo15=TIMESTAMP&amp;metaTipo16=TIMESTAMP&amp;metaTipo17=TIMESTAMP&amp;metaTipo18=LISTA&amp;metaTipo19=LISTA_PESADA&amp;metaTipo20=STRING&amp;metaTipo21=STRING&amp;metaTipo22=STRING&amp;metaTipo23=STRING&amp;metaTipo24=STRING&amp;metaTipo25=LISTA_PESADA&amp;metaTipo26=LISTA&amp;metaTipo27=STRING&amp;metaTipo28=LISTA&amp;metaTipo29=STRING&amp;metaTipo30=STRING&amp;metaTipo31=INTEGER&amp;metaTipo32=STRING&amp;metaTipo33=STRING&amp;metaTipo34=STRING&amp;metaTipo35=LISTA&amp;metaTipo36=LISTA&amp;metaTipo37=LISTA&amp;metaTipo38=STRING&amp;metaTipo39=SEPARADOR&amp;metaTipo40=BOOLEAN&amp;metaTipo41=STRING&amp;metaTipo42=STRING&amp;metaTipo43=STRING&amp;metaTipo44=LISTA&amp;metaTipo45=BOOLEAN&amp;metaTipo46=BOOLEAN&amp;metaTipo47=BOOLEAN&amp;metaTipo48=STRING&amp;metaTipo49=TIMESTAMP&amp;metaTipo50=TIMESTAMP&amp;metaTipo51=TIMESTAMP&amp;metaTipo52=TIMESTAMP&amp;metaTipo53=TIMESTAMP&amp;metaTipo54=TIMESTAMP&amp;metaTipo55=TIMESTAMP&amp;metaTipo56=TIMESTAMP&amp;metaTipo57=TIMESTAMP&amp;metaTipo58=TIMESTAMP&amp;metaTipo59=TIMESTAMP&amp;metaTipo60=TIMESTAMP&amp;metaTipo61=TIMESTAMP&amp;metaTipo62=TIMESTAMP&amp;metaTipo63=TIMESTAMP&amp;metaTipo64=LISTA&amp;metaTipo65=LISTA&amp;metaTipo66=LISTA&amp;metaTipo67=DOUBLE&amp;metaTipo68=DOUBLE&amp;metaTipo69=DOUBLE&amp;metaTipo70=DOUBLE&amp;metaTipo71=DOUBLE&amp;metaTipo72=DOUBLE&amp;metaTipo73=DOUBLE&amp;metaTipo74=BOOLEAN&amp;metaTipo75=LISTA&amp;metaTipo76=STRING&amp;metaTipo77=STRING&amp;metaTipo78=STRING&amp;metaTipo79=STRING&amp;metaTipo80=STRING&amp;metaTipo81=STRING&amp;metaTipo82=STRING&amp;metaTipo83=BOOLEAN&amp;metaTipo84=BOOLEAN&amp;metaTipo85=STRING&amp;metaTipo86=LISTA&amp;metaTipo87=LISTA&amp;metaTipo88=LISTA_PESADA&amp;metaTipo89=LISTA&amp;metaTipo90=LISTA&amp;metaTipo91=STRING&amp;metaTipo92=LISTA&amp;metaTipo93=STRING&amp;metaTipo94=STRING&amp;metaTipo95=LISTA&amp;metaTipo96=LISTA&amp;metaTipo97=LISTA&amp;metaTipo98=BOOLEAN&amp;metaTipo99=LISTA&amp;metaTipo100=BOOLEAN&amp;metaTipo101=LISTA&amp;metaTipo102=LISTA&amp;metaTipo103=BOOLEAN&amp;metaTipo104=BOOLEAN&amp;metaTipo105=LISTA&amp;metaTipo106=LISTA&amp;metaTipo107=LISTA&amp;metaTipo108=LISTA&amp;metaTipo109=LISTA&amp;metaTipo110=STRING&amp;metaTipo111=LISTA&amp;valor=&amp;valorPesado=&amp;lista37=-1&amp;lista36=-1&amp;lista35=-1&amp;lista99=-1&amp;lista109=-1&amp;lista66=-1&amp;lista98=-1&amp;lista108=-1&amp;lista65=-1&amp;lista97=-1&amp;lista107=-1&amp;lista64=-1&amp;lista96=-1&amp;lista106=-1&amp;lista95=-1&amp;lista105=-1&amp;lista104=-1&amp;lista92=-1&amp;lista103=-1&amp;lista102=-1&amp;lista90=-1&amp;lista101=-1&amp;lista100=-1&amp;lista28=-1&amp;lista26=-1&amp;lista89=-1&amp;lista87=-1&amp;lista86=-1&amp;lista6=-1&amp;lista84=-1&amp;lista83=-1&amp;lista2=-1&amp;lista18=-1&amp;lista47=-1&amp;lista46=-1&amp;lista13=-1&amp;lista45=-1&amp;lista44=-1&amp;lista75=-1&amp;lista74=-1&amp;lista40=-1&amp;lista111=-1</queryString>
  <url>https://preproduccion.sge:443/gepa/BusquedaAction.do</url>
</httpSample>
<httpSample t="203" lt="0" ts="1298631756153" s="true" lb="/gepa/scripts/scriptaculous/scriptaculous.js" rc="200" by="5068">
  <responseHeader class="java.lang.String">HTTP/1.0 200 OK
Date: Fri, 25 Feb 2011 11:02:36 GMT
Server: Oracle-Application-Server-10g/10.1.2.2.0 Oracle-HTTP-Server
Content-Length: 5068
Set-Cookie: JSESSIONID=c7e43a73197cd520acb9eb9f3038566e8e36e462bacfe9965a45e8aae1dcfd6c.e38Ob3aOaheRe34Mb3qSax0Pahz0nR9Pq6XteP93; path=/login
Content-Type: text/html; charset=ISO-8859-1
</responseHeader>
  <requestHeader class="java.lang.String">Accept-Language: es-ES
Accept: */*
User-Agent: Mozilla/4.0 (compatible; MSIE 7.0; Windows NT 6.1; Trident/4.0; SLCC2; .NET CLR 2.0.50727; .NET CLR 3.5.30729; .NET CLR 3.0.30729; Media Center PC 6.0; MDDS; .NET4.0C)
Accept-Encoding: gzip, deflate
Referer: http://picasso:8888/gepa/BusquedaAction.do
</requestHeader>
  <cookies class="java.lang.String"></cookies>
  <method class="java.lang.String">GET</method>
  <queryString class="java.lang.String"></queryString>
  <redirectLocation class="java.lang.String">https://login-pre.sge/pls/orasso/orasso.wwsso_app_admin.ls_login?Site2pstoreToken=v1.4~CEF0A91F~F1184852CFBE3712C15A6B0555C27E7FF874331F58920551376B74D95836E72741CF46EF4EDEAA05DEC77A05239051ADF98FF669B895894C36DB02D33D5FEEEB4993C3B5A8E1B5D4105171C1C71041CD5B1AF858D1A78AC0997A8EB6AA65BB5F6B8E64C482271216E2336A949083DB94146002108C026ED2C3927BE12CB64EEA3C539E66D50A3B41D344D6C44AC4DA3D71483634B2CA577B2444804191D1B12D08CEA3F1B0A80CE4EA5058001409F6A68F37A4E8F0003DC83D51EBA9F91C87EC50E303073C9000460031453C9914DF0BA048387748A1C09B935E28CD76D84F5407E91DF41B28A8C079A3F942E2FA8B18DEFAA12F92552C65B62239FD44A3F30CFAAB516439837D0AFB76D946368B9C02</redirectLocation>
  <url>https://preproduccion.sge/login/login.jsp?site2pstoretoken=v1.4~CEF0A91F~F1184852CFBE3712C15A6B0555C27E7FF874331F58920551376B74D95836E72741CF46EF4EDEAA05DEC77A05239051ADF98FF669B895894C36DB02D33D5FEEEB4993C3B5A8E1B5D4105171C1C71041CD5B1AF858D1A78AC0997A8EB6AA65BB5F6B8E64C482271216E2336A949083DB94146002108C026ED2C3927BE12CB64EEA3C539E66D50A3B41D344D6C44AC4DA3D71483634B2CA577B2444804191D1B12D08CEA3F1B0A80CE4EA5058001409F6A68F37A4E8F0003DC83D51EBA9F91C87EC50E303073C9000460031453C9914DF0BA048387748A1C09B935E28CD76D84F5407E91DF41B28A8C079A3F942E2FA8B18DEFAA12F92552C65B62239FD44A3F30CFAAB516439837D0AFB76D946368B9C02&amp;p_error_code=&amp;p_submit_url=https%3A%2F%2Flogin-pre.sge%2Fsso%2Fauth&amp;p_cancel_url=https%3A%2F%2Fpreproduccion.sge&amp;ssousername=&amp;subscribername=</url>
</httpSample>
<httpSample t="203" lt="0" ts="1298631756356" s="true" lb="/gepa/ResultadoBusquedaAction.do" rc="200" by="4972">
  <responseHeader class="java.lang.String">HTTP/1.0 200 OK
Date: Fri, 25 Feb 2011 11:02:36 GMT
Server: Oracle-Application-Server-10g/10.1.2.2.0 Oracle-HTTP-Server
Content-Length: 4972
Set-Cookie: JSESSIONID=77fe1af8ca098c7853125d13fa8f5bab39f4def222a2d17e8ebe19cbb50718fe.e3eSbhiLaNyPe3yNbNyQc3qSai1BqBjKpPXxqAa; path=/login
Content-Type: text/html; charset=ISO-8859-1
</responseHeader>
  <requestHeader class="java.lang.String">Accept-Language: es-ES
Accept: image/jpeg, application/x-ms-application, image/gif, application/xaml+xml, image/pjpeg, application/x-ms-xbap, application/vnd.ms-powerpoint, application/vnd.ms-excel, application/msword, */*
User-Agent: Mozilla/4.0 (compatible; MSIE 7.0; Windows NT 6.1; Trident/4.0; SLCC2; .NET CLR 2.0.50727; .NET CLR 3.5.30729; .NET CLR 3.0.30729; Media Center PC 6.0; MDDS; .NET4.0C)
Accept-Encoding: gzip, deflate
Referer: http://picasso:8888/gepa/BusquedaAction.do
</requestHeader>
  <cookies class="java.lang.String"></cookies>
  <method class="java.lang.String">GET</method>
  <queryString class="java.lang.String"></queryString>
  <redirectLocation class="java.lang.String">https://login-pre.sge/pls/orasso/orasso.wwsso_app_admin.ls_login?Site2pstoreToken=v1.4~CEF0A91F~F1184852CFBE3712C15A6B0555C27E7FF874331F58920551376B74D95836E72741CF46EF4EDEAA05DEC77A05239051ADF98FF669B895894C36DB02D33D5FEEEB4993C3B5A8E1B5D4105171C1C71041CD5B1AF858D1A78AC0997A8EB6AA65BB5F0A4F91314D0C5249055CEEC6D1DCEFEB34788DE83243A7DF13CA66436E2FE4234A5B26F33038495CE9AB4A66BBF0E66032A0E8A31AFEA876C8B1B58376C1AB19117EBCCA33C75B8CE506574D1698FECB7AA539621D4B7287D6618C3F044953088A9CD0B8B2A176412F3E0CF6ADF66325140FCBF167231DEA6D7D0450A17D237EB9479C73B742088A14D1CED022D8884327B32057A0367991</redirectLocation>
  <url>https://preproduccion.sge/login/login.jsp?site2pstoretoken=v1.4~CEF0A91F~F1184852CFBE3712C15A6B0555C27E7FF874331F58920551376B74D95836E72741CF46EF4EDEAA05DEC77A05239051ADF98FF669B895894C36DB02D33D5FEEEB4993C3B5A8E1B5D4105171C1C71041CD5B1AF858D1A78AC0997A8EB6AA65BB5F0A4F91314D0C5249055CEEC6D1DCEFEB34788DE83243A7DF13CA66436E2FE4234A5B26F33038495CE9AB4A66BBF0E66032A0E8A31AFEA876C8B1B58376C1AB19117EBCCA33C75B8CE506574D1698FECB7AA539621D4B7287D6618C3F044953088A9CD0B8B2A176412F3E0CF6ADF66325140FCBF167231DEA6D7D0450A17D237EB9479C73B742088A14D1CED022D8884327B32057A0367991&amp;p_error_code=&amp;p_submit_url=https%3A%2F%2Flogin-pre.sge%2Fsso%2Fauth&amp;p_cancel_url=https%3A%2F%2Fpreproduccion.sge&amp;ssousername=&amp;subscribername=</url>
</httpSample>
<httpSample t="203" lt="0" ts="1298631756559" s="true" lb="/gepa/scripts/scriptaculous/scriptaculous.js" rc="200" by="5068">
  <responseHeader class="java.lang.String">HTTP/1.0 200 OK
Date: Fri, 25 Feb 2011 11:02:36 GMT
Server: Oracle-Application-Server-10g/10.1.2.2.0 Oracle-HTTP-Server
Content-Length: 5068
Set-Cookie: JSESSIONID=1f1af70f70c82c70818ad8825205b55435cad9cb5ace8ad409a0cc404b0d9060.e38Ob3aOaheRe34Mb3qSax0Pahz0nR9Pq6XteP93; path=/login
Content-Type: text/html; charset=ISO-8859-1
</responseHeader>
  <requestHeader class="java.lang.String">Accept-Language: es-ES
Accept: */*
User-Agent: Mozilla/4.0 (compatible; MSIE 7.0; Windows NT 6.1; Trident/4.0; SLCC2; .NET CLR 2.0.50727; .NET CLR 3.5.30729; .NET CLR 3.0.30729; Media Center PC 6.0; MDDS; .NET4.0C)
Accept-Encoding: gzip, deflate
Referer: http://picasso:8888/gepa/ResultadoBusquedaAction.do?accion=gestionExp&amp;indice=0
</requestHeader>
  <cookies class="java.lang.String"></cookies>
  <method class="java.lang.String">GET</method>
  <queryString class="java.lang.String"></queryString>
  <redirectLocation class="java.lang.String">https://login-pre.sge/pls/orasso/orasso.wwsso_app_admin.ls_login?Site2pstoreToken=v1.4~CEF0A91F~F1184852CFBE3712C15A6B0555C27E7FF874331F58920551376B74D95836E72741CF46EF4EDEAA05DEC77A05239051ADF98FF669B895894C36DB02D33D5FEEEB4993C3B5A8E1B5D4105171C1C71041CD5B1AF858D1A78AC0997A8EB6AA65BB5F6B8E64C482271216E2336A949083DB94146002108C026ED2C3927BE12CB64EEA3C539E66D50A3B41D344D6C44AC4DA3D71483634B2CA577B2444804191D1B12D08CEA3F1B0A80CE4EA5058001409F6A68F37A4E8F0003DC83D51EBA9F91C87EC50E303073C9000460031453C9914DF0BA048387748A1C09B935E28CD76D84F5407E91DF41B28A8C079A3F942E2FA8B18DEFAA12F92552C65B62239FD44A3F30CFAAB516439837D0AFB76D946368B9C02</redirectLocation>
  <url>https://preproduccion.sge/login/login.jsp?site2pstoretoken=v1.4~CEF0A91F~F1184852CFBE3712C15A6B0555C27E7FF874331F58920551376B74D95836E72741CF46EF4EDEAA05DEC77A05239051ADF98FF669B895894C36DB02D33D5FEEEB4993C3B5A8E1B5D4105171C1C71041CD5B1AF858D1A78AC0997A8EB6AA65BB5F6B8E64C482271216E2336A949083DB94146002108C026ED2C3927BE12CB64EEA3C539E66D50A3B41D344D6C44AC4DA3D71483634B2CA577B2444804191D1B12D08CEA3F1B0A80CE4EA5058001409F6A68F37A4E8F0003DC83D51EBA9F91C87EC50E303073C9000460031453C9914DF0BA048387748A1C09B935E28CD76D84F5407E91DF41B28A8C079A3F942E2FA8B18DEFAA12F92552C65B62239FD44A3F30CFAAB516439837D0AFB76D946368B9C02&amp;p_error_code=&amp;p_submit_url=https%3A%2F%2Flogin-pre.sge%2Fsso%2Fauth&amp;p_cancel_url=https%3A%2F%2Fpreproduccion.sge&amp;ssousername=&amp;subscribername=</url>
</httpSample>
<httpSample t="187" lt="0" ts="1298631756762" s="true" lb="/gepa/ConexionAction.do" rc="200" by="5388">
  <responseHeader class="java.lang.String">HTTP/1.0 200 OK
Date: Fri, 25 Feb 2011 11:02:36 GMT
Server: Oracle-Application-Server-10g/10.1.2.2.0 Oracle-HTTP-Server
Content-Length: 5388
Set-Cookie: JSESSIONID=8c84cb72fc9627380c654df122117d326cdbe3e63990846812e400bae8f9ffbb.e3eSbhiLaNyPe3yNbNyQc3qSai1BqBjKpPXxqAa; path=/login
Content-Type: text/html; charset=ISO-8859-1
</responseHeader>
  <requestHeader class="java.lang.String">Accept-Language: es
Accept: */*
User-Agent: Mozilla/4.0 (compatible; MSIE 7.0; Windows NT 6.1; Trident/4.0; SLCC2; .NET CLR 2.0.50727; .NET CLR 3.5.30729; .NET CLR 3.0.30729; Media Center PC 6.0; MDDS; .NET4.0C)
Accept-Encoding: gzip, deflate
</requestHeader>
  <cookies class="java.lang.String"></cookies>
  <method class="java.lang.String">GET</method>
  <queryString class="java.lang.String"></queryString>
  <redirectLocation class="java.lang.String">https://login-pre.sge/pls/orasso/orasso.wwsso_app_admin.ls_login?Site2pstoreToken=v1.4~CEF0A91F~F1184852CFBE3712C15A6B0555C27E7FF874331F58920551376B74D95836E72741CF46EF4EDEAA05DEC77A05239051ADF98FF669B895894C36DB02D33D5FEEEB4993C3B5A8E1B5D4105171C1C71041CD5B1AF858D1A78AC0997A8EB6AA65BB5FE5D8BB02295E3064F8A4E8044EC20DB961D011386DB77E0D3DD2B4ABF7805BC47E63573540EB21BF0CCE1B653667B7294044B136AD555ADF62CD87D4C7B98B0375753242C4D35669254EEE75762D3D97A31B9116A5CCBF1EE8D9496820690D8E1E5CB17DA4F527F54B400BA4650697487F53D5A3562B9E84431E3B3192F9498D8B521B510739173534D514D8699CB9F193EE5B05596A051EFE82498A839C5225D86A00F6949D23FEB8705AA88ADC3A1D05C7445C2F8E037B5978223C726B7535D94A97BA79B2B17265899EED710BC49ED82E5476040D57DCD2E3445088FF934342A1E93BBF76C739F105CEB69CBCD8D0E8641A543134EBB2E7C98959344645D2</redirectLocation>
  <url>https://preproduccion.sge/login/login.jsp?site2pstoretoken=v1.4~CEF0A91F~F1184852CFBE3712C15A6B0555C27E7FF874331F58920551376B74D95836E72741CF46EF4EDEAA05DEC77A05239051ADF98FF669B895894C36DB02D33D5FEEEB4993C3B5A8E1B5D4105171C1C71041CD5B1AF858D1A78AC0997A8EB6AA65BB5FE5D8BB02295E3064F8A4E8044EC20DB961D011386DB77E0D3DD2B4ABF7805BC47E63573540EB21BF0CCE1B653667B7294044B136AD555ADF62CD87D4C7B98B0375753242C4D35669254EEE75762D3D97A31B9116A5CCBF1EE8D9496820690D8E1E5CB17DA4F527F54B400BA4650697487F53D5A3562B9E84431E3B3192F9498D8B521B510739173534D514D8699CB9F193EE5B05596A051EFE82498A839C5225D86A00F6949D23FEB8705AA88ADC3A1D05C7445C2F8E037B5978223C726B7535D94A97BA79B2B17265899EED710BC49ED82E5476040D57DCD2E3445088FF934342A1E93BBF76C739F105CEB69CBCD8D0E8641A543134EBB2E7C98959344645D2&amp;p_error_code=&amp;p_submit_url=https%3A%2F%2Flogin-pre.sge%2Fsso%2Fauth&amp;p_cancel_url=https%3A%2F%2Fpreproduccion.sge&amp;ssousername=&amp;subscribername=</url>
</httpSample>
<httpSample t="219" lt="0" ts="1298631756949" s="true" lb="/gepa/scripts/scriptaculous/scriptaculous.js" rc="200" by="5068">
  <responseHeader class="java.lang.String">HTTP/1.0 200 OK
Date: Fri, 25 Feb 2011 11:02:37 GMT
Server: Oracle-Application-Server-10g/10.1.2.2.0 Oracle-HTTP-Server
Content-Length: 5068
Set-Cookie: JSESSIONID=60f74531cc214087a79efe2d8e2010f8b81a55fd3bc729b569dfdea7a458d8db.e38Ob3aOaheRe34Mb3qSax0Pahz0nR9Pq6XteP93; path=/login
Content-Type: text/html; charset=ISO-8859-1
</responseHeader>
  <requestHeader class="java.lang.String">Accept-Language: es-ES
Accept: */*
User-Agent: Mozilla/4.0 (compatible; MSIE 7.0; Windows NT 6.1; Trident/4.0; SLCC2; .NET CLR 2.0.50727; .NET CLR 3.5.30729; .NET CLR 3.0.30729; Media Center PC 6.0; MDDS; .NET4.0C)
Accept-Encoding: gzip, deflate
Referer: http://picasso:8888/gepa/ConexionAction.do?POSTDATA=variosPerfiles=true&amp;accion=iniciar&amp;codigoEntidad=DYS&amp;codigo=jcnegredo&amp;contrasenya=dysmatica&amp;rolSeleccionado=25
</requestHeader>
  <cookies class="java.lang.String"></cookies>
  <method class="java.lang.String">GET</method>
  <queryString class="java.lang.String"></queryString>
  <redirectLocation class="java.lang.String">https://login-pre.sge/pls/orasso/orasso.wwsso_app_admin.ls_login?Site2pstoreToken=v1.4~CEF0A91F~F1184852CFBE3712C15A6B0555C27E7FF874331F58920551376B74D95836E72741CF46EF4EDEAA05DEC77A05239051ADF98FF669B895894C36DB02D33D5FEEEB4993C3B5A8E1B5D4105171C1C71041CD5B1AF858D1A78AC0997A8EB6AA65BB5F6B8E64C482271216E2336A949083DB94146002108C026ED2C3927BE12CB64EEA3C539E66D50A3B41D344D6C44AC4DA3D71483634B2CA577B2444804191D1B12D08CEA3F1B0A80CE4EA5058001409F6A68F37A4E8F0003DC83D51EBA9F91C87EC50E303073C9000460031453C9914DF0BA048387748A1C09B935E28CD76D84F5407E91DF41B28A8C079A3F942E2FA8B18DEFAA12F92552C65B62239FD44A3F30CFAAB516439837D0AFB76D946368B9C02</redirectLocation>
  <url>https://preproduccion.sge/login/login.jsp?site2pstoretoken=v1.4~CEF0A91F~F1184852CFBE3712C15A6B0555C27E7FF874331F58920551376B74D95836E72741CF46EF4EDEAA05DEC77A05239051ADF98FF669B895894C36DB02D33D5FEEEB4993C3B5A8E1B5D4105171C1C71041CD5B1AF858D1A78AC0997A8EB6AA65BB5F6B8E64C482271216E2336A949083DB94146002108C026ED2C3927BE12CB64EEA3C539E66D50A3B41D344D6C44AC4DA3D71483634B2CA577B2444804191D1B12D08CEA3F1B0A80CE4EA5058001409F6A68F37A4E8F0003DC83D51EBA9F91C87EC50E303073C9000460031453C9914DF0BA048387748A1C09B935E28CD76D84F5407E91DF41B28A8C079A3F942E2FA8B18DEFAA12F92552C65B62239FD44A3F30CFAAB516439837D0AFB76D946368B9C02&amp;p_error_code=&amp;p_submit_url=https%3A%2F%2Flogin-pre.sge%2Fsso%2Fauth&amp;p_cancel_url=https%3A%2F%2Fpreproduccion.sge&amp;ssousername=&amp;subscribername=</url>
</httpSample>
<httpSample t="16" lt="16" ts="1298631757168" s="false" lb="/gepa/ConexionAction.do;jsessionid=eb634fe5b58b0bcb96508261e275709f9c8e236e3e15aeb347f0741aac2dda55" rc="500" by="778">
  <responseHeader class="java.lang.String">HTTP/1.0 500 Internal Server Error
Date: Fri, 25 Feb 2011 11:02:37 GMT
Server: Oracle-Application-Server-10g/10.1.2.2.0 Oracle-HTTP-Server
Content-Type: text/html; charset=iso-8859-1
</responseHeader>
  <requestHeader class="java.lang.String">Content-Type: application/x-www-form-urlencoded
Accept-Language: es-ES
Accept: image/jpeg, application/x-ms-application, image/gif, application/xaml+xml, image/pjpeg, application/x-ms-xbap, application/vnd.ms-powerpoint, application/vnd.ms-excel, application/msword, */*
User-Agent: Mozilla/4.0 (compatible; MSIE 7.0; Windows NT 6.1; Trident/4.0; SLCC2; .NET CLR 2.0.50727; .NET CLR 3.5.30729; .NET CLR 3.0.30729; Media Center PC 6.0; MDDS; .NET4.0C)
Accept-Encoding: gzip, deflate
Referer: http://picasso:8888/gepa/ConexionAction.do?POSTDATA=variosPerfiles=true&amp;accion=iniciar&amp;codigoEntidad=DYS&amp;codigo=jcnegredo&amp;contrasenya=dysmatica&amp;rolSeleccionado=25
Pragma: no-cache
</requestHeader>
  <cookies class="java.lang.String"></cookies>
  <method class="java.lang.String">POST</method>
  <queryString class="java.lang.String">variosPerfiles=true&amp;accion=seleccionarPerfil&amp;codigoEntidad=DYS&amp;rolSeleccionado=25</queryString>
  <url>https://preproduccion.sge:443/gepa/ConexionAction.do;jsessionid=eb634fe5b58b0bcb96508261e275709f9c8e236e3e15aeb347f0741aac2dda55</url>
</httpSample>
<httpSample t="203" lt="0" ts="1298631757184" s="true" lb="/gepa/scripts/scriptaculous/scriptaculous.js" rc="200" by="5068">
  <responseHeader class="java.lang.String">HTTP/1.0 200 OK
Date: Fri, 25 Feb 2011 11:02:37 GMT
Server: Oracle-Application-Server-10g/10.1.2.2.0 Oracle-HTTP-Server
Content-Length: 5068
Set-Cookie: JSESSIONID=0db91aa0037e91a503c743eb32e8dc19aaae1b51f6c993e2d692e2b81119f205.e3eSbhiLaNyPe3yNbNyQc3qSai1BqBjKpPXxqAa; path=/login
Content-Type: text/html; charset=ISO-8859-1
</responseHeader>
  <requestHeader class="java.lang.String">Accept-Language: es-ES
Accept: */*
User-Agent: Mozilla/4.0 (compatible; MSIE 7.0; Windows NT 6.1; Trident/4.0; SLCC2; .NET CLR 2.0.50727; .NET CLR 3.5.30729; .NET CLR 3.0.30729; Media Center PC 6.0; MDDS; .NET4.0C)
Accept-Encoding: gzip, deflate
Referer: http://picasso:8888/gepa/ConexionAction.do;jsessionid=eb634fe5b58b0bcb96508261e275709f9c8e236e3e15aeb347f0741aac2dda55
</requestHeader>
  <cookies class="java.lang.String"></cookies>
  <method class="java.lang.String">GET</method>
  <queryString class="java.lang.String"></queryString>
  <redirectLocation class="java.lang.String">https://login-pre.sge/pls/orasso/orasso.wwsso_app_admin.ls_login?Site2pstoreToken=v1.4~CEF0A91F~868AEB9B89336CBAC1769DB23ABAFD9677E0C0CDB24EAB9C2F583AA0AF554EB7FE73BD90C8F53827DBF4DB9BE76D8EC279F7EBC21AA2C2405E4C9A893541A12F63FC4F5357206C28C3D29D5D5B4EAC9E6150914E85A03A203DBEFE45E9538F2AB208A0A2C5A922BC0F98170D66C7721E407260892E31D6F1F2C22B85E50213BDD88A95E3E4F9F41B28B67C88A50A8BE03A0ACFE5EB82882113FA5D4992141E5C40D15957389937E974ADADD58CD79155A9FDAD7EE79589B6BB36B11773836F04E7E24DE9A4FA4857161BF3C01539CCE8649D405D807EF3CAB0CC98DADC5F301E60346CD0C3CA983BDB9D11BA8E7784D7335BEDF04D4D4C6688E8CC2DBFB219E06343058289A2ED8992C3ED01E86198EF</redirectLocation>
  <url>https://preproduccion.sge/login/login.jsp?site2pstoretoken=v1.4~CEF0A91F~868AEB9B89336CBAC1769DB23ABAFD9677E0C0CDB24EAB9C2F583AA0AF554EB7FE73BD90C8F53827DBF4DB9BE76D8EC279F7EBC21AA2C2405E4C9A893541A12F63FC4F5357206C28C3D29D5D5B4EAC9E6150914E85A03A203DBEFE45E9538F2AB208A0A2C5A922BC0F98170D66C7721E407260892E31D6F1F2C22B85E50213BDD88A95E3E4F9F41B28B67C88A50A8BE03A0ACFE5EB82882113FA5D4992141E5C40D15957389937E974ADADD58CD79155A9FDAD7EE79589B6BB36B11773836F04E7E24DE9A4FA4857161BF3C01539CCE8649D405D807EF3CAB0CC98DADC5F301E60346CD0C3CA983BDB9D11BA8E7784D7335BEDF04D4D4C6688E8CC2DBFB219E06343058289A2ED8992C3ED01E86198EF&amp;p_error_code=&amp;p_submit_url=https%3A%2F%2Flogin-pre.sge%2Fsso%2Fauth&amp;p_cancel_url=https%3A%2F%2Fpreproduccion.sge&amp;ssousername=&amp;subscribername=</url>
</httpSample>
<httpSample t="16" lt="16" ts="1298631757387" s="false" lb="/gepa/BusquedaAction.do" rc="500" by="778">
  <responseHeader class="java.lang.String">HTTP/1.0 500 Internal Server Error
Date: Fri, 25 Feb 2011 11:02:37 GMT
Server: Oracle-Application-Server-10g/10.1.2.2.0 Oracle-HTTP-Server
Content-Type: text/html; charset=iso-8859-1
</responseHeader>
  <requestHeader class="java.lang.String">Content-Type: application/x-www-form-urlencoded
Accept-Language: es-ES
Accept: image/jpeg, application/x-ms-application, image/gif, application/xaml+xml, image/pjpeg, application/x-ms-xbap, application/vnd.ms-powerpoint, application/vnd.ms-excel, application/msword, */*
User-Agent: Mozilla/4.0 (compatible; MSIE 7.0; Windows NT 6.1; Trident/4.0; SLCC2; .NET CLR 2.0.50727; .NET CLR 3.5.30729; .NET CLR 3.0.30729; Media Center PC 6.0; MDDS; .NET4.0C)
Accept-Encoding: gzip, deflate
Referer: http://picasso:8888/gepa/ConexionAction.do;jsessionid=eb634fe5b58b0bcb96508261e275709f9c8e236e3e15aeb347f0741aac2dda55
Pragma: no-cache
</requestHeader>
  <cookies class="java.lang.String"></cookies>
  <method class="java.lang.String">POST</method>
  <queryString class="java.lang.String">accion=buscar&amp;modo=rapida&amp;avanzadaDesplegada=false&amp;descElemPesado=&amp;identificacionRapida=&amp;nombreRapida=&amp;apellido1Rapida=&amp;apellido2Rapida=&amp;anyoRapida=&amp;numeroRapida=&amp;desdeRapida=&amp;hastaRapida=&amp;tramiteRapida=-1&amp;estadoRapida=-1&amp;idBusqueda=-1&amp;idClases=26&amp;metaTipo0=STRING&amp;metaTipo1=STRING&amp;metaTipo2=LISTA&amp;metaTipo3=STRING&amp;metaTipo4=LISTA_PESADA&amp;metaTipo5=STRING&amp;metaTipo6=LISTA&amp;metaTipo7=STRING&amp;metaTipo8=STRING&amp;metaTipo9=STRING&amp;metaTipo10=STRING&amp;metaTipo11=STRING&amp;metaTipo12=STRING&amp;metaTipo13=LISTA&amp;metaTipo14=STRING&amp;metaTipo15=TIMESTAMP&amp;metaTipo16=TIMESTAMP&amp;metaTipo17=TIMESTAMP&amp;metaTipo18=LISTA&amp;metaTipo19=LISTA_PESADA&amp;metaTipo20=STRING&amp;metaTipo21=STRING&amp;metaTipo22=STRING&amp;metaTipo23=STRING&amp;metaTipo24=STRING&amp;metaTipo25=LISTA_PESADA&amp;metaTipo26=LISTA&amp;metaTipo27=STRING&amp;metaTipo28=LISTA&amp;metaTipo29=STRING&amp;metaTipo30=STRING&amp;metaTipo31=INTEGER&amp;metaTipo32=STRING&amp;metaTipo33=STRING&amp;metaTipo34=STRING&amp;metaTipo35=LISTA&amp;metaTipo36=LISTA&amp;metaTipo37=LISTA&amp;metaTipo38=STRING&amp;metaTipo39=SEPARADOR&amp;metaTipo40=BOOLEAN&amp;metaTipo41=STRING&amp;metaTipo42=STRING&amp;metaTipo43=STRING&amp;metaTipo44=LISTA&amp;metaTipo45=BOOLEAN&amp;metaTipo46=BOOLEAN&amp;metaTipo47=BOOLEAN&amp;metaTipo48=STRING&amp;metaTipo49=TIMESTAMP&amp;metaTipo50=TIMESTAMP&amp;metaTipo51=TIMESTAMP&amp;metaTipo52=TIMESTAMP&amp;metaTipo53=TIMESTAMP&amp;metaTipo54=TIMESTAMP&amp;metaTipo55=TIMESTAMP&amp;metaTipo56=TIMESTAMP&amp;metaTipo57=TIMESTAMP&amp;metaTipo58=TIMESTAMP&amp;metaTipo59=TIMESTAMP&amp;metaTipo60=TIMESTAMP&amp;metaTipo61=TIMESTAMP&amp;metaTipo62=TIMESTAMP&amp;metaTipo63=TIMESTAMP&amp;metaTipo64=LISTA&amp;metaTipo65=LISTA&amp;metaTipo66=LISTA&amp;metaTipo67=DOUBLE&amp;metaTipo68=DOUBLE&amp;metaTipo69=DOUBLE&amp;metaTipo70=DOUBLE&amp;metaTipo71=DOUBLE&amp;metaTipo72=DOUBLE&amp;metaTipo73=DOUBLE&amp;metaTipo74=BOOLEAN&amp;metaTipo75=LISTA&amp;metaTipo76=STRING&amp;metaTipo77=STRING&amp;metaTipo78=STRING&amp;metaTipo79=STRING&amp;metaTipo80=STRING&amp;metaTipo81=STRING&amp;metaTipo82=STRING&amp;metaTipo83=BOOLEAN&amp;metaTipo84=BOOLEAN&amp;metaTipo85=STRING&amp;metaTipo86=LISTA&amp;metaTipo87=LISTA&amp;metaTipo88=LISTA_PESADA&amp;metaTipo89=LISTA&amp;metaTipo90=LISTA&amp;metaTipo91=STRING&amp;metaTipo92=LISTA&amp;metaTipo93=STRING&amp;metaTipo94=STRING&amp;metaTipo95=LISTA&amp;metaTipo96=LISTA&amp;metaTipo97=LISTA&amp;metaTipo98=BOOLEAN&amp;metaTipo99=LISTA&amp;metaTipo100=BOOLEAN&amp;metaTipo101=LISTA&amp;metaTipo102=LISTA&amp;metaTipo103=BOOLEAN&amp;metaTipo104=BOOLEAN&amp;metaTipo105=LISTA&amp;metaTipo106=LISTA&amp;metaTipo107=LISTA&amp;metaTipo108=LISTA&amp;metaTipo109=LISTA&amp;metaTipo110=STRING&amp;metaTipo111=LISTA&amp;valor=&amp;valorPesado=&amp;lista37=-1&amp;lista36=-1&amp;lista35=-1&amp;lista99=-1&amp;lista109=-1&amp;lista66=-1&amp;lista98=-1&amp;lista108=-1&amp;lista65=-1&amp;lista97=-1&amp;lista107=-1&amp;lista64=-1&amp;lista96=-1&amp;lista106=-1&amp;lista95=-1&amp;lista105=-1&amp;lista104=-1&amp;lista92=-1&amp;lista103=-1&amp;lista102=-1&amp;lista90=-1&amp;lista101=-1&amp;lista100=-1&amp;lista28=-1&amp;lista26=-1&amp;lista89=-1&amp;lista87=-1&amp;lista86=-1&amp;lista6=-1&amp;lista84=-1&amp;lista83=-1&amp;lista2=-1&amp;lista18=-1&amp;lista47=-1&amp;lista46=-1&amp;lista13=-1&amp;lista45=-1&amp;lista44=-1&amp;lista75=-1&amp;lista74=-1&amp;lista40=-1&amp;lista111=-1</queryString>
  <url>https://preproduccion.sge:443/gepa/BusquedaAction.do</url>
</httpSample>
<httpSample t="218" lt="0" ts="1298631757403" s="true" lb="/gepa/scripts/scriptaculous/scriptaculous.js" rc="200" by="5068">
  <responseHeader class="java.lang.String">HTTP/1.0 200 OK
Date: Fri, 25 Feb 2011 11:02:37 GMT
Server: Oracle-Application-Server-10g/10.1.2.2.0 Oracle-HTTP-Server
Content-Length: 5068
Set-Cookie: JSESSIONID=56af74fa60d60e085109b9333076e1fa2f91f866e0f1e26e127f4f5e96ee1f34.e3eSbhiLaNyPe3yNbNyQc3qSai1BqBjKpPXxqAa; path=/login
Content-Type: text/html; charset=ISO-8859-1
</responseHeader>
  <requestHeader class="java.lang.String">Accept-Language: es-ES
Accept: */*
User-Agent: Mozilla/4.0 (compatible; MSIE 7.0; Windows NT 6.1; Trident/4.0; SLCC2; .NET CLR 2.0.50727; .NET CLR 3.5.30729; .NET CLR 3.0.30729; Media Center PC 6.0; MDDS; .NET4.0C)
Accept-Encoding: gzip, deflate
Referer: http://picasso:8888/gepa/BusquedaAction.do
</requestHeader>
  <cookies class="java.lang.String"></cookies>
  <method class="java.lang.String">GET</method>
  <queryString class="java.lang.String"></queryString>
  <redirectLocation class="java.lang.String">https://login-pre.sge/pls/orasso/orasso.wwsso_app_admin.ls_login?Site2pstoreToken=v1.4~CEF0A91F~868AEB9B89336CBAC1769DB23ABAFD9677E0C0CDB24EAB9C2F583AA0AF554EB7FE73BD90C8F53827DBF4DB9BE76D8EC279F7EBC21AA2C2405E4C9A893541A12F63FC4F5357206C28C3D29D5D5B4EAC9E6150914E85A03A203DBEFE45E9538F2AB208A0A2C5A922BC0F98170D66C7721E407260892E31D6F1F2C22B85E50213BDD88A95E3E4F9F41B28B67C88A50A8BE03A0ACFE5EB82882113FA5D4992141E5C40D15957389937E974ADADD58CD79155A9FDAD7EE79589B6BB36B11773836F04E7E24DE9A4FA4857161BF3C01539CCE8649D405D807EF3CAB0CC98DADC5F301E60346CD0C3CA983BDB9D11BA8E7784D7335BEDF04D4D4C6688E8CC2DBFB219E06343058289A2ED8992C3ED01E86198EF</redirectLocation>
  <url>https://preproduccion.sge/login/login.jsp?site2pstoretoken=v1.4~CEF0A91F~868AEB9B89336CBAC1769DB23ABAFD9677E0C0CDB24EAB9C2F583AA0AF554EB7FE73BD90C8F53827DBF4DB9BE76D8EC279F7EBC21AA2C2405E4C9A893541A12F63FC4F5357206C28C3D29D5D5B4EAC9E6150914E85A03A203DBEFE45E9538F2AB208A0A2C5A922BC0F98170D66C7721E407260892E31D6F1F2C22B85E50213BDD88A95E3E4F9F41B28B67C88A50A8BE03A0ACFE5EB82882113FA5D4992141E5C40D15957389937E974ADADD58CD79155A9FDAD7EE79589B6BB36B11773836F04E7E24DE9A4FA4857161BF3C01539CCE8649D405D807EF3CAB0CC98DADC5F301E60346CD0C3CA983BDB9D11BA8E7784D7335BEDF04D4D4C6688E8CC2DBFB219E06343058289A2ED8992C3ED01E86198EF&amp;p_error_code=&amp;p_submit_url=https%3A%2F%2Flogin-pre.sge%2Fsso%2Fauth&amp;p_cancel_url=https%3A%2F%2Fpreproduccion.sge&amp;ssousername=&amp;subscribername=</url>
</httpSample>
<httpSample t="219" lt="0" ts="1298631757621" s="true" lb="/gepa/ResultadoBusquedaAction.do" rc="200" by="5004">
  <responseHeader class="java.lang.String">HTTP/1.0 200 OK
Date: Fri, 25 Feb 2011 11:02:37 GMT
Server: Oracle-Application-Server-10g/10.1.2.2.0 Oracle-HTTP-Server
Content-Length: 5004
Set-Cookie: JSESSIONID=b675e567b2852073491ebd197516052bfd23450de01fe808c00af9e3607abb7f.e38Ob3aOaheRe34Mb3qSax0Pahz0nR9Pq6XteP93; path=/login
Content-Type: text/html; charset=ISO-8859-1
</responseHeader>
  <requestHeader class="java.lang.String">Accept-Language: es-ES
Accept: image/jpeg, application/x-ms-application, image/gif, application/xaml+xml, image/pjpeg, application/x-ms-xbap, application/vnd.ms-powerpoint, application/vnd.ms-excel, application/msword, */*
User-Agent: Mozilla/4.0 (compatible; MSIE 7.0; Windows NT 6.1; Trident/4.0; SLCC2; .NET CLR 2.0.50727; .NET CLR 3.5.30729; .NET CLR 3.0.30729; Media Center PC 6.0; MDDS; .NET4.0C)
Accept-Encoding: gzip, deflate
Referer: http://picasso:8888/gepa/BusquedaAction.do
</requestHeader>
  <cookies class="java.lang.String"></cookies>
  <method class="java.lang.String">GET</method>
  <queryString class="java.lang.String"></queryString>
  <redirectLocation class="java.lang.String">https://login-pre.sge/pls/orasso/orasso.wwsso_app_admin.ls_login?Site2pstoreToken=v1.4~CEF0A91F~868AEB9B89336CBAC1769DB23ABAFD9677E0C0CDB24EAB9C2F583AA0AF554EB7FE73BD90C8F53827DBF4DB9BE76D8EC279F7EBC21AA2C2405E4C9A893541A12F63FC4F5357206C28C3D29D5D5B4EAC9E6150914E85A03A203DBEFE45E9538F2A7B63971664ACE9AA520F309BBF7F28F1A0342DB70334876B54A1B370F79421563A2DBBA3BEAA9C6ED500EBA82C671C6D74F545E716CE9625B3439906DFC0C47D1CA1AA890B8E005CB3FBACE7472CE6EFEBE4F8795467D0C2FDF8D0CDF3A0C509BE0FEE9880B9A256E8EB138C82AB985A27592C05BA8BBA2E649571E60CD797E3B8647F8AFAE2C8282904C255647DA4C5FFDA7481DF314F29EFD806034840944D</redirectLocation>
  <url>https://preproduccion.sge/login/login.jsp?site2pstoretoken=v1.4~CEF0A91F~868AEB9B89336CBAC1769DB23ABAFD9677E0C0CDB24EAB9C2F583AA0AF554EB7FE73BD90C8F53827DBF4DB9BE76D8EC279F7EBC21AA2C2405E4C9A893541A12F63FC4F5357206C28C3D29D5D5B4EAC9E6150914E85A03A203DBEFE45E9538F2A7B63971664ACE9AA520F309BBF7F28F1A0342DB70334876B54A1B370F79421563A2DBBA3BEAA9C6ED500EBA82C671C6D74F545E716CE9625B3439906DFC0C47D1CA1AA890B8E005CB3FBACE7472CE6EFEBE4F8795467D0C2FDF8D0CDF3A0C509BE0FEE9880B9A256E8EB138C82AB985A27592C05BA8BBA2E649571E60CD797E3B8647F8AFAE2C8282904C255647DA4C5FFDA7481DF314F29EFD806034840944D&amp;p_error_code=&amp;p_submit_url=https%3A%2F%2Flogin-pre.sge%2Fsso%2Fauth&amp;p_cancel_url=https%3A%2F%2Fpreproduccion.sge&amp;ssousername=&amp;subscribername=</url>
</httpSample>
<httpSample t="203" lt="0" ts="1298631757840" s="true" lb="/gepa/scripts/scriptaculous/scriptaculous.js" rc="200" by="5068">
  <responseHeader class="java.lang.String">HTTP/1.0 200 OK
Date: Fri, 25 Feb 2011 11:02:37 GMT
Server: Oracle-Application-Server-10g/10.1.2.2.0 Oracle-HTTP-Server
Content-Length: 5068
Set-Cookie: JSESSIONID=3b8593ebc232a2c517bf080956b1dfeebc8321b565eb017258bf4a83122e9c01.e3eSbhiLaNyPe3yNbNyQc3qSai1BqBjKpPXxqAa; path=/login
Content-Type: text/html; charset=ISO-8859-1
</responseHeader>
  <requestHeader class="java.lang.String">Accept-Language: es-ES
Accept: */*
User-Agent: Mozilla/4.0 (compatible; MSIE 7.0; Windows NT 6.1; Trident/4.0; SLCC2; .NET CLR 2.0.50727; .NET CLR 3.5.30729; .NET CLR 3.0.30729; Media Center PC 6.0; MDDS; .NET4.0C)
Accept-Encoding: gzip, deflate
Referer: http://picasso:8888/gepa/ResultadoBusquedaAction.do?accion=gestionExp&amp;indice=0
</requestHeader>
  <cookies class="java.lang.String"></cookies>
  <method class="java.lang.String">GET</method>
  <queryString class="java.lang.String"></queryString>
  <redirectLocation class="java.lang.String">https://login-pre.sge/pls/orasso/orasso.wwsso_app_admin.ls_login?Site2pstoreToken=v1.4~CEF0A91F~868AEB9B89336CBAC1769DB23ABAFD9677E0C0CDB24EAB9C2F583AA0AF554EB7FE73BD90C8F53827DBF4DB9BE76D8EC279F7EBC21AA2C2405E4C9A893541A12F63FC4F5357206C28C3D29D5D5B4EAC9E6150914E85A03A203DBEFE45E9538F2AB208A0A2C5A922BC0F98170D66C7721E407260892E31D6F1F2C22B85E50213BDD88A95E3E4F9F41B28B67C88A50A8BE03A0ACFE5EB82882113FA5D4992141E5C40D15957389937E974ADADD58CD79155A9FDAD7EE79589B6BB36B11773836F04E7E24DE9A4FA4857161BF3C01539CCE8649D405D807EF3CAB0CC98DADC5F301E60346CD0C3CA983BDB9D11BA8E7784D7335BEDF04D4D4C6688E8CC2DBFB219E06343058289A2ED8992C3ED01E86198EF</redirectLocation>
  <url>https://preproduccion.sge/login/login.jsp?site2pstoretoken=v1.4~CEF0A91F~868AEB9B89336CBAC1769DB23ABAFD9677E0C0CDB24EAB9C2F583AA0AF554EB7FE73BD90C8F53827DBF4DB9BE76D8EC279F7EBC21AA2C2405E4C9A893541A12F63FC4F5357206C28C3D29D5D5B4EAC9E6150914E85A03A203DBEFE45E9538F2AB208A0A2C5A922BC0F98170D66C7721E407260892E31D6F1F2C22B85E50213BDD88A95E3E4F9F41B28B67C88A50A8BE03A0ACFE5EB82882113FA5D4992141E5C40D15957389937E974ADADD58CD79155A9FDAD7EE79589B6BB36B11773836F04E7E24DE9A4FA4857161BF3C01539CCE8649D405D807EF3CAB0CC98DADC5F301E60346CD0C3CA983BDB9D11BA8E7784D7335BEDF04D4D4C6688E8CC2DBFB219E06343058289A2ED8992C3ED01E86198EF&amp;p_error_code=&amp;p_submit_url=https%3A%2F%2Flogin-pre.sge%2Fsso%2Fauth&amp;p_cancel_url=https%3A%2F%2Fpreproduccion.sge&amp;ssousername=&amp;subscribername=</url>
</httpSample>
<httpSample t="203" lt="0" ts="1298631758043" s="true" lb="/gepa/ConexionAction.do" rc="200" by="5420">
  <responseHeader class="java.lang.String">HTTP/1.0 200 OK
Date: Fri, 25 Feb 2011 11:02:38 GMT
Server: Oracle-Application-Server-10g/10.1.2.2.0 Oracle-HTTP-Server
Content-Length: 5420
Set-Cookie: JSESSIONID=265aa4db4249f1942cb4b7183e6c9b4bb5f6ce04943bf6d092669c47a93fe755.e38Ob3aOaheRe34Mb3qSax0Pahz0nR9Pq6XteP93; path=/login
Content-Type: text/html; charset=ISO-8859-1
</responseHeader>
  <requestHeader class="java.lang.String">Accept-Language: es
Accept: */*
User-Agent: Mozilla/4.0 (compatible; MSIE 7.0; Windows NT 6.1; Trident/4.0; SLCC2; .NET CLR 2.0.50727; .NET CLR 3.5.30729; .NET CLR 3.0.30729; Media Center PC 6.0; MDDS; .NET4.0C)
Accept-Encoding: gzip, deflate
</requestHeader>
  <cookies class="java.lang.String"></cookies>
  <method class="java.lang.String">GET</method>
  <queryString class="java.lang.String"></queryString>
  <redirectLocation class="java.lang.String">https://login-pre.sge/pls/orasso/orasso.wwsso_app_admin.ls_login?Site2pstoreToken=v1.4~CEF0A91F~FA7D7302A1F5F72242C90AC267BD8B320DC4EEBC20D8680A69AC890BB241E1129A9C9A739B770A95E0560EB71181DCAE8CE22FF54D706451F47A36BBECB69D651AE732CCFB0D4DA4A6B0F8D1F32EC0AB9041AD8D9E12BB2F5CEC3DB643F89BA0E2B77AA0276D28D4517CC1A436B7E3EFC9435F00C62D02AB7871695478D2FA3AB3205FEE819B50BEC8A20BA74B403B2C4952853997F298F3D5FCEC8CE53431625EA47CE1B9305D1146A2C8EE1C54F76F034AC9E3E62F63F0F6EFEAF5467A2B799B0936B1D22B81E8431F45EF8F262A1F8AB6E3F3BB63CE1D7224287F00FBC92B776A646C67CFFA9018F5169ED1964AC7211A218361F634B16E617D0609C819D53D23A24AA8D6252208206F10185127040A0336BCC423D3E833D6CFE7950EC037E34CA29107812CC789133AF0839C90FABEE459956E3F401A512B851C07C5037BA0050E9AFAF5AC70E6572F0D7659C79502F8839CA52DFB826EE0AD990EA4A9258283F31E5466A4DE</redirectLocation>
  <url>https://preproduccion.sge/login/login.jsp?site2pstoretoken=v1.4~CEF0A91F~FA7D7302A1F5F72242C90AC267BD8B320DC4EEBC20D8680A69AC890BB241E1129A9C9A739B770A95E0560EB71181DCAE8CE22FF54D706451F47A36BBECB69D651AE732CCFB0D4DA4A6B0F8D1F32EC0AB9041AD8D9E12BB2F5CEC3DB643F89BA0E2B77AA0276D28D4517CC1A436B7E3EFC9435F00C62D02AB7871695478D2FA3AB3205FEE819B50BEC8A20BA74B403B2C4952853997F298F3D5FCEC8CE53431625EA47CE1B9305D1146A2C8EE1C54F76F034AC9E3E62F63F0F6EFEAF5467A2B799B0936B1D22B81E8431F45EF8F262A1F8AB6E3F3BB63CE1D7224287F00FBC92B776A646C67CFFA9018F5169ED1964AC7211A218361F634B16E617D0609C819D53D23A24AA8D6252208206F10185127040A0336BCC423D3E833D6CFE7950EC037E34CA29107812CC789133AF0839C90FABEE459956E3F401A512B851C07C5037BA0050E9AFAF5AC70E6572F0D7659C79502F8839CA52DFB826EE0AD990EA4A9258283F31E5466A4DE&amp;p_error_code=&amp;p_submit_url=https%3A%2F%2Flogin-pre.sge%2Fsso%2Fauth&amp;p_cancel_url=https%3A%2F%2Fpreproduccion.sge&amp;ssousername=&amp;subscribername=</url>
</httpSample>
<httpSample t="219" lt="0" ts="1298631758246" s="true" lb="/gepa/scripts/scriptaculous/scriptaculous.js" rc="200" by="5100">
  <responseHeader class="java.lang.String">HTTP/1.0 200 OK
Date: Fri, 25 Feb 2011 11:02:38 GMT
Server: Oracle-Application-Server-10g/10.1.2.2.0 Oracle-HTTP-Server
Content-Length: 5100
Set-Cookie: JSESSIONID=93ebaa01e300658bd24eb23518c060894f4d6b4c6a8d04597279fd0713e5c8a0.e3eSbhiLaNyPe3yNbNyQc3qSai1BqBjKpPXxqAa; path=/login
Content-Type: text/html; charset=ISO-8859-1
</responseHeader>
  <requestHeader class="java.lang.String">Accept-Language: es-ES
Accept: */*
User-Agent: Mozilla/4.0 (compatible; MSIE 7.0; Windows NT 6.1; Trident/4.0; SLCC2; .NET CLR 2.0.50727; .NET CLR 3.5.30729; .NET CLR 3.0.30729; Media Center PC 6.0; MDDS; .NET4.0C)
Accept-Encoding: gzip, deflate
Referer: http://picasso:8888/gepa/ConexionAction.do?POSTDATA=variosPerfiles=true&amp;accion=iniciar&amp;codigoEntidad=DYS&amp;codigo=jcnegredo&amp;contrasenya=dysmatica&amp;rolSeleccionado=25
</requestHeader>
  <cookies class="java.lang.String"></cookies>
  <method class="java.lang.String">GET</method>
  <queryString class="java.lang.String"></queryString>
  <redirectLocation class="java.lang.String">https://login-pre.sge/pls/orasso/orasso.wwsso_app_admin.ls_login?Site2pstoreToken=v1.4~CEF0A91F~FA7D7302A1F5F72242C90AC267BD8B320DC4EEBC20D8680A69AC890BB241E1129A9C9A739B770A95E0560EB71181DCAE8CE22FF54D706451F47A36BBECB69D651AE732CCFB0D4DA4A6B0F8D1F32EC0AB9041AD8D9E12BB2F5CEC3DB643F89BA0CB153366041DE847967C251FC35709D9192DF92AD0045E3CD86139A792FBF0A7B787D66F39C6B1EDAD6F83D42B2D23C2E71CBA4171DEECA4401174B67790868C2A7C5B8069195ED2D376F1A539323B75A4D0A3ABAFABBC3F9C573A1E7E0A2A955AEC4B07456F09904C7DE6B68679764D1A4EF57118F5D907E0EF0ED39F96C2C4B6741B950E697E70E41C743CCC3AA42CFC747B578C92D0120AA4CFEE0AF2CB1DB490B00444DBA68EDD33BF534157C0A16029BE61618A415F</redirectLocation>
  <url>https://preproduccion.sge/login/login.jsp?site2pstoretoken=v1.4~CEF0A91F~FA7D7302A1F5F72242C90AC267BD8B320DC4EEBC20D8680A69AC890BB241E1129A9C9A739B770A95E0560EB71181DCAE8CE22FF54D706451F47A36BBECB69D651AE732CCFB0D4DA4A6B0F8D1F32EC0AB9041AD8D9E12BB2F5CEC3DB643F89BA0CB153366041DE847967C251FC35709D9192DF92AD0045E3CD86139A792FBF0A7B787D66F39C6B1EDAD6F83D42B2D23C2E71CBA4171DEECA4401174B67790868C2A7C5B8069195ED2D376F1A539323B75A4D0A3ABAFABBC3F9C573A1E7E0A2A955AEC4B07456F09904C7DE6B68679764D1A4EF57118F5D907E0EF0ED39F96C2C4B6741B950E697E70E41C743CCC3AA42CFC747B578C92D0120AA4CFEE0AF2CB1DB490B00444DBA68EDD33BF534157C0A16029BE61618A415F&amp;p_error_code=&amp;p_submit_url=https%3A%2F%2Flogin-pre.sge%2Fsso%2Fauth&amp;p_cancel_url=https%3A%2F%2Fpreproduccion.sge&amp;ssousername=&amp;subscribername=</url>
</httpSample>
<httpSample t="31" lt="31" ts="1298631758465" s="false" lb="/gepa/ConexionAction.do;jsessionid=eb634fe5b58b0bcb96508261e275709f9c8e236e3e15aeb347f0741aac2dda55" rc="500" by="778">
  <responseHeader class="java.lang.String">HTTP/1.0 500 Internal Server Error
Date: Fri, 25 Feb 2011 11:02:38 GMT
Server: Oracle-Application-Server-10g/10.1.2.2.0 Oracle-HTTP-Server
Content-Type: text/html; charset=iso-8859-1
</responseHeader>
  <requestHeader class="java.lang.String">Content-Type: application/x-www-form-urlencoded
Accept-Language: es-ES
Accept: image/jpeg, application/x-ms-application, image/gif, application/xaml+xml, image/pjpeg, application/x-ms-xbap, application/vnd.ms-powerpoint, application/vnd.ms-excel, application/msword, */*
User-Agent: Mozilla/4.0 (compatible; MSIE 7.0; Windows NT 6.1; Trident/4.0; SLCC2; .NET CLR 2.0.50727; .NET CLR 3.5.30729; .NET CLR 3.0.30729; Media Center PC 6.0; MDDS; .NET4.0C)
Accept-Encoding: gzip, deflate
Referer: http://picasso:8888/gepa/ConexionAction.do?POSTDATA=variosPerfiles=true&amp;accion=iniciar&amp;codigoEntidad=DYS&amp;codigo=jcnegredo&amp;contrasenya=dysmatica&amp;rolSeleccionado=25
Pragma: no-cache
</requestHeader>
  <cookies class="java.lang.String"></cookies>
  <method class="java.lang.String">POST</method>
  <queryString class="java.lang.String">variosPerfiles=true&amp;accion=seleccionarPerfil&amp;codigoEntidad=DYS&amp;rolSeleccionado=25</queryString>
  <url>https://preproduccion.sge:443/gepa/ConexionAction.do;jsessionid=eb634fe5b58b0bcb96508261e275709f9c8e236e3e15aeb347f0741aac2dda55</url>
</httpSample>
<httpSample t="188" lt="0" ts="1298631758496" s="true" lb="/gepa/scripts/scriptaculous/scriptaculous.js" rc="200" by="5100">
  <responseHeader class="java.lang.String">HTTP/1.0 200 OK
Date: Fri, 25 Feb 2011 11:02:38 GMT
Server: Oracle-Application-Server-10g/10.1.2.2.0 Oracle-HTTP-Server
Content-Length: 5100
Set-Cookie: JSESSIONID=ee380cf95e39c2941eb350c7a1965f6fce15d423c00d45f9340e9c07bbb565f8.e38Ob3aOaheRe34Mb3qSax0Pahz0nR9Pq6XteP93; path=/login
Content-Type: text/html; charset=ISO-8859-1
</responseHeader>
  <requestHeader class="java.lang.String">Accept-Language: es-ES
Accept: */*
User-Agent: Mozilla/4.0 (compatible; MSIE 7.0; Windows NT 6.1; Trident/4.0; SLCC2; .NET CLR 2.0.50727; .NET CLR 3.5.30729; .NET CLR 3.0.30729; Media Center PC 6.0; MDDS; .NET4.0C)
Accept-Encoding: gzip, deflate
Referer: http://picasso:8888/gepa/ConexionAction.do;jsessionid=eb634fe5b58b0bcb96508261e275709f9c8e236e3e15aeb347f0741aac2dda55
</requestHeader>
  <cookies class="java.lang.String"></cookies>
  <method class="java.lang.String">GET</method>
  <queryString class="java.lang.String"></queryString>
  <redirectLocation class="java.lang.String">https://login-pre.sge/pls/orasso/orasso.wwsso_app_admin.ls_login?Site2pstoreToken=v1.4~CEF0A91F~FA7D7302A1F5F72242C90AC267BD8B320DC4EEBC20D8680A69AC890BB241E1129A9C9A739B770A95E0560EB71181DCAE8CE22FF54D706451F47A36BBECB69D651AE732CCFB0D4DA4A6B0F8D1F32EC0AB9041AD8D9E12BB2F5CEC3DB643F89BA0CB153366041DE847967C251FC35709D9192DF92AD0045E3CD86139A792FBF0A7B787D66F39C6B1EDAD6F83D42B2D23C2E71CBA4171DEECA4401174B67790868C2A7C5B8069195ED2D376F1A539323B75A4D0A3ABAFABBC3F9C573A1E7E0A2A955AEC4B07456F09904C7DE6B68679764D1A4EF57118F5D907E0EF0ED39F96C2C4B6741B950E697E70E41C743CCC3AA42CFC747B578C92D0120AA4CFEE0AF2CB1DB490B00444DBA68EDD33BF534157C0A16029BE61618A415F</redirectLocation>
  <url>https://preproduccion.sge/login/login.jsp?site2pstoretoken=v1.4~CEF0A91F~FA7D7302A1F5F72242C90AC267BD8B320DC4EEBC20D8680A69AC890BB241E1129A9C9A739B770A95E0560EB71181DCAE8CE22FF54D706451F47A36BBECB69D651AE732CCFB0D4DA4A6B0F8D1F32EC0AB9041AD8D9E12BB2F5CEC3DB643F89BA0CB153366041DE847967C251FC35709D9192DF92AD0045E3CD86139A792FBF0A7B787D66F39C6B1EDAD6F83D42B2D23C2E71CBA4171DEECA4401174B67790868C2A7C5B8069195ED2D376F1A539323B75A4D0A3ABAFABBC3F9C573A1E7E0A2A955AEC4B07456F09904C7DE6B68679764D1A4EF57118F5D907E0EF0ED39F96C2C4B6741B950E697E70E41C743CCC3AA42CFC747B578C92D0120AA4CFEE0AF2CB1DB490B00444DBA68EDD33BF534157C0A16029BE61618A415F&amp;p_error_code=&amp;p_submit_url=https%3A%2F%2Flogin-pre.sge%2Fsso%2Fauth&amp;p_cancel_url=https%3A%2F%2Fpreproduccion.sge&amp;ssousername=&amp;subscribername=</url>
</httpSample>
<httpSample t="47" lt="47" ts="1298631758684" s="false" lb="/gepa/BusquedaAction.do" rc="500" by="778">
  <responseHeader class="java.lang.String">HTTP/1.0 500 Internal Server Error
Date: Fri, 25 Feb 2011 11:02:38 GMT
Server: Oracle-Application-Server-10g/10.1.2.2.0 Oracle-HTTP-Server
Content-Type: text/html; charset=iso-8859-1
</responseHeader>
  <requestHeader class="java.lang.String">Content-Type: application/x-www-form-urlencoded
Accept-Language: es-ES
Accept: image/jpeg, application/x-ms-application, image/gif, application/xaml+xml, image/pjpeg, application/x-ms-xbap, application/vnd.ms-powerpoint, application/vnd.ms-excel, application/msword, */*
User-Agent: Mozilla/4.0 (compatible; MSIE 7.0; Windows NT 6.1; Trident/4.0; SLCC2; .NET CLR 2.0.50727; .NET CLR 3.5.30729; .NET CLR 3.0.30729; Media Center PC 6.0; MDDS; .NET4.0C)
Accept-Encoding: gzip, deflate
Referer: http://picasso:8888/gepa/ConexionAction.do;jsessionid=eb634fe5b58b0bcb96508261e275709f9c8e236e3e15aeb347f0741aac2dda55
Pragma: no-cache
</requestHeader>
  <cookies class="java.lang.String"></cookies>
  <method class="java.lang.String">POST</method>
  <queryString class="java.lang.String">accion=buscar&amp;modo=rapida&amp;avanzadaDesplegada=false&amp;descElemPesado=&amp;identificacionRapida=&amp;nombreRapida=&amp;apellido1Rapida=&amp;apellido2Rapida=&amp;anyoRapida=&amp;numeroRapida=&amp;desdeRapida=&amp;hastaRapida=&amp;tramiteRapida=-1&amp;estadoRapida=-1&amp;idBusqueda=-1&amp;idClases=26&amp;metaTipo0=STRING&amp;metaTipo1=STRING&amp;metaTipo2=LISTA&amp;metaTipo3=STRING&amp;metaTipo4=LISTA_PESADA&amp;metaTipo5=STRING&amp;metaTipo6=LISTA&amp;metaTipo7=STRING&amp;metaTipo8=STRING&amp;metaTipo9=STRING&amp;metaTipo10=STRING&amp;metaTipo11=STRING&amp;metaTipo12=STRING&amp;metaTipo13=LISTA&amp;metaTipo14=STRING&amp;metaTipo15=TIMESTAMP&amp;metaTipo16=TIMESTAMP&amp;metaTipo17=TIMESTAMP&amp;metaTipo18=LISTA&amp;metaTipo19=LISTA_PESADA&amp;metaTipo20=STRING&amp;metaTipo21=STRING&amp;metaTipo22=STRING&amp;metaTipo23=STRING&amp;metaTipo24=STRING&amp;metaTipo25=LISTA_PESADA&amp;metaTipo26=LISTA&amp;metaTipo27=STRING&amp;metaTipo28=LISTA&amp;metaTipo29=STRING&amp;metaTipo30=STRING&amp;metaTipo31=INTEGER&amp;metaTipo32=STRING&amp;metaTipo33=STRING&amp;metaTipo34=STRING&amp;metaTipo35=LISTA&amp;metaTipo36=LISTA&amp;metaTipo37=LISTA&amp;metaTipo38=STRING&amp;metaTipo39=SEPARADOR&amp;metaTipo40=BOOLEAN&amp;metaTipo41=STRING&amp;metaTipo42=STRING&amp;metaTipo43=STRING&amp;metaTipo44=LISTA&amp;metaTipo45=BOOLEAN&amp;metaTipo46=BOOLEAN&amp;metaTipo47=BOOLEAN&amp;metaTipo48=STRING&amp;metaTipo49=TIMESTAMP&amp;metaTipo50=TIMESTAMP&amp;metaTipo51=TIMESTAMP&amp;metaTipo52=TIMESTAMP&amp;metaTipo53=TIMESTAMP&amp;metaTipo54=TIMESTAMP&amp;metaTipo55=TIMESTAMP&amp;metaTipo56=TIMESTAMP&amp;metaTipo57=TIMESTAMP&amp;metaTipo58=TIMESTAMP&amp;metaTipo59=TIMESTAMP&amp;metaTipo60=TIMESTAMP&amp;metaTipo61=TIMESTAMP&amp;metaTipo62=TIMESTAMP&amp;metaTipo63=TIMESTAMP&amp;metaTipo64=LISTA&amp;metaTipo65=LISTA&amp;metaTipo66=LISTA&amp;metaTipo67=DOUBLE&amp;metaTipo68=DOUBLE&amp;metaTipo69=DOUBLE&amp;metaTipo70=DOUBLE&amp;metaTipo71=DOUBLE&amp;metaTipo72=DOUBLE&amp;metaTipo73=DOUBLE&amp;metaTipo74=BOOLEAN&amp;metaTipo75=LISTA&amp;metaTipo76=STRING&amp;metaTipo77=STRING&amp;metaTipo78=STRING&amp;metaTipo79=STRING&amp;metaTipo80=STRING&amp;metaTipo81=STRING&amp;metaTipo82=STRING&amp;metaTipo83=BOOLEAN&amp;metaTipo84=BOOLEAN&amp;metaTipo85=STRING&amp;metaTipo86=LISTA&amp;metaTipo87=LISTA&amp;metaTipo88=LISTA_PESADA&amp;metaTipo89=LISTA&amp;metaTipo90=LISTA&amp;metaTipo91=STRING&amp;metaTipo92=LISTA&amp;metaTipo93=STRING&amp;metaTipo94=STRING&amp;metaTipo95=LISTA&amp;metaTipo96=LISTA&amp;metaTipo97=LISTA&amp;metaTipo98=BOOLEAN&amp;metaTipo99=LISTA&amp;metaTipo100=BOOLEAN&amp;metaTipo101=LISTA&amp;metaTipo102=LISTA&amp;metaTipo103=BOOLEAN&amp;metaTipo104=BOOLEAN&amp;metaTipo105=LISTA&amp;metaTipo106=LISTA&amp;metaTipo107=LISTA&amp;metaTipo108=LISTA&amp;metaTipo109=LISTA&amp;metaTipo110=STRING&amp;metaTipo111=LISTA&amp;valor=&amp;valorPesado=&amp;lista37=-1&amp;lista36=-1&amp;lista35=-1&amp;lista99=-1&amp;lista109=-1&amp;lista66=-1&amp;lista98=-1&amp;lista108=-1&amp;lista65=-1&amp;lista97=-1&amp;lista107=-1&amp;lista64=-1&amp;lista96=-1&amp;lista106=-1&amp;lista95=-1&amp;lista105=-1&amp;lista104=-1&amp;lista92=-1&amp;lista103=-1&amp;lista102=-1&amp;lista90=-1&amp;lista101=-1&amp;lista100=-1&amp;lista28=-1&amp;lista26=-1&amp;lista89=-1&amp;lista87=-1&amp;lista86=-1&amp;lista6=-1&amp;lista84=-1&amp;lista83=-1&amp;lista2=-1&amp;lista18=-1&amp;lista47=-1&amp;lista46=-1&amp;lista13=-1&amp;lista45=-1&amp;lista44=-1&amp;lista75=-1&amp;lista74=-1&amp;lista40=-1&amp;lista111=-1</queryString>
  <url>https://preproduccion.sge:443/gepa/BusquedaAction.do</url>
</httpSample>
<httpSample t="203" lt="0" ts="1298631758731" s="true" lb="/gepa/scripts/scriptaculous/scriptaculous.js" rc="200" by="5100">
  <responseHeader class="java.lang.String">HTTP/1.0 200 OK
Date: Fri, 25 Feb 2011 11:02:38 GMT
Server: Oracle-Application-Server-10g/10.1.2.2.0 Oracle-HTTP-Server
Content-Length: 5100
Set-Cookie: JSESSIONID=e87a5be106441f31cebee5bd4114f7f06e1627e1e52b6a92810a796fa670ee25.e38Ob3aOaheRe34Mb3qSax0Pahz0nR9Pq6XteP93; path=/login
Content-Type: text/html; charset=ISO-8859-1
</responseHeader>
  <requestHeader class="java.lang.String">Accept-Language: es-ES
Accept: */*
User-Agent: Mozilla/4.0 (compatible; MSIE 7.0; Windows NT 6.1; Trident/4.0; SLCC2; .NET CLR 2.0.50727; .NET CLR 3.5.30729; .NET CLR 3.0.30729; Media Center PC 6.0; MDDS; .NET4.0C)
Accept-Encoding: gzip, deflate
Referer: http://picasso:8888/gepa/BusquedaAction.do
</requestHeader>
  <cookies class="java.lang.String"></cookies>
  <method class="java.lang.String">GET</method>
  <queryString class="java.lang.String"></queryString>
  <redirectLocation class="java.lang.String">https://login-pre.sge/pls/orasso/orasso.wwsso_app_admin.ls_login?Site2pstoreToken=v1.4~CEF0A91F~FA7D7302A1F5F72242C90AC267BD8B320DC4EEBC20D8680A69AC890BB241E1129A9C9A739B770A95E0560EB71181DCAE8CE22FF54D706451F47A36BBECB69D651AE732CCFB0D4DA4A6B0F8D1F32EC0AB9041AD8D9E12BB2F5CEC3DB643F89BA0CB153366041DE847967C251FC35709D9192DF92AD0045E3CD86139A792FBF0A7B787D66F39C6B1EDAD6F83D42B2D23C2E71CBA4171DEECA4401174B67790868C2A7C5B8069195ED2D376F1A539323B75A4D0A3ABAFABBC3F9C573A1E7E0A2A955AEC4B07456F09904C7DE6B68679764D1A4EF57118F5D907E0EF0ED39F96C2C4B6741B950E697E70E41C743CCC3AA42CFC747B578C92D0120AA4CFEE0AF2CB1DB490B00444DBA68EDD33BF534157C0A16029BE61618A415F</redirectLocation>
  <url>https://preproduccion.sge/login/login.jsp?site2pstoretoken=v1.4~CEF0A91F~FA7D7302A1F5F72242C90AC267BD8B320DC4EEBC20D8680A69AC890BB241E1129A9C9A739B770A95E0560EB71181DCAE8CE22FF54D706451F47A36BBECB69D651AE732CCFB0D4DA4A6B0F8D1F32EC0AB9041AD8D9E12BB2F5CEC3DB643F89BA0CB153366041DE847967C251FC35709D9192DF92AD0045E3CD86139A792FBF0A7B787D66F39C6B1EDAD6F83D42B2D23C2E71CBA4171DEECA4401174B67790868C2A7C5B8069195ED2D376F1A539323B75A4D0A3ABAFABBC3F9C573A1E7E0A2A955AEC4B07456F09904C7DE6B68679764D1A4EF57118F5D907E0EF0ED39F96C2C4B6741B950E697E70E41C743CCC3AA42CFC747B578C92D0120AA4CFEE0AF2CB1DB490B00444DBA68EDD33BF534157C0A16029BE61618A415F&amp;p_error_code=&amp;p_submit_url=https%3A%2F%2Flogin-pre.sge%2Fsso%2Fauth&amp;p_cancel_url=https%3A%2F%2Fpreproduccion.sge&amp;ssousername=&amp;subscribername=</url>
</httpSample>
<httpSample t="203" lt="0" ts="1298631758950" s="true" lb="/gepa/ResultadoBusquedaAction.do" rc="200" by="5004">
  <responseHeader class="java.lang.String">HTTP/1.0 200 OK
Date: Fri, 25 Feb 2011 11:02:39 GMT
Server: Oracle-Application-Server-10g/10.1.2.2.0 Oracle-HTTP-Server
Content-Length: 5004
Set-Cookie: JSESSIONID=f2155228d193fc7109c4226c63f10021651b653b2b90ac862fce2ebf2eacb94b.e3eSbhiLaNyPe3yNbNyQc3qSai1BqBjKpPXxqAa; path=/login
Content-Type: text/html; charset=ISO-8859-1
</responseHeader>
  <requestHeader class="java.lang.String">Accept-Language: es-ES
Accept: image/jpeg, application/x-ms-application, image/gif, application/xaml+xml, image/pjpeg, application/x-ms-xbap, application/vnd.ms-powerpoint, application/vnd.ms-excel, application/msword, */*
User-Agent: Mozilla/4.0 (compatible; MSIE 7.0; Windows NT 6.1; Trident/4.0; SLCC2; .NET CLR 2.0.50727; .NET CLR 3.5.30729; .NET CLR 3.0.30729; Media Center PC 6.0; MDDS; .NET4.0C)
Accept-Encoding: gzip, deflate
Referer: http://picasso:8888/gepa/BusquedaAction.do
</requestHeader>
  <cookies class="java.lang.String"></cookies>
  <method class="java.lang.String">GET</method>
  <queryString class="java.lang.String"></queryString>
  <redirectLocation class="java.lang.String">https://login-pre.sge/pls/orasso/orasso.wwsso_app_admin.ls_login?Site2pstoreToken=v1.4~CEF0A91F~FA7D7302A1F5F72242C90AC267BD8B320DC4EEBC20D8680A69AC890BB241E1129A9C9A739B770A95E0560EB71181DCAE8CE22FF54D706451F47A36BBECB69D651AE732CCFB0D4DA4A6B0F8D1F32EC0AB9041AD8D9E12BB2F5CEC3DB643F89BA00D2E939B68F04591728DED9329EEA90E9DF6316D2D15A3B1D5F4017A49842EF877E76937B9291D209123C4DFE45BB3D6CC91CE16AD531E6B54A50ECC9785D884B234EF468CB69503674D3758D6CF3F8AAB25FFEE42B347615CEC4F7174079E52624BC2C59F9803C776B5B0FF524FC535587FD9ECB38F98CA13CA69CC01F6DFA6D062BA7F0C98E77A430FB99EA2CD4A37A55EB2C08CFE3D1FBAA29348B65967B9</redirectLocation>
  <url>https://preproduccion.sge/login/login.jsp?site2pstoretoken=v1.4~CEF0A91F~FA7D7302A1F5F72242C90AC267BD8B320DC4EEBC20D8680A69AC890BB241E1129A9C9A739B770A95E0560EB71181DCAE8CE22FF54D706451F47A36BBECB69D651AE732CCFB0D4DA4A6B0F8D1F32EC0AB9041AD8D9E12BB2F5CEC3DB643F89BA00D2E939B68F04591728DED9329EEA90E9DF6316D2D15A3B1D5F4017A49842EF877E76937B9291D209123C4DFE45BB3D6CC91CE16AD531E6B54A50ECC9785D884B234EF468CB69503674D3758D6CF3F8AAB25FFEE42B347615CEC4F7174079E52624BC2C59F9803C776B5B0FF524FC535587FD9ECB38F98CA13CA69CC01F6DFA6D062BA7F0C98E77A430FB99EA2CD4A37A55EB2C08CFE3D1FBAA29348B65967B9&amp;p_error_code=&amp;p_submit_url=https%3A%2F%2Flogin-pre.sge%2Fsso%2Fauth&amp;p_cancel_url=https%3A%2F%2Fpreproduccion.sge&amp;ssousername=&amp;subscribername=</url>
</httpSample>
<httpSample t="188" lt="0" ts="1298631759168" s="true" lb="/gepa/scripts/scriptaculous/scriptaculous.js" rc="200" by="5068">
  <responseHeader class="java.lang.String">HTTP/1.0 200 OK
Date: Fri, 25 Feb 2011 11:02:39 GMT
Server: Oracle-Application-Server-10g/10.1.2.2.0 Oracle-HTTP-Server
Content-Length: 5068
Set-Cookie: JSESSIONID=dade58ae95650e08ad340f3c4ff0cc7c74d80d0461fd148049d62a8309e72a2e.e38Ob3aOaheRe34Mb3qSax0Pahz0nR9Pq6XteP93; path=/login
Content-Type: text/html; charset=ISO-8859-1
</responseHeader>
  <requestHeader class="java.lang.String">Accept-Language: es-ES
Accept: */*
User-Agent: Mozilla/4.0 (compatible; MSIE 7.0; Windows NT 6.1; Trident/4.0; SLCC2; .NET CLR 2.0.50727; .NET CLR 3.5.30729; .NET CLR 3.0.30729; Media Center PC 6.0; MDDS; .NET4.0C)
Accept-Encoding: gzip, deflate
Referer: http://picasso:8888/gepa/ResultadoBusquedaAction.do?accion=gestionExp&amp;indice=0
</requestHeader>
  <cookies class="java.lang.String"></cookies>
  <method class="java.lang.String">GET</method>
  <queryString class="java.lang.String"></queryString>
  <redirectLocation class="java.lang.String">https://login-pre.sge/pls/orasso/orasso.wwsso_app_admin.ls_login?Site2pstoreToken=v1.4~CEF0A91F~DB44060721D391C61D6405028D8253C762DF9125FA3B8D7B7ECC47A2DA6D558F8362F99C61A48B052C5A663F19F53E10AFFF2A2F40A1C5536D68C107481E16B8712BB75AA50C2FB922063CD7EDA78749CCDBFA7E8358C2D66A2176BA30DABA7F36DB6B58A054A9731A10DA789DA721A83BF8E0DBACCC16786D8D9D340B1DE8F8668E5CC8B66059A069585FF26347A6E21FF6FA68A1535847F09BA8AE194EA1767B9EA899516788EB0207B159A14D4DF5FBA7B47CC0C46B098A87A16F192D5BCA6C4E29603BB66BDBD896A1B5ADD7955CFC55EC5F2E8DA5B4F420C9CD56DDB9DEE8849D0C128C761407F8D254941AC8F7D1F164BD87B0920F051EBE47BFF5476778C06A3608CF812997331CD61A52E1C7</redirectLocation>
  <url>https://preproduccion.sge/login/login.jsp?site2pstoretoken=v1.4~CEF0A91F~DB44060721D391C61D6405028D8253C762DF9125FA3B8D7B7ECC47A2DA6D558F8362F99C61A48B052C5A663F19F53E10AFFF2A2F40A1C5536D68C107481E16B8712BB75AA50C2FB922063CD7EDA78749CCDBFA7E8358C2D66A2176BA30DABA7F36DB6B58A054A9731A10DA789DA721A83BF8E0DBACCC16786D8D9D340B1DE8F8668E5CC8B66059A069585FF26347A6E21FF6FA68A1535847F09BA8AE194EA1767B9EA899516788EB0207B159A14D4DF5FBA7B47CC0C46B098A87A16F192D5BCA6C4E29603BB66BDBD896A1B5ADD7955CFC55EC5F2E8DA5B4F420C9CD56DDB9DEE8849D0C128C761407F8D254941AC8F7D1F164BD87B0920F051EBE47BFF5476778C06A3608CF812997331CD61A52E1C7&amp;p_error_code=&amp;p_submit_url=https%3A%2F%2Flogin-pre.sge%2Fsso%2Fauth&amp;p_cancel_url=https%3A%2F%2Fpreproduccion.sge&amp;ssousername=&amp;subscribername=</url>
</httpSample>
<httpSample t="203" lt="0" ts="1298631759356" s="true" lb="/gepa/ConexionAction.do" rc="200" by="5388">
  <responseHeader class="java.lang.String">HTTP/1.0 200 OK
Date: Fri, 25 Feb 2011 11:02:39 GMT
Server: Oracle-Application-Server-10g/10.1.2.2.0 Oracle-HTTP-Server
Content-Length: 5388
Set-Cookie: JSESSIONID=dd6347e300a5541cb5713efe6a31e68e4f454bb747c642f87f0ef0701e5aa24f.e3eSbhiLaNyPe3yNbNyQc3qSai1BqBjKpPXxqAa; path=/login
Content-Type: text/html; charset=ISO-8859-1
</responseHeader>
  <requestHeader class="java.lang.String">Accept-Language: es
Accept: */*
User-Agent: Mozilla/4.0 (compatible; MSIE 7.0; Windows NT 6.1; Trident/4.0; SLCC2; .NET CLR 2.0.50727; .NET CLR 3.5.30729; .NET CLR 3.0.30729; Media Center PC 6.0; MDDS; .NET4.0C)
Accept-Encoding: gzip, deflate
</requestHeader>
  <cookies class="java.lang.String"></cookies>
  <method class="java.lang.String">GET</method>
  <queryString class="java.lang.String"></queryString>
  <redirectLocation class="java.lang.String">https://login-pre.sge/pls/orasso/orasso.wwsso_app_admin.ls_login?Site2pstoreToken=v1.4~CEF0A91F~DB44060721D391C61D6405028D8253C762DF9125FA3B8D7B7ECC47A2DA6D558F8362F99C61A48B052C5A663F19F53E10AFFF2A2F40A1C5536D68C107481E16B8712BB75AA50C2FB922063CD7EDA78749CCDBFA7E8358C2D66A2176BA30DABA7FEA90C8DAAB1066965B6C7FF8A374FC2809834DB157339B75F66B0039C25C00BEB3734EB89A682058D63100D37A8A0258A2D3F2B956FEA775A827300A76891B17062A9DF1CBA61D58213E4E5A2CE645DA3B67B6311300D34B2DDDBDB34D6BEEE6F98A21D17ACC564244669F0CBAF03498FB7A41CC2851467D7D84E08F05A9D339D1AA4CBDF6B247980EE15E95238CD179EC173F54DF79A4CD3010C5D39287EA20B0FEB17AD06B7981535711394827BFC397A243FB163DB803269DCD2972DBCE14E8186DC052CC382CDD61833B3DEA077F1BD003F8CDF647E1F257080B9E0FA32833DCDE89AA9FD36BD1DC36BEA3E3954E2AA2B372132633BB04195A3DDCC93E9E</redirectLocation>
  <url>https://preproduccion.sge/login/login.jsp?site2pstoretoken=v1.4~CEF0A91F~DB44060721D391C61D6405028D8253C762DF9125FA3B8D7B7ECC47A2DA6D558F8362F99C61A48B052C5A663F19F53E10AFFF2A2F40A1C5536D68C107481E16B8712BB75AA50C2FB922063CD7EDA78749CCDBFA7E8358C2D66A2176BA30DABA7FEA90C8DAAB1066965B6C7FF8A374FC2809834DB157339B75F66B0039C25C00BEB3734EB89A682058D63100D37A8A0258A2D3F2B956FEA775A827300A76891B17062A9DF1CBA61D58213E4E5A2CE645DA3B67B6311300D34B2DDDBDB34D6BEEE6F98A21D17ACC564244669F0CBAF03498FB7A41CC2851467D7D84E08F05A9D339D1AA4CBDF6B247980EE15E95238CD179EC173F54DF79A4CD3010C5D39287EA20B0FEB17AD06B7981535711394827BFC397A243FB163DB803269DCD2972DBCE14E8186DC052CC382CDD61833B3DEA077F1BD003F8CDF647E1F257080B9E0FA32833DCDE89AA9FD36BD1DC36BEA3E3954E2AA2B372132633BB04195A3DDCC93E9E&amp;p_error_code=&amp;p_submit_url=https%3A%2F%2Flogin-pre.sge%2Fsso%2Fauth&amp;p_cancel_url=https%3A%2F%2Fpreproduccion.sge&amp;ssousername=&amp;subscribername=</url>
</httpSample>
<httpSample t="187" lt="0" ts="1298631759559" s="true" lb="/gepa/scripts/scriptaculous/scriptaculous.js" rc="200" by="5068">
  <responseHeader class="java.lang.String">HTTP/1.0 200 OK
Date: Fri, 25 Feb 2011 11:02:39 GMT
Server: Oracle-Application-Server-10g/10.1.2.2.0 Oracle-HTTP-Server
Content-Length: 5068
Set-Cookie: JSESSIONID=6f0eb851069ae59e08d61fdce7899ba1926aac55989f1f417f82d369a5dceeca.e38Ob3aOaheRe34Mb3qSax0Pahz0nR9Pq6XteP93; path=/login
Content-Type: text/html; charset=ISO-8859-1
</responseHeader>
  <requestHeader class="java.lang.String">Accept-Language: es-ES
Accept: */*
User-Agent: Mozilla/4.0 (compatible; MSIE 7.0; Windows NT 6.1; Trident/4.0; SLCC2; .NET CLR 2.0.50727; .NET CLR 3.5.30729; .NET CLR 3.0.30729; Media Center PC 6.0; MDDS; .NET4.0C)
Accept-Encoding: gzip, deflate
Referer: http://picasso:8888/gepa/ConexionAction.do?POSTDATA=variosPerfiles=true&amp;accion=iniciar&amp;codigoEntidad=DYS&amp;codigo=jcnegredo&amp;contrasenya=dysmatica&amp;rolSeleccionado=25
</requestHeader>
  <cookies class="java.lang.String"></cookies>
  <method class="java.lang.String">GET</method>
  <queryString class="java.lang.String"></queryString>
  <redirectLocation class="java.lang.String">https://login-pre.sge/pls/orasso/orasso.wwsso_app_admin.ls_login?Site2pstoreToken=v1.4~CEF0A91F~DB44060721D391C61D6405028D8253C762DF9125FA3B8D7B7ECC47A2DA6D558F8362F99C61A48B052C5A663F19F53E10AFFF2A2F40A1C5536D68C107481E16B8712BB75AA50C2FB922063CD7EDA78749CCDBFA7E8358C2D66A2176BA30DABA7F36DB6B58A054A9731A10DA789DA721A83BF8E0DBACCC16786D8D9D340B1DE8F8668E5CC8B66059A069585FF26347A6E21FF6FA68A1535847F09BA8AE194EA1767B9EA899516788EB0207B159A14D4DF5FBA7B47CC0C46B098A87A16F192D5BCA6C4E29603BB66BDBD896A1B5ADD7955CFC55EC5F2E8DA5B4F420C9CD56DDB9DEE8849D0C128C761407F8D254941AC8F7D1F164BD87B0920F051EBE47BFF5476778C06A3608CF812997331CD61A52E1C7</redirectLocation>
  <url>https://preproduccion.sge/login/login.jsp?site2pstoretoken=v1.4~CEF0A91F~DB44060721D391C61D6405028D8253C762DF9125FA3B8D7B7ECC47A2DA6D558F8362F99C61A48B052C5A663F19F53E10AFFF2A2F40A1C5536D68C107481E16B8712BB75AA50C2FB922063CD7EDA78749CCDBFA7E8358C2D66A2176BA30DABA7F36DB6B58A054A9731A10DA789DA721A83BF8E0DBACCC16786D8D9D340B1DE8F8668E5CC8B66059A069585FF26347A6E21FF6FA68A1535847F09BA8AE194EA1767B9EA899516788EB0207B159A14D4DF5FBA7B47CC0C46B098A87A16F192D5BCA6C4E29603BB66BDBD896A1B5ADD7955CFC55EC5F2E8DA5B4F420C9CD56DDB9DEE8849D0C128C761407F8D254941AC8F7D1F164BD87B0920F051EBE47BFF5476778C06A3608CF812997331CD61A52E1C7&amp;p_error_code=&amp;p_submit_url=https%3A%2F%2Flogin-pre.sge%2Fsso%2Fauth&amp;p_cancel_url=https%3A%2F%2Fpreproduccion.sge&amp;ssousername=&amp;subscribername=</url>
</httpSample>
<httpSample t="32" lt="32" ts="1298631759746" s="false" lb="/gepa/ConexionAction.do;jsessionid=eb634fe5b58b0bcb96508261e275709f9c8e236e3e15aeb347f0741aac2dda55" rc="500" by="778">
  <responseHeader class="java.lang.String">HTTP/1.0 500 Internal Server Error
Date: Fri, 25 Feb 2011 11:02:39 GMT
Server: Oracle-Application-Server-10g/10.1.2.2.0 Oracle-HTTP-Server
Content-Type: text/html; charset=iso-8859-1
</responseHeader>
  <requestHeader class="java.lang.String">Content-Type: application/x-www-form-urlencoded
Accept-Language: es-ES
Accept: image/jpeg, application/x-ms-application, image/gif, application/xaml+xml, image/pjpeg, application/x-ms-xbap, application/vnd.ms-powerpoint, application/vnd.ms-excel, application/msword, */*
User-Agent: Mozilla/4.0 (compatible; MSIE 7.0; Windows NT 6.1; Trident/4.0; SLCC2; .NET CLR 2.0.50727; .NET CLR 3.5.30729; .NET CLR 3.0.30729; Media Center PC 6.0; MDDS; .NET4.0C)
Accept-Encoding: gzip, deflate
Referer: http://picasso:8888/gepa/ConexionAction.do?POSTDATA=variosPerfiles=true&amp;accion=iniciar&amp;codigoEntidad=DYS&amp;codigo=jcnegredo&amp;contrasenya=dysmatica&amp;rolSeleccionado=25
Pragma: no-cache
</requestHeader>
  <cookies class="java.lang.String"></cookies>
  <method class="java.lang.String">POST</method>
  <queryString class="java.lang.String">variosPerfiles=true&amp;accion=seleccionarPerfil&amp;codigoEntidad=DYS&amp;rolSeleccionado=25</queryString>
  <url>https://preproduccion.sge:443/gepa/ConexionAction.do;jsessionid=eb634fe5b58b0bcb96508261e275709f9c8e236e3e15aeb347f0741aac2dda55</url>
</httpSample>
<httpSample t="187" lt="0" ts="1298631759778" s="true" lb="/gepa/scripts/scriptaculous/scriptaculous.js" rc="200" by="5068">
  <responseHeader class="java.lang.String">HTTP/1.0 200 OK
Date: Fri, 25 Feb 2011 11:02:39 GMT
Server: Oracle-Application-Server-10g/10.1.2.2.0 Oracle-HTTP-Server
Content-Length: 5068
Set-Cookie: JSESSIONID=0fd9ebcc788dbc3bdcf1631cb33fdea6b9de586258645015dbf0578c679fb8da.e3eSbhiLaNyPe3yNbNyQc3qSai1BqBjKpPXxqAa; path=/login
Content-Type: text/html; charset=ISO-8859-1
</responseHeader>
  <requestHeader class="java.lang.String">Accept-Language: es-ES
Accept: */*
User-Agent: Mozilla/4.0 (compatible; MSIE 7.0; Windows NT 6.1; Trident/4.0; SLCC2; .NET CLR 2.0.50727; .NET CLR 3.5.30729; .NET CLR 3.0.30729; Media Center PC 6.0; MDDS; .NET4.0C)
Accept-Encoding: gzip, deflate
Referer: http://picasso:8888/gepa/ConexionAction.do;jsessionid=eb634fe5b58b0bcb96508261e275709f9c8e236e3e15aeb347f0741aac2dda55
</requestHeader>
  <cookies class="java.lang.String"></cookies>
  <method class="java.lang.String">GET</method>
  <queryString class="java.lang.String"></queryString>
  <redirectLocation class="java.lang.String">https://login-pre.sge/pls/orasso/orasso.wwsso_app_admin.ls_login?Site2pstoreToken=v1.4~CEF0A91F~DB44060721D391C61D6405028D8253C762DF9125FA3B8D7B7ECC47A2DA6D558F8362F99C61A48B052C5A663F19F53E10AFFF2A2F40A1C5536D68C107481E16B8712BB75AA50C2FB922063CD7EDA78749CCDBFA7E8358C2D66A2176BA30DABA7F36DB6B58A054A9731A10DA789DA721A83BF8E0DBACCC16786D8D9D340B1DE8F8668E5CC8B66059A069585FF26347A6E21FF6FA68A1535847F09BA8AE194EA1767B9EA899516788EB0207B159A14D4DF5FBA7B47CC0C46B098A87A16F192D5BCA6C4E29603BB66BDBD896A1B5ADD7955CFC55EC5F2E8DA5B4F420C9CD56DDB9DEE8849D0C128C761407F8D254941AC8F7D1F164BD87B0920F051EBE47BFF5476778C06A3608CF812997331CD61A52E1C7</redirectLocation>
  <url>https://preproduccion.sge/login/login.jsp?site2pstoretoken=v1.4~CEF0A91F~DB44060721D391C61D6405028D8253C762DF9125FA3B8D7B7ECC47A2DA6D558F8362F99C61A48B052C5A663F19F53E10AFFF2A2F40A1C5536D68C107481E16B8712BB75AA50C2FB922063CD7EDA78749CCDBFA7E8358C2D66A2176BA30DABA7F36DB6B58A054A9731A10DA789DA721A83BF8E0DBACCC16786D8D9D340B1DE8F8668E5CC8B66059A069585FF26347A6E21FF6FA68A1535847F09BA8AE194EA1767B9EA899516788EB0207B159A14D4DF5FBA7B47CC0C46B098A87A16F192D5BCA6C4E29603BB66BDBD896A1B5ADD7955CFC55EC5F2E8DA5B4F420C9CD56DDB9DEE8849D0C128C761407F8D254941AC8F7D1F164BD87B0920F051EBE47BFF5476778C06A3608CF812997331CD61A52E1C7&amp;p_error_code=&amp;p_submit_url=https%3A%2F%2Flogin-pre.sge%2Fsso%2Fauth&amp;p_cancel_url=https%3A%2F%2Fpreproduccion.sge&amp;ssousername=&amp;subscribername=</url>
</httpSample>
<httpSample t="16" lt="16" ts="1298631759965" s="false" lb="/gepa/BusquedaAction.do" rc="500" by="778">
  <responseHeader class="java.lang.String">HTTP/1.0 500 Internal Server Error
Date: Fri, 25 Feb 2011 11:02:39 GMT
Server: Oracle-Application-Server-10g/10.1.2.2.0 Oracle-HTTP-Server
Content-Type: text/html; charset=iso-8859-1
</responseHeader>
  <requestHeader class="java.lang.String">Content-Type: application/x-www-form-urlencoded
Accept-Language: es-ES
Accept: image/jpeg, application/x-ms-application, image/gif, application/xaml+xml, image/pjpeg, application/x-ms-xbap, application/vnd.ms-powerpoint, application/vnd.ms-excel, application/msword, */*
User-Agent: Mozilla/4.0 (compatible; MSIE 7.0; Windows NT 6.1; Trident/4.0; SLCC2; .NET CLR 2.0.50727; .NET CLR 3.5.30729; .NET CLR 3.0.30729; Media Center PC 6.0; MDDS; .NET4.0C)
Accept-Encoding: gzip, deflate
Referer: http://picasso:8888/gepa/ConexionAction.do;jsessionid=eb634fe5b58b0bcb96508261e275709f9c8e236e3e15aeb347f0741aac2dda55
Pragma: no-cache
</requestHeader>
  <cookies class="java.lang.String"></cookies>
  <method class="java.lang.String">POST</method>
  <queryString class="java.lang.String">accion=buscar&amp;modo=rapida&amp;avanzadaDesplegada=false&amp;descElemPesado=&amp;identificacionRapida=&amp;nombreRapida=&amp;apellido1Rapida=&amp;apellido2Rapida=&amp;anyoRapida=&amp;numeroRapida=&amp;desdeRapida=&amp;hastaRapida=&amp;tramiteRapida=-1&amp;estadoRapida=-1&amp;idBusqueda=-1&amp;idClases=26&amp;metaTipo0=STRING&amp;metaTipo1=STRING&amp;metaTipo2=LISTA&amp;metaTipo3=STRING&amp;metaTipo4=LISTA_PESADA&amp;metaTipo5=STRING&amp;metaTipo6=LISTA&amp;metaTipo7=STRING&amp;metaTipo8=STRING&amp;metaTipo9=STRING&amp;metaTipo10=STRING&amp;metaTipo11=STRING&amp;metaTipo12=STRING&amp;metaTipo13=LISTA&amp;metaTipo14=STRING&amp;metaTipo15=TIMESTAMP&amp;metaTipo16=TIMESTAMP&amp;metaTipo17=TIMESTAMP&amp;metaTipo18=LISTA&amp;metaTipo19=LISTA_PESADA&amp;metaTipo20=STRING&amp;metaTipo21=STRING&amp;metaTipo22=STRING&amp;metaTipo23=STRING&amp;metaTipo24=STRING&amp;metaTipo25=LISTA_PESADA&amp;metaTipo26=LISTA&amp;metaTipo27=STRING&amp;metaTipo28=LISTA&amp;metaTipo29=STRING&amp;metaTipo30=STRING&amp;metaTipo31=INTEGER&amp;metaTipo32=STRING&amp;metaTipo33=STRING&amp;metaTipo34=STRING&amp;metaTipo35=LISTA&amp;metaTipo36=LISTA&amp;metaTipo37=LISTA&amp;metaTipo38=STRING&amp;metaTipo39=SEPARADOR&amp;metaTipo40=BOOLEAN&amp;metaTipo41=STRING&amp;metaTipo42=STRING&amp;metaTipo43=STRING&amp;metaTipo44=LISTA&amp;metaTipo45=BOOLEAN&amp;metaTipo46=BOOLEAN&amp;metaTipo47=BOOLEAN&amp;metaTipo48=STRING&amp;metaTipo49=TIMESTAMP&amp;metaTipo50=TIMESTAMP&amp;metaTipo51=TIMESTAMP&amp;metaTipo52=TIMESTAMP&amp;metaTipo53=TIMESTAMP&amp;metaTipo54=TIMESTAMP&amp;metaTipo55=TIMESTAMP&amp;metaTipo56=TIMESTAMP&amp;metaTipo57=TIMESTAMP&amp;metaTipo58=TIMESTAMP&amp;metaTipo59=TIMESTAMP&amp;metaTipo60=TIMESTAMP&amp;metaTipo61=TIMESTAMP&amp;metaTipo62=TIMESTAMP&amp;metaTipo63=TIMESTAMP&amp;metaTipo64=LISTA&amp;metaTipo65=LISTA&amp;metaTipo66=LISTA&amp;metaTipo67=DOUBLE&amp;metaTipo68=DOUBLE&amp;metaTipo69=DOUBLE&amp;metaTipo70=DOUBLE&amp;metaTipo71=DOUBLE&amp;metaTipo72=DOUBLE&amp;metaTipo73=DOUBLE&amp;metaTipo74=BOOLEAN&amp;metaTipo75=LISTA&amp;metaTipo76=STRING&amp;metaTipo77=STRING&amp;metaTipo78=STRING&amp;metaTipo79=STRING&amp;metaTipo80=STRING&amp;metaTipo81=STRING&amp;metaTipo82=STRING&amp;metaTipo83=BOOLEAN&amp;metaTipo84=BOOLEAN&amp;metaTipo85=STRING&amp;metaTipo86=LISTA&amp;metaTipo87=LISTA&amp;metaTipo88=LISTA_PESADA&amp;metaTipo89=LISTA&amp;metaTipo90=LISTA&amp;metaTipo91=STRING&amp;metaTipo92=LISTA&amp;metaTipo93=STRING&amp;metaTipo94=STRING&amp;metaTipo95=LISTA&amp;metaTipo96=LISTA&amp;metaTipo97=LISTA&amp;metaTipo98=BOOLEAN&amp;metaTipo99=LISTA&amp;metaTipo100=BOOLEAN&amp;metaTipo101=LISTA&amp;metaTipo102=LISTA&amp;metaTipo103=BOOLEAN&amp;metaTipo104=BOOLEAN&amp;metaTipo105=LISTA&amp;metaTipo106=LISTA&amp;metaTipo107=LISTA&amp;metaTipo108=LISTA&amp;metaTipo109=LISTA&amp;metaTipo110=STRING&amp;metaTipo111=LISTA&amp;valor=&amp;valorPesado=&amp;lista37=-1&amp;lista36=-1&amp;lista35=-1&amp;lista99=-1&amp;lista109=-1&amp;lista66=-1&amp;lista98=-1&amp;lista108=-1&amp;lista65=-1&amp;lista97=-1&amp;lista107=-1&amp;lista64=-1&amp;lista96=-1&amp;lista106=-1&amp;lista95=-1&amp;lista105=-1&amp;lista104=-1&amp;lista92=-1&amp;lista103=-1&amp;lista102=-1&amp;lista90=-1&amp;lista101=-1&amp;lista100=-1&amp;lista28=-1&amp;lista26=-1&amp;lista89=-1&amp;lista87=-1&amp;lista86=-1&amp;lista6=-1&amp;lista84=-1&amp;lista83=-1&amp;lista2=-1&amp;lista18=-1&amp;lista47=-1&amp;lista46=-1&amp;lista13=-1&amp;lista45=-1&amp;lista44=-1&amp;lista75=-1&amp;lista74=-1&amp;lista40=-1&amp;lista111=-1</queryString>
  <url>https://preproduccion.sge:443/gepa/BusquedaAction.do</url>
</httpSample>
<httpSample t="187" lt="0" ts="1298631759997" s="true" lb="/gepa/scripts/scriptaculous/scriptaculous.js" rc="200" by="5068">
  <responseHeader class="java.lang.String">HTTP/1.0 200 OK
Date: Fri, 25 Feb 2011 11:02:40 GMT
Server: Oracle-Application-Server-10g/10.1.2.2.0 Oracle-HTTP-Server
Content-Length: 5068
Set-Cookie: JSESSIONID=0242a5370c273f7f658245a9960283e0a974ead3e8636c3f9161106d022e7d88.e3eSbhiLaNyPe3yNbNyQc3qSai1BqBjKpPXxqAa; path=/login
Content-Type: text/html; charset=ISO-8859-1
</responseHeader>
  <requestHeader class="java.lang.String">Accept-Language: es-ES
Accept: */*
User-Agent: Mozilla/4.0 (compatible; MSIE 7.0; Windows NT 6.1; Trident/4.0; SLCC2; .NET CLR 2.0.50727; .NET CLR 3.5.30729; .NET CLR 3.0.30729; Media Center PC 6.0; MDDS; .NET4.0C)
Accept-Encoding: gzip, deflate
Referer: http://picasso:8888/gepa/BusquedaAction.do
</requestHeader>
  <cookies class="java.lang.String"></cookies>
  <method class="java.lang.String">GET</method>
  <queryString class="java.lang.String"></queryString>
  <redirectLocation class="java.lang.String">https://login-pre.sge/pls/orasso/orasso.wwsso_app_admin.ls_login?Site2pstoreToken=v1.4~CEF0A91F~2C20F5A56470523687D7B8A2C3C57BDF1BED2C0144E3E9CD183386A0592B3E6A2D80BEAC58191F07AF1383D7372FA9332DCF5B92A74EBDD5AA0D4F4F2C0BD32023490643D4B423B2D57E9755F140619845571030DB93D0B2DE57852E8D08F54D093DE67C9AF6E83D97D8032BA0676400BFAFF5A7A4B969977D04632F4CE2581A8094234DA8703BD18B1DD7152C81299E2D90D5DD64E3B4A70AABD9C9892A44401834F29775FA96893113BF86F8D9C66B63BABA6228D7F0DC7DD6C9FC55AF1FB81BB0AF566B3C51073E3D1BCA0E7EE8D21B7D6D67CC8E6BDC1DC72B5544647D7AE409CE4225A56B1B567072E0D70294FBA62C648397963AE7540B47A2C7C99BDE79F4ACDF7CCC638FC8F74CBBD167D8FB</redirectLocation>
  <url>https://preproduccion.sge/login/login.jsp?site2pstoretoken=v1.4~CEF0A91F~2C20F5A56470523687D7B8A2C3C57BDF1BED2C0144E3E9CD183386A0592B3E6A2D80BEAC58191F07AF1383D7372FA9332DCF5B92A74EBDD5AA0D4F4F2C0BD32023490643D4B423B2D57E9755F140619845571030DB93D0B2DE57852E8D08F54D093DE67C9AF6E83D97D8032BA0676400BFAFF5A7A4B969977D04632F4CE2581A8094234DA8703BD18B1DD7152C81299E2D90D5DD64E3B4A70AABD9C9892A44401834F29775FA96893113BF86F8D9C66B63BABA6228D7F0DC7DD6C9FC55AF1FB81BB0AF566B3C51073E3D1BCA0E7EE8D21B7D6D67CC8E6BDC1DC72B5544647D7AE409CE4225A56B1B567072E0D70294FBA62C648397963AE7540B47A2C7C99BDE79F4ACDF7CCC638FC8F74CBBD167D8FB&amp;p_error_code=&amp;p_submit_url=https%3A%2F%2Flogin-pre.sge%2Fsso%2Fauth&amp;p_cancel_url=https%3A%2F%2Fpreproduccion.sge&amp;ssousername=&amp;subscribername=</url>
</httpSample>
<httpSample t="187" lt="0" ts="1298631760184" s="true" lb="/gepa/ResultadoBusquedaAction.do" rc="200" by="5004">
  <responseHeader class="java.lang.String">HTTP/1.0 200 OK
Date: Fri, 25 Feb 2011 11:02:40 GMT
Server: Oracle-Application-Server-10g/10.1.2.2.0 Oracle-HTTP-Server
Content-Length: 5004
Set-Cookie: JSESSIONID=679a6bc7ec246d9aeb46950adec9e9b859f696a8553160566b6d3f79e717c1fd.e38Ob3aOaheRe34Mb3qSax0Pahz0nR9Pq6XteP93; path=/login
Content-Type: text/html; charset=ISO-8859-1
</responseHeader>
  <requestHeader class="java.lang.String">Accept-Language: es-ES
Accept: image/jpeg, application/x-ms-application, image/gif, application/xaml+xml, image/pjpeg, application/x-ms-xbap, application/vnd.ms-powerpoint, application/vnd.ms-excel, application/msword, */*
User-Agent: Mozilla/4.0 (compatible; MSIE 7.0; Windows NT 6.1; Trident/4.0; SLCC2; .NET CLR 2.0.50727; .NET CLR 3.5.30729; .NET CLR 3.0.30729; Media Center PC 6.0; MDDS; .NET4.0C)
Accept-Encoding: gzip, deflate
Referer: http://picasso:8888/gepa/BusquedaAction.do
</requestHeader>
  <cookies class="java.lang.String"></cookies>
  <method class="java.lang.String">GET</method>
  <queryString class="java.lang.String"></queryString>
  <redirectLocation class="java.lang.String">https://login-pre.sge/pls/orasso/orasso.wwsso_app_admin.ls_login?Site2pstoreToken=v1.4~CEF0A91F~2C20F5A56470523687D7B8A2C3C57BDF1BED2C0144E3E9CD183386A0592B3E6A2D80BEAC58191F07AF1383D7372FA9332DCF5B92A74EBDD5AA0D4F4F2C0BD32023490643D4B423B2D57E9755F140619845571030DB93D0B2DE57852E8D08F54D981FEBD2A44114E47B5C0A08438FB111A36E9B0AA8492011BA53377276D4A91850E04F4E6BA96E12445460B2E5F473CEBFB6972FC77E9F5C1828D8DA6938A55DF23F88D9CBE5F20C5D7DA841A7A1D3887C54A80FBC193A46B2200B6D8A4D83A3341744E5C1F31D77920A09C424446398E690466B4DD1E25F5197F8512225AA2C22039195D37BC84DC77C43C0A6B6E23854FEF23AC3BDB11DB5880B22C23CE5AD</redirectLocation>
  <url>https://preproduccion.sge/login/login.jsp?site2pstoretoken=v1.4~CEF0A91F~2C20F5A56470523687D7B8A2C3C57BDF1BED2C0144E3E9CD183386A0592B3E6A2D80BEAC58191F07AF1383D7372FA9332DCF5B92A74EBDD5AA0D4F4F2C0BD32023490643D4B423B2D57E9755F140619845571030DB93D0B2DE57852E8D08F54D981FEBD2A44114E47B5C0A08438FB111A36E9B0AA8492011BA53377276D4A91850E04F4E6BA96E12445460B2E5F473CEBFB6972FC77E9F5C1828D8DA6938A55DF23F88D9CBE5F20C5D7DA841A7A1D3887C54A80FBC193A46B2200B6D8A4D83A3341744E5C1F31D77920A09C424446398E690466B4DD1E25F5197F8512225AA2C22039195D37BC84DC77C43C0A6B6E23854FEF23AC3BDB11DB5880B22C23CE5AD&amp;p_error_code=&amp;p_submit_url=https%3A%2F%2Flogin-pre.sge%2Fsso%2Fauth&amp;p_cancel_url=https%3A%2F%2Fpreproduccion.sge&amp;ssousername=&amp;subscribername=</url>
</httpSample>
<httpSample t="235" lt="0" ts="1298631760371" s="true" lb="/gepa/scripts/scriptaculous/scriptaculous.js" rc="200" by="5068">
  <responseHeader class="java.lang.String">HTTP/1.0 200 OK
Date: Fri, 25 Feb 2011 11:02:40 GMT
Server: Oracle-Application-Server-10g/10.1.2.2.0 Oracle-HTTP-Server
Content-Length: 5068
Set-Cookie: JSESSIONID=e7160de8862115963bcf52dabf078e9cf7f8f3bf843d9d696009a1f5b9adaefe.e3eSbhiLaNyPe3yNbNyQc3qSai1BqBjKpPXxqAa; path=/login
Content-Type: text/html; charset=ISO-8859-1
</responseHeader>
  <requestHeader class="java.lang.String">Accept-Language: es-ES
Accept: */*
User-Agent: Mozilla/4.0 (compatible; MSIE 7.0; Windows NT 6.1; Trident/4.0; SLCC2; .NET CLR 2.0.50727; .NET CLR 3.5.30729; .NET CLR 3.0.30729; Media Center PC 6.0; MDDS; .NET4.0C)
Accept-Encoding: gzip, deflate
Referer: http://picasso:8888/gepa/ResultadoBusquedaAction.do?accion=gestionExp&amp;indice=0
</requestHeader>
  <cookies class="java.lang.String"></cookies>
  <method class="java.lang.String">GET</method>
  <queryString class="java.lang.String"></queryString>
  <redirectLocation class="java.lang.String">https://login-pre.sge/pls/orasso/orasso.wwsso_app_admin.ls_login?Site2pstoreToken=v1.4~CEF0A91F~2C20F5A56470523687D7B8A2C3C57BDF1BED2C0144E3E9CD183386A0592B3E6A2D80BEAC58191F07AF1383D7372FA9332DCF5B92A74EBDD5AA0D4F4F2C0BD32023490643D4B423B2D57E9755F140619845571030DB93D0B2DE57852E8D08F54D093DE67C9AF6E83D97D8032BA0676400BFAFF5A7A4B969977D04632F4CE2581A8094234DA8703BD18B1DD7152C81299E2D90D5DD64E3B4A70AABD9C9892A44401834F29775FA96893113BF86F8D9C66B63BABA6228D7F0DC7DD6C9FC55AF1FB81BB0AF566B3C51073E3D1BCA0E7EE8D21B7D6D67CC8E6BDC1DC72B5544647D7AE409CE4225A56B1B567072E0D70294FBA62C648397963AE7540B47A2C7C99BDE79F4ACDF7CCC638FC8F74CBBD167D8FB</redirectLocation>
  <url>https://preproduccion.sge/login/login.jsp?site2pstoretoken=v1.4~CEF0A91F~2C20F5A56470523687D7B8A2C3C57BDF1BED2C0144E3E9CD183386A0592B3E6A2D80BEAC58191F07AF1383D7372FA9332DCF5B92A74EBDD5AA0D4F4F2C0BD32023490643D4B423B2D57E9755F140619845571030DB93D0B2DE57852E8D08F54D093DE67C9AF6E83D97D8032BA0676400BFAFF5A7A4B969977D04632F4CE2581A8094234DA8703BD18B1DD7152C81299E2D90D5DD64E3B4A70AABD9C9892A44401834F29775FA96893113BF86F8D9C66B63BABA6228D7F0DC7DD6C9FC55AF1FB81BB0AF566B3C51073E3D1BCA0E7EE8D21B7D6D67CC8E6BDC1DC72B5544647D7AE409CE4225A56B1B567072E0D70294FBA62C648397963AE7540B47A2C7C99BDE79F4ACDF7CCC638FC8F74CBBD167D8FB&amp;p_error_code=&amp;p_submit_url=https%3A%2F%2Flogin-pre.sge%2Fsso%2Fauth&amp;p_cancel_url=https%3A%2F%2Fpreproduccion.sge&amp;ssousername=&amp;subscribername=</url>
</httpSample>
<httpSample t="219" lt="0" ts="1298631760606" s="true" lb="/gepa/ConexionAction.do" rc="200" by="5388">
  <responseHeader class="java.lang.String">HTTP/1.0 200 OK
Date: Fri, 25 Feb 2011 11:02:40 GMT
Server: Oracle-Application-Server-10g/10.1.2.2.0 Oracle-HTTP-Server
Content-Length: 5388
Set-Cookie: JSESSIONID=70056277fd44c1cd46d4db6f44ed6c0480fd692d8fe0acf2a49338c80b85d898.e38Ob3aOaheRe34Mb3qSax0Pahz0nR9Pq6XteP93; path=/login
Content-Type: text/html; charset=ISO-8859-1
</responseHeader>
  <requestHeader class="java.lang.String">Accept-Language: es
Accept: */*
User-Agent: Mozilla/4.0 (compatible; MSIE 7.0; Windows NT 6.1; Trident/4.0; SLCC2; .NET CLR 2.0.50727; .NET CLR 3.5.30729; .NET CLR 3.0.30729; Media Center PC 6.0; MDDS; .NET4.0C)
Accept-Encoding: gzip, deflate
</requestHeader>
  <cookies class="java.lang.String"></cookies>
  <method class="java.lang.String">GET</method>
  <queryString class="java.lang.String"></queryString>
  <redirectLocation class="java.lang.String">https://login-pre.sge/pls/orasso/orasso.wwsso_app_admin.ls_login?Site2pstoreToken=v1.4~CEF0A91F~2C20F5A56470523687D7B8A2C3C57BDF1BED2C0144E3E9CD183386A0592B3E6A2D80BEAC58191F07AF1383D7372FA9332DCF5B92A74EBDD5AA0D4F4F2C0BD32023490643D4B423B2D57E9755F140619845571030DB93D0B2DE57852E8D08F54D8B4EAD0FE54B872C67CD8D4688D0B6FA711A5FD35E41A789EF3848214BD992F93ECFB0D0919839D1BA60FAE7B569E13F08C0315732C1C7529F2D4E4C0A3A6B1E178884CA6DDEF9D35E3C7844A0BDBDF9ADB8B0B7A6739A42A5BBCD78C75CD60AD55C3DE52EAA51F84659688642C01AC079432B1BA0DC1E0352EBF1EEC776BB4A548131EB0BAEB008E06D622CD7D654E81F98857827B018A0C58A9A9FC7DE54430E3509457677F0FB879CB7E1C600C0102D0F4BB1D1DF1061D078238342CC415D92CCE2322C91380785D9D053CB672F7FC435642C7C4BFA87D5312F06B93460933596238A7EED83EB35A7432E73F89A0F3AFDC1EDA9F1B210F49029666799AAAE</redirectLocation>
  <url>https://preproduccion.sge/login/login.jsp?site2pstoretoken=v1.4~CEF0A91F~2C20F5A56470523687D7B8A2C3C57BDF1BED2C0144E3E9CD183386A0592B3E6A2D80BEAC58191F07AF1383D7372FA9332DCF5B92A74EBDD5AA0D4F4F2C0BD32023490643D4B423B2D57E9755F140619845571030DB93D0B2DE57852E8D08F54D8B4EAD0FE54B872C67CD8D4688D0B6FA711A5FD35E41A789EF3848214BD992F93ECFB0D0919839D1BA60FAE7B569E13F08C0315732C1C7529F2D4E4C0A3A6B1E178884CA6DDEF9D35E3C7844A0BDBDF9ADB8B0B7A6739A42A5BBCD78C75CD60AD55C3DE52EAA51F84659688642C01AC079432B1BA0DC1E0352EBF1EEC776BB4A548131EB0BAEB008E06D622CD7D654E81F98857827B018A0C58A9A9FC7DE54430E3509457677F0FB879CB7E1C600C0102D0F4BB1D1DF1061D078238342CC415D92CCE2322C91380785D9D053CB672F7FC435642C7C4BFA87D5312F06B93460933596238A7EED83EB35A7432E73F89A0F3AFDC1EDA9F1B210F49029666799AAAE&amp;p_error_code=&amp;p_submit_url=https%3A%2F%2Flogin-pre.sge%2Fsso%2Fauth&amp;p_cancel_url=https%3A%2F%2Fpreproduccion.sge&amp;ssousername=&amp;subscribername=</url>
</httpSample>
<httpSample t="171" lt="0" ts="1298631760825" s="true" lb="/gepa/scripts/scriptaculous/scriptaculous.js" rc="200" by="5068">
  <responseHeader class="java.lang.String">HTTP/1.0 200 OK
Date: Fri, 25 Feb 2011 11:02:40 GMT
Server: Oracle-Application-Server-10g/10.1.2.2.0 Oracle-HTTP-Server
Content-Length: 5068
Set-Cookie: JSESSIONID=66643267c9d3056fc9c0945d66a823b215496d722e6978b6a55f5eac9f29b46e.e3eSbhiLaNyPe3yNbNyQc3qSai1BqBjKpPXxqAa; path=/login
Content-Type: text/html; charset=ISO-8859-1
</responseHeader>
  <requestHeader class="java.lang.String">Accept-Language: es-ES
Accept: */*
User-Agent: Mozilla/4.0 (compatible; MSIE 7.0; Windows NT 6.1; Trident/4.0; SLCC2; .NET CLR 2.0.50727; .NET CLR 3.5.30729; .NET CLR 3.0.30729; Media Center PC 6.0; MDDS; .NET4.0C)
Accept-Encoding: gzip, deflate
Referer: http://picasso:8888/gepa/ConexionAction.do?POSTDATA=variosPerfiles=true&amp;accion=iniciar&amp;codigoEntidad=DYS&amp;codigo=jcnegredo&amp;contrasenya=dysmatica&amp;rolSeleccionado=25
</requestHeader>
  <cookies class="java.lang.String"></cookies>
  <method class="java.lang.String">GET</method>
  <queryString class="java.lang.String"></queryString>
  <redirectLocation class="java.lang.String">https://login-pre.sge/pls/orasso/orasso.wwsso_app_admin.ls_login?Site2pstoreToken=v1.4~CEF0A91F~2C20F5A56470523687D7B8A2C3C57BDF1BED2C0144E3E9CD183386A0592B3E6A2D80BEAC58191F07AF1383D7372FA9332DCF5B92A74EBDD5AA0D4F4F2C0BD32023490643D4B423B2D57E9755F140619845571030DB93D0B2DE57852E8D08F54D093DE67C9AF6E83D97D8032BA0676400BFAFF5A7A4B969977D04632F4CE2581A8094234DA8703BD18B1DD7152C81299E2D90D5DD64E3B4A70AABD9C9892A44401834F29775FA96893113BF86F8D9C66B63BABA6228D7F0DC7DD6C9FC55AF1FB81BB0AF566B3C51073E3D1BCA0E7EE8D21B7D6D67CC8E6BDC1DC72B5544647D7AE409CE4225A56B1B567072E0D70294FBA62C648397963AE7540B47A2C7C99BDE79F4ACDF7CCC638FC8F74CBBD167D8FB</redirectLocation>
  <url>https://preproduccion.sge/login/login.jsp?site2pstoretoken=v1.4~CEF0A91F~2C20F5A56470523687D7B8A2C3C57BDF1BED2C0144E3E9CD183386A0592B3E6A2D80BEAC58191F07AF1383D7372FA9332DCF5B92A74EBDD5AA0D4F4F2C0BD32023490643D4B423B2D57E9755F140619845571030DB93D0B2DE57852E8D08F54D093DE67C9AF6E83D97D8032BA0676400BFAFF5A7A4B969977D04632F4CE2581A8094234DA8703BD18B1DD7152C81299E2D90D5DD64E3B4A70AABD9C9892A44401834F29775FA96893113BF86F8D9C66B63BABA6228D7F0DC7DD6C9FC55AF1FB81BB0AF566B3C51073E3D1BCA0E7EE8D21B7D6D67CC8E6BDC1DC72B5544647D7AE409CE4225A56B1B567072E0D70294FBA62C648397963AE7540B47A2C7C99BDE79F4ACDF7CCC638FC8F74CBBD167D8FB&amp;p_error_code=&amp;p_submit_url=https%3A%2F%2Flogin-pre.sge%2Fsso%2Fauth&amp;p_cancel_url=https%3A%2F%2Fpreproduccion.sge&amp;ssousername=&amp;subscribername=</url>
</httpSample>
<httpSample t="16" lt="16" ts="1298631761012" s="false" lb="/gepa/ConexionAction.do;jsessionid=eb634fe5b58b0bcb96508261e275709f9c8e236e3e15aeb347f0741aac2dda55" rc="500" by="778">
  <responseHeader class="java.lang.String">HTTP/1.0 500 Internal Server Error
Date: Fri, 25 Feb 2011 11:02:41 GMT
Server: Oracle-Application-Server-10g/10.1.2.2.0 Oracle-HTTP-Server
Content-Type: text/html; charset=iso-8859-1
</responseHeader>
  <requestHeader class="java.lang.String">Content-Type: application/x-www-form-urlencoded
Accept-Language: es-ES
Accept: image/jpeg, application/x-ms-application, image/gif, application/xaml+xml, image/pjpeg, application/x-ms-xbap, application/vnd.ms-powerpoint, application/vnd.ms-excel, application/msword, */*
User-Agent: Mozilla/4.0 (compatible; MSIE 7.0; Windows NT 6.1; Trident/4.0; SLCC2; .NET CLR 2.0.50727; .NET CLR 3.5.30729; .NET CLR 3.0.30729; Media Center PC 6.0; MDDS; .NET4.0C)
Accept-Encoding: gzip, deflate
Referer: http://picasso:8888/gepa/ConexionAction.do?POSTDATA=variosPerfiles=true&amp;accion=iniciar&amp;codigoEntidad=DYS&amp;codigo=jcnegredo&amp;contrasenya=dysmatica&amp;rolSeleccionado=25
Pragma: no-cache
</requestHeader>
  <cookies class="java.lang.String"></cookies>
  <method class="java.lang.String">POST</method>
  <queryString class="java.lang.String">variosPerfiles=true&amp;accion=seleccionarPerfil&amp;codigoEntidad=DYS&amp;rolSeleccionado=25</queryString>
  <url>https://preproduccion.sge:443/gepa/ConexionAction.do;jsessionid=eb634fe5b58b0bcb96508261e275709f9c8e236e3e15aeb347f0741aac2dda55</url>
</httpSample>
<httpSample t="218" lt="0" ts="1298631761028" s="true" lb="/gepa/scripts/scriptaculous/scriptaculous.js" rc="200" by="5100">
  <responseHeader class="java.lang.String">HTTP/1.0 200 OK
Date: Fri, 25 Feb 2011 11:02:41 GMT
Server: Oracle-Application-Server-10g/10.1.2.2.0 Oracle-HTTP-Server
Content-Length: 5100
Set-Cookie: JSESSIONID=394e769c85fd4a4380de6d8caeeb6e95c082ccd880adf481abbc8e017bcef2d2.e38Ob3aOaheRe34Mb3qSax0Pahz0nR9Pq6XteP93; path=/login
Content-Type: text/html; charset=ISO-8859-1
</responseHeader>
  <requestHeader class="java.lang.String">Accept-Language: es-ES
Accept: */*
User-Agent: Mozilla/4.0 (compatible; MSIE 7.0; Windows NT 6.1; Trident/4.0; SLCC2; .NET CLR 2.0.50727; .NET CLR 3.5.30729; .NET CLR 3.0.30729; Media Center PC 6.0; MDDS; .NET4.0C)
Accept-Encoding: gzip, deflate
Referer: http://picasso:8888/gepa/ConexionAction.do;jsessionid=eb634fe5b58b0bcb96508261e275709f9c8e236e3e15aeb347f0741aac2dda55
</requestHeader>
  <cookies class="java.lang.String"></cookies>
  <method class="java.lang.String">GET</method>
  <queryString class="java.lang.String"></queryString>
  <redirectLocation class="java.lang.String">https://login-pre.sge/pls/orasso/orasso.wwsso_app_admin.ls_login?Site2pstoreToken=v1.4~CEF0A91F~64C4087596F7A10E37EC58981C543C5837ED82991104C344E7E80FA44098395511CA7D0E48EB4A633CBD8668C0FFEE992DA8CE0F8387F4494A58A73B3D06A9251E357990041D958BC294710A6609A759AE35EE976BDE0149938DF7DA03CDF2121C84819588FA3D8B5B10AE6FC756EA249930B122F05E367FA2EC7351657CF7B0C6965C58200A98D1BA9A461C04A37D2F65CDFD49FBB021B4AAA4A4F55693C20EDD28047D5B1C2783950EB17D2DD80C6B905D5EDC386B602FF9B5A68A86C726DF62EB609E6E05FD0C0BB1C08BA6F0C689D8A735A9DBAF8C90945F5AF0E0D279522E18308D6F747EA554ABD34EF76DE457902BB2D527DD4A33AF2EABD325B8D546D80DC9FC6D33F1E83B3257813F07FCA4007E12E0D01EBDA9</redirectLocation>
  <url>https://preproduccion.sge/login/login.jsp?site2pstoretoken=v1.4~CEF0A91F~64C4087596F7A10E37EC58981C543C5837ED82991104C344E7E80FA44098395511CA7D0E48EB4A633CBD8668C0FFEE992DA8CE0F8387F4494A58A73B3D06A9251E357990041D958BC294710A6609A759AE35EE976BDE0149938DF7DA03CDF2121C84819588FA3D8B5B10AE6FC756EA249930B122F05E367FA2EC7351657CF7B0C6965C58200A98D1BA9A461C04A37D2F65CDFD49FBB021B4AAA4A4F55693C20EDD28047D5B1C2783950EB17D2DD80C6B905D5EDC386B602FF9B5A68A86C726DF62EB609E6E05FD0C0BB1C08BA6F0C689D8A735A9DBAF8C90945F5AF0E0D279522E18308D6F747EA554ABD34EF76DE457902BB2D527DD4A33AF2EABD325B8D546D80DC9FC6D33F1E83B3257813F07FCA4007E12E0D01EBDA9&amp;p_error_code=&amp;p_submit_url=https%3A%2F%2Flogin-pre.sge%2Fsso%2Fauth&amp;p_cancel_url=https%3A%2F%2Fpreproduccion.sge&amp;ssousername=&amp;subscribername=</url>
</httpSample>
<httpSample t="16" lt="16" ts="1298631761246" s="false" lb="/gepa/BusquedaAction.do" rc="500" by="778">
  <responseHeader class="java.lang.String">HTTP/1.0 500 Internal Server Error
Date: Fri, 25 Feb 2011 11:02:41 GMT
Server: Oracle-Application-Server-10g/10.1.2.2.0 Oracle-HTTP-Server
Content-Type: text/html; charset=iso-8859-1
</responseHeader>
  <requestHeader class="java.lang.String">Content-Type: application/x-www-form-urlencoded
Accept-Language: es-ES
Accept: image/jpeg, application/x-ms-application, image/gif, application/xaml+xml, image/pjpeg, application/x-ms-xbap, application/vnd.ms-powerpoint, application/vnd.ms-excel, application/msword, */*
User-Agent: Mozilla/4.0 (compatible; MSIE 7.0; Windows NT 6.1; Trident/4.0; SLCC2; .NET CLR 2.0.50727; .NET CLR 3.5.30729; .NET CLR 3.0.30729; Media Center PC 6.0; MDDS; .NET4.0C)
Accept-Encoding: gzip, deflate
Referer: http://picasso:8888/gepa/ConexionAction.do;jsessionid=eb634fe5b58b0bcb96508261e275709f9c8e236e3e15aeb347f0741aac2dda55
Pragma: no-cache
</requestHeader>
  <cookies class="java.lang.String"></cookies>
  <method class="java.lang.String">POST</method>
  <queryString class="java.lang.String">accion=buscar&amp;modo=rapida&amp;avanzadaDesplegada=false&amp;descElemPesado=&amp;identificacionRapida=&amp;nombreRapida=&amp;apellido1Rapida=&amp;apellido2Rapida=&amp;anyoRapida=&amp;numeroRapida=&amp;desdeRapida=&amp;hastaRapida=&amp;tramiteRapida=-1&amp;estadoRapida=-1&amp;idBusqueda=-1&amp;idClases=26&amp;metaTipo0=STRING&amp;metaTipo1=STRING&amp;metaTipo2=LISTA&amp;metaTipo3=STRING&amp;metaTipo4=LISTA_PESADA&amp;metaTipo5=STRING&amp;metaTipo6=LISTA&amp;metaTipo7=STRING&amp;metaTipo8=STRING&amp;metaTipo9=STRING&amp;metaTipo10=STRING&amp;metaTipo11=STRING&amp;metaTipo12=STRING&amp;metaTipo13=LISTA&amp;metaTipo14=STRING&amp;metaTipo15=TIMESTAMP&amp;metaTipo16=TIMESTAMP&amp;metaTipo17=TIMESTAMP&amp;metaTipo18=LISTA&amp;metaTipo19=LISTA_PESADA&amp;metaTipo20=STRING&amp;metaTipo21=STRING&amp;metaTipo22=STRING&amp;metaTipo23=STRING&amp;metaTipo24=STRING&amp;metaTipo25=LISTA_PESADA&amp;metaTipo26=LISTA&amp;metaTipo27=STRING&amp;metaTipo28=LISTA&amp;metaTipo29=STRING&amp;metaTipo30=STRING&amp;metaTipo31=INTEGER&amp;metaTipo32=STRING&amp;metaTipo33=STRING&amp;metaTipo34=STRING&amp;metaTipo35=LISTA&amp;metaTipo36=LISTA&amp;metaTipo37=LISTA&amp;metaTipo38=STRING&amp;metaTipo39=SEPARADOR&amp;metaTipo40=BOOLEAN&amp;metaTipo41=STRING&amp;metaTipo42=STRING&amp;metaTipo43=STRING&amp;metaTipo44=LISTA&amp;metaTipo45=BOOLEAN&amp;metaTipo46=BOOLEAN&amp;metaTipo47=BOOLEAN&amp;metaTipo48=STRING&amp;metaTipo49=TIMESTAMP&amp;metaTipo50=TIMESTAMP&amp;metaTipo51=TIMESTAMP&amp;metaTipo52=TIMESTAMP&amp;metaTipo53=TIMESTAMP&amp;metaTipo54=TIMESTAMP&amp;metaTipo55=TIMESTAMP&amp;metaTipo56=TIMESTAMP&amp;metaTipo57=TIMESTAMP&amp;metaTipo58=TIMESTAMP&amp;metaTipo59=TIMESTAMP&amp;metaTipo60=TIMESTAMP&amp;metaTipo61=TIMESTAMP&amp;metaTipo62=TIMESTAMP&amp;metaTipo63=TIMESTAMP&amp;metaTipo64=LISTA&amp;metaTipo65=LISTA&amp;metaTipo66=LISTA&amp;metaTipo67=DOUBLE&amp;metaTipo68=DOUBLE&amp;metaTipo69=DOUBLE&amp;metaTipo70=DOUBLE&amp;metaTipo71=DOUBLE&amp;metaTipo72=DOUBLE&amp;metaTipo73=DOUBLE&amp;metaTipo74=BOOLEAN&amp;metaTipo75=LISTA&amp;metaTipo76=STRING&amp;metaTipo77=STRING&amp;metaTipo78=STRING&amp;metaTipo79=STRING&amp;metaTipo80=STRING&amp;metaTipo81=STRING&amp;metaTipo82=STRING&amp;metaTipo83=BOOLEAN&amp;metaTipo84=BOOLEAN&amp;metaTipo85=STRING&amp;metaTipo86=LISTA&amp;metaTipo87=LISTA&amp;metaTipo88=LISTA_PESADA&amp;metaTipo89=LISTA&amp;metaTipo90=LISTA&amp;metaTipo91=STRING&amp;metaTipo92=LISTA&amp;metaTipo93=STRING&amp;metaTipo94=STRING&amp;metaTipo95=LISTA&amp;metaTipo96=LISTA&amp;metaTipo97=LISTA&amp;metaTipo98=BOOLEAN&amp;metaTipo99=LISTA&amp;metaTipo100=BOOLEAN&amp;metaTipo101=LISTA&amp;metaTipo102=LISTA&amp;metaTipo103=BOOLEAN&amp;metaTipo104=BOOLEAN&amp;metaTipo105=LISTA&amp;metaTipo106=LISTA&amp;metaTipo107=LISTA&amp;metaTipo108=LISTA&amp;metaTipo109=LISTA&amp;metaTipo110=STRING&amp;metaTipo111=LISTA&amp;valor=&amp;valorPesado=&amp;lista37=-1&amp;lista36=-1&amp;lista35=-1&amp;lista99=-1&amp;lista109=-1&amp;lista66=-1&amp;lista98=-1&amp;lista108=-1&amp;lista65=-1&amp;lista97=-1&amp;lista107=-1&amp;lista64=-1&amp;lista96=-1&amp;lista106=-1&amp;lista95=-1&amp;lista105=-1&amp;lista104=-1&amp;lista92=-1&amp;lista103=-1&amp;lista102=-1&amp;lista90=-1&amp;lista101=-1&amp;lista100=-1&amp;lista28=-1&amp;lista26=-1&amp;lista89=-1&amp;lista87=-1&amp;lista86=-1&amp;lista6=-1&amp;lista84=-1&amp;lista83=-1&amp;lista2=-1&amp;lista18=-1&amp;lista47=-1&amp;lista46=-1&amp;lista13=-1&amp;lista45=-1&amp;lista44=-1&amp;lista75=-1&amp;lista74=-1&amp;lista40=-1&amp;lista111=-1</queryString>
  <url>https://preproduccion.sge:443/gepa/BusquedaAction.do</url>
</httpSample>
<httpSample t="203" lt="0" ts="1298631761262" s="true" lb="/gepa/scripts/scriptaculous/scriptaculous.js" rc="200" by="5100">
  <responseHeader class="java.lang.String">HTTP/1.0 200 OK
Date: Fri, 25 Feb 2011 11:02:41 GMT
Server: Oracle-Application-Server-10g/10.1.2.2.0 Oracle-HTTP-Server
Content-Length: 5100
Set-Cookie: JSESSIONID=66638e689a004f330683237d66910433831d6cec8a5f20eb42c9b9e49152a548.e38Ob3aOaheRe34Mb3qSax0Pahz0nR9Pq6XteP93; path=/login
Content-Type: text/html; charset=ISO-8859-1
</responseHeader>
  <requestHeader class="java.lang.String">Accept-Language: es-ES
Accept: */*
User-Agent: Mozilla/4.0 (compatible; MSIE 7.0; Windows NT 6.1; Trident/4.0; SLCC2; .NET CLR 2.0.50727; .NET CLR 3.5.30729; .NET CLR 3.0.30729; Media Center PC 6.0; MDDS; .NET4.0C)
Accept-Encoding: gzip, deflate
Referer: http://picasso:8888/gepa/BusquedaAction.do
</requestHeader>
  <cookies class="java.lang.String"></cookies>
  <method class="java.lang.String">GET</method>
  <queryString class="java.lang.String"></queryString>
  <redirectLocation class="java.lang.String">https://login-pre.sge/pls/orasso/orasso.wwsso_app_admin.ls_login?Site2pstoreToken=v1.4~CEF0A91F~64C4087596F7A10E37EC58981C543C5837ED82991104C344E7E80FA44098395511CA7D0E48EB4A633CBD8668C0FFEE992DA8CE0F8387F4494A58A73B3D06A9251E357990041D958BC294710A6609A759AE35EE976BDE0149938DF7DA03CDF2121C84819588FA3D8B5B10AE6FC756EA249930B122F05E367FA2EC7351657CF7B0C6965C58200A98D1BA9A461C04A37D2F65CDFD49FBB021B4AAA4A4F55693C20EDD28047D5B1C2783950EB17D2DD80C6B905D5EDC386B602FF9B5A68A86C726DF62EB609E6E05FD0C0BB1C08BA6F0C689D8A735A9DBAF8C90945F5AF0E0D279522E18308D6F747EA554ABD34EF76DE457902BB2D527DD4A33AF2EABD325B8D546D80DC9FC6D33F1E83B3257813F07FCA4007E12E0D01EBDA9</redirectLocation>
  <url>https://preproduccion.sge/login/login.jsp?site2pstoretoken=v1.4~CEF0A91F~64C4087596F7A10E37EC58981C543C5837ED82991104C344E7E80FA44098395511CA7D0E48EB4A633CBD8668C0FFEE992DA8CE0F8387F4494A58A73B3D06A9251E357990041D958BC294710A6609A759AE35EE976BDE0149938DF7DA03CDF2121C84819588FA3D8B5B10AE6FC756EA249930B122F05E367FA2EC7351657CF7B0C6965C58200A98D1BA9A461C04A37D2F65CDFD49FBB021B4AAA4A4F55693C20EDD28047D5B1C2783950EB17D2DD80C6B905D5EDC386B602FF9B5A68A86C726DF62EB609E6E05FD0C0BB1C08BA6F0C689D8A735A9DBAF8C90945F5AF0E0D279522E18308D6F747EA554ABD34EF76DE457902BB2D527DD4A33AF2EABD325B8D546D80DC9FC6D33F1E83B3257813F07FCA4007E12E0D01EBDA9&amp;p_error_code=&amp;p_submit_url=https%3A%2F%2Flogin-pre.sge%2Fsso%2Fauth&amp;p_cancel_url=https%3A%2F%2Fpreproduccion.sge&amp;ssousername=&amp;subscribername=</url>
</httpSample>
<httpSample t="188" lt="0" ts="1298631761465" s="true" lb="/gepa/ResultadoBusquedaAction.do" rc="200" by="5004">
  <responseHeader class="java.lang.String">HTTP/1.0 200 OK
Date: Fri, 25 Feb 2011 11:02:41 GMT
Server: Oracle-Application-Server-10g/10.1.2.2.0 Oracle-HTTP-Server
Content-Length: 5004
Set-Cookie: JSESSIONID=7c709060cc758766e46e1c35d4b3f79e254f7ca14d79d4eeaf321f8f7f7dc355.e3eSbhiLaNyPe3yNbNyQc3qSai1BqBjKpPXxqAa; path=/login
Content-Type: text/html; charset=ISO-8859-1
</responseHeader>
  <requestHeader class="java.lang.String">Accept-Language: es-ES
Accept: image/jpeg, application/x-ms-application, image/gif, application/xaml+xml, image/pjpeg, application/x-ms-xbap, application/vnd.ms-powerpoint, application/vnd.ms-excel, application/msword, */*
User-Agent: Mozilla/4.0 (compatible; MSIE 7.0; Windows NT 6.1; Trident/4.0; SLCC2; .NET CLR 2.0.50727; .NET CLR 3.5.30729; .NET CLR 3.0.30729; Media Center PC 6.0; MDDS; .NET4.0C)
Accept-Encoding: gzip, deflate
Referer: http://picasso:8888/gepa/BusquedaAction.do
</requestHeader>
  <cookies class="java.lang.String"></cookies>
  <method class="java.lang.String">GET</method>
  <queryString class="java.lang.String"></queryString>
  <redirectLocation class="java.lang.String">https://login-pre.sge/pls/orasso/orasso.wwsso_app_admin.ls_login?Site2pstoreToken=v1.4~CEF0A91F~64C4087596F7A10E37EC58981C543C5837ED82991104C344E7E80FA44098395511CA7D0E48EB4A633CBD8668C0FFEE992DA8CE0F8387F4494A58A73B3D06A9251E357990041D958BC294710A6609A759AE35EE976BDE0149938DF7DA03CDF2120B5FC9F2625D8B2FED7B4E40DA25EAF865DE91640560511B037F5AD1869DE88446E47DED8365152575B911C9EB5B20B2F81A5FAE6D6EEE584BFFB2515487A1B500194C89849DAE66696A540C7524E20A458F55B65D2A0EF5C092CC8E9CBD890D4F266316CA5134B833AE66588C50EAE7C1ABEAF748DCE0B22FF9ADDB07B7303B4B38201690E82523F23B1540BE1EF571D9E6726577143307FE5F21D155751110</redirectLocation>
  <url>https://preproduccion.sge/login/login.jsp?site2pstoretoken=v1.4~CEF0A91F~64C4087596F7A10E37EC58981C543C5837ED82991104C344E7E80FA44098395511CA7D0E48EB4A633CBD8668C0FFEE992DA8CE0F8387F4494A58A73B3D06A9251E357990041D958BC294710A6609A759AE35EE976BDE0149938DF7DA03CDF2120B5FC9F2625D8B2FED7B4E40DA25EAF865DE91640560511B037F5AD1869DE88446E47DED8365152575B911C9EB5B20B2F81A5FAE6D6EEE584BFFB2515487A1B500194C89849DAE66696A540C7524E20A458F55B65D2A0EF5C092CC8E9CBD890D4F266316CA5134B833AE66588C50EAE7C1ABEAF748DCE0B22FF9ADDB07B7303B4B38201690E82523F23B1540BE1EF571D9E6726577143307FE5F21D155751110&amp;p_error_code=&amp;p_submit_url=https%3A%2F%2Flogin-pre.sge%2Fsso%2Fauth&amp;p_cancel_url=https%3A%2F%2Fpreproduccion.sge&amp;ssousername=&amp;subscribername=</url>
</httpSample>
<httpSample t="188" lt="0" ts="1298631761668" s="true" lb="/gepa/scripts/scriptaculous/scriptaculous.js" rc="200" by="5100">
  <responseHeader class="java.lang.String">HTTP/1.0 200 OK
Date: Fri, 25 Feb 2011 11:02:41 GMT
Server: Oracle-Application-Server-10g/10.1.2.2.0 Oracle-HTTP-Server
Content-Length: 5100
Set-Cookie: JSESSIONID=17572a2e30187a434b019189fbcc43feafa74b135e9acbf4e27c088a8ec4a87a.e38Ob3aOaheRe34Mb3qSax0Pahz0nR9Pq6XteP93; path=/login
Content-Type: text/html; charset=ISO-8859-1
</responseHeader>
  <requestHeader class="java.lang.String">Accept-Language: es-ES
Accept: */*
User-Agent: Mozilla/4.0 (compatible; MSIE 7.0; Windows NT 6.1; Trident/4.0; SLCC2; .NET CLR 2.0.50727; .NET CLR 3.5.30729; .NET CLR 3.0.30729; Media Center PC 6.0; MDDS; .NET4.0C)
Accept-Encoding: gzip, deflate
Referer: http://picasso:8888/gepa/ResultadoBusquedaAction.do?accion=gestionExp&amp;indice=0
</requestHeader>
  <cookies class="java.lang.String"></cookies>
  <method class="java.lang.String">GET</method>
  <queryString class="java.lang.String"></queryString>
  <redirectLocation class="java.lang.String">https://login-pre.sge/pls/orasso/orasso.wwsso_app_admin.ls_login?Site2pstoreToken=v1.4~CEF0A91F~64C4087596F7A10E37EC58981C543C5837ED82991104C344E7E80FA44098395511CA7D0E48EB4A633CBD8668C0FFEE992DA8CE0F8387F4494A58A73B3D06A9251E357990041D958BC294710A6609A759AE35EE976BDE0149938DF7DA03CDF2121C84819588FA3D8B5B10AE6FC756EA249930B122F05E367FA2EC7351657CF7B0C6965C58200A98D1BA9A461C04A37D2F65CDFD49FBB021B4AAA4A4F55693C20EDD28047D5B1C2783950EB17D2DD80C6B905D5EDC386B602FF9B5A68A86C726DF62EB609E6E05FD0C0BB1C08BA6F0C689D8A735A9DBAF8C90945F5AF0E0D279522E18308D6F747EA554ABD34EF76DE457902BB2D527DD4A33AF2EABD325B8D546D80DC9FC6D33F1E83B3257813F07FCA4007E12E0D01EBDA9</redirectLocation>
  <url>https://preproduccion.sge/login/login.jsp?site2pstoretoken=v1.4~CEF0A91F~64C4087596F7A10E37EC58981C543C5837ED82991104C344E7E80FA44098395511CA7D0E48EB4A633CBD8668C0FFEE992DA8CE0F8387F4494A58A73B3D06A9251E357990041D958BC294710A6609A759AE35EE976BDE0149938DF7DA03CDF2121C84819588FA3D8B5B10AE6FC756EA249930B122F05E367FA2EC7351657CF7B0C6965C58200A98D1BA9A461C04A37D2F65CDFD49FBB021B4AAA4A4F55693C20EDD28047D5B1C2783950EB17D2DD80C6B905D5EDC386B602FF9B5A68A86C726DF62EB609E6E05FD0C0BB1C08BA6F0C689D8A735A9DBAF8C90945F5AF0E0D279522E18308D6F747EA554ABD34EF76DE457902BB2D527DD4A33AF2EABD325B8D546D80DC9FC6D33F1E83B3257813F07FCA4007E12E0D01EBDA9&amp;p_error_code=&amp;p_submit_url=https%3A%2F%2Flogin-pre.sge%2Fsso%2Fauth&amp;p_cancel_url=https%3A%2F%2Fpreproduccion.sge&amp;ssousername=&amp;subscribername=</url>
</httpSample>
<httpSample t="187" lt="0" ts="1298631761856" s="true" lb="/gepa/ConexionAction.do" rc="200" by="5420">
  <responseHeader class="java.lang.String">HTTP/1.0 200 OK
Date: Fri, 25 Feb 2011 11:02:41 GMT
Server: Oracle-Application-Server-10g/10.1.2.2.0 Oracle-HTTP-Server
Content-Length: 5420
Set-Cookie: JSESSIONID=3dc95a89f4699d349242a8a481e9f9e80b0637fbcda0503f24261abc21ef87e9.e3eSbhiLaNyPe3yNbNyQc3qSai1BqBjKpPXxqAa; path=/login
Content-Type: text/html; charset=ISO-8859-1
</responseHeader>
  <requestHeader class="java.lang.String">Accept-Language: es
Accept: */*
User-Agent: Mozilla/4.0 (compatible; MSIE 7.0; Windows NT 6.1; Trident/4.0; SLCC2; .NET CLR 2.0.50727; .NET CLR 3.5.30729; .NET CLR 3.0.30729; Media Center PC 6.0; MDDS; .NET4.0C)
Accept-Encoding: gzip, deflate
</requestHeader>
  <cookies class="java.lang.String"></cookies>
  <method class="java.lang.String">GET</method>
  <queryString class="java.lang.String"></queryString>
  <redirectLocation class="java.lang.String">https://login-pre.sge/pls/orasso/orasso.wwsso_app_admin.ls_login?Site2pstoreToken=v1.4~CEF0A91F~64C4087596F7A10E37EC58981C543C5837ED82991104C344E7E80FA44098395511CA7D0E48EB4A633CBD8668C0FFEE992DA8CE0F8387F4494A58A73B3D06A9251E357990041D958BC294710A6609A759AE35EE976BDE0149938DF7DA03CDF212EA619B5BA1CDA92DA9C97A0BA0578B2518E96DE5BF85572F4C46402AB5A596565DB0EB7CF894904A685E70968E48E69C2C03207C8732349348B10E027F2EC5AE3CA66B43E91EC75D111E6231B3C5C510FD49727D16336A8F9374C32192729F93942CAFFB4B348E4A434AFD9C7CC39E10CEE6A9EF489747997428C5CDCE93A4F745FA67E93A81A65458789A3D937988F68F1573288137256EBC84160504135FC681C02A4641020D4097A7A478EE24A8912D4D2BFBA564C77B25508A1237565B1E822F719A844D7B5AA1BF2B63DA114A1A2F0D9B376CC78F6A0478F713332D770AE929CA3A0131FE3B03704C417228FF1E84E4D4CDADCE39C8FD39DA43DA1FBF1B64EF5D59E778F821</redirectLocation>
  <url>https://preproduccion.sge/login/login.jsp?site2pstoretoken=v1.4~CEF0A91F~64C4087596F7A10E37EC58981C543C5837ED82991104C344E7E80FA44098395511CA7D0E48EB4A633CBD8668C0FFEE992DA8CE0F8387F4494A58A73B3D06A9251E357990041D958BC294710A6609A759AE35EE976BDE0149938DF7DA03CDF212EA619B5BA1CDA92DA9C97A0BA0578B2518E96DE5BF85572F4C46402AB5A596565DB0EB7CF894904A685E70968E48E69C2C03207C8732349348B10E027F2EC5AE3CA66B43E91EC75D111E6231B3C5C510FD49727D16336A8F9374C32192729F93942CAFFB4B348E4A434AFD9C7CC39E10CEE6A9EF489747997428C5CDCE93A4F745FA67E93A81A65458789A3D937988F68F1573288137256EBC84160504135FC681C02A4641020D4097A7A478EE24A8912D4D2BFBA564C77B25508A1237565B1E822F719A844D7B5AA1BF2B63DA114A1A2F0D9B376CC78F6A0478F713332D770AE929CA3A0131FE3B03704C417228FF1E84E4D4CDADCE39C8FD39DA43DA1FBF1B64EF5D59E778F821&amp;p_error_code=&amp;p_submit_url=https%3A%2F%2Flogin-pre.sge%2Fsso%2Fauth&amp;p_cancel_url=https%3A%2F%2Fpreproduccion.sge&amp;ssousername=&amp;subscribername=</url>
</httpSample>
<httpSample t="188" lt="0" ts="1298631762043" s="true" lb="/gepa/scripts/scriptaculous/scriptaculous.js" rc="200" by="5068">
  <responseHeader class="java.lang.String">HTTP/1.0 200 OK
Date: Fri, 25 Feb 2011 11:02:42 GMT
Server: Oracle-Application-Server-10g/10.1.2.2.0 Oracle-HTTP-Server
Content-Length: 5068
Set-Cookie: JSESSIONID=622475de38967e6b101cda83026f8c3adeccd922e385513b75e173df74d5efbc.e38Ob3aOaheRe34Mb3qSax0Pahz0nR9Pq6XteP93; path=/login
Content-Type: text/html; charset=ISO-8859-1
</responseHeader>
  <requestHeader class="java.lang.String">Accept-Language: es-ES
Accept: */*
User-Agent: Mozilla/4.0 (compatible; MSIE 7.0; Windows NT 6.1; Trident/4.0; SLCC2; .NET CLR 2.0.50727; .NET CLR 3.5.30729; .NET CLR 3.0.30729; Media Center PC 6.0; MDDS; .NET4.0C)
Accept-Encoding: gzip, deflate
Referer: http://picasso:8888/gepa/ConexionAction.do?POSTDATA=variosPerfiles=true&amp;accion=iniciar&amp;codigoEntidad=DYS&amp;codigo=jcnegredo&amp;contrasenya=dysmatica&amp;rolSeleccionado=25
</requestHeader>
  <cookies class="java.lang.String"></cookies>
  <method class="java.lang.String">GET</method>
  <queryString class="java.lang.String"></queryString>
  <redirectLocation class="java.lang.String">https://login-pre.sge/pls/orasso/orasso.wwsso_app_admin.ls_login?Site2pstoreToken=v1.4~CEF0A91F~22ECD21792C8F0F59FD5D9959DE11E8CCD7E7248959629830684B68A43A69D4A861A38E615D84B98F36F3D471FD297646762E052AF5AFFAEC7F00223720A7C50A38DAE095546BB904AA1683B96B9882E15E55DEDE2E908A852A911350602FFF659DA5249EFA86E6B1BE8AECA8688587DDA764E2301D899C601FDF1409011206BB1A55A02C0CCCD0575AA6F89046B38278A20F08AC87E8072F5CE7D2DCBA0EF46E8626AE6962897F9B2FD7B77A35B5A76E6431EC307518F7D23A3794E736386A5380EE6029A8782359F9685C7E4BF013CBECE3C040FB7A3E48D6CCB88084E3616D42DFB0A7DCE763C1B318AE4080F4541F61389442A724FBDBB273BAA11E5FE94CEB3661DCC234D84A17554FA1504DB05</redirectLocation>
  <url>https://preproduccion.sge/login/login.jsp?site2pstoretoken=v1.4~CEF0A91F~22ECD21792C8F0F59FD5D9959DE11E8CCD7E7248959629830684B68A43A69D4A861A38E615D84B98F36F3D471FD297646762E052AF5AFFAEC7F00223720A7C50A38DAE095546BB904AA1683B96B9882E15E55DEDE2E908A852A911350602FFF659DA5249EFA86E6B1BE8AECA8688587DDA764E2301D899C601FDF1409011206BB1A55A02C0CCCD0575AA6F89046B38278A20F08AC87E8072F5CE7D2DCBA0EF46E8626AE6962897F9B2FD7B77A35B5A76E6431EC307518F7D23A3794E736386A5380EE6029A8782359F9685C7E4BF013CBECE3C040FB7A3E48D6CCB88084E3616D42DFB0A7DCE763C1B318AE4080F4541F61389442A724FBDBB273BAA11E5FE94CEB3661DCC234D84A17554FA1504DB05&amp;p_error_code=&amp;p_submit_url=https%3A%2F%2Flogin-pre.sge%2Fsso%2Fauth&amp;p_cancel_url=https%3A%2F%2Fpreproduccion.sge&amp;ssousername=&amp;subscribername=</url>
</httpSample>
<httpSample t="31" lt="31" ts="1298631762231" s="false" lb="/gepa/ConexionAction.do;jsessionid=eb634fe5b58b0bcb96508261e275709f9c8e236e3e15aeb347f0741aac2dda55" rc="500" by="778">
  <responseHeader class="java.lang.String">HTTP/1.0 500 Internal Server Error
Date: Fri, 25 Feb 2011 11:02:42 GMT
Server: Oracle-Application-Server-10g/10.1.2.2.0 Oracle-HTTP-Server
Content-Type: text/html; charset=iso-8859-1
</responseHeader>
  <requestHeader class="java.lang.String">Content-Type: application/x-www-form-urlencoded
Accept-Language: es-ES
Accept: image/jpeg, application/x-ms-application, image/gif, application/xaml+xml, image/pjpeg, application/x-ms-xbap, application/vnd.ms-powerpoint, application/vnd.ms-excel, application/msword, */*
User-Agent: Mozilla/4.0 (compatible; MSIE 7.0; Windows NT 6.1; Trident/4.0; SLCC2; .NET CLR 2.0.50727; .NET CLR 3.5.30729; .NET CLR 3.0.30729; Media Center PC 6.0; MDDS; .NET4.0C)
Accept-Encoding: gzip, deflate
Referer: http://picasso:8888/gepa/ConexionAction.do?POSTDATA=variosPerfiles=true&amp;accion=iniciar&amp;codigoEntidad=DYS&amp;codigo=jcnegredo&amp;contrasenya=dysmatica&amp;rolSeleccionado=25
Pragma: no-cache
</requestHeader>
  <cookies class="java.lang.String"></cookies>
  <method class="java.lang.String">POST</method>
  <queryString class="java.lang.String">variosPerfiles=true&amp;accion=seleccionarPerfil&amp;codigoEntidad=DYS&amp;rolSeleccionado=25</queryString>
  <url>https://preproduccion.sge:443/gepa/ConexionAction.do;jsessionid=eb634fe5b58b0bcb96508261e275709f9c8e236e3e15aeb347f0741aac2dda55</url>
</httpSample>
<httpSample t="188" lt="0" ts="1298631762262" s="true" lb="/gepa/scripts/scriptaculous/scriptaculous.js" rc="200" by="5068">
  <responseHeader class="java.lang.String">HTTP/1.0 200 OK
Date: Fri, 25 Feb 2011 11:02:42 GMT
Server: Oracle-Application-Server-10g/10.1.2.2.0 Oracle-HTTP-Server
Content-Length: 5068
Set-Cookie: JSESSIONID=33e7393b43527386bde797b256a246a32fb8e8de51b0cb4d0712b5e719d142f1.e3eSbhiLaNyPe3yNbNyQc3qSai1BqBjKpPXxqAa; path=/login
Content-Type: text/html; charset=ISO-8859-1
</responseHeader>
  <requestHeader class="java.lang.String">Accept-Language: es-ES
Accept: */*
User-Agent: Mozilla/4.0 (compatible; MSIE 7.0; Windows NT 6.1; Trident/4.0; SLCC2; .NET CLR 2.0.50727; .NET CLR 3.5.30729; .NET CLR 3.0.30729; Media Center PC 6.0; MDDS; .NET4.0C)
Accept-Encoding: gzip, deflate
Referer: http://picasso:8888/gepa/ConexionAction.do;jsessionid=eb634fe5b58b0bcb96508261e275709f9c8e236e3e15aeb347f0741aac2dda55
</requestHeader>
  <cookies class="java.lang.String"></cookies>
  <method class="java.lang.String">GET</method>
  <queryString class="java.lang.String"></queryString>
  <redirectLocation class="java.lang.String">https://login-pre.sge/pls/orasso/orasso.wwsso_app_admin.ls_login?Site2pstoreToken=v1.4~CEF0A91F~22ECD21792C8F0F59FD5D9959DE11E8CCD7E7248959629830684B68A43A69D4A861A38E615D84B98F36F3D471FD297646762E052AF5AFFAEC7F00223720A7C50A38DAE095546BB904AA1683B96B9882E15E55DEDE2E908A852A911350602FFF659DA5249EFA86E6B1BE8AECA8688587DDA764E2301D899C601FDF1409011206BB1A55A02C0CCCD0575AA6F89046B38278A20F08AC87E8072F5CE7D2DCBA0EF46E8626AE6962897F9B2FD7B77A35B5A76E6431EC307518F7D23A3794E736386A5380EE6029A8782359F9685C7E4BF013CBECE3C040FB7A3E48D6CCB88084E3616D42DFB0A7DCE763C1B318AE4080F4541F61389442A724FBDBB273BAA11E5FE94CEB3661DCC234D84A17554FA1504DB05</redirectLocation>
  <url>https://preproduccion.sge/login/login.jsp?site2pstoretoken=v1.4~CEF0A91F~22ECD21792C8F0F59FD5D9959DE11E8CCD7E7248959629830684B68A43A69D4A861A38E615D84B98F36F3D471FD297646762E052AF5AFFAEC7F00223720A7C50A38DAE095546BB904AA1683B96B9882E15E55DEDE2E908A852A911350602FFF659DA5249EFA86E6B1BE8AECA8688587DDA764E2301D899C601FDF1409011206BB1A55A02C0CCCD0575AA6F89046B38278A20F08AC87E8072F5CE7D2DCBA0EF46E8626AE6962897F9B2FD7B77A35B5A76E6431EC307518F7D23A3794E736386A5380EE6029A8782359F9685C7E4BF013CBECE3C040FB7A3E48D6CCB88084E3616D42DFB0A7DCE763C1B318AE4080F4541F61389442A724FBDBB273BAA11E5FE94CEB3661DCC234D84A17554FA1504DB05&amp;p_error_code=&amp;p_submit_url=https%3A%2F%2Flogin-pre.sge%2Fsso%2Fauth&amp;p_cancel_url=https%3A%2F%2Fpreproduccion.sge&amp;ssousername=&amp;subscribername=</url>
</httpSample>
<httpSample t="31" lt="31" ts="1298631762450" s="false" lb="/gepa/BusquedaAction.do" rc="500" by="778">
  <responseHeader class="java.lang.String">HTTP/1.0 500 Internal Server Error
Date: Fri, 25 Feb 2011 11:02:42 GMT
Server: Oracle-Application-Server-10g/10.1.2.2.0 Oracle-HTTP-Server
Content-Type: text/html; charset=iso-8859-1
</responseHeader>
  <requestHeader class="java.lang.String">Content-Type: application/x-www-form-urlencoded
Accept-Language: es-ES
Accept: image/jpeg, application/x-ms-application, image/gif, application/xaml+xml, image/pjpeg, application/x-ms-xbap, application/vnd.ms-powerpoint, application/vnd.ms-excel, application/msword, */*
User-Agent: Mozilla/4.0 (compatible; MSIE 7.0; Windows NT 6.1; Trident/4.0; SLCC2; .NET CLR 2.0.50727; .NET CLR 3.5.30729; .NET CLR 3.0.30729; Media Center PC 6.0; MDDS; .NET4.0C)
Accept-Encoding: gzip, deflate
Referer: http://picasso:8888/gepa/ConexionAction.do;jsessionid=eb634fe5b58b0bcb96508261e275709f9c8e236e3e15aeb347f0741aac2dda55
Pragma: no-cache
</requestHeader>
  <cookies class="java.lang.String"></cookies>
  <method class="java.lang.String">POST</method>
  <queryString class="java.lang.String">accion=buscar&amp;modo=rapida&amp;avanzadaDesplegada=false&amp;descElemPesado=&amp;identificacionRapida=&amp;nombreRapida=&amp;apellido1Rapida=&amp;apellido2Rapida=&amp;anyoRapida=&amp;numeroRapida=&amp;desdeRapida=&amp;hastaRapida=&amp;tramiteRapida=-1&amp;estadoRapida=-1&amp;idBusqueda=-1&amp;idClases=26&amp;metaTipo0=STRING&amp;metaTipo1=STRING&amp;metaTipo2=LISTA&amp;metaTipo3=STRING&amp;metaTipo4=LISTA_PESADA&amp;metaTipo5=STRING&amp;metaTipo6=LISTA&amp;metaTipo7=STRING&amp;metaTipo8=STRING&amp;metaTipo9=STRING&amp;metaTipo10=STRING&amp;metaTipo11=STRING&amp;metaTipo12=STRING&amp;metaTipo13=LISTA&amp;metaTipo14=STRING&amp;metaTipo15=TIMESTAMP&amp;metaTipo16=TIMESTAMP&amp;metaTipo17=TIMESTAMP&amp;metaTipo18=LISTA&amp;metaTipo19=LISTA_PESADA&amp;metaTipo20=STRING&amp;metaTipo21=STRING&amp;metaTipo22=STRING&amp;metaTipo23=STRING&amp;metaTipo24=STRING&amp;metaTipo25=LISTA_PESADA&amp;metaTipo26=LISTA&amp;metaTipo27=STRING&amp;metaTipo28=LISTA&amp;metaTipo29=STRING&amp;metaTipo30=STRING&amp;metaTipo31=INTEGER&amp;metaTipo32=STRING&amp;metaTipo33=STRING&amp;metaTipo34=STRING&amp;metaTipo35=LISTA&amp;metaTipo36=LISTA&amp;metaTipo37=LISTA&amp;metaTipo38=STRING&amp;metaTipo39=SEPARADOR&amp;metaTipo40=BOOLEAN&amp;metaTipo41=STRING&amp;metaTipo42=STRING&amp;metaTipo43=STRING&amp;metaTipo44=LISTA&amp;metaTipo45=BOOLEAN&amp;metaTipo46=BOOLEAN&amp;metaTipo47=BOOLEAN&amp;metaTipo48=STRING&amp;metaTipo49=TIMESTAMP&amp;metaTipo50=TIMESTAMP&amp;metaTipo51=TIMESTAMP&amp;metaTipo52=TIMESTAMP&amp;metaTipo53=TIMESTAMP&amp;metaTipo54=TIMESTAMP&amp;metaTipo55=TIMESTAMP&amp;metaTipo56=TIMESTAMP&amp;metaTipo57=TIMESTAMP&amp;metaTipo58=TIMESTAMP&amp;metaTipo59=TIMESTAMP&amp;metaTipo60=TIMESTAMP&amp;metaTipo61=TIMESTAMP&amp;metaTipo62=TIMESTAMP&amp;metaTipo63=TIMESTAMP&amp;metaTipo64=LISTA&amp;metaTipo65=LISTA&amp;metaTipo66=LISTA&amp;metaTipo67=DOUBLE&amp;metaTipo68=DOUBLE&amp;metaTipo69=DOUBLE&amp;metaTipo70=DOUBLE&amp;metaTipo71=DOUBLE&amp;metaTipo72=DOUBLE&amp;metaTipo73=DOUBLE&amp;metaTipo74=BOOLEAN&amp;metaTipo75=LISTA&amp;metaTipo76=STRING&amp;metaTipo77=STRING&amp;metaTipo78=STRING&amp;metaTipo79=STRING&amp;metaTipo80=STRING&amp;metaTipo81=STRING&amp;metaTipo82=STRING&amp;metaTipo83=BOOLEAN&amp;metaTipo84=BOOLEAN&amp;metaTipo85=STRING&amp;metaTipo86=LISTA&amp;metaTipo87=LISTA&amp;metaTipo88=LISTA_PESADA&amp;metaTipo89=LISTA&amp;metaTipo90=LISTA&amp;metaTipo91=STRING&amp;metaTipo92=LISTA&amp;metaTipo93=STRING&amp;metaTipo94=STRING&amp;metaTipo95=LISTA&amp;metaTipo96=LISTA&amp;metaTipo97=LISTA&amp;metaTipo98=BOOLEAN&amp;metaTipo99=LISTA&amp;metaTipo100=BOOLEAN&amp;metaTipo101=LISTA&amp;metaTipo102=LISTA&amp;metaTipo103=BOOLEAN&amp;metaTipo104=BOOLEAN&amp;metaTipo105=LISTA&amp;metaTipo106=LISTA&amp;metaTipo107=LISTA&amp;metaTipo108=LISTA&amp;metaTipo109=LISTA&amp;metaTipo110=STRING&amp;metaTipo111=LISTA&amp;valor=&amp;valorPesado=&amp;lista37=-1&amp;lista36=-1&amp;lista35=-1&amp;lista99=-1&amp;lista109=-1&amp;lista66=-1&amp;lista98=-1&amp;lista108=-1&amp;lista65=-1&amp;lista97=-1&amp;lista107=-1&amp;lista64=-1&amp;lista96=-1&amp;lista106=-1&amp;lista95=-1&amp;lista105=-1&amp;lista104=-1&amp;lista92=-1&amp;lista103=-1&amp;lista102=-1&amp;lista90=-1&amp;lista101=-1&amp;lista100=-1&amp;lista28=-1&amp;lista26=-1&amp;lista89=-1&amp;lista87=-1&amp;lista86=-1&amp;lista6=-1&amp;lista84=-1&amp;lista83=-1&amp;lista2=-1&amp;lista18=-1&amp;lista47=-1&amp;lista46=-1&amp;lista13=-1&amp;lista45=-1&amp;lista44=-1&amp;lista75=-1&amp;lista74=-1&amp;lista40=-1&amp;lista111=-1</queryString>
  <url>https://preproduccion.sge:443/gepa/BusquedaAction.do</url>
</httpSample>
<httpSample t="203" lt="0" ts="1298631762481" s="true" lb="/gepa/scripts/scriptaculous/scriptaculous.js" rc="200" by="5068">
  <responseHeader class="java.lang.String">HTTP/1.0 200 OK
Date: Fri, 25 Feb 2011 11:02:42 GMT
Server: Oracle-Application-Server-10g/10.1.2.2.0 Oracle-HTTP-Server
Content-Length: 5068
Set-Cookie: JSESSIONID=b923f69ce6f1bf3814b6f1ba61f49e31d26d28805b2a85b04ad368803cd99a59.e3eSbhiLaNyPe3yNbNyQc3qSai1BqBjKpPXxqAa; path=/login
Content-Type: text/html; charset=ISO-8859-1
</responseHeader>
  <requestHeader class="java.lang.String">Accept-Language: es-ES
Accept: */*
User-Agent: Mozilla/4.0 (compatible; MSIE 7.0; Windows NT 6.1; Trident/4.0; SLCC2; .NET CLR 2.0.50727; .NET CLR 3.5.30729; .NET CLR 3.0.30729; Media Center PC 6.0; MDDS; .NET4.0C)
Accept-Encoding: gzip, deflate
Referer: http://picasso:8888/gepa/BusquedaAction.do
</requestHeader>
  <cookies class="java.lang.String"></cookies>
  <method class="java.lang.String">GET</method>
  <queryString class="java.lang.String"></queryString>
  <redirectLocation class="java.lang.String">https://login-pre.sge/pls/orasso/orasso.wwsso_app_admin.ls_login?Site2pstoreToken=v1.4~CEF0A91F~22ECD21792C8F0F59FD5D9959DE11E8CCD7E7248959629830684B68A43A69D4A861A38E615D84B98F36F3D471FD297646762E052AF5AFFAEC7F00223720A7C50A38DAE095546BB904AA1683B96B9882E15E55DEDE2E908A852A911350602FFF659DA5249EFA86E6B1BE8AECA8688587DDA764E2301D899C601FDF1409011206BB1A55A02C0CCCD0575AA6F89046B38278A20F08AC87E8072F5CE7D2DCBA0EF46E8626AE6962897F9B2FD7B77A35B5A76E6431EC307518F7D23A3794E736386A5380EE6029A8782359F9685C7E4BF013CBECE3C040FB7A3E48D6CCB88084E3616D42DFB0A7DCE763C1B318AE4080F4541F61389442A724FBDBB273BAA11E5FE94CEB3661DCC234D84A17554FA1504DB05</redirectLocation>
  <url>https://preproduccion.sge/login/login.jsp?site2pstoretoken=v1.4~CEF0A91F~22ECD21792C8F0F59FD5D9959DE11E8CCD7E7248959629830684B68A43A69D4A861A38E615D84B98F36F3D471FD297646762E052AF5AFFAEC7F00223720A7C50A38DAE095546BB904AA1683B96B9882E15E55DEDE2E908A852A911350602FFF659DA5249EFA86E6B1BE8AECA8688587DDA764E2301D899C601FDF1409011206BB1A55A02C0CCCD0575AA6F89046B38278A20F08AC87E8072F5CE7D2DCBA0EF46E8626AE6962897F9B2FD7B77A35B5A76E6431EC307518F7D23A3794E736386A5380EE6029A8782359F9685C7E4BF013CBECE3C040FB7A3E48D6CCB88084E3616D42DFB0A7DCE763C1B318AE4080F4541F61389442A724FBDBB273BAA11E5FE94CEB3661DCC234D84A17554FA1504DB05&amp;p_error_code=&amp;p_submit_url=https%3A%2F%2Flogin-pre.sge%2Fsso%2Fauth&amp;p_cancel_url=https%3A%2F%2Fpreproduccion.sge&amp;ssousername=&amp;subscribername=</url>
</httpSample>
<httpSample t="203" lt="0" ts="1298631762684" s="true" lb="/gepa/ResultadoBusquedaAction.do" rc="200" by="4972">
  <responseHeader class="java.lang.String">HTTP/1.0 200 OK
Date: Fri, 25 Feb 2011 11:02:42 GMT
Server: Oracle-Application-Server-10g/10.1.2.2.0 Oracle-HTTP-Server
Content-Length: 4972
Set-Cookie: JSESSIONID=7d46a621534f3d1053c0c6795c964affb97153a3b9c5bc4b9b7172dde5d2caef.e38Ob3aOaheRe34Mb3qSax0Pahz0nR9Pq6XteP93; path=/login
Content-Type: text/html; charset=ISO-8859-1
</responseHeader>
  <requestHeader class="java.lang.String">Accept-Language: es-ES
Accept: image/jpeg, application/x-ms-application, image/gif, application/xaml+xml, image/pjpeg, application/x-ms-xbap, application/vnd.ms-powerpoint, application/vnd.ms-excel, application/msword, */*
User-Agent: Mozilla/4.0 (compatible; MSIE 7.0; Windows NT 6.1; Trident/4.0; SLCC2; .NET CLR 2.0.50727; .NET CLR 3.5.30729; .NET CLR 3.0.30729; Media Center PC 6.0; MDDS; .NET4.0C)
Accept-Encoding: gzip, deflate
Referer: http://picasso:8888/gepa/BusquedaAction.do
</requestHeader>
  <cookies class="java.lang.String"></cookies>
  <method class="java.lang.String">GET</method>
  <queryString class="java.lang.String"></queryString>
  <redirectLocation class="java.lang.String">https://login-pre.sge/pls/orasso/orasso.wwsso_app_admin.ls_login?Site2pstoreToken=v1.4~CEF0A91F~22ECD21792C8F0F59FD5D9959DE11E8CCD7E7248959629830684B68A43A69D4A861A38E615D84B98F36F3D471FD297646762E052AF5AFFAEC7F00223720A7C50A38DAE095546BB904AA1683B96B9882E15E55DEDE2E908A852A911350602FFF6CACC4CBC40E6809EF655F6B0538415C0FA2163A8794B54D74EEF8A34362214E966941D7BD6CDA0EF5DDB3201820050D4B67FA0A7829C1CA69DA811E5AAC4942855CBDA26389EC9DB13BCF16D5AFE37BDA9D97BC62CF9D02B87CA37C0BC13E3DC46E3D196810D405095716AC570E6D3C1FBD07ADD059EA2E25E9EBC156459E4B1AFA097E207D85F0BC2D744DC0B124C4D146A203513FDF35D</redirectLocation>
  <url>https://preproduccion.sge/login/login.jsp?site2pstoretoken=v1.4~CEF0A91F~22ECD21792C8F0F59FD5D9959DE11E8CCD7E7248959629830684B68A43A69D4A861A38E615D84B98F36F3D471FD297646762E052AF5AFFAEC7F00223720A7C50A38DAE095546BB904AA1683B96B9882E15E55DEDE2E908A852A911350602FFF6CACC4CBC40E6809EF655F6B0538415C0FA2163A8794B54D74EEF8A34362214E966941D7BD6CDA0EF5DDB3201820050D4B67FA0A7829C1CA69DA811E5AAC4942855CBDA26389EC9DB13BCF16D5AFE37BDA9D97BC62CF9D02B87CA37C0BC13E3DC46E3D196810D405095716AC570E6D3C1FBD07ADD059EA2E25E9EBC156459E4B1AFA097E207D85F0BC2D744DC0B124C4D146A203513FDF35D&amp;p_error_code=&amp;p_submit_url=https%3A%2F%2Flogin-pre.sge%2Fsso%2Fauth&amp;p_cancel_url=https%3A%2F%2Fpreproduccion.sge&amp;ssousername=&amp;subscribername=</url>
</httpSample>
<httpSample t="188" lt="0" ts="1298631762887" s="true" lb="/gepa/scripts/scriptaculous/scriptaculous.js" rc="200" by="5068">
  <responseHeader class="java.lang.String">HTTP/1.0 200 OK
Date: Fri, 25 Feb 2011 11:02:42 GMT
Server: Oracle-Application-Server-10g/10.1.2.2.0 Oracle-HTTP-Server
Content-Length: 5068
Set-Cookie: JSESSIONID=81649bf305a24a9937b4c23a36327a561000c8f95e58c6f80982bfd465ea618a.e3eSbhiLaNyPe3yNbNyQc3qSai1BqBjKpPXxqAa; path=/login
Content-Type: text/html; charset=ISO-8859-1
</responseHeader>
  <requestHeader class="java.lang.String">Accept-Language: es-ES
Accept: */*
User-Agent: Mozilla/4.0 (compatible; MSIE 7.0; Windows NT 6.1; Trident/4.0; SLCC2; .NET CLR 2.0.50727; .NET CLR 3.5.30729; .NET CLR 3.0.30729; Media Center PC 6.0; MDDS; .NET4.0C)
Accept-Encoding: gzip, deflate
Referer: http://picasso:8888/gepa/ResultadoBusquedaAction.do?accion=gestionExp&amp;indice=0
</requestHeader>
  <cookies class="java.lang.String"></cookies>
  <method class="java.lang.String">GET</method>
  <queryString class="java.lang.String"></queryString>
  <redirectLocation class="java.lang.String">https://login-pre.sge/pls/orasso/orasso.wwsso_app_admin.ls_login?Site2pstoreToken=v1.4~CEF0A91F~22ECD21792C8F0F59FD5D9959DE11E8CCD7E7248959629830684B68A43A69D4A861A38E615D84B98F36F3D471FD297646762E052AF5AFFAEC7F00223720A7C50A38DAE095546BB904AA1683B96B9882E15E55DEDE2E908A852A911350602FFF659DA5249EFA86E6B1BE8AECA8688587DDA764E2301D899C601FDF1409011206BB1A55A02C0CCCD0575AA6F89046B38278A20F08AC87E8072F5CE7D2DCBA0EF46E8626AE6962897F9B2FD7B77A35B5A76E6431EC307518F7D23A3794E736386A5380EE6029A8782359F9685C7E4BF013CBECE3C040FB7A3E48D6CCB88084E3616D42DFB0A7DCE763C1B318AE4080F4541F61389442A724FBDBB273BAA11E5FE94CEB3661DCC234D84A17554FA1504DB05</redirectLocation>
  <url>https://preproduccion.sge/login/login.jsp?site2pstoretoken=v1.4~CEF0A91F~22ECD21792C8F0F59FD5D9959DE11E8CCD7E7248959629830684B68A43A69D4A861A38E615D84B98F36F3D471FD297646762E052AF5AFFAEC7F00223720A7C50A38DAE095546BB904AA1683B96B9882E15E55DEDE2E908A852A911350602FFF659DA5249EFA86E6B1BE8AECA8688587DDA764E2301D899C601FDF1409011206BB1A55A02C0CCCD0575AA6F89046B38278A20F08AC87E8072F5CE7D2DCBA0EF46E8626AE6962897F9B2FD7B77A35B5A76E6431EC307518F7D23A3794E736386A5380EE6029A8782359F9685C7E4BF013CBECE3C040FB7A3E48D6CCB88084E3616D42DFB0A7DCE763C1B318AE4080F4541F61389442A724FBDBB273BAA11E5FE94CEB3661DCC234D84A17554FA1504DB05&amp;p_error_code=&amp;p_submit_url=https%3A%2F%2Flogin-pre.sge%2Fsso%2Fauth&amp;p_cancel_url=https%3A%2F%2Fpreproduccion.sge&amp;ssousername=&amp;subscribername=</url>
</httpSample>
<httpSample t="203" lt="0" ts="1298631763075" s="true" lb="/gepa/ConexionAction.do" rc="200" by="5388">
  <responseHeader class="java.lang.String">HTTP/1.0 200 OK
Date: Fri, 25 Feb 2011 11:02:43 GMT
Server: Oracle-Application-Server-10g/10.1.2.2.0 Oracle-HTTP-Server
Content-Length: 5388
Set-Cookie: JSESSIONID=ef8c01e83131884476077ad77810f26a9f50b2a69da28f14e7ed87d6cbd70a35.e38Ob3aOaheRe34Mb3qSax0Pahz0nR9Pq6XteP93; path=/login
Content-Type: text/html; charset=ISO-8859-1
</responseHeader>
  <requestHeader class="java.lang.String">Accept-Language: es
Accept: */*
User-Agent: Mozilla/4.0 (compatible; MSIE 7.0; Windows NT 6.1; Trident/4.0; SLCC2; .NET CLR 2.0.50727; .NET CLR 3.5.30729; .NET CLR 3.0.30729; Media Center PC 6.0; MDDS; .NET4.0C)
Accept-Encoding: gzip, deflate
</requestHeader>
  <cookies class="java.lang.String"></cookies>
  <method class="java.lang.String">GET</method>
  <queryString class="java.lang.String"></queryString>
  <redirectLocation class="java.lang.String">https://login-pre.sge/pls/orasso/orasso.wwsso_app_admin.ls_login?Site2pstoreToken=v1.4~CEF0A91F~5C45B97A9397758CD0780E64104DC697DE7A90E51D7D62FFB0DBAFDEBB455547411FDB732BE4FBF8CDA3930F6675909E9114BEF335CA0E82091891162194C7A97B7F45608F701762B712511EF34E39F63BB754CCCFF4BE2774CDA703E0B1E2E5806930ECF8C20D268EA8C92C4AB93DD097D344D924D0A60B6A0D23A1C07EA75607D11CEECB093FA55E1E9DFC62198A66F31032CF63B221202C39D9960C017CC6E97F313A7A657DD572902C7209CB009FAF68C89FB85FC22265D36786695D5BC3843FE1FCBE0E51C6BCCF4731CD8E5E3AC904DE7B66F1F5E0CFFF403917A4ABAAB13AF6427439B9E4AD43965E63471DA298D1A321434CE9C7DFA33A62FFF7084D7E0B7D0BD46C27D63E14EDF846C95B88CCE3309B70DF6D1D4E53CEE7645C9F35D23DE02C84BC4EADDF5EF99847157BFE751978CE676F122B1B0829E9BA1D65E97AA297584C03A7A625D739322A5809C20A202408CD3C2FB03941256A481B2C81</redirectLocation>
  <url>https://preproduccion.sge/login/login.jsp?site2pstoretoken=v1.4~CEF0A91F~5C45B97A9397758CD0780E64104DC697DE7A90E51D7D62FFB0DBAFDEBB455547411FDB732BE4FBF8CDA3930F6675909E9114BEF335CA0E82091891162194C7A97B7F45608F701762B712511EF34E39F63BB754CCCFF4BE2774CDA703E0B1E2E5806930ECF8C20D268EA8C92C4AB93DD097D344D924D0A60B6A0D23A1C07EA75607D11CEECB093FA55E1E9DFC62198A66F31032CF63B221202C39D9960C017CC6E97F313A7A657DD572902C7209CB009FAF68C89FB85FC22265D36786695D5BC3843FE1FCBE0E51C6BCCF4731CD8E5E3AC904DE7B66F1F5E0CFFF403917A4ABAAB13AF6427439B9E4AD43965E63471DA298D1A321434CE9C7DFA33A62FFF7084D7E0B7D0BD46C27D63E14EDF846C95B88CCE3309B70DF6D1D4E53CEE7645C9F35D23DE02C84BC4EADDF5EF99847157BFE751978CE676F122B1B0829E9BA1D65E97AA297584C03A7A625D739322A5809C20A202408CD3C2FB03941256A481B2C81&amp;p_error_code=&amp;p_submit_url=https%3A%2F%2Flogin-pre.sge%2Fsso%2Fauth&amp;p_cancel_url=https%3A%2F%2Fpreproduccion.sge&amp;ssousername=&amp;subscribername=</url>
</httpSample>
<httpSample t="203" lt="0" ts="1298631763278" s="true" lb="/gepa/scripts/scriptaculous/scriptaculous.js" rc="200" by="5068">
  <responseHeader class="java.lang.String">HTTP/1.0 200 OK
Date: Fri, 25 Feb 2011 11:02:43 GMT
Server: Oracle-Application-Server-10g/10.1.2.2.0 Oracle-HTTP-Server
Content-Length: 5068
Set-Cookie: JSESSIONID=55fc6586b5f695831197dbb59058111deb24aee662742be468085628b24dea6f.e3eSbhiLaNyPe3yNbNyQc3qSai1BqBjKpPXxqAa; path=/login
Content-Type: text/html; charset=ISO-8859-1
</responseHeader>
  <requestHeader class="java.lang.String">Accept-Language: es-ES
Accept: */*
User-Agent: Mozilla/4.0 (compatible; MSIE 7.0; Windows NT 6.1; Trident/4.0; SLCC2; .NET CLR 2.0.50727; .NET CLR 3.5.30729; .NET CLR 3.0.30729; Media Center PC 6.0; MDDS; .NET4.0C)
Accept-Encoding: gzip, deflate
Referer: http://picasso:8888/gepa/ConexionAction.do?POSTDATA=variosPerfiles=true&amp;accion=iniciar&amp;codigoEntidad=DYS&amp;codigo=jcnegredo&amp;contrasenya=dysmatica&amp;rolSeleccionado=25
</requestHeader>
  <cookies class="java.lang.String"></cookies>
  <method class="java.lang.String">GET</method>
  <queryString class="java.lang.String"></queryString>
  <redirectLocation class="java.lang.String">https://login-pre.sge/pls/orasso/orasso.wwsso_app_admin.ls_login?Site2pstoreToken=v1.4~CEF0A91F~5C45B97A9397758CD0780E64104DC697DE7A90E51D7D62FFB0DBAFDEBB455547411FDB732BE4FBF8CDA3930F6675909E9114BEF335CA0E82091891162194C7A97B7F45608F701762B712511EF34E39F63BB754CCCFF4BE2774CDA703E0B1E2E557852012D6302FD5173BC6F7046590F7B0B25B0E785EFD28B8AD41F0CCFC513CDF7E20E059EE6E7DA065517974A68269EC2BFA331F0AA9B460EFD38559CE625542C242BFE516B7D9283BAF325F7E2FC83188293019B12C1E7478060165777260A52E7906333D064F48FD5B317EC00E162B3C0B1F0B5AC953C539F9760D87EA16632536A0BFF352A17233DF9D2334D7B3263123B37A49B1435C1B3A72A23C256EA0ABD246380AC07AF3396B349587EF2E</redirectLocation>
  <url>https://preproduccion.sge/login/login.jsp?site2pstoretoken=v1.4~CEF0A91F~5C45B97A9397758CD0780E64104DC697DE7A90E51D7D62FFB0DBAFDEBB455547411FDB732BE4FBF8CDA3930F6675909E9114BEF335CA0E82091891162194C7A97B7F45608F701762B712511EF34E39F63BB754CCCFF4BE2774CDA703E0B1E2E557852012D6302FD5173BC6F7046590F7B0B25B0E785EFD28B8AD41F0CCFC513CDF7E20E059EE6E7DA065517974A68269EC2BFA331F0AA9B460EFD38559CE625542C242BFE516B7D9283BAF325F7E2FC83188293019B12C1E7478060165777260A52E7906333D064F48FD5B317EC00E162B3C0B1F0B5AC953C539F9760D87EA16632536A0BFF352A17233DF9D2334D7B3263123B37A49B1435C1B3A72A23C256EA0ABD246380AC07AF3396B349587EF2E&amp;p_error_code=&amp;p_submit_url=https%3A%2F%2Flogin-pre.sge%2Fsso%2Fauth&amp;p_cancel_url=https%3A%2F%2Fpreproduccion.sge&amp;ssousername=&amp;subscribername=</url>
</httpSample>
<httpSample t="31" lt="31" ts="1298631763481" s="false" lb="/gepa/ConexionAction.do;jsessionid=eb634fe5b58b0bcb96508261e275709f9c8e236e3e15aeb347f0741aac2dda55" rc="500" by="778">
  <responseHeader class="java.lang.String">HTTP/1.0 500 Internal Server Error
Date: Fri, 25 Feb 2011 11:02:43 GMT
Server: Oracle-Application-Server-10g/10.1.2.2.0 Oracle-HTTP-Server
Content-Type: text/html; charset=iso-8859-1
</responseHeader>
  <requestHeader class="java.lang.String">Content-Type: application/x-www-form-urlencoded
Accept-Language: es-ES
Accept: image/jpeg, application/x-ms-application, image/gif, application/xaml+xml, image/pjpeg, application/x-ms-xbap, application/vnd.ms-powerpoint, application/vnd.ms-excel, application/msword, */*
User-Agent: Mozilla/4.0 (compatible; MSIE 7.0; Windows NT 6.1; Trident/4.0; SLCC2; .NET CLR 2.0.50727; .NET CLR 3.5.30729; .NET CLR 3.0.30729; Media Center PC 6.0; MDDS; .NET4.0C)
Accept-Encoding: gzip, deflate
Referer: http://picasso:8888/gepa/ConexionAction.do?POSTDATA=variosPerfiles=true&amp;accion=iniciar&amp;codigoEntidad=DYS&amp;codigo=jcnegredo&amp;contrasenya=dysmatica&amp;rolSeleccionado=25
Pragma: no-cache
</requestHeader>
  <cookies class="java.lang.String"></cookies>
  <method class="java.lang.String">POST</method>
  <queryString class="java.lang.String">variosPerfiles=true&amp;accion=seleccionarPerfil&amp;codigoEntidad=DYS&amp;rolSeleccionado=25</queryString>
  <url>https://preproduccion.sge:443/gepa/ConexionAction.do;jsessionid=eb634fe5b58b0bcb96508261e275709f9c8e236e3e15aeb347f0741aac2dda55</url>
</httpSample>
<httpSample t="188" lt="0" ts="1298631763512" s="true" lb="/gepa/scripts/scriptaculous/scriptaculous.js" rc="200" by="5068">
  <responseHeader class="java.lang.String">HTTP/1.0 200 OK
Date: Fri, 25 Feb 2011 11:02:43 GMT
Server: Oracle-Application-Server-10g/10.1.2.2.0 Oracle-HTTP-Server
Content-Length: 5068
Set-Cookie: JSESSIONID=d65c01c2b165f1ee77fc726141b89350ed31d92d56e3858347b3ba31f7f20633.e38Ob3aOaheRe34Mb3qSax0Pahz0nR9Pq6XteP93; path=/login
Content-Type: text/html; charset=ISO-8859-1
</responseHeader>
  <requestHeader class="java.lang.String">Accept-Language: es-ES
Accept: */*
User-Agent: Mozilla/4.0 (compatible; MSIE 7.0; Windows NT 6.1; Trident/4.0; SLCC2; .NET CLR 2.0.50727; .NET CLR 3.5.30729; .NET CLR 3.0.30729; Media Center PC 6.0; MDDS; .NET4.0C)
Accept-Encoding: gzip, deflate
Referer: http://picasso:8888/gepa/ConexionAction.do;jsessionid=eb634fe5b58b0bcb96508261e275709f9c8e236e3e15aeb347f0741aac2dda55
</requestHeader>
  <cookies class="java.lang.String"></cookies>
  <method class="java.lang.String">GET</method>
  <queryString class="java.lang.String"></queryString>
  <redirectLocation class="java.lang.String">https://login-pre.sge/pls/orasso/orasso.wwsso_app_admin.ls_login?Site2pstoreToken=v1.4~CEF0A91F~5C45B97A9397758CD0780E64104DC697DE7A90E51D7D62FFB0DBAFDEBB455547411FDB732BE4FBF8CDA3930F6675909E9114BEF335CA0E82091891162194C7A97B7F45608F701762B712511EF34E39F63BB754CCCFF4BE2774CDA703E0B1E2E557852012D6302FD5173BC6F7046590F7B0B25B0E785EFD28B8AD41F0CCFC513CDF7E20E059EE6E7DA065517974A68269EC2BFA331F0AA9B460EFD38559CE625542C242BFE516B7D9283BAF325F7E2FC83188293019B12C1E7478060165777260A52E7906333D064F48FD5B317EC00E162B3C0B1F0B5AC953C539F9760D87EA16632536A0BFF352A17233DF9D2334D7B3263123B37A49B1435C1B3A72A23C256EA0ABD246380AC07AF3396B349587EF2E</redirectLocation>
  <url>https://preproduccion.sge/login/login.jsp?site2pstoretoken=v1.4~CEF0A91F~5C45B97A9397758CD0780E64104DC697DE7A90E51D7D62FFB0DBAFDEBB455547411FDB732BE4FBF8CDA3930F6675909E9114BEF335CA0E82091891162194C7A97B7F45608F701762B712511EF34E39F63BB754CCCFF4BE2774CDA703E0B1E2E557852012D6302FD5173BC6F7046590F7B0B25B0E785EFD28B8AD41F0CCFC513CDF7E20E059EE6E7DA065517974A68269EC2BFA331F0AA9B460EFD38559CE625542C242BFE516B7D9283BAF325F7E2FC83188293019B12C1E7478060165777260A52E7906333D064F48FD5B317EC00E162B3C0B1F0B5AC953C539F9760D87EA16632536A0BFF352A17233DF9D2334D7B3263123B37A49B1435C1B3A72A23C256EA0ABD246380AC07AF3396B349587EF2E&amp;p_error_code=&amp;p_submit_url=https%3A%2F%2Flogin-pre.sge%2Fsso%2Fauth&amp;p_cancel_url=https%3A%2F%2Fpreproduccion.sge&amp;ssousername=&amp;subscribername=</url>
</httpSample>
<httpSample t="15" lt="15" ts="1298631763700" s="false" lb="/gepa/BusquedaAction.do" rc="500" by="778">
  <responseHeader class="java.lang.String">HTTP/1.0 500 Internal Server Error
Date: Fri, 25 Feb 2011 11:02:43 GMT
Server: Oracle-Application-Server-10g/10.1.2.2.0 Oracle-HTTP-Server
Content-Type: text/html; charset=iso-8859-1
</responseHeader>
  <requestHeader class="java.lang.String">Content-Type: application/x-www-form-urlencoded
Accept-Language: es-ES
Accept: image/jpeg, application/x-ms-application, image/gif, application/xaml+xml, image/pjpeg, application/x-ms-xbap, application/vnd.ms-powerpoint, application/vnd.ms-excel, application/msword, */*
User-Agent: Mozilla/4.0 (compatible; MSIE 7.0; Windows NT 6.1; Trident/4.0; SLCC2; .NET CLR 2.0.50727; .NET CLR 3.5.30729; .NET CLR 3.0.30729; Media Center PC 6.0; MDDS; .NET4.0C)
Accept-Encoding: gzip, deflate
Referer: http://picasso:8888/gepa/ConexionAction.do;jsessionid=eb634fe5b58b0bcb96508261e275709f9c8e236e3e15aeb347f0741aac2dda55
Pragma: no-cache
</requestHeader>
  <cookies class="java.lang.String"></cookies>
  <method class="java.lang.String">POST</method>
  <queryString class="java.lang.String">accion=buscar&amp;modo=rapida&amp;avanzadaDesplegada=false&amp;descElemPesado=&amp;identificacionRapida=&amp;nombreRapida=&amp;apellido1Rapida=&amp;apellido2Rapida=&amp;anyoRapida=&amp;numeroRapida=&amp;desdeRapida=&amp;hastaRapida=&amp;tramiteRapida=-1&amp;estadoRapida=-1&amp;idBusqueda=-1&amp;idClases=26&amp;metaTipo0=STRING&amp;metaTipo1=STRING&amp;metaTipo2=LISTA&amp;metaTipo3=STRING&amp;metaTipo4=LISTA_PESADA&amp;metaTipo5=STRING&amp;metaTipo6=LISTA&amp;metaTipo7=STRING&amp;metaTipo8=STRING&amp;metaTipo9=STRING&amp;metaTipo10=STRING&amp;metaTipo11=STRING&amp;metaTipo12=STRING&amp;metaTipo13=LISTA&amp;metaTipo14=STRING&amp;metaTipo15=TIMESTAMP&amp;metaTipo16=TIMESTAMP&amp;metaTipo17=TIMESTAMP&amp;metaTipo18=LISTA&amp;metaTipo19=LISTA_PESADA&amp;metaTipo20=STRING&amp;metaTipo21=STRING&amp;metaTipo22=STRING&amp;metaTipo23=STRING&amp;metaTipo24=STRING&amp;metaTipo25=LISTA_PESADA&amp;metaTipo26=LISTA&amp;metaTipo27=STRING&amp;metaTipo28=LISTA&amp;metaTipo29=STRING&amp;metaTipo30=STRING&amp;metaTipo31=INTEGER&amp;metaTipo32=STRING&amp;metaTipo33=STRING&amp;metaTipo34=STRING&amp;metaTipo35=LISTA&amp;metaTipo36=LISTA&amp;metaTipo37=LISTA&amp;metaTipo38=STRING&amp;metaTipo39=SEPARADOR&amp;metaTipo40=BOOLEAN&amp;metaTipo41=STRING&amp;metaTipo42=STRING&amp;metaTipo43=STRING&amp;metaTipo44=LISTA&amp;metaTipo45=BOOLEAN&amp;metaTipo46=BOOLEAN&amp;metaTipo47=BOOLEAN&amp;metaTipo48=STRING&amp;metaTipo49=TIMESTAMP&amp;metaTipo50=TIMESTAMP&amp;metaTipo51=TIMESTAMP&amp;metaTipo52=TIMESTAMP&amp;metaTipo53=TIMESTAMP&amp;metaTipo54=TIMESTAMP&amp;metaTipo55=TIMESTAMP&amp;metaTipo56=TIMESTAMP&amp;metaTipo57=TIMESTAMP&amp;metaTipo58=TIMESTAMP&amp;metaTipo59=TIMESTAMP&amp;metaTipo60=TIMESTAMP&amp;metaTipo61=TIMESTAMP&amp;metaTipo62=TIMESTAMP&amp;metaTipo63=TIMESTAMP&amp;metaTipo64=LISTA&amp;metaTipo65=LISTA&amp;metaTipo66=LISTA&amp;metaTipo67=DOUBLE&amp;metaTipo68=DOUBLE&amp;metaTipo69=DOUBLE&amp;metaTipo70=DOUBLE&amp;metaTipo71=DOUBLE&amp;metaTipo72=DOUBLE&amp;metaTipo73=DOUBLE&amp;metaTipo74=BOOLEAN&amp;metaTipo75=LISTA&amp;metaTipo76=STRING&amp;metaTipo77=STRING&amp;metaTipo78=STRING&amp;metaTipo79=STRING&amp;metaTipo80=STRING&amp;metaTipo81=STRING&amp;metaTipo82=STRING&amp;metaTipo83=BOOLEAN&amp;metaTipo84=BOOLEAN&amp;metaTipo85=STRING&amp;metaTipo86=LISTA&amp;metaTipo87=LISTA&amp;metaTipo88=LISTA_PESADA&amp;metaTipo89=LISTA&amp;metaTipo90=LISTA&amp;metaTipo91=STRING&amp;metaTipo92=LISTA&amp;metaTipo93=STRING&amp;metaTipo94=STRING&amp;metaTipo95=LISTA&amp;metaTipo96=LISTA&amp;metaTipo97=LISTA&amp;metaTipo98=BOOLEAN&amp;metaTipo99=LISTA&amp;metaTipo100=BOOLEAN&amp;metaTipo101=LISTA&amp;metaTipo102=LISTA&amp;metaTipo103=BOOLEAN&amp;metaTipo104=BOOLEAN&amp;metaTipo105=LISTA&amp;metaTipo106=LISTA&amp;metaTipo107=LISTA&amp;metaTipo108=LISTA&amp;metaTipo109=LISTA&amp;metaTipo110=STRING&amp;metaTipo111=LISTA&amp;valor=&amp;valorPesado=&amp;lista37=-1&amp;lista36=-1&amp;lista35=-1&amp;lista99=-1&amp;lista109=-1&amp;lista66=-1&amp;lista98=-1&amp;lista108=-1&amp;lista65=-1&amp;lista97=-1&amp;lista107=-1&amp;lista64=-1&amp;lista96=-1&amp;lista106=-1&amp;lista95=-1&amp;lista105=-1&amp;lista104=-1&amp;lista92=-1&amp;lista103=-1&amp;lista102=-1&amp;lista90=-1&amp;lista101=-1&amp;lista100=-1&amp;lista28=-1&amp;lista26=-1&amp;lista89=-1&amp;lista87=-1&amp;lista86=-1&amp;lista6=-1&amp;lista84=-1&amp;lista83=-1&amp;lista2=-1&amp;lista18=-1&amp;lista47=-1&amp;lista46=-1&amp;lista13=-1&amp;lista45=-1&amp;lista44=-1&amp;lista75=-1&amp;lista74=-1&amp;lista40=-1&amp;lista111=-1</queryString>
  <url>https://preproduccion.sge:443/gepa/BusquedaAction.do</url>
</httpSample>
<httpSample t="188" lt="0" ts="1298631763715" s="true" lb="/gepa/scripts/scriptaculous/scriptaculous.js" rc="200" by="5068">
  <responseHeader class="java.lang.String">HTTP/1.0 200 OK
Date: Fri, 25 Feb 2011 11:02:43 GMT
Server: Oracle-Application-Server-10g/10.1.2.2.0 Oracle-HTTP-Server
Content-Length: 5068
Set-Cookie: JSESSIONID=e9a873c1a70799c063d42bb030c4f6a60d5b428495be5705d0166769d56fc6a1.e38Ob3aOaheRe34Mb3qSax0Pahz0nR9Pq6XteP93; path=/login
Content-Type: text/html; charset=ISO-8859-1
</responseHeader>
  <requestHeader class="java.lang.String">Accept-Language: es-ES
Accept: */*
User-Agent: Mozilla/4.0 (compatible; MSIE 7.0; Windows NT 6.1; Trident/4.0; SLCC2; .NET CLR 2.0.50727; .NET CLR 3.5.30729; .NET CLR 3.0.30729; Media Center PC 6.0; MDDS; .NET4.0C)
Accept-Encoding: gzip, deflate
Referer: http://picasso:8888/gepa/BusquedaAction.do
</requestHeader>
  <cookies class="java.lang.String"></cookies>
  <method class="java.lang.String">GET</method>
  <queryString class="java.lang.String"></queryString>
  <redirectLocation class="java.lang.String">https://login-pre.sge/pls/orasso/orasso.wwsso_app_admin.ls_login?Site2pstoreToken=v1.4~CEF0A91F~5C45B97A9397758CD0780E64104DC697DE7A90E51D7D62FFB0DBAFDEBB455547411FDB732BE4FBF8CDA3930F6675909E9114BEF335CA0E82091891162194C7A97B7F45608F701762B712511EF34E39F63BB754CCCFF4BE2774CDA703E0B1E2E557852012D6302FD5173BC6F7046590F7B0B25B0E785EFD28B8AD41F0CCFC513CDF7E20E059EE6E7DA065517974A68269EC2BFA331F0AA9B460EFD38559CE625542C242BFE516B7D9283BAF325F7E2FC83188293019B12C1E7478060165777260A52E7906333D064F48FD5B317EC00E162B3C0B1F0B5AC953C539F9760D87EA16632536A0BFF352A17233DF9D2334D7B3263123B37A49B1435C1B3A72A23C256EA0ABD246380AC07AF3396B349587EF2E</redirectLocation>
  <url>https://preproduccion.sge/login/login.jsp?site2pstoretoken=v1.4~CEF0A91F~5C45B97A9397758CD0780E64104DC697DE7A90E51D7D62FFB0DBAFDEBB455547411FDB732BE4FBF8CDA3930F6675909E9114BEF335CA0E82091891162194C7A97B7F45608F701762B712511EF34E39F63BB754CCCFF4BE2774CDA703E0B1E2E557852012D6302FD5173BC6F7046590F7B0B25B0E785EFD28B8AD41F0CCFC513CDF7E20E059EE6E7DA065517974A68269EC2BFA331F0AA9B460EFD38559CE625542C242BFE516B7D9283BAF325F7E2FC83188293019B12C1E7478060165777260A52E7906333D064F48FD5B317EC00E162B3C0B1F0B5AC953C539F9760D87EA16632536A0BFF352A17233DF9D2334D7B3263123B37A49B1435C1B3A72A23C256EA0ABD246380AC07AF3396B349587EF2E&amp;p_error_code=&amp;p_submit_url=https%3A%2F%2Flogin-pre.sge%2Fsso%2Fauth&amp;p_cancel_url=https%3A%2F%2Fpreproduccion.sge&amp;ssousername=&amp;subscribername=</url>
</httpSample>
<httpSample t="203" lt="0" ts="1298631763903" s="true" lb="/gepa/ResultadoBusquedaAction.do" rc="200" by="5004">
  <responseHeader class="java.lang.String">HTTP/1.0 200 OK
Date: Fri, 25 Feb 2011 11:02:43 GMT
Server: Oracle-Application-Server-10g/10.1.2.2.0 Oracle-HTTP-Server
Content-Length: 5004
Set-Cookie: JSESSIONID=060ad7c44820abc6c0b1e7415234593a4662905a56a715932b8c6e3f4ecfef55.e3eSbhiLaNyPe3yNbNyQc3qSai1BqBjKpPXxqAa; path=/login
Content-Type: text/html; charset=ISO-8859-1
</responseHeader>
  <requestHeader class="java.lang.String">Accept-Language: es-ES
Accept: image/jpeg, application/x-ms-application, image/gif, application/xaml+xml, image/pjpeg, application/x-ms-xbap, application/vnd.ms-powerpoint, application/vnd.ms-excel, application/msword, */*
User-Agent: Mozilla/4.0 (compatible; MSIE 7.0; Windows NT 6.1; Trident/4.0; SLCC2; .NET CLR 2.0.50727; .NET CLR 3.5.30729; .NET CLR 3.0.30729; Media Center PC 6.0; MDDS; .NET4.0C)
Accept-Encoding: gzip, deflate
Referer: http://picasso:8888/gepa/BusquedaAction.do
</requestHeader>
  <cookies class="java.lang.String"></cookies>
  <method class="java.lang.String">GET</method>
  <queryString class="java.lang.String"></queryString>
  <redirectLocation class="java.lang.String">https://login-pre.sge/pls/orasso/orasso.wwsso_app_admin.ls_login?Site2pstoreToken=v1.4~CEF0A91F~5C45B97A9397758CD0780E64104DC697DE7A90E51D7D62FFB0DBAFDEBB455547411FDB732BE4FBF8CDA3930F6675909E9114BEF335CA0E82091891162194C7A97B7F45608F701762B712511EF34E39F63BB754CCCFF4BE2774CDA703E0B1E2E555EA66DE62082E1285E5E53632D10C19ACC377C068557C82A9A63FFC0CCCB68CB7AA767870A2C9EDB7FEF737E418BF24397FA555159804303160410CADADD3D5677EECE189F0C29A312221CF8D69ECF2892F900BCB4E4E37E4DAFF8E68479A59370C3C4D90FDC25863304927E84431B8038FF3B23725DFFDC3EB466A37DE777AE83CB3FE15AF03C482BC56970E4B0AF50167C52DCF20C06B042D1C5A7B96A3E2</redirectLocation>
  <url>https://preproduccion.sge/login/login.jsp?site2pstoretoken=v1.4~CEF0A91F~5C45B97A9397758CD0780E64104DC697DE7A90E51D7D62FFB0DBAFDEBB455547411FDB732BE4FBF8CDA3930F6675909E9114BEF335CA0E82091891162194C7A97B7F45608F701762B712511EF34E39F63BB754CCCFF4BE2774CDA703E0B1E2E555EA66DE62082E1285E5E53632D10C19ACC377C068557C82A9A63FFC0CCCB68CB7AA767870A2C9EDB7FEF737E418BF24397FA555159804303160410CADADD3D5677EECE189F0C29A312221CF8D69ECF2892F900BCB4E4E37E4DAFF8E68479A59370C3C4D90FDC25863304927E84431B8038FF3B23725DFFDC3EB466A37DE777AE83CB3FE15AF03C482BC56970E4B0AF50167C52DCF20C06B042D1C5A7B96A3E2&amp;p_error_code=&amp;p_submit_url=https%3A%2F%2Flogin-pre.sge%2Fsso%2Fauth&amp;p_cancel_url=https%3A%2F%2Fpreproduccion.sge&amp;ssousername=&amp;subscribername=</url>
</httpSample>
<httpSample t="187" lt="0" ts="1298631764122" s="true" lb="/gepa/scripts/scriptaculous/scriptaculous.js" rc="200" by="5100">
  <responseHeader class="java.lang.String">HTTP/1.0 200 OK
Date: Fri, 25 Feb 2011 11:02:44 GMT
Server: Oracle-Application-Server-10g/10.1.2.2.0 Oracle-HTTP-Server
Content-Length: 5100
Set-Cookie: JSESSIONID=07f7ae457d624da3d3b9fa0edaa787b7ad880130e5603ba630516ef5e90680ba.e38Ob3aOaheRe34Mb3qSax0Pahz0nR9Pq6XteP93; path=/login
Content-Type: text/html; charset=ISO-8859-1
</responseHeader>
  <requestHeader class="java.lang.String">Accept-Language: es-ES
Accept: */*
User-Agent: Mozilla/4.0 (compatible; MSIE 7.0; Windows NT 6.1; Trident/4.0; SLCC2; .NET CLR 2.0.50727; .NET CLR 3.5.30729; .NET CLR 3.0.30729; Media Center PC 6.0; MDDS; .NET4.0C)
Accept-Encoding: gzip, deflate
Referer: http://picasso:8888/gepa/ResultadoBusquedaAction.do?accion=gestionExp&amp;indice=0
</requestHeader>
  <cookies class="java.lang.String"></cookies>
  <method class="java.lang.String">GET</method>
  <queryString class="java.lang.String"></queryString>
  <redirectLocation class="java.lang.String">https://login-pre.sge/pls/orasso/orasso.wwsso_app_admin.ls_login?Site2pstoreToken=v1.4~CEF0A91F~C9AE6E00825D76AF119E1073CA4AAC5EA3C899ED92F8642627FC1B555F70C71DFD3FEA4F2C405DBA8BA2FABA85E8F9155387193A66A19B7DA3CE21CF58AFE08FC0CC07BA721CD02DA832570EF48BDB5CE8EB50108D34EB52E2FB72422CC6C97396E8F8D71AFD8D283372DA47430110D6B56657FF6CDBB9A23C81140F9B5BC244E89510317CBB0605F20C99CE05F76776BB8C1BD4B610E555DB349422541EE29E4125DFB55F7ECB4C59940BCDFA6F543E02B1F69D2E090FB1AE672FF1B83C186E684CB99232BBC9FE8005830F1B9171F9F751C52CC136FC15736DBD15716C0FF8BE6039ACE882AE6A4F67ED9FF042C0C58910FB7A33C56EC9138B1AD95A8984535E456CAEC63DBBD035A053EAB5BFF1622E02D6CEC48B0796</redirectLocation>
  <url>https://preproduccion.sge/login/login.jsp?site2pstoretoken=v1.4~CEF0A91F~C9AE6E00825D76AF119E1073CA4AAC5EA3C899ED92F8642627FC1B555F70C71DFD3FEA4F2C405DBA8BA2FABA85E8F9155387193A66A19B7DA3CE21CF58AFE08FC0CC07BA721CD02DA832570EF48BDB5CE8EB50108D34EB52E2FB72422CC6C97396E8F8D71AFD8D283372DA47430110D6B56657FF6CDBB9A23C81140F9B5BC244E89510317CBB0605F20C99CE05F76776BB8C1BD4B610E555DB349422541EE29E4125DFB55F7ECB4C59940BCDFA6F543E02B1F69D2E090FB1AE672FF1B83C186E684CB99232BBC9FE8005830F1B9171F9F751C52CC136FC15736DBD15716C0FF8BE6039ACE882AE6A4F67ED9FF042C0C58910FB7A33C56EC9138B1AD95A8984535E456CAEC63DBBD035A053EAB5BFF1622E02D6CEC48B0796&amp;p_error_code=&amp;p_submit_url=https%3A%2F%2Flogin-pre.sge%2Fsso%2Fauth&amp;p_cancel_url=https%3A%2F%2Fpreproduccion.sge&amp;ssousername=&amp;subscribername=</url>
</httpSample>
<httpSample t="187" lt="0" ts="1298631764309" s="true" lb="/gepa/ConexionAction.do" rc="200" by="5420">
  <responseHeader class="java.lang.String">HTTP/1.0 200 OK
Date: Fri, 25 Feb 2011 11:02:44 GMT
Server: Oracle-Application-Server-10g/10.1.2.2.0 Oracle-HTTP-Server
Content-Length: 5420
Set-Cookie: JSESSIONID=64a22215babc8c1e35af073b178daa95b37670bd24e2330385f368fa6a283677.e3eSbhiLaNyPe3yNbNyQc3qSai1BqBjKpPXxqAa; path=/login
Content-Type: text/html; charset=ISO-8859-1
</responseHeader>
  <requestHeader class="java.lang.String">Accept-Language: es
Accept: */*
User-Agent: Mozilla/4.0 (compatible; MSIE 7.0; Windows NT 6.1; Trident/4.0; SLCC2; .NET CLR 2.0.50727; .NET CLR 3.5.30729; .NET CLR 3.0.30729; Media Center PC 6.0; MDDS; .NET4.0C)
Accept-Encoding: gzip, deflate
</requestHeader>
  <cookies class="java.lang.String"></cookies>
  <method class="java.lang.String">GET</method>
  <queryString class="java.lang.String"></queryString>
  <redirectLocation class="java.lang.String">https://login-pre.sge/pls/orasso/orasso.wwsso_app_admin.ls_login?Site2pstoreToken=v1.4~CEF0A91F~C9AE6E00825D76AF119E1073CA4AAC5EA3C899ED92F8642627FC1B555F70C71DFD3FEA4F2C405DBA8BA2FABA85E8F9155387193A66A19B7DA3CE21CF58AFE08FC0CC07BA721CD02DA832570EF48BDB5CE8EB50108D34EB52E2FB72422CC6C973CBE485B0C68FACA493E10F6D37F8616091BD3D58C8BB6E565EB99633DD855A44735320F13115BAA5936F49BF9440E92A3D034EF7CA3DBE6FCE716674A53AD4F3659E56E66F5EF4E82770AB417437F14CC361B47D8CD0C627F47BA81A93D6F1EC4A86458321A65A5A7E7097AAA7F5E3357AEA4434999F5FD0C7685E5736A91C160C9CEC51A7AFC7625192E3BC8AA2BDC6D729278369D6450A193881C5694F0433A25D08179DA16151DCBBD01F7522A4214B528E41FC72D14EB6BEF78ACD12ECBA696E7BA6EF645D7CE9959C4A5CC4505DEB9C7D792A95BA3AF98ABB518FC954927ED870D300FB12ACE225415F0380CE71374DAFF1D132BD724F285B6293CEDC91BE73D49E5BC4CB91</redirectLocation>
  <url>https://preproduccion.sge/login/login.jsp?site2pstoretoken=v1.4~CEF0A91F~C9AE6E00825D76AF119E1073CA4AAC5EA3C899ED92F8642627FC1B555F70C71DFD3FEA4F2C405DBA8BA2FABA85E8F9155387193A66A19B7DA3CE21CF58AFE08FC0CC07BA721CD02DA832570EF48BDB5CE8EB50108D34EB52E2FB72422CC6C973CBE485B0C68FACA493E10F6D37F8616091BD3D58C8BB6E565EB99633DD855A44735320F13115BAA5936F49BF9440E92A3D034EF7CA3DBE6FCE716674A53AD4F3659E56E66F5EF4E82770AB417437F14CC361B47D8CD0C627F47BA81A93D6F1EC4A86458321A65A5A7E7097AAA7F5E3357AEA4434999F5FD0C7685E5736A91C160C9CEC51A7AFC7625192E3BC8AA2BDC6D729278369D6450A193881C5694F0433A25D08179DA16151DCBBD01F7522A4214B528E41FC72D14EB6BEF78ACD12ECBA696E7BA6EF645D7CE9959C4A5CC4505DEB9C7D792A95BA3AF98ABB518FC954927ED870D300FB12ACE225415F0380CE71374DAFF1D132BD724F285B6293CEDC91BE73D49E5BC4CB91&amp;p_error_code=&amp;p_submit_url=https%3A%2F%2Flogin-pre.sge%2Fsso%2Fauth&amp;p_cancel_url=https%3A%2F%2Fpreproduccion.sge&amp;ssousername=&amp;subscribername=</url>
</httpSample>
<httpSample t="172" lt="0" ts="1298631764512" s="true" lb="/gepa/scripts/scriptaculous/scriptaculous.js" rc="200" by="5100">
  <responseHeader class="java.lang.String">HTTP/1.0 200 OK
Date: Fri, 25 Feb 2011 11:02:44 GMT
Server: Oracle-Application-Server-10g/10.1.2.2.0 Oracle-HTTP-Server
Content-Length: 5100
Set-Cookie: JSESSIONID=89062d4e76735cb3db4967f01cfbedc1f20e41150f0727b26109fa710c311a0b.e38Ob3aOaheRe34Mb3qSax0Pahz0nR9Pq6XteP93; path=/login
Content-Type: text/html; charset=ISO-8859-1
</responseHeader>
  <requestHeader class="java.lang.String">Accept-Language: es-ES
Accept: */*
User-Agent: Mozilla/4.0 (compatible; MSIE 7.0; Windows NT 6.1; Trident/4.0; SLCC2; .NET CLR 2.0.50727; .NET CLR 3.5.30729; .NET CLR 3.0.30729; Media Center PC 6.0; MDDS; .NET4.0C)
Accept-Encoding: gzip, deflate
Referer: http://picasso:8888/gepa/ConexionAction.do?POSTDATA=variosPerfiles=true&amp;accion=iniciar&amp;codigoEntidad=DYS&amp;codigo=jcnegredo&amp;contrasenya=dysmatica&amp;rolSeleccionado=25
</requestHeader>
  <cookies class="java.lang.String"></cookies>
  <method class="java.lang.String">GET</method>
  <queryString class="java.lang.String"></queryString>
  <redirectLocation class="java.lang.String">https://login-pre.sge/pls/orasso/orasso.wwsso_app_admin.ls_login?Site2pstoreToken=v1.4~CEF0A91F~C9AE6E00825D76AF119E1073CA4AAC5EA3C899ED92F8642627FC1B555F70C71DFD3FEA4F2C405DBA8BA2FABA85E8F9155387193A66A19B7DA3CE21CF58AFE08FC0CC07BA721CD02DA832570EF48BDB5CE8EB50108D34EB52E2FB72422CC6C97396E8F8D71AFD8D283372DA47430110D6B56657FF6CDBB9A23C81140F9B5BC244E89510317CBB0605F20C99CE05F76776BB8C1BD4B610E555DB349422541EE29E4125DFB55F7ECB4C59940BCDFA6F543E02B1F69D2E090FB1AE672FF1B83C186E684CB99232BBC9FE8005830F1B9171F9F751C52CC136FC15736DBD15716C0FF8BE6039ACE882AE6A4F67ED9FF042C0C58910FB7A33C56EC9138B1AD95A8984535E456CAEC63DBBD035A053EAB5BFF1622E02D6CEC48B0796</redirectLocation>
  <url>https://preproduccion.sge/login/login.jsp?site2pstoretoken=v1.4~CEF0A91F~C9AE6E00825D76AF119E1073CA4AAC5EA3C899ED92F8642627FC1B555F70C71DFD3FEA4F2C405DBA8BA2FABA85E8F9155387193A66A19B7DA3CE21CF58AFE08FC0CC07BA721CD02DA832570EF48BDB5CE8EB50108D34EB52E2FB72422CC6C97396E8F8D71AFD8D283372DA47430110D6B56657FF6CDBB9A23C81140F9B5BC244E89510317CBB0605F20C99CE05F76776BB8C1BD4B610E555DB349422541EE29E4125DFB55F7ECB4C59940BCDFA6F543E02B1F69D2E090FB1AE672FF1B83C186E684CB99232BBC9FE8005830F1B9171F9F751C52CC136FC15736DBD15716C0FF8BE6039ACE882AE6A4F67ED9FF042C0C58910FB7A33C56EC9138B1AD95A8984535E456CAEC63DBBD035A053EAB5BFF1622E02D6CEC48B0796&amp;p_error_code=&amp;p_submit_url=https%3A%2F%2Flogin-pre.sge%2Fsso%2Fauth&amp;p_cancel_url=https%3A%2F%2Fpreproduccion.sge&amp;ssousername=&amp;subscribername=</url>
</httpSample>
<httpSample t="16" lt="16" ts="1298631764684" s="false" lb="/gepa/ConexionAction.do;jsessionid=eb634fe5b58b0bcb96508261e275709f9c8e236e3e15aeb347f0741aac2dda55" rc="500" by="778">
  <responseHeader class="java.lang.String">HTTP/1.0 500 Internal Server Error
Date: Fri, 25 Feb 2011 11:02:44 GMT
Server: Oracle-Application-Server-10g/10.1.2.2.0 Oracle-HTTP-Server
Content-Type: text/html; charset=iso-8859-1
</responseHeader>
  <requestHeader class="java.lang.String">Content-Type: application/x-www-form-urlencoded
Accept-Language: es-ES
Accept: image/jpeg, application/x-ms-application, image/gif, application/xaml+xml, image/pjpeg, application/x-ms-xbap, application/vnd.ms-powerpoint, application/vnd.ms-excel, application/msword, */*
User-Agent: Mozilla/4.0 (compatible; MSIE 7.0; Windows NT 6.1; Trident/4.0; SLCC2; .NET CLR 2.0.50727; .NET CLR 3.5.30729; .NET CLR 3.0.30729; Media Center PC 6.0; MDDS; .NET4.0C)
Accept-Encoding: gzip, deflate
Referer: http://picasso:8888/gepa/ConexionAction.do?POSTDATA=variosPerfiles=true&amp;accion=iniciar&amp;codigoEntidad=DYS&amp;codigo=jcnegredo&amp;contrasenya=dysmatica&amp;rolSeleccionado=25
Pragma: no-cache
</requestHeader>
  <cookies class="java.lang.String"></cookies>
  <method class="java.lang.String">POST</method>
  <queryString class="java.lang.String">variosPerfiles=true&amp;accion=seleccionarPerfil&amp;codigoEntidad=DYS&amp;rolSeleccionado=25</queryString>
  <url>https://preproduccion.sge:443/gepa/ConexionAction.do;jsessionid=eb634fe5b58b0bcb96508261e275709f9c8e236e3e15aeb347f0741aac2dda55</url>
</httpSample>
<httpSample t="203" lt="0" ts="1298631764700" s="true" lb="/gepa/scripts/scriptaculous/scriptaculous.js" rc="200" by="5100">
  <responseHeader class="java.lang.String">HTTP/1.0 200 OK
Date: Fri, 25 Feb 2011 11:02:44 GMT
Server: Oracle-Application-Server-10g/10.1.2.2.0 Oracle-HTTP-Server
Content-Length: 5100
Set-Cookie: JSESSIONID=4fd29189e57336dbff49f3ea6b6de0cc83ab4609f23064c001292d659db55c2c.e3eSbhiLaNyPe3yNbNyQc3qSai1BqBjKpPXxqAa; path=/login
Content-Type: text/html; charset=ISO-8859-1
</responseHeader>
  <requestHeader class="java.lang.String">Accept-Language: es-ES
Accept: */*
User-Agent: Mozilla/4.0 (compatible; MSIE 7.0; Windows NT 6.1; Trident/4.0; SLCC2; .NET CLR 2.0.50727; .NET CLR 3.5.30729; .NET CLR 3.0.30729; Media Center PC 6.0; MDDS; .NET4.0C)
Accept-Encoding: gzip, deflate
Referer: http://picasso:8888/gepa/ConexionAction.do;jsessionid=eb634fe5b58b0bcb96508261e275709f9c8e236e3e15aeb347f0741aac2dda55
</requestHeader>
  <cookies class="java.lang.String"></cookies>
  <method class="java.lang.String">GET</method>
  <queryString class="java.lang.String"></queryString>
  <redirectLocation class="java.lang.String">https://login-pre.sge/pls/orasso/orasso.wwsso_app_admin.ls_login?Site2pstoreToken=v1.4~CEF0A91F~C9AE6E00825D76AF119E1073CA4AAC5EA3C899ED92F8642627FC1B555F70C71DFD3FEA4F2C405DBA8BA2FABA85E8F9155387193A66A19B7DA3CE21CF58AFE08FC0CC07BA721CD02DA832570EF48BDB5CE8EB50108D34EB52E2FB72422CC6C97396E8F8D71AFD8D283372DA47430110D6B56657FF6CDBB9A23C81140F9B5BC244E89510317CBB0605F20C99CE05F76776BB8C1BD4B610E555DB349422541EE29E4125DFB55F7ECB4C59940BCDFA6F543E02B1F69D2E090FB1AE672FF1B83C186E684CB99232BBC9FE8005830F1B9171F9F751C52CC136FC15736DBD15716C0FF8BE6039ACE882AE6A4F67ED9FF042C0C58910FB7A33C56EC9138B1AD95A8984535E456CAEC63DBBD035A053EAB5BFF1622E02D6CEC48B0796</redirectLocation>
  <url>https://preproduccion.sge/login/login.jsp?site2pstoretoken=v1.4~CEF0A91F~C9AE6E00825D76AF119E1073CA4AAC5EA3C899ED92F8642627FC1B555F70C71DFD3FEA4F2C405DBA8BA2FABA85E8F9155387193A66A19B7DA3CE21CF58AFE08FC0CC07BA721CD02DA832570EF48BDB5CE8EB50108D34EB52E2FB72422CC6C97396E8F8D71AFD8D283372DA47430110D6B56657FF6CDBB9A23C81140F9B5BC244E89510317CBB0605F20C99CE05F76776BB8C1BD4B610E555DB349422541EE29E4125DFB55F7ECB4C59940BCDFA6F543E02B1F69D2E090FB1AE672FF1B83C186E684CB99232BBC9FE8005830F1B9171F9F751C52CC136FC15736DBD15716C0FF8BE6039ACE882AE6A4F67ED9FF042C0C58910FB7A33C56EC9138B1AD95A8984535E456CAEC63DBBD035A053EAB5BFF1622E02D6CEC48B0796&amp;p_error_code=&amp;p_submit_url=https%3A%2F%2Flogin-pre.sge%2Fsso%2Fauth&amp;p_cancel_url=https%3A%2F%2Fpreproduccion.sge&amp;ssousername=&amp;subscribername=</url>
</httpSample>
<httpSample t="15" lt="15" ts="1298631764903" s="false" lb="/gepa/BusquedaAction.do" rc="500" by="778">
  <responseHeader class="java.lang.String">HTTP/1.0 500 Internal Server Error
Date: Fri, 25 Feb 2011 11:02:44 GMT
Server: Oracle-Application-Server-10g/10.1.2.2.0 Oracle-HTTP-Server
Content-Type: text/html; charset=iso-8859-1
</responseHeader>
  <requestHeader class="java.lang.String">Content-Type: application/x-www-form-urlencoded
Accept-Language: es-ES
Accept: image/jpeg, application/x-ms-application, image/gif, application/xaml+xml, image/pjpeg, application/x-ms-xbap, application/vnd.ms-powerpoint, application/vnd.ms-excel, application/msword, */*
User-Agent: Mozilla/4.0 (compatible; MSIE 7.0; Windows NT 6.1; Trident/4.0; SLCC2; .NET CLR 2.0.50727; .NET CLR 3.5.30729; .NET CLR 3.0.30729; Media Center PC 6.0; MDDS; .NET4.0C)
Accept-Encoding: gzip, deflate
Referer: http://picasso:8888/gepa/ConexionAction.do;jsessionid=eb634fe5b58b0bcb96508261e275709f9c8e236e3e15aeb347f0741aac2dda55
Pragma: no-cache
</requestHeader>
  <cookies class="java.lang.String"></cookies>
  <method class="java.lang.String">POST</method>
  <queryString class="java.lang.String">accion=buscar&amp;modo=rapida&amp;avanzadaDesplegada=false&amp;descElemPesado=&amp;identificacionRapida=&amp;nombreRapida=&amp;apellido1Rapida=&amp;apellido2Rapida=&amp;anyoRapida=&amp;numeroRapida=&amp;desdeRapida=&amp;hastaRapida=&amp;tramiteRapida=-1&amp;estadoRapida=-1&amp;idBusqueda=-1&amp;idClases=26&amp;metaTipo0=STRING&amp;metaTipo1=STRING&amp;metaTipo2=LISTA&amp;metaTipo3=STRING&amp;metaTipo4=LISTA_PESADA&amp;metaTipo5=STRING&amp;metaTipo6=LISTA&amp;metaTipo7=STRING&amp;metaTipo8=STRING&amp;metaTipo9=STRING&amp;metaTipo10=STRING&amp;metaTipo11=STRING&amp;metaTipo12=STRING&amp;metaTipo13=LISTA&amp;metaTipo14=STRING&amp;metaTipo15=TIMESTAMP&amp;metaTipo16=TIMESTAMP&amp;metaTipo17=TIMESTAMP&amp;metaTipo18=LISTA&amp;metaTipo19=LISTA_PESADA&amp;metaTipo20=STRING&amp;metaTipo21=STRING&amp;metaTipo22=STRING&amp;metaTipo23=STRING&amp;metaTipo24=STRING&amp;metaTipo25=LISTA_PESADA&amp;metaTipo26=LISTA&amp;metaTipo27=STRING&amp;metaTipo28=LISTA&amp;metaTipo29=STRING&amp;metaTipo30=STRING&amp;metaTipo31=INTEGER&amp;metaTipo32=STRING&amp;metaTipo33=STRING&amp;metaTipo34=STRING&amp;metaTipo35=LISTA&amp;metaTipo36=LISTA&amp;metaTipo37=LISTA&amp;metaTipo38=STRING&amp;metaTipo39=SEPARADOR&amp;metaTipo40=BOOLEAN&amp;metaTipo41=STRING&amp;metaTipo42=STRING&amp;metaTipo43=STRING&amp;metaTipo44=LISTA&amp;metaTipo45=BOOLEAN&amp;metaTipo46=BOOLEAN&amp;metaTipo47=BOOLEAN&amp;metaTipo48=STRING&amp;metaTipo49=TIMESTAMP&amp;metaTipo50=TIMESTAMP&amp;metaTipo51=TIMESTAMP&amp;metaTipo52=TIMESTAMP&amp;metaTipo53=TIMESTAMP&amp;metaTipo54=TIMESTAMP&amp;metaTipo55=TIMESTAMP&amp;metaTipo56=TIMESTAMP&amp;metaTipo57=TIMESTAMP&amp;metaTipo58=TIMESTAMP&amp;metaTipo59=TIMESTAMP&amp;metaTipo60=TIMESTAMP&amp;metaTipo61=TIMESTAMP&amp;metaTipo62=TIMESTAMP&amp;metaTipo63=TIMESTAMP&amp;metaTipo64=LISTA&amp;metaTipo65=LISTA&amp;metaTipo66=LISTA&amp;metaTipo67=DOUBLE&amp;metaTipo68=DOUBLE&amp;metaTipo69=DOUBLE&amp;metaTipo70=DOUBLE&amp;metaTipo71=DOUBLE&amp;metaTipo72=DOUBLE&amp;metaTipo73=DOUBLE&amp;metaTipo74=BOOLEAN&amp;metaTipo75=LISTA&amp;metaTipo76=STRING&amp;metaTipo77=STRING&amp;metaTipo78=STRING&amp;metaTipo79=STRING&amp;metaTipo80=STRING&amp;metaTipo81=STRING&amp;metaTipo82=STRING&amp;metaTipo83=BOOLEAN&amp;metaTipo84=BOOLEAN&amp;metaTipo85=STRING&amp;metaTipo86=LISTA&amp;metaTipo87=LISTA&amp;metaTipo88=LISTA_PESADA&amp;metaTipo89=LISTA&amp;metaTipo90=LISTA&amp;metaTipo91=STRING&amp;metaTipo92=LISTA&amp;metaTipo93=STRING&amp;metaTipo94=STRING&amp;metaTipo95=LISTA&amp;metaTipo96=LISTA&amp;metaTipo97=LISTA&amp;metaTipo98=BOOLEAN&amp;metaTipo99=LISTA&amp;metaTipo100=BOOLEAN&amp;metaTipo101=LISTA&amp;metaTipo102=LISTA&amp;metaTipo103=BOOLEAN&amp;metaTipo104=BOOLEAN&amp;metaTipo105=LISTA&amp;metaTipo106=LISTA&amp;metaTipo107=LISTA&amp;metaTipo108=LISTA&amp;metaTipo109=LISTA&amp;metaTipo110=STRING&amp;metaTipo111=LISTA&amp;valor=&amp;valorPesado=&amp;lista37=-1&amp;lista36=-1&amp;lista35=-1&amp;lista99=-1&amp;lista109=-1&amp;lista66=-1&amp;lista98=-1&amp;lista108=-1&amp;lista65=-1&amp;lista97=-1&amp;lista107=-1&amp;lista64=-1&amp;lista96=-1&amp;lista106=-1&amp;lista95=-1&amp;lista105=-1&amp;lista104=-1&amp;lista92=-1&amp;lista103=-1&amp;lista102=-1&amp;lista90=-1&amp;lista101=-1&amp;lista100=-1&amp;lista28=-1&amp;lista26=-1&amp;lista89=-1&amp;lista87=-1&amp;lista86=-1&amp;lista6=-1&amp;lista84=-1&amp;lista83=-1&amp;lista2=-1&amp;lista18=-1&amp;lista47=-1&amp;lista46=-1&amp;lista13=-1&amp;lista45=-1&amp;lista44=-1&amp;lista75=-1&amp;lista74=-1&amp;lista40=-1&amp;lista111=-1</queryString>
  <url>https://preproduccion.sge:443/gepa/BusquedaAction.do</url>
</httpSample>
<httpSample t="203" lt="0" ts="1298631764918" s="true" lb="/gepa/scripts/scriptaculous/scriptaculous.js" rc="200" by="5100">
  <responseHeader class="java.lang.String">HTTP/1.0 200 OK
Date: Fri, 25 Feb 2011 11:02:44 GMT
Server: Oracle-Application-Server-10g/10.1.2.2.0 Oracle-HTTP-Server
Content-Length: 5100
Set-Cookie: JSESSIONID=5f2224209b0138df7614b837b384b24e720c7afe0f742bb2fdd66e817faaa3fc.e3eSbhiLaNyPe3yNbNyQc3qSai1BqBjKpPXxqAa; path=/login
Content-Type: text/html; charset=ISO-8859-1
</responseHeader>
  <requestHeader class="java.lang.String">Accept-Language: es-ES
Accept: */*
User-Agent: Mozilla/4.0 (compatible; MSIE 7.0; Windows NT 6.1; Trident/4.0; SLCC2; .NET CLR 2.0.50727; .NET CLR 3.5.30729; .NET CLR 3.0.30729; Media Center PC 6.0; MDDS; .NET4.0C)
Accept-Encoding: gzip, deflate
Referer: http://picasso:8888/gepa/BusquedaAction.do
</requestHeader>
  <cookies class="java.lang.String"></cookies>
  <method class="java.lang.String">GET</method>
  <queryString class="java.lang.String"></queryString>
  <redirectLocation class="java.lang.String">https://login-pre.sge/pls/orasso/orasso.wwsso_app_admin.ls_login?Site2pstoreToken=v1.4~CEF0A91F~C9AE6E00825D76AF119E1073CA4AAC5EA3C899ED92F8642627FC1B555F70C71DFD3FEA4F2C405DBA8BA2FABA85E8F9155387193A66A19B7DA3CE21CF58AFE08FC0CC07BA721CD02DA832570EF48BDB5CE8EB50108D34EB52E2FB72422CC6C97396E8F8D71AFD8D283372DA47430110D6B56657FF6CDBB9A23C81140F9B5BC244E89510317CBB0605F20C99CE05F76776BB8C1BD4B610E555DB349422541EE29E4125DFB55F7ECB4C59940BCDFA6F543E02B1F69D2E090FB1AE672FF1B83C186E684CB99232BBC9FE8005830F1B9171F9F751C52CC136FC15736DBD15716C0FF8BE6039ACE882AE6A4F67ED9FF042C0C58910FB7A33C56EC9138B1AD95A8984535E456CAEC63DBBD035A053EAB5BFF1622E02D6CEC48B0796</redirectLocation>
  <url>https://preproduccion.sge/login/login.jsp?site2pstoretoken=v1.4~CEF0A91F~C9AE6E00825D76AF119E1073CA4AAC5EA3C899ED92F8642627FC1B555F70C71DFD3FEA4F2C405DBA8BA2FABA85E8F9155387193A66A19B7DA3CE21CF58AFE08FC0CC07BA721CD02DA832570EF48BDB5CE8EB50108D34EB52E2FB72422CC6C97396E8F8D71AFD8D283372DA47430110D6B56657FF6CDBB9A23C81140F9B5BC244E89510317CBB0605F20C99CE05F76776BB8C1BD4B610E555DB349422541EE29E4125DFB55F7ECB4C59940BCDFA6F543E02B1F69D2E090FB1AE672FF1B83C186E684CB99232BBC9FE8005830F1B9171F9F751C52CC136FC15736DBD15716C0FF8BE6039ACE882AE6A4F67ED9FF042C0C58910FB7A33C56EC9138B1AD95A8984535E456CAEC63DBBD035A053EAB5BFF1622E02D6CEC48B0796&amp;p_error_code=&amp;p_submit_url=https%3A%2F%2Flogin-pre.sge%2Fsso%2Fauth&amp;p_cancel_url=https%3A%2F%2Fpreproduccion.sge&amp;ssousername=&amp;subscribername=</url>
</httpSample>
<httpSample t="188" lt="0" ts="1298631765137" s="true" lb="/gepa/ResultadoBusquedaAction.do" rc="200" by="4972">
  <responseHeader class="java.lang.String">HTTP/1.0 200 OK
Date: Fri, 25 Feb 2011 11:02:45 GMT
Server: Oracle-Application-Server-10g/10.1.2.2.0 Oracle-HTTP-Server
Content-Length: 4972
Set-Cookie: JSESSIONID=498c40e9c9727249d25bf19ef04a394c01f26fa79f5e6e3002ba4f4fe763e0d4.e38Ob3aOaheRe34Mb3qSax0Pahz0nR9Pq6XteP93; path=/login
Content-Type: text/html; charset=ISO-8859-1
</responseHeader>
  <requestHeader class="java.lang.String">Accept-Language: es-ES
Accept: image/jpeg, application/x-ms-application, image/gif, application/xaml+xml, image/pjpeg, application/x-ms-xbap, application/vnd.ms-powerpoint, application/vnd.ms-excel, application/msword, */*
User-Agent: Mozilla/4.0 (compatible; MSIE 7.0; Windows NT 6.1; Trident/4.0; SLCC2; .NET CLR 2.0.50727; .NET CLR 3.5.30729; .NET CLR 3.0.30729; Media Center PC 6.0; MDDS; .NET4.0C)
Accept-Encoding: gzip, deflate
Referer: http://picasso:8888/gepa/BusquedaAction.do
</requestHeader>
  <cookies class="java.lang.String"></cookies>
  <method class="java.lang.String">GET</method>
  <queryString class="java.lang.String"></queryString>
  <redirectLocation class="java.lang.String">https://login-pre.sge/pls/orasso/orasso.wwsso_app_admin.ls_login?Site2pstoreToken=v1.4~CEF0A91F~3C5B47696B6F0362AB2977B63AFDC250E492D082E435C26CB811DC82939345C622B662DC4341022DC2D7A9841B5C003F0580A2565DDC1453F926369BF185DBF27D29FEA55F39C6E995B127C581E4A722C31399997F7FD0A37BAAD283EE98C69B399573DE87BAF32D67D87236AC7F225D63013106F10E8139504D42A529FBAF70035AB93B25344DEA17831BC357BFB3069A83D4E840D3CC7A74A67D4D98D43B593C07EBA26326FE417CBC67DDD9D3DE0BAFF3AEB77A0D69BC43B82AFC321D891BCF352EB89DE2726AC228E2B0A1B21FAE15E8808D79AC58BEF97CB712132FCA92682589C75F7FDAFF694033590F5CCC8CC7023B91A0BB7F23</redirectLocation>
  <url>https://preproduccion.sge/login/login.jsp?site2pstoretoken=v1.4~CEF0A91F~3C5B47696B6F0362AB2977B63AFDC250E492D082E435C26CB811DC82939345C622B662DC4341022DC2D7A9841B5C003F0580A2565DDC1453F926369BF185DBF27D29FEA55F39C6E995B127C581E4A722C31399997F7FD0A37BAAD283EE98C69B399573DE87BAF32D67D87236AC7F225D63013106F10E8139504D42A529FBAF70035AB93B25344DEA17831BC357BFB3069A83D4E840D3CC7A74A67D4D98D43B593C07EBA26326FE417CBC67DDD9D3DE0BAFF3AEB77A0D69BC43B82AFC321D891BCF352EB89DE2726AC228E2B0A1B21FAE15E8808D79AC58BEF97CB712132FCA92682589C75F7FDAFF694033590F5CCC8CC7023B91A0BB7F23&amp;p_error_code=&amp;p_submit_url=https%3A%2F%2Flogin-pre.sge%2Fsso%2Fauth&amp;p_cancel_url=https%3A%2F%2Fpreproduccion.sge&amp;ssousername=&amp;subscribername=</url>
</httpSample>
<httpSample t="171" lt="0" ts="1298631765325" s="true" lb="/gepa/scripts/scriptaculous/scriptaculous.js" rc="200" by="5068">
  <responseHeader class="java.lang.String">HTTP/1.0 200 OK
Date: Fri, 25 Feb 2011 11:02:45 GMT
Server: Oracle-Application-Server-10g/10.1.2.2.0 Oracle-HTTP-Server
Content-Length: 5068
Set-Cookie: JSESSIONID=bdd785d1fc6c3b9708ca215c017ac5cb337e34ae663c66daa9ee884cb6ff53f5.e3eSbhiLaNyPe3yNbNyQc3qSai1BqBjKpPXxqAa; path=/login
Content-Type: text/html; charset=ISO-8859-1
</responseHeader>
  <requestHeader class="java.lang.String">Accept-Language: es-ES
Accept: */*
User-Agent: Mozilla/4.0 (compatible; MSIE 7.0; Windows NT 6.1; Trident/4.0; SLCC2; .NET CLR 2.0.50727; .NET CLR 3.5.30729; .NET CLR 3.0.30729; Media Center PC 6.0; MDDS; .NET4.0C)
Accept-Encoding: gzip, deflate
Referer: http://picasso:8888/gepa/ResultadoBusquedaAction.do?accion=gestionExp&amp;indice=0
</requestHeader>
  <cookies class="java.lang.String"></cookies>
  <method class="java.lang.String">GET</method>
  <queryString class="java.lang.String"></queryString>
  <redirectLocation class="java.lang.String">https://login-pre.sge/pls/orasso/orasso.wwsso_app_admin.ls_login?Site2pstoreToken=v1.4~CEF0A91F~3C5B47696B6F0362AB2977B63AFDC250E492D082E435C26CB811DC82939345C622B662DC4341022DC2D7A9841B5C003F0580A2565DDC1453F926369BF185DBF27D29FEA55F39C6E995B127C581E4A722C31399997F7FD0A37BAAD283EE98C69BA132F98A4178FBEB5BEA43F1DAC046E63257B5773D4E8B3E4D87E3118D3E6D8EC3251538E19773E698C9342E7EAE55B7479FBBC6E1C8A6512EE05042FB2919A92792CC45A3029BF54B4B840B93BE6BB8DBBAA97B352981CBE82D61C184F8E8B45B11AFC598DE639050C92D959C999EBA64DB59B7D302AC3CA6B17D000A3DC4F80341845FCC487E1A4D4CF576F7D08FE8EC23B3B23378F1D82549F3DC91F68372497877776118BD679BF102593C6D4806</redirectLocation>
  <url>https://preproduccion.sge/login/login.jsp?site2pstoretoken=v1.4~CEF0A91F~3C5B47696B6F0362AB2977B63AFDC250E492D082E435C26CB811DC82939345C622B662DC4341022DC2D7A9841B5C003F0580A2565DDC1453F926369BF185DBF27D29FEA55F39C6E995B127C581E4A722C31399997F7FD0A37BAAD283EE98C69BA132F98A4178FBEB5BEA43F1DAC046E63257B5773D4E8B3E4D87E3118D3E6D8EC3251538E19773E698C9342E7EAE55B7479FBBC6E1C8A6512EE05042FB2919A92792CC45A3029BF54B4B840B93BE6BB8DBBAA97B352981CBE82D61C184F8E8B45B11AFC598DE639050C92D959C999EBA64DB59B7D302AC3CA6B17D000A3DC4F80341845FCC487E1A4D4CF576F7D08FE8EC23B3B23378F1D82549F3DC91F68372497877776118BD679BF102593C6D4806&amp;p_error_code=&amp;p_submit_url=https%3A%2F%2Flogin-pre.sge%2Fsso%2Fauth&amp;p_cancel_url=https%3A%2F%2Fpreproduccion.sge&amp;ssousername=&amp;subscribername=</url>
</httpSample>
<httpSample t="188" lt="0" ts="1298631765512" s="true" lb="/gepa/ConexionAction.do" rc="200" by="5388">
  <responseHeader class="java.lang.String">HTTP/1.0 200 OK
Date: Fri, 25 Feb 2011 11:02:45 GMT
Server: Oracle-Application-Server-10g/10.1.2.2.0 Oracle-HTTP-Server
Content-Length: 5388
Set-Cookie: JSESSIONID=496068e4ece299809ea1d921b2ae750951b679f576977258dae8a636e0e21a24.e38Ob3aOaheRe34Mb3qSax0Pahz0nR9Pq6XteP93; path=/login
Content-Type: text/html; charset=ISO-8859-1
</responseHeader>
  <requestHeader class="java.lang.String">Accept-Language: es
Accept: */*
User-Agent: Mozilla/4.0 (compatible; MSIE 7.0; Windows NT 6.1; Trident/4.0; SLCC2; .NET CLR 2.0.50727; .NET CLR 3.5.30729; .NET CLR 3.0.30729; Media Center PC 6.0; MDDS; .NET4.0C)
Accept-Encoding: gzip, deflate
</requestHeader>
  <cookies class="java.lang.String"></cookies>
  <method class="java.lang.String">GET</method>
  <queryString class="java.lang.String"></queryString>
  <redirectLocation class="java.lang.String">https://login-pre.sge/pls/orasso/orasso.wwsso_app_admin.ls_login?Site2pstoreToken=v1.4~CEF0A91F~3C5B47696B6F0362AB2977B63AFDC250E492D082E435C26CB811DC82939345C622B662DC4341022DC2D7A9841B5C003F0580A2565DDC1453F926369BF185DBF27D29FEA55F39C6E995B127C581E4A722C31399997F7FD0A37BAAD283EE98C69B24946B74AD29433E89059ED5C09DF2241B70B211B1DBFD7A2DD5DF429A162698CC55979EBC90D2A7D83F818C73DE3BB7F9244D7653527A48D3A77C3E6B15474A8F7FF876BB01B4E9AD5D7CDC22F76904609374CA515D83BB0882C0CB5982C117A7AE1DD996EDDF40C082D3B3DF649F5B19939CF6AEA800683E5AF0B4A1A2E9C2D70F4488E8C7691D1E8B76BF67F88B785E8CF373E6CBACB09127EF323E07B53A18419FCA04ACDD67AFDCE41D6F32F316823CAA0E414D333793766CCF6BCA4CF3212E8B673C646987232F7455F36F4A1AD596012A0EE5DBAD1AAFD8601C1299A5261E14AB100440BF7A2B12B0E184539CA71F828E5D4D9DE31E6F93682BA7AFE5</redirectLocation>
  <url>https://preproduccion.sge/login/login.jsp?site2pstoretoken=v1.4~CEF0A91F~3C5B47696B6F0362AB2977B63AFDC250E492D082E435C26CB811DC82939345C622B662DC4341022DC2D7A9841B5C003F0580A2565DDC1453F926369BF185DBF27D29FEA55F39C6E995B127C581E4A722C31399997F7FD0A37BAAD283EE98C69B24946B74AD29433E89059ED5C09DF2241B70B211B1DBFD7A2DD5DF429A162698CC55979EBC90D2A7D83F818C73DE3BB7F9244D7653527A48D3A77C3E6B15474A8F7FF876BB01B4E9AD5D7CDC22F76904609374CA515D83BB0882C0CB5982C117A7AE1DD996EDDF40C082D3B3DF649F5B19939CF6AEA800683E5AF0B4A1A2E9C2D70F4488E8C7691D1E8B76BF67F88B785E8CF373E6CBACB09127EF323E07B53A18419FCA04ACDD67AFDCE41D6F32F316823CAA0E414D333793766CCF6BCA4CF3212E8B673C646987232F7455F36F4A1AD596012A0EE5DBAD1AAFD8601C1299A5261E14AB100440BF7A2B12B0E184539CA71F828E5D4D9DE31E6F93682BA7AFE5&amp;p_error_code=&amp;p_submit_url=https%3A%2F%2Flogin-pre.sge%2Fsso%2Fauth&amp;p_cancel_url=https%3A%2F%2Fpreproduccion.sge&amp;ssousername=&amp;subscribername=</url>
</httpSample>
<httpSample t="187" lt="0" ts="1298631765700" s="true" lb="/gepa/scripts/scriptaculous/scriptaculous.js" rc="200" by="5068">
  <responseHeader class="java.lang.String">HTTP/1.0 200 OK
Date: Fri, 25 Feb 2011 11:02:45 GMT
Server: Oracle-Application-Server-10g/10.1.2.2.0 Oracle-HTTP-Server
Content-Length: 5068
Set-Cookie: JSESSIONID=82c2179343d29d786d339158735951e1b79fccf5b48ba7b1b883f440ea9a3d58.e3eSbhiLaNyPe3yNbNyQc3qSai1BqBjKpPXxqAa; path=/login
Content-Type: text/html; charset=ISO-8859-1
</responseHeader>
  <requestHeader class="java.lang.String">Accept-Language: es-ES
Accept: */*
User-Agent: Mozilla/4.0 (compatible; MSIE 7.0; Windows NT 6.1; Trident/4.0; SLCC2; .NET CLR 2.0.50727; .NET CLR 3.5.30729; .NET CLR 3.0.30729; Media Center PC 6.0; MDDS; .NET4.0C)
Accept-Encoding: gzip, deflate
Referer: http://picasso:8888/gepa/ConexionAction.do?POSTDATA=variosPerfiles=true&amp;accion=iniciar&amp;codigoEntidad=DYS&amp;codigo=jcnegredo&amp;contrasenya=dysmatica&amp;rolSeleccionado=25
</requestHeader>
  <cookies class="java.lang.String"></cookies>
  <method class="java.lang.String">GET</method>
  <queryString class="java.lang.String"></queryString>
  <redirectLocation class="java.lang.String">https://login-pre.sge/pls/orasso/orasso.wwsso_app_admin.ls_login?Site2pstoreToken=v1.4~CEF0A91F~3C5B47696B6F0362AB2977B63AFDC250E492D082E435C26CB811DC82939345C622B662DC4341022DC2D7A9841B5C003F0580A2565DDC1453F926369BF185DBF27D29FEA55F39C6E995B127C581E4A722C31399997F7FD0A37BAAD283EE98C69BA132F98A4178FBEB5BEA43F1DAC046E63257B5773D4E8B3E4D87E3118D3E6D8EC3251538E19773E698C9342E7EAE55B7479FBBC6E1C8A6512EE05042FB2919A92792CC45A3029BF54B4B840B93BE6BB8DBBAA97B352981CBE82D61C184F8E8B45B11AFC598DE639050C92D959C999EBA64DB59B7D302AC3CA6B17D000A3DC4F80341845FCC487E1A4D4CF576F7D08FE8EC23B3B23378F1D82549F3DC91F68372497877776118BD679BF102593C6D4806</redirectLocation>
  <url>https://preproduccion.sge/login/login.jsp?site2pstoretoken=v1.4~CEF0A91F~3C5B47696B6F0362AB2977B63AFDC250E492D082E435C26CB811DC82939345C622B662DC4341022DC2D7A9841B5C003F0580A2565DDC1453F926369BF185DBF27D29FEA55F39C6E995B127C581E4A722C31399997F7FD0A37BAAD283EE98C69BA132F98A4178FBEB5BEA43F1DAC046E63257B5773D4E8B3E4D87E3118D3E6D8EC3251538E19773E698C9342E7EAE55B7479FBBC6E1C8A6512EE05042FB2919A92792CC45A3029BF54B4B840B93BE6BB8DBBAA97B352981CBE82D61C184F8E8B45B11AFC598DE639050C92D959C999EBA64DB59B7D302AC3CA6B17D000A3DC4F80341845FCC487E1A4D4CF576F7D08FE8EC23B3B23378F1D82549F3DC91F68372497877776118BD679BF102593C6D4806&amp;p_error_code=&amp;p_submit_url=https%3A%2F%2Flogin-pre.sge%2Fsso%2Fauth&amp;p_cancel_url=https%3A%2F%2Fpreproduccion.sge&amp;ssousername=&amp;subscribername=</url>
</httpSample>
<httpSample t="15" lt="15" ts="1298631765903" s="false" lb="/gepa/ConexionAction.do;jsessionid=eb634fe5b58b0bcb96508261e275709f9c8e236e3e15aeb347f0741aac2dda55" rc="500" by="778">
  <responseHeader class="java.lang.String">HTTP/1.0 500 Internal Server Error
Date: Fri, 25 Feb 2011 11:02:45 GMT
Server: Oracle-Application-Server-10g/10.1.2.2.0 Oracle-HTTP-Server
Content-Type: text/html; charset=iso-8859-1
</responseHeader>
  <requestHeader class="java.lang.String">Content-Type: application/x-www-form-urlencoded
Accept-Language: es-ES
Accept: image/jpeg, application/x-ms-application, image/gif, application/xaml+xml, image/pjpeg, application/x-ms-xbap, application/vnd.ms-powerpoint, application/vnd.ms-excel, application/msword, */*
User-Agent: Mozilla/4.0 (compatible; MSIE 7.0; Windows NT 6.1; Trident/4.0; SLCC2; .NET CLR 2.0.50727; .NET CLR 3.5.30729; .NET CLR 3.0.30729; Media Center PC 6.0; MDDS; .NET4.0C)
Accept-Encoding: gzip, deflate
Referer: http://picasso:8888/gepa/ConexionAction.do?POSTDATA=variosPerfiles=true&amp;accion=iniciar&amp;codigoEntidad=DYS&amp;codigo=jcnegredo&amp;contrasenya=dysmatica&amp;rolSeleccionado=25
Pragma: no-cache
</requestHeader>
  <cookies class="java.lang.String"></cookies>
  <method class="java.lang.String">POST</method>
  <queryString class="java.lang.String">variosPerfiles=true&amp;accion=seleccionarPerfil&amp;codigoEntidad=DYS&amp;rolSeleccionado=25</queryString>
  <url>https://preproduccion.sge:443/gepa/ConexionAction.do;jsessionid=eb634fe5b58b0bcb96508261e275709f9c8e236e3e15aeb347f0741aac2dda55</url>
</httpSample>
<httpSample t="203" lt="0" ts="1298631765918" s="true" lb="/gepa/scripts/scriptaculous/scriptaculous.js" rc="200" by="5068">
  <responseHeader class="java.lang.String">HTTP/1.0 200 OK
Date: Fri, 25 Feb 2011 11:02:45 GMT
Server: Oracle-Application-Server-10g/10.1.2.2.0 Oracle-HTTP-Server
Content-Length: 5068
Set-Cookie: JSESSIONID=578809d069a153961df6e5142ea9897cfc1ff25426c82cca5ad9b6bca694d5cf.e38Ob3aOaheRe34Mb3qSax0Pahz0nR9Pq6XteP93; path=/login
Content-Type: text/html; charset=ISO-8859-1
</responseHeader>
  <requestHeader class="java.lang.String">Accept-Language: es-ES
Accept: */*
User-Agent: Mozilla/4.0 (compatible; MSIE 7.0; Windows NT 6.1; Trident/4.0; SLCC2; .NET CLR 2.0.50727; .NET CLR 3.5.30729; .NET CLR 3.0.30729; Media Center PC 6.0; MDDS; .NET4.0C)
Accept-Encoding: gzip, deflate
Referer: http://picasso:8888/gepa/ConexionAction.do;jsessionid=eb634fe5b58b0bcb96508261e275709f9c8e236e3e15aeb347f0741aac2dda55
</requestHeader>
  <cookies class="java.lang.String"></cookies>
  <method class="java.lang.String">GET</method>
  <queryString class="java.lang.String"></queryString>
  <redirectLocation class="java.lang.String">https://login-pre.sge/pls/orasso/orasso.wwsso_app_admin.ls_login?Site2pstoreToken=v1.4~CEF0A91F~3C5B47696B6F0362AB2977B63AFDC250E492D082E435C26CB811DC82939345C622B662DC4341022DC2D7A9841B5C003F0580A2565DDC1453F926369BF185DBF27D29FEA55F39C6E995B127C581E4A722C31399997F7FD0A37BAAD283EE98C69BA132F98A4178FBEB5BEA43F1DAC046E63257B5773D4E8B3E4D87E3118D3E6D8EC3251538E19773E698C9342E7EAE55B7479FBBC6E1C8A6512EE05042FB2919A92792CC45A3029BF54B4B840B93BE6BB8DBBAA97B352981CBE82D61C184F8E8B45B11AFC598DE639050C92D959C999EBA64DB59B7D302AC3CA6B17D000A3DC4F80341845FCC487E1A4D4CF576F7D08FE8EC23B3B23378F1D82549F3DC91F68372497877776118BD679BF102593C6D4806</redirectLocation>
  <url>https://preproduccion.sge/login/login.jsp?site2pstoretoken=v1.4~CEF0A91F~3C5B47696B6F0362AB2977B63AFDC250E492D082E435C26CB811DC82939345C622B662DC4341022DC2D7A9841B5C003F0580A2565DDC1453F926369BF185DBF27D29FEA55F39C6E995B127C581E4A722C31399997F7FD0A37BAAD283EE98C69BA132F98A4178FBEB5BEA43F1DAC046E63257B5773D4E8B3E4D87E3118D3E6D8EC3251538E19773E698C9342E7EAE55B7479FBBC6E1C8A6512EE05042FB2919A92792CC45A3029BF54B4B840B93BE6BB8DBBAA97B352981CBE82D61C184F8E8B45B11AFC598DE639050C92D959C999EBA64DB59B7D302AC3CA6B17D000A3DC4F80341845FCC487E1A4D4CF576F7D08FE8EC23B3B23378F1D82549F3DC91F68372497877776118BD679BF102593C6D4806&amp;p_error_code=&amp;p_submit_url=https%3A%2F%2Flogin-pre.sge%2Fsso%2Fauth&amp;p_cancel_url=https%3A%2F%2Fpreproduccion.sge&amp;ssousername=&amp;subscribername=</url>
</httpSample>
<httpSample t="16" lt="16" ts="1298631766121" s="false" lb="/gepa/BusquedaAction.do" rc="500" by="778">
  <responseHeader class="java.lang.String">HTTP/1.0 500 Internal Server Error
Date: Fri, 25 Feb 2011 11:02:46 GMT
Server: Oracle-Application-Server-10g/10.1.2.2.0 Oracle-HTTP-Server
Content-Type: text/html; charset=iso-8859-1
</responseHeader>
  <requestHeader class="java.lang.String">Content-Type: application/x-www-form-urlencoded
Accept-Language: es-ES
Accept: image/jpeg, application/x-ms-application, image/gif, application/xaml+xml, image/pjpeg, application/x-ms-xbap, application/vnd.ms-powerpoint, application/vnd.ms-excel, application/msword, */*
User-Agent: Mozilla/4.0 (compatible; MSIE 7.0; Windows NT 6.1; Trident/4.0; SLCC2; .NET CLR 2.0.50727; .NET CLR 3.5.30729; .NET CLR 3.0.30729; Media Center PC 6.0; MDDS; .NET4.0C)
Accept-Encoding: gzip, deflate
Referer: http://picasso:8888/gepa/ConexionAction.do;jsessionid=eb634fe5b58b0bcb96508261e275709f9c8e236e3e15aeb347f0741aac2dda55
Pragma: no-cache
</requestHeader>
  <cookies class="java.lang.String"></cookies>
  <method class="java.lang.String">POST</method>
  <queryString class="java.lang.String">accion=buscar&amp;modo=rapida&amp;avanzadaDesplegada=false&amp;descElemPesado=&amp;identificacionRapida=&amp;nombreRapida=&amp;apellido1Rapida=&amp;apellido2Rapida=&amp;anyoRapida=&amp;numeroRapida=&amp;desdeRapida=&amp;hastaRapida=&amp;tramiteRapida=-1&amp;estadoRapida=-1&amp;idBusqueda=-1&amp;idClases=26&amp;metaTipo0=STRING&amp;metaTipo1=STRING&amp;metaTipo2=LISTA&amp;metaTipo3=STRING&amp;metaTipo4=LISTA_PESADA&amp;metaTipo5=STRING&amp;metaTipo6=LISTA&amp;metaTipo7=STRING&amp;metaTipo8=STRING&amp;metaTipo9=STRING&amp;metaTipo10=STRING&amp;metaTipo11=STRING&amp;metaTipo12=STRING&amp;metaTipo13=LISTA&amp;metaTipo14=STRING&amp;metaTipo15=TIMESTAMP&amp;metaTipo16=TIMESTAMP&amp;metaTipo17=TIMESTAMP&amp;metaTipo18=LISTA&amp;metaTipo19=LISTA_PESADA&amp;metaTipo20=STRING&amp;metaTipo21=STRING&amp;metaTipo22=STRING&amp;metaTipo23=STRING&amp;metaTipo24=STRING&amp;metaTipo25=LISTA_PESADA&amp;metaTipo26=LISTA&amp;metaTipo27=STRING&amp;metaTipo28=LISTA&amp;metaTipo29=STRING&amp;metaTipo30=STRING&amp;metaTipo31=INTEGER&amp;metaTipo32=STRING&amp;metaTipo33=STRING&amp;metaTipo34=STRING&amp;metaTipo35=LISTA&amp;metaTipo36=LISTA&amp;metaTipo37=LISTA&amp;metaTipo38=STRING&amp;metaTipo39=SEPARADOR&amp;metaTipo40=BOOLEAN&amp;metaTipo41=STRING&amp;metaTipo42=STRING&amp;metaTipo43=STRING&amp;metaTipo44=LISTA&amp;metaTipo45=BOOLEAN&amp;metaTipo46=BOOLEAN&amp;metaTipo47=BOOLEAN&amp;metaTipo48=STRING&amp;metaTipo49=TIMESTAMP&amp;metaTipo50=TIMESTAMP&amp;metaTipo51=TIMESTAMP&amp;metaTipo52=TIMESTAMP&amp;metaTipo53=TIMESTAMP&amp;metaTipo54=TIMESTAMP&amp;metaTipo55=TIMESTAMP&amp;metaTipo56=TIMESTAMP&amp;metaTipo57=TIMESTAMP&amp;metaTipo58=TIMESTAMP&amp;metaTipo59=TIMESTAMP&amp;metaTipo60=TIMESTAMP&amp;metaTipo61=TIMESTAMP&amp;metaTipo62=TIMESTAMP&amp;metaTipo63=TIMESTAMP&amp;metaTipo64=LISTA&amp;metaTipo65=LISTA&amp;metaTipo66=LISTA&amp;metaTipo67=DOUBLE&amp;metaTipo68=DOUBLE&amp;metaTipo69=DOUBLE&amp;metaTipo70=DOUBLE&amp;metaTipo71=DOUBLE&amp;metaTipo72=DOUBLE&amp;metaTipo73=DOUBLE&amp;metaTipo74=BOOLEAN&amp;metaTipo75=LISTA&amp;metaTipo76=STRING&amp;metaTipo77=STRING&amp;metaTipo78=STRING&amp;metaTipo79=STRING&amp;metaTipo80=STRING&amp;metaTipo81=STRING&amp;metaTipo82=STRING&amp;metaTipo83=BOOLEAN&amp;metaTipo84=BOOLEAN&amp;metaTipo85=STRING&amp;metaTipo86=LISTA&amp;metaTipo87=LISTA&amp;metaTipo88=LISTA_PESADA&amp;metaTipo89=LISTA&amp;metaTipo90=LISTA&amp;metaTipo91=STRING&amp;metaTipo92=LISTA&amp;metaTipo93=STRING&amp;metaTipo94=STRING&amp;metaTipo95=LISTA&amp;metaTipo96=LISTA&amp;metaTipo97=LISTA&amp;metaTipo98=BOOLEAN&amp;metaTipo99=LISTA&amp;metaTipo100=BOOLEAN&amp;metaTipo101=LISTA&amp;metaTipo102=LISTA&amp;metaTipo103=BOOLEAN&amp;metaTipo104=BOOLEAN&amp;metaTipo105=LISTA&amp;metaTipo106=LISTA&amp;metaTipo107=LISTA&amp;metaTipo108=LISTA&amp;metaTipo109=LISTA&amp;metaTipo110=STRING&amp;metaTipo111=LISTA&amp;valor=&amp;valorPesado=&amp;lista37=-1&amp;lista36=-1&amp;lista35=-1&amp;lista99=-1&amp;lista109=-1&amp;lista66=-1&amp;lista98=-1&amp;lista108=-1&amp;lista65=-1&amp;lista97=-1&amp;lista107=-1&amp;lista64=-1&amp;lista96=-1&amp;lista106=-1&amp;lista95=-1&amp;lista105=-1&amp;lista104=-1&amp;lista92=-1&amp;lista103=-1&amp;lista102=-1&amp;lista90=-1&amp;lista101=-1&amp;lista100=-1&amp;lista28=-1&amp;lista26=-1&amp;lista89=-1&amp;lista87=-1&amp;lista86=-1&amp;lista6=-1&amp;lista84=-1&amp;lista83=-1&amp;lista2=-1&amp;lista18=-1&amp;lista47=-1&amp;lista46=-1&amp;lista13=-1&amp;lista45=-1&amp;lista44=-1&amp;lista75=-1&amp;lista74=-1&amp;lista40=-1&amp;lista111=-1</queryString>
  <url>https://preproduccion.sge:443/gepa/BusquedaAction.do</url>
</httpSample>
<httpSample t="188" lt="0" ts="1298631766168" s="true" lb="/gepa/scripts/scriptaculous/scriptaculous.js" rc="200" by="5068">
  <responseHeader class="java.lang.String">HTTP/1.0 200 OK
Date: Fri, 25 Feb 2011 11:02:46 GMT
Server: Oracle-Application-Server-10g/10.1.2.2.0 Oracle-HTTP-Server
Content-Length: 5068
Set-Cookie: JSESSIONID=af8356bf7965a36cd326058407b143cc9235802d21649d0c1271f7d7b53f384b.e38Ob3aOaheRe34Mb3qSax0Pahz0nR9Pq6XteP93; path=/login
Content-Type: text/html; charset=ISO-8859-1
</responseHeader>
  <requestHeader class="java.lang.String">Accept-Language: es-ES
Accept: */*
User-Agent: Mozilla/4.0 (compatible; MSIE 7.0; Windows NT 6.1; Trident/4.0; SLCC2; .NET CLR 2.0.50727; .NET CLR 3.5.30729; .NET CLR 3.0.30729; Media Center PC 6.0; MDDS; .NET4.0C)
Accept-Encoding: gzip, deflate
Referer: http://picasso:8888/gepa/BusquedaAction.do
</requestHeader>
  <cookies class="java.lang.String"></cookies>
  <method class="java.lang.String">GET</method>
  <queryString class="java.lang.String"></queryString>
  <redirectLocation class="java.lang.String">https://login-pre.sge/pls/orasso/orasso.wwsso_app_admin.ls_login?Site2pstoreToken=v1.4~CEF0A91F~54A935D3B9231291DEA187F084A950CE0ACE6019174B9488A70E5010184EA67AFB5075078A82ADD2F38F103670C5F7C2CE02B29D5E132F5F33FA48693B5395FF8AED4DACF4A6E02CA1616F1CE549E92CDEE3085A5144DA65950809A8D7372ECCB9B844E50E17A59CAA5A6E9B86D7E3F52ED0F2E1BB857AF45F79A7632916B40DD40580ACD474D502AE56C304FDD018646B3ED7CFD5BF940EED8DBCB13B6DD9D289BC31E4AC8D7B7040684A491456264297D1848C1DBD0A3138A72939CA7C371B92EBAFB6C71B2AB0CFD43A35287CB7F2B74FD7424720F78AEC53F5B3B157DB708C57545AD06BBE7DA86F8A684312B26F417B008B848C655064353C47383BFEFCA411A3C804CEACDDB79AB21E4208463B</redirectLocation>
  <url>https://preproduccion.sge/login/login.jsp?site2pstoretoken=v1.4~CEF0A91F~54A935D3B9231291DEA187F084A950CE0ACE6019174B9488A70E5010184EA67AFB5075078A82ADD2F38F103670C5F7C2CE02B29D5E132F5F33FA48693B5395FF8AED4DACF4A6E02CA1616F1CE549E92CDEE3085A5144DA65950809A8D7372ECCB9B844E50E17A59CAA5A6E9B86D7E3F52ED0F2E1BB857AF45F79A7632916B40DD40580ACD474D502AE56C304FDD018646B3ED7CFD5BF940EED8DBCB13B6DD9D289BC31E4AC8D7B7040684A491456264297D1848C1DBD0A3138A72939CA7C371B92EBAFB6C71B2AB0CFD43A35287CB7F2B74FD7424720F78AEC53F5B3B157DB708C57545AD06BBE7DA86F8A684312B26F417B008B848C655064353C47383BFEFCA411A3C804CEACDDB79AB21E4208463B&amp;p_error_code=&amp;p_submit_url=https%3A%2F%2Flogin-pre.sge%2Fsso%2Fauth&amp;p_cancel_url=https%3A%2F%2Fpreproduccion.sge&amp;ssousername=&amp;subscribername=</url>
</httpSample>
<httpSample t="219" lt="0" ts="1298631766356" s="true" lb="/gepa/ResultadoBusquedaAction.do" rc="200" by="5004">
  <responseHeader class="java.lang.String">HTTP/1.0 200 OK
Date: Fri, 25 Feb 2011 11:02:46 GMT
Server: Oracle-Application-Server-10g/10.1.2.2.0 Oracle-HTTP-Server
Content-Length: 5004
Set-Cookie: JSESSIONID=13c15401f7481556e8a3e75c44961b336577968b66dc406ee0042f8bee297863.e3eSbhiLaNyPe3yNbNyQc3qSai1BqBjKpPXxqAa; path=/login
Content-Type: text/html; charset=ISO-8859-1
</responseHeader>
  <requestHeader class="java.lang.String">Accept-Language: es-ES
Accept: image/jpeg, application/x-ms-application, image/gif, application/xaml+xml, image/pjpeg, application/x-ms-xbap, application/vnd.ms-powerpoint, application/vnd.ms-excel, application/msword, */*
User-Agent: Mozilla/4.0 (compatible; MSIE 7.0; Windows NT 6.1; Trident/4.0; SLCC2; .NET CLR 2.0.50727; .NET CLR 3.5.30729; .NET CLR 3.0.30729; Media Center PC 6.0; MDDS; .NET4.0C)
Accept-Encoding: gzip, deflate
Referer: http://picasso:8888/gepa/BusquedaAction.do
</requestHeader>
  <cookies class="java.lang.String"></cookies>
  <method class="java.lang.String">GET</method>
  <queryString class="java.lang.String"></queryString>
  <redirectLocation class="java.lang.String">https://login-pre.sge/pls/orasso/orasso.wwsso_app_admin.ls_login?Site2pstoreToken=v1.4~CEF0A91F~54A935D3B9231291DEA187F084A950CE0ACE6019174B9488A70E5010184EA67AFB5075078A82ADD2F38F103670C5F7C2CE02B29D5E132F5F33FA48693B5395FF8AED4DACF4A6E02CA1616F1CE549E92CDEE3085A5144DA65950809A8D7372ECC707DCFE0A018BFEB24F3DDA3B25D1F71E5038DC6319A4A68A94A7744B1BB254BE96CA359A4AD6678BA8FC9EEE7F2095FE80C301201E7EDA047AF084E6E1360F8721D40FE0CACB06954762F5A1DA702CF3B68F4C7C02D46E9AB086DC587AD79D5F7166D17A151D77E4B4688534D95B96A2026B475585AD282559A78895B2898241B1569A539A268BF22AA28CEEAB47D2581221EA989592FB96696E9AFA0863B79</redirectLocation>
  <url>https://preproduccion.sge/login/login.jsp?site2pstoretoken=v1.4~CEF0A91F~54A935D3B9231291DEA187F084A950CE0ACE6019174B9488A70E5010184EA67AFB5075078A82ADD2F38F103670C5F7C2CE02B29D5E132F5F33FA48693B5395FF8AED4DACF4A6E02CA1616F1CE549E92CDEE3085A5144DA65950809A8D7372ECC707DCFE0A018BFEB24F3DDA3B25D1F71E5038DC6319A4A68A94A7744B1BB254BE96CA359A4AD6678BA8FC9EEE7F2095FE80C301201E7EDA047AF084E6E1360F8721D40FE0CACB06954762F5A1DA702CF3B68F4C7C02D46E9AB086DC587AD79D5F7166D17A151D77E4B4688534D95B96A2026B475585AD282559A78895B2898241B1569A539A268BF22AA28CEEAB47D2581221EA989592FB96696E9AFA0863B79&amp;p_error_code=&amp;p_submit_url=https%3A%2F%2Flogin-pre.sge%2Fsso%2Fauth&amp;p_cancel_url=https%3A%2F%2Fpreproduccion.sge&amp;ssousername=&amp;subscribername=</url>
</httpSample>
<httpSample t="203" lt="0" ts="1298631766575" s="true" lb="/gepa/scripts/scriptaculous/scriptaculous.js" rc="200" by="5068">
  <responseHeader class="java.lang.String">HTTP/1.0 200 OK
Date: Fri, 25 Feb 2011 11:02:46 GMT
Server: Oracle-Application-Server-10g/10.1.2.2.0 Oracle-HTTP-Server
Content-Length: 5068
Set-Cookie: JSESSIONID=dafccc512d23b535299e097ad5c625a2d555974991d781e01480daa675cb5ff4.e38Ob3aOaheRe34Mb3qSax0Pahz0nR9Pq6XteP93; path=/login
Content-Type: text/html; charset=ISO-8859-1
</responseHeader>
  <requestHeader class="java.lang.String">Accept-Language: es-ES
Accept: */*
User-Agent: Mozilla/4.0 (compatible; MSIE 7.0; Windows NT 6.1; Trident/4.0; SLCC2; .NET CLR 2.0.50727; .NET CLR 3.5.30729; .NET CLR 3.0.30729; Media Center PC 6.0; MDDS; .NET4.0C)
Accept-Encoding: gzip, deflate
Referer: http://picasso:8888/gepa/ResultadoBusquedaAction.do?accion=gestionExp&amp;indice=0
</requestHeader>
  <cookies class="java.lang.String"></cookies>
  <method class="java.lang.String">GET</method>
  <queryString class="java.lang.String"></queryString>
  <redirectLocation class="java.lang.String">https://login-pre.sge/pls/orasso/orasso.wwsso_app_admin.ls_login?Site2pstoreToken=v1.4~CEF0A91F~54A935D3B9231291DEA187F084A950CE0ACE6019174B9488A70E5010184EA67AFB5075078A82ADD2F38F103670C5F7C2CE02B29D5E132F5F33FA48693B5395FF8AED4DACF4A6E02CA1616F1CE549E92CDEE3085A5144DA65950809A8D7372ECCB9B844E50E17A59CAA5A6E9B86D7E3F52ED0F2E1BB857AF45F79A7632916B40DD40580ACD474D502AE56C304FDD018646B3ED7CFD5BF940EED8DBCB13B6DD9D289BC31E4AC8D7B7040684A491456264297D1848C1DBD0A3138A72939CA7C371B92EBAFB6C71B2AB0CFD43A35287CB7F2B74FD7424720F78AEC53F5B3B157DB708C57545AD06BBE7DA86F8A684312B26F417B008B848C655064353C47383BFEFCA411A3C804CEACDDB79AB21E4208463B</redirectLocation>
  <url>https://preproduccion.sge/login/login.jsp?site2pstoretoken=v1.4~CEF0A91F~54A935D3B9231291DEA187F084A950CE0ACE6019174B9488A70E5010184EA67AFB5075078A82ADD2F38F103670C5F7C2CE02B29D5E132F5F33FA48693B5395FF8AED4DACF4A6E02CA1616F1CE549E92CDEE3085A5144DA65950809A8D7372ECCB9B844E50E17A59CAA5A6E9B86D7E3F52ED0F2E1BB857AF45F79A7632916B40DD40580ACD474D502AE56C304FDD018646B3ED7CFD5BF940EED8DBCB13B6DD9D289BC31E4AC8D7B7040684A491456264297D1848C1DBD0A3138A72939CA7C371B92EBAFB6C71B2AB0CFD43A35287CB7F2B74FD7424720F78AEC53F5B3B157DB708C57545AD06BBE7DA86F8A684312B26F417B008B848C655064353C47383BFEFCA411A3C804CEACDDB79AB21E4208463B&amp;p_error_code=&amp;p_submit_url=https%3A%2F%2Flogin-pre.sge%2Fsso%2Fauth&amp;p_cancel_url=https%3A%2F%2Fpreproduccion.sge&amp;ssousername=&amp;subscribername=</url>
</httpSample>
<httpSample t="187" lt="0" ts="1298631766778" s="true" lb="/gepa/ConexionAction.do" rc="200" by="5388">
  <responseHeader class="java.lang.String">HTTP/1.0 200 OK
Date: Fri, 25 Feb 2011 11:02:46 GMT
Server: Oracle-Application-Server-10g/10.1.2.2.0 Oracle-HTTP-Server
Content-Length: 5388
Set-Cookie: JSESSIONID=27cac631aa940db029f5c4f9de522fd47cef19af14a1dbf0b376108389757bd2.e3eSbhiLaNyPe3yNbNyQc3qSai1BqBjKpPXxqAa; path=/login
Content-Type: text/html; charset=ISO-8859-1
</responseHeader>
  <requestHeader class="java.lang.String">Accept-Language: es
Accept: */*
User-Agent: Mozilla/4.0 (compatible; MSIE 7.0; Windows NT 6.1; Trident/4.0; SLCC2; .NET CLR 2.0.50727; .NET CLR 3.5.30729; .NET CLR 3.0.30729; Media Center PC 6.0; MDDS; .NET4.0C)
Accept-Encoding: gzip, deflate
</requestHeader>
  <cookies class="java.lang.String"></cookies>
  <method class="java.lang.String">GET</method>
  <queryString class="java.lang.String"></queryString>
  <redirectLocation class="java.lang.String">https://login-pre.sge/pls/orasso/orasso.wwsso_app_admin.ls_login?Site2pstoreToken=v1.4~CEF0A91F~54A935D3B9231291DEA187F084A950CE0ACE6019174B9488A70E5010184EA67AFB5075078A82ADD2F38F103670C5F7C2CE02B29D5E132F5F33FA48693B5395FF8AED4DACF4A6E02CA1616F1CE549E92CDEE3085A5144DA65950809A8D7372ECC73985EC9C3EAA5A86494764455269D8CCE577C0C701681DAB72BF566DBF11DFC648F78831E085823419A6F6B6C586FC13682E5CD7D07AD35A70ECB3998C936080CB19A15539352FFEDC7AF4C7158B4F171C71864C9C47CE3B4B68976BDEDE80EBC67F22A057F2796C73AC3F5ED0D66179A1DB5885BC191424112083DF9B91215C3754FC1A4F83F378A63AA104FFDC4265D16D8378B96FAACECE2EB1A073F00031D10C6FD83F22A6E264DE656ABD5F8896CA8328AF8B3E0B2126303E17107110BDE39B9B341FCB2C539E7DA9C1744B13B681B78F3CEAF1BEDC15A251AC733FD555B773B41448C5995BAF4EE9AE333A6904FF15E2BF7B1434682E28CCF134424B2</redirectLocation>
  <url>https://preproduccion.sge/login/login.jsp?site2pstoretoken=v1.4~CEF0A91F~54A935D3B9231291DEA187F084A950CE0ACE6019174B9488A70E5010184EA67AFB5075078A82ADD2F38F103670C5F7C2CE02B29D5E132F5F33FA48693B5395FF8AED4DACF4A6E02CA1616F1CE549E92CDEE3085A5144DA65950809A8D7372ECC73985EC9C3EAA5A86494764455269D8CCE577C0C701681DAB72BF566DBF11DFC648F78831E085823419A6F6B6C586FC13682E5CD7D07AD35A70ECB3998C936080CB19A15539352FFEDC7AF4C7158B4F171C71864C9C47CE3B4B68976BDEDE80EBC67F22A057F2796C73AC3F5ED0D66179A1DB5885BC191424112083DF9B91215C3754FC1A4F83F378A63AA104FFDC4265D16D8378B96FAACECE2EB1A073F00031D10C6FD83F22A6E264DE656ABD5F8896CA8328AF8B3E0B2126303E17107110BDE39B9B341FCB2C539E7DA9C1744B13B681B78F3CEAF1BEDC15A251AC733FD555B773B41448C5995BAF4EE9AE333A6904FF15E2BF7B1434682E28CCF134424B2&amp;p_error_code=&amp;p_submit_url=https%3A%2F%2Flogin-pre.sge%2Fsso%2Fauth&amp;p_cancel_url=https%3A%2F%2Fpreproduccion.sge&amp;ssousername=&amp;subscribername=</url>
</httpSample>
<httpSample t="281" lt="0" ts="1298631766965" s="true" lb="/gepa/scripts/scriptaculous/scriptaculous.js" rc="200" by="5068">
  <responseHeader class="java.lang.String">HTTP/1.0 200 OK
Date: Fri, 25 Feb 2011 11:02:47 GMT
Server: Oracle-Application-Server-10g/10.1.2.2.0 Oracle-HTTP-Server
Content-Length: 5068
Set-Cookie: JSESSIONID=588a951246493c82cac77c39f6efdc45ad89466a0b89922871d9ea989ff29521.e38Ob3aOaheRe34Mb3qSax0Pahz0nR9Pq6XteP93; path=/login
Content-Type: text/html; charset=ISO-8859-1
</responseHeader>
  <requestHeader class="java.lang.String">Accept-Language: es-ES
Accept: */*
User-Agent: Mozilla/4.0 (compatible; MSIE 7.0; Windows NT 6.1; Trident/4.0; SLCC2; .NET CLR 2.0.50727; .NET CLR 3.5.30729; .NET CLR 3.0.30729; Media Center PC 6.0; MDDS; .NET4.0C)
Accept-Encoding: gzip, deflate
Referer: http://picasso:8888/gepa/ConexionAction.do?POSTDATA=variosPerfiles=true&amp;accion=iniciar&amp;codigoEntidad=DYS&amp;codigo=jcnegredo&amp;contrasenya=dysmatica&amp;rolSeleccionado=25
</requestHeader>
  <cookies class="java.lang.String"></cookies>
  <method class="java.lang.String">GET</method>
  <queryString class="java.lang.String"></queryString>
  <redirectLocation class="java.lang.String">https://login-pre.sge/pls/orasso/orasso.wwsso_app_admin.ls_login?Site2pstoreToken=v1.4~CEF0A91F~54A935D3B9231291DEA187F084A950CE0ACE6019174B9488A70E5010184EA67AFB5075078A82ADD2F38F103670C5F7C2CE02B29D5E132F5F33FA48693B5395FF8AED4DACF4A6E02CA1616F1CE549E92CDEE3085A5144DA65950809A8D7372ECCB9B844E50E17A59CAA5A6E9B86D7E3F52ED0F2E1BB857AF45F79A7632916B40DD40580ACD474D502AE56C304FDD018646B3ED7CFD5BF940EED8DBCB13B6DD9D289BC31E4AC8D7B7040684A491456264297D1848C1DBD0A3138A72939CA7C371B92EBAFB6C71B2AB0CFD43A35287CB7F2B74FD7424720F78AEC53F5B3B157DB708C57545AD06BBE7DA86F8A684312B26F417B008B848C655064353C47383BFEFCA411A3C804CEACDDB79AB21E4208463B</redirectLocation>
  <url>https://preproduccion.sge/login/login.jsp?site2pstoretoken=v1.4~CEF0A91F~54A935D3B9231291DEA187F084A950CE0ACE6019174B9488A70E5010184EA67AFB5075078A82ADD2F38F103670C5F7C2CE02B29D5E132F5F33FA48693B5395FF8AED4DACF4A6E02CA1616F1CE549E92CDEE3085A5144DA65950809A8D7372ECCB9B844E50E17A59CAA5A6E9B86D7E3F52ED0F2E1BB857AF45F79A7632916B40DD40580ACD474D502AE56C304FDD018646B3ED7CFD5BF940EED8DBCB13B6DD9D289BC31E4AC8D7B7040684A491456264297D1848C1DBD0A3138A72939CA7C371B92EBAFB6C71B2AB0CFD43A35287CB7F2B74FD7424720F78AEC53F5B3B157DB708C57545AD06BBE7DA86F8A684312B26F417B008B848C655064353C47383BFEFCA411A3C804CEACDDB79AB21E4208463B&amp;p_error_code=&amp;p_submit_url=https%3A%2F%2Flogin-pre.sge%2Fsso%2Fauth&amp;p_cancel_url=https%3A%2F%2Fpreproduccion.sge&amp;ssousername=&amp;subscribername=</url>
</httpSample>
<httpSample t="16" lt="0" ts="1298631767246" s="false" lb="/gepa/ConexionAction.do;jsessionid=eb634fe5b58b0bcb96508261e275709f9c8e236e3e15aeb347f0741aac2dda55" rc="500" by="778">
  <responseHeader class="java.lang.String">HTTP/1.0 500 Internal Server Error
Date: Fri, 25 Feb 2011 11:02:47 GMT
Server: Oracle-Application-Server-10g/10.1.2.2.0 Oracle-HTTP-Server
Content-Type: text/html; charset=iso-8859-1
</responseHeader>
  <requestHeader class="java.lang.String">Content-Type: application/x-www-form-urlencoded
Accept-Language: es-ES
Accept: image/jpeg, application/x-ms-application, image/gif, application/xaml+xml, image/pjpeg, application/x-ms-xbap, application/vnd.ms-powerpoint, application/vnd.ms-excel, application/msword, */*
User-Agent: Mozilla/4.0 (compatible; MSIE 7.0; Windows NT 6.1; Trident/4.0; SLCC2; .NET CLR 2.0.50727; .NET CLR 3.5.30729; .NET CLR 3.0.30729; Media Center PC 6.0; MDDS; .NET4.0C)
Accept-Encoding: gzip, deflate
Referer: http://picasso:8888/gepa/ConexionAction.do?POSTDATA=variosPerfiles=true&amp;accion=iniciar&amp;codigoEntidad=DYS&amp;codigo=jcnegredo&amp;contrasenya=dysmatica&amp;rolSeleccionado=25
Pragma: no-cache
</requestHeader>
  <cookies class="java.lang.String"></cookies>
  <method class="java.lang.String">POST</method>
  <queryString class="java.lang.String">variosPerfiles=true&amp;accion=seleccionarPerfil&amp;codigoEntidad=DYS&amp;rolSeleccionado=25</queryString>
  <url>https://preproduccion.sge:443/gepa/ConexionAction.do;jsessionid=eb634fe5b58b0bcb96508261e275709f9c8e236e3e15aeb347f0741aac2dda55</url>
</httpSample>
<httpSample t="172" lt="0" ts="1298631767262" s="true" lb="/gepa/scripts/scriptaculous/scriptaculous.js" rc="200" by="5068">
  <responseHeader class="java.lang.String">HTTP/1.0 200 OK
Date: Fri, 25 Feb 2011 11:02:47 GMT
Server: Oracle-Application-Server-10g/10.1.2.2.0 Oracle-HTTP-Server
Content-Length: 5068
Set-Cookie: JSESSIONID=6f9716407c1f98350772db480a8eba15bca678e8f13bc5a51f9bbc343c45e43d.e3eSbhiLaNyPe3yNbNyQc3qSai1BqBjKpPXxqAa; path=/login
Content-Type: text/html; charset=ISO-8859-1
</responseHeader>
  <requestHeader class="java.lang.String">Accept-Language: es-ES
Accept: */*
User-Agent: Mozilla/4.0 (compatible; MSIE 7.0; Windows NT 6.1; Trident/4.0; SLCC2; .NET CLR 2.0.50727; .NET CLR 3.5.30729; .NET CLR 3.0.30729; Media Center PC 6.0; MDDS; .NET4.0C)
Accept-Encoding: gzip, deflate
Referer: http://picasso:8888/gepa/ConexionAction.do;jsessionid=eb634fe5b58b0bcb96508261e275709f9c8e236e3e15aeb347f0741aac2dda55
</requestHeader>
  <cookies class="java.lang.String"></cookies>
  <method class="java.lang.String">GET</method>
  <queryString class="java.lang.String"></queryString>
  <redirectLocation class="java.lang.String">https://login-pre.sge/pls/orasso/orasso.wwsso_app_admin.ls_login?Site2pstoreToken=v1.4~CEF0A91F~5B0479067CCA9A8ED37D72CAF25D0D6F78F1EA7734814E5BAA6FE1A557371222082D53B556E2CDCF96DAC821B24AF2D4B795C25DB8237F7273F3C5CCF87231ABD082B64950E3959274E5DD74F0C4AEC7D7DB4EF85A05328667827C6D880A60FAF735EFD23B6760EC60E7FFC3C048F850E8D57CB98567364EF3BE2B6BE1699A44BD2736D95DBB4C78677EAF426FBF8A0E19195E4D42DF2BD657AEB9364DEE252F16105EFFD03F5C33FA8105717F7B601B891CB36087F88467CDF99A601561E2349B484C9AB923567C15D151E1180F0365BE22281B62C07BBDFCF3CC93FB4B0D3BF49B32C3F7046879717BF2728EBF52821A86499B2E467F51718EB5A7F8D7E2A6038B3D8E6D582853FB36DE9748CBB9A3</redirectLocation>
  <url>https://preproduccion.sge/login/login.jsp?site2pstoretoken=v1.4~CEF0A91F~5B0479067CCA9A8ED37D72CAF25D0D6F78F1EA7734814E5BAA6FE1A557371222082D53B556E2CDCF96DAC821B24AF2D4B795C25DB8237F7273F3C5CCF87231ABD082B64950E3959274E5DD74F0C4AEC7D7DB4EF85A05328667827C6D880A60FAF735EFD23B6760EC60E7FFC3C048F850E8D57CB98567364EF3BE2B6BE1699A44BD2736D95DBB4C78677EAF426FBF8A0E19195E4D42DF2BD657AEB9364DEE252F16105EFFD03F5C33FA8105717F7B601B891CB36087F88467CDF99A601561E2349B484C9AB923567C15D151E1180F0365BE22281B62C07BBDFCF3CC93FB4B0D3BF49B32C3F7046879717BF2728EBF52821A86499B2E467F51718EB5A7F8D7E2A6038B3D8E6D582853FB36DE9748CBB9A3&amp;p_error_code=&amp;p_submit_url=https%3A%2F%2Flogin-pre.sge%2Fsso%2Fauth&amp;p_cancel_url=https%3A%2F%2Fpreproduccion.sge&amp;ssousername=&amp;subscribername=</url>
</httpSample>
<httpSample t="0" lt="0" ts="1298631767450" s="false" lb="/gepa/BusquedaAction.do" rc="500" by="778">
  <responseHeader class="java.lang.String">HTTP/1.0 500 Internal Server Error
Date: Fri, 25 Feb 2011 11:02:47 GMT
Server: Oracle-Application-Server-10g/10.1.2.2.0 Oracle-HTTP-Server
Content-Type: text/html; charset=iso-8859-1
</responseHeader>
  <requestHeader class="java.lang.String">Content-Type: application/x-www-form-urlencoded
Accept-Language: es-ES
Accept: image/jpeg, application/x-ms-application, image/gif, application/xaml+xml, image/pjpeg, application/x-ms-xbap, application/vnd.ms-powerpoint, application/vnd.ms-excel, application/msword, */*
User-Agent: Mozilla/4.0 (compatible; MSIE 7.0; Windows NT 6.1; Trident/4.0; SLCC2; .NET CLR 2.0.50727; .NET CLR 3.5.30729; .NET CLR 3.0.30729; Media Center PC 6.0; MDDS; .NET4.0C)
Accept-Encoding: gzip, deflate
Referer: http://picasso:8888/gepa/ConexionAction.do;jsessionid=eb634fe5b58b0bcb96508261e275709f9c8e236e3e15aeb347f0741aac2dda55
Pragma: no-cache
</requestHeader>
  <cookies class="java.lang.String"></cookies>
  <method class="java.lang.String">POST</method>
  <queryString class="java.lang.String">accion=buscar&amp;modo=rapida&amp;avanzadaDesplegada=false&amp;descElemPesado=&amp;identificacionRapida=&amp;nombreRapida=&amp;apellido1Rapida=&amp;apellido2Rapida=&amp;anyoRapida=&amp;numeroRapida=&amp;desdeRapida=&amp;hastaRapida=&amp;tramiteRapida=-1&amp;estadoRapida=-1&amp;idBusqueda=-1&amp;idClases=26&amp;metaTipo0=STRING&amp;metaTipo1=STRING&amp;metaTipo2=LISTA&amp;metaTipo3=STRING&amp;metaTipo4=LISTA_PESADA&amp;metaTipo5=STRING&amp;metaTipo6=LISTA&amp;metaTipo7=STRING&amp;metaTipo8=STRING&amp;metaTipo9=STRING&amp;metaTipo10=STRING&amp;metaTipo11=STRING&amp;metaTipo12=STRING&amp;metaTipo13=LISTA&amp;metaTipo14=STRING&amp;metaTipo15=TIMESTAMP&amp;metaTipo16=TIMESTAMP&amp;metaTipo17=TIMESTAMP&amp;metaTipo18=LISTA&amp;metaTipo19=LISTA_PESADA&amp;metaTipo20=STRING&amp;metaTipo21=STRING&amp;metaTipo22=STRING&amp;metaTipo23=STRING&amp;metaTipo24=STRING&amp;metaTipo25=LISTA_PESADA&amp;metaTipo26=LISTA&amp;metaTipo27=STRING&amp;metaTipo28=LISTA&amp;metaTipo29=STRING&amp;metaTipo30=STRING&amp;metaTipo31=INTEGER&amp;metaTipo32=STRING&amp;metaTipo33=STRING&amp;metaTipo34=STRING&amp;metaTipo35=LISTA&amp;metaTipo36=LISTA&amp;metaTipo37=LISTA&amp;metaTipo38=STRING&amp;metaTipo39=SEPARADOR&amp;metaTipo40=BOOLEAN&amp;metaTipo41=STRING&amp;metaTipo42=STRING&amp;metaTipo43=STRING&amp;metaTipo44=LISTA&amp;metaTipo45=BOOLEAN&amp;metaTipo46=BOOLEAN&amp;metaTipo47=BOOLEAN&amp;metaTipo48=STRING&amp;metaTipo49=TIMESTAMP&amp;metaTipo50=TIMESTAMP&amp;metaTipo51=TIMESTAMP&amp;metaTipo52=TIMESTAMP&amp;metaTipo53=TIMESTAMP&amp;metaTipo54=TIMESTAMP&amp;metaTipo55=TIMESTAMP&amp;metaTipo56=TIMESTAMP&amp;metaTipo57=TIMESTAMP&amp;metaTipo58=TIMESTAMP&amp;metaTipo59=TIMESTAMP&amp;metaTipo60=TIMESTAMP&amp;metaTipo61=TIMESTAMP&amp;metaTipo62=TIMESTAMP&amp;metaTipo63=TIMESTAMP&amp;metaTipo64=LISTA&amp;metaTipo65=LISTA&amp;metaTipo66=LISTA&amp;metaTipo67=DOUBLE&amp;metaTipo68=DOUBLE&amp;metaTipo69=DOUBLE&amp;metaTipo70=DOUBLE&amp;metaTipo71=DOUBLE&amp;metaTipo72=DOUBLE&amp;metaTipo73=DOUBLE&amp;metaTipo74=BOOLEAN&amp;metaTipo75=LISTA&amp;metaTipo76=STRING&amp;metaTipo77=STRING&amp;metaTipo78=STRING&amp;metaTipo79=STRING&amp;metaTipo80=STRING&amp;metaTipo81=STRING&amp;metaTipo82=STRING&amp;metaTipo83=BOOLEAN&amp;metaTipo84=BOOLEAN&amp;metaTipo85=STRING&amp;metaTipo86=LISTA&amp;metaTipo87=LISTA&amp;metaTipo88=LISTA_PESADA&amp;metaTipo89=LISTA&amp;metaTipo90=LISTA&amp;metaTipo91=STRING&amp;metaTipo92=LISTA&amp;metaTipo93=STRING&amp;metaTipo94=STRING&amp;metaTipo95=LISTA&amp;metaTipo96=LISTA&amp;metaTipo97=LISTA&amp;metaTipo98=BOOLEAN&amp;metaTipo99=LISTA&amp;metaTipo100=BOOLEAN&amp;metaTipo101=LISTA&amp;metaTipo102=LISTA&amp;metaTipo103=BOOLEAN&amp;metaTipo104=BOOLEAN&amp;metaTipo105=LISTA&amp;metaTipo106=LISTA&amp;metaTipo107=LISTA&amp;metaTipo108=LISTA&amp;metaTipo109=LISTA&amp;metaTipo110=STRING&amp;metaTipo111=LISTA&amp;valor=&amp;valorPesado=&amp;lista37=-1&amp;lista36=-1&amp;lista35=-1&amp;lista99=-1&amp;lista109=-1&amp;lista66=-1&amp;lista98=-1&amp;lista108=-1&amp;lista65=-1&amp;lista97=-1&amp;lista107=-1&amp;lista64=-1&amp;lista96=-1&amp;lista106=-1&amp;lista95=-1&amp;lista105=-1&amp;lista104=-1&amp;lista92=-1&amp;lista103=-1&amp;lista102=-1&amp;lista90=-1&amp;lista101=-1&amp;lista100=-1&amp;lista28=-1&amp;lista26=-1&amp;lista89=-1&amp;lista87=-1&amp;lista86=-1&amp;lista6=-1&amp;lista84=-1&amp;lista83=-1&amp;lista2=-1&amp;lista18=-1&amp;lista47=-1&amp;lista46=-1&amp;lista13=-1&amp;lista45=-1&amp;lista44=-1&amp;lista75=-1&amp;lista74=-1&amp;lista40=-1&amp;lista111=-1</queryString>
  <url>https://preproduccion.sge:443/gepa/BusquedaAction.do</url>
</httpSample>
<httpSample t="188" lt="0" ts="1298631767465" s="true" lb="/gepa/scripts/scriptaculous/scriptaculous.js" rc="200" by="5068">
  <responseHeader class="java.lang.String">HTTP/1.0 200 OK
Date: Fri, 25 Feb 2011 11:02:47 GMT
Server: Oracle-Application-Server-10g/10.1.2.2.0 Oracle-HTTP-Server
Content-Length: 5068
Set-Cookie: JSESSIONID=0635f1f5add04e4a1691f995e92c4a9e909cfa5bcdbdf73bcc238ffd67766617.e3eSbhiLaNyPe3yNbNyQc3qSai1BqBjKpPXxqAa; path=/login
Content-Type: text/html; charset=ISO-8859-1
</responseHeader>
  <requestHeader class="java.lang.String">Accept-Language: es-ES
Accept: */*
User-Agent: Mozilla/4.0 (compatible; MSIE 7.0; Windows NT 6.1; Trident/4.0; SLCC2; .NET CLR 2.0.50727; .NET CLR 3.5.30729; .NET CLR 3.0.30729; Media Center PC 6.0; MDDS; .NET4.0C)
Accept-Encoding: gzip, deflate
Referer: http://picasso:8888/gepa/BusquedaAction.do
</requestHeader>
  <cookies class="java.lang.String"></cookies>
  <method class="java.lang.String">GET</method>
  <queryString class="java.lang.String"></queryString>
  <redirectLocation class="java.lang.String">https://login-pre.sge/pls/orasso/orasso.wwsso_app_admin.ls_login?Site2pstoreToken=v1.4~CEF0A91F~5B0479067CCA9A8ED37D72CAF25D0D6F78F1EA7734814E5BAA6FE1A557371222082D53B556E2CDCF96DAC821B24AF2D4B795C25DB8237F7273F3C5CCF87231ABD082B64950E3959274E5DD74F0C4AEC7D7DB4EF85A05328667827C6D880A60FAF735EFD23B6760EC60E7FFC3C048F850E8D57CB98567364EF3BE2B6BE1699A44BD2736D95DBB4C78677EAF426FBF8A0E19195E4D42DF2BD657AEB9364DEE252F16105EFFD03F5C33FA8105717F7B601B891CB36087F88467CDF99A601561E2349B484C9AB923567C15D151E1180F0365BE22281B62C07BBDFCF3CC93FB4B0D3BF49B32C3F7046879717BF2728EBF52821A86499B2E467F51718EB5A7F8D7E2A6038B3D8E6D582853FB36DE9748CBB9A3</redirectLocation>
  <url>https://preproduccion.sge/login/login.jsp?site2pstoretoken=v1.4~CEF0A91F~5B0479067CCA9A8ED37D72CAF25D0D6F78F1EA7734814E5BAA6FE1A557371222082D53B556E2CDCF96DAC821B24AF2D4B795C25DB8237F7273F3C5CCF87231ABD082B64950E3959274E5DD74F0C4AEC7D7DB4EF85A05328667827C6D880A60FAF735EFD23B6760EC60E7FFC3C048F850E8D57CB98567364EF3BE2B6BE1699A44BD2736D95DBB4C78677EAF426FBF8A0E19195E4D42DF2BD657AEB9364DEE252F16105EFFD03F5C33FA8105717F7B601B891CB36087F88467CDF99A601561E2349B484C9AB923567C15D151E1180F0365BE22281B62C07BBDFCF3CC93FB4B0D3BF49B32C3F7046879717BF2728EBF52821A86499B2E467F51718EB5A7F8D7E2A6038B3D8E6D582853FB36DE9748CBB9A3&amp;p_error_code=&amp;p_submit_url=https%3A%2F%2Flogin-pre.sge%2Fsso%2Fauth&amp;p_cancel_url=https%3A%2F%2Fpreproduccion.sge&amp;ssousername=&amp;subscribername=</url>
</httpSample>
<httpSample t="172" lt="0" ts="1298631767653" s="true" lb="/gepa/ResultadoBusquedaAction.do" rc="200" by="5004">
  <responseHeader class="java.lang.String">HTTP/1.0 200 OK
Date: Fri, 25 Feb 2011 11:02:47 GMT
Server: Oracle-Application-Server-10g/10.1.2.2.0 Oracle-HTTP-Server
Content-Length: 5004
Set-Cookie: JSESSIONID=d75698a9ba2be7239374df03be4a9ab827e905e0d44a4c9375609c314e91563d.e38Ob3aOaheRe34Mb3qSax0Pahz0nR9Pq6XteP93; path=/login
Content-Type: text/html; charset=ISO-8859-1
</responseHeader>
  <requestHeader class="java.lang.String">Accept-Language: es-ES
Accept: image/jpeg, application/x-ms-application, image/gif, application/xaml+xml, image/pjpeg, application/x-ms-xbap, application/vnd.ms-powerpoint, application/vnd.ms-excel, application/msword, */*
User-Agent: Mozilla/4.0 (compatible; MSIE 7.0; Windows NT 6.1; Trident/4.0; SLCC2; .NET CLR 2.0.50727; .NET CLR 3.5.30729; .NET CLR 3.0.30729; Media Center PC 6.0; MDDS; .NET4.0C)
Accept-Encoding: gzip, deflate
Referer: http://picasso:8888/gepa/BusquedaAction.do
</requestHeader>
  <cookies class="java.lang.String"></cookies>
  <method class="java.lang.String">GET</method>
  <queryString class="java.lang.String"></queryString>
  <redirectLocation class="java.lang.String">https://login-pre.sge/pls/orasso/orasso.wwsso_app_admin.ls_login?Site2pstoreToken=v1.4~CEF0A91F~5B0479067CCA9A8ED37D72CAF25D0D6F78F1EA7734814E5BAA6FE1A557371222082D53B556E2CDCF96DAC821B24AF2D4B795C25DB8237F7273F3C5CCF87231ABD082B64950E3959274E5DD74F0C4AEC7D7DB4EF85A05328667827C6D880A60FA03CC0674CD220607B84C991B38D58E738720813C97BA1186A1481B805FE523CFE56323E4BE38C10437121FA6F1DCF4B5249647C8DDCEB91891EA4B3A04DD469BAA633422120520DD45C16AF8F2C84B5CB9E1649D6D775FBE8A13BAEF2B3E4BE8B8C346A8C724BF31BCA3875B741CBBB46C550182459FD61508458BA2AFF03B6C182EE0A789893FAF88A0C4B1C62E2BC5EDFFA1CB9732A41A56DB5C607EE9A0D1</redirectLocation>
  <url>https://preproduccion.sge/login/login.jsp?site2pstoretoken=v1.4~CEF0A91F~5B0479067CCA9A8ED37D72CAF25D0D6F78F1EA7734814E5BAA6FE1A557371222082D53B556E2CDCF96DAC821B24AF2D4B795C25DB8237F7273F3C5CCF87231ABD082B64950E3959274E5DD74F0C4AEC7D7DB4EF85A05328667827C6D880A60FA03CC0674CD220607B84C991B38D58E738720813C97BA1186A1481B805FE523CFE56323E4BE38C10437121FA6F1DCF4B5249647C8DDCEB91891EA4B3A04DD469BAA633422120520DD45C16AF8F2C84B5CB9E1649D6D775FBE8A13BAEF2B3E4BE8B8C346A8C724BF31BCA3875B741CBBB46C550182459FD61508458BA2AFF03B6C182EE0A789893FAF88A0C4B1C62E2BC5EDFFA1CB9732A41A56DB5C607EE9A0D1&amp;p_error_code=&amp;p_submit_url=https%3A%2F%2Flogin-pre.sge%2Fsso%2Fauth&amp;p_cancel_url=https%3A%2F%2Fpreproduccion.sge&amp;ssousername=&amp;subscribername=</url>
</httpSample>
<httpSample t="203" lt="0" ts="1298631767825" s="true" lb="/gepa/scripts/scriptaculous/scriptaculous.js" rc="200" by="5068">
  <responseHeader class="java.lang.String">HTTP/1.0 200 OK
Date: Fri, 25 Feb 2011 11:02:47 GMT
Server: Oracle-Application-Server-10g/10.1.2.2.0 Oracle-HTTP-Server
Content-Length: 5068
Set-Cookie: JSESSIONID=0b8fb72eadb66f7bfd6c052ce2e0b32666fa2c4f3752ce81830ea0aad665cc44.e3eSbhiLaNyPe3yNbNyQc3qSai1BqBjKpPXxqAa; path=/login
Content-Type: text/html; charset=ISO-8859-1
</responseHeader>
  <requestHeader class="java.lang.String">Accept-Language: es-ES
Accept: */*
User-Agent: Mozilla/4.0 (compatible; MSIE 7.0; Windows NT 6.1; Trident/4.0; SLCC2; .NET CLR 2.0.50727; .NET CLR 3.5.30729; .NET CLR 3.0.30729; Media Center PC 6.0; MDDS; .NET4.0C)
Accept-Encoding: gzip, deflate
Referer: http://picasso:8888/gepa/ResultadoBusquedaAction.do?accion=gestionExp&amp;indice=0
</requestHeader>
  <cookies class="java.lang.String"></cookies>
  <method class="java.lang.String">GET</method>
  <queryString class="java.lang.String"></queryString>
  <redirectLocation class="java.lang.String">https://login-pre.sge/pls/orasso/orasso.wwsso_app_admin.ls_login?Site2pstoreToken=v1.4~CEF0A91F~5B0479067CCA9A8ED37D72CAF25D0D6F78F1EA7734814E5BAA6FE1A557371222082D53B556E2CDCF96DAC821B24AF2D4B795C25DB8237F7273F3C5CCF87231ABD082B64950E3959274E5DD74F0C4AEC7D7DB4EF85A05328667827C6D880A60FAF735EFD23B6760EC60E7FFC3C048F850E8D57CB98567364EF3BE2B6BE1699A44BD2736D95DBB4C78677EAF426FBF8A0E19195E4D42DF2BD657AEB9364DEE252F16105EFFD03F5C33FA8105717F7B601B891CB36087F88467CDF99A601561E2349B484C9AB923567C15D151E1180F0365BE22281B62C07BBDFCF3CC93FB4B0D3BF49B32C3F7046879717BF2728EBF52821A86499B2E467F51718EB5A7F8D7E2A6038B3D8E6D582853FB36DE9748CBB9A3</redirectLocation>
  <url>https://preproduccion.sge/login/login.jsp?site2pstoretoken=v1.4~CEF0A91F~5B0479067CCA9A8ED37D72CAF25D0D6F78F1EA7734814E5BAA6FE1A557371222082D53B556E2CDCF96DAC821B24AF2D4B795C25DB8237F7273F3C5CCF87231ABD082B64950E3959274E5DD74F0C4AEC7D7DB4EF85A05328667827C6D880A60FAF735EFD23B6760EC60E7FFC3C048F850E8D57CB98567364EF3BE2B6BE1699A44BD2736D95DBB4C78677EAF426FBF8A0E19195E4D42DF2BD657AEB9364DEE252F16105EFFD03F5C33FA8105717F7B601B891CB36087F88467CDF99A601561E2349B484C9AB923567C15D151E1180F0365BE22281B62C07BBDFCF3CC93FB4B0D3BF49B32C3F7046879717BF2728EBF52821A86499B2E467F51718EB5A7F8D7E2A6038B3D8E6D582853FB36DE9748CBB9A3&amp;p_error_code=&amp;p_submit_url=https%3A%2F%2Flogin-pre.sge%2Fsso%2Fauth&amp;p_cancel_url=https%3A%2F%2Fpreproduccion.sge&amp;ssousername=&amp;subscribername=</url>
</httpSample>
<httpSample t="187" lt="0" ts="1298631768028" s="true" lb="/gepa/ConexionAction.do" rc="200" by="5388">
  <responseHeader class="java.lang.String">HTTP/1.0 200 OK
Date: Fri, 25 Feb 2011 11:02:48 GMT
Server: Oracle-Application-Server-10g/10.1.2.2.0 Oracle-HTTP-Server
Content-Length: 5388
Set-Cookie: JSESSIONID=a57f70ff7d9e6c35481165caa0cb94fd0632d03f6c2f4ae4ce2d0b6d6e3a2bbf.e38Ob3aOaheRe34Mb3qSax0Pahz0nR9Pq6XteP93; path=/login
Content-Type: text/html; charset=ISO-8859-1
</responseHeader>
  <requestHeader class="java.lang.String">Accept-Language: es
Accept: */*
User-Agent: Mozilla/4.0 (compatible; MSIE 7.0; Windows NT 6.1; Trident/4.0; SLCC2; .NET CLR 2.0.50727; .NET CLR 3.5.30729; .NET CLR 3.0.30729; Media Center PC 6.0; MDDS; .NET4.0C)
Accept-Encoding: gzip, deflate
</requestHeader>
  <cookies class="java.lang.String"></cookies>
  <method class="java.lang.String">GET</method>
  <queryString class="java.lang.String"></queryString>
  <redirectLocation class="java.lang.String">https://login-pre.sge/pls/orasso/orasso.wwsso_app_admin.ls_login?Site2pstoreToken=v1.4~CEF0A91F~67A41E7566DF9364F650C66A83D90607D5F7A871CAD4E772F492B565627FA9190AADBEA6BF977957389D8FA406EFF5DAE180C8A85306446ACB9835D8F9434545F13C2817E573A80DAC7D6B93F6DC4CB133F5A78BD1EE4608C85E800AA5DC1B1740D2B45E46142F3918E51F78AD4003BA1E3A5D1F1C0879B48B2494705B606E7429E8B897369F2D30B354E7F7C755DB6BF3D1536589CA02C846919407B2B9119C6F7AC1D3FC8C5543AC6D933CACDCDF4E189B767801E66598AB5C818E2F29BF0B53157AF58D17D97E91389D74FE5A20EA05575890C67A4377D10878332C6AB408C7F4BEF3D40110217E6EAED408F92EDC1479A84DF4690C535691F104B8747989B4FE30973D1A5A0124851001EF70F06945AE6394814E63D18940F4FFD1729F9351B40655780AE5855E3EEC66F94BFD113AFF56E883AE44038B9901E5B670E487435DB27F299E8F1DCA58FCBF96DAA5634EF25D71B40E2949A42BC215BFD5794B</redirectLocation>
  <url>https://preproduccion.sge/login/login.jsp?site2pstoretoken=v1.4~CEF0A91F~67A41E7566DF9364F650C66A83D90607D5F7A871CAD4E772F492B565627FA9190AADBEA6BF977957389D8FA406EFF5DAE180C8A85306446ACB9835D8F9434545F13C2817E573A80DAC7D6B93F6DC4CB133F5A78BD1EE4608C85E800AA5DC1B1740D2B45E46142F3918E51F78AD4003BA1E3A5D1F1C0879B48B2494705B606E7429E8B897369F2D30B354E7F7C755DB6BF3D1536589CA02C846919407B2B9119C6F7AC1D3FC8C5543AC6D933CACDCDF4E189B767801E66598AB5C818E2F29BF0B53157AF58D17D97E91389D74FE5A20EA05575890C67A4377D10878332C6AB408C7F4BEF3D40110217E6EAED408F92EDC1479A84DF4690C535691F104B8747989B4FE30973D1A5A0124851001EF70F06945AE6394814E63D18940F4FFD1729F9351B40655780AE5855E3EEC66F94BFD113AFF56E883AE44038B9901E5B670E487435DB27F299E8F1DCA58FCBF96DAA5634EF25D71B40E2949A42BC215BFD5794B&amp;p_error_code=&amp;p_submit_url=https%3A%2F%2Flogin-pre.sge%2Fsso%2Fauth&amp;p_cancel_url=https%3A%2F%2Fpreproduccion.sge&amp;ssousername=&amp;subscribername=</url>
</httpSample>
<httpSample t="203" lt="0" ts="1298631768215" s="true" lb="/gepa/scripts/scriptaculous/scriptaculous.js" rc="200" by="5068">
  <responseHeader class="java.lang.String">HTTP/1.0 200 OK
Date: Fri, 25 Feb 2011 11:02:48 GMT
Server: Oracle-Application-Server-10g/10.1.2.2.0 Oracle-HTTP-Server
Content-Length: 5068
Set-Cookie: JSESSIONID=809e82eabd251fab582c48069379ba0a8570a64602748758e678f19c2bea1c8f.e3eSbhiLaNyPe3yNbNyQc3qSai1BqBjKpPXxqAa; path=/login
Content-Type: text/html; charset=ISO-8859-1
</responseHeader>
  <requestHeader class="java.lang.String">Accept-Language: es-ES
Accept: */*
User-Agent: Mozilla/4.0 (compatible; MSIE 7.0; Windows NT 6.1; Trident/4.0; SLCC2; .NET CLR 2.0.50727; .NET CLR 3.5.30729; .NET CLR 3.0.30729; Media Center PC 6.0; MDDS; .NET4.0C)
Accept-Encoding: gzip, deflate
Referer: http://picasso:8888/gepa/ConexionAction.do?POSTDATA=variosPerfiles=true&amp;accion=iniciar&amp;codigoEntidad=DYS&amp;codigo=jcnegredo&amp;contrasenya=dysmatica&amp;rolSeleccionado=25
</requestHeader>
  <cookies class="java.lang.String"></cookies>
  <method class="java.lang.String">GET</method>
  <queryString class="java.lang.String"></queryString>
  <redirectLocation class="java.lang.String">https://login-pre.sge/pls/orasso/orasso.wwsso_app_admin.ls_login?Site2pstoreToken=v1.4~CEF0A91F~67A41E7566DF9364F650C66A83D90607D5F7A871CAD4E772F492B565627FA9190AADBEA6BF977957389D8FA406EFF5DAE180C8A85306446ACB9835D8F9434545F13C2817E573A80DAC7D6B93F6DC4CB133F5A78BD1EE4608C85E800AA5DC1B171F25A0BBAB87BC578DFC1A819F2217C797C8D869A205DE82539D221A5535638E2838B6DC4759B714AB47842B1D06EB438856A3364090F93E92B24B9FEE81F7DF9035FBA6197B5DFC115397342B563BE43D7BF07E8D2C39D8CFBEB66A5C290ED503D7D8472D06F8C84415264875B112DB4135C1ABF50F3069520711EE1F29BACB68DD132DC1587450E3354822E1A00521CD50CB6108EF0261C0796F5499847F6FF0F6005B180C4A331CF78D70AE714D40</redirectLocation>
  <url>https://preproduccion.sge/login/login.jsp?site2pstoretoken=v1.4~CEF0A91F~67A41E7566DF9364F650C66A83D90607D5F7A871CAD4E772F492B565627FA9190AADBEA6BF977957389D8FA406EFF5DAE180C8A85306446ACB9835D8F9434545F13C2817E573A80DAC7D6B93F6DC4CB133F5A78BD1EE4608C85E800AA5DC1B171F25A0BBAB87BC578DFC1A819F2217C797C8D869A205DE82539D221A5535638E2838B6DC4759B714AB47842B1D06EB438856A3364090F93E92B24B9FEE81F7DF9035FBA6197B5DFC115397342B563BE43D7BF07E8D2C39D8CFBEB66A5C290ED503D7D8472D06F8C84415264875B112DB4135C1ABF50F3069520711EE1F29BACB68DD132DC1587450E3354822E1A00521CD50CB6108EF0261C0796F5499847F6FF0F6005B180C4A331CF78D70AE714D40&amp;p_error_code=&amp;p_submit_url=https%3A%2F%2Flogin-pre.sge%2Fsso%2Fauth&amp;p_cancel_url=https%3A%2F%2Fpreproduccion.sge&amp;ssousername=&amp;subscribername=</url>
</httpSample>
<httpSample t="16" lt="16" ts="1298631768418" s="false" lb="/gepa/ConexionAction.do;jsessionid=eb634fe5b58b0bcb96508261e275709f9c8e236e3e15aeb347f0741aac2dda55" rc="500" by="778">
  <responseHeader class="java.lang.String">HTTP/1.0 500 Internal Server Error
Date: Fri, 25 Feb 2011 11:02:48 GMT
Server: Oracle-Application-Server-10g/10.1.2.2.0 Oracle-HTTP-Server
Content-Type: text/html; charset=iso-8859-1
</responseHeader>
  <requestHeader class="java.lang.String">Content-Type: application/x-www-form-urlencoded
Accept-Language: es-ES
Accept: image/jpeg, application/x-ms-application, image/gif, application/xaml+xml, image/pjpeg, application/x-ms-xbap, application/vnd.ms-powerpoint, application/vnd.ms-excel, application/msword, */*
User-Agent: Mozilla/4.0 (compatible; MSIE 7.0; Windows NT 6.1; Trident/4.0; SLCC2; .NET CLR 2.0.50727; .NET CLR 3.5.30729; .NET CLR 3.0.30729; Media Center PC 6.0; MDDS; .NET4.0C)
Accept-Encoding: gzip, deflate
Referer: http://picasso:8888/gepa/ConexionAction.do?POSTDATA=variosPerfiles=true&amp;accion=iniciar&amp;codigoEntidad=DYS&amp;codigo=jcnegredo&amp;contrasenya=dysmatica&amp;rolSeleccionado=25
Pragma: no-cache
</requestHeader>
  <cookies class="java.lang.String"></cookies>
  <method class="java.lang.String">POST</method>
  <queryString class="java.lang.String">variosPerfiles=true&amp;accion=seleccionarPerfil&amp;codigoEntidad=DYS&amp;rolSeleccionado=25</queryString>
  <url>https://preproduccion.sge:443/gepa/ConexionAction.do;jsessionid=eb634fe5b58b0bcb96508261e275709f9c8e236e3e15aeb347f0741aac2dda55</url>
</httpSample>
<httpSample t="188" lt="0" ts="1298631768434" s="true" lb="/gepa/scripts/scriptaculous/scriptaculous.js" rc="200" by="5068">
  <responseHeader class="java.lang.String">HTTP/1.0 200 OK
Date: Fri, 25 Feb 2011 11:02:48 GMT
Server: Oracle-Application-Server-10g/10.1.2.2.0 Oracle-HTTP-Server
Content-Length: 5068
Set-Cookie: JSESSIONID=70c27ba8ab66c0d68bfd9ad276b7886d54d6961f83d865943a1ca954021c35ed.e38Ob3aOaheRe34Mb3qSax0Pahz0nR9Pq6XteP93; path=/login
Content-Type: text/html; charset=ISO-8859-1
</responseHeader>
  <requestHeader class="java.lang.String">Accept-Language: es-ES
Accept: */*
User-Agent: Mozilla/4.0 (compatible; MSIE 7.0; Windows NT 6.1; Trident/4.0; SLCC2; .NET CLR 2.0.50727; .NET CLR 3.5.30729; .NET CLR 3.0.30729; Media Center PC 6.0; MDDS; .NET4.0C)
Accept-Encoding: gzip, deflate
Referer: http://picasso:8888/gepa/ConexionAction.do;jsessionid=eb634fe5b58b0bcb96508261e275709f9c8e236e3e15aeb347f0741aac2dda55
</requestHeader>
  <cookies class="java.lang.String"></cookies>
  <method class="java.lang.String">GET</method>
  <queryString class="java.lang.String"></queryString>
  <redirectLocation class="java.lang.String">https://login-pre.sge/pls/orasso/orasso.wwsso_app_admin.ls_login?Site2pstoreToken=v1.4~CEF0A91F~67A41E7566DF9364F650C66A83D90607D5F7A871CAD4E772F492B565627FA9190AADBEA6BF977957389D8FA406EFF5DAE180C8A85306446ACB9835D8F9434545F13C2817E573A80DAC7D6B93F6DC4CB133F5A78BD1EE4608C85E800AA5DC1B171F25A0BBAB87BC578DFC1A819F2217C797C8D869A205DE82539D221A5535638E2838B6DC4759B714AB47842B1D06EB438856A3364090F93E92B24B9FEE81F7DF9035FBA6197B5DFC115397342B563BE43D7BF07E8D2C39D8CFBEB66A5C290ED503D7D8472D06F8C84415264875B112DB4135C1ABF50F3069520711EE1F29BACB68DD132DC1587450E3354822E1A00521CD50CB6108EF0261C0796F5499847F6FF0F6005B180C4A331CF78D70AE714D40</redirectLocation>
  <url>https://preproduccion.sge/login/login.jsp?site2pstoretoken=v1.4~CEF0A91F~67A41E7566DF9364F650C66A83D90607D5F7A871CAD4E772F492B565627FA9190AADBEA6BF977957389D8FA406EFF5DAE180C8A85306446ACB9835D8F9434545F13C2817E573A80DAC7D6B93F6DC4CB133F5A78BD1EE4608C85E800AA5DC1B171F25A0BBAB87BC578DFC1A819F2217C797C8D869A205DE82539D221A5535638E2838B6DC4759B714AB47842B1D06EB438856A3364090F93E92B24B9FEE81F7DF9035FBA6197B5DFC115397342B563BE43D7BF07E8D2C39D8CFBEB66A5C290ED503D7D8472D06F8C84415264875B112DB4135C1ABF50F3069520711EE1F29BACB68DD132DC1587450E3354822E1A00521CD50CB6108EF0261C0796F5499847F6FF0F6005B180C4A331CF78D70AE714D40&amp;p_error_code=&amp;p_submit_url=https%3A%2F%2Flogin-pre.sge%2Fsso%2Fauth&amp;p_cancel_url=https%3A%2F%2Fpreproduccion.sge&amp;ssousername=&amp;subscribername=</url>
</httpSample>
<httpSample t="15" lt="15" ts="1298631768622" s="false" lb="/gepa/BusquedaAction.do" rc="500" by="778">
  <responseHeader class="java.lang.String">HTTP/1.0 500 Internal Server Error
Date: Fri, 25 Feb 2011 11:02:48 GMT
Server: Oracle-Application-Server-10g/10.1.2.2.0 Oracle-HTTP-Server
Content-Type: text/html; charset=iso-8859-1
</responseHeader>
  <requestHeader class="java.lang.String">Content-Type: application/x-www-form-urlencoded
Accept-Language: es-ES
Accept: image/jpeg, application/x-ms-application, image/gif, application/xaml+xml, image/pjpeg, application/x-ms-xbap, application/vnd.ms-powerpoint, application/vnd.ms-excel, application/msword, */*
User-Agent: Mozilla/4.0 (compatible; MSIE 7.0; Windows NT 6.1; Trident/4.0; SLCC2; .NET CLR 2.0.50727; .NET CLR 3.5.30729; .NET CLR 3.0.30729; Media Center PC 6.0; MDDS; .NET4.0C)
Accept-Encoding: gzip, deflate
Referer: http://picasso:8888/gepa/ConexionAction.do;jsessionid=eb634fe5b58b0bcb96508261e275709f9c8e236e3e15aeb347f0741aac2dda55
Pragma: no-cache
</requestHeader>
  <cookies class="java.lang.String"></cookies>
  <method class="java.lang.String">POST</method>
  <queryString class="java.lang.String">accion=buscar&amp;modo=rapida&amp;avanzadaDesplegada=false&amp;descElemPesado=&amp;identificacionRapida=&amp;nombreRapida=&amp;apellido1Rapida=&amp;apellido2Rapida=&amp;anyoRapida=&amp;numeroRapida=&amp;desdeRapida=&amp;hastaRapida=&amp;tramiteRapida=-1&amp;estadoRapida=-1&amp;idBusqueda=-1&amp;idClases=26&amp;metaTipo0=STRING&amp;metaTipo1=STRING&amp;metaTipo2=LISTA&amp;metaTipo3=STRING&amp;metaTipo4=LISTA_PESADA&amp;metaTipo5=STRING&amp;metaTipo6=LISTA&amp;metaTipo7=STRING&amp;metaTipo8=STRING&amp;metaTipo9=STRING&amp;metaTipo10=STRING&amp;metaTipo11=STRING&amp;metaTipo12=STRING&amp;metaTipo13=LISTA&amp;metaTipo14=STRING&amp;metaTipo15=TIMESTAMP&amp;metaTipo16=TIMESTAMP&amp;metaTipo17=TIMESTAMP&amp;metaTipo18=LISTA&amp;metaTipo19=LISTA_PESADA&amp;metaTipo20=STRING&amp;metaTipo21=STRING&amp;metaTipo22=STRING&amp;metaTipo23=STRING&amp;metaTipo24=STRING&amp;metaTipo25=LISTA_PESADA&amp;metaTipo26=LISTA&amp;metaTipo27=STRING&amp;metaTipo28=LISTA&amp;metaTipo29=STRING&amp;metaTipo30=STRING&amp;metaTipo31=INTEGER&amp;metaTipo32=STRING&amp;metaTipo33=STRING&amp;metaTipo34=STRING&amp;metaTipo35=LISTA&amp;metaTipo36=LISTA&amp;metaTipo37=LISTA&amp;metaTipo38=STRING&amp;metaTipo39=SEPARADOR&amp;metaTipo40=BOOLEAN&amp;metaTipo41=STRING&amp;metaTipo42=STRING&amp;metaTipo43=STRING&amp;metaTipo44=LISTA&amp;metaTipo45=BOOLEAN&amp;metaTipo46=BOOLEAN&amp;metaTipo47=BOOLEAN&amp;metaTipo48=STRING&amp;metaTipo49=TIMESTAMP&amp;metaTipo50=TIMESTAMP&amp;metaTipo51=TIMESTAMP&amp;metaTipo52=TIMESTAMP&amp;metaTipo53=TIMESTAMP&amp;metaTipo54=TIMESTAMP&amp;metaTipo55=TIMESTAMP&amp;metaTipo56=TIMESTAMP&amp;metaTipo57=TIMESTAMP&amp;metaTipo58=TIMESTAMP&amp;metaTipo59=TIMESTAMP&amp;metaTipo60=TIMESTAMP&amp;metaTipo61=TIMESTAMP&amp;metaTipo62=TIMESTAMP&amp;metaTipo63=TIMESTAMP&amp;metaTipo64=LISTA&amp;metaTipo65=LISTA&amp;metaTipo66=LISTA&amp;metaTipo67=DOUBLE&amp;metaTipo68=DOUBLE&amp;metaTipo69=DOUBLE&amp;metaTipo70=DOUBLE&amp;metaTipo71=DOUBLE&amp;metaTipo72=DOUBLE&amp;metaTipo73=DOUBLE&amp;metaTipo74=BOOLEAN&amp;metaTipo75=LISTA&amp;metaTipo76=STRING&amp;metaTipo77=STRING&amp;metaTipo78=STRING&amp;metaTipo79=STRING&amp;metaTipo80=STRING&amp;metaTipo81=STRING&amp;metaTipo82=STRING&amp;metaTipo83=BOOLEAN&amp;metaTipo84=BOOLEAN&amp;metaTipo85=STRING&amp;metaTipo86=LISTA&amp;metaTipo87=LISTA&amp;metaTipo88=LISTA_PESADA&amp;metaTipo89=LISTA&amp;metaTipo90=LISTA&amp;metaTipo91=STRING&amp;metaTipo92=LISTA&amp;metaTipo93=STRING&amp;metaTipo94=STRING&amp;metaTipo95=LISTA&amp;metaTipo96=LISTA&amp;metaTipo97=LISTA&amp;metaTipo98=BOOLEAN&amp;metaTipo99=LISTA&amp;metaTipo100=BOOLEAN&amp;metaTipo101=LISTA&amp;metaTipo102=LISTA&amp;metaTipo103=BOOLEAN&amp;metaTipo104=BOOLEAN&amp;metaTipo105=LISTA&amp;metaTipo106=LISTA&amp;metaTipo107=LISTA&amp;metaTipo108=LISTA&amp;metaTipo109=LISTA&amp;metaTipo110=STRING&amp;metaTipo111=LISTA&amp;valor=&amp;valorPesado=&amp;lista37=-1&amp;lista36=-1&amp;lista35=-1&amp;lista99=-1&amp;lista109=-1&amp;lista66=-1&amp;lista98=-1&amp;lista108=-1&amp;lista65=-1&amp;lista97=-1&amp;lista107=-1&amp;lista64=-1&amp;lista96=-1&amp;lista106=-1&amp;lista95=-1&amp;lista105=-1&amp;lista104=-1&amp;lista92=-1&amp;lista103=-1&amp;lista102=-1&amp;lista90=-1&amp;lista101=-1&amp;lista100=-1&amp;lista28=-1&amp;lista26=-1&amp;lista89=-1&amp;lista87=-1&amp;lista86=-1&amp;lista6=-1&amp;lista84=-1&amp;lista83=-1&amp;lista2=-1&amp;lista18=-1&amp;lista47=-1&amp;lista46=-1&amp;lista13=-1&amp;lista45=-1&amp;lista44=-1&amp;lista75=-1&amp;lista74=-1&amp;lista40=-1&amp;lista111=-1</queryString>
  <url>https://preproduccion.sge:443/gepa/BusquedaAction.do</url>
</httpSample>
<httpSample t="188" lt="0" ts="1298631768668" s="true" lb="/gepa/scripts/scriptaculous/scriptaculous.js" rc="200" by="5068">
  <responseHeader class="java.lang.String">HTTP/1.0 200 OK
Date: Fri, 25 Feb 2011 11:02:48 GMT
Server: Oracle-Application-Server-10g/10.1.2.2.0 Oracle-HTTP-Server
Content-Length: 5068
Set-Cookie: JSESSIONID=521d749b53a3c4008df44dc5317449a76764fdf783ffee15a1db1a1f1b07f2e1.e38Ob3aOaheRe34Mb3qSax0Pahz0nR9Pq6XteP93; path=/login
Content-Type: text/html; charset=ISO-8859-1
</responseHeader>
  <requestHeader class="java.lang.String">Accept-Language: es-ES
Accept: */*
User-Agent: Mozilla/4.0 (compatible; MSIE 7.0; Windows NT 6.1; Trident/4.0; SLCC2; .NET CLR 2.0.50727; .NET CLR 3.5.30729; .NET CLR 3.0.30729; Media Center PC 6.0; MDDS; .NET4.0C)
Accept-Encoding: gzip, deflate
Referer: http://picasso:8888/gepa/BusquedaAction.do
</requestHeader>
  <cookies class="java.lang.String"></cookies>
  <method class="java.lang.String">GET</method>
  <queryString class="java.lang.String"></queryString>
  <redirectLocation class="java.lang.String">https://login-pre.sge/pls/orasso/orasso.wwsso_app_admin.ls_login?Site2pstoreToken=v1.4~CEF0A91F~67A41E7566DF9364F650C66A83D90607D5F7A871CAD4E772F492B565627FA9190AADBEA6BF977957389D8FA406EFF5DAE180C8A85306446ACB9835D8F9434545F13C2817E573A80DAC7D6B93F6DC4CB133F5A78BD1EE4608C85E800AA5DC1B171F25A0BBAB87BC578DFC1A819F2217C797C8D869A205DE82539D221A5535638E2838B6DC4759B714AB47842B1D06EB438856A3364090F93E92B24B9FEE81F7DF9035FBA6197B5DFC115397342B563BE43D7BF07E8D2C39D8CFBEB66A5C290ED503D7D8472D06F8C84415264875B112DB4135C1ABF50F3069520711EE1F29BACB68DD132DC1587450E3354822E1A00521CD50CB6108EF0261C0796F5499847F6FF0F6005B180C4A331CF78D70AE714D40</redirectLocation>
  <url>https://preproduccion.sge/login/login.jsp?site2pstoretoken=v1.4~CEF0A91F~67A41E7566DF9364F650C66A83D90607D5F7A871CAD4E772F492B565627FA9190AADBEA6BF977957389D8FA406EFF5DAE180C8A85306446ACB9835D8F9434545F13C2817E573A80DAC7D6B93F6DC4CB133F5A78BD1EE4608C85E800AA5DC1B171F25A0BBAB87BC578DFC1A819F2217C797C8D869A205DE82539D221A5535638E2838B6DC4759B714AB47842B1D06EB438856A3364090F93E92B24B9FEE81F7DF9035FBA6197B5DFC115397342B563BE43D7BF07E8D2C39D8CFBEB66A5C290ED503D7D8472D06F8C84415264875B112DB4135C1ABF50F3069520711EE1F29BACB68DD132DC1587450E3354822E1A00521CD50CB6108EF0261C0796F5499847F6FF0F6005B180C4A331CF78D70AE714D40&amp;p_error_code=&amp;p_submit_url=https%3A%2F%2Flogin-pre.sge%2Fsso%2Fauth&amp;p_cancel_url=https%3A%2F%2Fpreproduccion.sge&amp;ssousername=&amp;subscribername=</url>
</httpSample>
<httpSample t="187" lt="0" ts="1298631768856" s="true" lb="/gepa/ResultadoBusquedaAction.do" rc="200" by="4972">
  <responseHeader class="java.lang.String">HTTP/1.0 200 OK
Date: Fri, 25 Feb 2011 11:02:48 GMT
Server: Oracle-Application-Server-10g/10.1.2.2.0 Oracle-HTTP-Server
Content-Length: 4972
Set-Cookie: JSESSIONID=370c6c65d6991830e1d4424cb21d4c1c52d5fb05e991298672752449dcefb8e6.e3eSbhiLaNyPe3yNbNyQc3qSai1BqBjKpPXxqAa; path=/login
Content-Type: text/html; charset=ISO-8859-1
</responseHeader>
  <requestHeader class="java.lang.String">Accept-Language: es-ES
Accept: image/jpeg, application/x-ms-application, image/gif, application/xaml+xml, image/pjpeg, application/x-ms-xbap, application/vnd.ms-powerpoint, application/vnd.ms-excel, application/msword, */*
User-Agent: Mozilla/4.0 (compatible; MSIE 7.0; Windows NT 6.1; Trident/4.0; SLCC2; .NET CLR 2.0.50727; .NET CLR 3.5.30729; .NET CLR 3.0.30729; Media Center PC 6.0; MDDS; .NET4.0C)
Accept-Encoding: gzip, deflate
Referer: http://picasso:8888/gepa/BusquedaAction.do
</requestHeader>
  <cookies class="java.lang.String"></cookies>
  <method class="java.lang.String">GET</method>
  <queryString class="java.lang.String"></queryString>
  <redirectLocation class="java.lang.String">https://login-pre.sge/pls/orasso/orasso.wwsso_app_admin.ls_login?Site2pstoreToken=v1.4~CEF0A91F~67A41E7566DF9364F650C66A83D90607D5F7A871CAD4E772F492B565627FA9190AADBEA6BF977957389D8FA406EFF5DAE180C8A85306446ACB9835D8F9434545F13C2817E573A80DAC7D6B93F6DC4CB133F5A78BD1EE4608C85E800AA5DC1B1709096DB71F52FC02337015F5EEA9DAB39E22F555436F2C6628D13A931B863D2FFFC531E094B51087C6293F75E41BB57E9919A0367B5219B6A59ACC0DB1E1025F318DC6651E3C0596CE89C0C805A290E2705A85783E22C7D649D8B966F17364DA38C503E8A1493AE31BCE5B0B9E38019455E58712B68E59858183A54EA293847DA4DCEB03DB31A4C57245B005F5C342D40AFA0ABDC428B5B6</redirectLocation>
  <url>https://preproduccion.sge/login/login.jsp?site2pstoretoken=v1.4~CEF0A91F~67A41E7566DF9364F650C66A83D90607D5F7A871CAD4E772F492B565627FA9190AADBEA6BF977957389D8FA406EFF5DAE180C8A85306446ACB9835D8F9434545F13C2817E573A80DAC7D6B93F6DC4CB133F5A78BD1EE4608C85E800AA5DC1B1709096DB71F52FC02337015F5EEA9DAB39E22F555436F2C6628D13A931B863D2FFFC531E094B51087C6293F75E41BB57E9919A0367B5219B6A59ACC0DB1E1025F318DC6651E3C0596CE89C0C805A290E2705A85783E22C7D649D8B966F17364DA38C503E8A1493AE31BCE5B0B9E38019455E58712B68E59858183A54EA293847DA4DCEB03DB31A4C57245B005F5C342D40AFA0ABDC428B5B6&amp;p_error_code=&amp;p_submit_url=https%3A%2F%2Flogin-pre.sge%2Fsso%2Fauth&amp;p_cancel_url=https%3A%2F%2Fpreproduccion.sge&amp;ssousername=&amp;subscribername=</url>
</httpSample>
<httpSample t="188" lt="0" ts="1298631769043" s="true" lb="/gepa/scripts/scriptaculous/scriptaculous.js" rc="200" by="5068">
  <responseHeader class="java.lang.String">HTTP/1.0 200 OK
Date: Fri, 25 Feb 2011 11:02:49 GMT
Server: Oracle-Application-Server-10g/10.1.2.2.0 Oracle-HTTP-Server
Content-Length: 5068
Set-Cookie: JSESSIONID=b5ffa6d06653a09d6be964eaa9f58566f7b353d915e61fb0be389873b02be58e.e38Ob3aOaheRe34Mb3qSax0Pahz0nR9Pq6XteP93; path=/login
Content-Type: text/html; charset=ISO-8859-1
</responseHeader>
  <requestHeader class="java.lang.String">Accept-Language: es-ES
Accept: */*
User-Agent: Mozilla/4.0 (compatible; MSIE 7.0; Windows NT 6.1; Trident/4.0; SLCC2; .NET CLR 2.0.50727; .NET CLR 3.5.30729; .NET CLR 3.0.30729; Media Center PC 6.0; MDDS; .NET4.0C)
Accept-Encoding: gzip, deflate
Referer: http://picasso:8888/gepa/ResultadoBusquedaAction.do?accion=gestionExp&amp;indice=0
</requestHeader>
  <cookies class="java.lang.String"></cookies>
  <method class="java.lang.String">GET</method>
  <queryString class="java.lang.String"></queryString>
  <redirectLocation class="java.lang.String">https://login-pre.sge/pls/orasso/orasso.wwsso_app_admin.ls_login?Site2pstoreToken=v1.4~CEF0A91F~F6DEE5E851BD17CA517020AE66B8382B927F5F697DB716413C6E369CB4156FFCD4A9A8A711F9D66ED597C0CBD62497F5C21D648637E0C7009522B6325F81EED0E1D71220876F386D2AD90260DC4844FC5BF0D5734C3CFFC0CCA555DEF8D7587DBF2F439C38156AC580A1E41A3FF95CE6DCA789B1110994B0591EBC88A00D9600959307BAEE00F2924DC7305CB8070C2E7B7136383185B100E428EC059FD97577BF1A3765F61B02E89674E1A20763CF1086993B032B9EDF360E49B009FFF0C8BB2ACF42D9E6710106802F1E646D36BC073D39B27AA90FAF98C80664ECBC8DA70D9BD59DE372E71AD8CDB85B6F5C6B4AFA11D06CD1B57731F481E0201BC8DA1ACA3192648C19B4D1F7E68A4FB80465FB87</redirectLocation>
  <url>https://preproduccion.sge/login/login.jsp?site2pstoretoken=v1.4~CEF0A91F~F6DEE5E851BD17CA517020AE66B8382B927F5F697DB716413C6E369CB4156FFCD4A9A8A711F9D66ED597C0CBD62497F5C21D648637E0C7009522B6325F81EED0E1D71220876F386D2AD90260DC4844FC5BF0D5734C3CFFC0CCA555DEF8D7587DBF2F439C38156AC580A1E41A3FF95CE6DCA789B1110994B0591EBC88A00D9600959307BAEE00F2924DC7305CB8070C2E7B7136383185B100E428EC059FD97577BF1A3765F61B02E89674E1A20763CF1086993B032B9EDF360E49B009FFF0C8BB2ACF42D9E6710106802F1E646D36BC073D39B27AA90FAF98C80664ECBC8DA70D9BD59DE372E71AD8CDB85B6F5C6B4AFA11D06CD1B57731F481E0201BC8DA1ACA3192648C19B4D1F7E68A4FB80465FB87&amp;p_error_code=&amp;p_submit_url=https%3A%2F%2Flogin-pre.sge%2Fsso%2Fauth&amp;p_cancel_url=https%3A%2F%2Fpreproduccion.sge&amp;ssousername=&amp;subscribername=</url>
</httpSample>
<httpSample t="203" lt="0" ts="1298631769231" s="true" lb="/gepa/ConexionAction.do" rc="200" by="5388">
  <responseHeader class="java.lang.String">HTTP/1.0 200 OK
Date: Fri, 25 Feb 2011 11:02:49 GMT
Server: Oracle-Application-Server-10g/10.1.2.2.0 Oracle-HTTP-Server
Content-Length: 5388
Set-Cookie: JSESSIONID=2c79c8889b9c4c29b11cb40c303b6ec8583d038c0bda47cb920b6bbc10d23433.e3eSbhiLaNyPe3yNbNyQc3qSai1BqBjKpPXxqAa; path=/login
Content-Type: text/html; charset=ISO-8859-1
</responseHeader>
  <requestHeader class="java.lang.String">Accept-Language: es
Accept: */*
User-Agent: Mozilla/4.0 (compatible; MSIE 7.0; Windows NT 6.1; Trident/4.0; SLCC2; .NET CLR 2.0.50727; .NET CLR 3.5.30729; .NET CLR 3.0.30729; Media Center PC 6.0; MDDS; .NET4.0C)
Accept-Encoding: gzip, deflate
</requestHeader>
  <cookies class="java.lang.String"></cookies>
  <method class="java.lang.String">GET</method>
  <queryString class="java.lang.String"></queryString>
  <redirectLocation class="java.lang.String">https://login-pre.sge/pls/orasso/orasso.wwsso_app_admin.ls_login?Site2pstoreToken=v1.4~CEF0A91F~F6DEE5E851BD17CA517020AE66B8382B927F5F697DB716413C6E369CB4156FFCD4A9A8A711F9D66ED597C0CBD62497F5C21D648637E0C7009522B6325F81EED0E1D71220876F386D2AD90260DC4844FC5BF0D5734C3CFFC0CCA555DEF8D7587D9EAFA8E202CEB68A1D63F9C049D66322FD70171708E567CC341157B120A622ABA7FF032DEB2CAB3F544D6ADB773ACC24E5D51A6DC677E0269B51C9EA44715829745AB196527058C2629CC8166ECD172A4A3E30776ABCB1D5823BA48405E1D203E96B6D71C8D23C4E93E8C68A2AEC5B300FB09AC899294B7C715BDEE38159B374E14EC925C8FA93B682888DC8B2C0E497582AEFF78353EBD3E628CBA1EE8BF5A57545CAF6300B660E72AFF442DC86C6C0FD75CCDD5549627A4450C5DF50088D7F977E5368068416686251E2B9F6DB92149A83CEFAC0EEA2E4660E39BC11276A95601272304B1DBF602F56644245D5BB972A7E12B3653D3C5E0278296B84E75A57</redirectLocation>
  <url>https://preproduccion.sge/login/login.jsp?site2pstoretoken=v1.4~CEF0A91F~F6DEE5E851BD17CA517020AE66B8382B927F5F697DB716413C6E369CB4156FFCD4A9A8A711F9D66ED597C0CBD62497F5C21D648637E0C7009522B6325F81EED0E1D71220876F386D2AD90260DC4844FC5BF0D5734C3CFFC0CCA555DEF8D7587D9EAFA8E202CEB68A1D63F9C049D66322FD70171708E567CC341157B120A622ABA7FF032DEB2CAB3F544D6ADB773ACC24E5D51A6DC677E0269B51C9EA44715829745AB196527058C2629CC8166ECD172A4A3E30776ABCB1D5823BA48405E1D203E96B6D71C8D23C4E93E8C68A2AEC5B300FB09AC899294B7C715BDEE38159B374E14EC925C8FA93B682888DC8B2C0E497582AEFF78353EBD3E628CBA1EE8BF5A57545CAF6300B660E72AFF442DC86C6C0FD75CCDD5549627A4450C5DF50088D7F977E5368068416686251E2B9F6DB92149A83CEFAC0EEA2E4660E39BC11276A95601272304B1DBF602F56644245D5BB972A7E12B3653D3C5E0278296B84E75A57&amp;p_error_code=&amp;p_submit_url=https%3A%2F%2Flogin-pre.sge%2Fsso%2Fauth&amp;p_cancel_url=https%3A%2F%2Fpreproduccion.sge&amp;ssousername=&amp;subscribername=</url>
</httpSample>
<httpSample t="188" lt="0" ts="1298631769434" s="true" lb="/gepa/scripts/scriptaculous/scriptaculous.js" rc="200" by="5068">
  <responseHeader class="java.lang.String">HTTP/1.0 200 OK
Date: Fri, 25 Feb 2011 11:02:49 GMT
Server: Oracle-Application-Server-10g/10.1.2.2.0 Oracle-HTTP-Server
Content-Length: 5068
Set-Cookie: JSESSIONID=d812d158f3074ba061e4a42b46262650b73fe7a8e0a8abfbb078c71753f9757b.e38Ob3aOaheRe34Mb3qSax0Pahz0nR9Pq6XteP93; path=/login
Content-Type: text/html; charset=ISO-8859-1
</responseHeader>
  <requestHeader class="java.lang.String">Accept-Language: es-ES
Accept: */*
User-Agent: Mozilla/4.0 (compatible; MSIE 7.0; Windows NT 6.1; Trident/4.0; SLCC2; .NET CLR 2.0.50727; .NET CLR 3.5.30729; .NET CLR 3.0.30729; Media Center PC 6.0; MDDS; .NET4.0C)
Accept-Encoding: gzip, deflate
Referer: http://picasso:8888/gepa/ConexionAction.do?POSTDATA=variosPerfiles=true&amp;accion=iniciar&amp;codigoEntidad=DYS&amp;codigo=jcnegredo&amp;contrasenya=dysmatica&amp;rolSeleccionado=25
</requestHeader>
  <cookies class="java.lang.String"></cookies>
  <method class="java.lang.String">GET</method>
  <queryString class="java.lang.String"></queryString>
  <redirectLocation class="java.lang.String">https://login-pre.sge/pls/orasso/orasso.wwsso_app_admin.ls_login?Site2pstoreToken=v1.4~CEF0A91F~F6DEE5E851BD17CA517020AE66B8382B927F5F697DB716413C6E369CB4156FFCD4A9A8A711F9D66ED597C0CBD62497F5C21D648637E0C7009522B6325F81EED0E1D71220876F386D2AD90260DC4844FC5BF0D5734C3CFFC0CCA555DEF8D7587DBF2F439C38156AC580A1E41A3FF95CE6DCA789B1110994B0591EBC88A00D9600959307BAEE00F2924DC7305CB8070C2E7B7136383185B100E428EC059FD97577BF1A3765F61B02E89674E1A20763CF1086993B032B9EDF360E49B009FFF0C8BB2ACF42D9E6710106802F1E646D36BC073D39B27AA90FAF98C80664ECBC8DA70D9BD59DE372E71AD8CDB85B6F5C6B4AFA11D06CD1B57731F481E0201BC8DA1ACA3192648C19B4D1F7E68A4FB80465FB87</redirectLocation>
  <url>https://preproduccion.sge/login/login.jsp?site2pstoretoken=v1.4~CEF0A91F~F6DEE5E851BD17CA517020AE66B8382B927F5F697DB716413C6E369CB4156FFCD4A9A8A711F9D66ED597C0CBD62497F5C21D648637E0C7009522B6325F81EED0E1D71220876F386D2AD90260DC4844FC5BF0D5734C3CFFC0CCA555DEF8D7587DBF2F439C38156AC580A1E41A3FF95CE6DCA789B1110994B0591EBC88A00D9600959307BAEE00F2924DC7305CB8070C2E7B7136383185B100E428EC059FD97577BF1A3765F61B02E89674E1A20763CF1086993B032B9EDF360E49B009FFF0C8BB2ACF42D9E6710106802F1E646D36BC073D39B27AA90FAF98C80664ECBC8DA70D9BD59DE372E71AD8CDB85B6F5C6B4AFA11D06CD1B57731F481E0201BC8DA1ACA3192648C19B4D1F7E68A4FB80465FB87&amp;p_error_code=&amp;p_submit_url=https%3A%2F%2Flogin-pre.sge%2Fsso%2Fauth&amp;p_cancel_url=https%3A%2F%2Fpreproduccion.sge&amp;ssousername=&amp;subscribername=</url>
</httpSample>
<httpSample t="15" lt="15" ts="1298631769622" s="false" lb="/gepa/ConexionAction.do;jsessionid=eb634fe5b58b0bcb96508261e275709f9c8e236e3e15aeb347f0741aac2dda55" rc="500" by="778">
  <responseHeader class="java.lang.String">HTTP/1.0 500 Internal Server Error
Date: Fri, 25 Feb 2011 11:02:49 GMT
Server: Oracle-Application-Server-10g/10.1.2.2.0 Oracle-HTTP-Server
Content-Type: text/html; charset=iso-8859-1
</responseHeader>
  <requestHeader class="java.lang.String">Content-Type: application/x-www-form-urlencoded
Accept-Language: es-ES
Accept: image/jpeg, application/x-ms-application, image/gif, application/xaml+xml, image/pjpeg, application/x-ms-xbap, application/vnd.ms-powerpoint, application/vnd.ms-excel, application/msword, */*
User-Agent: Mozilla/4.0 (compatible; MSIE 7.0; Windows NT 6.1; Trident/4.0; SLCC2; .NET CLR 2.0.50727; .NET CLR 3.5.30729; .NET CLR 3.0.30729; Media Center PC 6.0; MDDS; .NET4.0C)
Accept-Encoding: gzip, deflate
Referer: http://picasso:8888/gepa/ConexionAction.do?POSTDATA=variosPerfiles=true&amp;accion=iniciar&amp;codigoEntidad=DYS&amp;codigo=jcnegredo&amp;contrasenya=dysmatica&amp;rolSeleccionado=25
Pragma: no-cache
</requestHeader>
  <cookies class="java.lang.String"></cookies>
  <method class="java.lang.String">POST</method>
  <queryString class="java.lang.String">variosPerfiles=true&amp;accion=seleccionarPerfil&amp;codigoEntidad=DYS&amp;rolSeleccionado=25</queryString>
  <url>https://preproduccion.sge:443/gepa/ConexionAction.do;jsessionid=eb634fe5b58b0bcb96508261e275709f9c8e236e3e15aeb347f0741aac2dda55</url>
</httpSample>
<httpSample t="219" lt="0" ts="1298631769653" s="true" lb="/gepa/scripts/scriptaculous/scriptaculous.js" rc="200" by="5068">
  <responseHeader class="java.lang.String">HTTP/1.0 200 OK
Date: Fri, 25 Feb 2011 11:02:49 GMT
Server: Oracle-Application-Server-10g/10.1.2.2.0 Oracle-HTTP-Server
Content-Length: 5068
Set-Cookie: JSESSIONID=a0522d84fd966a5af77bf9f58240d96df8c9bdd46a9054e0ac44a3cf4995ec90.e3eSbhiLaNyPe3yNbNyQc3qSai1BqBjKpPXxqAa; path=/login
Content-Type: text/html; charset=ISO-8859-1
</responseHeader>
  <requestHeader class="java.lang.String">Accept-Language: es-ES
Accept: */*
User-Agent: Mozilla/4.0 (compatible; MSIE 7.0; Windows NT 6.1; Trident/4.0; SLCC2; .NET CLR 2.0.50727; .NET CLR 3.5.30729; .NET CLR 3.0.30729; Media Center PC 6.0; MDDS; .NET4.0C)
Accept-Encoding: gzip, deflate
Referer: http://picasso:8888/gepa/ConexionAction.do;jsessionid=eb634fe5b58b0bcb96508261e275709f9c8e236e3e15aeb347f0741aac2dda55
</requestHeader>
  <cookies class="java.lang.String"></cookies>
  <method class="java.lang.String">GET</method>
  <queryString class="java.lang.String"></queryString>
  <redirectLocation class="java.lang.String">https://login-pre.sge/pls/orasso/orasso.wwsso_app_admin.ls_login?Site2pstoreToken=v1.4~CEF0A91F~F6DEE5E851BD17CA517020AE66B8382B927F5F697DB716413C6E369CB4156FFCD4A9A8A711F9D66ED597C0CBD62497F5C21D648637E0C7009522B6325F81EED0E1D71220876F386D2AD90260DC4844FC5BF0D5734C3CFFC0CCA555DEF8D7587DBF2F439C38156AC580A1E41A3FF95CE6DCA789B1110994B0591EBC88A00D9600959307BAEE00F2924DC7305CB8070C2E7B7136383185B100E428EC059FD97577BF1A3765F61B02E89674E1A20763CF1086993B032B9EDF360E49B009FFF0C8BB2ACF42D9E6710106802F1E646D36BC073D39B27AA90FAF98C80664ECBC8DA70D9BD59DE372E71AD8CDB85B6F5C6B4AFA11D06CD1B57731F481E0201BC8DA1ACA3192648C19B4D1F7E68A4FB80465FB87</redirectLocation>
  <url>https://preproduccion.sge/login/login.jsp?site2pstoretoken=v1.4~CEF0A91F~F6DEE5E851BD17CA517020AE66B8382B927F5F697DB716413C6E369CB4156FFCD4A9A8A711F9D66ED597C0CBD62497F5C21D648637E0C7009522B6325F81EED0E1D71220876F386D2AD90260DC4844FC5BF0D5734C3CFFC0CCA555DEF8D7587DBF2F439C38156AC580A1E41A3FF95CE6DCA789B1110994B0591EBC88A00D9600959307BAEE00F2924DC7305CB8070C2E7B7136383185B100E428EC059FD97577BF1A3765F61B02E89674E1A20763CF1086993B032B9EDF360E49B009FFF0C8BB2ACF42D9E6710106802F1E646D36BC073D39B27AA90FAF98C80664ECBC8DA70D9BD59DE372E71AD8CDB85B6F5C6B4AFA11D06CD1B57731F481E0201BC8DA1ACA3192648C19B4D1F7E68A4FB80465FB87&amp;p_error_code=&amp;p_submit_url=https%3A%2F%2Flogin-pre.sge%2Fsso%2Fauth&amp;p_cancel_url=https%3A%2F%2Fpreproduccion.sge&amp;ssousername=&amp;subscribername=</url>
</httpSample>
<httpSample t="15" lt="15" ts="1298631769872" s="false" lb="/gepa/BusquedaAction.do" rc="500" by="778">
  <responseHeader class="java.lang.String">HTTP/1.0 500 Internal Server Error
Date: Fri, 25 Feb 2011 11:02:49 GMT
Server: Oracle-Application-Server-10g/10.1.2.2.0 Oracle-HTTP-Server
Content-Type: text/html; charset=iso-8859-1
</responseHeader>
  <requestHeader class="java.lang.String">Content-Type: application/x-www-form-urlencoded
Accept-Language: es-ES
Accept: image/jpeg, application/x-ms-application, image/gif, application/xaml+xml, image/pjpeg, application/x-ms-xbap, application/vnd.ms-powerpoint, application/vnd.ms-excel, application/msword, */*
User-Agent: Mozilla/4.0 (compatible; MSIE 7.0; Windows NT 6.1; Trident/4.0; SLCC2; .NET CLR 2.0.50727; .NET CLR 3.5.30729; .NET CLR 3.0.30729; Media Center PC 6.0; MDDS; .NET4.0C)
Accept-Encoding: gzip, deflate
Referer: http://picasso:8888/gepa/ConexionAction.do;jsessionid=eb634fe5b58b0bcb96508261e275709f9c8e236e3e15aeb347f0741aac2dda55
Pragma: no-cache
</requestHeader>
  <cookies class="java.lang.String"></cookies>
  <method class="java.lang.String">POST</method>
  <queryString class="java.lang.String">accion=buscar&amp;modo=rapida&amp;avanzadaDesplegada=false&amp;descElemPesado=&amp;identificacionRapida=&amp;nombreRapida=&amp;apellido1Rapida=&amp;apellido2Rapida=&amp;anyoRapida=&amp;numeroRapida=&amp;desdeRapida=&amp;hastaRapida=&amp;tramiteRapida=-1&amp;estadoRapida=-1&amp;idBusqueda=-1&amp;idClases=26&amp;metaTipo0=STRING&amp;metaTipo1=STRING&amp;metaTipo2=LISTA&amp;metaTipo3=STRING&amp;metaTipo4=LISTA_PESADA&amp;metaTipo5=STRING&amp;metaTipo6=LISTA&amp;metaTipo7=STRING&amp;metaTipo8=STRING&amp;metaTipo9=STRING&amp;metaTipo10=STRING&amp;metaTipo11=STRING&amp;metaTipo12=STRING&amp;metaTipo13=LISTA&amp;metaTipo14=STRING&amp;metaTipo15=TIMESTAMP&amp;metaTipo16=TIMESTAMP&amp;metaTipo17=TIMESTAMP&amp;metaTipo18=LISTA&amp;metaTipo19=LISTA_PESADA&amp;metaTipo20=STRING&amp;metaTipo21=STRING&amp;metaTipo22=STRING&amp;metaTipo23=STRING&amp;metaTipo24=STRING&amp;metaTipo25=LISTA_PESADA&amp;metaTipo26=LISTA&amp;metaTipo27=STRING&amp;metaTipo28=LISTA&amp;metaTipo29=STRING&amp;metaTipo30=STRING&amp;metaTipo31=INTEGER&amp;metaTipo32=STRING&amp;metaTipo33=STRING&amp;metaTipo34=STRING&amp;metaTipo35=LISTA&amp;metaTipo36=LISTA&amp;metaTipo37=LISTA&amp;metaTipo38=STRING&amp;metaTipo39=SEPARADOR&amp;metaTipo40=BOOLEAN&amp;metaTipo41=STRING&amp;metaTipo42=STRING&amp;metaTipo43=STRING&amp;metaTipo44=LISTA&amp;metaTipo45=BOOLEAN&amp;metaTipo46=BOOLEAN&amp;metaTipo47=BOOLEAN&amp;metaTipo48=STRING&amp;metaTipo49=TIMESTAMP&amp;metaTipo50=TIMESTAMP&amp;metaTipo51=TIMESTAMP&amp;metaTipo52=TIMESTAMP&amp;metaTipo53=TIMESTAMP&amp;metaTipo54=TIMESTAMP&amp;metaTipo55=TIMESTAMP&amp;metaTipo56=TIMESTAMP&amp;metaTipo57=TIMESTAMP&amp;metaTipo58=TIMESTAMP&amp;metaTipo59=TIMESTAMP&amp;metaTipo60=TIMESTAMP&amp;metaTipo61=TIMESTAMP&amp;metaTipo62=TIMESTAMP&amp;metaTipo63=TIMESTAMP&amp;metaTipo64=LISTA&amp;metaTipo65=LISTA&amp;metaTipo66=LISTA&amp;metaTipo67=DOUBLE&amp;metaTipo68=DOUBLE&amp;metaTipo69=DOUBLE&amp;metaTipo70=DOUBLE&amp;metaTipo71=DOUBLE&amp;metaTipo72=DOUBLE&amp;metaTipo73=DOUBLE&amp;metaTipo74=BOOLEAN&amp;metaTipo75=LISTA&amp;metaTipo76=STRING&amp;metaTipo77=STRING&amp;metaTipo78=STRING&amp;metaTipo79=STRING&amp;metaTipo80=STRING&amp;metaTipo81=STRING&amp;metaTipo82=STRING&amp;metaTipo83=BOOLEAN&amp;metaTipo84=BOOLEAN&amp;metaTipo85=STRING&amp;metaTipo86=LISTA&amp;metaTipo87=LISTA&amp;metaTipo88=LISTA_PESADA&amp;metaTipo89=LISTA&amp;metaTipo90=LISTA&amp;metaTipo91=STRING&amp;metaTipo92=LISTA&amp;metaTipo93=STRING&amp;metaTipo94=STRING&amp;metaTipo95=LISTA&amp;metaTipo96=LISTA&amp;metaTipo97=LISTA&amp;metaTipo98=BOOLEAN&amp;metaTipo99=LISTA&amp;metaTipo100=BOOLEAN&amp;metaTipo101=LISTA&amp;metaTipo102=LISTA&amp;metaTipo103=BOOLEAN&amp;metaTipo104=BOOLEAN&amp;metaTipo105=LISTA&amp;metaTipo106=LISTA&amp;metaTipo107=LISTA&amp;metaTipo108=LISTA&amp;metaTipo109=LISTA&amp;metaTipo110=STRING&amp;metaTipo111=LISTA&amp;valor=&amp;valorPesado=&amp;lista37=-1&amp;lista36=-1&amp;lista35=-1&amp;lista99=-1&amp;lista109=-1&amp;lista66=-1&amp;lista98=-1&amp;lista108=-1&amp;lista65=-1&amp;lista97=-1&amp;lista107=-1&amp;lista64=-1&amp;lista96=-1&amp;lista106=-1&amp;lista95=-1&amp;lista105=-1&amp;lista104=-1&amp;lista92=-1&amp;lista103=-1&amp;lista102=-1&amp;lista90=-1&amp;lista101=-1&amp;lista100=-1&amp;lista28=-1&amp;lista26=-1&amp;lista89=-1&amp;lista87=-1&amp;lista86=-1&amp;lista6=-1&amp;lista84=-1&amp;lista83=-1&amp;lista2=-1&amp;lista18=-1&amp;lista47=-1&amp;lista46=-1&amp;lista13=-1&amp;lista45=-1&amp;lista44=-1&amp;lista75=-1&amp;lista74=-1&amp;lista40=-1&amp;lista111=-1</queryString>
  <url>https://preproduccion.sge:443/gepa/BusquedaAction.do</url>
</httpSample>
<httpSample t="203" lt="0" ts="1298631769903" s="true" lb="/gepa/scripts/scriptaculous/scriptaculous.js" rc="200" by="5068">
  <responseHeader class="java.lang.String">HTTP/1.0 200 OK
Date: Fri, 25 Feb 2011 11:02:49 GMT
Server: Oracle-Application-Server-10g/10.1.2.2.0 Oracle-HTTP-Server
Content-Length: 5068
Set-Cookie: JSESSIONID=ca9cb8771debfc7292780a8bbb4e5fcd407ed185edfad647aaa1afe50a6d5d34.e3eSbhiLaNyPe3yNbNyQc3qSai1BqBjKpPXxqAa; path=/login
Content-Type: text/html; charset=ISO-8859-1
</responseHeader>
  <requestHeader class="java.lang.String">Accept-Language: es-ES
Accept: */*
User-Agent: Mozilla/4.0 (compatible; MSIE 7.0; Windows NT 6.1; Trident/4.0; SLCC2; .NET CLR 2.0.50727; .NET CLR 3.5.30729; .NET CLR 3.0.30729; Media Center PC 6.0; MDDS; .NET4.0C)
Accept-Encoding: gzip, deflate
Referer: http://picasso:8888/gepa/BusquedaAction.do
</requestHeader>
  <cookies class="java.lang.String"></cookies>
  <method class="java.lang.String">GET</method>
  <queryString class="java.lang.String"></queryString>
  <redirectLocation class="java.lang.String">https://login-pre.sge/pls/orasso/orasso.wwsso_app_admin.ls_login?Site2pstoreToken=v1.4~CEF0A91F~F6DEE5E851BD17CA517020AE66B8382B927F5F697DB716413C6E369CB4156FFCD4A9A8A711F9D66ED597C0CBD62497F5C21D648637E0C7009522B6325F81EED0E1D71220876F386D2AD90260DC4844FC5BF0D5734C3CFFC0CCA555DEF8D7587DBF2F439C38156AC580A1E41A3FF95CE6DCA789B1110994B0591EBC88A00D9600959307BAEE00F2924DC7305CB8070C2E7B7136383185B100E428EC059FD97577BF1A3765F61B02E89674E1A20763CF1086993B032B9EDF360E49B009FFF0C8BB2ACF42D9E6710106802F1E646D36BC073D39B27AA90FAF98C80664ECBC8DA70D9BD59DE372E71AD8CDB85B6F5C6B4AFA11D06CD1B57731F481E0201BC8DA1ACA3192648C19B4D1F7E68A4FB80465FB87</redirectLocation>
  <url>https://preproduccion.sge/login/login.jsp?site2pstoretoken=v1.4~CEF0A91F~F6DEE5E851BD17CA517020AE66B8382B927F5F697DB716413C6E369CB4156FFCD4A9A8A711F9D66ED597C0CBD62497F5C21D648637E0C7009522B6325F81EED0E1D71220876F386D2AD90260DC4844FC5BF0D5734C3CFFC0CCA555DEF8D7587DBF2F439C38156AC580A1E41A3FF95CE6DCA789B1110994B0591EBC88A00D9600959307BAEE00F2924DC7305CB8070C2E7B7136383185B100E428EC059FD97577BF1A3765F61B02E89674E1A20763CF1086993B032B9EDF360E49B009FFF0C8BB2ACF42D9E6710106802F1E646D36BC073D39B27AA90FAF98C80664ECBC8DA70D9BD59DE372E71AD8CDB85B6F5C6B4AFA11D06CD1B57731F481E0201BC8DA1ACA3192648C19B4D1F7E68A4FB80465FB87&amp;p_error_code=&amp;p_submit_url=https%3A%2F%2Flogin-pre.sge%2Fsso%2Fauth&amp;p_cancel_url=https%3A%2F%2Fpreproduccion.sge&amp;ssousername=&amp;subscribername=</url>
</httpSample>
<httpSample t="187" lt="0" ts="1298631770106" s="true" lb="/gepa/ResultadoBusquedaAction.do" rc="200" by="5004">
  <responseHeader class="java.lang.String">HTTP/1.0 200 OK
Date: Fri, 25 Feb 2011 11:02:50 GMT
Server: Oracle-Application-Server-10g/10.1.2.2.0 Oracle-HTTP-Server
Content-Length: 5004
Set-Cookie: JSESSIONID=7c690fa5bdaa1d9c03fc7f0a43d8357c5b3b80a8f9d2a541ed1a997081c393d0.e38Ob3aOaheRe34Mb3qSax0Pahz0nR9Pq6XteP93; path=/login
Content-Type: text/html; charset=ISO-8859-1
</responseHeader>
  <requestHeader class="java.lang.String">Accept-Language: es-ES
Accept: image/jpeg, application/x-ms-application, image/gif, application/xaml+xml, image/pjpeg, application/x-ms-xbap, application/vnd.ms-powerpoint, application/vnd.ms-excel, application/msword, */*
User-Agent: Mozilla/4.0 (compatible; MSIE 7.0; Windows NT 6.1; Trident/4.0; SLCC2; .NET CLR 2.0.50727; .NET CLR 3.5.30729; .NET CLR 3.0.30729; Media Center PC 6.0; MDDS; .NET4.0C)
Accept-Encoding: gzip, deflate
Referer: http://picasso:8888/gepa/BusquedaAction.do
</requestHeader>
  <cookies class="java.lang.String"></cookies>
  <method class="java.lang.String">GET</method>
  <queryString class="java.lang.String"></queryString>
  <redirectLocation class="java.lang.String">https://login-pre.sge/pls/orasso/orasso.wwsso_app_admin.ls_login?Site2pstoreToken=v1.4~CEF0A91F~28401674AD6BFF8E99005B816EE873CEF84BEE74384ACF663B246296909E2732F66AF8943BA5EFD17FB01DD1020FE4196BAC2E3CE45946C98A214444FDAB39A1DD2DE1E0FBC51A3FEBE2C25A135D081975F2B7BB394A24F08695C81C399FEA22E0D1E650CAAF7D66B4BABC9E400408A47A635D7947FBC3FF69BF983607F1570D03E24E8BCADEDE2AA43C2306728DE78992370032ECB3B55CC6D49990A0A1F086CA6565787EB8DD54D2A00007B5D4BC39952A5BD6C924768DA96992B7A1686D85F649DD8F7A74D4EE82428ACA391E523A2DC38A487B99041EF2CC017BE0F55C44FD0842A732A21A3FAEE4FB105C77E52A37A6B867228D8A9019DF7AAAEB400C4A</redirectLocation>
  <url>https://preproduccion.sge/login/login.jsp?site2pstoretoken=v1.4~CEF0A91F~28401674AD6BFF8E99005B816EE873CEF84BEE74384ACF663B246296909E2732F66AF8943BA5EFD17FB01DD1020FE4196BAC2E3CE45946C98A214444FDAB39A1DD2DE1E0FBC51A3FEBE2C25A135D081975F2B7BB394A24F08695C81C399FEA22E0D1E650CAAF7D66B4BABC9E400408A47A635D7947FBC3FF69BF983607F1570D03E24E8BCADEDE2AA43C2306728DE78992370032ECB3B55CC6D49990A0A1F086CA6565787EB8DD54D2A00007B5D4BC39952A5BD6C924768DA96992B7A1686D85F649DD8F7A74D4EE82428ACA391E523A2DC38A487B99041EF2CC017BE0F55C44FD0842A732A21A3FAEE4FB105C77E52A37A6B867228D8A9019DF7AAAEB400C4A&amp;p_error_code=&amp;p_submit_url=https%3A%2F%2Flogin-pre.sge%2Fsso%2Fauth&amp;p_cancel_url=https%3A%2F%2Fpreproduccion.sge&amp;ssousername=&amp;subscribername=</url>
</httpSample>
<httpSample t="172" lt="0" ts="1298631770309" s="true" lb="/gepa/scripts/scriptaculous/scriptaculous.js" rc="200" by="5068">
  <responseHeader class="java.lang.String">HTTP/1.0 200 OK
Date: Fri, 25 Feb 2011 11:02:50 GMT
Server: Oracle-Application-Server-10g/10.1.2.2.0 Oracle-HTTP-Server
Content-Length: 5068
Set-Cookie: JSESSIONID=acd63e313095ed011f6160a3894760ff1ee436bf58604547dbbaf71208cedcf9.e3eSbhiLaNyPe3yNbNyQc3qSai1BqBjKpPXxqAa; path=/login
Content-Type: text/html; charset=ISO-8859-1
</responseHeader>
  <requestHeader class="java.lang.String">Accept-Language: es-ES
Accept: */*
User-Agent: Mozilla/4.0 (compatible; MSIE 7.0; Windows NT 6.1; Trident/4.0; SLCC2; .NET CLR 2.0.50727; .NET CLR 3.5.30729; .NET CLR 3.0.30729; Media Center PC 6.0; MDDS; .NET4.0C)
Accept-Encoding: gzip, deflate
Referer: http://picasso:8888/gepa/ResultadoBusquedaAction.do?accion=gestionExp&amp;indice=0
</requestHeader>
  <cookies class="java.lang.String"></cookies>
  <method class="java.lang.String">GET</method>
  <queryString class="java.lang.String"></queryString>
  <redirectLocation class="java.lang.String">https://login-pre.sge/pls/orasso/orasso.wwsso_app_admin.ls_login?Site2pstoreToken=v1.4~CEF0A91F~28401674AD6BFF8E99005B816EE873CEF84BEE74384ACF663B246296909E2732F66AF8943BA5EFD17FB01DD1020FE4196BAC2E3CE45946C98A214444FDAB39A1DD2DE1E0FBC51A3FEBE2C25A135D081975F2B7BB394A24F08695C81C399FEA225DD8C42E36A852223AA12EFCFBC2341CE0430DEA4227DBA78272D452233A3CEFFCC7F833BC0182F97F83CE25DB4A122C5A3EA3FCB1B99C198D40274105B7035844FFC6D8D9F045738F1B0047E7515A71B6EB718C0999580B467DAF7C59D9C6A5714170FF161E627F88919F39220059EF542B6B9F07E98A13ECD70A0010FF96120643F9F0FD64C7F6FBAC3C6E7ACC81759B728D864A41884AFAFCE44B9C7E261E45BD6AC7B19068BE6B1757528AE0489C</redirectLocation>
  <url>https://preproduccion.sge/login/login.jsp?site2pstoretoken=v1.4~CEF0A91F~28401674AD6BFF8E99005B816EE873CEF84BEE74384ACF663B246296909E2732F66AF8943BA5EFD17FB01DD1020FE4196BAC2E3CE45946C98A214444FDAB39A1DD2DE1E0FBC51A3FEBE2C25A135D081975F2B7BB394A24F08695C81C399FEA225DD8C42E36A852223AA12EFCFBC2341CE0430DEA4227DBA78272D452233A3CEFFCC7F833BC0182F97F83CE25DB4A122C5A3EA3FCB1B99C198D40274105B7035844FFC6D8D9F045738F1B0047E7515A71B6EB718C0999580B467DAF7C59D9C6A5714170FF161E627F88919F39220059EF542B6B9F07E98A13ECD70A0010FF96120643F9F0FD64C7F6FBAC3C6E7ACC81759B728D864A41884AFAFCE44B9C7E261E45BD6AC7B19068BE6B1757528AE0489C&amp;p_error_code=&amp;p_submit_url=https%3A%2F%2Flogin-pre.sge%2Fsso%2Fauth&amp;p_cancel_url=https%3A%2F%2Fpreproduccion.sge&amp;ssousername=&amp;subscribername=</url>
</httpSample>
<httpSample t="187" lt="0" ts="1298631770481" s="true" lb="/gepa/ConexionAction.do" rc="200" by="5420">
  <responseHeader class="java.lang.String">HTTP/1.0 200 OK
Date: Fri, 25 Feb 2011 11:02:50 GMT
Server: Oracle-Application-Server-10g/10.1.2.2.0 Oracle-HTTP-Server
Content-Length: 5420
Set-Cookie: JSESSIONID=9fa4745fc6968b3e88ed493946c6541c748634d873a19d636ba31869780ba6e7.e38Ob3aOaheRe34Mb3qSax0Pahz0nR9Pq6XteP93; path=/login
Content-Type: text/html; charset=ISO-8859-1
</responseHeader>
  <requestHeader class="java.lang.String">Accept-Language: es
Accept: */*
User-Agent: Mozilla/4.0 (compatible; MSIE 7.0; Windows NT 6.1; Trident/4.0; SLCC2; .NET CLR 2.0.50727; .NET CLR 3.5.30729; .NET CLR 3.0.30729; Media Center PC 6.0; MDDS; .NET4.0C)
Accept-Encoding: gzip, deflate
</requestHeader>
  <cookies class="java.lang.String"></cookies>
  <method class="java.lang.String">GET</method>
  <queryString class="java.lang.String"></queryString>
  <redirectLocation class="java.lang.String">https://login-pre.sge/pls/orasso/orasso.wwsso_app_admin.ls_login?Site2pstoreToken=v1.4~CEF0A91F~28401674AD6BFF8E99005B816EE873CEF84BEE74384ACF663B246296909E2732F66AF8943BA5EFD17FB01DD1020FE4196BAC2E3CE45946C98A214444FDAB39A1DD2DE1E0FBC51A3FEBE2C25A135D081975F2B7BB394A24F08695C81C399FEA2266B41D92AF0339A975B13C7D6CC9A5B1916165143EB96580FE86ADB0C07D1605F4254152A862D706DAD154A6C84068BF091DC65C58FCE98AB4C1ED9169B17A604B92F0BFA1667467633BA7E2AD9322FEA0E02A18A2302C313D93D9D5A75904E6425AC083C5662D8E53BA02D8D4EBC681E786E576B79E0891577679C39A8AB91D807C4E0ED630D3BB69DAAFC6032F44EA985B5EB82D0E7512834D189A94EDED0E284FEA2FFD5E141F3232AC65978A8B5856FA9A6BDF5AF8DF928F9AC1EDBE9D29A04617C87C02FA1F2CDD08D5BC1C5EF87D7D30CCC6C049259E279E55CBF11616612A10C779FDB0ED4EEF6B677755E52AC33A186369FD7D93CEBD2BBE339341555312C880AF14AAA8</redirectLocation>
  <url>https://preproduccion.sge/login/login.jsp?site2pstoretoken=v1.4~CEF0A91F~28401674AD6BFF8E99005B816EE873CEF84BEE74384ACF663B246296909E2732F66AF8943BA5EFD17FB01DD1020FE4196BAC2E3CE45946C98A214444FDAB39A1DD2DE1E0FBC51A3FEBE2C25A135D081975F2B7BB394A24F08695C81C399FEA2266B41D92AF0339A975B13C7D6CC9A5B1916165143EB96580FE86ADB0C07D1605F4254152A862D706DAD154A6C84068BF091DC65C58FCE98AB4C1ED9169B17A604B92F0BFA1667467633BA7E2AD9322FEA0E02A18A2302C313D93D9D5A75904E6425AC083C5662D8E53BA02D8D4EBC681E786E576B79E0891577679C39A8AB91D807C4E0ED630D3BB69DAAFC6032F44EA985B5EB82D0E7512834D189A94EDED0E284FEA2FFD5E141F3232AC65978A8B5856FA9A6BDF5AF8DF928F9AC1EDBE9D29A04617C87C02FA1F2CDD08D5BC1C5EF87D7D30CCC6C049259E279E55CBF11616612A10C779FDB0ED4EEF6B677755E52AC33A186369FD7D93CEBD2BBE339341555312C880AF14AAA8&amp;p_error_code=&amp;p_submit_url=https%3A%2F%2Flogin-pre.sge%2Fsso%2Fauth&amp;p_cancel_url=https%3A%2F%2Fpreproduccion.sge&amp;ssousername=&amp;subscribername=</url>
</httpSample>
<httpSample t="235" lt="0" ts="1298631770668" s="true" lb="/gepa/scripts/scriptaculous/scriptaculous.js" rc="200" by="5068">
  <responseHeader class="java.lang.String">HTTP/1.0 200 OK
Date: Fri, 25 Feb 2011 11:02:50 GMT
Server: Oracle-Application-Server-10g/10.1.2.2.0 Oracle-HTTP-Server
Content-Length: 5068
Set-Cookie: JSESSIONID=a9cb7b500d1cca49859f2c26a9687e88aabda98745bfc9e2c1281e80535cb1a0.e3eSbhiLaNyPe3yNbNyQc3qSai1BqBjKpPXxqAa; path=/login
Content-Type: text/html; charset=ISO-8859-1
</responseHeader>
  <requestHeader class="java.lang.String">Accept-Language: es-ES
Accept: */*
User-Agent: Mozilla/4.0 (compatible; MSIE 7.0; Windows NT 6.1; Trident/4.0; SLCC2; .NET CLR 2.0.50727; .NET CLR 3.5.30729; .NET CLR 3.0.30729; Media Center PC 6.0; MDDS; .NET4.0C)
Accept-Encoding: gzip, deflate
Referer: http://picasso:8888/gepa/ConexionAction.do?POSTDATA=variosPerfiles=true&amp;accion=iniciar&amp;codigoEntidad=DYS&amp;codigo=jcnegredo&amp;contrasenya=dysmatica&amp;rolSeleccionado=25
</requestHeader>
  <cookies class="java.lang.String"></cookies>
  <method class="java.lang.String">GET</method>
  <queryString class="java.lang.String"></queryString>
  <redirectLocation class="java.lang.String">https://login-pre.sge/pls/orasso/orasso.wwsso_app_admin.ls_login?Site2pstoreToken=v1.4~CEF0A91F~28401674AD6BFF8E99005B816EE873CEF84BEE74384ACF663B246296909E2732F66AF8943BA5EFD17FB01DD1020FE4196BAC2E3CE45946C98A214444FDAB39A1DD2DE1E0FBC51A3FEBE2C25A135D081975F2B7BB394A24F08695C81C399FEA225DD8C42E36A852223AA12EFCFBC2341CE0430DEA4227DBA78272D452233A3CEFFCC7F833BC0182F97F83CE25DB4A122C5A3EA3FCB1B99C198D40274105B7035844FFC6D8D9F045738F1B0047E7515A71B6EB718C0999580B467DAF7C59D9C6A5714170FF161E627F88919F39220059EF542B6B9F07E98A13ECD70A0010FF96120643F9F0FD64C7F6FBAC3C6E7ACC81759B728D864A41884AFAFCE44B9C7E261E45BD6AC7B19068BE6B1757528AE0489C</redirectLocation>
  <url>https://preproduccion.sge/login/login.jsp?site2pstoretoken=v1.4~CEF0A91F~28401674AD6BFF8E99005B816EE873CEF84BEE74384ACF663B246296909E2732F66AF8943BA5EFD17FB01DD1020FE4196BAC2E3CE45946C98A214444FDAB39A1DD2DE1E0FBC51A3FEBE2C25A135D081975F2B7BB394A24F08695C81C399FEA225DD8C42E36A852223AA12EFCFBC2341CE0430DEA4227DBA78272D452233A3CEFFCC7F833BC0182F97F83CE25DB4A122C5A3EA3FCB1B99C198D40274105B7035844FFC6D8D9F045738F1B0047E7515A71B6EB718C0999580B467DAF7C59D9C6A5714170FF161E627F88919F39220059EF542B6B9F07E98A13ECD70A0010FF96120643F9F0FD64C7F6FBAC3C6E7ACC81759B728D864A41884AFAFCE44B9C7E261E45BD6AC7B19068BE6B1757528AE0489C&amp;p_error_code=&amp;p_submit_url=https%3A%2F%2Flogin-pre.sge%2Fsso%2Fauth&amp;p_cancel_url=https%3A%2F%2Fpreproduccion.sge&amp;ssousername=&amp;subscribername=</url>
</httpSample>
<httpSample t="15" lt="15" ts="1298631770903" s="false" lb="/gepa/ConexionAction.do;jsessionid=eb634fe5b58b0bcb96508261e275709f9c8e236e3e15aeb347f0741aac2dda55" rc="500" by="778">
  <responseHeader class="java.lang.String">HTTP/1.0 500 Internal Server Error
Date: Fri, 25 Feb 2011 11:02:50 GMT
Server: Oracle-Application-Server-10g/10.1.2.2.0 Oracle-HTTP-Server
Content-Type: text/html; charset=iso-8859-1
</responseHeader>
  <requestHeader class="java.lang.String">Content-Type: application/x-www-form-urlencoded
Accept-Language: es-ES
Accept: image/jpeg, application/x-ms-application, image/gif, application/xaml+xml, image/pjpeg, application/x-ms-xbap, application/vnd.ms-powerpoint, application/vnd.ms-excel, application/msword, */*
User-Agent: Mozilla/4.0 (compatible; MSIE 7.0; Windows NT 6.1; Trident/4.0; SLCC2; .NET CLR 2.0.50727; .NET CLR 3.5.30729; .NET CLR 3.0.30729; Media Center PC 6.0; MDDS; .NET4.0C)
Accept-Encoding: gzip, deflate
Referer: http://picasso:8888/gepa/ConexionAction.do?POSTDATA=variosPerfiles=true&amp;accion=iniciar&amp;codigoEntidad=DYS&amp;codigo=jcnegredo&amp;contrasenya=dysmatica&amp;rolSeleccionado=25
Pragma: no-cache
</requestHeader>
  <cookies class="java.lang.String"></cookies>
  <method class="java.lang.String">POST</method>
  <queryString class="java.lang.String">variosPerfiles=true&amp;accion=seleccionarPerfil&amp;codigoEntidad=DYS&amp;rolSeleccionado=25</queryString>
  <url>https://preproduccion.sge:443/gepa/ConexionAction.do;jsessionid=eb634fe5b58b0bcb96508261e275709f9c8e236e3e15aeb347f0741aac2dda55</url>
</httpSample>
<httpSample t="204" lt="0" ts="1298631770918" s="true" lb="/gepa/scripts/scriptaculous/scriptaculous.js" rc="200" by="5068">
  <responseHeader class="java.lang.String">HTTP/1.0 200 OK
Date: Fri, 25 Feb 2011 11:02:51 GMT
Server: Oracle-Application-Server-10g/10.1.2.2.0 Oracle-HTTP-Server
Content-Length: 5068
Set-Cookie: JSESSIONID=723507b84dbc888b662b0b1169c4225afcee6c3d18fd9e53a6b5c013fc2bf872.e38Ob3aOaheRe34Mb3qSax0Pahz0nR9Pq6XteP93; path=/login
Content-Type: text/html; charset=ISO-8859-1
</responseHeader>
  <requestHeader class="java.lang.String">Accept-Language: es-ES
Accept: */*
User-Agent: Mozilla/4.0 (compatible; MSIE 7.0; Windows NT 6.1; Trident/4.0; SLCC2; .NET CLR 2.0.50727; .NET CLR 3.5.30729; .NET CLR 3.0.30729; Media Center PC 6.0; MDDS; .NET4.0C)
Accept-Encoding: gzip, deflate
Referer: http://picasso:8888/gepa/ConexionAction.do;jsessionid=eb634fe5b58b0bcb96508261e275709f9c8e236e3e15aeb347f0741aac2dda55
</requestHeader>
  <cookies class="java.lang.String"></cookies>
  <method class="java.lang.String">GET</method>
  <queryString class="java.lang.String"></queryString>
  <redirectLocation class="java.lang.String">https://login-pre.sge/pls/orasso/orasso.wwsso_app_admin.ls_login?Site2pstoreToken=v1.4~CEF0A91F~28401674AD6BFF8E99005B816EE873CEF84BEE74384ACF663B246296909E2732F66AF8943BA5EFD17FB01DD1020FE4196BAC2E3CE45946C98A214444FDAB39A1DD2DE1E0FBC51A3FEBE2C25A135D081975F2B7BB394A24F08695C81C399FEA225DD8C42E36A852223AA12EFCFBC2341CE0430DEA4227DBA78272D452233A3CEFFCC7F833BC0182F97F83CE25DB4A122C5A3EA3FCB1B99C198D40274105B7035844FFC6D8D9F045738F1B0047E7515A71B6EB718C0999580B467DAF7C59D9C6A5714170FF161E627F88919F39220059EF542B6B9F07E98A13ECD70A0010FF96120643F9F0FD64C7F6FBAC3C6E7ACC81759B728D864A41884AFAFCE44B9C7E261E45BD6AC7B19068BE6B1757528AE0489C</redirectLocation>
  <url>https://preproduccion.sge/login/login.jsp?site2pstoretoken=v1.4~CEF0A91F~28401674AD6BFF8E99005B816EE873CEF84BEE74384ACF663B246296909E2732F66AF8943BA5EFD17FB01DD1020FE4196BAC2E3CE45946C98A214444FDAB39A1DD2DE1E0FBC51A3FEBE2C25A135D081975F2B7BB394A24F08695C81C399FEA225DD8C42E36A852223AA12EFCFBC2341CE0430DEA4227DBA78272D452233A3CEFFCC7F833BC0182F97F83CE25DB4A122C5A3EA3FCB1B99C198D40274105B7035844FFC6D8D9F045738F1B0047E7515A71B6EB718C0999580B467DAF7C59D9C6A5714170FF161E627F88919F39220059EF542B6B9F07E98A13ECD70A0010FF96120643F9F0FD64C7F6FBAC3C6E7ACC81759B728D864A41884AFAFCE44B9C7E261E45BD6AC7B19068BE6B1757528AE0489C&amp;p_error_code=&amp;p_submit_url=https%3A%2F%2Flogin-pre.sge%2Fsso%2Fauth&amp;p_cancel_url=https%3A%2F%2Fpreproduccion.sge&amp;ssousername=&amp;subscribername=</url>
</httpSample>
<httpSample t="15" lt="15" ts="1298631771122" s="false" lb="/gepa/BusquedaAction.do" rc="500" by="778">
  <responseHeader class="java.lang.String">HTTP/1.0 500 Internal Server Error
Date: Fri, 25 Feb 2011 11:02:51 GMT
Server: Oracle-Application-Server-10g/10.1.2.2.0 Oracle-HTTP-Server
Content-Type: text/html; charset=iso-8859-1
</responseHeader>
  <requestHeader class="java.lang.String">Content-Type: application/x-www-form-urlencoded
Accept-Language: es-ES
Accept: image/jpeg, application/x-ms-application, image/gif, application/xaml+xml, image/pjpeg, application/x-ms-xbap, application/vnd.ms-powerpoint, application/vnd.ms-excel, application/msword, */*
User-Agent: Mozilla/4.0 (compatible; MSIE 7.0; Windows NT 6.1; Trident/4.0; SLCC2; .NET CLR 2.0.50727; .NET CLR 3.5.30729; .NET CLR 3.0.30729; Media Center PC 6.0; MDDS; .NET4.0C)
Accept-Encoding: gzip, deflate
Referer: http://picasso:8888/gepa/ConexionAction.do;jsessionid=eb634fe5b58b0bcb96508261e275709f9c8e236e3e15aeb347f0741aac2dda55
Pragma: no-cache
</requestHeader>
  <cookies class="java.lang.String"></cookies>
  <method class="java.lang.String">POST</method>
  <queryString class="java.lang.String">accion=buscar&amp;modo=rapida&amp;avanzadaDesplegada=false&amp;descElemPesado=&amp;identificacionRapida=&amp;nombreRapida=&amp;apellido1Rapida=&amp;apellido2Rapida=&amp;anyoRapida=&amp;numeroRapida=&amp;desdeRapida=&amp;hastaRapida=&amp;tramiteRapida=-1&amp;estadoRapida=-1&amp;idBusqueda=-1&amp;idClases=26&amp;metaTipo0=STRING&amp;metaTipo1=STRING&amp;metaTipo2=LISTA&amp;metaTipo3=STRING&amp;metaTipo4=LISTA_PESADA&amp;metaTipo5=STRING&amp;metaTipo6=LISTA&amp;metaTipo7=STRING&amp;metaTipo8=STRING&amp;metaTipo9=STRING&amp;metaTipo10=STRING&amp;metaTipo11=STRING&amp;metaTipo12=STRING&amp;metaTipo13=LISTA&amp;metaTipo14=STRING&amp;metaTipo15=TIMESTAMP&amp;metaTipo16=TIMESTAMP&amp;metaTipo17=TIMESTAMP&amp;metaTipo18=LISTA&amp;metaTipo19=LISTA_PESADA&amp;metaTipo20=STRING&amp;metaTipo21=STRING&amp;metaTipo22=STRING&amp;metaTipo23=STRING&amp;metaTipo24=STRING&amp;metaTipo25=LISTA_PESADA&amp;metaTipo26=LISTA&amp;metaTipo27=STRING&amp;metaTipo28=LISTA&amp;metaTipo29=STRING&amp;metaTipo30=STRING&amp;metaTipo31=INTEGER&amp;metaTipo32=STRING&amp;metaTipo33=STRING&amp;metaTipo34=STRING&amp;metaTipo35=LISTA&amp;metaTipo36=LISTA&amp;metaTipo37=LISTA&amp;metaTipo38=STRING&amp;metaTipo39=SEPARADOR&amp;metaTipo40=BOOLEAN&amp;metaTipo41=STRING&amp;metaTipo42=STRING&amp;metaTipo43=STRING&amp;metaTipo44=LISTA&amp;metaTipo45=BOOLEAN&amp;metaTipo46=BOOLEAN&amp;metaTipo47=BOOLEAN&amp;metaTipo48=STRING&amp;metaTipo49=TIMESTAMP&amp;metaTipo50=TIMESTAMP&amp;metaTipo51=TIMESTAMP&amp;metaTipo52=TIMESTAMP&amp;metaTipo53=TIMESTAMP&amp;metaTipo54=TIMESTAMP&amp;metaTipo55=TIMESTAMP&amp;metaTipo56=TIMESTAMP&amp;metaTipo57=TIMESTAMP&amp;metaTipo58=TIMESTAMP&amp;metaTipo59=TIMESTAMP&amp;metaTipo60=TIMESTAMP&amp;metaTipo61=TIMESTAMP&amp;metaTipo62=TIMESTAMP&amp;metaTipo63=TIMESTAMP&amp;metaTipo64=LISTA&amp;metaTipo65=LISTA&amp;metaTipo66=LISTA&amp;metaTipo67=DOUBLE&amp;metaTipo68=DOUBLE&amp;metaTipo69=DOUBLE&amp;metaTipo70=DOUBLE&amp;metaTipo71=DOUBLE&amp;metaTipo72=DOUBLE&amp;metaTipo73=DOUBLE&amp;metaTipo74=BOOLEAN&amp;metaTipo75=LISTA&amp;metaTipo76=STRING&amp;metaTipo77=STRING&amp;metaTipo78=STRING&amp;metaTipo79=STRING&amp;metaTipo80=STRING&amp;metaTipo81=STRING&amp;metaTipo82=STRING&amp;metaTipo83=BOOLEAN&amp;metaTipo84=BOOLEAN&amp;metaTipo85=STRING&amp;metaTipo86=LISTA&amp;metaTipo87=LISTA&amp;metaTipo88=LISTA_PESADA&amp;metaTipo89=LISTA&amp;metaTipo90=LISTA&amp;metaTipo91=STRING&amp;metaTipo92=LISTA&amp;metaTipo93=STRING&amp;metaTipo94=STRING&amp;metaTipo95=LISTA&amp;metaTipo96=LISTA&amp;metaTipo97=LISTA&amp;metaTipo98=BOOLEAN&amp;metaTipo99=LISTA&amp;metaTipo100=BOOLEAN&amp;metaTipo101=LISTA&amp;metaTipo102=LISTA&amp;metaTipo103=BOOLEAN&amp;metaTipo104=BOOLEAN&amp;metaTipo105=LISTA&amp;metaTipo106=LISTA&amp;metaTipo107=LISTA&amp;metaTipo108=LISTA&amp;metaTipo109=LISTA&amp;metaTipo110=STRING&amp;metaTipo111=LISTA&amp;valor=&amp;valorPesado=&amp;lista37=-1&amp;lista36=-1&amp;lista35=-1&amp;lista99=-1&amp;lista109=-1&amp;lista66=-1&amp;lista98=-1&amp;lista108=-1&amp;lista65=-1&amp;lista97=-1&amp;lista107=-1&amp;lista64=-1&amp;lista96=-1&amp;lista106=-1&amp;lista95=-1&amp;lista105=-1&amp;lista104=-1&amp;lista92=-1&amp;lista103=-1&amp;lista102=-1&amp;lista90=-1&amp;lista101=-1&amp;lista100=-1&amp;lista28=-1&amp;lista26=-1&amp;lista89=-1&amp;lista87=-1&amp;lista86=-1&amp;lista6=-1&amp;lista84=-1&amp;lista83=-1&amp;lista2=-1&amp;lista18=-1&amp;lista47=-1&amp;lista46=-1&amp;lista13=-1&amp;lista45=-1&amp;lista44=-1&amp;lista75=-1&amp;lista74=-1&amp;lista40=-1&amp;lista111=-1</queryString>
  <url>https://preproduccion.sge:443/gepa/BusquedaAction.do</url>
</httpSample>
<httpSample t="203" lt="0" ts="1298631771137" s="true" lb="/gepa/scripts/scriptaculous/scriptaculous.js" rc="200" by="5068">
  <responseHeader class="java.lang.String">HTTP/1.0 200 OK
Date: Fri, 25 Feb 2011 11:02:51 GMT
Server: Oracle-Application-Server-10g/10.1.2.2.0 Oracle-HTTP-Server
Content-Length: 5068
Set-Cookie: JSESSIONID=27b0785f8b16dd8b875cb81134409b2c1132392657f4817b16a28a85df2e970f.e38Ob3aOaheRe34Mb3qSax0Pahz0nR9Pq6XteP93; path=/login
Content-Type: text/html; charset=ISO-8859-1
</responseHeader>
  <requestHeader class="java.lang.String">Accept-Language: es-ES
Accept: */*
User-Agent: Mozilla/4.0 (compatible; MSIE 7.0; Windows NT 6.1; Trident/4.0; SLCC2; .NET CLR 2.0.50727; .NET CLR 3.5.30729; .NET CLR 3.0.30729; Media Center PC 6.0; MDDS; .NET4.0C)
Accept-Encoding: gzip, deflate
Referer: http://picasso:8888/gepa/BusquedaAction.do
</requestHeader>
  <cookies class="java.lang.String"></cookies>
  <method class="java.lang.String">GET</method>
  <queryString class="java.lang.String"></queryString>
  <redirectLocation class="java.lang.String">https://login-pre.sge/pls/orasso/orasso.wwsso_app_admin.ls_login?Site2pstoreToken=v1.4~CEF0A91F~7261E81ECB02B6979AAB002BF591017C3F345EE72319C269253BEB26B9FEDE245A7BCFCD67D4C0466FB820B27F99265B0736A8210E479D81291F6DF03176F02F5A83DFDCA48CE7D4A6CE0494DF53A32F1136E07F85B42FDF8D83AEEAE1B9DBA8C234FFBF7E184C056C1B355A977D3394C259B7831FB90D1DDDF37FBE441A46B7A3EBDA02B3DB4360BB6661C1B9468CC22BFEA2A08896CA0ACA3C75215AC2B523B548914AFA57627863993944C44384BA8952576FDF94462CDD75048BE392E6B5D1AE9A954457D628EE4366D0AD68EF078ACE14171854C7E97D76A14E05A5A97A5CA2B9D032AF2A0B4B4A00E5AEED1C76C8A4964B3ED5F5594CBD8E2ECC6C2A3CD54E2DE8702BBB5345B945D14D099A5F</redirectLocation>
  <url>https://preproduccion.sge/login/login.jsp?site2pstoretoken=v1.4~CEF0A91F~7261E81ECB02B6979AAB002BF591017C3F345EE72319C269253BEB26B9FEDE245A7BCFCD67D4C0466FB820B27F99265B0736A8210E479D81291F6DF03176F02F5A83DFDCA48CE7D4A6CE0494DF53A32F1136E07F85B42FDF8D83AEEAE1B9DBA8C234FFBF7E184C056C1B355A977D3394C259B7831FB90D1DDDF37FBE441A46B7A3EBDA02B3DB4360BB6661C1B9468CC22BFEA2A08896CA0ACA3C75215AC2B523B548914AFA57627863993944C44384BA8952576FDF94462CDD75048BE392E6B5D1AE9A954457D628EE4366D0AD68EF078ACE14171854C7E97D76A14E05A5A97A5CA2B9D032AF2A0B4B4A00E5AEED1C76C8A4964B3ED5F5594CBD8E2ECC6C2A3CD54E2DE8702BBB5345B945D14D099A5F&amp;p_error_code=&amp;p_submit_url=https%3A%2F%2Flogin-pre.sge%2Fsso%2Fauth&amp;p_cancel_url=https%3A%2F%2Fpreproduccion.sge&amp;ssousername=&amp;subscribername=</url>
</httpSample>
<httpSample t="188" lt="0" ts="1298631771340" s="true" lb="/gepa/ResultadoBusquedaAction.do" rc="200" by="4972">
  <responseHeader class="java.lang.String">HTTP/1.0 200 OK
Date: Fri, 25 Feb 2011 11:02:51 GMT
Server: Oracle-Application-Server-10g/10.1.2.2.0 Oracle-HTTP-Server
Content-Length: 4972
Set-Cookie: JSESSIONID=28551bae9546c803050795e11090e2545721baf71164262fd5bd5b83501a437c.e3eSbhiLaNyPe3yNbNyQc3qSai1BqBjKpPXxqAa; path=/login
Content-Type: text/html; charset=ISO-8859-1
</responseHeader>
  <requestHeader class="java.lang.String">Accept-Language: es-ES
Accept: image/jpeg, application/x-ms-application, image/gif, application/xaml+xml, image/pjpeg, application/x-ms-xbap, application/vnd.ms-powerpoint, application/vnd.ms-excel, application/msword, */*
User-Agent: Mozilla/4.0 (compatible; MSIE 7.0; Windows NT 6.1; Trident/4.0; SLCC2; .NET CLR 2.0.50727; .NET CLR 3.5.30729; .NET CLR 3.0.30729; Media Center PC 6.0; MDDS; .NET4.0C)
Accept-Encoding: gzip, deflate
Referer: http://picasso:8888/gepa/BusquedaAction.do
</requestHeader>
  <cookies class="java.lang.String"></cookies>
  <method class="java.lang.String">GET</method>
  <queryString class="java.lang.String"></queryString>
  <redirectLocation class="java.lang.String">https://login-pre.sge/pls/orasso/orasso.wwsso_app_admin.ls_login?Site2pstoreToken=v1.4~CEF0A91F~7261E81ECB02B6979AAB002BF591017C3F345EE72319C269253BEB26B9FEDE245A7BCFCD67D4C0466FB820B27F99265B0736A8210E479D81291F6DF03176F02F5A83DFDCA48CE7D4A6CE0494DF53A32F1136E07F85B42FDF8D83AEEAE1B9DBA8809C682ECABED57CF985E35BAEC0EEDFE02B68D7F616F04D88A7075505063304F5E188B7F6DBD66200568F8A0229C4684838DB86313F9914B45F8FABAC7D3BC1BE039915F0045F04D9C9B8B99AFB164E10C4D037D7A9B2CAB77730EC289E7ED9E7782E64362C0A545B0F498ED088EE0C5768ADFA45C29579743DD636E1E3C251959BEE0F45AC1991897F0865152FC696630139B56E66E5F8</redirectLocation>
  <url>https://preproduccion.sge/login/login.jsp?site2pstoretoken=v1.4~CEF0A91F~7261E81ECB02B6979AAB002BF591017C3F345EE72319C269253BEB26B9FEDE245A7BCFCD67D4C0466FB820B27F99265B0736A8210E479D81291F6DF03176F02F5A83DFDCA48CE7D4A6CE0494DF53A32F1136E07F85B42FDF8D83AEEAE1B9DBA8809C682ECABED57CF985E35BAEC0EEDFE02B68D7F616F04D88A7075505063304F5E188B7F6DBD66200568F8A0229C4684838DB86313F9914B45F8FABAC7D3BC1BE039915F0045F04D9C9B8B99AFB164E10C4D037D7A9B2CAB77730EC289E7ED9E7782E64362C0A545B0F498ED088EE0C5768ADFA45C29579743DD636E1E3C251959BEE0F45AC1991897F0865152FC696630139B56E66E5F8&amp;p_error_code=&amp;p_submit_url=https%3A%2F%2Flogin-pre.sge%2Fsso%2Fauth&amp;p_cancel_url=https%3A%2F%2Fpreproduccion.sge&amp;ssousername=&amp;subscribername=</url>
</httpSample>
<httpSample t="203" lt="0" ts="1298631771528" s="true" lb="/gepa/scripts/scriptaculous/scriptaculous.js" rc="200" by="5068">
  <responseHeader class="java.lang.String">HTTP/1.0 200 OK
Date: Fri, 25 Feb 2011 11:02:51 GMT
Server: Oracle-Application-Server-10g/10.1.2.2.0 Oracle-HTTP-Server
Content-Length: 5068
Set-Cookie: JSESSIONID=012a561933de7be72e273247e7678c1a2186a9d2aa7d3bcb978012c67ee945af.e38Ob3aOaheRe34Mb3qSax0Pahz0nR9Pq6XteP93; path=/login
Content-Type: text/html; charset=ISO-8859-1
</responseHeader>
  <requestHeader class="java.lang.String">Accept-Language: es-ES
Accept: */*
User-Agent: Mozilla/4.0 (compatible; MSIE 7.0; Windows NT 6.1; Trident/4.0; SLCC2; .NET CLR 2.0.50727; .NET CLR 3.5.30729; .NET CLR 3.0.30729; Media Center PC 6.0; MDDS; .NET4.0C)
Accept-Encoding: gzip, deflate
Referer: http://picasso:8888/gepa/ResultadoBusquedaAction.do?accion=gestionExp&amp;indice=0
</requestHeader>
  <cookies class="java.lang.String"></cookies>
  <method class="java.lang.String">GET</method>
  <queryString class="java.lang.String"></queryString>
  <redirectLocation class="java.lang.String">https://login-pre.sge/pls/orasso/orasso.wwsso_app_admin.ls_login?Site2pstoreToken=v1.4~CEF0A91F~7261E81ECB02B6979AAB002BF591017C3F345EE72319C269253BEB26B9FEDE245A7BCFCD67D4C0466FB820B27F99265B0736A8210E479D81291F6DF03176F02F5A83DFDCA48CE7D4A6CE0494DF53A32F1136E07F85B42FDF8D83AEEAE1B9DBA8C234FFBF7E184C056C1B355A977D3394C259B7831FB90D1DDDF37FBE441A46B7A3EBDA02B3DB4360BB6661C1B9468CC22BFEA2A08896CA0ACA3C75215AC2B523B548914AFA57627863993944C44384BA8952576FDF94462CDD75048BE392E6B5D1AE9A954457D628EE4366D0AD68EF078ACE14171854C7E97D76A14E05A5A97A5CA2B9D032AF2A0B4B4A00E5AEED1C76C8A4964B3ED5F5594CBD8E2ECC6C2A3CD54E2DE8702BBB5345B945D14D099A5F</redirectLocation>
  <url>https://preproduccion.sge/login/login.jsp?site2pstoretoken=v1.4~CEF0A91F~7261E81ECB02B6979AAB002BF591017C3F345EE72319C269253BEB26B9FEDE245A7BCFCD67D4C0466FB820B27F99265B0736A8210E479D81291F6DF03176F02F5A83DFDCA48CE7D4A6CE0494DF53A32F1136E07F85B42FDF8D83AEEAE1B9DBA8C234FFBF7E184C056C1B355A977D3394C259B7831FB90D1DDDF37FBE441A46B7A3EBDA02B3DB4360BB6661C1B9468CC22BFEA2A08896CA0ACA3C75215AC2B523B548914AFA57627863993944C44384BA8952576FDF94462CDD75048BE392E6B5D1AE9A954457D628EE4366D0AD68EF078ACE14171854C7E97D76A14E05A5A97A5CA2B9D032AF2A0B4B4A00E5AEED1C76C8A4964B3ED5F5594CBD8E2ECC6C2A3CD54E2DE8702BBB5345B945D14D099A5F&amp;p_error_code=&amp;p_submit_url=https%3A%2F%2Flogin-pre.sge%2Fsso%2Fauth&amp;p_cancel_url=https%3A%2F%2Fpreproduccion.sge&amp;ssousername=&amp;subscribername=</url>
</httpSample>
<httpSample t="219" lt="0" ts="1298631771731" s="true" lb="/gepa/ConexionAction.do" rc="200" by="5388">
  <responseHeader class="java.lang.String">HTTP/1.0 200 OK
Date: Fri, 25 Feb 2011 11:02:51 GMT
Server: Oracle-Application-Server-10g/10.1.2.2.0 Oracle-HTTP-Server
Content-Length: 5388
Set-Cookie: JSESSIONID=5f4a5aa6590ed71a123eb7b015e2b493b7225ba117c334417f665738651f0ce9.e3eSbhiLaNyPe3yNbNyQc3qSai1BqBjKpPXxqAa; path=/login
Content-Type: text/html; charset=ISO-8859-1
</responseHeader>
  <requestHeader class="java.lang.String">Accept-Language: es
Accept: */*
User-Agent: Mozilla/4.0 (compatible; MSIE 7.0; Windows NT 6.1; Trident/4.0; SLCC2; .NET CLR 2.0.50727; .NET CLR 3.5.30729; .NET CLR 3.0.30729; Media Center PC 6.0; MDDS; .NET4.0C)
Accept-Encoding: gzip, deflate
</requestHeader>
  <cookies class="java.lang.String"></cookies>
  <method class="java.lang.String">GET</method>
  <queryString class="java.lang.String"></queryString>
  <redirectLocation class="java.lang.String">https://login-pre.sge/pls/orasso/orasso.wwsso_app_admin.ls_login?Site2pstoreToken=v1.4~CEF0A91F~7261E81ECB02B6979AAB002BF591017C3F345EE72319C269253BEB26B9FEDE245A7BCFCD67D4C0466FB820B27F99265B0736A8210E479D81291F6DF03176F02F5A83DFDCA48CE7D4A6CE0494DF53A32F1136E07F85B42FDF8D83AEEAE1B9DBA8CCB62764AAC5E864A453F16EB8B9BD221A13AB4258BF4E2BE6B22B28AA0F27DA1F7F582889D34A45DB52DCBAFC210C891FD5F0AB95FFB9A86B2165A13156BBE0A84761D5E95514401FA3EFA26336AF64E64E3C158C91C96AAC887225E5DE2E9903AB07A475DEA86A28B15BF632868A25E29AE12A8F41E04D6F6E56624663F061D4F14F8F7C3EEB54F5A36296F67DB1E5A61B383CE42B7C371EC63CF2CE2C209417CD05C0238341CF7CAF2D8B40462B79ABA1DA7258A4E6D2BF72A3FAFCD3F13F545DFBE0D8493AB50B372593BF15B385330797827A1121AB65AF3A720CDDA649BD3BA049ECF54B64130073CD8C2D13A36B447EB7596F5F5CAB1B3C7594D6029B</redirectLocation>
  <url>https://preproduccion.sge/login/login.jsp?site2pstoretoken=v1.4~CEF0A91F~7261E81ECB02B6979AAB002BF591017C3F345EE72319C269253BEB26B9FEDE245A7BCFCD67D4C0466FB820B27F99265B0736A8210E479D81291F6DF03176F02F5A83DFDCA48CE7D4A6CE0494DF53A32F1136E07F85B42FDF8D83AEEAE1B9DBA8CCB62764AAC5E864A453F16EB8B9BD221A13AB4258BF4E2BE6B22B28AA0F27DA1F7F582889D34A45DB52DCBAFC210C891FD5F0AB95FFB9A86B2165A13156BBE0A84761D5E95514401FA3EFA26336AF64E64E3C158C91C96AAC887225E5DE2E9903AB07A475DEA86A28B15BF632868A25E29AE12A8F41E04D6F6E56624663F061D4F14F8F7C3EEB54F5A36296F67DB1E5A61B383CE42B7C371EC63CF2CE2C209417CD05C0238341CF7CAF2D8B40462B79ABA1DA7258A4E6D2BF72A3FAFCD3F13F545DFBE0D8493AB50B372593BF15B385330797827A1121AB65AF3A720CDDA649BD3BA049ECF54B64130073CD8C2D13A36B447EB7596F5F5CAB1B3C7594D6029B&amp;p_error_code=&amp;p_submit_url=https%3A%2F%2Flogin-pre.sge%2Fsso%2Fauth&amp;p_cancel_url=https%3A%2F%2Fpreproduccion.sge&amp;ssousername=&amp;subscribername=</url>
</httpSample>
<httpSample t="203" lt="0" ts="1298631771950" s="true" lb="/gepa/scripts/scriptaculous/scriptaculous.js" rc="200" by="5068">
  <responseHeader class="java.lang.String">HTTP/1.0 200 OK
Date: Fri, 25 Feb 2011 11:02:52 GMT
Server: Oracle-Application-Server-10g/10.1.2.2.0 Oracle-HTTP-Server
Content-Length: 5068
Set-Cookie: JSESSIONID=2307171e6f89731c6275a5c765d9dc687aeac5d46ebdc2197be10fa5efeab8ae.e38Ob3aOaheRe34Mb3qSax0Pahz0nR9Pq6XteP93; path=/login
Content-Type: text/html; charset=ISO-8859-1
</responseHeader>
  <requestHeader class="java.lang.String">Accept-Language: es-ES
Accept: */*
User-Agent: Mozilla/4.0 (compatible; MSIE 7.0; Windows NT 6.1; Trident/4.0; SLCC2; .NET CLR 2.0.50727; .NET CLR 3.5.30729; .NET CLR 3.0.30729; Media Center PC 6.0; MDDS; .NET4.0C)
Accept-Encoding: gzip, deflate
Referer: http://picasso:8888/gepa/ConexionAction.do?POSTDATA=variosPerfiles=true&amp;accion=iniciar&amp;codigoEntidad=DYS&amp;codigo=jcnegredo&amp;contrasenya=dysmatica&amp;rolSeleccionado=25
</requestHeader>
  <cookies class="java.lang.String"></cookies>
  <method class="java.lang.String">GET</method>
  <queryString class="java.lang.String"></queryString>
  <redirectLocation class="java.lang.String">https://login-pre.sge/pls/orasso/orasso.wwsso_app_admin.ls_login?Site2pstoreToken=v1.4~CEF0A91F~7261E81ECB02B6979AAB002BF591017C3F345EE72319C269253BEB26B9FEDE245A7BCFCD67D4C0466FB820B27F99265B0736A8210E479D81291F6DF03176F02F5A83DFDCA48CE7D4A6CE0494DF53A32F1136E07F85B42FDF8D83AEEAE1B9DBA8C234FFBF7E184C056C1B355A977D3394C259B7831FB90D1DDDF37FBE441A46B7A3EBDA02B3DB4360BB6661C1B9468CC22BFEA2A08896CA0ACA3C75215AC2B523B548914AFA57627863993944C44384BA8952576FDF94462CDD75048BE392E6B5D1AE9A954457D628EE4366D0AD68EF078ACE14171854C7E97D76A14E05A5A97A5CA2B9D032AF2A0B4B4A00E5AEED1C76C8A4964B3ED5F5594CBD8E2ECC6C2A3CD54E2DE8702BBB5345B945D14D099A5F</redirectLocation>
  <url>https://preproduccion.sge/login/login.jsp?site2pstoretoken=v1.4~CEF0A91F~7261E81ECB02B6979AAB002BF591017C3F345EE72319C269253BEB26B9FEDE245A7BCFCD67D4C0466FB820B27F99265B0736A8210E479D81291F6DF03176F02F5A83DFDCA48CE7D4A6CE0494DF53A32F1136E07F85B42FDF8D83AEEAE1B9DBA8C234FFBF7E184C056C1B355A977D3394C259B7831FB90D1DDDF37FBE441A46B7A3EBDA02B3DB4360BB6661C1B9468CC22BFEA2A08896CA0ACA3C75215AC2B523B548914AFA57627863993944C44384BA8952576FDF94462CDD75048BE392E6B5D1AE9A954457D628EE4366D0AD68EF078ACE14171854C7E97D76A14E05A5A97A5CA2B9D032AF2A0B4B4A00E5AEED1C76C8A4964B3ED5F5594CBD8E2ECC6C2A3CD54E2DE8702BBB5345B945D14D099A5F&amp;p_error_code=&amp;p_submit_url=https%3A%2F%2Flogin-pre.sge%2Fsso%2Fauth&amp;p_cancel_url=https%3A%2F%2Fpreproduccion.sge&amp;ssousername=&amp;subscribername=</url>
</httpSample>
<httpSample t="15" lt="15" ts="1298631772153" s="false" lb="/gepa/ConexionAction.do;jsessionid=eb634fe5b58b0bcb96508261e275709f9c8e236e3e15aeb347f0741aac2dda55" rc="500" by="778">
  <responseHeader class="java.lang.String">HTTP/1.0 500 Internal Server Error
Date: Fri, 25 Feb 2011 11:02:52 GMT
Server: Oracle-Application-Server-10g/10.1.2.2.0 Oracle-HTTP-Server
Content-Type: text/html; charset=iso-8859-1
</responseHeader>
  <requestHeader class="java.lang.String">Content-Type: application/x-www-form-urlencoded
Accept-Language: es-ES
Accept: image/jpeg, application/x-ms-application, image/gif, application/xaml+xml, image/pjpeg, application/x-ms-xbap, application/vnd.ms-powerpoint, application/vnd.ms-excel, application/msword, */*
User-Agent: Mozilla/4.0 (compatible; MSIE 7.0; Windows NT 6.1; Trident/4.0; SLCC2; .NET CLR 2.0.50727; .NET CLR 3.5.30729; .NET CLR 3.0.30729; Media Center PC 6.0; MDDS; .NET4.0C)
Accept-Encoding: gzip, deflate
Referer: http://picasso:8888/gepa/ConexionAction.do?POSTDATA=variosPerfiles=true&amp;accion=iniciar&amp;codigoEntidad=DYS&amp;codigo=jcnegredo&amp;contrasenya=dysmatica&amp;rolSeleccionado=25
Pragma: no-cache
</requestHeader>
  <cookies class="java.lang.String"></cookies>
  <method class="java.lang.String">POST</method>
  <queryString class="java.lang.String">variosPerfiles=true&amp;accion=seleccionarPerfil&amp;codigoEntidad=DYS&amp;rolSeleccionado=25</queryString>
  <url>https://preproduccion.sge:443/gepa/ConexionAction.do;jsessionid=eb634fe5b58b0bcb96508261e275709f9c8e236e3e15aeb347f0741aac2dda55</url>
</httpSample>
<httpSample t="250" lt="0" ts="1298631772184" s="true" lb="/gepa/scripts/scriptaculous/scriptaculous.js" rc="200" by="5068">
  <responseHeader class="java.lang.String">HTTP/1.0 200 OK
Date: Fri, 25 Feb 2011 11:02:52 GMT
Server: Oracle-Application-Server-10g/10.1.2.2.0 Oracle-HTTP-Server
Content-Length: 5068
Set-Cookie: JSESSIONID=cfedfbd2087f95fcd3f66476361cf50f8366ed58917377a128be4129c7a71dab.e3eSbhiLaNyPe3yNbNyQc3qSai1BqBjKpPXxqAa; path=/login
Content-Type: text/html; charset=ISO-8859-1
</responseHeader>
  <requestHeader class="java.lang.String">Accept-Language: es-ES
Accept: */*
User-Agent: Mozilla/4.0 (compatible; MSIE 7.0; Windows NT 6.1; Trident/4.0; SLCC2; .NET CLR 2.0.50727; .NET CLR 3.5.30729; .NET CLR 3.0.30729; Media Center PC 6.0; MDDS; .NET4.0C)
Accept-Encoding: gzip, deflate
Referer: http://picasso:8888/gepa/ConexionAction.do;jsessionid=eb634fe5b58b0bcb96508261e275709f9c8e236e3e15aeb347f0741aac2dda55
</requestHeader>
  <cookies class="java.lang.String"></cookies>
  <method class="java.lang.String">GET</method>
  <queryString class="java.lang.String"></queryString>
  <redirectLocation class="java.lang.String">https://login-pre.sge/pls/orasso/orasso.wwsso_app_admin.ls_login?Site2pstoreToken=v1.4~CEF0A91F~8AF42DF4D5875A6D79F1BC8F90036437A6FD0E3D4E3B8F0714B4ACD5BB7AF01AC11EA7CE17B4B10119035D0E95E9155A937E21C4F04D63F93B859E407841B5DD793801A2B4DD9BAACEECB5A236AC19AE011E69C2BF1906334120278781D0003AE128D3E6AAE80EBCE7E2EEE92D0D6CFA460A30409DCC4C0D5475E3E5E8FF9EBC6FBD8CABC41782B678EE7F90A5CEE65FDAA2898AC2E85E4E5FD67E1F2BEAE7B75BB2F71DF4DF45EAB7D671BCD1EB66531D96E9FB996246F294A97E1E1C76B807DA5BDB403B335C8A01B96730FD450E440362EE548A599308C0E729D81E86CAE62C93501A2F137FF8BA22DB25DC5F3903AF0CB14AF9E76AA3A4E9D5F16A0B72D84140260447E744EA4875304382BD156A</redirectLocation>
  <url>https://preproduccion.sge/login/login.jsp?site2pstoretoken=v1.4~CEF0A91F~8AF42DF4D5875A6D79F1BC8F90036437A6FD0E3D4E3B8F0714B4ACD5BB7AF01AC11EA7CE17B4B10119035D0E95E9155A937E21C4F04D63F93B859E407841B5DD793801A2B4DD9BAACEECB5A236AC19AE011E69C2BF1906334120278781D0003AE128D3E6AAE80EBCE7E2EEE92D0D6CFA460A30409DCC4C0D5475E3E5E8FF9EBC6FBD8CABC41782B678EE7F90A5CEE65FDAA2898AC2E85E4E5FD67E1F2BEAE7B75BB2F71DF4DF45EAB7D671BCD1EB66531D96E9FB996246F294A97E1E1C76B807DA5BDB403B335C8A01B96730FD450E440362EE548A599308C0E729D81E86CAE62C93501A2F137FF8BA22DB25DC5F3903AF0CB14AF9E76AA3A4E9D5F16A0B72D84140260447E744EA4875304382BD156A&amp;p_error_code=&amp;p_submit_url=https%3A%2F%2Flogin-pre.sge%2Fsso%2Fauth&amp;p_cancel_url=https%3A%2F%2Fpreproduccion.sge&amp;ssousername=&amp;subscribername=</url>
</httpSample>
<httpSample t="16" lt="16" ts="1298631772434" s="false" lb="/gepa/BusquedaAction.do" rc="500" by="778">
  <responseHeader class="java.lang.String">HTTP/1.0 500 Internal Server Error
Date: Fri, 25 Feb 2011 11:02:52 GMT
Server: Oracle-Application-Server-10g/10.1.2.2.0 Oracle-HTTP-Server
Content-Type: text/html; charset=iso-8859-1
</responseHeader>
  <requestHeader class="java.lang.String">Content-Type: application/x-www-form-urlencoded
Accept-Language: es-ES
Accept: image/jpeg, application/x-ms-application, image/gif, application/xaml+xml, image/pjpeg, application/x-ms-xbap, application/vnd.ms-powerpoint, application/vnd.ms-excel, application/msword, */*
User-Agent: Mozilla/4.0 (compatible; MSIE 7.0; Windows NT 6.1; Trident/4.0; SLCC2; .NET CLR 2.0.50727; .NET CLR 3.5.30729; .NET CLR 3.0.30729; Media Center PC 6.0; MDDS; .NET4.0C)
Accept-Encoding: gzip, deflate
Referer: http://picasso:8888/gepa/ConexionAction.do;jsessionid=eb634fe5b58b0bcb96508261e275709f9c8e236e3e15aeb347f0741aac2dda55
Pragma: no-cache
</requestHeader>
  <cookies class="java.lang.String"></cookies>
  <method class="java.lang.String">POST</method>
  <queryString class="java.lang.String">accion=buscar&amp;modo=rapida&amp;avanzadaDesplegada=false&amp;descElemPesado=&amp;identificacionRapida=&amp;nombreRapida=&amp;apellido1Rapida=&amp;apellido2Rapida=&amp;anyoRapida=&amp;numeroRapida=&amp;desdeRapida=&amp;hastaRapida=&amp;tramiteRapida=-1&amp;estadoRapida=-1&amp;idBusqueda=-1&amp;idClases=26&amp;metaTipo0=STRING&amp;metaTipo1=STRING&amp;metaTipo2=LISTA&amp;metaTipo3=STRING&amp;metaTipo4=LISTA_PESADA&amp;metaTipo5=STRING&amp;metaTipo6=LISTA&amp;metaTipo7=STRING&amp;metaTipo8=STRING&amp;metaTipo9=STRING&amp;metaTipo10=STRING&amp;metaTipo11=STRING&amp;metaTipo12=STRING&amp;metaTipo13=LISTA&amp;metaTipo14=STRING&amp;metaTipo15=TIMESTAMP&amp;metaTipo16=TIMESTAMP&amp;metaTipo17=TIMESTAMP&amp;metaTipo18=LISTA&amp;metaTipo19=LISTA_PESADA&amp;metaTipo20=STRING&amp;metaTipo21=STRING&amp;metaTipo22=STRING&amp;metaTipo23=STRING&amp;metaTipo24=STRING&amp;metaTipo25=LISTA_PESADA&amp;metaTipo26=LISTA&amp;metaTipo27=STRING&amp;metaTipo28=LISTA&amp;metaTipo29=STRING&amp;metaTipo30=STRING&amp;metaTipo31=INTEGER&amp;metaTipo32=STRING&amp;metaTipo33=STRING&amp;metaTipo34=STRING&amp;metaTipo35=LISTA&amp;metaTipo36=LISTA&amp;metaTipo37=LISTA&amp;metaTipo38=STRING&amp;metaTipo39=SEPARADOR&amp;metaTipo40=BOOLEAN&amp;metaTipo41=STRING&amp;metaTipo42=STRING&amp;metaTipo43=STRING&amp;metaTipo44=LISTA&amp;metaTipo45=BOOLEAN&amp;metaTipo46=BOOLEAN&amp;metaTipo47=BOOLEAN&amp;metaTipo48=STRING&amp;metaTipo49=TIMESTAMP&amp;metaTipo50=TIMESTAMP&amp;metaTipo51=TIMESTAMP&amp;metaTipo52=TIMESTAMP&amp;metaTipo53=TIMESTAMP&amp;metaTipo54=TIMESTAMP&amp;metaTipo55=TIMESTAMP&amp;metaTipo56=TIMESTAMP&amp;metaTipo57=TIMESTAMP&amp;metaTipo58=TIMESTAMP&amp;metaTipo59=TIMESTAMP&amp;metaTipo60=TIMESTAMP&amp;metaTipo61=TIMESTAMP&amp;metaTipo62=TIMESTAMP&amp;metaTipo63=TIMESTAMP&amp;metaTipo64=LISTA&amp;metaTipo65=LISTA&amp;metaTipo66=LISTA&amp;metaTipo67=DOUBLE&amp;metaTipo68=DOUBLE&amp;metaTipo69=DOUBLE&amp;metaTipo70=DOUBLE&amp;metaTipo71=DOUBLE&amp;metaTipo72=DOUBLE&amp;metaTipo73=DOUBLE&amp;metaTipo74=BOOLEAN&amp;metaTipo75=LISTA&amp;metaTipo76=STRING&amp;metaTipo77=STRING&amp;metaTipo78=STRING&amp;metaTipo79=STRING&amp;metaTipo80=STRING&amp;metaTipo81=STRING&amp;metaTipo82=STRING&amp;metaTipo83=BOOLEAN&amp;metaTipo84=BOOLEAN&amp;metaTipo85=STRING&amp;metaTipo86=LISTA&amp;metaTipo87=LISTA&amp;metaTipo88=LISTA_PESADA&amp;metaTipo89=LISTA&amp;metaTipo90=LISTA&amp;metaTipo91=STRING&amp;metaTipo92=LISTA&amp;metaTipo93=STRING&amp;metaTipo94=STRING&amp;metaTipo95=LISTA&amp;metaTipo96=LISTA&amp;metaTipo97=LISTA&amp;metaTipo98=BOOLEAN&amp;metaTipo99=LISTA&amp;metaTipo100=BOOLEAN&amp;metaTipo101=LISTA&amp;metaTipo102=LISTA&amp;metaTipo103=BOOLEAN&amp;metaTipo104=BOOLEAN&amp;metaTipo105=LISTA&amp;metaTipo106=LISTA&amp;metaTipo107=LISTA&amp;metaTipo108=LISTA&amp;metaTipo109=LISTA&amp;metaTipo110=STRING&amp;metaTipo111=LISTA&amp;valor=&amp;valorPesado=&amp;lista37=-1&amp;lista36=-1&amp;lista35=-1&amp;lista99=-1&amp;lista109=-1&amp;lista66=-1&amp;lista98=-1&amp;lista108=-1&amp;lista65=-1&amp;lista97=-1&amp;lista107=-1&amp;lista64=-1&amp;lista96=-1&amp;lista106=-1&amp;lista95=-1&amp;lista105=-1&amp;lista104=-1&amp;lista92=-1&amp;lista103=-1&amp;lista102=-1&amp;lista90=-1&amp;lista101=-1&amp;lista100=-1&amp;lista28=-1&amp;lista26=-1&amp;lista89=-1&amp;lista87=-1&amp;lista86=-1&amp;lista6=-1&amp;lista84=-1&amp;lista83=-1&amp;lista2=-1&amp;lista18=-1&amp;lista47=-1&amp;lista46=-1&amp;lista13=-1&amp;lista45=-1&amp;lista44=-1&amp;lista75=-1&amp;lista74=-1&amp;lista40=-1&amp;lista111=-1</queryString>
  <url>https://preproduccion.sge:443/gepa/BusquedaAction.do</url>
</httpSample>
<httpSample t="218" lt="0" ts="1298631772450" s="true" lb="/gepa/scripts/scriptaculous/scriptaculous.js" rc="200" by="5068">
  <responseHeader class="java.lang.String">HTTP/1.0 200 OK
Date: Fri, 25 Feb 2011 11:02:52 GMT
Server: Oracle-Application-Server-10g/10.1.2.2.0 Oracle-HTTP-Server
Content-Length: 5068
Set-Cookie: JSESSIONID=256f3247da9302199fa6f841c99c35326658d6405b7b307eca20f38a405a58bc.e3eSbhiLaNyPe3yNbNyQc3qSai1BqBjKpPXxqAa; path=/login
Content-Type: text/html; charset=ISO-8859-1
</responseHeader>
  <requestHeader class="java.lang.String">Accept-Language: es-ES
Accept: */*
User-Agent: Mozilla/4.0 (compatible; MSIE 7.0; Windows NT 6.1; Trident/4.0; SLCC2; .NET CLR 2.0.50727; .NET CLR 3.5.30729; .NET CLR 3.0.30729; Media Center PC 6.0; MDDS; .NET4.0C)
Accept-Encoding: gzip, deflate
Referer: http://picasso:8888/gepa/BusquedaAction.do
</requestHeader>
  <cookies class="java.lang.String"></cookies>
  <method class="java.lang.String">GET</method>
  <queryString class="java.lang.String"></queryString>
  <redirectLocation class="java.lang.String">https://login-pre.sge/pls/orasso/orasso.wwsso_app_admin.ls_login?Site2pstoreToken=v1.4~CEF0A91F~8AF42DF4D5875A6D79F1BC8F90036437A6FD0E3D4E3B8F0714B4ACD5BB7AF01AC11EA7CE17B4B10119035D0E95E9155A937E21C4F04D63F93B859E407841B5DD793801A2B4DD9BAACEECB5A236AC19AE011E69C2BF1906334120278781D0003AE128D3E6AAE80EBCE7E2EEE92D0D6CFA460A30409DCC4C0D5475E3E5E8FF9EBC6FBD8CABC41782B678EE7F90A5CEE65FDAA2898AC2E85E4E5FD67E1F2BEAE7B75BB2F71DF4DF45EAB7D671BCD1EB66531D96E9FB996246F294A97E1E1C76B807DA5BDB403B335C8A01B96730FD450E440362EE548A599308C0E729D81E86CAE62C93501A2F137FF8BA22DB25DC5F3903AF0CB14AF9E76AA3A4E9D5F16A0B72D84140260447E744EA4875304382BD156A</redirectLocation>
  <url>https://preproduccion.sge/login/login.jsp?site2pstoretoken=v1.4~CEF0A91F~8AF42DF4D5875A6D79F1BC8F90036437A6FD0E3D4E3B8F0714B4ACD5BB7AF01AC11EA7CE17B4B10119035D0E95E9155A937E21C4F04D63F93B859E407841B5DD793801A2B4DD9BAACEECB5A236AC19AE011E69C2BF1906334120278781D0003AE128D3E6AAE80EBCE7E2EEE92D0D6CFA460A30409DCC4C0D5475E3E5E8FF9EBC6FBD8CABC41782B678EE7F90A5CEE65FDAA2898AC2E85E4E5FD67E1F2BEAE7B75BB2F71DF4DF45EAB7D671BCD1EB66531D96E9FB996246F294A97E1E1C76B807DA5BDB403B335C8A01B96730FD450E440362EE548A599308C0E729D81E86CAE62C93501A2F137FF8BA22DB25DC5F3903AF0CB14AF9E76AA3A4E9D5F16A0B72D84140260447E744EA4875304382BD156A&amp;p_error_code=&amp;p_submit_url=https%3A%2F%2Flogin-pre.sge%2Fsso%2Fauth&amp;p_cancel_url=https%3A%2F%2Fpreproduccion.sge&amp;ssousername=&amp;subscribername=</url>
</httpSample>
<httpSample t="250" lt="0" ts="1298631772668" s="true" lb="/gepa/ResultadoBusquedaAction.do" rc="200" by="5004">
  <responseHeader class="java.lang.String">HTTP/1.0 200 OK
Date: Fri, 25 Feb 2011 11:02:52 GMT
Server: Oracle-Application-Server-10g/10.1.2.2.0 Oracle-HTTP-Server
Content-Length: 5004
Set-Cookie: JSESSIONID=81e6b2fbd36b4258326561c51669aff596d4d188f01110cc9db95fcbd27d2fda.e38Ob3aOaheRe34Mb3qSax0Pahz0nR9Pq6XteP93; path=/login
Content-Type: text/html; charset=ISO-8859-1
</responseHeader>
  <requestHeader class="java.lang.String">Accept-Language: es-ES
Accept: image/jpeg, application/x-ms-application, image/gif, application/xaml+xml, image/pjpeg, application/x-ms-xbap, application/vnd.ms-powerpoint, application/vnd.ms-excel, application/msword, */*
User-Agent: Mozilla/4.0 (compatible; MSIE 7.0; Windows NT 6.1; Trident/4.0; SLCC2; .NET CLR 2.0.50727; .NET CLR 3.5.30729; .NET CLR 3.0.30729; Media Center PC 6.0; MDDS; .NET4.0C)
Accept-Encoding: gzip, deflate
Referer: http://picasso:8888/gepa/BusquedaAction.do
</requestHeader>
  <cookies class="java.lang.String"></cookies>
  <method class="java.lang.String">GET</method>
  <queryString class="java.lang.String"></queryString>
  <redirectLocation class="java.lang.String">https://login-pre.sge/pls/orasso/orasso.wwsso_app_admin.ls_login?Site2pstoreToken=v1.4~CEF0A91F~8AF42DF4D5875A6D79F1BC8F90036437A6FD0E3D4E3B8F0714B4ACD5BB7AF01AC11EA7CE17B4B10119035D0E95E9155A937E21C4F04D63F93B859E407841B5DD793801A2B4DD9BAACEECB5A236AC19AE011E69C2BF1906334120278781D0003A39CED6332581BA3A9E900354899CA953B0070BE3F66561F367628602F4E9DDE4FCDC10BCB157C21C4DFB94D2A2D0244ACCC9946FDF0ACDDCB15EB0624F0454CEB6FBAC8F84DD7DA2F46AFEA9BA9F75CB4EF0AE6293AD0CE3EAD4D61CB650EDCBC31816076EB9A6A543884F16A3FFEF304A49B4A2ADF5BA9C749F0B96A9A447528ED5321BA7EA10AB48ED657FF246BF29C2CF94CF422A9DA484ED8B030731D8FC</redirectLocation>
  <url>https://preproduccion.sge/login/login.jsp?site2pstoretoken=v1.4~CEF0A91F~8AF42DF4D5875A6D79F1BC8F90036437A6FD0E3D4E3B8F0714B4ACD5BB7AF01AC11EA7CE17B4B10119035D0E95E9155A937E21C4F04D63F93B859E407841B5DD793801A2B4DD9BAACEECB5A236AC19AE011E69C2BF1906334120278781D0003A39CED6332581BA3A9E900354899CA953B0070BE3F66561F367628602F4E9DDE4FCDC10BCB157C21C4DFB94D2A2D0244ACCC9946FDF0ACDDCB15EB0624F0454CEB6FBAC8F84DD7DA2F46AFEA9BA9F75CB4EF0AE6293AD0CE3EAD4D61CB650EDCBC31816076EB9A6A543884F16A3FFEF304A49B4A2ADF5BA9C749F0B96A9A447528ED5321BA7EA10AB48ED657FF246BF29C2CF94CF422A9DA484ED8B030731D8FC&amp;p_error_code=&amp;p_submit_url=https%3A%2F%2Flogin-pre.sge%2Fsso%2Fauth&amp;p_cancel_url=https%3A%2F%2Fpreproduccion.sge&amp;ssousername=&amp;subscribername=</url>
</httpSample>
<httpSample t="204" lt="0" ts="1298631772918" s="true" lb="/gepa/scripts/scriptaculous/scriptaculous.js" rc="200" by="5068">
  <responseHeader class="java.lang.String">HTTP/1.0 200 OK
Date: Fri, 25 Feb 2011 11:02:52 GMT
Server: Oracle-Application-Server-10g/10.1.2.2.0 Oracle-HTTP-Server
Content-Length: 5068
Set-Cookie: JSESSIONID=d0748912763ddcaeb8890c2963a81c5f8466985fefb82931da0824926dd93d0e.e3eSbhiLaNyPe3yNbNyQc3qSai1BqBjKpPXxqAa; path=/login
Content-Type: text/html; charset=ISO-8859-1
</responseHeader>
  <requestHeader class="java.lang.String">Accept-Language: es-ES
Accept: */*
User-Agent: Mozilla/4.0 (compatible; MSIE 7.0; Windows NT 6.1; Trident/4.0; SLCC2; .NET CLR 2.0.50727; .NET CLR 3.5.30729; .NET CLR 3.0.30729; Media Center PC 6.0; MDDS; .NET4.0C)
Accept-Encoding: gzip, deflate
Referer: http://picasso:8888/gepa/ResultadoBusquedaAction.do?accion=gestionExp&amp;indice=0
</requestHeader>
  <cookies class="java.lang.String"></cookies>
  <method class="java.lang.String">GET</method>
  <queryString class="java.lang.String"></queryString>
  <redirectLocation class="java.lang.String">https://login-pre.sge/pls/orasso/orasso.wwsso_app_admin.ls_login?Site2pstoreToken=v1.4~CEF0A91F~8AF42DF4D5875A6D79F1BC8F90036437A6FD0E3D4E3B8F0714B4ACD5BB7AF01AC11EA7CE17B4B10119035D0E95E9155A937E21C4F04D63F93B859E407841B5DD793801A2B4DD9BAACEECB5A236AC19AE011E69C2BF1906334120278781D0003AE128D3E6AAE80EBCE7E2EEE92D0D6CFA460A30409DCC4C0D5475E3E5E8FF9EBC6FBD8CABC41782B678EE7F90A5CEE65FDAA2898AC2E85E4E5FD67E1F2BEAE7B75BB2F71DF4DF45EAB7D671BCD1EB66531D96E9FB996246F294A97E1E1C76B807DA5BDB403B335C8A01B96730FD450E440362EE548A599308C0E729D81E86CAE62C93501A2F137FF8BA22DB25DC5F3903AF0CB14AF9E76AA3A4E9D5F16A0B72D84140260447E744EA4875304382BD156A</redirectLocation>
  <url>https://preproduccion.sge/login/login.jsp?site2pstoretoken=v1.4~CEF0A91F~8AF42DF4D5875A6D79F1BC8F90036437A6FD0E3D4E3B8F0714B4ACD5BB7AF01AC11EA7CE17B4B10119035D0E95E9155A937E21C4F04D63F93B859E407841B5DD793801A2B4DD9BAACEECB5A236AC19AE011E69C2BF1906334120278781D0003AE128D3E6AAE80EBCE7E2EEE92D0D6CFA460A30409DCC4C0D5475E3E5E8FF9EBC6FBD8CABC41782B678EE7F90A5CEE65FDAA2898AC2E85E4E5FD67E1F2BEAE7B75BB2F71DF4DF45EAB7D671BCD1EB66531D96E9FB996246F294A97E1E1C76B807DA5BDB403B335C8A01B96730FD450E440362EE548A599308C0E729D81E86CAE62C93501A2F137FF8BA22DB25DC5F3903AF0CB14AF9E76AA3A4E9D5F16A0B72D84140260447E744EA4875304382BD156A&amp;p_error_code=&amp;p_submit_url=https%3A%2F%2Flogin-pre.sge%2Fsso%2Fauth&amp;p_cancel_url=https%3A%2F%2Fpreproduccion.sge&amp;ssousername=&amp;subscribername=</url>
</httpSample>
<httpSample t="187" lt="0" ts="1298631773122" s="true" lb="/gepa/ConexionAction.do" rc="200" by="5420">
  <responseHeader class="java.lang.String">HTTP/1.0 200 OK
Date: Fri, 25 Feb 2011 11:02:53 GMT
Server: Oracle-Application-Server-10g/10.1.2.2.0 Oracle-HTTP-Server
Content-Length: 5420
Set-Cookie: JSESSIONID=8b7bb7152c747d5d29622a3f48755aad70200bb7a44f71ec856b0901ea845ac6.e38Ob3aOaheRe34Mb3qSax0Pahz0nR9Pq6XteP93; path=/login
Content-Type: text/html; charset=ISO-8859-1
</responseHeader>
  <requestHeader class="java.lang.String">Accept-Language: es
Accept: */*
User-Agent: Mozilla/4.0 (compatible; MSIE 7.0; Windows NT 6.1; Trident/4.0; SLCC2; .NET CLR 2.0.50727; .NET CLR 3.5.30729; .NET CLR 3.0.30729; Media Center PC 6.0; MDDS; .NET4.0C)
Accept-Encoding: gzip, deflate
</requestHeader>
  <cookies class="java.lang.String"></cookies>
  <method class="java.lang.String">GET</method>
  <queryString class="java.lang.String"></queryString>
  <redirectLocation class="java.lang.String">https://login-pre.sge/pls/orasso/orasso.wwsso_app_admin.ls_login?Site2pstoreToken=v1.4~CEF0A91F~1242AC93CB6860536476ADD0F4D566C4F6D92D882ED88319A5703F7451B3E2F5E3200A63D8FB9B37B6D15A91F98E8B03E4732FB02AE399D2E54EC37448AD181AFFB163CDAC8C719988C9F1111C7FFE88483EEA537C4CAA60D6D5A62C27215FB6B697FF82F939AB986AE26944BCD425EA1D6F6D12C8A369CFC5348964534E6B39A7C128EF3AD89A53C10834587BA64AEDF2BFF62D8E8B45123E3C72FBFD0E4A890758E78A80CA8270F6109A9807B394795551BF4551F9C444A8EC6DC903C1B2462BED2BAA20BE9376A490D030A3EECBDA4F806A1991C2479962EA8B52DC05C779549F76D006ACD7DD4E516A0F830B8784DC3FE3254F255F910A0C53B6819738BE7422AD29E6F54D9E7A0EB294A2834C48CF5710F42A2A65F8304A4BFBEF7C7B83A3C38A1BEF3A3DB24880B427E9BB484C7E938EE29AEDB42D69041D318E2D6300913DB7CFD80B2E694CDF73BE9D1092D4C654C5D50263FD14D4C13ACEBFDB310035692B2F27A3E60A</redirectLocation>
  <url>https://preproduccion.sge/login/login.jsp?site2pstoretoken=v1.4~CEF0A91F~1242AC93CB6860536476ADD0F4D566C4F6D92D882ED88319A5703F7451B3E2F5E3200A63D8FB9B37B6D15A91F98E8B03E4732FB02AE399D2E54EC37448AD181AFFB163CDAC8C719988C9F1111C7FFE88483EEA537C4CAA60D6D5A62C27215FB6B697FF82F939AB986AE26944BCD425EA1D6F6D12C8A369CFC5348964534E6B39A7C128EF3AD89A53C10834587BA64AEDF2BFF62D8E8B45123E3C72FBFD0E4A890758E78A80CA8270F6109A9807B394795551BF4551F9C444A8EC6DC903C1B2462BED2BAA20BE9376A490D030A3EECBDA4F806A1991C2479962EA8B52DC05C779549F76D006ACD7DD4E516A0F830B8784DC3FE3254F255F910A0C53B6819738BE7422AD29E6F54D9E7A0EB294A2834C48CF5710F42A2A65F8304A4BFBEF7C7B83A3C38A1BEF3A3DB24880B427E9BB484C7E938EE29AEDB42D69041D318E2D6300913DB7CFD80B2E694CDF73BE9D1092D4C654C5D50263FD14D4C13ACEBFDB310035692B2F27A3E60A&amp;p_error_code=&amp;p_submit_url=https%3A%2F%2Flogin-pre.sge%2Fsso%2Fauth&amp;p_cancel_url=https%3A%2F%2Fpreproduccion.sge&amp;ssousername=&amp;subscribername=</url>
</httpSample>
<httpSample t="203" lt="0" ts="1298631773309" s="true" lb="/gepa/scripts/scriptaculous/scriptaculous.js" rc="200" by="5068">
  <responseHeader class="java.lang.String">HTTP/1.0 200 OK
Date: Fri, 25 Feb 2011 11:02:53 GMT
Server: Oracle-Application-Server-10g/10.1.2.2.0 Oracle-HTTP-Server
Content-Length: 5068
Set-Cookie: JSESSIONID=cb647ffe2e781050698b02d971ec036cc55ac349329720a8f0acf16cf20f6b8e.e3eSbhiLaNyPe3yNbNyQc3qSai1BqBjKpPXxqAa; path=/login
Content-Type: text/html; charset=ISO-8859-1
</responseHeader>
  <requestHeader class="java.lang.String">Accept-Language: es-ES
Accept: */*
User-Agent: Mozilla/4.0 (compatible; MSIE 7.0; Windows NT 6.1; Trident/4.0; SLCC2; .NET CLR 2.0.50727; .NET CLR 3.5.30729; .NET CLR 3.0.30729; Media Center PC 6.0; MDDS; .NET4.0C)
Accept-Encoding: gzip, deflate
Referer: http://picasso:8888/gepa/ConexionAction.do?POSTDATA=variosPerfiles=true&amp;accion=iniciar&amp;codigoEntidad=DYS&amp;codigo=jcnegredo&amp;contrasenya=dysmatica&amp;rolSeleccionado=25
</requestHeader>
  <cookies class="java.lang.String"></cookies>
  <method class="java.lang.String">GET</method>
  <queryString class="java.lang.String"></queryString>
  <redirectLocation class="java.lang.String">https://login-pre.sge/pls/orasso/orasso.wwsso_app_admin.ls_login?Site2pstoreToken=v1.4~CEF0A91F~1242AC93CB6860536476ADD0F4D566C4F6D92D882ED88319A5703F7451B3E2F5E3200A63D8FB9B37B6D15A91F98E8B03E4732FB02AE399D2E54EC37448AD181AFFB163CDAC8C719988C9F1111C7FFE88483EEA537C4CAA60D6D5A62C27215FB679ABA739C02EC92E4B6D5DFE1DD2CA825CB9DB85707070CC754C2C80E75C972C15C435499F00498A39C5BBDF926B3E1C459F45EF64D924C8BDBB25DCCBE08AB2C11ED94F6188FB7A58679E070A40D65F2F7CEB5AADB2DFAE4E0484A7A8FEFA8981D67AF7369D0F16284365E3FE099961694984424D151ED6D4A861B0E79E6F92E11A34B94C246AD71F667C3934DFE582C07DE3D0B1FD8420662A1FFD27C49471A988C13CE158612F9C1C0004C682E05E</redirectLocation>
  <url>https://preproduccion.sge/login/login.jsp?site2pstoretoken=v1.4~CEF0A91F~1242AC93CB6860536476ADD0F4D566C4F6D92D882ED88319A5703F7451B3E2F5E3200A63D8FB9B37B6D15A91F98E8B03E4732FB02AE399D2E54EC37448AD181AFFB163CDAC8C719988C9F1111C7FFE88483EEA537C4CAA60D6D5A62C27215FB679ABA739C02EC92E4B6D5DFE1DD2CA825CB9DB85707070CC754C2C80E75C972C15C435499F00498A39C5BBDF926B3E1C459F45EF64D924C8BDBB25DCCBE08AB2C11ED94F6188FB7A58679E070A40D65F2F7CEB5AADB2DFAE4E0484A7A8FEFA8981D67AF7369D0F16284365E3FE099961694984424D151ED6D4A861B0E79E6F92E11A34B94C246AD71F667C3934DFE582C07DE3D0B1FD8420662A1FFD27C49471A988C13CE158612F9C1C0004C682E05E&amp;p_error_code=&amp;p_submit_url=https%3A%2F%2Flogin-pre.sge%2Fsso%2Fauth&amp;p_cancel_url=https%3A%2F%2Fpreproduccion.sge&amp;ssousername=&amp;subscribername=</url>
</httpSample>
<httpSample t="16" lt="16" ts="1298631773512" s="false" lb="/gepa/ConexionAction.do;jsessionid=eb634fe5b58b0bcb96508261e275709f9c8e236e3e15aeb347f0741aac2dda55" rc="500" by="778">
  <responseHeader class="java.lang.String">HTTP/1.0 500 Internal Server Error
Date: Fri, 25 Feb 2011 11:02:53 GMT
Server: Oracle-Application-Server-10g/10.1.2.2.0 Oracle-HTTP-Server
Content-Type: text/html; charset=iso-8859-1
</responseHeader>
  <requestHeader class="java.lang.String">Content-Type: application/x-www-form-urlencoded
Accept-Language: es-ES
Accept: image/jpeg, application/x-ms-application, image/gif, application/xaml+xml, image/pjpeg, application/x-ms-xbap, application/vnd.ms-powerpoint, application/vnd.ms-excel, application/msword, */*
User-Agent: Mozilla/4.0 (compatible; MSIE 7.0; Windows NT 6.1; Trident/4.0; SLCC2; .NET CLR 2.0.50727; .NET CLR 3.5.30729; .NET CLR 3.0.30729; Media Center PC 6.0; MDDS; .NET4.0C)
Accept-Encoding: gzip, deflate
Referer: http://picasso:8888/gepa/ConexionAction.do?POSTDATA=variosPerfiles=true&amp;accion=iniciar&amp;codigoEntidad=DYS&amp;codigo=jcnegredo&amp;contrasenya=dysmatica&amp;rolSeleccionado=25
Pragma: no-cache
</requestHeader>
  <cookies class="java.lang.String"></cookies>
  <method class="java.lang.String">POST</method>
  <queryString class="java.lang.String">variosPerfiles=true&amp;accion=seleccionarPerfil&amp;codigoEntidad=DYS&amp;rolSeleccionado=25</queryString>
  <url>https://preproduccion.sge:443/gepa/ConexionAction.do;jsessionid=eb634fe5b58b0bcb96508261e275709f9c8e236e3e15aeb347f0741aac2dda55</url>
</httpSample>
<httpSample t="187" lt="0" ts="1298631773528" s="true" lb="/gepa/scripts/scriptaculous/scriptaculous.js" rc="200" by="5068">
  <responseHeader class="java.lang.String">HTTP/1.0 200 OK
Date: Fri, 25 Feb 2011 11:02:53 GMT
Server: Oracle-Application-Server-10g/10.1.2.2.0 Oracle-HTTP-Server
Content-Length: 5068
Set-Cookie: JSESSIONID=6b025c2ad7533d2eaf83d35465dbf56d91c9c9e0f74eb94af63d6b6667fdbacb.e38Ob3aOaheRe34Mb3qSax0Pahz0nR9Pq6XteP93; path=/login
Content-Type: text/html; charset=ISO-8859-1
</responseHeader>
  <requestHeader class="java.lang.String">Accept-Language: es-ES
Accept: */*
User-Agent: Mozilla/4.0 (compatible; MSIE 7.0; Windows NT 6.1; Trident/4.0; SLCC2; .NET CLR 2.0.50727; .NET CLR 3.5.30729; .NET CLR 3.0.30729; Media Center PC 6.0; MDDS; .NET4.0C)
Accept-Encoding: gzip, deflate
Referer: http://picasso:8888/gepa/ConexionAction.do;jsessionid=eb634fe5b58b0bcb96508261e275709f9c8e236e3e15aeb347f0741aac2dda55
</requestHeader>
  <cookies class="java.lang.String"></cookies>
  <method class="java.lang.String">GET</method>
  <queryString class="java.lang.String"></queryString>
  <redirectLocation class="java.lang.String">https://login-pre.sge/pls/orasso/orasso.wwsso_app_admin.ls_login?Site2pstoreToken=v1.4~CEF0A91F~1242AC93CB6860536476ADD0F4D566C4F6D92D882ED88319A5703F7451B3E2F5E3200A63D8FB9B37B6D15A91F98E8B03E4732FB02AE399D2E54EC37448AD181AFFB163CDAC8C719988C9F1111C7FFE88483EEA537C4CAA60D6D5A62C27215FB679ABA739C02EC92E4B6D5DFE1DD2CA825CB9DB85707070CC754C2C80E75C972C15C435499F00498A39C5BBDF926B3E1C459F45EF64D924C8BDBB25DCCBE08AB2C11ED94F6188FB7A58679E070A40D65F2F7CEB5AADB2DFAE4E0484A7A8FEFA8981D67AF7369D0F16284365E3FE099961694984424D151ED6D4A861B0E79E6F92E11A34B94C246AD71F667C3934DFE582C07DE3D0B1FD8420662A1FFD27C49471A988C13CE158612F9C1C0004C682E05E</redirectLocation>
  <url>https://preproduccion.sge/login/login.jsp?site2pstoretoken=v1.4~CEF0A91F~1242AC93CB6860536476ADD0F4D566C4F6D92D882ED88319A5703F7451B3E2F5E3200A63D8FB9B37B6D15A91F98E8B03E4732FB02AE399D2E54EC37448AD181AFFB163CDAC8C719988C9F1111C7FFE88483EEA537C4CAA60D6D5A62C27215FB679ABA739C02EC92E4B6D5DFE1DD2CA825CB9DB85707070CC754C2C80E75C972C15C435499F00498A39C5BBDF926B3E1C459F45EF64D924C8BDBB25DCCBE08AB2C11ED94F6188FB7A58679E070A40D65F2F7CEB5AADB2DFAE4E0484A7A8FEFA8981D67AF7369D0F16284365E3FE099961694984424D151ED6D4A861B0E79E6F92E11A34B94C246AD71F667C3934DFE582C07DE3D0B1FD8420662A1FFD27C49471A988C13CE158612F9C1C0004C682E05E&amp;p_error_code=&amp;p_submit_url=https%3A%2F%2Flogin-pre.sge%2Fsso%2Fauth&amp;p_cancel_url=https%3A%2F%2Fpreproduccion.sge&amp;ssousername=&amp;subscribername=</url>
</httpSample>
<httpSample t="16" lt="16" ts="1298631773715" s="false" lb="/gepa/BusquedaAction.do" rc="500" by="778">
  <responseHeader class="java.lang.String">HTTP/1.0 500 Internal Server Error
Date: Fri, 25 Feb 2011 11:02:53 GMT
Server: Oracle-Application-Server-10g/10.1.2.2.0 Oracle-HTTP-Server
Content-Type: text/html; charset=iso-8859-1
</responseHeader>
  <requestHeader class="java.lang.String">Content-Type: application/x-www-form-urlencoded
Accept-Language: es-ES
Accept: image/jpeg, application/x-ms-application, image/gif, application/xaml+xml, image/pjpeg, application/x-ms-xbap, application/vnd.ms-powerpoint, application/vnd.ms-excel, application/msword, */*
User-Agent: Mozilla/4.0 (compatible; MSIE 7.0; Windows NT 6.1; Trident/4.0; SLCC2; .NET CLR 2.0.50727; .NET CLR 3.5.30729; .NET CLR 3.0.30729; Media Center PC 6.0; MDDS; .NET4.0C)
Accept-Encoding: gzip, deflate
Referer: http://picasso:8888/gepa/ConexionAction.do;jsessionid=eb634fe5b58b0bcb96508261e275709f9c8e236e3e15aeb347f0741aac2dda55
Pragma: no-cache
</requestHeader>
  <cookies class="java.lang.String"></cookies>
  <method class="java.lang.String">POST</method>
  <queryString class="java.lang.String">accion=buscar&amp;modo=rapida&amp;avanzadaDesplegada=false&amp;descElemPesado=&amp;identificacionRapida=&amp;nombreRapida=&amp;apellido1Rapida=&amp;apellido2Rapida=&amp;anyoRapida=&amp;numeroRapida=&amp;desdeRapida=&amp;hastaRapida=&amp;tramiteRapida=-1&amp;estadoRapida=-1&amp;idBusqueda=-1&amp;idClases=26&amp;metaTipo0=STRING&amp;metaTipo1=STRING&amp;metaTipo2=LISTA&amp;metaTipo3=STRING&amp;metaTipo4=LISTA_PESADA&amp;metaTipo5=STRING&amp;metaTipo6=LISTA&amp;metaTipo7=STRING&amp;metaTipo8=STRING&amp;metaTipo9=STRING&amp;metaTipo10=STRING&amp;metaTipo11=STRING&amp;metaTipo12=STRING&amp;metaTipo13=LISTA&amp;metaTipo14=STRING&amp;metaTipo15=TIMESTAMP&amp;metaTipo16=TIMESTAMP&amp;metaTipo17=TIMESTAMP&amp;metaTipo18=LISTA&amp;metaTipo19=LISTA_PESADA&amp;metaTipo20=STRING&amp;metaTipo21=STRING&amp;metaTipo22=STRING&amp;metaTipo23=STRING&amp;metaTipo24=STRING&amp;metaTipo25=LISTA_PESADA&amp;metaTipo26=LISTA&amp;metaTipo27=STRING&amp;metaTipo28=LISTA&amp;metaTipo29=STRING&amp;metaTipo30=STRING&amp;metaTipo31=INTEGER&amp;metaTipo32=STRING&amp;metaTipo33=STRING&amp;metaTipo34=STRING&amp;metaTipo35=LISTA&amp;metaTipo36=LISTA&amp;metaTipo37=LISTA&amp;metaTipo38=STRING&amp;metaTipo39=SEPARADOR&amp;metaTipo40=BOOLEAN&amp;metaTipo41=STRING&amp;metaTipo42=STRING&amp;metaTipo43=STRING&amp;metaTipo44=LISTA&amp;metaTipo45=BOOLEAN&amp;metaTipo46=BOOLEAN&amp;metaTipo47=BOOLEAN&amp;metaTipo48=STRING&amp;metaTipo49=TIMESTAMP&amp;metaTipo50=TIMESTAMP&amp;metaTipo51=TIMESTAMP&amp;metaTipo52=TIMESTAMP&amp;metaTipo53=TIMESTAMP&amp;metaTipo54=TIMESTAMP&amp;metaTipo55=TIMESTAMP&amp;metaTipo56=TIMESTAMP&amp;metaTipo57=TIMESTAMP&amp;metaTipo58=TIMESTAMP&amp;metaTipo59=TIMESTAMP&amp;metaTipo60=TIMESTAMP&amp;metaTipo61=TIMESTAMP&amp;metaTipo62=TIMESTAMP&amp;metaTipo63=TIMESTAMP&amp;metaTipo64=LISTA&amp;metaTipo65=LISTA&amp;metaTipo66=LISTA&amp;metaTipo67=DOUBLE&amp;metaTipo68=DOUBLE&amp;metaTipo69=DOUBLE&amp;metaTipo70=DOUBLE&amp;metaTipo71=DOUBLE&amp;metaTipo72=DOUBLE&amp;metaTipo73=DOUBLE&amp;metaTipo74=BOOLEAN&amp;metaTipo75=LISTA&amp;metaTipo76=STRING&amp;metaTipo77=STRING&amp;metaTipo78=STRING&amp;metaTipo79=STRING&amp;metaTipo80=STRING&amp;metaTipo81=STRING&amp;metaTipo82=STRING&amp;metaTipo83=BOOLEAN&amp;metaTipo84=BOOLEAN&amp;metaTipo85=STRING&amp;metaTipo86=LISTA&amp;metaTipo87=LISTA&amp;metaTipo88=LISTA_PESADA&amp;metaTipo89=LISTA&amp;metaTipo90=LISTA&amp;metaTipo91=STRING&amp;metaTipo92=LISTA&amp;metaTipo93=STRING&amp;metaTipo94=STRING&amp;metaTipo95=LISTA&amp;metaTipo96=LISTA&amp;metaTipo97=LISTA&amp;metaTipo98=BOOLEAN&amp;metaTipo99=LISTA&amp;metaTipo100=BOOLEAN&amp;metaTipo101=LISTA&amp;metaTipo102=LISTA&amp;metaTipo103=BOOLEAN&amp;metaTipo104=BOOLEAN&amp;metaTipo105=LISTA&amp;metaTipo106=LISTA&amp;metaTipo107=LISTA&amp;metaTipo108=LISTA&amp;metaTipo109=LISTA&amp;metaTipo110=STRING&amp;metaTipo111=LISTA&amp;valor=&amp;valorPesado=&amp;lista37=-1&amp;lista36=-1&amp;lista35=-1&amp;lista99=-1&amp;lista109=-1&amp;lista66=-1&amp;lista98=-1&amp;lista108=-1&amp;lista65=-1&amp;lista97=-1&amp;lista107=-1&amp;lista64=-1&amp;lista96=-1&amp;lista106=-1&amp;lista95=-1&amp;lista105=-1&amp;lista104=-1&amp;lista92=-1&amp;lista103=-1&amp;lista102=-1&amp;lista90=-1&amp;lista101=-1&amp;lista100=-1&amp;lista28=-1&amp;lista26=-1&amp;lista89=-1&amp;lista87=-1&amp;lista86=-1&amp;lista6=-1&amp;lista84=-1&amp;lista83=-1&amp;lista2=-1&amp;lista18=-1&amp;lista47=-1&amp;lista46=-1&amp;lista13=-1&amp;lista45=-1&amp;lista44=-1&amp;lista75=-1&amp;lista74=-1&amp;lista40=-1&amp;lista111=-1</queryString>
  <url>https://preproduccion.sge:443/gepa/BusquedaAction.do</url>
</httpSample>
<httpSample t="203" lt="0" ts="1298631773731" s="true" lb="/gepa/scripts/scriptaculous/scriptaculous.js" rc="200" by="5068">
  <responseHeader class="java.lang.String">HTTP/1.0 200 OK
Date: Fri, 25 Feb 2011 11:02:53 GMT
Server: Oracle-Application-Server-10g/10.1.2.2.0 Oracle-HTTP-Server
Content-Length: 5068
Set-Cookie: JSESSIONID=8888d704eb6e045bb41720e6c612e15b4e08601b032d2fe345c28d5d354761dd.e38Ob3aOaheRe34Mb3qSax0Pahz0nR9Pq6XteP93; path=/login
Content-Type: text/html; charset=ISO-8859-1
</responseHeader>
  <requestHeader class="java.lang.String">Accept-Language: es-ES
Accept: */*
User-Agent: Mozilla/4.0 (compatible; MSIE 7.0; Windows NT 6.1; Trident/4.0; SLCC2; .NET CLR 2.0.50727; .NET CLR 3.5.30729; .NET CLR 3.0.30729; Media Center PC 6.0; MDDS; .NET4.0C)
Accept-Encoding: gzip, deflate
Referer: http://picasso:8888/gepa/BusquedaAction.do
</requestHeader>
  <cookies class="java.lang.String"></cookies>
  <method class="java.lang.String">GET</method>
  <queryString class="java.lang.String"></queryString>
  <redirectLocation class="java.lang.String">https://login-pre.sge/pls/orasso/orasso.wwsso_app_admin.ls_login?Site2pstoreToken=v1.4~CEF0A91F~1242AC93CB6860536476ADD0F4D566C4F6D92D882ED88319A5703F7451B3E2F5E3200A63D8FB9B37B6D15A91F98E8B03E4732FB02AE399D2E54EC37448AD181AFFB163CDAC8C719988C9F1111C7FFE88483EEA537C4CAA60D6D5A62C27215FB679ABA739C02EC92E4B6D5DFE1DD2CA825CB9DB85707070CC754C2C80E75C972C15C435499F00498A39C5BBDF926B3E1C459F45EF64D924C8BDBB25DCCBE08AB2C11ED94F6188FB7A58679E070A40D65F2F7CEB5AADB2DFAE4E0484A7A8FEFA8981D67AF7369D0F16284365E3FE099961694984424D151ED6D4A861B0E79E6F92E11A34B94C246AD71F667C3934DFE582C07DE3D0B1FD8420662A1FFD27C49471A988C13CE158612F9C1C0004C682E05E</redirectLocation>
  <url>https://preproduccion.sge/login/login.jsp?site2pstoretoken=v1.4~CEF0A91F~1242AC93CB6860536476ADD0F4D566C4F6D92D882ED88319A5703F7451B3E2F5E3200A63D8FB9B37B6D15A91F98E8B03E4732FB02AE399D2E54EC37448AD181AFFB163CDAC8C719988C9F1111C7FFE88483EEA537C4CAA60D6D5A62C27215FB679ABA739C02EC92E4B6D5DFE1DD2CA825CB9DB85707070CC754C2C80E75C972C15C435499F00498A39C5BBDF926B3E1C459F45EF64D924C8BDBB25DCCBE08AB2C11ED94F6188FB7A58679E070A40D65F2F7CEB5AADB2DFAE4E0484A7A8FEFA8981D67AF7369D0F16284365E3FE099961694984424D151ED6D4A861B0E79E6F92E11A34B94C246AD71F667C3934DFE582C07DE3D0B1FD8420662A1FFD27C49471A988C13CE158612F9C1C0004C682E05E&amp;p_error_code=&amp;p_submit_url=https%3A%2F%2Flogin-pre.sge%2Fsso%2Fauth&amp;p_cancel_url=https%3A%2F%2Fpreproduccion.sge&amp;ssousername=&amp;subscribername=</url>
</httpSample>
<httpSample t="266" lt="0" ts="1298631773934" s="true" lb="/gepa/ResultadoBusquedaAction.do" rc="200" by="5004">
  <responseHeader class="java.lang.String">HTTP/1.0 200 OK
Date: Fri, 25 Feb 2011 11:02:54 GMT
Server: Oracle-Application-Server-10g/10.1.2.2.0 Oracle-HTTP-Server
Content-Length: 5004
Set-Cookie: JSESSIONID=4d65ba6be1452d8b7e1f9f3ea5959e88b509e51d70c372b6da2fd9d3fd9fcce3.e3eSbhiLaNyPe3yNbNyQc3qSai1BqBjKpPXxqAa; path=/login
Content-Type: text/html; charset=ISO-8859-1
</responseHeader>
  <requestHeader class="java.lang.String">Accept-Language: es-ES
Accept: image/jpeg, application/x-ms-application, image/gif, application/xaml+xml, image/pjpeg, application/x-ms-xbap, application/vnd.ms-powerpoint, application/vnd.ms-excel, application/msword, */*
User-Agent: Mozilla/4.0 (compatible; MSIE 7.0; Windows NT 6.1; Trident/4.0; SLCC2; .NET CLR 2.0.50727; .NET CLR 3.5.30729; .NET CLR 3.0.30729; Media Center PC 6.0; MDDS; .NET4.0C)
Accept-Encoding: gzip, deflate
Referer: http://picasso:8888/gepa/BusquedaAction.do
</requestHeader>
  <cookies class="java.lang.String"></cookies>
  <method class="java.lang.String">GET</method>
  <queryString class="java.lang.String"></queryString>
  <redirectLocation class="java.lang.String">https://login-pre.sge/pls/orasso/orasso.wwsso_app_admin.ls_login?Site2pstoreToken=v1.4~CEF0A91F~1242AC93CB6860536476ADD0F4D566C4F6D92D882ED88319A5703F7451B3E2F5E3200A63D8FB9B37B6D15A91F98E8B03E4732FB02AE399D2E54EC37448AD181AFFB163CDAC8C719988C9F1111C7FFE88483EEA537C4CAA60D6D5A62C27215FB662C8D7005DC61588F55DC24A559FFE2099B5632A8FC19E01C62A3D4B5884AB0F83B091C34F7B28D9F6CD500540E4A2B01E4B6C5D43C26250A9D4A71F309191D9DE9AE3E86392432FF5D1C1EC07296CEC213DDE39778D4C694FAA7AEC704AC7798135B95775DDB706075D7C456A775243ECC18492030E74DFF3104792FC3B60463F8F4EACA167368E3C1BC11CEC85E1302C919F5DA8C9649EF7DEE2C5984F5FDE</redirectLocation>
  <url>https://preproduccion.sge/login/login.jsp?site2pstoretoken=v1.4~CEF0A91F~1242AC93CB6860536476ADD0F4D566C4F6D92D882ED88319A5703F7451B3E2F5E3200A63D8FB9B37B6D15A91F98E8B03E4732FB02AE399D2E54EC37448AD181AFFB163CDAC8C719988C9F1111C7FFE88483EEA537C4CAA60D6D5A62C27215FB662C8D7005DC61588F55DC24A559FFE2099B5632A8FC19E01C62A3D4B5884AB0F83B091C34F7B28D9F6CD500540E4A2B01E4B6C5D43C26250A9D4A71F309191D9DE9AE3E86392432FF5D1C1EC07296CEC213DDE39778D4C694FAA7AEC704AC7798135B95775DDB706075D7C456A775243ECC18492030E74DFF3104792FC3B60463F8F4EACA167368E3C1BC11CEC85E1302C919F5DA8C9649EF7DEE2C5984F5FDE&amp;p_error_code=&amp;p_submit_url=https%3A%2F%2Flogin-pre.sge%2Fsso%2Fauth&amp;p_cancel_url=https%3A%2F%2Fpreproduccion.sge&amp;ssousername=&amp;subscribername=</url>
</httpSample>
<httpSample t="172" lt="0" ts="1298631774200" s="true" lb="/gepa/scripts/scriptaculous/scriptaculous.js" rc="200" by="5068">
  <responseHeader class="java.lang.String">HTTP/1.0 200 OK
Date: Fri, 25 Feb 2011 11:02:54 GMT
Server: Oracle-Application-Server-10g/10.1.2.2.0 Oracle-HTTP-Server
Content-Length: 5068
Set-Cookie: JSESSIONID=ed301d519919773fea3d6ed634a459bbb4620d16864e74d80148cd0942753204.e38Ob3aOaheRe34Mb3qSax0Pahz0nR9Pq6XteP93; path=/login
Content-Type: text/html; charset=ISO-8859-1
</responseHeader>
  <requestHeader class="java.lang.String">Accept-Language: es-ES
Accept: */*
User-Agent: Mozilla/4.0 (compatible; MSIE 7.0; Windows NT 6.1; Trident/4.0; SLCC2; .NET CLR 2.0.50727; .NET CLR 3.5.30729; .NET CLR 3.0.30729; Media Center PC 6.0; MDDS; .NET4.0C)
Accept-Encoding: gzip, deflate
Referer: http://picasso:8888/gepa/ResultadoBusquedaAction.do?accion=gestionExp&amp;indice=0
</requestHeader>
  <cookies class="java.lang.String"></cookies>
  <method class="java.lang.String">GET</method>
  <queryString class="java.lang.String"></queryString>
  <redirectLocation class="java.lang.String">https://login-pre.sge/pls/orasso/orasso.wwsso_app_admin.ls_login?Site2pstoreToken=v1.4~CEF0A91F~25A9CB92109B1787DC5802B9F8188C3303D320987BF8F1424A938F3B8E38FB1C228FD9FB5E367485C27FED314737982A73BCFBC1E984B7B44053DFCEB4B1236A6BCD1064DD7F4EF95DF4DD826D186414FADFFD32BE9CF52454AB2D61CA8EAAB7D5411679748F4BE782277161A5BBAFFE7BB41380E1F2B3967F84DC161809F814155DA479AB2132CA56F1DF5BF1E86C52421CB49C02847BAA6A6FDC9FCB13D7A172DE6D91F5F9A274FBC996F5D071027BEA392942B93AD4AED87906CEF1A5E05639B0EC05EDCAB2CA0AB196C6C67954E281AA4DEC719F58C85D89AB153D9BAD81147329E09FF8E2CA44979EF726438EE4CA5B594D8D676CD76025AE651A8D214311C25C243E6FFE9548C4777EF6521146</redirectLocation>
  <url>https://preproduccion.sge/login/login.jsp?site2pstoretoken=v1.4~CEF0A91F~25A9CB92109B1787DC5802B9F8188C3303D320987BF8F1424A938F3B8E38FB1C228FD9FB5E367485C27FED314737982A73BCFBC1E984B7B44053DFCEB4B1236A6BCD1064DD7F4EF95DF4DD826D186414FADFFD32BE9CF52454AB2D61CA8EAAB7D5411679748F4BE782277161A5BBAFFE7BB41380E1F2B3967F84DC161809F814155DA479AB2132CA56F1DF5BF1E86C52421CB49C02847BAA6A6FDC9FCB13D7A172DE6D91F5F9A274FBC996F5D071027BEA392942B93AD4AED87906CEF1A5E05639B0EC05EDCAB2CA0AB196C6C67954E281AA4DEC719F58C85D89AB153D9BAD81147329E09FF8E2CA44979EF726438EE4CA5B594D8D676CD76025AE651A8D214311C25C243E6FFE9548C4777EF6521146&amp;p_error_code=&amp;p_submit_url=https%3A%2F%2Flogin-pre.sge%2Fsso%2Fauth&amp;p_cancel_url=https%3A%2F%2Fpreproduccion.sge&amp;ssousername=&amp;subscribername=</url>
</httpSample>
<httpSample t="203" lt="0" ts="1298631774372" s="true" lb="/gepa/ConexionAction.do" rc="200" by="5388">
  <responseHeader class="java.lang.String">HTTP/1.0 200 OK
Date: Fri, 25 Feb 2011 11:02:54 GMT
Server: Oracle-Application-Server-10g/10.1.2.2.0 Oracle-HTTP-Server
Content-Length: 5388
Set-Cookie: JSESSIONID=f79b202de5b9b2e0ed593930c3d50bec8dabf87608b14fff0472fd555292edfa.e3eSbhiLaNyPe3yNbNyQc3qSai1BqBjKpPXxqAa; path=/login
Content-Type: text/html; charset=ISO-8859-1
</responseHeader>
  <requestHeader class="java.lang.String">Accept-Language: es
Accept: */*
User-Agent: Mozilla/4.0 (compatible; MSIE 7.0; Windows NT 6.1; Trident/4.0; SLCC2; .NET CLR 2.0.50727; .NET CLR 3.5.30729; .NET CLR 3.0.30729; Media Center PC 6.0; MDDS; .NET4.0C)
Accept-Encoding: gzip, deflate
</requestHeader>
  <cookies class="java.lang.String"></cookies>
  <method class="java.lang.String">GET</method>
  <queryString class="java.lang.String"></queryString>
  <redirectLocation class="java.lang.String">https://login-pre.sge/pls/orasso/orasso.wwsso_app_admin.ls_login?Site2pstoreToken=v1.4~CEF0A91F~25A9CB92109B1787DC5802B9F8188C3303D320987BF8F1424A938F3B8E38FB1C228FD9FB5E367485C27FED314737982A73BCFBC1E984B7B44053DFCEB4B1236A6BCD1064DD7F4EF95DF4DD826D186414FADFFD32BE9CF52454AB2D61CA8EAAB72926D070ACE3A63EC75369F7F45F2E186B7BE90DE16C91DC3335A3147545BD0D8EFBA918544538C19BAEEF2FAE64C1C4D220AAE34097B5313814B009FED52EDB947AB7AFD4A96697462754298D461F992BA6F07EC721AE34618DDC810E12B45E60A5B95B9184FBF2C0D4EC3AF634ABBDF11094EBC980CCE2C18DC2140D7DAA090205445A1F715EC45AB26A4481A6256D56193A6CDB53A3EB579C8FAFB53FBA8C5C7FCCCE7CA7AE16FC217CF2925267E430E1B31A6141BA5CF72B942F3B7975880AC0ACC4EAF66070DC298B182648894A57F089190724772EE336E96930C613D4C384016D4058B2DE26FC9CB57002D3A970B891C254E358B2C870CAB6AC854A29</redirectLocation>
  <url>https://preproduccion.sge/login/login.jsp?site2pstoretoken=v1.4~CEF0A91F~25A9CB92109B1787DC5802B9F8188C3303D320987BF8F1424A938F3B8E38FB1C228FD9FB5E367485C27FED314737982A73BCFBC1E984B7B44053DFCEB4B1236A6BCD1064DD7F4EF95DF4DD826D186414FADFFD32BE9CF52454AB2D61CA8EAAB72926D070ACE3A63EC75369F7F45F2E186B7BE90DE16C91DC3335A3147545BD0D8EFBA918544538C19BAEEF2FAE64C1C4D220AAE34097B5313814B009FED52EDB947AB7AFD4A96697462754298D461F992BA6F07EC721AE34618DDC810E12B45E60A5B95B9184FBF2C0D4EC3AF634ABBDF11094EBC980CCE2C18DC2140D7DAA090205445A1F715EC45AB26A4481A6256D56193A6CDB53A3EB579C8FAFB53FBA8C5C7FCCCE7CA7AE16FC217CF2925267E430E1B31A6141BA5CF72B942F3B7975880AC0ACC4EAF66070DC298B182648894A57F089190724772EE336E96930C613D4C384016D4058B2DE26FC9CB57002D3A970B891C254E358B2C870CAB6AC854A29&amp;p_error_code=&amp;p_submit_url=https%3A%2F%2Flogin-pre.sge%2Fsso%2Fauth&amp;p_cancel_url=https%3A%2F%2Fpreproduccion.sge&amp;ssousername=&amp;subscribername=</url>
</httpSample>
<httpSample t="203" lt="0" ts="1298631774575" s="true" lb="/gepa/scripts/scriptaculous/scriptaculous.js" rc="200" by="5068">
  <responseHeader class="java.lang.String">HTTP/1.0 200 OK
Date: Fri, 25 Feb 2011 11:02:54 GMT
Server: Oracle-Application-Server-10g/10.1.2.2.0 Oracle-HTTP-Server
Content-Length: 5068
Set-Cookie: JSESSIONID=669bf4d1f80fc78a14c9cf50ff0d856718baba631c3a9eb3cc11422522bf140e.e38Ob3aOaheRe34Mb3qSax0Pahz0nR9Pq6XteP93; path=/login
Content-Type: text/html; charset=ISO-8859-1
</responseHeader>
  <requestHeader class="java.lang.String">Accept-Language: es-ES
Accept: */*
User-Agent: Mozilla/4.0 (compatible; MSIE 7.0; Windows NT 6.1; Trident/4.0; SLCC2; .NET CLR 2.0.50727; .NET CLR 3.5.30729; .NET CLR 3.0.30729; Media Center PC 6.0; MDDS; .NET4.0C)
Accept-Encoding: gzip, deflate
Referer: http://picasso:8888/gepa/ConexionAction.do?POSTDATA=variosPerfiles=true&amp;accion=iniciar&amp;codigoEntidad=DYS&amp;codigo=jcnegredo&amp;contrasenya=dysmatica&amp;rolSeleccionado=25
</requestHeader>
  <cookies class="java.lang.String"></cookies>
  <method class="java.lang.String">GET</method>
  <queryString class="java.lang.String"></queryString>
  <redirectLocation class="java.lang.String">https://login-pre.sge/pls/orasso/orasso.wwsso_app_admin.ls_login?Site2pstoreToken=v1.4~CEF0A91F~25A9CB92109B1787DC5802B9F8188C3303D320987BF8F1424A938F3B8E38FB1C228FD9FB5E367485C27FED314737982A73BCFBC1E984B7B44053DFCEB4B1236A6BCD1064DD7F4EF95DF4DD826D186414FADFFD32BE9CF52454AB2D61CA8EAAB7D5411679748F4BE782277161A5BBAFFE7BB41380E1F2B3967F84DC161809F814155DA479AB2132CA56F1DF5BF1E86C52421CB49C02847BAA6A6FDC9FCB13D7A172DE6D91F5F9A274FBC996F5D071027BEA392942B93AD4AED87906CEF1A5E05639B0EC05EDCAB2CA0AB196C6C67954E281AA4DEC719F58C85D89AB153D9BAD81147329E09FF8E2CA44979EF726438EE4CA5B594D8D676CD76025AE651A8D214311C25C243E6FFE9548C4777EF6521146</redirectLocation>
  <url>https://preproduccion.sge/login/login.jsp?site2pstoretoken=v1.4~CEF0A91F~25A9CB92109B1787DC5802B9F8188C3303D320987BF8F1424A938F3B8E38FB1C228FD9FB5E367485C27FED314737982A73BCFBC1E984B7B44053DFCEB4B1236A6BCD1064DD7F4EF95DF4DD826D186414FADFFD32BE9CF52454AB2D61CA8EAAB7D5411679748F4BE782277161A5BBAFFE7BB41380E1F2B3967F84DC161809F814155DA479AB2132CA56F1DF5BF1E86C52421CB49C02847BAA6A6FDC9FCB13D7A172DE6D91F5F9A274FBC996F5D071027BEA392942B93AD4AED87906CEF1A5E05639B0EC05EDCAB2CA0AB196C6C67954E281AA4DEC719F58C85D89AB153D9BAD81147329E09FF8E2CA44979EF726438EE4CA5B594D8D676CD76025AE651A8D214311C25C243E6FFE9548C4777EF6521146&amp;p_error_code=&amp;p_submit_url=https%3A%2F%2Flogin-pre.sge%2Fsso%2Fauth&amp;p_cancel_url=https%3A%2F%2Fpreproduccion.sge&amp;ssousername=&amp;subscribername=</url>
</httpSample>
<httpSample t="0" lt="0" ts="1298631774778" s="false" lb="/gepa/ConexionAction.do;jsessionid=eb634fe5b58b0bcb96508261e275709f9c8e236e3e15aeb347f0741aac2dda55" rc="500" by="778">
  <responseHeader class="java.lang.String">HTTP/1.0 500 Internal Server Error
Date: Fri, 25 Feb 2011 11:02:54 GMT
Server: Oracle-Application-Server-10g/10.1.2.2.0 Oracle-HTTP-Server
Content-Type: text/html; charset=iso-8859-1
</responseHeader>
  <requestHeader class="java.lang.String">Content-Type: application/x-www-form-urlencoded
Accept-Language: es-ES
Accept: image/jpeg, application/x-ms-application, image/gif, application/xaml+xml, image/pjpeg, application/x-ms-xbap, application/vnd.ms-powerpoint, application/vnd.ms-excel, application/msword, */*
User-Agent: Mozilla/4.0 (compatible; MSIE 7.0; Windows NT 6.1; Trident/4.0; SLCC2; .NET CLR 2.0.50727; .NET CLR 3.5.30729; .NET CLR 3.0.30729; Media Center PC 6.0; MDDS; .NET4.0C)
Accept-Encoding: gzip, deflate
Referer: http://picasso:8888/gepa/ConexionAction.do?POSTDATA=variosPerfiles=true&amp;accion=iniciar&amp;codigoEntidad=DYS&amp;codigo=jcnegredo&amp;contrasenya=dysmatica&amp;rolSeleccionado=25
Pragma: no-cache
</requestHeader>
  <cookies class="java.lang.String"></cookies>
  <method class="java.lang.String">POST</method>
  <queryString class="java.lang.String">variosPerfiles=true&amp;accion=seleccionarPerfil&amp;codigoEntidad=DYS&amp;rolSeleccionado=25</queryString>
  <url>https://preproduccion.sge:443/gepa/ConexionAction.do;jsessionid=eb634fe5b58b0bcb96508261e275709f9c8e236e3e15aeb347f0741aac2dda55</url>
</httpSample>
<httpSample t="204" lt="0" ts="1298631774793" s="true" lb="/gepa/scripts/scriptaculous/scriptaculous.js" rc="200" by="5068">
  <responseHeader class="java.lang.String">HTTP/1.0 200 OK
Date: Fri, 25 Feb 2011 11:02:54 GMT
Server: Oracle-Application-Server-10g/10.1.2.2.0 Oracle-HTTP-Server
Content-Length: 5068
Set-Cookie: JSESSIONID=f1986315059b00ae0083902afef68740c591051c126203ae7ddc7525714304ae.e3eSbhiLaNyPe3yNbNyQc3qSai1BqBjKpPXxqAa; path=/login
Content-Type: text/html; charset=ISO-8859-1
</responseHeader>
  <requestHeader class="java.lang.String">Accept-Language: es-ES
Accept: */*
User-Agent: Mozilla/4.0 (compatible; MSIE 7.0; Windows NT 6.1; Trident/4.0; SLCC2; .NET CLR 2.0.50727; .NET CLR 3.5.30729; .NET CLR 3.0.30729; Media Center PC 6.0; MDDS; .NET4.0C)
Accept-Encoding: gzip, deflate
Referer: http://picasso:8888/gepa/ConexionAction.do;jsessionid=eb634fe5b58b0bcb96508261e275709f9c8e236e3e15aeb347f0741aac2dda55
</requestHeader>
  <cookies class="java.lang.String"></cookies>
  <method class="java.lang.String">GET</method>
  <queryString class="java.lang.String"></queryString>
  <redirectLocation class="java.lang.String">https://login-pre.sge/pls/orasso/orasso.wwsso_app_admin.ls_login?Site2pstoreToken=v1.4~CEF0A91F~25A9CB92109B1787DC5802B9F8188C3303D320987BF8F1424A938F3B8E38FB1C228FD9FB5E367485C27FED314737982A73BCFBC1E984B7B44053DFCEB4B1236A6BCD1064DD7F4EF95DF4DD826D186414FADFFD32BE9CF52454AB2D61CA8EAAB7D5411679748F4BE782277161A5BBAFFE7BB41380E1F2B3967F84DC161809F814155DA479AB2132CA56F1DF5BF1E86C52421CB49C02847BAA6A6FDC9FCB13D7A172DE6D91F5F9A274FBC996F5D071027BEA392942B93AD4AED87906CEF1A5E05639B0EC05EDCAB2CA0AB196C6C67954E281AA4DEC719F58C85D89AB153D9BAD81147329E09FF8E2CA44979EF726438EE4CA5B594D8D676CD76025AE651A8D214311C25C243E6FFE9548C4777EF6521146</redirectLocation>
  <url>https://preproduccion.sge/login/login.jsp?site2pstoretoken=v1.4~CEF0A91F~25A9CB92109B1787DC5802B9F8188C3303D320987BF8F1424A938F3B8E38FB1C228FD9FB5E367485C27FED314737982A73BCFBC1E984B7B44053DFCEB4B1236A6BCD1064DD7F4EF95DF4DD826D186414FADFFD32BE9CF52454AB2D61CA8EAAB7D5411679748F4BE782277161A5BBAFFE7BB41380E1F2B3967F84DC161809F814155DA479AB2132CA56F1DF5BF1E86C52421CB49C02847BAA6A6FDC9FCB13D7A172DE6D91F5F9A274FBC996F5D071027BEA392942B93AD4AED87906CEF1A5E05639B0EC05EDCAB2CA0AB196C6C67954E281AA4DEC719F58C85D89AB153D9BAD81147329E09FF8E2CA44979EF726438EE4CA5B594D8D676CD76025AE651A8D214311C25C243E6FFE9548C4777EF6521146&amp;p_error_code=&amp;p_submit_url=https%3A%2F%2Flogin-pre.sge%2Fsso%2Fauth&amp;p_cancel_url=https%3A%2F%2Fpreproduccion.sge&amp;ssousername=&amp;subscribername=</url>
</httpSample>
<httpSample t="16" lt="16" ts="1298631775012" s="false" lb="/gepa/BusquedaAction.do" rc="500" by="778">
  <responseHeader class="java.lang.String">HTTP/1.0 500 Internal Server Error
Date: Fri, 25 Feb 2011 11:02:55 GMT
Server: Oracle-Application-Server-10g/10.1.2.2.0 Oracle-HTTP-Server
Content-Type: text/html; charset=iso-8859-1
</responseHeader>
  <requestHeader class="java.lang.String">Content-Type: application/x-www-form-urlencoded
Accept-Language: es-ES
Accept: image/jpeg, application/x-ms-application, image/gif, application/xaml+xml, image/pjpeg, application/x-ms-xbap, application/vnd.ms-powerpoint, application/vnd.ms-excel, application/msword, */*
User-Agent: Mozilla/4.0 (compatible; MSIE 7.0; Windows NT 6.1; Trident/4.0; SLCC2; .NET CLR 2.0.50727; .NET CLR 3.5.30729; .NET CLR 3.0.30729; Media Center PC 6.0; MDDS; .NET4.0C)
Accept-Encoding: gzip, deflate
Referer: http://picasso:8888/gepa/ConexionAction.do;jsessionid=eb634fe5b58b0bcb96508261e275709f9c8e236e3e15aeb347f0741aac2dda55
Pragma: no-cache
</requestHeader>
  <cookies class="java.lang.String"></cookies>
  <method class="java.lang.String">POST</method>
  <queryString class="java.lang.String">accion=buscar&amp;modo=rapida&amp;avanzadaDesplegada=false&amp;descElemPesado=&amp;identificacionRapida=&amp;nombreRapida=&amp;apellido1Rapida=&amp;apellido2Rapida=&amp;anyoRapida=&amp;numeroRapida=&amp;desdeRapida=&amp;hastaRapida=&amp;tramiteRapida=-1&amp;estadoRapida=-1&amp;idBusqueda=-1&amp;idClases=26&amp;metaTipo0=STRING&amp;metaTipo1=STRING&amp;metaTipo2=LISTA&amp;metaTipo3=STRING&amp;metaTipo4=LISTA_PESADA&amp;metaTipo5=STRING&amp;metaTipo6=LISTA&amp;metaTipo7=STRING&amp;metaTipo8=STRING&amp;metaTipo9=STRING&amp;metaTipo10=STRING&amp;metaTipo11=STRING&amp;metaTipo12=STRING&amp;metaTipo13=LISTA&amp;metaTipo14=STRING&amp;metaTipo15=TIMESTAMP&amp;metaTipo16=TIMESTAMP&amp;metaTipo17=TIMESTAMP&amp;metaTipo18=LISTA&amp;metaTipo19=LISTA_PESADA&amp;metaTipo20=STRING&amp;metaTipo21=STRING&amp;metaTipo22=STRING&amp;metaTipo23=STRING&amp;metaTipo24=STRING&amp;metaTipo25=LISTA_PESADA&amp;metaTipo26=LISTA&amp;metaTipo27=STRING&amp;metaTipo28=LISTA&amp;metaTipo29=STRING&amp;metaTipo30=STRING&amp;metaTipo31=INTEGER&amp;metaTipo32=STRING&amp;metaTipo33=STRING&amp;metaTipo34=STRING&amp;metaTipo35=LISTA&amp;metaTipo36=LISTA&amp;metaTipo37=LISTA&amp;metaTipo38=STRING&amp;metaTipo39=SEPARADOR&amp;metaTipo40=BOOLEAN&amp;metaTipo41=STRING&amp;metaTipo42=STRING&amp;metaTipo43=STRING&amp;metaTipo44=LISTA&amp;metaTipo45=BOOLEAN&amp;metaTipo46=BOOLEAN&amp;metaTipo47=BOOLEAN&amp;metaTipo48=STRING&amp;metaTipo49=TIMESTAMP&amp;metaTipo50=TIMESTAMP&amp;metaTipo51=TIMESTAMP&amp;metaTipo52=TIMESTAMP&amp;metaTipo53=TIMESTAMP&amp;metaTipo54=TIMESTAMP&amp;metaTipo55=TIMESTAMP&amp;metaTipo56=TIMESTAMP&amp;metaTipo57=TIMESTAMP&amp;metaTipo58=TIMESTAMP&amp;metaTipo59=TIMESTAMP&amp;metaTipo60=TIMESTAMP&amp;metaTipo61=TIMESTAMP&amp;metaTipo62=TIMESTAMP&amp;metaTipo63=TIMESTAMP&amp;metaTipo64=LISTA&amp;metaTipo65=LISTA&amp;metaTipo66=LISTA&amp;metaTipo67=DOUBLE&amp;metaTipo68=DOUBLE&amp;metaTipo69=DOUBLE&amp;metaTipo70=DOUBLE&amp;metaTipo71=DOUBLE&amp;metaTipo72=DOUBLE&amp;metaTipo73=DOUBLE&amp;metaTipo74=BOOLEAN&amp;metaTipo75=LISTA&amp;metaTipo76=STRING&amp;metaTipo77=STRING&amp;metaTipo78=STRING&amp;metaTipo79=STRING&amp;metaTipo80=STRING&amp;metaTipo81=STRING&amp;metaTipo82=STRING&amp;metaTipo83=BOOLEAN&amp;metaTipo84=BOOLEAN&amp;metaTipo85=STRING&amp;metaTipo86=LISTA&amp;metaTipo87=LISTA&amp;metaTipo88=LISTA_PESADA&amp;metaTipo89=LISTA&amp;metaTipo90=LISTA&amp;metaTipo91=STRING&amp;metaTipo92=LISTA&amp;metaTipo93=STRING&amp;metaTipo94=STRING&amp;metaTipo95=LISTA&amp;metaTipo96=LISTA&amp;metaTipo97=LISTA&amp;metaTipo98=BOOLEAN&amp;metaTipo99=LISTA&amp;metaTipo100=BOOLEAN&amp;metaTipo101=LISTA&amp;metaTipo102=LISTA&amp;metaTipo103=BOOLEAN&amp;metaTipo104=BOOLEAN&amp;metaTipo105=LISTA&amp;metaTipo106=LISTA&amp;metaTipo107=LISTA&amp;metaTipo108=LISTA&amp;metaTipo109=LISTA&amp;metaTipo110=STRING&amp;metaTipo111=LISTA&amp;valor=&amp;valorPesado=&amp;lista37=-1&amp;lista36=-1&amp;lista35=-1&amp;lista99=-1&amp;lista109=-1&amp;lista66=-1&amp;lista98=-1&amp;lista108=-1&amp;lista65=-1&amp;lista97=-1&amp;lista107=-1&amp;lista64=-1&amp;lista96=-1&amp;lista106=-1&amp;lista95=-1&amp;lista105=-1&amp;lista104=-1&amp;lista92=-1&amp;lista103=-1&amp;lista102=-1&amp;lista90=-1&amp;lista101=-1&amp;lista100=-1&amp;lista28=-1&amp;lista26=-1&amp;lista89=-1&amp;lista87=-1&amp;lista86=-1&amp;lista6=-1&amp;lista84=-1&amp;lista83=-1&amp;lista2=-1&amp;lista18=-1&amp;lista47=-1&amp;lista46=-1&amp;lista13=-1&amp;lista45=-1&amp;lista44=-1&amp;lista75=-1&amp;lista74=-1&amp;lista40=-1&amp;lista111=-1</queryString>
  <url>https://preproduccion.sge:443/gepa/BusquedaAction.do</url>
</httpSample>
<httpSample t="203" lt="0" ts="1298631775028" s="true" lb="/gepa/scripts/scriptaculous/scriptaculous.js" rc="200" by="5068">
  <responseHeader class="java.lang.String">HTTP/1.0 200 OK
Date: Fri, 25 Feb 2011 11:02:55 GMT
Server: Oracle-Application-Server-10g/10.1.2.2.0 Oracle-HTTP-Server
Content-Length: 5068
Set-Cookie: JSESSIONID=524df5d1fa1e9ef5ab0fcd3ef0d6c1dddd9f4477cec8b45ec828f72326b64518.e3eSbhiLaNyPe3yNbNyQc3qSai1BqBjKpPXxqAa; path=/login
Content-Type: text/html; charset=ISO-8859-1
</responseHeader>
  <requestHeader class="java.lang.String">Accept-Language: es-ES
Accept: */*
User-Agent: Mozilla/4.0 (compatible; MSIE 7.0; Windows NT 6.1; Trident/4.0; SLCC2; .NET CLR 2.0.50727; .NET CLR 3.5.30729; .NET CLR 3.0.30729; Media Center PC 6.0; MDDS; .NET4.0C)
Accept-Encoding: gzip, deflate
Referer: http://picasso:8888/gepa/BusquedaAction.do
</requestHeader>
  <cookies class="java.lang.String"></cookies>
  <method class="java.lang.String">GET</method>
  <queryString class="java.lang.String"></queryString>
  <redirectLocation class="java.lang.String">https://login-pre.sge/pls/orasso/orasso.wwsso_app_admin.ls_login?Site2pstoreToken=v1.4~CEF0A91F~92F5EB3860D68608222749A6EE5DA9D753B33B22D91D245717D87F70A309DDD58B0A25B7380E5FA400CB84D97336511CA1327DA950A6650A195C910065592B6309C42D6670604BA784D6C8EF33B2070AC01EFA89943A6602373DEB41A43E18BD27C06FA2A63FBE10C4CC25F2C78347E768976FF5B33CAE12742EAA21DA909FAC601BDD344779D7D2C4D9F4096C49A6A5E298D94A085D7716C8F7A8FABF3CFC1EC9D005930D9BE0D24E55A7040013BB22F212248A369EDA71D0D621FE4E8B304045465CA3C1F90BA2064C25D25B396E88DD4B19AAABA3B1CEF54A26172E5BCF5D7363F91C41AB9F07F3E341956D81E5B849613F13CCA5BE98F5EB97409DC23AB34EC62DBF54A3CA6B8DFCF6C64F547302</redirectLocation>
  <url>https://preproduccion.sge/login/login.jsp?site2pstoretoken=v1.4~CEF0A91F~92F5EB3860D68608222749A6EE5DA9D753B33B22D91D245717D87F70A309DDD58B0A25B7380E5FA400CB84D97336511CA1327DA950A6650A195C910065592B6309C42D6670604BA784D6C8EF33B2070AC01EFA89943A6602373DEB41A43E18BD27C06FA2A63FBE10C4CC25F2C78347E768976FF5B33CAE12742EAA21DA909FAC601BDD344779D7D2C4D9F4096C49A6A5E298D94A085D7716C8F7A8FABF3CFC1EC9D005930D9BE0D24E55A7040013BB22F212248A369EDA71D0D621FE4E8B304045465CA3C1F90BA2064C25D25B396E88DD4B19AAABA3B1CEF54A26172E5BCF5D7363F91C41AB9F07F3E341956D81E5B849613F13CCA5BE98F5EB97409DC23AB34EC62DBF54A3CA6B8DFCF6C64F547302&amp;p_error_code=&amp;p_submit_url=https%3A%2F%2Flogin-pre.sge%2Fsso%2Fauth&amp;p_cancel_url=https%3A%2F%2Fpreproduccion.sge&amp;ssousername=&amp;subscribername=</url>
</httpSample>
<httpSample t="188" lt="0" ts="1298631775199" s="true" lb="/gepa/ConexionAction.do" rc="200" by="5388">
  <responseHeader class="java.lang.String">HTTP/1.0 200 OK
Date: Fri, 25 Feb 2011 11:02:55 GMT
Server: Oracle-Application-Server-10g/10.1.2.2.0 Oracle-HTTP-Server
Content-Length: 5388
Set-Cookie: JSESSIONID=17325057b5354758c7373574fe15546f2eba7bb506e9e2bf817d6e0c9bf81807.e38Ob3aOaheRe34Mb3qSax0Pahz0nR9Pq6XteP93; path=/login
Content-Type: text/html; charset=ISO-8859-1
</responseHeader>
  <requestHeader class="java.lang.String">Accept-Language: es
Accept: */*
User-Agent: Mozilla/4.0 (compatible; MSIE 7.0; Windows NT 6.1; Trident/4.0; SLCC2; .NET CLR 2.0.50727; .NET CLR 3.5.30729; .NET CLR 3.0.30729; Media Center PC 6.0; MDDS; .NET4.0C)
Accept-Encoding: gzip, deflate
</requestHeader>
  <cookies class="java.lang.String"></cookies>
  <method class="java.lang.String">GET</method>
  <queryString class="java.lang.String"></queryString>
  <redirectLocation class="java.lang.String">https://login-pre.sge/pls/orasso/orasso.wwsso_app_admin.ls_login?Site2pstoreToken=v1.4~CEF0A91F~92F5EB3860D68608222749A6EE5DA9D753B33B22D91D245717D87F70A309DDD58B0A25B7380E5FA400CB84D97336511CA1327DA950A6650A195C910065592B6309C42D6670604BA784D6C8EF33B2070AC01EFA89943A6602373DEB41A43E18BDB1BC268C228704EA99FFDC47D1FCA5BE94FDEC8F7FE3F85F78BBAE22220238C8A3EB616892D8ED704E7DAD2EFDEE412224BE7B35B450C7BA70B0B8E2CDC48D70D4FA9DED97203D4BE02B8D647445904C1952EBDD50C206BFF9D6F8244998C823CE05FDC95E5269A9A4FB7E96367CD530499518802820368F52ABFA67A9D2368D2FA0C06E133463C306770C939E30289DEB277A4DBB6CAC616760510F9F5C96899A5F10654C171163D92B097454BE82B053CF28298A6C9686DB922EA09E9B26124AEBEFE9F0B8FD80ED14D690CA78A7F61CFE844B00549E8CF3E615BDAE7F4EC26D5778326913A1A1506FE6CD51EF6A9CC3E72F64B30EB7C6AE1563B636EF2C6B</redirectLocation>
  <url>https://preproduccion.sge/login/login.jsp?site2pstoretoken=v1.4~CEF0A91F~92F5EB3860D68608222749A6EE5DA9D753B33B22D91D245717D87F70A309DDD58B0A25B7380E5FA400CB84D97336511CA1327DA950A6650A195C910065592B6309C42D6670604BA784D6C8EF33B2070AC01EFA89943A6602373DEB41A43E18BDB1BC268C228704EA99FFDC47D1FCA5BE94FDEC8F7FE3F85F78BBAE22220238C8A3EB616892D8ED704E7DAD2EFDEE412224BE7B35B450C7BA70B0B8E2CDC48D70D4FA9DED97203D4BE02B8D647445904C1952EBDD50C206BFF9D6F8244998C823CE05FDC95E5269A9A4FB7E96367CD530499518802820368F52ABFA67A9D2368D2FA0C06E133463C306770C939E30289DEB277A4DBB6CAC616760510F9F5C96899A5F10654C171163D92B097454BE82B053CF28298A6C9686DB922EA09E9B26124AEBEFE9F0B8FD80ED14D690CA78A7F61CFE844B00549E8CF3E615BDAE7F4EC26D5778326913A1A1506FE6CD51EF6A9CC3E72F64B30EB7C6AE1563B636EF2C6B&amp;p_error_code=&amp;p_submit_url=https%3A%2F%2Flogin-pre.sge%2Fsso%2Fauth&amp;p_cancel_url=https%3A%2F%2Fpreproduccion.sge&amp;ssousername=&amp;subscribername=</url>
</httpSample>
<httpSample t="234" lt="0" ts="1298631775231" s="true" lb="/gepa/ResultadoBusquedaAction.do" rc="200" by="5004">
  <responseHeader class="java.lang.String">HTTP/1.0 200 OK
Date: Fri, 25 Feb 2011 11:02:55 GMT
Server: Oracle-Application-Server-10g/10.1.2.2.0 Oracle-HTTP-Server
Content-Length: 5004
Set-Cookie: JSESSIONID=1baa5429f12e1acdeea540a752bc1b2dc07b0984dfe6eb9909337aa318c4e3a2.e38Ob3aOaheRe34Mb3qSax0Pahz0nR9Pq6XteP93; path=/login
Content-Type: text/html; charset=ISO-8859-1
</responseHeader>
  <requestHeader class="java.lang.String">Accept-Language: es-ES
Accept: image/jpeg, application/x-ms-application, image/gif, application/xaml+xml, image/pjpeg, application/x-ms-xbap, application/vnd.ms-powerpoint, application/vnd.ms-excel, application/msword, */*
User-Agent: Mozilla/4.0 (compatible; MSIE 7.0; Windows NT 6.1; Trident/4.0; SLCC2; .NET CLR 2.0.50727; .NET CLR 3.5.30729; .NET CLR 3.0.30729; Media Center PC 6.0; MDDS; .NET4.0C)
Accept-Encoding: gzip, deflate
Referer: http://picasso:8888/gepa/BusquedaAction.do
</requestHeader>
  <cookies class="java.lang.String"></cookies>
  <method class="java.lang.String">GET</method>
  <queryString class="java.lang.String"></queryString>
  <redirectLocation class="java.lang.String">https://login-pre.sge/pls/orasso/orasso.wwsso_app_admin.ls_login?Site2pstoreToken=v1.4~CEF0A91F~92F5EB3860D68608222749A6EE5DA9D753B33B22D91D245717D87F70A309DDD58B0A25B7380E5FA400CB84D97336511CA1327DA950A6650A195C910065592B6309C42D6670604BA784D6C8EF33B2070AC01EFA89943A6602373DEB41A43E18BDAB213D475B699885C62C73E306C589B5726D4B6ABA618120DC94C1C752FFE8FE16432AE9E8794042CBEE9A74665A6CA9D2501DD997919847C36A7796CA0C5701C073F065673F7BFD8334DBBD705611D144B15493F419C674DC9B619B09B74A0811E3BE0435B70931DD901703D48FF07AD3E786619CE62AF8B3D97E985548D8A23FEC8AF459E80F8F915D9053E0228B93DFA545BB0B7D13DB9F5224933FA4DB87</redirectLocation>
  <url>https://preproduccion.sge/login/login.jsp?site2pstoretoken=v1.4~CEF0A91F~92F5EB3860D68608222749A6EE5DA9D753B33B22D91D245717D87F70A309DDD58B0A25B7380E5FA400CB84D97336511CA1327DA950A6650A195C910065592B6309C42D6670604BA784D6C8EF33B2070AC01EFA89943A6602373DEB41A43E18BDAB213D475B699885C62C73E306C589B5726D4B6ABA618120DC94C1C752FFE8FE16432AE9E8794042CBEE9A74665A6CA9D2501DD997919847C36A7796CA0C5701C073F065673F7BFD8334DBBD705611D144B15493F419C674DC9B619B09B74A0811E3BE0435B70931DD901703D48FF07AD3E786619CE62AF8B3D97E985548D8A23FEC8AF459E80F8F915D9053E0228B93DFA545BB0B7D13DB9F5224933FA4DB87&amp;p_error_code=&amp;p_submit_url=https%3A%2F%2Flogin-pre.sge%2Fsso%2Fauth&amp;p_cancel_url=https%3A%2F%2Fpreproduccion.sge&amp;ssousername=&amp;subscribername=</url>
</httpSample>
<httpSample t="250" lt="0" ts="1298631775403" s="true" lb="/gepa/scripts/scriptaculous/scriptaculous.js" rc="200" by="5068">
  <responseHeader class="java.lang.String">HTTP/1.0 200 OK
Date: Fri, 25 Feb 2011 11:02:55 GMT
Server: Oracle-Application-Server-10g/10.1.2.2.0 Oracle-HTTP-Server
Content-Length: 5068
Set-Cookie: JSESSIONID=cc1ce48dd892e97fe97e2ba9ad1e5053e9d5510880018076a2f7ff001bbe3584.e3eSbhiLaNyPe3yNbNyQc3qSai1BqBjKpPXxqAa; path=/login
Content-Type: text/html; charset=ISO-8859-1
</responseHeader>
  <requestHeader class="java.lang.String">Accept-Language: es-ES
Accept: */*
User-Agent: Mozilla/4.0 (compatible; MSIE 7.0; Windows NT 6.1; Trident/4.0; SLCC2; .NET CLR 2.0.50727; .NET CLR 3.5.30729; .NET CLR 3.0.30729; Media Center PC 6.0; MDDS; .NET4.0C)
Accept-Encoding: gzip, deflate
Referer: http://picasso:8888/gepa/ConexionAction.do?POSTDATA=variosPerfiles=true&amp;accion=iniciar&amp;codigoEntidad=DYS&amp;codigo=jcnegredo&amp;contrasenya=dysmatica&amp;rolSeleccionado=25
</requestHeader>
  <cookies class="java.lang.String"></cookies>
  <method class="java.lang.String">GET</method>
  <queryString class="java.lang.String"></queryString>
  <redirectLocation class="java.lang.String">https://login-pre.sge/pls/orasso/orasso.wwsso_app_admin.ls_login?Site2pstoreToken=v1.4~CEF0A91F~92F5EB3860D68608222749A6EE5DA9D753B33B22D91D245717D87F70A309DDD58B0A25B7380E5FA400CB84D97336511CA1327DA950A6650A195C910065592B6309C42D6670604BA784D6C8EF33B2070AC01EFA89943A6602373DEB41A43E18BD27C06FA2A63FBE10C4CC25F2C78347E768976FF5B33CAE12742EAA21DA909FAC601BDD344779D7D2C4D9F4096C49A6A5E298D94A085D7716C8F7A8FABF3CFC1EC9D005930D9BE0D24E55A7040013BB22F212248A369EDA71D0D621FE4E8B304045465CA3C1F90BA2064C25D25B396E88DD4B19AAABA3B1CEF54A26172E5BCF5D7363F91C41AB9F07F3E341956D81E5B849613F13CCA5BE98F5EB97409DC23AB34EC62DBF54A3CA6B8DFCF6C64F547302</redirectLocation>
  <url>https://preproduccion.sge/login/login.jsp?site2pstoretoken=v1.4~CEF0A91F~92F5EB3860D68608222749A6EE5DA9D753B33B22D91D245717D87F70A309DDD58B0A25B7380E5FA400CB84D97336511CA1327DA950A6650A195C910065592B6309C42D6670604BA784D6C8EF33B2070AC01EFA89943A6602373DEB41A43E18BD27C06FA2A63FBE10C4CC25F2C78347E768976FF5B33CAE12742EAA21DA909FAC601BDD344779D7D2C4D9F4096C49A6A5E298D94A085D7716C8F7A8FABF3CFC1EC9D005930D9BE0D24E55A7040013BB22F212248A369EDA71D0D621FE4E8B304045465CA3C1F90BA2064C25D25B396E88DD4B19AAABA3B1CEF54A26172E5BCF5D7363F91C41AB9F07F3E341956D81E5B849613F13CCA5BE98F5EB97409DC23AB34EC62DBF54A3CA6B8DFCF6C64F547302&amp;p_error_code=&amp;p_submit_url=https%3A%2F%2Flogin-pre.sge%2Fsso%2Fauth&amp;p_cancel_url=https%3A%2F%2Fpreproduccion.sge&amp;ssousername=&amp;subscribername=</url>
</httpSample>
<httpSample t="31" lt="31" ts="1298631775653" s="false" lb="/gepa/ConexionAction.do;jsessionid=eb634fe5b58b0bcb96508261e275709f9c8e236e3e15aeb347f0741aac2dda55" rc="500" by="778">
  <responseHeader class="java.lang.String">HTTP/1.0 500 Internal Server Error
Date: Fri, 25 Feb 2011 11:02:55 GMT
Server: Oracle-Application-Server-10g/10.1.2.2.0 Oracle-HTTP-Server
Content-Type: text/html; charset=iso-8859-1
</responseHeader>
  <requestHeader class="java.lang.String">Content-Type: application/x-www-form-urlencoded
Accept-Language: es-ES
Accept: image/jpeg, application/x-ms-application, image/gif, application/xaml+xml, image/pjpeg, application/x-ms-xbap, application/vnd.ms-powerpoint, application/vnd.ms-excel, application/msword, */*
User-Agent: Mozilla/4.0 (compatible; MSIE 7.0; Windows NT 6.1; Trident/4.0; SLCC2; .NET CLR 2.0.50727; .NET CLR 3.5.30729; .NET CLR 3.0.30729; Media Center PC 6.0; MDDS; .NET4.0C)
Accept-Encoding: gzip, deflate
Referer: http://picasso:8888/gepa/ConexionAction.do?POSTDATA=variosPerfiles=true&amp;accion=iniciar&amp;codigoEntidad=DYS&amp;codigo=jcnegredo&amp;contrasenya=dysmatica&amp;rolSeleccionado=25
Pragma: no-cache
</requestHeader>
  <cookies class="java.lang.String"></cookies>
  <method class="java.lang.String">POST</method>
  <queryString class="java.lang.String">variosPerfiles=true&amp;accion=seleccionarPerfil&amp;codigoEntidad=DYS&amp;rolSeleccionado=25</queryString>
  <url>https://preproduccion.sge:443/gepa/ConexionAction.do;jsessionid=eb634fe5b58b0bcb96508261e275709f9c8e236e3e15aeb347f0741aac2dda55</url>
</httpSample>
<httpSample t="219" lt="0" ts="1298631775465" s="true" lb="/gepa/scripts/scriptaculous/scriptaculous.js" rc="200" by="5068">
  <responseHeader class="java.lang.String">HTTP/1.0 200 OK
Date: Fri, 25 Feb 2011 11:02:55 GMT
Server: Oracle-Application-Server-10g/10.1.2.2.0 Oracle-HTTP-Server
Content-Length: 5068
Set-Cookie: JSESSIONID=3b52b604d5b6bfa02e8c424f9ec65d6bfae659c5e20555871b81b4a93ba6f851.e3eSbhiLaNyPe3yNbNyQc3qSai1BqBjKpPXxqAa; path=/login
Content-Type: text/html; charset=ISO-8859-1
</responseHeader>
  <requestHeader class="java.lang.String">Accept-Language: es-ES
Accept: */*
User-Agent: Mozilla/4.0 (compatible; MSIE 7.0; Windows NT 6.1; Trident/4.0; SLCC2; .NET CLR 2.0.50727; .NET CLR 3.5.30729; .NET CLR 3.0.30729; Media Center PC 6.0; MDDS; .NET4.0C)
Accept-Encoding: gzip, deflate
Referer: http://picasso:8888/gepa/ResultadoBusquedaAction.do?accion=gestionExp&amp;indice=0
</requestHeader>
  <cookies class="java.lang.String"></cookies>
  <method class="java.lang.String">GET</method>
  <queryString class="java.lang.String"></queryString>
  <redirectLocation class="java.lang.String">https://login-pre.sge/pls/orasso/orasso.wwsso_app_admin.ls_login?Site2pstoreToken=v1.4~CEF0A91F~92F5EB3860D68608222749A6EE5DA9D753B33B22D91D245717D87F70A309DDD58B0A25B7380E5FA400CB84D97336511CA1327DA950A6650A195C910065592B6309C42D6670604BA784D6C8EF33B2070AC01EFA89943A6602373DEB41A43E18BD27C06FA2A63FBE10C4CC25F2C78347E768976FF5B33CAE12742EAA21DA909FAC601BDD344779D7D2C4D9F4096C49A6A5E298D94A085D7716C8F7A8FABF3CFC1EC9D005930D9BE0D24E55A7040013BB22F212248A369EDA71D0D621FE4E8B304045465CA3C1F90BA2064C25D25B396E88DD4B19AAABA3B1CEF54A26172E5BCF5D7363F91C41AB9F07F3E341956D81E5B849613F13CCA5BE98F5EB97409DC23AB34EC62DBF54A3CA6B8DFCF6C64F547302</redirectLocation>
  <url>https://preproduccion.sge/login/login.jsp?site2pstoretoken=v1.4~CEF0A91F~92F5EB3860D68608222749A6EE5DA9D753B33B22D91D245717D87F70A309DDD58B0A25B7380E5FA400CB84D97336511CA1327DA950A6650A195C910065592B6309C42D6670604BA784D6C8EF33B2070AC01EFA89943A6602373DEB41A43E18BD27C06FA2A63FBE10C4CC25F2C78347E768976FF5B33CAE12742EAA21DA909FAC601BDD344779D7D2C4D9F4096C49A6A5E298D94A085D7716C8F7A8FABF3CFC1EC9D005930D9BE0D24E55A7040013BB22F212248A369EDA71D0D621FE4E8B304045465CA3C1F90BA2064C25D25B396E88DD4B19AAABA3B1CEF54A26172E5BCF5D7363F91C41AB9F07F3E341956D81E5B849613F13CCA5BE98F5EB97409DC23AB34EC62DBF54A3CA6B8DFCF6C64F547302&amp;p_error_code=&amp;p_submit_url=https%3A%2F%2Flogin-pre.sge%2Fsso%2Fauth&amp;p_cancel_url=https%3A%2F%2Fpreproduccion.sge&amp;ssousername=&amp;subscribername=</url>
</httpSample>
<httpSample t="219" lt="0" ts="1298631775684" s="true" lb="/gepa/scripts/scriptaculous/scriptaculous.js" rc="200" by="5068">
  <responseHeader class="java.lang.String">HTTP/1.0 200 OK
Date: Fri, 25 Feb 2011 11:02:55 GMT
Server: Oracle-Application-Server-10g/10.1.2.2.0 Oracle-HTTP-Server
Content-Length: 5068
Set-Cookie: JSESSIONID=57ff10193b1ec77a3b39ad182fafaed1594b37d833e57df2b457a796f885cdd2.e38Ob3aOaheRe34Mb3qSax0Pahz0nR9Pq6XteP93; path=/login
Content-Type: text/html; charset=ISO-8859-1
</responseHeader>
  <requestHeader class="java.lang.String">Accept-Language: es-ES
Accept: */*
User-Agent: Mozilla/4.0 (compatible; MSIE 7.0; Windows NT 6.1; Trident/4.0; SLCC2; .NET CLR 2.0.50727; .NET CLR 3.5.30729; .NET CLR 3.0.30729; Media Center PC 6.0; MDDS; .NET4.0C)
Accept-Encoding: gzip, deflate
Referer: http://picasso:8888/gepa/ConexionAction.do;jsessionid=eb634fe5b58b0bcb96508261e275709f9c8e236e3e15aeb347f0741aac2dda55
</requestHeader>
  <cookies class="java.lang.String"></cookies>
  <method class="java.lang.String">GET</method>
  <queryString class="java.lang.String"></queryString>
  <redirectLocation class="java.lang.String">https://login-pre.sge/pls/orasso/orasso.wwsso_app_admin.ls_login?Site2pstoreToken=v1.4~CEF0A91F~92F5EB3860D68608222749A6EE5DA9D753B33B22D91D245717D87F70A309DDD58B0A25B7380E5FA400CB84D97336511CA1327DA950A6650A195C910065592B6309C42D6670604BA784D6C8EF33B2070AC01EFA89943A6602373DEB41A43E18BD27C06FA2A63FBE10C4CC25F2C78347E768976FF5B33CAE12742EAA21DA909FAC601BDD344779D7D2C4D9F4096C49A6A5E298D94A085D7716C8F7A8FABF3CFC1EC9D005930D9BE0D24E55A7040013BB22F212248A369EDA71D0D621FE4E8B304045465CA3C1F90BA2064C25D25B396E88DD4B19AAABA3B1CEF54A26172E5BCF5D7363F91C41AB9F07F3E341956D81E5B849613F13CCA5BE98F5EB97409DC23AB34EC62DBF54A3CA6B8DFCF6C64F547302</redirectLocation>
  <url>https://preproduccion.sge/login/login.jsp?site2pstoretoken=v1.4~CEF0A91F~92F5EB3860D68608222749A6EE5DA9D753B33B22D91D245717D87F70A309DDD58B0A25B7380E5FA400CB84D97336511CA1327DA950A6650A195C910065592B6309C42D6670604BA784D6C8EF33B2070AC01EFA89943A6602373DEB41A43E18BD27C06FA2A63FBE10C4CC25F2C78347E768976FF5B33CAE12742EAA21DA909FAC601BDD344779D7D2C4D9F4096C49A6A5E298D94A085D7716C8F7A8FABF3CFC1EC9D005930D9BE0D24E55A7040013BB22F212248A369EDA71D0D621FE4E8B304045465CA3C1F90BA2064C25D25B396E88DD4B19AAABA3B1CEF54A26172E5BCF5D7363F91C41AB9F07F3E341956D81E5B849613F13CCA5BE98F5EB97409DC23AB34EC62DBF54A3CA6B8DFCF6C64F547302&amp;p_error_code=&amp;p_submit_url=https%3A%2F%2Flogin-pre.sge%2Fsso%2Fauth&amp;p_cancel_url=https%3A%2F%2Fpreproduccion.sge&amp;ssousername=&amp;subscribername=</url>
</httpSample>
<httpSample t="15" lt="15" ts="1298631775903" s="false" lb="/gepa/BusquedaAction.do" rc="500" by="778">
  <responseHeader class="java.lang.String">HTTP/1.0 500 Internal Server Error
Date: Fri, 25 Feb 2011 11:02:55 GMT
Server: Oracle-Application-Server-10g/10.1.2.2.0 Oracle-HTTP-Server
Content-Type: text/html; charset=iso-8859-1
</responseHeader>
  <requestHeader class="java.lang.String">Content-Type: application/x-www-form-urlencoded
Accept-Language: es-ES
Accept: image/jpeg, application/x-ms-application, image/gif, application/xaml+xml, image/pjpeg, application/x-ms-xbap, application/vnd.ms-powerpoint, application/vnd.ms-excel, application/msword, */*
User-Agent: Mozilla/4.0 (compatible; MSIE 7.0; Windows NT 6.1; Trident/4.0; SLCC2; .NET CLR 2.0.50727; .NET CLR 3.5.30729; .NET CLR 3.0.30729; Media Center PC 6.0; MDDS; .NET4.0C)
Accept-Encoding: gzip, deflate
Referer: http://picasso:8888/gepa/ConexionAction.do;jsessionid=eb634fe5b58b0bcb96508261e275709f9c8e236e3e15aeb347f0741aac2dda55
Pragma: no-cache
</requestHeader>
  <cookies class="java.lang.String"></cookies>
  <method class="java.lang.String">POST</method>
  <queryString class="java.lang.String">accion=buscar&amp;modo=rapida&amp;avanzadaDesplegada=false&amp;descElemPesado=&amp;identificacionRapida=&amp;nombreRapida=&amp;apellido1Rapida=&amp;apellido2Rapida=&amp;anyoRapida=&amp;numeroRapida=&amp;desdeRapida=&amp;hastaRapida=&amp;tramiteRapida=-1&amp;estadoRapida=-1&amp;idBusqueda=-1&amp;idClases=26&amp;metaTipo0=STRING&amp;metaTipo1=STRING&amp;metaTipo2=LISTA&amp;metaTipo3=STRING&amp;metaTipo4=LISTA_PESADA&amp;metaTipo5=STRING&amp;metaTipo6=LISTA&amp;metaTipo7=STRING&amp;metaTipo8=STRING&amp;metaTipo9=STRING&amp;metaTipo10=STRING&amp;metaTipo11=STRING&amp;metaTipo12=STRING&amp;metaTipo13=LISTA&amp;metaTipo14=STRING&amp;metaTipo15=TIMESTAMP&amp;metaTipo16=TIMESTAMP&amp;metaTipo17=TIMESTAMP&amp;metaTipo18=LISTA&amp;metaTipo19=LISTA_PESADA&amp;metaTipo20=STRING&amp;metaTipo21=STRING&amp;metaTipo22=STRING&amp;metaTipo23=STRING&amp;metaTipo24=STRING&amp;metaTipo25=LISTA_PESADA&amp;metaTipo26=LISTA&amp;metaTipo27=STRING&amp;metaTipo28=LISTA&amp;metaTipo29=STRING&amp;metaTipo30=STRING&amp;metaTipo31=INTEGER&amp;metaTipo32=STRING&amp;metaTipo33=STRING&amp;metaTipo34=STRING&amp;metaTipo35=LISTA&amp;metaTipo36=LISTA&amp;metaTipo37=LISTA&amp;metaTipo38=STRING&amp;metaTipo39=SEPARADOR&amp;metaTipo40=BOOLEAN&amp;metaTipo41=STRING&amp;metaTipo42=STRING&amp;metaTipo43=STRING&amp;metaTipo44=LISTA&amp;metaTipo45=BOOLEAN&amp;metaTipo46=BOOLEAN&amp;metaTipo47=BOOLEAN&amp;metaTipo48=STRING&amp;metaTipo49=TIMESTAMP&amp;metaTipo50=TIMESTAMP&amp;metaTipo51=TIMESTAMP&amp;metaTipo52=TIMESTAMP&amp;metaTipo53=TIMESTAMP&amp;metaTipo54=TIMESTAMP&amp;metaTipo55=TIMESTAMP&amp;metaTipo56=TIMESTAMP&amp;metaTipo57=TIMESTAMP&amp;metaTipo58=TIMESTAMP&amp;metaTipo59=TIMESTAMP&amp;metaTipo60=TIMESTAMP&amp;metaTipo61=TIMESTAMP&amp;metaTipo62=TIMESTAMP&amp;metaTipo63=TIMESTAMP&amp;metaTipo64=LISTA&amp;metaTipo65=LISTA&amp;metaTipo66=LISTA&amp;metaTipo67=DOUBLE&amp;metaTipo68=DOUBLE&amp;metaTipo69=DOUBLE&amp;metaTipo70=DOUBLE&amp;metaTipo71=DOUBLE&amp;metaTipo72=DOUBLE&amp;metaTipo73=DOUBLE&amp;metaTipo74=BOOLEAN&amp;metaTipo75=LISTA&amp;metaTipo76=STRING&amp;metaTipo77=STRING&amp;metaTipo78=STRING&amp;metaTipo79=STRING&amp;metaTipo80=STRING&amp;metaTipo81=STRING&amp;metaTipo82=STRING&amp;metaTipo83=BOOLEAN&amp;metaTipo84=BOOLEAN&amp;metaTipo85=STRING&amp;metaTipo86=LISTA&amp;metaTipo87=LISTA&amp;metaTipo88=LISTA_PESADA&amp;metaTipo89=LISTA&amp;metaTipo90=LISTA&amp;metaTipo91=STRING&amp;metaTipo92=LISTA&amp;metaTipo93=STRING&amp;metaTipo94=STRING&amp;metaTipo95=LISTA&amp;metaTipo96=LISTA&amp;metaTipo97=LISTA&amp;metaTipo98=BOOLEAN&amp;metaTipo99=LISTA&amp;metaTipo100=BOOLEAN&amp;metaTipo101=LISTA&amp;metaTipo102=LISTA&amp;metaTipo103=BOOLEAN&amp;metaTipo104=BOOLEAN&amp;metaTipo105=LISTA&amp;metaTipo106=LISTA&amp;metaTipo107=LISTA&amp;metaTipo108=LISTA&amp;metaTipo109=LISTA&amp;metaTipo110=STRING&amp;metaTipo111=LISTA&amp;valor=&amp;valorPesado=&amp;lista37=-1&amp;lista36=-1&amp;lista35=-1&amp;lista99=-1&amp;lista109=-1&amp;lista66=-1&amp;lista98=-1&amp;lista108=-1&amp;lista65=-1&amp;lista97=-1&amp;lista107=-1&amp;lista64=-1&amp;lista96=-1&amp;lista106=-1&amp;lista95=-1&amp;lista105=-1&amp;lista104=-1&amp;lista92=-1&amp;lista103=-1&amp;lista102=-1&amp;lista90=-1&amp;lista101=-1&amp;lista100=-1&amp;lista28=-1&amp;lista26=-1&amp;lista89=-1&amp;lista87=-1&amp;lista86=-1&amp;lista6=-1&amp;lista84=-1&amp;lista83=-1&amp;lista2=-1&amp;lista18=-1&amp;lista47=-1&amp;lista46=-1&amp;lista13=-1&amp;lista45=-1&amp;lista44=-1&amp;lista75=-1&amp;lista74=-1&amp;lista40=-1&amp;lista111=-1</queryString>
  <url>https://preproduccion.sge:443/gepa/BusquedaAction.do</url>
</httpSample>
<httpSample t="234" lt="0" ts="1298631775684" s="true" lb="/gepa/ConexionAction.do" rc="200" by="5388">
  <responseHeader class="java.lang.String">HTTP/1.0 200 OK
Date: Fri, 25 Feb 2011 11:02:55 GMT
Server: Oracle-Application-Server-10g/10.1.2.2.0 Oracle-HTTP-Server
Content-Length: 5388
Set-Cookie: JSESSIONID=1d47772b5635a837274f4d052dac9545ae31ac79b9cb7d7be43c3a8e748c6f7b.e38Ob3aOaheRe34Mb3qSax0Pahz0nR9Pq6XteP93; path=/login
Content-Type: text/html; charset=ISO-8859-1
</responseHeader>
  <requestHeader class="java.lang.String">Accept-Language: es
Accept: */*
User-Agent: Mozilla/4.0 (compatible; MSIE 7.0; Windows NT 6.1; Trident/4.0; SLCC2; .NET CLR 2.0.50727; .NET CLR 3.5.30729; .NET CLR 3.0.30729; Media Center PC 6.0; MDDS; .NET4.0C)
Accept-Encoding: gzip, deflate
</requestHeader>
  <cookies class="java.lang.String"></cookies>
  <method class="java.lang.String">GET</method>
  <queryString class="java.lang.String"></queryString>
  <redirectLocation class="java.lang.String">https://login-pre.sge/pls/orasso/orasso.wwsso_app_admin.ls_login?Site2pstoreToken=v1.4~CEF0A91F~92F5EB3860D68608222749A6EE5DA9D753B33B22D91D245717D87F70A309DDD58B0A25B7380E5FA400CB84D97336511CA1327DA950A6650A195C910065592B6309C42D6670604BA784D6C8EF33B2070AC01EFA89943A6602373DEB41A43E18BDB1BC268C228704EA99FFDC47D1FCA5BE94FDEC8F7FE3F85F78BBAE22220238C8A3EB616892D8ED704E7DAD2EFDEE412224BE7B35B450C7BA70B0B8E2CDC48D70D4FA9DED97203D4BE02B8D647445904C1952EBDD50C206BFF9D6F8244998C823CE05FDC95E5269A9A4FB7E96367CD530499518802820368F52ABFA67A9D2368D2FA0C06E133463C306770C939E30289DEB277A4DBB6CAC616760510F9F5C96899A5F10654C171163D92B097454BE82B053CF28298A6C9686DB922EA09E9B26124AEBEFE9F0B8FD80ED14D690CA78A7F61CFE844B00549E8CF3E615BDAE7F4EC26D5778326913A1A1506FE6CD51EF6A9CC3E72F64B30EB7C6AE1563B636EF2C6B</redirectLocation>
  <url>https://preproduccion.sge/login/login.jsp?site2pstoretoken=v1.4~CEF0A91F~92F5EB3860D68608222749A6EE5DA9D753B33B22D91D245717D87F70A309DDD58B0A25B7380E5FA400CB84D97336511CA1327DA950A6650A195C910065592B6309C42D6670604BA784D6C8EF33B2070AC01EFA89943A6602373DEB41A43E18BDB1BC268C228704EA99FFDC47D1FCA5BE94FDEC8F7FE3F85F78BBAE22220238C8A3EB616892D8ED704E7DAD2EFDEE412224BE7B35B450C7BA70B0B8E2CDC48D70D4FA9DED97203D4BE02B8D647445904C1952EBDD50C206BFF9D6F8244998C823CE05FDC95E5269A9A4FB7E96367CD530499518802820368F52ABFA67A9D2368D2FA0C06E133463C306770C939E30289DEB277A4DBB6CAC616760510F9F5C96899A5F10654C171163D92B097454BE82B053CF28298A6C9686DB922EA09E9B26124AEBEFE9F0B8FD80ED14D690CA78A7F61CFE844B00549E8CF3E615BDAE7F4EC26D5778326913A1A1506FE6CD51EF6A9CC3E72F64B30EB7C6AE1563B636EF2C6B&amp;p_error_code=&amp;p_submit_url=https%3A%2F%2Flogin-pre.sge%2Fsso%2Fauth&amp;p_cancel_url=https%3A%2F%2Fpreproduccion.sge&amp;ssousername=&amp;subscribername=</url>
</httpSample>
<httpSample t="219" lt="0" ts="1298631775918" s="true" lb="/gepa/scripts/scriptaculous/scriptaculous.js" rc="200" by="5068">
  <responseHeader class="java.lang.String">HTTP/1.0 200 OK
Date: Fri, 25 Feb 2011 11:02:56 GMT
Server: Oracle-Application-Server-10g/10.1.2.2.0 Oracle-HTTP-Server
Content-Length: 5068
Set-Cookie: JSESSIONID=9f1369bf5ed552e8515e86a833fb12a336a97822c780dcc5eeee782bddb06318.e3eSbhiLaNyPe3yNbNyQc3qSai1BqBjKpPXxqAa; path=/login
Content-Type: text/html; charset=ISO-8859-1
</responseHeader>
  <requestHeader class="java.lang.String">Accept-Language: es-ES
Accept: */*
User-Agent: Mozilla/4.0 (compatible; MSIE 7.0; Windows NT 6.1; Trident/4.0; SLCC2; .NET CLR 2.0.50727; .NET CLR 3.5.30729; .NET CLR 3.0.30729; Media Center PC 6.0; MDDS; .NET4.0C)
Accept-Encoding: gzip, deflate
Referer: http://picasso:8888/gepa/BusquedaAction.do
</requestHeader>
  <cookies class="java.lang.String"></cookies>
  <method class="java.lang.String">GET</method>
  <queryString class="java.lang.String"></queryString>
  <redirectLocation class="java.lang.String">https://login-pre.sge/pls/orasso/orasso.wwsso_app_admin.ls_login?Site2pstoreToken=v1.4~CEF0A91F~92F5EB3860D68608222749A6EE5DA9D753B33B22D91D245717D87F70A309DDD58B0A25B7380E5FA400CB84D97336511CA1327DA950A6650A195C910065592B6309C42D6670604BA784D6C8EF33B2070AC01EFA89943A6602373DEB41A43E18BD27C06FA2A63FBE10C4CC25F2C78347E768976FF5B33CAE12742EAA21DA909FAC601BDD344779D7D2C4D9F4096C49A6A5E298D94A085D7716C8F7A8FABF3CFC1EC9D005930D9BE0D24E55A7040013BB22F212248A369EDA71D0D621FE4E8B304045465CA3C1F90BA2064C25D25B396E88DD4B19AAABA3B1CEF54A26172E5BCF5D7363F91C41AB9F07F3E341956D81E5B849613F13CCA5BE98F5EB97409DC23AB34EC62DBF54A3CA6B8DFCF6C64F547302</redirectLocation>
  <url>https://preproduccion.sge/login/login.jsp?site2pstoretoken=v1.4~CEF0A91F~92F5EB3860D68608222749A6EE5DA9D753B33B22D91D245717D87F70A309DDD58B0A25B7380E5FA400CB84D97336511CA1327DA950A6650A195C910065592B6309C42D6670604BA784D6C8EF33B2070AC01EFA89943A6602373DEB41A43E18BD27C06FA2A63FBE10C4CC25F2C78347E768976FF5B33CAE12742EAA21DA909FAC601BDD344779D7D2C4D9F4096C49A6A5E298D94A085D7716C8F7A8FABF3CFC1EC9D005930D9BE0D24E55A7040013BB22F212248A369EDA71D0D621FE4E8B304045465CA3C1F90BA2064C25D25B396E88DD4B19AAABA3B1CEF54A26172E5BCF5D7363F91C41AB9F07F3E341956D81E5B849613F13CCA5BE98F5EB97409DC23AB34EC62DBF54A3CA6B8DFCF6C64F547302&amp;p_error_code=&amp;p_submit_url=https%3A%2F%2Flogin-pre.sge%2Fsso%2Fauth&amp;p_cancel_url=https%3A%2F%2Fpreproduccion.sge&amp;ssousername=&amp;subscribername=</url>
</httpSample>
<httpSample t="219" lt="0" ts="1298631775918" s="true" lb="/gepa/scripts/scriptaculous/scriptaculous.js" rc="200" by="5068">
  <responseHeader class="java.lang.String">HTTP/1.0 200 OK
Date: Fri, 25 Feb 2011 11:02:56 GMT
Server: Oracle-Application-Server-10g/10.1.2.2.0 Oracle-HTTP-Server
Content-Length: 5068
Set-Cookie: JSESSIONID=86d04efff52f743a26f5d25b5c68d8a95c690780daedc4f70a50747caced11d2.e3eSbhiLaNyPe3yNbNyQc3qSai1BqBjKpPXxqAa; path=/login
Content-Type: text/html; charset=ISO-8859-1
</responseHeader>
  <requestHeader class="java.lang.String">Accept-Language: es-ES
Accept: */*
User-Agent: Mozilla/4.0 (compatible; MSIE 7.0; Windows NT 6.1; Trident/4.0; SLCC2; .NET CLR 2.0.50727; .NET CLR 3.5.30729; .NET CLR 3.0.30729; Media Center PC 6.0; MDDS; .NET4.0C)
Accept-Encoding: gzip, deflate
Referer: http://picasso:8888/gepa/ConexionAction.do?POSTDATA=variosPerfiles=true&amp;accion=iniciar&amp;codigoEntidad=DYS&amp;codigo=jcnegredo&amp;contrasenya=dysmatica&amp;rolSeleccionado=25
</requestHeader>
  <cookies class="java.lang.String"></cookies>
  <method class="java.lang.String">GET</method>
  <queryString class="java.lang.String"></queryString>
  <redirectLocation class="java.lang.String">https://login-pre.sge/pls/orasso/orasso.wwsso_app_admin.ls_login?Site2pstoreToken=v1.4~CEF0A91F~92F5EB3860D68608222749A6EE5DA9D753B33B22D91D245717D87F70A309DDD58B0A25B7380E5FA400CB84D97336511CA1327DA950A6650A195C910065592B6309C42D6670604BA784D6C8EF33B2070AC01EFA89943A6602373DEB41A43E18BD27C06FA2A63FBE10C4CC25F2C78347E768976FF5B33CAE12742EAA21DA909FAC601BDD344779D7D2C4D9F4096C49A6A5E298D94A085D7716C8F7A8FABF3CFC1EC9D005930D9BE0D24E55A7040013BB22F212248A369EDA71D0D621FE4E8B304045465CA3C1F90BA2064C25D25B396E88DD4B19AAABA3B1CEF54A26172E5BCF5D7363F91C41AB9F07F3E341956D81E5B849613F13CCA5BE98F5EB97409DC23AB34EC62DBF54A3CA6B8DFCF6C64F547302</redirectLocation>
  <url>https://preproduccion.sge/login/login.jsp?site2pstoretoken=v1.4~CEF0A91F~92F5EB3860D68608222749A6EE5DA9D753B33B22D91D245717D87F70A309DDD58B0A25B7380E5FA400CB84D97336511CA1327DA950A6650A195C910065592B6309C42D6670604BA784D6C8EF33B2070AC01EFA89943A6602373DEB41A43E18BD27C06FA2A63FBE10C4CC25F2C78347E768976FF5B33CAE12742EAA21DA909FAC601BDD344779D7D2C4D9F4096C49A6A5E298D94A085D7716C8F7A8FABF3CFC1EC9D005930D9BE0D24E55A7040013BB22F212248A369EDA71D0D621FE4E8B304045465CA3C1F90BA2064C25D25B396E88DD4B19AAABA3B1CEF54A26172E5BCF5D7363F91C41AB9F07F3E341956D81E5B849613F13CCA5BE98F5EB97409DC23AB34EC62DBF54A3CA6B8DFCF6C64F547302&amp;p_error_code=&amp;p_submit_url=https%3A%2F%2Flogin-pre.sge%2Fsso%2Fauth&amp;p_cancel_url=https%3A%2F%2Fpreproduccion.sge&amp;ssousername=&amp;subscribername=</url>
</httpSample>
<httpSample t="16" lt="16" ts="1298631776137" s="false" lb="/gepa/ConexionAction.do;jsessionid=eb634fe5b58b0bcb96508261e275709f9c8e236e3e15aeb347f0741aac2dda55" rc="500" by="778">
  <responseHeader class="java.lang.String">HTTP/1.0 500 Internal Server Error
Date: Fri, 25 Feb 2011 11:02:56 GMT
Server: Oracle-Application-Server-10g/10.1.2.2.0 Oracle-HTTP-Server
Content-Type: text/html; charset=iso-8859-1
</responseHeader>
  <requestHeader class="java.lang.String">Content-Type: application/x-www-form-urlencoded
Accept-Language: es-ES
Accept: image/jpeg, application/x-ms-application, image/gif, application/xaml+xml, image/pjpeg, application/x-ms-xbap, application/vnd.ms-powerpoint, application/vnd.ms-excel, application/msword, */*
User-Agent: Mozilla/4.0 (compatible; MSIE 7.0; Windows NT 6.1; Trident/4.0; SLCC2; .NET CLR 2.0.50727; .NET CLR 3.5.30729; .NET CLR 3.0.30729; Media Center PC 6.0; MDDS; .NET4.0C)
Accept-Encoding: gzip, deflate
Referer: http://picasso:8888/gepa/ConexionAction.do?POSTDATA=variosPerfiles=true&amp;accion=iniciar&amp;codigoEntidad=DYS&amp;codigo=jcnegredo&amp;contrasenya=dysmatica&amp;rolSeleccionado=25
Pragma: no-cache
</requestHeader>
  <cookies class="java.lang.String"></cookies>
  <method class="java.lang.String">POST</method>
  <queryString class="java.lang.String">variosPerfiles=true&amp;accion=seleccionarPerfil&amp;codigoEntidad=DYS&amp;rolSeleccionado=25</queryString>
  <url>https://preproduccion.sge:443/gepa/ConexionAction.do;jsessionid=eb634fe5b58b0bcb96508261e275709f9c8e236e3e15aeb347f0741aac2dda55</url>
</httpSample>
<httpSample t="219" lt="0" ts="1298631776137" s="true" lb="/gepa/ResultadoBusquedaAction.do" rc="200" by="5004">
  <responseHeader class="java.lang.String">HTTP/1.0 200 OK
Date: Fri, 25 Feb 2011 11:02:56 GMT
Server: Oracle-Application-Server-10g/10.1.2.2.0 Oracle-HTTP-Server
Content-Length: 5004
Set-Cookie: JSESSIONID=34be692e8c018650793bdffe7e4a4013724c604f3f38f4b21d7afcf6d0308904.e38Ob3aOaheRe34Mb3qSax0Pahz0nR9Pq6XteP93; path=/login
Content-Type: text/html; charset=ISO-8859-1
</responseHeader>
  <requestHeader class="java.lang.String">Accept-Language: es-ES
Accept: image/jpeg, application/x-ms-application, image/gif, application/xaml+xml, image/pjpeg, application/x-ms-xbap, application/vnd.ms-powerpoint, application/vnd.ms-excel, application/msword, */*
User-Agent: Mozilla/4.0 (compatible; MSIE 7.0; Windows NT 6.1; Trident/4.0; SLCC2; .NET CLR 2.0.50727; .NET CLR 3.5.30729; .NET CLR 3.0.30729; Media Center PC 6.0; MDDS; .NET4.0C)
Accept-Encoding: gzip, deflate
Referer: http://picasso:8888/gepa/BusquedaAction.do
</requestHeader>
  <cookies class="java.lang.String"></cookies>
  <method class="java.lang.String">GET</method>
  <queryString class="java.lang.String"></queryString>
  <redirectLocation class="java.lang.String">https://login-pre.sge/pls/orasso/orasso.wwsso_app_admin.ls_login?Site2pstoreToken=v1.4~CEF0A91F~8B05F5F6347F1BC26BB465D87F4D7D3C0485AEEEA7EF30940BF7CD4B29E38DF80476F5B4E856A42D36F2F3B059F2037D4E7CB18419655CD252B11BF16C95C710B3FEE5533DEABC62912340F93B613C2091986F9104C393A6A4765F1F9B1FE488348DA016C40FB79F1D8A7D605D2586D5BCAB69FA39603B87E484F0AA95F5B78B81CC7EA9DD101D9B4D16D55A6FCA6DC2BA98D54C69527791B0A7F0177BB20A27A6FE71F1AC06FAC02BE6ADA236828336B1BD8CA08013FA08E6E60E9C4F9D0799665100D0B6DC922D71353C1D67C69A82AAFF9E4924CB3023612045B3053F600AAB2714123C29D4168FE152D3CAC91A13E7498EC679A30E24221A1BEBA352873C</redirectLocation>
  <url>https://preproduccion.sge/login/login.jsp?site2pstoretoken=v1.4~CEF0A91F~8B05F5F6347F1BC26BB465D87F4D7D3C0485AEEEA7EF30940BF7CD4B29E38DF80476F5B4E856A42D36F2F3B059F2037D4E7CB18419655CD252B11BF16C95C710B3FEE5533DEABC62912340F93B613C2091986F9104C393A6A4765F1F9B1FE488348DA016C40FB79F1D8A7D605D2586D5BCAB69FA39603B87E484F0AA95F5B78B81CC7EA9DD101D9B4D16D55A6FCA6DC2BA98D54C69527791B0A7F0177BB20A27A6FE71F1AC06FAC02BE6ADA236828336B1BD8CA08013FA08E6E60E9C4F9D0799665100D0B6DC922D71353C1D67C69A82AAFF9E4924CB3023612045B3053F600AAB2714123C29D4168FE152D3CAC91A13E7498EC679A30E24221A1BEBA352873C&amp;p_error_code=&amp;p_submit_url=https%3A%2F%2Flogin-pre.sge%2Fsso%2Fauth&amp;p_cancel_url=https%3A%2F%2Fpreproduccion.sge&amp;ssousername=&amp;subscribername=</url>
</httpSample>
<httpSample t="234" lt="0" ts="1298631776153" s="true" lb="/gepa/scripts/scriptaculous/scriptaculous.js" rc="200" by="5068">
  <responseHeader class="java.lang.String">HTTP/1.0 200 OK
Date: Fri, 25 Feb 2011 11:02:56 GMT
Server: Oracle-Application-Server-10g/10.1.2.2.0 Oracle-HTTP-Server
Content-Length: 5068
Set-Cookie: JSESSIONID=99577c2f339ddf88fafba4d11f7ddceaa6a1db6f2a2e728c881a8b8cc1b00145.e38Ob3aOaheRe34Mb3qSax0Pahz0nR9Pq6XteP93; path=/login
Content-Type: text/html; charset=ISO-8859-1
</responseHeader>
  <requestHeader class="java.lang.String">Accept-Language: es-ES
Accept: */*
User-Agent: Mozilla/4.0 (compatible; MSIE 7.0; Windows NT 6.1; Trident/4.0; SLCC2; .NET CLR 2.0.50727; .NET CLR 3.5.30729; .NET CLR 3.0.30729; Media Center PC 6.0; MDDS; .NET4.0C)
Accept-Encoding: gzip, deflate
Referer: http://picasso:8888/gepa/ConexionAction.do;jsessionid=eb634fe5b58b0bcb96508261e275709f9c8e236e3e15aeb347f0741aac2dda55
</requestHeader>
  <cookies class="java.lang.String"></cookies>
  <method class="java.lang.String">GET</method>
  <queryString class="java.lang.String"></queryString>
  <redirectLocation class="java.lang.String">https://login-pre.sge/pls/orasso/orasso.wwsso_app_admin.ls_login?Site2pstoreToken=v1.4~CEF0A91F~8B05F5F6347F1BC26BB465D87F4D7D3C0485AEEEA7EF30940BF7CD4B29E38DF80476F5B4E856A42D36F2F3B059F2037D4E7CB18419655CD252B11BF16C95C710B3FEE5533DEABC62912340F93B613C2091986F9104C393A6A4765F1F9B1FE48830B66A26CD04FDD39BAD3291CE27809CA3CFF6A88B3F9C745DEA01787C0BCD53FF3A01D24C0B361695F5AAD626959EF3462A1E967F5759C9EDC381D04F35BE77A68B1AD9CD98671B8980D897B09791B2CBCF4B0BBF63F142D865B7FD5A71E45A12F7C5BA64E6841D525141F7D5AD9D2458D303FDCD411168E64765A1A1F223F74F80AFA58777E3104CB1D1EBB737B1CD5302EAEFFA5547C133DFF6917430BA2819F0FE9946B8FB27525071B0548F2B59</redirectLocation>
  <url>https://preproduccion.sge/login/login.jsp?site2pstoretoken=v1.4~CEF0A91F~8B05F5F6347F1BC26BB465D87F4D7D3C0485AEEEA7EF30940BF7CD4B29E38DF80476F5B4E856A42D36F2F3B059F2037D4E7CB18419655CD252B11BF16C95C710B3FEE5533DEABC62912340F93B613C2091986F9104C393A6A4765F1F9B1FE48830B66A26CD04FDD39BAD3291CE27809CA3CFF6A88B3F9C745DEA01787C0BCD53FF3A01D24C0B361695F5AAD626959EF3462A1E967F5759C9EDC381D04F35BE77A68B1AD9CD98671B8980D897B09791B2CBCF4B0BBF63F142D865B7FD5A71E45A12F7C5BA64E6841D525141F7D5AD9D2458D303FDCD411168E64765A1A1F223F74F80AFA58777E3104CB1D1EBB737B1CD5302EAEFFA5547C133DFF6917430BA2819F0FE9946B8FB27525071B0548F2B59&amp;p_error_code=&amp;p_submit_url=https%3A%2F%2Flogin-pre.sge%2Fsso%2Fauth&amp;p_cancel_url=https%3A%2F%2Fpreproduccion.sge&amp;ssousername=&amp;subscribername=</url>
</httpSample>
<httpSample t="16" lt="16" ts="1298631776387" s="false" lb="/gepa/BusquedaAction.do" rc="500" by="778">
  <responseHeader class="java.lang.String">HTTP/1.0 500 Internal Server Error
Date: Fri, 25 Feb 2011 11:02:56 GMT
Server: Oracle-Application-Server-10g/10.1.2.2.0 Oracle-HTTP-Server
Content-Type: text/html; charset=iso-8859-1
</responseHeader>
  <requestHeader class="java.lang.String">Content-Type: application/x-www-form-urlencoded
Accept-Language: es-ES
Accept: image/jpeg, application/x-ms-application, image/gif, application/xaml+xml, image/pjpeg, application/x-ms-xbap, application/vnd.ms-powerpoint, application/vnd.ms-excel, application/msword, */*
User-Agent: Mozilla/4.0 (compatible; MSIE 7.0; Windows NT 6.1; Trident/4.0; SLCC2; .NET CLR 2.0.50727; .NET CLR 3.5.30729; .NET CLR 3.0.30729; Media Center PC 6.0; MDDS; .NET4.0C)
Accept-Encoding: gzip, deflate
Referer: http://picasso:8888/gepa/ConexionAction.do;jsessionid=eb634fe5b58b0bcb96508261e275709f9c8e236e3e15aeb347f0741aac2dda55
Pragma: no-cache
</requestHeader>
  <cookies class="java.lang.String"></cookies>
  <method class="java.lang.String">POST</method>
  <queryString class="java.lang.String">accion=buscar&amp;modo=rapida&amp;avanzadaDesplegada=false&amp;descElemPesado=&amp;identificacionRapida=&amp;nombreRapida=&amp;apellido1Rapida=&amp;apellido2Rapida=&amp;anyoRapida=&amp;numeroRapida=&amp;desdeRapida=&amp;hastaRapida=&amp;tramiteRapida=-1&amp;estadoRapida=-1&amp;idBusqueda=-1&amp;idClases=26&amp;metaTipo0=STRING&amp;metaTipo1=STRING&amp;metaTipo2=LISTA&amp;metaTipo3=STRING&amp;metaTipo4=LISTA_PESADA&amp;metaTipo5=STRING&amp;metaTipo6=LISTA&amp;metaTipo7=STRING&amp;metaTipo8=STRING&amp;metaTipo9=STRING&amp;metaTipo10=STRING&amp;metaTipo11=STRING&amp;metaTipo12=STRING&amp;metaTipo13=LISTA&amp;metaTipo14=STRING&amp;metaTipo15=TIMESTAMP&amp;metaTipo16=TIMESTAMP&amp;metaTipo17=TIMESTAMP&amp;metaTipo18=LISTA&amp;metaTipo19=LISTA_PESADA&amp;metaTipo20=STRING&amp;metaTipo21=STRING&amp;metaTipo22=STRING&amp;metaTipo23=STRING&amp;metaTipo24=STRING&amp;metaTipo25=LISTA_PESADA&amp;metaTipo26=LISTA&amp;metaTipo27=STRING&amp;metaTipo28=LISTA&amp;metaTipo29=STRING&amp;metaTipo30=STRING&amp;metaTipo31=INTEGER&amp;metaTipo32=STRING&amp;metaTipo33=STRING&amp;metaTipo34=STRING&amp;metaTipo35=LISTA&amp;metaTipo36=LISTA&amp;metaTipo37=LISTA&amp;metaTipo38=STRING&amp;metaTipo39=SEPARADOR&amp;metaTipo40=BOOLEAN&amp;metaTipo41=STRING&amp;metaTipo42=STRING&amp;metaTipo43=STRING&amp;metaTipo44=LISTA&amp;metaTipo45=BOOLEAN&amp;metaTipo46=BOOLEAN&amp;metaTipo47=BOOLEAN&amp;metaTipo48=STRING&amp;metaTipo49=TIMESTAMP&amp;metaTipo50=TIMESTAMP&amp;metaTipo51=TIMESTAMP&amp;metaTipo52=TIMESTAMP&amp;metaTipo53=TIMESTAMP&amp;metaTipo54=TIMESTAMP&amp;metaTipo55=TIMESTAMP&amp;metaTipo56=TIMESTAMP&amp;metaTipo57=TIMESTAMP&amp;metaTipo58=TIMESTAMP&amp;metaTipo59=TIMESTAMP&amp;metaTipo60=TIMESTAMP&amp;metaTipo61=TIMESTAMP&amp;metaTipo62=TIMESTAMP&amp;metaTipo63=TIMESTAMP&amp;metaTipo64=LISTA&amp;metaTipo65=LISTA&amp;metaTipo66=LISTA&amp;metaTipo67=DOUBLE&amp;metaTipo68=DOUBLE&amp;metaTipo69=DOUBLE&amp;metaTipo70=DOUBLE&amp;metaTipo71=DOUBLE&amp;metaTipo72=DOUBLE&amp;metaTipo73=DOUBLE&amp;metaTipo74=BOOLEAN&amp;metaTipo75=LISTA&amp;metaTipo76=STRING&amp;metaTipo77=STRING&amp;metaTipo78=STRING&amp;metaTipo79=STRING&amp;metaTipo80=STRING&amp;metaTipo81=STRING&amp;metaTipo82=STRING&amp;metaTipo83=BOOLEAN&amp;metaTipo84=BOOLEAN&amp;metaTipo85=STRING&amp;metaTipo86=LISTA&amp;metaTipo87=LISTA&amp;metaTipo88=LISTA_PESADA&amp;metaTipo89=LISTA&amp;metaTipo90=LISTA&amp;metaTipo91=STRING&amp;metaTipo92=LISTA&amp;metaTipo93=STRING&amp;metaTipo94=STRING&amp;metaTipo95=LISTA&amp;metaTipo96=LISTA&amp;metaTipo97=LISTA&amp;metaTipo98=BOOLEAN&amp;metaTipo99=LISTA&amp;metaTipo100=BOOLEAN&amp;metaTipo101=LISTA&amp;metaTipo102=LISTA&amp;metaTipo103=BOOLEAN&amp;metaTipo104=BOOLEAN&amp;metaTipo105=LISTA&amp;metaTipo106=LISTA&amp;metaTipo107=LISTA&amp;metaTipo108=LISTA&amp;metaTipo109=LISTA&amp;metaTipo110=STRING&amp;metaTipo111=LISTA&amp;valor=&amp;valorPesado=&amp;lista37=-1&amp;lista36=-1&amp;lista35=-1&amp;lista99=-1&amp;lista109=-1&amp;lista66=-1&amp;lista98=-1&amp;lista108=-1&amp;lista65=-1&amp;lista97=-1&amp;lista107=-1&amp;lista64=-1&amp;lista96=-1&amp;lista106=-1&amp;lista95=-1&amp;lista105=-1&amp;lista104=-1&amp;lista92=-1&amp;lista103=-1&amp;lista102=-1&amp;lista90=-1&amp;lista101=-1&amp;lista100=-1&amp;lista28=-1&amp;lista26=-1&amp;lista89=-1&amp;lista87=-1&amp;lista86=-1&amp;lista6=-1&amp;lista84=-1&amp;lista83=-1&amp;lista2=-1&amp;lista18=-1&amp;lista47=-1&amp;lista46=-1&amp;lista13=-1&amp;lista45=-1&amp;lista44=-1&amp;lista75=-1&amp;lista74=-1&amp;lista40=-1&amp;lista111=-1</queryString>
  <url>https://preproduccion.sge:443/gepa/BusquedaAction.do</url>
</httpSample>
<httpSample t="219" lt="0" ts="1298631776356" s="true" lb="/gepa/scripts/scriptaculous/scriptaculous.js" rc="200" by="5068">
  <responseHeader class="java.lang.String">HTTP/1.0 200 OK
Date: Fri, 25 Feb 2011 11:02:56 GMT
Server: Oracle-Application-Server-10g/10.1.2.2.0 Oracle-HTTP-Server
Content-Length: 5068
Set-Cookie: JSESSIONID=35fd3250a714a3614c29aa1f60db831e063973dd35a697548cf7d82d759248f3.e3eSbhiLaNyPe3yNbNyQc3qSai1BqBjKpPXxqAa; path=/login
Content-Type: text/html; charset=ISO-8859-1
</responseHeader>
  <requestHeader class="java.lang.String">Accept-Language: es-ES
Accept: */*
User-Agent: Mozilla/4.0 (compatible; MSIE 7.0; Windows NT 6.1; Trident/4.0; SLCC2; .NET CLR 2.0.50727; .NET CLR 3.5.30729; .NET CLR 3.0.30729; Media Center PC 6.0; MDDS; .NET4.0C)
Accept-Encoding: gzip, deflate
Referer: http://picasso:8888/gepa/ResultadoBusquedaAction.do?accion=gestionExp&amp;indice=0
</requestHeader>
  <cookies class="java.lang.String"></cookies>
  <method class="java.lang.String">GET</method>
  <queryString class="java.lang.String"></queryString>
  <redirectLocation class="java.lang.String">https://login-pre.sge/pls/orasso/orasso.wwsso_app_admin.ls_login?Site2pstoreToken=v1.4~CEF0A91F~8B05F5F6347F1BC26BB465D87F4D7D3C0485AEEEA7EF30940BF7CD4B29E38DF80476F5B4E856A42D36F2F3B059F2037D4E7CB18419655CD252B11BF16C95C710B3FEE5533DEABC62912340F93B613C2091986F9104C393A6A4765F1F9B1FE48830B66A26CD04FDD39BAD3291CE27809CA3CFF6A88B3F9C745DEA01787C0BCD53FF3A01D24C0B361695F5AAD626959EF3462A1E967F5759C9EDC381D04F35BE77A68B1AD9CD98671B8980D897B09791B2CBCF4B0BBF63F142D865B7FD5A71E45A12F7C5BA64E6841D525141F7D5AD9D2458D303FDCD411168E64765A1A1F223F74F80AFA58777E3104CB1D1EBB737B1CD5302EAEFFA5547C133DFF6917430BA2819F0FE9946B8FB27525071B0548F2B59</redirectLocation>
  <url>https://preproduccion.sge/login/login.jsp?site2pstoretoken=v1.4~CEF0A91F~8B05F5F6347F1BC26BB465D87F4D7D3C0485AEEEA7EF30940BF7CD4B29E38DF80476F5B4E856A42D36F2F3B059F2037D4E7CB18419655CD252B11BF16C95C710B3FEE5533DEABC62912340F93B613C2091986F9104C393A6A4765F1F9B1FE48830B66A26CD04FDD39BAD3291CE27809CA3CFF6A88B3F9C745DEA01787C0BCD53FF3A01D24C0B361695F5AAD626959EF3462A1E967F5759C9EDC381D04F35BE77A68B1AD9CD98671B8980D897B09791B2CBCF4B0BBF63F142D865B7FD5A71E45A12F7C5BA64E6841D525141F7D5AD9D2458D303FDCD411168E64765A1A1F223F74F80AFA58777E3104CB1D1EBB737B1CD5302EAEFFA5547C133DFF6917430BA2819F0FE9946B8FB27525071B0548F2B59&amp;p_error_code=&amp;p_submit_url=https%3A%2F%2Flogin-pre.sge%2Fsso%2Fauth&amp;p_cancel_url=https%3A%2F%2Fpreproduccion.sge&amp;ssousername=&amp;subscribername=</url>
</httpSample>
<httpSample t="219" lt="0" ts="1298631776403" s="true" lb="/gepa/scripts/scriptaculous/scriptaculous.js" rc="200" by="5068">
  <responseHeader class="java.lang.String">HTTP/1.0 200 OK
Date: Fri, 25 Feb 2011 11:02:56 GMT
Server: Oracle-Application-Server-10g/10.1.2.2.0 Oracle-HTTP-Server
Content-Length: 5068
Set-Cookie: JSESSIONID=775bf6f642908c6076abd3c32d21ef99638574866b98f31fc841ac029a33aecc.e3eSbhiLaNyPe3yNbNyQc3qSai1BqBjKpPXxqAa; path=/login
Content-Type: text/html; charset=ISO-8859-1
</responseHeader>
  <requestHeader class="java.lang.String">Accept-Language: es-ES
Accept: */*
User-Agent: Mozilla/4.0 (compatible; MSIE 7.0; Windows NT 6.1; Trident/4.0; SLCC2; .NET CLR 2.0.50727; .NET CLR 3.5.30729; .NET CLR 3.0.30729; Media Center PC 6.0; MDDS; .NET4.0C)
Accept-Encoding: gzip, deflate
Referer: http://picasso:8888/gepa/BusquedaAction.do
</requestHeader>
  <cookies class="java.lang.String"></cookies>
  <method class="java.lang.String">GET</method>
  <queryString class="java.lang.String"></queryString>
  <redirectLocation class="java.lang.String">https://login-pre.sge/pls/orasso/orasso.wwsso_app_admin.ls_login?Site2pstoreToken=v1.4~CEF0A91F~8B05F5F6347F1BC26BB465D87F4D7D3C0485AEEEA7EF30940BF7CD4B29E38DF80476F5B4E856A42D36F2F3B059F2037D4E7CB18419655CD252B11BF16C95C710B3FEE5533DEABC62912340F93B613C2091986F9104C393A6A4765F1F9B1FE48830B66A26CD04FDD39BAD3291CE27809CA3CFF6A88B3F9C745DEA01787C0BCD53FF3A01D24C0B361695F5AAD626959EF3462A1E967F5759C9EDC381D04F35BE77A68B1AD9CD98671B8980D897B09791B2CBCF4B0BBF63F142D865B7FD5A71E45A12F7C5BA64E6841D525141F7D5AD9D2458D303FDCD411168E64765A1A1F223F74F80AFA58777E3104CB1D1EBB737B1CD5302EAEFFA5547C133DFF6917430BA2819F0FE9946B8FB27525071B0548F2B59</redirectLocation>
  <url>https://preproduccion.sge/login/login.jsp?site2pstoretoken=v1.4~CEF0A91F~8B05F5F6347F1BC26BB465D87F4D7D3C0485AEEEA7EF30940BF7CD4B29E38DF80476F5B4E856A42D36F2F3B059F2037D4E7CB18419655CD252B11BF16C95C710B3FEE5533DEABC62912340F93B613C2091986F9104C393A6A4765F1F9B1FE48830B66A26CD04FDD39BAD3291CE27809CA3CFF6A88B3F9C745DEA01787C0BCD53FF3A01D24C0B361695F5AAD626959EF3462A1E967F5759C9EDC381D04F35BE77A68B1AD9CD98671B8980D897B09791B2CBCF4B0BBF63F142D865B7FD5A71E45A12F7C5BA64E6841D525141F7D5AD9D2458D303FDCD411168E64765A1A1F223F74F80AFA58777E3104CB1D1EBB737B1CD5302EAEFFA5547C133DFF6917430BA2819F0FE9946B8FB27525071B0548F2B59&amp;p_error_code=&amp;p_submit_url=https%3A%2F%2Flogin-pre.sge%2Fsso%2Fauth&amp;p_cancel_url=https%3A%2F%2Fpreproduccion.sge&amp;ssousername=&amp;subscribername=</url>
</httpSample>
<httpSample t="218" lt="0" ts="1298631776575" s="true" lb="/gepa/ConexionAction.do" rc="200" by="5420">
  <responseHeader class="java.lang.String">HTTP/1.0 200 OK
Date: Fri, 25 Feb 2011 11:02:56 GMT
Server: Oracle-Application-Server-10g/10.1.2.2.0 Oracle-HTTP-Server
Content-Length: 5420
Set-Cookie: JSESSIONID=de1862273050bb0af0d10fcfd028a71c011f522c6b9d0d57c21b72ace1763f7c.e38Ob3aOaheRe34Mb3qSax0Pahz0nR9Pq6XteP93; path=/login
Content-Type: text/html; charset=ISO-8859-1
</responseHeader>
  <requestHeader class="java.lang.String">Accept-Language: es
Accept: */*
User-Agent: Mozilla/4.0 (compatible; MSIE 7.0; Windows NT 6.1; Trident/4.0; SLCC2; .NET CLR 2.0.50727; .NET CLR 3.5.30729; .NET CLR 3.0.30729; Media Center PC 6.0; MDDS; .NET4.0C)
Accept-Encoding: gzip, deflate
</requestHeader>
  <cookies class="java.lang.String"></cookies>
  <method class="java.lang.String">GET</method>
  <queryString class="java.lang.String"></queryString>
  <redirectLocation class="java.lang.String">https://login-pre.sge/pls/orasso/orasso.wwsso_app_admin.ls_login?Site2pstoreToken=v1.4~CEF0A91F~8B05F5F6347F1BC26BB465D87F4D7D3C0485AEEEA7EF30940BF7CD4B29E38DF80476F5B4E856A42D36F2F3B059F2037D4E7CB18419655CD252B11BF16C95C710B3FEE5533DEABC62912340F93B613C2091986F9104C393A6A4765F1F9B1FE488D55E5AA455795428F893303132EB75B10B65E901D2703A99463F41B37287E1692D4E47C2472BF7A6EBC90FA6497E59B85F8FE0B3046A0B04EC3B929CC04F3D737B1C546AD785F8AF3413C8620C135869E8B4E8476EE43E8AEFE354D8C3977A48024F47E0527A5CF48FBE1A4B0D04DF9475D3373BD9A72141EFAB20AFD4C2024A9ACC239A796EFF31B376B4659675AD0401DEED493A572CC82656AC29D99597E095713C8E9ADECF0EE407972CF66EE5E6EA144BC64770B50C4FF3A6E1D62A239E6F191298C18377FAEA0041D9EB6A60D3DE2A2E618E780E62C1016C8D33C4D0664799841DEDC6AD660E8571D78410570A33DA5FC8604FCAD0C93F3C39772D36321FABF9CE7E15F910</redirectLocation>
  <url>https://preproduccion.sge/login/login.jsp?site2pstoretoken=v1.4~CEF0A91F~8B05F5F6347F1BC26BB465D87F4D7D3C0485AEEEA7EF30940BF7CD4B29E38DF80476F5B4E856A42D36F2F3B059F2037D4E7CB18419655CD252B11BF16C95C710B3FEE5533DEABC62912340F93B613C2091986F9104C393A6A4765F1F9B1FE488D55E5AA455795428F893303132EB75B10B65E901D2703A99463F41B37287E1692D4E47C2472BF7A6EBC90FA6497E59B85F8FE0B3046A0B04EC3B929CC04F3D737B1C546AD785F8AF3413C8620C135869E8B4E8476EE43E8AEFE354D8C3977A48024F47E0527A5CF48FBE1A4B0D04DF9475D3373BD9A72141EFAB20AFD4C2024A9ACC239A796EFF31B376B4659675AD0401DEED493A572CC82656AC29D99597E095713C8E9ADECF0EE407972CF66EE5E6EA144BC64770B50C4FF3A6E1D62A239E6F191298C18377FAEA0041D9EB6A60D3DE2A2E618E780E62C1016C8D33C4D0664799841DEDC6AD660E8571D78410570A33DA5FC8604FCAD0C93F3C39772D36321FABF9CE7E15F910&amp;p_error_code=&amp;p_submit_url=https%3A%2F%2Flogin-pre.sge%2Fsso%2Fauth&amp;p_cancel_url=https%3A%2F%2Fpreproduccion.sge&amp;ssousername=&amp;subscribername=</url>
</httpSample>
<httpSample t="187" lt="0" ts="1298631776622" s="true" lb="/gepa/ResultadoBusquedaAction.do" rc="200" by="5004">
  <responseHeader class="java.lang.String">HTTP/1.0 200 OK
Date: Fri, 25 Feb 2011 11:02:56 GMT
Server: Oracle-Application-Server-10g/10.1.2.2.0 Oracle-HTTP-Server
Content-Length: 5004
Set-Cookie: JSESSIONID=a54c2d92ac4ae85eca75fb4ad62c6677ecdc050b679bfab30c234ead56b718c2.e38Ob3aOaheRe34Mb3qSax0Pahz0nR9Pq6XteP93; path=/login
Content-Type: text/html; charset=ISO-8859-1
</responseHeader>
  <requestHeader class="java.lang.String">Accept-Language: es-ES
Accept: image/jpeg, application/x-ms-application, image/gif, application/xaml+xml, image/pjpeg, application/x-ms-xbap, application/vnd.ms-powerpoint, application/vnd.ms-excel, application/msword, */*
User-Agent: Mozilla/4.0 (compatible; MSIE 7.0; Windows NT 6.1; Trident/4.0; SLCC2; .NET CLR 2.0.50727; .NET CLR 3.5.30729; .NET CLR 3.0.30729; Media Center PC 6.0; MDDS; .NET4.0C)
Accept-Encoding: gzip, deflate
Referer: http://picasso:8888/gepa/BusquedaAction.do
</requestHeader>
  <cookies class="java.lang.String"></cookies>
  <method class="java.lang.String">GET</method>
  <queryString class="java.lang.String"></queryString>
  <redirectLocation class="java.lang.String">https://login-pre.sge/pls/orasso/orasso.wwsso_app_admin.ls_login?Site2pstoreToken=v1.4~CEF0A91F~8B05F5F6347F1BC26BB465D87F4D7D3C0485AEEEA7EF30940BF7CD4B29E38DF80476F5B4E856A42D36F2F3B059F2037D4E7CB18419655CD252B11BF16C95C710B3FEE5533DEABC62912340F93B613C2091986F9104C393A6A4765F1F9B1FE488348DA016C40FB79F1D8A7D605D2586D5BCAB69FA39603B87E484F0AA95F5B78B81CC7EA9DD101D9B4D16D55A6FCA6DC2BA98D54C69527791B0A7F0177BB20A27A6FE71F1AC06FAC02BE6ADA236828336B1BD8CA08013FA08E6E60E9C4F9D0799665100D0B6DC922D71353C1D67C69A82AAFF9E4924CB3023612045B3053F600AAB2714123C29D4168FE152D3CAC91A13E7498EC679A30E24221A1BEBA352873C</redirectLocation>
  <url>https://preproduccion.sge/login/login.jsp?site2pstoretoken=v1.4~CEF0A91F~8B05F5F6347F1BC26BB465D87F4D7D3C0485AEEEA7EF30940BF7CD4B29E38DF80476F5B4E856A42D36F2F3B059F2037D4E7CB18419655CD252B11BF16C95C710B3FEE5533DEABC62912340F93B613C2091986F9104C393A6A4765F1F9B1FE488348DA016C40FB79F1D8A7D605D2586D5BCAB69FA39603B87E484F0AA95F5B78B81CC7EA9DD101D9B4D16D55A6FCA6DC2BA98D54C69527791B0A7F0177BB20A27A6FE71F1AC06FAC02BE6ADA236828336B1BD8CA08013FA08E6E60E9C4F9D0799665100D0B6DC922D71353C1D67C69A82AAFF9E4924CB3023612045B3053F600AAB2714123C29D4168FE152D3CAC91A13E7498EC679A30E24221A1BEBA352873C&amp;p_error_code=&amp;p_submit_url=https%3A%2F%2Flogin-pre.sge%2Fsso%2Fauth&amp;p_cancel_url=https%3A%2F%2Fpreproduccion.sge&amp;ssousername=&amp;subscribername=</url>
</httpSample>
<httpSample t="219" lt="0" ts="1298631776793" s="true" lb="/gepa/scripts/scriptaculous/scriptaculous.js" rc="200" by="5068">
  <responseHeader class="java.lang.String">HTTP/1.0 200 OK
Date: Fri, 25 Feb 2011 11:02:56 GMT
Server: Oracle-Application-Server-10g/10.1.2.2.0 Oracle-HTTP-Server
Content-Length: 5068
Set-Cookie: JSESSIONID=3cd15129165c3106aadde5f9117b98e59d0e367b5921057d2ddcfd8693200d35.e3eSbhiLaNyPe3yNbNyQc3qSai1BqBjKpPXxqAa; path=/login
Content-Type: text/html; charset=ISO-8859-1
</responseHeader>
  <requestHeader class="java.lang.String">Accept-Language: es-ES
Accept: */*
User-Agent: Mozilla/4.0 (compatible; MSIE 7.0; Windows NT 6.1; Trident/4.0; SLCC2; .NET CLR 2.0.50727; .NET CLR 3.5.30729; .NET CLR 3.0.30729; Media Center PC 6.0; MDDS; .NET4.0C)
Accept-Encoding: gzip, deflate
Referer: http://picasso:8888/gepa/ConexionAction.do?POSTDATA=variosPerfiles=true&amp;accion=iniciar&amp;codigoEntidad=DYS&amp;codigo=jcnegredo&amp;contrasenya=dysmatica&amp;rolSeleccionado=25
</requestHeader>
  <cookies class="java.lang.String"></cookies>
  <method class="java.lang.String">GET</method>
  <queryString class="java.lang.String"></queryString>
  <redirectLocation class="java.lang.String">https://login-pre.sge/pls/orasso/orasso.wwsso_app_admin.ls_login?Site2pstoreToken=v1.4~CEF0A91F~8B05F5F6347F1BC26BB465D87F4D7D3C0485AEEEA7EF30940BF7CD4B29E38DF80476F5B4E856A42D36F2F3B059F2037D4E7CB18419655CD252B11BF16C95C710B3FEE5533DEABC62912340F93B613C2091986F9104C393A6A4765F1F9B1FE48830B66A26CD04FDD39BAD3291CE27809CA3CFF6A88B3F9C745DEA01787C0BCD53FF3A01D24C0B361695F5AAD626959EF3462A1E967F5759C9EDC381D04F35BE77A68B1AD9CD98671B8980D897B09791B2CBCF4B0BBF63F142D865B7FD5A71E45A12F7C5BA64E6841D525141F7D5AD9D2458D303FDCD411168E64765A1A1F223F74F80AFA58777E3104CB1D1EBB737B1CD5302EAEFFA5547C133DFF6917430BA2819F0FE9946B8FB27525071B0548F2B59</redirectLocation>
  <url>https://preproduccion.sge/login/login.jsp?site2pstoretoken=v1.4~CEF0A91F~8B05F5F6347F1BC26BB465D87F4D7D3C0485AEEEA7EF30940BF7CD4B29E38DF80476F5B4E856A42D36F2F3B059F2037D4E7CB18419655CD252B11BF16C95C710B3FEE5533DEABC62912340F93B613C2091986F9104C393A6A4765F1F9B1FE48830B66A26CD04FDD39BAD3291CE27809CA3CFF6A88B3F9C745DEA01787C0BCD53FF3A01D24C0B361695F5AAD626959EF3462A1E967F5759C9EDC381D04F35BE77A68B1AD9CD98671B8980D897B09791B2CBCF4B0BBF63F142D865B7FD5A71E45A12F7C5BA64E6841D525141F7D5AD9D2458D303FDCD411168E64765A1A1F223F74F80AFA58777E3104CB1D1EBB737B1CD5302EAEFFA5547C133DFF6917430BA2819F0FE9946B8FB27525071B0548F2B59&amp;p_error_code=&amp;p_submit_url=https%3A%2F%2Flogin-pre.sge%2Fsso%2Fauth&amp;p_cancel_url=https%3A%2F%2Fpreproduccion.sge&amp;ssousername=&amp;subscribername=</url>
</httpSample>
<httpSample t="47" lt="47" ts="1298631777012" s="false" lb="/gepa/ConexionAction.do;jsessionid=eb634fe5b58b0bcb96508261e275709f9c8e236e3e15aeb347f0741aac2dda55" rc="500" by="778">
  <responseHeader class="java.lang.String">HTTP/1.0 500 Internal Server Error
Date: Fri, 25 Feb 2011 11:02:57 GMT
Server: Oracle-Application-Server-10g/10.1.2.2.0 Oracle-HTTP-Server
Content-Type: text/html; charset=iso-8859-1
</responseHeader>
  <requestHeader class="java.lang.String">Content-Type: application/x-www-form-urlencoded
Accept-Language: es-ES
Accept: image/jpeg, application/x-ms-application, image/gif, application/xaml+xml, image/pjpeg, application/x-ms-xbap, application/vnd.ms-powerpoint, application/vnd.ms-excel, application/msword, */*
User-Agent: Mozilla/4.0 (compatible; MSIE 7.0; Windows NT 6.1; Trident/4.0; SLCC2; .NET CLR 2.0.50727; .NET CLR 3.5.30729; .NET CLR 3.0.30729; Media Center PC 6.0; MDDS; .NET4.0C)
Accept-Encoding: gzip, deflate
Referer: http://picasso:8888/gepa/ConexionAction.do?POSTDATA=variosPerfiles=true&amp;accion=iniciar&amp;codigoEntidad=DYS&amp;codigo=jcnegredo&amp;contrasenya=dysmatica&amp;rolSeleccionado=25
Pragma: no-cache
</requestHeader>
  <cookies class="java.lang.String"></cookies>
  <method class="java.lang.String">POST</method>
  <queryString class="java.lang.String">variosPerfiles=true&amp;accion=seleccionarPerfil&amp;codigoEntidad=DYS&amp;rolSeleccionado=25</queryString>
  <url>https://preproduccion.sge:443/gepa/ConexionAction.do;jsessionid=eb634fe5b58b0bcb96508261e275709f9c8e236e3e15aeb347f0741aac2dda55</url>
</httpSample>
<httpSample t="234" lt="0" ts="1298631776825" s="true" lb="/gepa/scripts/scriptaculous/scriptaculous.js" rc="200" by="5068">
  <responseHeader class="java.lang.String">HTTP/1.0 200 OK
Date: Fri, 25 Feb 2011 11:02:56 GMT
Server: Oracle-Application-Server-10g/10.1.2.2.0 Oracle-HTTP-Server
Content-Length: 5068
Set-Cookie: JSESSIONID=a5c9ba7217e301455238f3ddf56f01cede53b8065e77884d0d1c64f2f154db3d.e3eSbhiLaNyPe3yNbNyQc3qSai1BqBjKpPXxqAa; path=/login
Content-Type: text/html; charset=ISO-8859-1
</responseHeader>
  <requestHeader class="java.lang.String">Accept-Language: es-ES
Accept: */*
User-Agent: Mozilla/4.0 (compatible; MSIE 7.0; Windows NT 6.1; Trident/4.0; SLCC2; .NET CLR 2.0.50727; .NET CLR 3.5.30729; .NET CLR 3.0.30729; Media Center PC 6.0; MDDS; .NET4.0C)
Accept-Encoding: gzip, deflate
Referer: http://picasso:8888/gepa/ResultadoBusquedaAction.do?accion=gestionExp&amp;indice=0
</requestHeader>
  <cookies class="java.lang.String"></cookies>
  <method class="java.lang.String">GET</method>
  <queryString class="java.lang.String"></queryString>
  <redirectLocation class="java.lang.String">https://login-pre.sge/pls/orasso/orasso.wwsso_app_admin.ls_login?Site2pstoreToken=v1.4~CEF0A91F~8B05F5F6347F1BC26BB465D87F4D7D3C0485AEEEA7EF30940BF7CD4B29E38DF80476F5B4E856A42D36F2F3B059F2037D4E7CB18419655CD252B11BF16C95C710B3FEE5533DEABC62912340F93B613C2091986F9104C393A6A4765F1F9B1FE48830B66A26CD04FDD39BAD3291CE27809CA3CFF6A88B3F9C745DEA01787C0BCD53FF3A01D24C0B361695F5AAD626959EF3462A1E967F5759C9EDC381D04F35BE77A68B1AD9CD98671B8980D897B09791B2CBCF4B0BBF63F142D865B7FD5A71E45A12F7C5BA64E6841D525141F7D5AD9D2458D303FDCD411168E64765A1A1F223F74F80AFA58777E3104CB1D1EBB737B1CD5302EAEFFA5547C133DFF6917430BA2819F0FE9946B8FB27525071B0548F2B59</redirectLocation>
  <url>https://preproduccion.sge/login/login.jsp?site2pstoretoken=v1.4~CEF0A91F~8B05F5F6347F1BC26BB465D87F4D7D3C0485AEEEA7EF30940BF7CD4B29E38DF80476F5B4E856A42D36F2F3B059F2037D4E7CB18419655CD252B11BF16C95C710B3FEE5533DEABC62912340F93B613C2091986F9104C393A6A4765F1F9B1FE48830B66A26CD04FDD39BAD3291CE27809CA3CFF6A88B3F9C745DEA01787C0BCD53FF3A01D24C0B361695F5AAD626959EF3462A1E967F5759C9EDC381D04F35BE77A68B1AD9CD98671B8980D897B09791B2CBCF4B0BBF63F142D865B7FD5A71E45A12F7C5BA64E6841D525141F7D5AD9D2458D303FDCD411168E64765A1A1F223F74F80AFA58777E3104CB1D1EBB737B1CD5302EAEFFA5547C133DFF6917430BA2819F0FE9946B8FB27525071B0548F2B59&amp;p_error_code=&amp;p_submit_url=https%3A%2F%2Flogin-pre.sge%2Fsso%2Fauth&amp;p_cancel_url=https%3A%2F%2Fpreproduccion.sge&amp;ssousername=&amp;subscribername=</url>
</httpSample>
<httpSample t="218" lt="0" ts="1298631777075" s="true" lb="/gepa/ConexionAction.do" rc="200" by="5388">
  <responseHeader class="java.lang.String">HTTP/1.0 200 OK
Date: Fri, 25 Feb 2011 11:02:57 GMT
Server: Oracle-Application-Server-10g/10.1.2.2.0 Oracle-HTTP-Server
Content-Length: 5388
Set-Cookie: JSESSIONID=378ea7b512926b109ec7d183defa9c1aeefaac75c546c239be611a1b758b3504.e38Ob3aOaheRe34Mb3qSax0Pahz0nR9Pq6XteP93; path=/login
Content-Type: text/html; charset=ISO-8859-1
</responseHeader>
  <requestHeader class="java.lang.String">Accept-Language: es
Accept: */*
User-Agent: Mozilla/4.0 (compatible; MSIE 7.0; Windows NT 6.1; Trident/4.0; SLCC2; .NET CLR 2.0.50727; .NET CLR 3.5.30729; .NET CLR 3.0.30729; Media Center PC 6.0; MDDS; .NET4.0C)
Accept-Encoding: gzip, deflate
</requestHeader>
  <cookies class="java.lang.String"></cookies>
  <method class="java.lang.String">GET</method>
  <queryString class="java.lang.String"></queryString>
  <redirectLocation class="java.lang.String">https://login-pre.sge/pls/orasso/orasso.wwsso_app_admin.ls_login?Site2pstoreToken=v1.4~CEF0A91F~EEDE633949CE3B963586BBE549E1EE64EC0E8E4DD57CAD5D41DE73471319FDC43D0E175D502CB56FB188B21ED4157FAF20951B9DF49149F9C908DAA83F9D9EF1886E64AC2B0CF3766A67C6B25E762DFB41D5A4008BE3646A39EC460ECCF0A98CEBFA614695A591337204872FB9CDBA1DEAC7DBBBE5A2CBAC447A5790AEAB28147AA2D250C8AAAB2A2EE9F7D1300324A8626F7EDA39637257D3D97293E24851E618902FF0ACC4FDDCE3067C4E7DB924221BF8536AD4EA62477A4EFC4CDDCA506A852C06853D397837B558EEBF1B7B0E6C4E93C9F03A888DA79B9713D312FBFBA4FD0F0EC33C57D939065C8792D047C0A46943EE7A4C4F0F4DBFC713910D4C4CB6CA8D53BB7A9C30D756D3D61A05742608B7C7484C7F44E405B0156BB24716A3B43F22EC46262A87334FB32E5B4F2644380F2C5E5F9F8850123B5ADA3F481AE1FA1351CCEBD655D4DF299F4C52299100718A3062E5DB095CB95A7B57C2767F6097</redirectLocation>
  <url>https://preproduccion.sge/login/login.jsp?site2pstoretoken=v1.4~CEF0A91F~EEDE633949CE3B963586BBE549E1EE64EC0E8E4DD57CAD5D41DE73471319FDC43D0E175D502CB56FB188B21ED4157FAF20951B9DF49149F9C908DAA83F9D9EF1886E64AC2B0CF3766A67C6B25E762DFB41D5A4008BE3646A39EC460ECCF0A98CEBFA614695A591337204872FB9CDBA1DEAC7DBBBE5A2CBAC447A5790AEAB28147AA2D250C8AAAB2A2EE9F7D1300324A8626F7EDA39637257D3D97293E24851E618902FF0ACC4FDDCE3067C4E7DB924221BF8536AD4EA62477A4EFC4CDDCA506A852C06853D397837B558EEBF1B7B0E6C4E93C9F03A888DA79B9713D312FBFBA4FD0F0EC33C57D939065C8792D047C0A46943EE7A4C4F0F4DBFC713910D4C4CB6CA8D53BB7A9C30D756D3D61A05742608B7C7484C7F44E405B0156BB24716A3B43F22EC46262A87334FB32E5B4F2644380F2C5E5F9F8850123B5ADA3F481AE1FA1351CCEBD655D4DF299F4C52299100718A3062E5DB095CB95A7B57C2767F6097&amp;p_error_code=&amp;p_submit_url=https%3A%2F%2Flogin-pre.sge%2Fsso%2Fauth&amp;p_cancel_url=https%3A%2F%2Fpreproduccion.sge&amp;ssousername=&amp;subscribername=</url>
</httpSample>
<httpSample t="234" lt="0" ts="1298631777059" s="true" lb="/gepa/scripts/scriptaculous/scriptaculous.js" rc="200" by="5068">
  <responseHeader class="java.lang.String">HTTP/1.0 200 OK
Date: Fri, 25 Feb 2011 11:02:57 GMT
Server: Oracle-Application-Server-10g/10.1.2.2.0 Oracle-HTTP-Server
Content-Length: 5068
Set-Cookie: JSESSIONID=a92b1843d3554ea5c3f0aa4740c47dbf51eed0ae201d25b471f0f48f8335b1e5.e38Ob3aOaheRe34Mb3qSax0Pahz0nR9Pq6XteP93; path=/login
Content-Type: text/html; charset=ISO-8859-1
</responseHeader>
  <requestHeader class="java.lang.String">Accept-Language: es-ES
Accept: */*
User-Agent: Mozilla/4.0 (compatible; MSIE 7.0; Windows NT 6.1; Trident/4.0; SLCC2; .NET CLR 2.0.50727; .NET CLR 3.5.30729; .NET CLR 3.0.30729; Media Center PC 6.0; MDDS; .NET4.0C)
Accept-Encoding: gzip, deflate
Referer: http://picasso:8888/gepa/ConexionAction.do;jsessionid=eb634fe5b58b0bcb96508261e275709f9c8e236e3e15aeb347f0741aac2dda55
</requestHeader>
  <cookies class="java.lang.String"></cookies>
  <method class="java.lang.String">GET</method>
  <queryString class="java.lang.String"></queryString>
  <redirectLocation class="java.lang.String">https://login-pre.sge/pls/orasso/orasso.wwsso_app_admin.ls_login?Site2pstoreToken=v1.4~CEF0A91F~EEDE633949CE3B963586BBE549E1EE64EC0E8E4DD57CAD5D41DE73471319FDC43D0E175D502CB56FB188B21ED4157FAF20951B9DF49149F9C908DAA83F9D9EF1886E64AC2B0CF3766A67C6B25E762DFB41D5A4008BE3646A39EC460ECCF0A98C0F777AB5F45C4EA79E33B60DA8BBE14805B35D0C8F50712C915455E5960271A9F42DB35710732E79FA3A55932A3ED33318452D1FEEDEC351339A719662C31310E2F63069D50BEB88BC0031F40CEEEBEECFFA2A8600794DB65FB13B8DFDF46D918F82F69F415EA5AB64363855CCE35FF03AB998799D654408AF38AAE243DD94D1C3271443EE8D461D70529C948F2DA5CFE9BC408DFC401737559C0877EADB9E2CA32E3AC1576B03020CE1F6CD73430C0D</redirectLocation>
  <url>https://preproduccion.sge/login/login.jsp?site2pstoretoken=v1.4~CEF0A91F~EEDE633949CE3B963586BBE549E1EE64EC0E8E4DD57CAD5D41DE73471319FDC43D0E175D502CB56FB188B21ED4157FAF20951B9DF49149F9C908DAA83F9D9EF1886E64AC2B0CF3766A67C6B25E762DFB41D5A4008BE3646A39EC460ECCF0A98C0F777AB5F45C4EA79E33B60DA8BBE14805B35D0C8F50712C915455E5960271A9F42DB35710732E79FA3A55932A3ED33318452D1FEEDEC351339A719662C31310E2F63069D50BEB88BC0031F40CEEEBEECFFA2A8600794DB65FB13B8DFDF46D918F82F69F415EA5AB64363855CCE35FF03AB998799D654408AF38AAE243DD94D1C3271443EE8D461D70529C948F2DA5CFE9BC408DFC401737559C0877EADB9E2CA32E3AC1576B03020CE1F6CD73430C0D&amp;p_error_code=&amp;p_submit_url=https%3A%2F%2Flogin-pre.sge%2Fsso%2Fauth&amp;p_cancel_url=https%3A%2F%2Fpreproduccion.sge&amp;ssousername=&amp;subscribername=</url>
</httpSample>
<httpSample t="47" lt="47" ts="1298631777293" s="false" lb="/gepa/BusquedaAction.do" rc="500" by="778">
  <responseHeader class="java.lang.String">HTTP/1.0 500 Internal Server Error
Date: Fri, 25 Feb 2011 11:02:57 GMT
Server: Oracle-Application-Server-10g/10.1.2.2.0 Oracle-HTTP-Server
Content-Type: text/html; charset=iso-8859-1
</responseHeader>
  <requestHeader class="java.lang.String">Content-Type: application/x-www-form-urlencoded
Accept-Language: es-ES
Accept: image/jpeg, application/x-ms-application, image/gif, application/xaml+xml, image/pjpeg, application/x-ms-xbap, application/vnd.ms-powerpoint, application/vnd.ms-excel, application/msword, */*
User-Agent: Mozilla/4.0 (compatible; MSIE 7.0; Windows NT 6.1; Trident/4.0; SLCC2; .NET CLR 2.0.50727; .NET CLR 3.5.30729; .NET CLR 3.0.30729; Media Center PC 6.0; MDDS; .NET4.0C)
Accept-Encoding: gzip, deflate
Referer: http://picasso:8888/gepa/ConexionAction.do;jsessionid=eb634fe5b58b0bcb96508261e275709f9c8e236e3e15aeb347f0741aac2dda55
Pragma: no-cache
</requestHeader>
  <cookies class="java.lang.String"></cookies>
  <method class="java.lang.String">POST</method>
  <queryString class="java.lang.String">accion=buscar&amp;modo=rapida&amp;avanzadaDesplegada=false&amp;descElemPesado=&amp;identificacionRapida=&amp;nombreRapida=&amp;apellido1Rapida=&amp;apellido2Rapida=&amp;anyoRapida=&amp;numeroRapida=&amp;desdeRapida=&amp;hastaRapida=&amp;tramiteRapida=-1&amp;estadoRapida=-1&amp;idBusqueda=-1&amp;idClases=26&amp;metaTipo0=STRING&amp;metaTipo1=STRING&amp;metaTipo2=LISTA&amp;metaTipo3=STRING&amp;metaTipo4=LISTA_PESADA&amp;metaTipo5=STRING&amp;metaTipo6=LISTA&amp;metaTipo7=STRING&amp;metaTipo8=STRING&amp;metaTipo9=STRING&amp;metaTipo10=STRING&amp;metaTipo11=STRING&amp;metaTipo12=STRING&amp;metaTipo13=LISTA&amp;metaTipo14=STRING&amp;metaTipo15=TIMESTAMP&amp;metaTipo16=TIMESTAMP&amp;metaTipo17=TIMESTAMP&amp;metaTipo18=LISTA&amp;metaTipo19=LISTA_PESADA&amp;metaTipo20=STRING&amp;metaTipo21=STRING&amp;metaTipo22=STRING&amp;metaTipo23=STRING&amp;metaTipo24=STRING&amp;metaTipo25=LISTA_PESADA&amp;metaTipo26=LISTA&amp;metaTipo27=STRING&amp;metaTipo28=LISTA&amp;metaTipo29=STRING&amp;metaTipo30=STRING&amp;metaTipo31=INTEGER&amp;metaTipo32=STRING&amp;metaTipo33=STRING&amp;metaTipo34=STRING&amp;metaTipo35=LISTA&amp;metaTipo36=LISTA&amp;metaTipo37=LISTA&amp;metaTipo38=STRING&amp;metaTipo39=SEPARADOR&amp;metaTipo40=BOOLEAN&amp;metaTipo41=STRING&amp;metaTipo42=STRING&amp;metaTipo43=STRING&amp;metaTipo44=LISTA&amp;metaTipo45=BOOLEAN&amp;metaTipo46=BOOLEAN&amp;metaTipo47=BOOLEAN&amp;metaTipo48=STRING&amp;metaTipo49=TIMESTAMP&amp;metaTipo50=TIMESTAMP&amp;metaTipo51=TIMESTAMP&amp;metaTipo52=TIMESTAMP&amp;metaTipo53=TIMESTAMP&amp;metaTipo54=TIMESTAMP&amp;metaTipo55=TIMESTAMP&amp;metaTipo56=TIMESTAMP&amp;metaTipo57=TIMESTAMP&amp;metaTipo58=TIMESTAMP&amp;metaTipo59=TIMESTAMP&amp;metaTipo60=TIMESTAMP&amp;metaTipo61=TIMESTAMP&amp;metaTipo62=TIMESTAMP&amp;metaTipo63=TIMESTAMP&amp;metaTipo64=LISTA&amp;metaTipo65=LISTA&amp;metaTipo66=LISTA&amp;metaTipo67=DOUBLE&amp;metaTipo68=DOUBLE&amp;metaTipo69=DOUBLE&amp;metaTipo70=DOUBLE&amp;metaTipo71=DOUBLE&amp;metaTipo72=DOUBLE&amp;metaTipo73=DOUBLE&amp;metaTipo74=BOOLEAN&amp;metaTipo75=LISTA&amp;metaTipo76=STRING&amp;metaTipo77=STRING&amp;metaTipo78=STRING&amp;metaTipo79=STRING&amp;metaTipo80=STRING&amp;metaTipo81=STRING&amp;metaTipo82=STRING&amp;metaTipo83=BOOLEAN&amp;metaTipo84=BOOLEAN&amp;metaTipo85=STRING&amp;metaTipo86=LISTA&amp;metaTipo87=LISTA&amp;metaTipo88=LISTA_PESADA&amp;metaTipo89=LISTA&amp;metaTipo90=LISTA&amp;metaTipo91=STRING&amp;metaTipo92=LISTA&amp;metaTipo93=STRING&amp;metaTipo94=STRING&amp;metaTipo95=LISTA&amp;metaTipo96=LISTA&amp;metaTipo97=LISTA&amp;metaTipo98=BOOLEAN&amp;metaTipo99=LISTA&amp;metaTipo100=BOOLEAN&amp;metaTipo101=LISTA&amp;metaTipo102=LISTA&amp;metaTipo103=BOOLEAN&amp;metaTipo104=BOOLEAN&amp;metaTipo105=LISTA&amp;metaTipo106=LISTA&amp;metaTipo107=LISTA&amp;metaTipo108=LISTA&amp;metaTipo109=LISTA&amp;metaTipo110=STRING&amp;metaTipo111=LISTA&amp;valor=&amp;valorPesado=&amp;lista37=-1&amp;lista36=-1&amp;lista35=-1&amp;lista99=-1&amp;lista109=-1&amp;lista66=-1&amp;lista98=-1&amp;lista108=-1&amp;lista65=-1&amp;lista97=-1&amp;lista107=-1&amp;lista64=-1&amp;lista96=-1&amp;lista106=-1&amp;lista95=-1&amp;lista105=-1&amp;lista104=-1&amp;lista92=-1&amp;lista103=-1&amp;lista102=-1&amp;lista90=-1&amp;lista101=-1&amp;lista100=-1&amp;lista28=-1&amp;lista26=-1&amp;lista89=-1&amp;lista87=-1&amp;lista86=-1&amp;lista6=-1&amp;lista84=-1&amp;lista83=-1&amp;lista2=-1&amp;lista18=-1&amp;lista47=-1&amp;lista46=-1&amp;lista13=-1&amp;lista45=-1&amp;lista44=-1&amp;lista75=-1&amp;lista74=-1&amp;lista40=-1&amp;lista111=-1</queryString>
  <url>https://preproduccion.sge:443/gepa/BusquedaAction.do</url>
</httpSample>
<httpSample t="219" lt="0" ts="1298631777293" s="true" lb="/gepa/scripts/scriptaculous/scriptaculous.js" rc="200" by="5068">
  <responseHeader class="java.lang.String">HTTP/1.0 200 OK
Date: Fri, 25 Feb 2011 11:02:57 GMT
Server: Oracle-Application-Server-10g/10.1.2.2.0 Oracle-HTTP-Server
Content-Length: 5068
Set-Cookie: JSESSIONID=9bd551e57ce2d33a9f57275c970a3a59f1070a1007d7188f712e832980abdc14.e3eSbhiLaNyPe3yNbNyQc3qSai1BqBjKpPXxqAa; path=/login
Content-Type: text/html; charset=ISO-8859-1
</responseHeader>
  <requestHeader class="java.lang.String">Accept-Language: es-ES
Accept: */*
User-Agent: Mozilla/4.0 (compatible; MSIE 7.0; Windows NT 6.1; Trident/4.0; SLCC2; .NET CLR 2.0.50727; .NET CLR 3.5.30729; .NET CLR 3.0.30729; Media Center PC 6.0; MDDS; .NET4.0C)
Accept-Encoding: gzip, deflate
Referer: http://picasso:8888/gepa/ConexionAction.do?POSTDATA=variosPerfiles=true&amp;accion=iniciar&amp;codigoEntidad=DYS&amp;codigo=jcnegredo&amp;contrasenya=dysmatica&amp;rolSeleccionado=25
</requestHeader>
  <cookies class="java.lang.String"></cookies>
  <method class="java.lang.String">GET</method>
  <queryString class="java.lang.String"></queryString>
  <redirectLocation class="java.lang.String">https://login-pre.sge/pls/orasso/orasso.wwsso_app_admin.ls_login?Site2pstoreToken=v1.4~CEF0A91F~EEDE633949CE3B963586BBE549E1EE64EC0E8E4DD57CAD5D41DE73471319FDC43D0E175D502CB56FB188B21ED4157FAF20951B9DF49149F9C908DAA83F9D9EF1886E64AC2B0CF3766A67C6B25E762DFB41D5A4008BE3646A39EC460ECCF0A98C0F777AB5F45C4EA79E33B60DA8BBE14805B35D0C8F50712C915455E5960271A9F42DB35710732E79FA3A55932A3ED33318452D1FEEDEC351339A719662C31310E2F63069D50BEB88BC0031F40CEEEBEECFFA2A8600794DB65FB13B8DFDF46D918F82F69F415EA5AB64363855CCE35FF03AB998799D654408AF38AAE243DD94D1C3271443EE8D461D70529C948F2DA5CFE9BC408DFC401737559C0877EADB9E2CA32E3AC1576B03020CE1F6CD73430C0D</redirectLocation>
  <url>https://preproduccion.sge/login/login.jsp?site2pstoretoken=v1.4~CEF0A91F~EEDE633949CE3B963586BBE549E1EE64EC0E8E4DD57CAD5D41DE73471319FDC43D0E175D502CB56FB188B21ED4157FAF20951B9DF49149F9C908DAA83F9D9EF1886E64AC2B0CF3766A67C6B25E762DFB41D5A4008BE3646A39EC460ECCF0A98C0F777AB5F45C4EA79E33B60DA8BBE14805B35D0C8F50712C915455E5960271A9F42DB35710732E79FA3A55932A3ED33318452D1FEEDEC351339A719662C31310E2F63069D50BEB88BC0031F40CEEEBEECFFA2A8600794DB65FB13B8DFDF46D918F82F69F415EA5AB64363855CCE35FF03AB998799D654408AF38AAE243DD94D1C3271443EE8D461D70529C948F2DA5CFE9BC408DFC401737559C0877EADB9E2CA32E3AC1576B03020CE1F6CD73430C0D&amp;p_error_code=&amp;p_submit_url=https%3A%2F%2Flogin-pre.sge%2Fsso%2Fauth&amp;p_cancel_url=https%3A%2F%2Fpreproduccion.sge&amp;ssousername=&amp;subscribername=</url>
</httpSample>
<httpSample t="16" lt="16" ts="1298631777512" s="false" lb="/gepa/ConexionAction.do;jsessionid=eb634fe5b58b0bcb96508261e275709f9c8e236e3e15aeb347f0741aac2dda55" rc="500" by="778">
  <responseHeader class="java.lang.String">HTTP/1.0 500 Internal Server Error
Date: Fri, 25 Feb 2011 11:02:57 GMT
Server: Oracle-Application-Server-10g/10.1.2.2.0 Oracle-HTTP-Server
Content-Type: text/html; charset=iso-8859-1
</responseHeader>
  <requestHeader class="java.lang.String">Content-Type: application/x-www-form-urlencoded
Accept-Language: es-ES
Accept: image/jpeg, application/x-ms-application, image/gif, application/xaml+xml, image/pjpeg, application/x-ms-xbap, application/vnd.ms-powerpoint, application/vnd.ms-excel, application/msword, */*
User-Agent: Mozilla/4.0 (compatible; MSIE 7.0; Windows NT 6.1; Trident/4.0; SLCC2; .NET CLR 2.0.50727; .NET CLR 3.5.30729; .NET CLR 3.0.30729; Media Center PC 6.0; MDDS; .NET4.0C)
Accept-Encoding: gzip, deflate
Referer: http://picasso:8888/gepa/ConexionAction.do?POSTDATA=variosPerfiles=true&amp;accion=iniciar&amp;codigoEntidad=DYS&amp;codigo=jcnegredo&amp;contrasenya=dysmatica&amp;rolSeleccionado=25
Pragma: no-cache
</requestHeader>
  <cookies class="java.lang.String"></cookies>
  <method class="java.lang.String">POST</method>
  <queryString class="java.lang.String">variosPerfiles=true&amp;accion=seleccionarPerfil&amp;codigoEntidad=DYS&amp;rolSeleccionado=25</queryString>
  <url>https://preproduccion.sge:443/gepa/ConexionAction.do;jsessionid=eb634fe5b58b0bcb96508261e275709f9c8e236e3e15aeb347f0741aac2dda55</url>
</httpSample>
<httpSample t="219" lt="0" ts="1298631777340" s="true" lb="/gepa/scripts/scriptaculous/scriptaculous.js" rc="200" by="5068">
  <responseHeader class="java.lang.String">HTTP/1.0 200 OK
Date: Fri, 25 Feb 2011 11:02:57 GMT
Server: Oracle-Application-Server-10g/10.1.2.2.0 Oracle-HTTP-Server
Content-Length: 5068
Set-Cookie: JSESSIONID=f6b00432d7d49b46b686441586ffc703b446d37f0b1d5389beca81995aa4dcd8.e3eSbhiLaNyPe3yNbNyQc3qSai1BqBjKpPXxqAa; path=/login
Content-Type: text/html; charset=ISO-8859-1
</responseHeader>
  <requestHeader class="java.lang.String">Accept-Language: es-ES
Accept: */*
User-Agent: Mozilla/4.0 (compatible; MSIE 7.0; Windows NT 6.1; Trident/4.0; SLCC2; .NET CLR 2.0.50727; .NET CLR 3.5.30729; .NET CLR 3.0.30729; Media Center PC 6.0; MDDS; .NET4.0C)
Accept-Encoding: gzip, deflate
Referer: http://picasso:8888/gepa/BusquedaAction.do
</requestHeader>
  <cookies class="java.lang.String"></cookies>
  <method class="java.lang.String">GET</method>
  <queryString class="java.lang.String"></queryString>
  <redirectLocation class="java.lang.String">https://login-pre.sge/pls/orasso/orasso.wwsso_app_admin.ls_login?Site2pstoreToken=v1.4~CEF0A91F~EEDE633949CE3B963586BBE549E1EE64EC0E8E4DD57CAD5D41DE73471319FDC43D0E175D502CB56FB188B21ED4157FAF20951B9DF49149F9C908DAA83F9D9EF1886E64AC2B0CF3766A67C6B25E762DFB41D5A4008BE3646A39EC460ECCF0A98C0F777AB5F45C4EA79E33B60DA8BBE14805B35D0C8F50712C915455E5960271A9F42DB35710732E79FA3A55932A3ED33318452D1FEEDEC351339A719662C31310E2F63069D50BEB88BC0031F40CEEEBEECFFA2A8600794DB65FB13B8DFDF46D918F82F69F415EA5AB64363855CCE35FF03AB998799D654408AF38AAE243DD94D1C3271443EE8D461D70529C948F2DA5CFE9BC408DFC401737559C0877EADB9E2CA32E3AC1576B03020CE1F6CD73430C0D</redirectLocation>
  <url>https://preproduccion.sge/login/login.jsp?site2pstoretoken=v1.4~CEF0A91F~EEDE633949CE3B963586BBE549E1EE64EC0E8E4DD57CAD5D41DE73471319FDC43D0E175D502CB56FB188B21ED4157FAF20951B9DF49149F9C908DAA83F9D9EF1886E64AC2B0CF3766A67C6B25E762DFB41D5A4008BE3646A39EC460ECCF0A98C0F777AB5F45C4EA79E33B60DA8BBE14805B35D0C8F50712C915455E5960271A9F42DB35710732E79FA3A55932A3ED33318452D1FEEDEC351339A719662C31310E2F63069D50BEB88BC0031F40CEEEBEECFFA2A8600794DB65FB13B8DFDF46D918F82F69F415EA5AB64363855CCE35FF03AB998799D654408AF38AAE243DD94D1C3271443EE8D461D70529C948F2DA5CFE9BC408DFC401737559C0877EADB9E2CA32E3AC1576B03020CE1F6CD73430C0D&amp;p_error_code=&amp;p_submit_url=https%3A%2F%2Flogin-pre.sge%2Fsso%2Fauth&amp;p_cancel_url=https%3A%2F%2Fpreproduccion.sge&amp;ssousername=&amp;subscribername=</url>
</httpSample>
<httpSample t="234" lt="0" ts="1298631777528" s="true" lb="/gepa/scripts/scriptaculous/scriptaculous.js" rc="200" by="5068">
  <responseHeader class="java.lang.String">HTTP/1.0 200 OK
Date: Fri, 25 Feb 2011 11:02:57 GMT
Server: Oracle-Application-Server-10g/10.1.2.2.0 Oracle-HTTP-Server
Content-Length: 5068
Set-Cookie: JSESSIONID=65e4e6fb8b230c625543a5fed10985f68959b08ae0ee81181f99e8146d0fb637.e38Ob3aOaheRe34Mb3qSax0Pahz0nR9Pq6XteP93; path=/login
Content-Type: text/html; charset=ISO-8859-1
</responseHeader>
  <requestHeader class="java.lang.String">Accept-Language: es-ES
Accept: */*
User-Agent: Mozilla/4.0 (compatible; MSIE 7.0; Windows NT 6.1; Trident/4.0; SLCC2; .NET CLR 2.0.50727; .NET CLR 3.5.30729; .NET CLR 3.0.30729; Media Center PC 6.0; MDDS; .NET4.0C)
Accept-Encoding: gzip, deflate
Referer: http://picasso:8888/gepa/ConexionAction.do;jsessionid=eb634fe5b58b0bcb96508261e275709f9c8e236e3e15aeb347f0741aac2dda55
</requestHeader>
  <cookies class="java.lang.String"></cookies>
  <method class="java.lang.String">GET</method>
  <queryString class="java.lang.String"></queryString>
  <redirectLocation class="java.lang.String">https://login-pre.sge/pls/orasso/orasso.wwsso_app_admin.ls_login?Site2pstoreToken=v1.4~CEF0A91F~EEDE633949CE3B963586BBE549E1EE64EC0E8E4DD57CAD5D41DE73471319FDC43D0E175D502CB56FB188B21ED4157FAF20951B9DF49149F9C908DAA83F9D9EF1886E64AC2B0CF3766A67C6B25E762DFB41D5A4008BE3646A39EC460ECCF0A98C0F777AB5F45C4EA79E33B60DA8BBE14805B35D0C8F50712C915455E5960271A9F42DB35710732E79FA3A55932A3ED33318452D1FEEDEC351339A719662C31310E2F63069D50BEB88BC0031F40CEEEBEECFFA2A8600794DB65FB13B8DFDF46D918F82F69F415EA5AB64363855CCE35FF03AB998799D654408AF38AAE243DD94D1C3271443EE8D461D70529C948F2DA5CFE9BC408DFC401737559C0877EADB9E2CA32E3AC1576B03020CE1F6CD73430C0D</redirectLocation>
  <url>https://preproduccion.sge/login/login.jsp?site2pstoretoken=v1.4~CEF0A91F~EEDE633949CE3B963586BBE549E1EE64EC0E8E4DD57CAD5D41DE73471319FDC43D0E175D502CB56FB188B21ED4157FAF20951B9DF49149F9C908DAA83F9D9EF1886E64AC2B0CF3766A67C6B25E762DFB41D5A4008BE3646A39EC460ECCF0A98C0F777AB5F45C4EA79E33B60DA8BBE14805B35D0C8F50712C915455E5960271A9F42DB35710732E79FA3A55932A3ED33318452D1FEEDEC351339A719662C31310E2F63069D50BEB88BC0031F40CEEEBEECFFA2A8600794DB65FB13B8DFDF46D918F82F69F415EA5AB64363855CCE35FF03AB998799D654408AF38AAE243DD94D1C3271443EE8D461D70529C948F2DA5CFE9BC408DFC401737559C0877EADB9E2CA32E3AC1576B03020CE1F6CD73430C0D&amp;p_error_code=&amp;p_submit_url=https%3A%2F%2Flogin-pre.sge%2Fsso%2Fauth&amp;p_cancel_url=https%3A%2F%2Fpreproduccion.sge&amp;ssousername=&amp;subscribername=</url>
</httpSample>
<httpSample t="16" lt="16" ts="1298631777762" s="false" lb="/gepa/BusquedaAction.do" rc="500" by="778">
  <responseHeader class="java.lang.String">HTTP/1.0 500 Internal Server Error
Date: Fri, 25 Feb 2011 11:02:57 GMT
Server: Oracle-Application-Server-10g/10.1.2.2.0 Oracle-HTTP-Server
Content-Type: text/html; charset=iso-8859-1
</responseHeader>
  <requestHeader class="java.lang.String">Content-Type: application/x-www-form-urlencoded
Accept-Language: es-ES
Accept: image/jpeg, application/x-ms-application, image/gif, application/xaml+xml, image/pjpeg, application/x-ms-xbap, application/vnd.ms-powerpoint, application/vnd.ms-excel, application/msword, */*
User-Agent: Mozilla/4.0 (compatible; MSIE 7.0; Windows NT 6.1; Trident/4.0; SLCC2; .NET CLR 2.0.50727; .NET CLR 3.5.30729; .NET CLR 3.0.30729; Media Center PC 6.0; MDDS; .NET4.0C)
Accept-Encoding: gzip, deflate
Referer: http://picasso:8888/gepa/ConexionAction.do;jsessionid=eb634fe5b58b0bcb96508261e275709f9c8e236e3e15aeb347f0741aac2dda55
Pragma: no-cache
</requestHeader>
  <cookies class="java.lang.String"></cookies>
  <method class="java.lang.String">POST</method>
  <queryString class="java.lang.String">accion=buscar&amp;modo=rapida&amp;avanzadaDesplegada=false&amp;descElemPesado=&amp;identificacionRapida=&amp;nombreRapida=&amp;apellido1Rapida=&amp;apellido2Rapida=&amp;anyoRapida=&amp;numeroRapida=&amp;desdeRapida=&amp;hastaRapida=&amp;tramiteRapida=-1&amp;estadoRapida=-1&amp;idBusqueda=-1&amp;idClases=26&amp;metaTipo0=STRING&amp;metaTipo1=STRING&amp;metaTipo2=LISTA&amp;metaTipo3=STRING&amp;metaTipo4=LISTA_PESADA&amp;metaTipo5=STRING&amp;metaTipo6=LISTA&amp;metaTipo7=STRING&amp;metaTipo8=STRING&amp;metaTipo9=STRING&amp;metaTipo10=STRING&amp;metaTipo11=STRING&amp;metaTipo12=STRING&amp;metaTipo13=LISTA&amp;metaTipo14=STRING&amp;metaTipo15=TIMESTAMP&amp;metaTipo16=TIMESTAMP&amp;metaTipo17=TIMESTAMP&amp;metaTipo18=LISTA&amp;metaTipo19=LISTA_PESADA&amp;metaTipo20=STRING&amp;metaTipo21=STRING&amp;metaTipo22=STRING&amp;metaTipo23=STRING&amp;metaTipo24=STRING&amp;metaTipo25=LISTA_PESADA&amp;metaTipo26=LISTA&amp;metaTipo27=STRING&amp;metaTipo28=LISTA&amp;metaTipo29=STRING&amp;metaTipo30=STRING&amp;metaTipo31=INTEGER&amp;metaTipo32=STRING&amp;metaTipo33=STRING&amp;metaTipo34=STRING&amp;metaTipo35=LISTA&amp;metaTipo36=LISTA&amp;metaTipo37=LISTA&amp;metaTipo38=STRING&amp;metaTipo39=SEPARADOR&amp;metaTipo40=BOOLEAN&amp;metaTipo41=STRING&amp;metaTipo42=STRING&amp;metaTipo43=STRING&amp;metaTipo44=LISTA&amp;metaTipo45=BOOLEAN&amp;metaTipo46=BOOLEAN&amp;metaTipo47=BOOLEAN&amp;metaTipo48=STRING&amp;metaTipo49=TIMESTAMP&amp;metaTipo50=TIMESTAMP&amp;metaTipo51=TIMESTAMP&amp;metaTipo52=TIMESTAMP&amp;metaTipo53=TIMESTAMP&amp;metaTipo54=TIMESTAMP&amp;metaTipo55=TIMESTAMP&amp;metaTipo56=TIMESTAMP&amp;metaTipo57=TIMESTAMP&amp;metaTipo58=TIMESTAMP&amp;metaTipo59=TIMESTAMP&amp;metaTipo60=TIMESTAMP&amp;metaTipo61=TIMESTAMP&amp;metaTipo62=TIMESTAMP&amp;metaTipo63=TIMESTAMP&amp;metaTipo64=LISTA&amp;metaTipo65=LISTA&amp;metaTipo66=LISTA&amp;metaTipo67=DOUBLE&amp;metaTipo68=DOUBLE&amp;metaTipo69=DOUBLE&amp;metaTipo70=DOUBLE&amp;metaTipo71=DOUBLE&amp;metaTipo72=DOUBLE&amp;metaTipo73=DOUBLE&amp;metaTipo74=BOOLEAN&amp;metaTipo75=LISTA&amp;metaTipo76=STRING&amp;metaTipo77=STRING&amp;metaTipo78=STRING&amp;metaTipo79=STRING&amp;metaTipo80=STRING&amp;metaTipo81=STRING&amp;metaTipo82=STRING&amp;metaTipo83=BOOLEAN&amp;metaTipo84=BOOLEAN&amp;metaTipo85=STRING&amp;metaTipo86=LISTA&amp;metaTipo87=LISTA&amp;metaTipo88=LISTA_PESADA&amp;metaTipo89=LISTA&amp;metaTipo90=LISTA&amp;metaTipo91=STRING&amp;metaTipo92=LISTA&amp;metaTipo93=STRING&amp;metaTipo94=STRING&amp;metaTipo95=LISTA&amp;metaTipo96=LISTA&amp;metaTipo97=LISTA&amp;metaTipo98=BOOLEAN&amp;metaTipo99=LISTA&amp;metaTipo100=BOOLEAN&amp;metaTipo101=LISTA&amp;metaTipo102=LISTA&amp;metaTipo103=BOOLEAN&amp;metaTipo104=BOOLEAN&amp;metaTipo105=LISTA&amp;metaTipo106=LISTA&amp;metaTipo107=LISTA&amp;metaTipo108=LISTA&amp;metaTipo109=LISTA&amp;metaTipo110=STRING&amp;metaTipo111=LISTA&amp;valor=&amp;valorPesado=&amp;lista37=-1&amp;lista36=-1&amp;lista35=-1&amp;lista99=-1&amp;lista109=-1&amp;lista66=-1&amp;lista98=-1&amp;lista108=-1&amp;lista65=-1&amp;lista97=-1&amp;lista107=-1&amp;lista64=-1&amp;lista96=-1&amp;lista106=-1&amp;lista95=-1&amp;lista105=-1&amp;lista104=-1&amp;lista92=-1&amp;lista103=-1&amp;lista102=-1&amp;lista90=-1&amp;lista101=-1&amp;lista100=-1&amp;lista28=-1&amp;lista26=-1&amp;lista89=-1&amp;lista87=-1&amp;lista86=-1&amp;lista6=-1&amp;lista84=-1&amp;lista83=-1&amp;lista2=-1&amp;lista18=-1&amp;lista47=-1&amp;lista46=-1&amp;lista13=-1&amp;lista45=-1&amp;lista44=-1&amp;lista75=-1&amp;lista74=-1&amp;lista40=-1&amp;lista111=-1</queryString>
  <url>https://preproduccion.sge:443/gepa/BusquedaAction.do</url>
</httpSample>
<httpSample t="235" lt="0" ts="1298631777559" s="true" lb="/gepa/ResultadoBusquedaAction.do" rc="200" by="4972">
  <responseHeader class="java.lang.String">HTTP/1.0 200 OK
Date: Fri, 25 Feb 2011 11:02:57 GMT
Server: Oracle-Application-Server-10g/10.1.2.2.0 Oracle-HTTP-Server
Content-Length: 4972
Set-Cookie: JSESSIONID=dc42f393096634109dc9714bb97ff1309c1ffc2aabdbc220f188bebd1b037663.e38Ob3aOaheRe34Mb3qSax0Pahz0nR9Pq6XteP93; path=/login
Content-Type: text/html; charset=ISO-8859-1
</responseHeader>
  <requestHeader class="java.lang.String">Accept-Language: es-ES
Accept: image/jpeg, application/x-ms-application, image/gif, application/xaml+xml, image/pjpeg, application/x-ms-xbap, application/vnd.ms-powerpoint, application/vnd.ms-excel, application/msword, */*
User-Agent: Mozilla/4.0 (compatible; MSIE 7.0; Windows NT 6.1; Trident/4.0; SLCC2; .NET CLR 2.0.50727; .NET CLR 3.5.30729; .NET CLR 3.0.30729; Media Center PC 6.0; MDDS; .NET4.0C)
Accept-Encoding: gzip, deflate
Referer: http://picasso:8888/gepa/BusquedaAction.do
</requestHeader>
  <cookies class="java.lang.String"></cookies>
  <method class="java.lang.String">GET</method>
  <queryString class="java.lang.String"></queryString>
  <redirectLocation class="java.lang.String">https://login-pre.sge/pls/orasso/orasso.wwsso_app_admin.ls_login?Site2pstoreToken=v1.4~CEF0A91F~EEDE633949CE3B963586BBE549E1EE64EC0E8E4DD57CAD5D41DE73471319FDC43D0E175D502CB56FB188B21ED4157FAF20951B9DF49149F9C908DAA83F9D9EF1886E64AC2B0CF3766A67C6B25E762DFB41D5A4008BE3646A39EC460ECCF0A98C3134A6A10495464136F2DD0E892DDD15C3747F31FF7227E6777FB59AB25A767BA43EA51749E7F46C4FAE0D6E21C9E5C30B2A1B6F7264BE8323123904E3F74C399C1511F27B1AB429ABA1B36E14350C76BA7CD3C96A0089E7E53021EA33615395E681F64FD89A25C7FD66C2AE725968B120636D9DF5D55A95ABFF954EA612AD37DF35DC8051FD4BCACEFB417BCFCF77BC245F515D275F3980</redirectLocation>
  <url>https://preproduccion.sge/login/login.jsp?site2pstoretoken=v1.4~CEF0A91F~EEDE633949CE3B963586BBE549E1EE64EC0E8E4DD57CAD5D41DE73471319FDC43D0E175D502CB56FB188B21ED4157FAF20951B9DF49149F9C908DAA83F9D9EF1886E64AC2B0CF3766A67C6B25E762DFB41D5A4008BE3646A39EC460ECCF0A98C3134A6A10495464136F2DD0E892DDD15C3747F31FF7227E6777FB59AB25A767BA43EA51749E7F46C4FAE0D6E21C9E5C30B2A1B6F7264BE8323123904E3F74C399C1511F27B1AB429ABA1B36E14350C76BA7CD3C96A0089E7E53021EA33615395E681F64FD89A25C7FD66C2AE725968B120636D9DF5D55A95ABFF954EA612AD37DF35DC8051FD4BCACEFB417BCFCF77BC245F515D275F3980&amp;p_error_code=&amp;p_submit_url=https%3A%2F%2Flogin-pre.sge%2Fsso%2Fauth&amp;p_cancel_url=https%3A%2F%2Fpreproduccion.sge&amp;ssousername=&amp;subscribername=</url>
</httpSample>
<httpSample t="203" lt="0" ts="1298631777778" s="true" lb="/gepa/scripts/scriptaculous/scriptaculous.js" rc="200" by="5068">
  <responseHeader class="java.lang.String">HTTP/1.0 200 OK
Date: Fri, 25 Feb 2011 11:02:57 GMT
Server: Oracle-Application-Server-10g/10.1.2.2.0 Oracle-HTTP-Server
Content-Length: 5068
Set-Cookie: JSESSIONID=b50deb8e8154f54ae89ec4c34a714bccd067e19aca6c69cf86c30e7446ed8f51.e3eSbhiLaNyPe3yNbNyQc3qSai1BqBjKpPXxqAa; path=/login
Content-Type: text/html; charset=ISO-8859-1
</responseHeader>
  <requestHeader class="java.lang.String">Accept-Language: es-ES
Accept: */*
User-Agent: Mozilla/4.0 (compatible; MSIE 7.0; Windows NT 6.1; Trident/4.0; SLCC2; .NET CLR 2.0.50727; .NET CLR 3.5.30729; .NET CLR 3.0.30729; Media Center PC 6.0; MDDS; .NET4.0C)
Accept-Encoding: gzip, deflate
Referer: http://picasso:8888/gepa/BusquedaAction.do
</requestHeader>
  <cookies class="java.lang.String"></cookies>
  <method class="java.lang.String">GET</method>
  <queryString class="java.lang.String"></queryString>
  <redirectLocation class="java.lang.String">https://login-pre.sge/pls/orasso/orasso.wwsso_app_admin.ls_login?Site2pstoreToken=v1.4~CEF0A91F~EEDE633949CE3B963586BBE549E1EE64EC0E8E4DD57CAD5D41DE73471319FDC43D0E175D502CB56FB188B21ED4157FAF20951B9DF49149F9C908DAA83F9D9EF1886E64AC2B0CF3766A67C6B25E762DFB41D5A4008BE3646A39EC460ECCF0A98C0F777AB5F45C4EA79E33B60DA8BBE14805B35D0C8F50712C915455E5960271A9F42DB35710732E79FA3A55932A3ED33318452D1FEEDEC351339A719662C31310E2F63069D50BEB88BC0031F40CEEEBEECFFA2A8600794DB65FB13B8DFDF46D918F82F69F415EA5AB64363855CCE35FF03AB998799D654408AF38AAE243DD94D1C3271443EE8D461D70529C948F2DA5CFE9BC408DFC401737559C0877EADB9E2CA32E3AC1576B03020CE1F6CD73430C0D</redirectLocation>
  <url>https://preproduccion.sge/login/login.jsp?site2pstoretoken=v1.4~CEF0A91F~EEDE633949CE3B963586BBE549E1EE64EC0E8E4DD57CAD5D41DE73471319FDC43D0E175D502CB56FB188B21ED4157FAF20951B9DF49149F9C908DAA83F9D9EF1886E64AC2B0CF3766A67C6B25E762DFB41D5A4008BE3646A39EC460ECCF0A98C0F777AB5F45C4EA79E33B60DA8BBE14805B35D0C8F50712C915455E5960271A9F42DB35710732E79FA3A55932A3ED33318452D1FEEDEC351339A719662C31310E2F63069D50BEB88BC0031F40CEEEBEECFFA2A8600794DB65FB13B8DFDF46D918F82F69F415EA5AB64363855CCE35FF03AB998799D654408AF38AAE243DD94D1C3271443EE8D461D70529C948F2DA5CFE9BC408DFC401737559C0877EADB9E2CA32E3AC1576B03020CE1F6CD73430C0D&amp;p_error_code=&amp;p_submit_url=https%3A%2F%2Flogin-pre.sge%2Fsso%2Fauth&amp;p_cancel_url=https%3A%2F%2Fpreproduccion.sge&amp;ssousername=&amp;subscribername=</url>
</httpSample>
<httpSample t="203" lt="0" ts="1298631777794" s="true" lb="/gepa/scripts/scriptaculous/scriptaculous.js" rc="200" by="5068">
  <responseHeader class="java.lang.String">HTTP/1.0 200 OK
Date: Fri, 25 Feb 2011 11:02:57 GMT
Server: Oracle-Application-Server-10g/10.1.2.2.0 Oracle-HTTP-Server
Content-Length: 5068
Set-Cookie: JSESSIONID=7a9a0192442ca5f89d6866a50485c24e79294dcbdd31fdc1fcbf7e6535d7fddb.e3eSbhiLaNyPe3yNbNyQc3qSai1BqBjKpPXxqAa; path=/login
Content-Type: text/html; charset=ISO-8859-1
</responseHeader>
  <requestHeader class="java.lang.String">Accept-Language: es-ES
Accept: */*
User-Agent: Mozilla/4.0 (compatible; MSIE 7.0; Windows NT 6.1; Trident/4.0; SLCC2; .NET CLR 2.0.50727; .NET CLR 3.5.30729; .NET CLR 3.0.30729; Media Center PC 6.0; MDDS; .NET4.0C)
Accept-Encoding: gzip, deflate
Referer: http://picasso:8888/gepa/ResultadoBusquedaAction.do?accion=gestionExp&amp;indice=0
</requestHeader>
  <cookies class="java.lang.String"></cookies>
  <method class="java.lang.String">GET</method>
  <queryString class="java.lang.String"></queryString>
  <redirectLocation class="java.lang.String">https://login-pre.sge/pls/orasso/orasso.wwsso_app_admin.ls_login?Site2pstoreToken=v1.4~CEF0A91F~EEDE633949CE3B963586BBE549E1EE64EC0E8E4DD57CAD5D41DE73471319FDC43D0E175D502CB56FB188B21ED4157FAF20951B9DF49149F9C908DAA83F9D9EF1886E64AC2B0CF3766A67C6B25E762DFB41D5A4008BE3646A39EC460ECCF0A98C0F777AB5F45C4EA79E33B60DA8BBE14805B35D0C8F50712C915455E5960271A9F42DB35710732E79FA3A55932A3ED33318452D1FEEDEC351339A719662C31310E2F63069D50BEB88BC0031F40CEEEBEECFFA2A8600794DB65FB13B8DFDF46D918F82F69F415EA5AB64363855CCE35FF03AB998799D654408AF38AAE243DD94D1C3271443EE8D461D70529C948F2DA5CFE9BC408DFC401737559C0877EADB9E2CA32E3AC1576B03020CE1F6CD73430C0D</redirectLocation>
  <url>https://preproduccion.sge/login/login.jsp?site2pstoretoken=v1.4~CEF0A91F~EEDE633949CE3B963586BBE549E1EE64EC0E8E4DD57CAD5D41DE73471319FDC43D0E175D502CB56FB188B21ED4157FAF20951B9DF49149F9C908DAA83F9D9EF1886E64AC2B0CF3766A67C6B25E762DFB41D5A4008BE3646A39EC460ECCF0A98C0F777AB5F45C4EA79E33B60DA8BBE14805B35D0C8F50712C915455E5960271A9F42DB35710732E79FA3A55932A3ED33318452D1FEEDEC351339A719662C31310E2F63069D50BEB88BC0031F40CEEEBEECFFA2A8600794DB65FB13B8DFDF46D918F82F69F415EA5AB64363855CCE35FF03AB998799D654408AF38AAE243DD94D1C3271443EE8D461D70529C948F2DA5CFE9BC408DFC401737559C0877EADB9E2CA32E3AC1576B03020CE1F6CD73430C0D&amp;p_error_code=&amp;p_submit_url=https%3A%2F%2Flogin-pre.sge%2Fsso%2Fauth&amp;p_cancel_url=https%3A%2F%2Fpreproduccion.sge&amp;ssousername=&amp;subscribername=</url>
</httpSample>
<httpSample t="219" lt="0" ts="1298631777996" s="true" lb="/gepa/ResultadoBusquedaAction.do" rc="200" by="5004">
  <responseHeader class="java.lang.String">HTTP/1.0 200 OK
Date: Fri, 25 Feb 2011 11:02:58 GMT
Server: Oracle-Application-Server-10g/10.1.2.2.0 Oracle-HTTP-Server
Content-Length: 5004
Set-Cookie: JSESSIONID=053e70ef867215ec0ed126062cd80e85788f6930cb9d1d36b984739168f86a02.e38Ob3aOaheRe34Mb3qSax0Pahz0nR9Pq6XteP93; path=/login
Content-Type: text/html; charset=ISO-8859-1
</responseHeader>
  <requestHeader class="java.lang.String">Accept-Language: es-ES
Accept: image/jpeg, application/x-ms-application, image/gif, application/xaml+xml, image/pjpeg, application/x-ms-xbap, application/vnd.ms-powerpoint, application/vnd.ms-excel, application/msword, */*
User-Agent: Mozilla/4.0 (compatible; MSIE 7.0; Windows NT 6.1; Trident/4.0; SLCC2; .NET CLR 2.0.50727; .NET CLR 3.5.30729; .NET CLR 3.0.30729; Media Center PC 6.0; MDDS; .NET4.0C)
Accept-Encoding: gzip, deflate
Referer: http://picasso:8888/gepa/BusquedaAction.do
</requestHeader>
  <cookies class="java.lang.String"></cookies>
  <method class="java.lang.String">GET</method>
  <queryString class="java.lang.String"></queryString>
  <redirectLocation class="java.lang.String">https://login-pre.sge/pls/orasso/orasso.wwsso_app_admin.ls_login?Site2pstoreToken=v1.4~CEF0A91F~794ADE5532BC0126D29037C2C0356CE41260FFC95B7810D99D41528737EB8F19E88DAC76693C86F041558595619DB6E2B1CD73438C33F6759D969D31883797B382AEE21D262FD69E255E937949749EC1DF3BE082CF04955A2EAD72EEC08780567F9E8DBCD171CBDBD27BDA15EAB6AF433C1DB728576EFC23F3525E6666789C37A5D71A7AA1D0E8456A2C908DA037F5CF5FDF2A2668DF2E8F1DFEBACA234EDEBF68B3E07DE9C6CC26A83056C60AFF365F417BEB6ADE0945DD5FDFAD4C8A830E1ED5E62C44D8DF3D2F3F857BA20AD52860DEB3C37D515A129021751194765B1552908C67433126797BFF8A151856123E9358FB9F9BA989ABD7B8103EB0E32AF4CC</redirectLocation>
  <url>https://preproduccion.sge/login/login.jsp?site2pstoretoken=v1.4~CEF0A91F~794ADE5532BC0126D29037C2C0356CE41260FFC95B7810D99D41528737EB8F19E88DAC76693C86F041558595619DB6E2B1CD73438C33F6759D969D31883797B382AEE21D262FD69E255E937949749EC1DF3BE082CF04955A2EAD72EEC08780567F9E8DBCD171CBDBD27BDA15EAB6AF433C1DB728576EFC23F3525E6666789C37A5D71A7AA1D0E8456A2C908DA037F5CF5FDF2A2668DF2E8F1DFEBACA234EDEBF68B3E07DE9C6CC26A83056C60AFF365F417BEB6ADE0945DD5FDFAD4C8A830E1ED5E62C44D8DF3D2F3F857BA20AD52860DEB3C37D515A129021751194765B1552908C67433126797BFF8A151856123E9358FB9F9BA989ABD7B8103EB0E32AF4CC&amp;p_error_code=&amp;p_submit_url=https%3A%2F%2Flogin-pre.sge%2Fsso%2Fauth&amp;p_cancel_url=https%3A%2F%2Fpreproduccion.sge&amp;ssousername=&amp;subscribername=</url>
</httpSample>
<httpSample t="218" lt="0" ts="1298631777997" s="true" lb="/gepa/ConexionAction.do" rc="200" by="5388">
  <responseHeader class="java.lang.String">HTTP/1.0 200 OK
Date: Fri, 25 Feb 2011 11:02:58 GMT
Server: Oracle-Application-Server-10g/10.1.2.2.0 Oracle-HTTP-Server
Content-Length: 5388
Set-Cookie: JSESSIONID=0e96dc5403bd9edc90ea100669bde0778acc818b659b1c590dbaeae031e7379c.e38Ob3aOaheRe34Mb3qSax0Pahz0nR9Pq6XteP93; path=/login
Content-Type: text/html; charset=ISO-8859-1
</responseHeader>
  <requestHeader class="java.lang.String">Accept-Language: es
Accept: */*
User-Agent: Mozilla/4.0 (compatible; MSIE 7.0; Windows NT 6.1; Trident/4.0; SLCC2; .NET CLR 2.0.50727; .NET CLR 3.5.30729; .NET CLR 3.0.30729; Media Center PC 6.0; MDDS; .NET4.0C)
Accept-Encoding: gzip, deflate
</requestHeader>
  <cookies class="java.lang.String"></cookies>
  <method class="java.lang.String">GET</method>
  <queryString class="java.lang.String"></queryString>
  <redirectLocation class="java.lang.String">https://login-pre.sge/pls/orasso/orasso.wwsso_app_admin.ls_login?Site2pstoreToken=v1.4~CEF0A91F~794ADE5532BC0126D29037C2C0356CE41260FFC95B7810D99D41528737EB8F19E88DAC76693C86F041558595619DB6E2B1CD73438C33F6759D969D31883797B382AEE21D262FD69E255E937949749EC1DF3BE082CF04955A2EAD72EEC0878056B15CCECA21828E96F4B83D92684F90FEF79323C47670A87DA15E3DC31E379ADB4B2CEC6088EF5F903CAFD361BDD62994F3AB3058AC4B48C225BE762374B13657C8764919FF1045B41AB39C4C83333FA8EF293E3EB3B538440DF80ED29A7CBA4E41209E6BD23FD698EA52A931C1C79A913172BA05CC98FB9E0203A18BD097392E27FA5B33712E0BEAA6EB53B7F37764D773AFB8C6C74F871AA956301D5B3DA3A091BB701CEB7F725C914693F9647833F2FA867EA7461201E7912EFB9B3FA79230DF76510DA562894EA61DB5ED6048C3DB6B4D83AF994AEE403F2F4C62E9B587039FFB4728FEB3A4DDB17A51C188E91CB59E271A982AF81265460B41E353A6258F</redirectLocation>
  <url>https://preproduccion.sge/login/login.jsp?site2pstoretoken=v1.4~CEF0A91F~794ADE5532BC0126D29037C2C0356CE41260FFC95B7810D99D41528737EB8F19E88DAC76693C86F041558595619DB6E2B1CD73438C33F6759D969D31883797B382AEE21D262FD69E255E937949749EC1DF3BE082CF04955A2EAD72EEC0878056B15CCECA21828E96F4B83D92684F90FEF79323C47670A87DA15E3DC31E379ADB4B2CEC6088EF5F903CAFD361BDD62994F3AB3058AC4B48C225BE762374B13657C8764919FF1045B41AB39C4C83333FA8EF293E3EB3B538440DF80ED29A7CBA4E41209E6BD23FD698EA52A931C1C79A913172BA05CC98FB9E0203A18BD097392E27FA5B33712E0BEAA6EB53B7F37764D773AFB8C6C74F871AA956301D5B3DA3A091BB701CEB7F725C914693F9647833F2FA867EA7461201E7912EFB9B3FA79230DF76510DA562894EA61DB5ED6048C3DB6B4D83AF994AEE403F2F4C62E9B587039FFB4728FEB3A4DDB17A51C188E91CB59E271A982AF81265460B41E353A6258F&amp;p_error_code=&amp;p_submit_url=https%3A%2F%2Flogin-pre.sge%2Fsso%2Fauth&amp;p_cancel_url=https%3A%2F%2Fpreproduccion.sge&amp;ssousername=&amp;subscribername=</url>
</httpSample>
<httpSample t="235" lt="0" ts="1298631778215" s="true" lb="/gepa/scripts/scriptaculous/scriptaculous.js" rc="200" by="5068">
  <responseHeader class="java.lang.String">HTTP/1.0 200 OK
Date: Fri, 25 Feb 2011 11:02:58 GMT
Server: Oracle-Application-Server-10g/10.1.2.2.0 Oracle-HTTP-Server
Content-Length: 5068
Set-Cookie: JSESSIONID=91cf7ce6f0065f1a4bb3f6169bf088e48ea4319a976172cd65893ec609aedeae.e3eSbhiLaNyPe3yNbNyQc3qSai1BqBjKpPXxqAa; path=/login
Content-Type: text/html; charset=ISO-8859-1
</responseHeader>
  <requestHeader class="java.lang.String">Accept-Language: es-ES
Accept: */*
User-Agent: Mozilla/4.0 (compatible; MSIE 7.0; Windows NT 6.1; Trident/4.0; SLCC2; .NET CLR 2.0.50727; .NET CLR 3.5.30729; .NET CLR 3.0.30729; Media Center PC 6.0; MDDS; .NET4.0C)
Accept-Encoding: gzip, deflate
Referer: http://picasso:8888/gepa/ConexionAction.do?POSTDATA=variosPerfiles=true&amp;accion=iniciar&amp;codigoEntidad=DYS&amp;codigo=jcnegredo&amp;contrasenya=dysmatica&amp;rolSeleccionado=25
</requestHeader>
  <cookies class="java.lang.String"></cookies>
  <method class="java.lang.String">GET</method>
  <queryString class="java.lang.String"></queryString>
  <redirectLocation class="java.lang.String">https://login-pre.sge/pls/orasso/orasso.wwsso_app_admin.ls_login?Site2pstoreToken=v1.4~CEF0A91F~794ADE5532BC0126D29037C2C0356CE41260FFC95B7810D99D41528737EB8F19E88DAC76693C86F041558595619DB6E2B1CD73438C33F6759D969D31883797B382AEE21D262FD69E255E937949749EC1DF3BE082CF04955A2EAD72EEC08780569AE5291A4EC794A7B33F6370F02D8E2D5F0FE66A421601BED7D0FC02097A1E57BE124E32B81875AD0045D0EC99ABB22286670BF2FA397BB27DF315CB9B806652939B8F1CE0588D0C22507190A2A2B4F174C22B4FD0AED06AB8A35CBA23828399DDEC9B0167CA82451500BB28AFB3751C06DC26017345C174EE720979E9F8CADE54988EE05744C6C40C6DBBC5FFD32CCFDA324BD1A8E2BCB542038DDA8E3D9E4FF573FDC9486224070AC788A6BCDF7D55</redirectLocation>
  <url>https://preproduccion.sge/login/login.jsp?site2pstoretoken=v1.4~CEF0A91F~794ADE5532BC0126D29037C2C0356CE41260FFC95B7810D99D41528737EB8F19E88DAC76693C86F041558595619DB6E2B1CD73438C33F6759D969D31883797B382AEE21D262FD69E255E937949749EC1DF3BE082CF04955A2EAD72EEC08780569AE5291A4EC794A7B33F6370F02D8E2D5F0FE66A421601BED7D0FC02097A1E57BE124E32B81875AD0045D0EC99ABB22286670BF2FA397BB27DF315CB9B806652939B8F1CE0588D0C22507190A2A2B4F174C22B4FD0AED06AB8A35CBA23828399DDEC9B0167CA82451500BB28AFB3751C06DC26017345C174EE720979E9F8CADE54988EE05744C6C40C6DBBC5FFD32CCFDA324BD1A8E2BCB542038DDA8E3D9E4FF573FDC9486224070AC788A6BCDF7D55&amp;p_error_code=&amp;p_submit_url=https%3A%2F%2Flogin-pre.sge%2Fsso%2Fauth&amp;p_cancel_url=https%3A%2F%2Fpreproduccion.sge&amp;ssousername=&amp;subscribername=</url>
</httpSample>
<httpSample t="266" lt="0" ts="1298631778215" s="true" lb="/gepa/scripts/scriptaculous/scriptaculous.js" rc="200" by="5068">
  <responseHeader class="java.lang.String">HTTP/1.0 200 OK
Date: Fri, 25 Feb 2011 11:02:58 GMT
Server: Oracle-Application-Server-10g/10.1.2.2.0 Oracle-HTTP-Server
Content-Length: 5068
Set-Cookie: JSESSIONID=9401616a3f99d7ae3180597bad143ea50e2cb437f8491d2291daca44a5d0521b.e3eSbhiLaNyPe3yNbNyQc3qSai1BqBjKpPXxqAa; path=/login
Content-Type: text/html; charset=ISO-8859-1
</responseHeader>
  <requestHeader class="java.lang.String">Accept-Language: es-ES
Accept: */*
User-Agent: Mozilla/4.0 (compatible; MSIE 7.0; Windows NT 6.1; Trident/4.0; SLCC2; .NET CLR 2.0.50727; .NET CLR 3.5.30729; .NET CLR 3.0.30729; Media Center PC 6.0; MDDS; .NET4.0C)
Accept-Encoding: gzip, deflate
Referer: http://picasso:8888/gepa/ResultadoBusquedaAction.do?accion=gestionExp&amp;indice=0
</requestHeader>
  <cookies class="java.lang.String"></cookies>
  <method class="java.lang.String">GET</method>
  <queryString class="java.lang.String"></queryString>
  <redirectLocation class="java.lang.String">https://login-pre.sge/pls/orasso/orasso.wwsso_app_admin.ls_login?Site2pstoreToken=v1.4~CEF0A91F~794ADE5532BC0126D29037C2C0356CE41260FFC95B7810D99D41528737EB8F19E88DAC76693C86F041558595619DB6E2B1CD73438C33F6759D969D31883797B382AEE21D262FD69E255E937949749EC1DF3BE082CF04955A2EAD72EEC08780569AE5291A4EC794A7B33F6370F02D8E2D5F0FE66A421601BED7D0FC02097A1E57BE124E32B81875AD0045D0EC99ABB22286670BF2FA397BB27DF315CB9B806652939B8F1CE0588D0C22507190A2A2B4F174C22B4FD0AED06AB8A35CBA23828399DDEC9B0167CA82451500BB28AFB3751C06DC26017345C174EE720979E9F8CADE54988EE05744C6C40C6DBBC5FFD32CCFDA324BD1A8E2BCB542038DDA8E3D9E4FF573FDC9486224070AC788A6BCDF7D55</redirectLocation>
  <url>https://preproduccion.sge/login/login.jsp?site2pstoretoken=v1.4~CEF0A91F~794ADE5532BC0126D29037C2C0356CE41260FFC95B7810D99D41528737EB8F19E88DAC76693C86F041558595619DB6E2B1CD73438C33F6759D969D31883797B382AEE21D262FD69E255E937949749EC1DF3BE082CF04955A2EAD72EEC08780569AE5291A4EC794A7B33F6370F02D8E2D5F0FE66A421601BED7D0FC02097A1E57BE124E32B81875AD0045D0EC99ABB22286670BF2FA397BB27DF315CB9B806652939B8F1CE0588D0C22507190A2A2B4F174C22B4FD0AED06AB8A35CBA23828399DDEC9B0167CA82451500BB28AFB3751C06DC26017345C174EE720979E9F8CADE54988EE05744C6C40C6DBBC5FFD32CCFDA324BD1A8E2BCB542038DDA8E3D9E4FF573FDC9486224070AC788A6BCDF7D55&amp;p_error_code=&amp;p_submit_url=https%3A%2F%2Flogin-pre.sge%2Fsso%2Fauth&amp;p_cancel_url=https%3A%2F%2Fpreproduccion.sge&amp;ssousername=&amp;subscribername=</url>
</httpSample>

<httpSample t="188" lt="0" ts="1298631925295" s="true" lb="/gepa/ConexionAction.do" rc="200" by="5388">
  <responseHeader class="java.lang.String">HTTP/1.0 200 OK
Date: Fri, 25 Feb 2011 11:05:25 GMT
Server: Oracle-Application-Server-10g/10.1.2.2.0 Oracle-HTTP-Server
Content-Length: 5388
Set-Cookie: JSESSIONID=83cfc20e3fd5f7df9c7484efbb6a2dbac347579d47c72f53d34b0afa5158fe0c.e3eSbhiLaNyPe3yNbNyQc3qSai1BqBjKpPXxqAa; path=/login
Content-Type: text/html; charset=ISO-8859-1
</responseHeader>
  <requestHeader class="java.lang.String">Accept-Language: es
Accept: */*
User-Agent: Mozilla/4.0 (compatible; MSIE 7.0; Windows NT 6.1; Trident/4.0; SLCC2; .NET CLR 2.0.50727; .NET CLR 3.5.30729; .NET CLR 3.0.30729; Media Center PC 6.0; MDDS; .NET4.0C)
Accept-Encoding: gzip, deflate
</requestHeader>
  <cookies class="java.lang.String"></cookies>
  <method class="java.lang.String">GET</method>
  <queryString class="java.lang.String"></queryString>
  <redirectLocation class="java.lang.String">https://login-pre.sge/pls/orasso/orasso.wwsso_app_admin.ls_login?Site2pstoreToken=v1.4~CEF0A91F~EAE302983CA1076CBFD81C2B07D857855453E0332258B660D3F6647B2BAD0AF7DD94CBE3831C26621E3DC0F490B7209845ECDEC732A9AA1AC9A2FA15C506FB8F983709B5D41BEECBE825D6D1D0C3767CA702E61E63B3FEF46229AF171B382EA7F8501B8D43B0E38B0B010695D71CC7A45882C189A9E25B0B1FBE553779805D68FE4579ED39A9911D99A180D039E855731B415E8486A89CA4F8BC8091B096AD400A22727B405D4020568E9574A9F5F8FC05BDF9653E6BA1BCE5EB7B5BDE464174527E75CEF99319BDAFD137B79E5BD20611885EA5C910D2E02FB8B59E97C94CAC5578942BD73602BA6188376E5B943CA4BFEBD01747379C6A58E535A384231D51754174970B9DC6E65BC93C53BF5919F2BD5BC40DC6E1D4DFEA4EB4F5CC12097F9916EEEC6A0276E4EDE8FB65C23FDBF32F9654876B1C34153AD6D9E95F89C6B6A6F59755E60A392F56E09BC78F1863AD2078A177946231B818D5AAF6AE1E1471</redirectLocation>
  <url>https://preproduccion.sge/login/login.jsp?site2pstoretoken=v1.4~CEF0A91F~EAE302983CA1076CBFD81C2B07D857855453E0332258B660D3F6647B2BAD0AF7DD94CBE3831C26621E3DC0F490B7209845ECDEC732A9AA1AC9A2FA15C506FB8F983709B5D41BEECBE825D6D1D0C3767CA702E61E63B3FEF46229AF171B382EA7F8501B8D43B0E38B0B010695D71CC7A45882C189A9E25B0B1FBE553779805D68FE4579ED39A9911D99A180D039E855731B415E8486A89CA4F8BC8091B096AD400A22727B405D4020568E9574A9F5F8FC05BDF9653E6BA1BCE5EB7B5BDE464174527E75CEF99319BDAFD137B79E5BD20611885EA5C910D2E02FB8B59E97C94CAC5578942BD73602BA6188376E5B943CA4BFEBD01747379C6A58E535A384231D51754174970B9DC6E65BC93C53BF5919F2BD5BC40DC6E1D4DFEA4EB4F5CC12097F9916EEEC6A0276E4EDE8FB65C23FDBF32F9654876B1C34153AD6D9E95F89C6B6A6F59755E60A392F56E09BC78F1863AD2078A177946231B818D5AAF6AE1E1471&amp;p_error_code=&amp;p_submit_url=https%3A%2F%2Flogin-pre.sge%2Fsso%2Fauth&amp;p_cancel_url=https%3A%2F%2Fpreproduccion.sge&amp;ssousername=&amp;subscribername=</url>
</httpSample>
<httpSample t="203" lt="0" ts="1298631925483" s="true" lb="/gepa/scripts/scriptaculous/scriptaculous.js" rc="200" by="5068">
  <responseHeader class="java.lang.String">HTTP/1.0 200 OK
Date: Fri, 25 Feb 2011 11:05:25 GMT
Server: Oracle-Application-Server-10g/10.1.2.2.0 Oracle-HTTP-Server
Content-Length: 5068
Set-Cookie: JSESSIONID=b164fd449200da6de3414b9888e7371fb29e79cc88a3a9eb42a60ef042c7ed70.e38Ob3aOaheRe34Mb3qSax0Pahz0nR9Pq6XteP93; path=/login
Content-Type: text/html; charset=ISO-8859-1
</responseHeader>
  <requestHeader class="java.lang.String">Accept-Language: es-ES
Accept: */*
User-Agent: Mozilla/4.0 (compatible; MSIE 7.0; Windows NT 6.1; Trident/4.0; SLCC2; .NET CLR 2.0.50727; .NET CLR 3.5.30729; .NET CLR 3.0.30729; Media Center PC 6.0; MDDS; .NET4.0C)
Accept-Encoding: gzip, deflate
Referer: http://picasso:8888/gepa/ConexionAction.do?POSTDATA=variosPerfiles=true&amp;accion=iniciar&amp;codigoEntidad=DYS&amp;codigo=jcnegredo&amp;contrasenya=dysmatica&amp;rolSeleccionado=25
</requestHeader>
  <cookies class="java.lang.String"></cookies>
  <method class="java.lang.String">GET</method>
  <queryString class="java.lang.String"></queryString>
  <redirectLocation class="java.lang.String">https://login-pre.sge/pls/orasso/orasso.wwsso_app_admin.ls_login?Site2pstoreToken=v1.4~CEF0A91F~EAE302983CA1076CBFD81C2B07D857855453E0332258B660D3F6647B2BAD0AF7DD94CBE3831C26621E3DC0F490B7209845ECDEC732A9AA1AC9A2FA15C506FB8F983709B5D41BEECBE825D6D1D0C3767CA702E61E63B3FEF46229AF171B382EA716D4845CE7FE6F561CA0696FEDC4512BEEFBA65C1F4C9F61D1F18D2BFFDBFF8A07082866DECB2F82FA1F9A2D6F4E2A4578D17A5120E77605DB7F3D83E63795D24F4AAF3787A31AC1CD7468C670C2A9831B60B16EA7241E19B0FA9FCBB6FE69742CBECAEE9B4FB03C14289D428139DB25CEB13BF3389A28D38315CA5DB0A59552EEF98B995F26AF5B6D5484FC856F3831E85F8CAABB7766FF144C586E713DE6D2055A8DAB51FCC7F76E11E4A5790A271F</redirectLocation>
  <url>https://preproduccion.sge/login/login.jsp?site2pstoretoken=v1.4~CEF0A91F~EAE302983CA1076CBFD81C2B07D857855453E0332258B660D3F6647B2BAD0AF7DD94CBE3831C26621E3DC0F490B7209845ECDEC732A9AA1AC9A2FA15C506FB8F983709B5D41BEECBE825D6D1D0C3767CA702E61E63B3FEF46229AF171B382EA716D4845CE7FE6F561CA0696FEDC4512BEEFBA65C1F4C9F61D1F18D2BFFDBFF8A07082866DECB2F82FA1F9A2D6F4E2A4578D17A5120E77605DB7F3D83E63795D24F4AAF3787A31AC1CD7468C670C2A9831B60B16EA7241E19B0FA9FCBB6FE69742CBECAEE9B4FB03C14289D428139DB25CEB13BF3389A28D38315CA5DB0A59552EEF98B995F26AF5B6D5484FC856F3831E85F8CAABB7766FF144C586E713DE6D2055A8DAB51FCC7F76E11E4A5790A271F&amp;p_error_code=&amp;p_submit_url=https%3A%2F%2Flogin-pre.sge%2Fsso%2Fauth&amp;p_cancel_url=https%3A%2F%2Fpreproduccion.sge&amp;ssousername=&amp;subscribername=</url>
</httpSample>
<httpSample t="31" lt="31" ts="1298631925686" s="false" lb="/gepa/ConexionAction.do;jsessionid=eb634fe5b58b0bcb96508261e275709f9c8e236e3e15aeb347f0741aac2dda55" rc="500" by="778">
  <responseHeader class="java.lang.String">HTTP/1.0 500 Internal Server Error
Date: Fri, 25 Feb 2011 11:05:25 GMT
Server: Oracle-Application-Server-10g/10.1.2.2.0 Oracle-HTTP-Server
Content-Type: text/html; charset=iso-8859-1
</responseHeader>
  <requestHeader class="java.lang.String">Content-Type: application/x-www-form-urlencoded
Accept-Language: es-ES
Accept: image/jpeg, application/x-ms-application, image/gif, application/xaml+xml, image/pjpeg, application/x-ms-xbap, application/vnd.ms-powerpoint, application/vnd.ms-excel, application/msword, */*
User-Agent: Mozilla/4.0 (compatible; MSIE 7.0; Windows NT 6.1; Trident/4.0; SLCC2; .NET CLR 2.0.50727; .NET CLR 3.5.30729; .NET CLR 3.0.30729; Media Center PC 6.0; MDDS; .NET4.0C)
Accept-Encoding: gzip, deflate
Referer: http://picasso:8888/gepa/ConexionAction.do?POSTDATA=variosPerfiles=true&amp;accion=iniciar&amp;codigoEntidad=DYS&amp;codigo=jcnegredo&amp;contrasenya=dysmatica&amp;rolSeleccionado=25
Pragma: no-cache
</requestHeader>
  <cookies class="java.lang.String"></cookies>
  <method class="java.lang.String">POST</method>
  <queryString class="java.lang.String">variosPerfiles=true&amp;accion=seleccionarPerfil&amp;codigoEntidad=DYS&amp;rolSeleccionado=25</queryString>
  <url>https://preproduccion.sge:443/gepa/ConexionAction.do;jsessionid=eb634fe5b58b0bcb96508261e275709f9c8e236e3e15aeb347f0741aac2dda55</url>
</httpSample>
<httpSample t="203" lt="0" ts="1298631925717" s="true" lb="/gepa/scripts/scriptaculous/scriptaculous.js" rc="200" by="5068">
  <responseHeader class="java.lang.String">HTTP/1.0 200 OK
Date: Fri, 25 Feb 2011 11:05:25 GMT
Server: Oracle-Application-Server-10g/10.1.2.2.0 Oracle-HTTP-Server
Content-Length: 5068
Set-Cookie: JSESSIONID=a81be3699792f9500f63435da49a4d751fa9136314db2ff795e157fb31a91bc4.e3eSbhiLaNyPe3yNbNyQc3qSai1BqBjKpPXxqAa; path=/login
Content-Type: text/html; charset=ISO-8859-1
</responseHeader>
  <requestHeader class="java.lang.String">Accept-Language: es-ES
Accept: */*
User-Agent: Mozilla/4.0 (compatible; MSIE 7.0; Windows NT 6.1; Trident/4.0; SLCC2; .NET CLR 2.0.50727; .NET CLR 3.5.30729; .NET CLR 3.0.30729; Media Center PC 6.0; MDDS; .NET4.0C)
Accept-Encoding: gzip, deflate
Referer: http://picasso:8888/gepa/ConexionAction.do;jsessionid=eb634fe5b58b0bcb96508261e275709f9c8e236e3e15aeb347f0741aac2dda55
</requestHeader>
  <cookies class="java.lang.String"></cookies>
  <method class="java.lang.String">GET</method>
  <queryString class="java.lang.String"></queryString>
  <redirectLocation class="java.lang.String">https://login-pre.sge/pls/orasso/orasso.wwsso_app_admin.ls_login?Site2pstoreToken=v1.4~CEF0A91F~EAE302983CA1076CBFD81C2B07D857855453E0332258B660D3F6647B2BAD0AF7DD94CBE3831C26621E3DC0F490B7209845ECDEC732A9AA1AC9A2FA15C506FB8F983709B5D41BEECBE825D6D1D0C3767CA702E61E63B3FEF46229AF171B382EA716D4845CE7FE6F561CA0696FEDC4512BEEFBA65C1F4C9F61D1F18D2BFFDBFF8A07082866DECB2F82FA1F9A2D6F4E2A4578D17A5120E77605DB7F3D83E63795D24F4AAF3787A31AC1CD7468C670C2A9831B60B16EA7241E19B0FA9FCBB6FE69742CBECAEE9B4FB03C14289D428139DB25CEB13BF3389A28D38315CA5DB0A59552EEF98B995F26AF5B6D5484FC856F3831E85F8CAABB7766FF144C586E713DE6D2055A8DAB51FCC7F76E11E4A5790A271F</redirectLocation>
  <url>https://preproduccion.sge/login/login.jsp?site2pstoretoken=v1.4~CEF0A91F~EAE302983CA1076CBFD81C2B07D857855453E0332258B660D3F6647B2BAD0AF7DD94CBE3831C26621E3DC0F490B7209845ECDEC732A9AA1AC9A2FA15C506FB8F983709B5D41BEECBE825D6D1D0C3767CA702E61E63B3FEF46229AF171B382EA716D4845CE7FE6F561CA0696FEDC4512BEEFBA65C1F4C9F61D1F18D2BFFDBFF8A07082866DECB2F82FA1F9A2D6F4E2A4578D17A5120E77605DB7F3D83E63795D24F4AAF3787A31AC1CD7468C670C2A9831B60B16EA7241E19B0FA9FCBB6FE69742CBECAEE9B4FB03C14289D428139DB25CEB13BF3389A28D38315CA5DB0A59552EEF98B995F26AF5B6D5484FC856F3831E85F8CAABB7766FF144C586E713DE6D2055A8DAB51FCC7F76E11E4A5790A271F&amp;p_error_code=&amp;p_submit_url=https%3A%2F%2Flogin-pre.sge%2Fsso%2Fauth&amp;p_cancel_url=https%3A%2F%2Fpreproduccion.sge&amp;ssousername=&amp;subscribername=</url>
</httpSample>
<httpSample t="16" lt="16" ts="1298631925920" s="false" lb="/gepa/BusquedaAction.do" rc="500" by="778">
  <responseHeader class="java.lang.String">HTTP/1.0 500 Internal Server Error
Date: Fri, 25 Feb 2011 11:05:25 GMT
Server: Oracle-Application-Server-10g/10.1.2.2.0 Oracle-HTTP-Server
Content-Type: text/html; charset=iso-8859-1
</responseHeader>
  <requestHeader class="java.lang.String">Content-Type: application/x-www-form-urlencoded
Accept-Language: es-ES
Accept: image/jpeg, application/x-ms-application, image/gif, application/xaml+xml, image/pjpeg, application/x-ms-xbap, application/vnd.ms-powerpoint, application/vnd.ms-excel, application/msword, */*
User-Agent: Mozilla/4.0 (compatible; MSIE 7.0; Windows NT 6.1; Trident/4.0; SLCC2; .NET CLR 2.0.50727; .NET CLR 3.5.30729; .NET CLR 3.0.30729; Media Center PC 6.0; MDDS; .NET4.0C)
Accept-Encoding: gzip, deflate
Referer: http://picasso:8888/gepa/ConexionAction.do;jsessionid=eb634fe5b58b0bcb96508261e275709f9c8e236e3e15aeb347f0741aac2dda55
Pragma: no-cache
</requestHeader>
  <cookies class="java.lang.String"></cookies>
  <method class="java.lang.String">POST</method>
  <queryString class="java.lang.String">accion=buscar&amp;modo=rapida&amp;avanzadaDesplegada=false&amp;descElemPesado=&amp;identificacionRapida=&amp;nombreRapida=&amp;apellido1Rapida=&amp;apellido2Rapida=&amp;anyoRapida=&amp;numeroRapida=&amp;desdeRapida=&amp;hastaRapida=&amp;tramiteRapida=-1&amp;estadoRapida=-1&amp;idBusqueda=-1&amp;idClases=26&amp;metaTipo0=STRING&amp;metaTipo1=STRING&amp;metaTipo2=LISTA&amp;metaTipo3=STRING&amp;metaTipo4=LISTA_PESADA&amp;metaTipo5=STRING&amp;metaTipo6=LISTA&amp;metaTipo7=STRING&amp;metaTipo8=STRING&amp;metaTipo9=STRING&amp;metaTipo10=STRING&amp;metaTipo11=STRING&amp;metaTipo12=STRING&amp;metaTipo13=LISTA&amp;metaTipo14=STRING&amp;metaTipo15=TIMESTAMP&amp;metaTipo16=TIMESTAMP&amp;metaTipo17=TIMESTAMP&amp;metaTipo18=LISTA&amp;metaTipo19=LISTA_PESADA&amp;metaTipo20=STRING&amp;metaTipo21=STRING&amp;metaTipo22=STRING&amp;metaTipo23=STRING&amp;metaTipo24=STRING&amp;metaTipo25=LISTA_PESADA&amp;metaTipo26=LISTA&amp;metaTipo27=STRING&amp;metaTipo28=LISTA&amp;metaTipo29=STRING&amp;metaTipo30=STRING&amp;metaTipo31=INTEGER&amp;metaTipo32=STRING&amp;metaTipo33=STRING&amp;metaTipo34=STRING&amp;metaTipo35=LISTA&amp;metaTipo36=LISTA&amp;metaTipo37=LISTA&amp;metaTipo38=STRING&amp;metaTipo39=SEPARADOR&amp;metaTipo40=BOOLEAN&amp;metaTipo41=STRING&amp;metaTipo42=STRING&amp;metaTipo43=STRING&amp;metaTipo44=LISTA&amp;metaTipo45=BOOLEAN&amp;metaTipo46=BOOLEAN&amp;metaTipo47=BOOLEAN&amp;metaTipo48=STRING&amp;metaTipo49=TIMESTAMP&amp;metaTipo50=TIMESTAMP&amp;metaTipo51=TIMESTAMP&amp;metaTipo52=TIMESTAMP&amp;metaTipo53=TIMESTAMP&amp;metaTipo54=TIMESTAMP&amp;metaTipo55=TIMESTAMP&amp;metaTipo56=TIMESTAMP&amp;metaTipo57=TIMESTAMP&amp;metaTipo58=TIMESTAMP&amp;metaTipo59=TIMESTAMP&amp;metaTipo60=TIMESTAMP&amp;metaTipo61=TIMESTAMP&amp;metaTipo62=TIMESTAMP&amp;metaTipo63=TIMESTAMP&amp;metaTipo64=LISTA&amp;metaTipo65=LISTA&amp;metaTipo66=LISTA&amp;metaTipo67=DOUBLE&amp;metaTipo68=DOUBLE&amp;metaTipo69=DOUBLE&amp;metaTipo70=DOUBLE&amp;metaTipo71=DOUBLE&amp;metaTipo72=DOUBLE&amp;metaTipo73=DOUBLE&amp;metaTipo74=BOOLEAN&amp;metaTipo75=LISTA&amp;metaTipo76=STRING&amp;metaTipo77=STRING&amp;metaTipo78=STRING&amp;metaTipo79=STRING&amp;metaTipo80=STRING&amp;metaTipo81=STRING&amp;metaTipo82=STRING&amp;metaTipo83=BOOLEAN&amp;metaTipo84=BOOLEAN&amp;metaTipo85=STRING&amp;metaTipo86=LISTA&amp;metaTipo87=LISTA&amp;metaTipo88=LISTA_PESADA&amp;metaTipo89=LISTA&amp;metaTipo90=LISTA&amp;metaTipo91=STRING&amp;metaTipo92=LISTA&amp;metaTipo93=STRING&amp;metaTipo94=STRING&amp;metaTipo95=LISTA&amp;metaTipo96=LISTA&amp;metaTipo97=LISTA&amp;metaTipo98=BOOLEAN&amp;metaTipo99=LISTA&amp;metaTipo100=BOOLEAN&amp;metaTipo101=LISTA&amp;metaTipo102=LISTA&amp;metaTipo103=BOOLEAN&amp;metaTipo104=BOOLEAN&amp;metaTipo105=LISTA&amp;metaTipo106=LISTA&amp;metaTipo107=LISTA&amp;metaTipo108=LISTA&amp;metaTipo109=LISTA&amp;metaTipo110=STRING&amp;metaTipo111=LISTA&amp;valor=&amp;valorPesado=&amp;lista37=-1&amp;lista36=-1&amp;lista35=-1&amp;lista99=-1&amp;lista109=-1&amp;lista66=-1&amp;lista98=-1&amp;lista108=-1&amp;lista65=-1&amp;lista97=-1&amp;lista107=-1&amp;lista64=-1&amp;lista96=-1&amp;lista106=-1&amp;lista95=-1&amp;lista105=-1&amp;lista104=-1&amp;lista92=-1&amp;lista103=-1&amp;lista102=-1&amp;lista90=-1&amp;lista101=-1&amp;lista100=-1&amp;lista28=-1&amp;lista26=-1&amp;lista89=-1&amp;lista87=-1&amp;lista86=-1&amp;lista6=-1&amp;lista84=-1&amp;lista83=-1&amp;lista2=-1&amp;lista18=-1&amp;lista47=-1&amp;lista46=-1&amp;lista13=-1&amp;lista45=-1&amp;lista44=-1&amp;lista75=-1&amp;lista74=-1&amp;lista40=-1&amp;lista111=-1</queryString>
  <url>https://preproduccion.sge:443/gepa/BusquedaAction.do</url>
</httpSample>
<httpSample t="188" lt="0" ts="1298631925936" s="true" lb="/gepa/scripts/scriptaculous/scriptaculous.js" rc="200" by="5068">
  <responseHeader class="java.lang.String">HTTP/1.0 200 OK
Date: Fri, 25 Feb 2011 11:05:26 GMT
Server: Oracle-Application-Server-10g/10.1.2.2.0 Oracle-HTTP-Server
Content-Length: 5068
Set-Cookie: JSESSIONID=e51491cfbe24c7f6357c1820adb79f009c5d998068f47c8056560777d73b8002.e38Ob3aOaheRe34Mb3qSax0Pahz0nR9Pq6XteP93; path=/login
Content-Type: text/html; charset=ISO-8859-1
</responseHeader>
  <requestHeader class="java.lang.String">Accept-Language: es-ES
Accept: */*
User-Agent: Mozilla/4.0 (compatible; MSIE 7.0; Windows NT 6.1; Trident/4.0; SLCC2; .NET CLR 2.0.50727; .NET CLR 3.5.30729; .NET CLR 3.0.30729; Media Center PC 6.0; MDDS; .NET4.0C)
Accept-Encoding: gzip, deflate
Referer: http://picasso:8888/gepa/BusquedaAction.do
</requestHeader>
  <cookies class="java.lang.String"></cookies>
  <method class="java.lang.String">GET</method>
  <queryString class="java.lang.String"></queryString>
  <redirectLocation class="java.lang.String">https://login-pre.sge/pls/orasso/orasso.wwsso_app_admin.ls_login?Site2pstoreToken=v1.4~CEF0A91F~EAE302983CA1076CBFD81C2B07D857855453E0332258B660D3F6647B2BAD0AF7DD94CBE3831C26621E3DC0F490B7209845ECDEC732A9AA1AC9A2FA15C506FB8F983709B5D41BEECBE825D6D1D0C3767CA702E61E63B3FEF46229AF171B382EA716D4845CE7FE6F561CA0696FEDC4512BEEFBA65C1F4C9F61D1F18D2BFFDBFF8A07082866DECB2F82FA1F9A2D6F4E2A4578D17A5120E77605DB7F3D83E63795D24F4AAF3787A31AC1CD7468C670C2A9831B60B16EA7241E19B0FA9FCBB6FE69742CBECAEE9B4FB03C14289D428139DB25CEB13BF3389A28D38315CA5DB0A59552EEF98B995F26AF5B6D5484FC856F3831E85F8CAABB7766FF144C586E713DE6D2055A8DAB51FCC7F76E11E4A5790A271F</redirectLocation>
  <url>https://preproduccion.sge/login/login.jsp?site2pstoretoken=v1.4~CEF0A91F~EAE302983CA1076CBFD81C2B07D857855453E0332258B660D3F6647B2BAD0AF7DD94CBE3831C26621E3DC0F490B7209845ECDEC732A9AA1AC9A2FA15C506FB8F983709B5D41BEECBE825D6D1D0C3767CA702E61E63B3FEF46229AF171B382EA716D4845CE7FE6F561CA0696FEDC4512BEEFBA65C1F4C9F61D1F18D2BFFDBFF8A07082866DECB2F82FA1F9A2D6F4E2A4578D17A5120E77605DB7F3D83E63795D24F4AAF3787A31AC1CD7468C670C2A9831B60B16EA7241E19B0FA9FCBB6FE69742CBECAEE9B4FB03C14289D428139DB25CEB13BF3389A28D38315CA5DB0A59552EEF98B995F26AF5B6D5484FC856F3831E85F8CAABB7766FF144C586E713DE6D2055A8DAB51FCC7F76E11E4A5790A271F&amp;p_error_code=&amp;p_submit_url=https%3A%2F%2Flogin-pre.sge%2Fsso%2Fauth&amp;p_cancel_url=https%3A%2F%2Fpreproduccion.sge&amp;ssousername=&amp;subscribername=</url>
</httpSample>
<httpSample t="187" lt="0" ts="1298631926124" s="true" lb="/gepa/ResultadoBusquedaAction.do" rc="200" by="5004">
  <responseHeader class="java.lang.String">HTTP/1.0 200 OK
Date: Fri, 25 Feb 2011 11:05:26 GMT
Server: Oracle-Application-Server-10g/10.1.2.2.0 Oracle-HTTP-Server
Content-Length: 5004
Set-Cookie: JSESSIONID=0d9e504ed74bf9d1702c858f04e70b49d1c90bb9337a2be499f0e030d6c2d09f.e3eSbhiLaNyPe3yNbNyQc3qSai1BqBjKpPXxqAa; path=/login
Content-Type: text/html; charset=ISO-8859-1
</responseHeader>
  <requestHeader class="java.lang.String">Accept-Language: es-ES
Accept: image/jpeg, application/x-ms-application, image/gif, application/xaml+xml, image/pjpeg, application/x-ms-xbap, application/vnd.ms-powerpoint, application/vnd.ms-excel, application/msword, */*
User-Agent: Mozilla/4.0 (compatible; MSIE 7.0; Windows NT 6.1; Trident/4.0; SLCC2; .NET CLR 2.0.50727; .NET CLR 3.5.30729; .NET CLR 3.0.30729; Media Center PC 6.0; MDDS; .NET4.0C)
Accept-Encoding: gzip, deflate
Referer: http://picasso:8888/gepa/BusquedaAction.do
</requestHeader>
  <cookies class="java.lang.String"></cookies>
  <method class="java.lang.String">GET</method>
  <queryString class="java.lang.String"></queryString>
  <redirectLocation class="java.lang.String">https://login-pre.sge/pls/orasso/orasso.wwsso_app_admin.ls_login?Site2pstoreToken=v1.4~CEF0A91F~E911AE8E5345400AFAD27470DE9102207E2719067462F8F5DCD52DBF83F2146712342DE7F28DF0DD00B7B9FE857D911260F0CBAF6735D81085F272A8FF6A42C116F3A45712B23A3EBEC0190C2085BEF496B911A6E2C51F9C489791A49DFB14CF2B27CD988612BDDC044B5B24367D25D33A2D351C9B05B2333DC900F1D7D0E5968AF3E51326507F7C899215B5AC69EEB07923D6673D209A0F9505DC4EC6F3E866FD052797BBE17ED23AF099F6DE13D0AD0689779C4656ABDB3A0DA9701588EABF19CE8C823A59B5C30874A8639BE958C31E0F89652026BE10BED042B111F307647148C191FC2A0D03F1471A6BE02CB0D3F154F18C8B217DFCB94EED17A2080E3A</redirectLocation>
  <url>https://preproduccion.sge/login/login.jsp?site2pstoretoken=v1.4~CEF0A91F~E911AE8E5345400AFAD27470DE9102207E2719067462F8F5DCD52DBF83F2146712342DE7F28DF0DD00B7B9FE857D911260F0CBAF6735D81085F272A8FF6A42C116F3A45712B23A3EBEC0190C2085BEF496B911A6E2C51F9C489791A49DFB14CF2B27CD988612BDDC044B5B24367D25D33A2D351C9B05B2333DC900F1D7D0E5968AF3E51326507F7C899215B5AC69EEB07923D6673D209A0F9505DC4EC6F3E866FD052797BBE17ED23AF099F6DE13D0AD0689779C4656ABDB3A0DA9701588EABF19CE8C823A59B5C30874A8639BE958C31E0F89652026BE10BED042B111F307647148C191FC2A0D03F1471A6BE02CB0D3F154F18C8B217DFCB94EED17A2080E3A&amp;p_error_code=&amp;p_submit_url=https%3A%2F%2Flogin-pre.sge%2Fsso%2Fauth&amp;p_cancel_url=https%3A%2F%2Fpreproduccion.sge&amp;ssousername=&amp;subscribername=</url>
</httpSample>
<httpSample t="188" lt="0" ts="1298631926311" s="true" lb="/gepa/scripts/scriptaculous/scriptaculous.js" rc="200" by="5068">
  <responseHeader class="java.lang.String">HTTP/1.0 200 OK
Date: Fri, 25 Feb 2011 11:05:26 GMT
Server: Oracle-Application-Server-10g/10.1.2.2.0 Oracle-HTTP-Server
Content-Length: 5068
Set-Cookie: JSESSIONID=ea76102f47f5517fea83ded208e35d9072413a3239bff4c43724ba2aa38149ad.e38Ob3aOaheRe34Mb3qSax0Pahz0nR9Pq6XteP93; path=/login
Content-Type: text/html; charset=ISO-8859-1
</responseHeader>
  <requestHeader class="java.lang.String">Accept-Language: es-ES
Accept: */*
User-Agent: Mozilla/4.0 (compatible; MSIE 7.0; Windows NT 6.1; Trident/4.0; SLCC2; .NET CLR 2.0.50727; .NET CLR 3.5.30729; .NET CLR 3.0.30729; Media Center PC 6.0; MDDS; .NET4.0C)
Accept-Encoding: gzip, deflate
Referer: http://picasso:8888/gepa/ResultadoBusquedaAction.do?accion=gestionExp&amp;indice=0
</requestHeader>
  <cookies class="java.lang.String"></cookies>
  <method class="java.lang.String">GET</method>
  <queryString class="java.lang.String"></queryString>
  <redirectLocation class="java.lang.String">https://login-pre.sge/pls/orasso/orasso.wwsso_app_admin.ls_login?Site2pstoreToken=v1.4~CEF0A91F~E911AE8E5345400AFAD27470DE9102207E2719067462F8F5DCD52DBF83F2146712342DE7F28DF0DD00B7B9FE857D911260F0CBAF6735D81085F272A8FF6A42C116F3A45712B23A3EBEC0190C2085BEF496B911A6E2C51F9C489791A49DFB14CF494154F123A7AABDDFAA79DCD72D559A896F283A3CFE48556706895979794937939BE55496887BFBE1893BDCB4DBC97CA2501C88FCBDBBE0F4A492C82B990B61357237BDAD715DBA3BB8005B031461F0AECF21EA93F0D36653FBB9D252BCF60D943580EABCD8FC5394789DACBBF23687642FDB8ED303F3492E6D8A1FD0C2D6F74C2BF678E22237D2267CBC56A5EC9B6A5D7F440D112DE0C3F3A2D5000A4DD16AF93426CA13E8A9CF5E473998E8928F62</redirectLocation>
  <url>https://preproduccion.sge/login/login.jsp?site2pstoretoken=v1.4~CEF0A91F~E911AE8E5345400AFAD27470DE9102207E2719067462F8F5DCD52DBF83F2146712342DE7F28DF0DD00B7B9FE857D911260F0CBAF6735D81085F272A8FF6A42C116F3A45712B23A3EBEC0190C2085BEF496B911A6E2C51F9C489791A49DFB14CF494154F123A7AABDDFAA79DCD72D559A896F283A3CFE48556706895979794937939BE55496887BFBE1893BDCB4DBC97CA2501C88FCBDBBE0F4A492C82B990B61357237BDAD715DBA3BB8005B031461F0AECF21EA93F0D36653FBB9D252BCF60D943580EABCD8FC5394789DACBBF23687642FDB8ED303F3492E6D8A1FD0C2D6F74C2BF678E22237D2267CBC56A5EC9B6A5D7F440D112DE0C3F3A2D5000A4DD16AF93426CA13E8A9CF5E473998E8928F62&amp;p_error_code=&amp;p_submit_url=https%3A%2F%2Flogin-pre.sge%2Fsso%2Fauth&amp;p_cancel_url=https%3A%2F%2Fpreproduccion.sge&amp;ssousername=&amp;subscribername=</url>
</httpSample>
<httpSample t="218" lt="0" ts="1298631926499" s="true" lb="/gepa/ConexionAction.do" rc="200" by="5388">
  <responseHeader class="java.lang.String">HTTP/1.0 200 OK
Date: Fri, 25 Feb 2011 11:05:26 GMT
Server: Oracle-Application-Server-10g/10.1.2.2.0 Oracle-HTTP-Server
Content-Length: 5388
Set-Cookie: JSESSIONID=ea9432479f569161bd9f8713ef8d66f80e81335965e611ae72fa897b57620c9f.e3eSbhiLaNyPe3yNbNyQc3qSai1BqBjKpPXxqAa; path=/login
Content-Type: text/html; charset=ISO-8859-1
</responseHeader>
  <requestHeader class="java.lang.String">Accept-Language: es
Accept: */*
User-Agent: Mozilla/4.0 (compatible; MSIE 7.0; Windows NT 6.1; Trident/4.0; SLCC2; .NET CLR 2.0.50727; .NET CLR 3.5.30729; .NET CLR 3.0.30729; Media Center PC 6.0; MDDS; .NET4.0C)
Accept-Encoding: gzip, deflate
</requestHeader>
  <cookies class="java.lang.String"></cookies>
  <method class="java.lang.String">GET</method>
  <queryString class="java.lang.String"></queryString>
  <redirectLocation class="java.lang.String">https://login-pre.sge/pls/orasso/orasso.wwsso_app_admin.ls_login?Site2pstoreToken=v1.4~CEF0A91F~E911AE8E5345400AFAD27470DE9102207E2719067462F8F5DCD52DBF83F2146712342DE7F28DF0DD00B7B9FE857D911260F0CBAF6735D81085F272A8FF6A42C116F3A45712B23A3EBEC0190C2085BEF496B911A6E2C51F9C489791A49DFB14CF058BEE20FEA1F74580CDB5208914B139CC7CD76DFAB03E5A9BF711843EF1F7F0971D4D09685B28E9DFD849084525E22514F8868AA23FB7CE90B653262B14253B8EEBF95798F682D5A74B45E330DE917A964DA9E0BB5094AB88000F5A5A5893BE488B7F4EEA747D4116B6F0F96E5B4E5DD7F15633E9EE9CD67A100A7355449E7E4995A54A7365673087D22D28A4663659BE1DD6E4155F5E8A369992337F4A4CCE2C6A10DE8ACD83658392F2A8ABD24731A0241B0BF18CB9B8AF226A814CC3692992AA79E2D884922ADC23D1841E5546A2229088C5857E0CCA2928A51D45E1830EAEA1F941756C4FD78231FE42A27E262D5361766B92204598FD5AE02284226A40</redirectLocation>
  <url>https://preproduccion.sge/login/login.jsp?site2pstoretoken=v1.4~CEF0A91F~E911AE8E5345400AFAD27470DE9102207E2719067462F8F5DCD52DBF83F2146712342DE7F28DF0DD00B7B9FE857D911260F0CBAF6735D81085F272A8FF6A42C116F3A45712B23A3EBEC0190C2085BEF496B911A6E2C51F9C489791A49DFB14CF058BEE20FEA1F74580CDB5208914B139CC7CD76DFAB03E5A9BF711843EF1F7F0971D4D09685B28E9DFD849084525E22514F8868AA23FB7CE90B653262B14253B8EEBF95798F682D5A74B45E330DE917A964DA9E0BB5094AB88000F5A5A5893BE488B7F4EEA747D4116B6F0F96E5B4E5DD7F15633E9EE9CD67A100A7355449E7E4995A54A7365673087D22D28A4663659BE1DD6E4155F5E8A369992337F4A4CCE2C6A10DE8ACD83658392F2A8ABD24731A0241B0BF18CB9B8AF226A814CC3692992AA79E2D884922ADC23D1841E5546A2229088C5857E0CCA2928A51D45E1830EAEA1F941756C4FD78231FE42A27E262D5361766B92204598FD5AE02284226A40&amp;p_error_code=&amp;p_submit_url=https%3A%2F%2Flogin-pre.sge%2Fsso%2Fauth&amp;p_cancel_url=https%3A%2F%2Fpreproduccion.sge&amp;ssousername=&amp;subscribername=</url>
</httpSample>
<httpSample t="203" lt="0" ts="1298631926717" s="true" lb="/gepa/scripts/scriptaculous/scriptaculous.js" rc="200" by="5068">
  <responseHeader class="java.lang.String">HTTP/1.0 200 OK
Date: Fri, 25 Feb 2011 11:05:26 GMT
Server: Oracle-Application-Server-10g/10.1.2.2.0 Oracle-HTTP-Server
Content-Length: 5068
Set-Cookie: JSESSIONID=da3c410266ae6993bb6afe09df521c6be3027e3f8b33a0d7a1f36c49483c4b45.e38Ob3aOaheRe34Mb3qSax0Pahz0nR9Pq6XteP93; path=/login
Content-Type: text/html; charset=ISO-8859-1
</responseHeader>
  <requestHeader class="java.lang.String">Accept-Language: es-ES
Accept: */*
User-Agent: Mozilla/4.0 (compatible; MSIE 7.0; Windows NT 6.1; Trident/4.0; SLCC2; .NET CLR 2.0.50727; .NET CLR 3.5.30729; .NET CLR 3.0.30729; Media Center PC 6.0; MDDS; .NET4.0C)
Accept-Encoding: gzip, deflate
Referer: http://picasso:8888/gepa/ConexionAction.do?POSTDATA=variosPerfiles=true&amp;accion=iniciar&amp;codigoEntidad=DYS&amp;codigo=jcnegredo&amp;contrasenya=dysmatica&amp;rolSeleccionado=25
</requestHeader>
  <cookies class="java.lang.String"></cookies>
  <method class="java.lang.String">GET</method>
  <queryString class="java.lang.String"></queryString>
  <redirectLocation class="java.lang.String">https://login-pre.sge/pls/orasso/orasso.wwsso_app_admin.ls_login?Site2pstoreToken=v1.4~CEF0A91F~E911AE8E5345400AFAD27470DE9102207E2719067462F8F5DCD52DBF83F2146712342DE7F28DF0DD00B7B9FE857D911260F0CBAF6735D81085F272A8FF6A42C116F3A45712B23A3EBEC0190C2085BEF496B911A6E2C51F9C489791A49DFB14CF494154F123A7AABDDFAA79DCD72D559A896F283A3CFE48556706895979794937939BE55496887BFBE1893BDCB4DBC97CA2501C88FCBDBBE0F4A492C82B990B61357237BDAD715DBA3BB8005B031461F0AECF21EA93F0D36653FBB9D252BCF60D943580EABCD8FC5394789DACBBF23687642FDB8ED303F3492E6D8A1FD0C2D6F74C2BF678E22237D2267CBC56A5EC9B6A5D7F440D112DE0C3F3A2D5000A4DD16AF93426CA13E8A9CF5E473998E8928F62</redirectLocation>
  <url>https://preproduccion.sge/login/login.jsp?site2pstoretoken=v1.4~CEF0A91F~E911AE8E5345400AFAD27470DE9102207E2719067462F8F5DCD52DBF83F2146712342DE7F28DF0DD00B7B9FE857D911260F0CBAF6735D81085F272A8FF6A42C116F3A45712B23A3EBEC0190C2085BEF496B911A6E2C51F9C489791A49DFB14CF494154F123A7AABDDFAA79DCD72D559A896F283A3CFE48556706895979794937939BE55496887BFBE1893BDCB4DBC97CA2501C88FCBDBBE0F4A492C82B990B61357237BDAD715DBA3BB8005B031461F0AECF21EA93F0D36653FBB9D252BCF60D943580EABCD8FC5394789DACBBF23687642FDB8ED303F3492E6D8A1FD0C2D6F74C2BF678E22237D2267CBC56A5EC9B6A5D7F440D112DE0C3F3A2D5000A4DD16AF93426CA13E8A9CF5E473998E8928F62&amp;p_error_code=&amp;p_submit_url=https%3A%2F%2Flogin-pre.sge%2Fsso%2Fauth&amp;p_cancel_url=https%3A%2F%2Fpreproduccion.sge&amp;ssousername=&amp;subscribername=</url>
</httpSample>
<httpSample t="16" lt="16" ts="1298631926920" s="false" lb="/gepa/ConexionAction.do;jsessionid=eb634fe5b58b0bcb96508261e275709f9c8e236e3e15aeb347f0741aac2dda55" rc="500" by="778">
  <responseHeader class="java.lang.String">HTTP/1.0 500 Internal Server Error
Date: Fri, 25 Feb 2011 11:05:26 GMT
Server: Oracle-Application-Server-10g/10.1.2.2.0 Oracle-HTTP-Server
Content-Type: text/html; charset=iso-8859-1
</responseHeader>
  <requestHeader class="java.lang.String">Content-Type: application/x-www-form-urlencoded
Accept-Language: es-ES
Accept: image/jpeg, application/x-ms-application, image/gif, application/xaml+xml, image/pjpeg, application/x-ms-xbap, application/vnd.ms-powerpoint, application/vnd.ms-excel, application/msword, */*
User-Agent: Mozilla/4.0 (compatible; MSIE 7.0; Windows NT 6.1; Trident/4.0; SLCC2; .NET CLR 2.0.50727; .NET CLR 3.5.30729; .NET CLR 3.0.30729; Media Center PC 6.0; MDDS; .NET4.0C)
Accept-Encoding: gzip, deflate
Referer: http://picasso:8888/gepa/ConexionAction.do?POSTDATA=variosPerfiles=true&amp;accion=iniciar&amp;codigoEntidad=DYS&amp;codigo=jcnegredo&amp;contrasenya=dysmatica&amp;rolSeleccionado=25
Pragma: no-cache
</requestHeader>
  <cookies class="java.lang.String"></cookies>
  <method class="java.lang.String">POST</method>
  <queryString class="java.lang.String">variosPerfiles=true&amp;accion=seleccionarPerfil&amp;codigoEntidad=DYS&amp;rolSeleccionado=25</queryString>
  <url>https://preproduccion.sge:443/gepa/ConexionAction.do;jsessionid=eb634fe5b58b0bcb96508261e275709f9c8e236e3e15aeb347f0741aac2dda55</url>
</httpSample>
<httpSample t="188" lt="0" ts="1298631926936" s="true" lb="/gepa/scripts/scriptaculous/scriptaculous.js" rc="200" by="5068">
  <responseHeader class="java.lang.String">HTTP/1.0 200 OK
Date: Fri, 25 Feb 2011 11:05:27 GMT
Server: Oracle-Application-Server-10g/10.1.2.2.0 Oracle-HTTP-Server
Content-Length: 5068
Set-Cookie: JSESSIONID=e8ee2f0a2dbff161cbe9a0b1b5130f87eeaa201a3d694d59dd607a4e93835a6e.e3eSbhiLaNyPe3yNbNyQc3qSai1BqBjKpPXxqAa; path=/login
Content-Type: text/html; charset=ISO-8859-1
</responseHeader>
  <requestHeader class="java.lang.String">Accept-Language: es-ES
Accept: */*
User-Agent: Mozilla/4.0 (compatible; MSIE 7.0; Windows NT 6.1; Trident/4.0; SLCC2; .NET CLR 2.0.50727; .NET CLR 3.5.30729; .NET CLR 3.0.30729; Media Center PC 6.0; MDDS; .NET4.0C)
Accept-Encoding: gzip, deflate
Referer: http://picasso:8888/gepa/ConexionAction.do;jsessionid=eb634fe5b58b0bcb96508261e275709f9c8e236e3e15aeb347f0741aac2dda55
</requestHeader>
  <cookies class="java.lang.String"></cookies>
  <method class="java.lang.String">GET</method>
  <queryString class="java.lang.String"></queryString>
  <redirectLocation class="java.lang.String">https://login-pre.sge/pls/orasso/orasso.wwsso_app_admin.ls_login?Site2pstoreToken=v1.4~CEF0A91F~E911AE8E5345400AFAD27470DE9102207E2719067462F8F5DCD52DBF83F2146712342DE7F28DF0DD00B7B9FE857D911260F0CBAF6735D81085F272A8FF6A42C116F3A45712B23A3EBEC0190C2085BEF496B911A6E2C51F9C489791A49DFB14CF494154F123A7AABDDFAA79DCD72D559A896F283A3CFE48556706895979794937939BE55496887BFBE1893BDCB4DBC97CA2501C88FCBDBBE0F4A492C82B990B61357237BDAD715DBA3BB8005B031461F0AECF21EA93F0D36653FBB9D252BCF60D943580EABCD8FC5394789DACBBF23687642FDB8ED303F3492E6D8A1FD0C2D6F74C2BF678E22237D2267CBC56A5EC9B6A5D7F440D112DE0C3F3A2D5000A4DD16AF93426CA13E8A9CF5E473998E8928F62</redirectLocation>
  <url>https://preproduccion.sge/login/login.jsp?site2pstoretoken=v1.4~CEF0A91F~E911AE8E5345400AFAD27470DE9102207E2719067462F8F5DCD52DBF83F2146712342DE7F28DF0DD00B7B9FE857D911260F0CBAF6735D81085F272A8FF6A42C116F3A45712B23A3EBEC0190C2085BEF496B911A6E2C51F9C489791A49DFB14CF494154F123A7AABDDFAA79DCD72D559A896F283A3CFE48556706895979794937939BE55496887BFBE1893BDCB4DBC97CA2501C88FCBDBBE0F4A492C82B990B61357237BDAD715DBA3BB8005B031461F0AECF21EA93F0D36653FBB9D252BCF60D943580EABCD8FC5394789DACBBF23687642FDB8ED303F3492E6D8A1FD0C2D6F74C2BF678E22237D2267CBC56A5EC9B6A5D7F440D112DE0C3F3A2D5000A4DD16AF93426CA13E8A9CF5E473998E8928F62&amp;p_error_code=&amp;p_submit_url=https%3A%2F%2Flogin-pre.sge%2Fsso%2Fauth&amp;p_cancel_url=https%3A%2F%2Fpreproduccion.sge&amp;ssousername=&amp;subscribername=</url>
</httpSample>
<httpSample t="15" lt="15" ts="1298631927124" s="false" lb="/gepa/BusquedaAction.do" rc="500" by="778">
  <responseHeader class="java.lang.String">HTTP/1.0 500 Internal Server Error
Date: Fri, 25 Feb 2011 11:05:27 GMT
Server: Oracle-Application-Server-10g/10.1.2.2.0 Oracle-HTTP-Server
Content-Type: text/html; charset=iso-8859-1
</responseHeader>
  <requestHeader class="java.lang.String">Content-Type: application/x-www-form-urlencoded
Accept-Language: es-ES
Accept: image/jpeg, application/x-ms-application, image/gif, application/xaml+xml, image/pjpeg, application/x-ms-xbap, application/vnd.ms-powerpoint, application/vnd.ms-excel, application/msword, */*
User-Agent: Mozilla/4.0 (compatible; MSIE 7.0; Windows NT 6.1; Trident/4.0; SLCC2; .NET CLR 2.0.50727; .NET CLR 3.5.30729; .NET CLR 3.0.30729; Media Center PC 6.0; MDDS; .NET4.0C)
Accept-Encoding: gzip, deflate
Referer: http://picasso:8888/gepa/ConexionAction.do;jsessionid=eb634fe5b58b0bcb96508261e275709f9c8e236e3e15aeb347f0741aac2dda55
Pragma: no-cache
</requestHeader>
  <cookies class="java.lang.String"></cookies>
  <method class="java.lang.String">POST</method>
  <queryString class="java.lang.String">accion=buscar&amp;modo=rapida&amp;avanzadaDesplegada=false&amp;descElemPesado=&amp;identificacionRapida=&amp;nombreRapida=&amp;apellido1Rapida=&amp;apellido2Rapida=&amp;anyoRapida=&amp;numeroRapida=&amp;desdeRapida=&amp;hastaRapida=&amp;tramiteRapida=-1&amp;estadoRapida=-1&amp;idBusqueda=-1&amp;idClases=26&amp;metaTipo0=STRING&amp;metaTipo1=STRING&amp;metaTipo2=LISTA&amp;metaTipo3=STRING&amp;metaTipo4=LISTA_PESADA&amp;metaTipo5=STRING&amp;metaTipo6=LISTA&amp;metaTipo7=STRING&amp;metaTipo8=STRING&amp;metaTipo9=STRING&amp;metaTipo10=STRING&amp;metaTipo11=STRING&amp;metaTipo12=STRING&amp;metaTipo13=LISTA&amp;metaTipo14=STRING&amp;metaTipo15=TIMESTAMP&amp;metaTipo16=TIMESTAMP&amp;metaTipo17=TIMESTAMP&amp;metaTipo18=LISTA&amp;metaTipo19=LISTA_PESADA&amp;metaTipo20=STRING&amp;metaTipo21=STRING&amp;metaTipo22=STRING&amp;metaTipo23=STRING&amp;metaTipo24=STRING&amp;metaTipo25=LISTA_PESADA&amp;metaTipo26=LISTA&amp;metaTipo27=STRING&amp;metaTipo28=LISTA&amp;metaTipo29=STRING&amp;metaTipo30=STRING&amp;metaTipo31=INTEGER&amp;metaTipo32=STRING&amp;metaTipo33=STRING&amp;metaTipo34=STRING&amp;metaTipo35=LISTA&amp;metaTipo36=LISTA&amp;metaTipo37=LISTA&amp;metaTipo38=STRING&amp;metaTipo39=SEPARADOR&amp;metaTipo40=BOOLEAN&amp;metaTipo41=STRING&amp;metaTipo42=STRING&amp;metaTipo43=STRING&amp;metaTipo44=LISTA&amp;metaTipo45=BOOLEAN&amp;metaTipo46=BOOLEAN&amp;metaTipo47=BOOLEAN&amp;metaTipo48=STRING&amp;metaTipo49=TIMESTAMP&amp;metaTipo50=TIMESTAMP&amp;metaTipo51=TIMESTAMP&amp;metaTipo52=TIMESTAMP&amp;metaTipo53=TIMESTAMP&amp;metaTipo54=TIMESTAMP&amp;metaTipo55=TIMESTAMP&amp;metaTipo56=TIMESTAMP&amp;metaTipo57=TIMESTAMP&amp;metaTipo58=TIMESTAMP&amp;metaTipo59=TIMESTAMP&amp;metaTipo60=TIMESTAMP&amp;metaTipo61=TIMESTAMP&amp;metaTipo62=TIMESTAMP&amp;metaTipo63=TIMESTAMP&amp;metaTipo64=LISTA&amp;metaTipo65=LISTA&amp;metaTipo66=LISTA&amp;metaTipo67=DOUBLE&amp;metaTipo68=DOUBLE&amp;metaTipo69=DOUBLE&amp;metaTipo70=DOUBLE&amp;metaTipo71=DOUBLE&amp;metaTipo72=DOUBLE&amp;metaTipo73=DOUBLE&amp;metaTipo74=BOOLEAN&amp;metaTipo75=LISTA&amp;metaTipo76=STRING&amp;metaTipo77=STRING&amp;metaTipo78=STRING&amp;metaTipo79=STRING&amp;metaTipo80=STRING&amp;metaTipo81=STRING&amp;metaTipo82=STRING&amp;metaTipo83=BOOLEAN&amp;metaTipo84=BOOLEAN&amp;metaTipo85=STRING&amp;metaTipo86=LISTA&amp;metaTipo87=LISTA&amp;metaTipo88=LISTA_PESADA&amp;metaTipo89=LISTA&amp;metaTipo90=LISTA&amp;metaTipo91=STRING&amp;metaTipo92=LISTA&amp;metaTipo93=STRING&amp;metaTipo94=STRING&amp;metaTipo95=LISTA&amp;metaTipo96=LISTA&amp;metaTipo97=LISTA&amp;metaTipo98=BOOLEAN&amp;metaTipo99=LISTA&amp;metaTipo100=BOOLEAN&amp;metaTipo101=LISTA&amp;metaTipo102=LISTA&amp;metaTipo103=BOOLEAN&amp;metaTipo104=BOOLEAN&amp;metaTipo105=LISTA&amp;metaTipo106=LISTA&amp;metaTipo107=LISTA&amp;metaTipo108=LISTA&amp;metaTipo109=LISTA&amp;metaTipo110=STRING&amp;metaTipo111=LISTA&amp;valor=&amp;valorPesado=&amp;lista37=-1&amp;lista36=-1&amp;lista35=-1&amp;lista99=-1&amp;lista109=-1&amp;lista66=-1&amp;lista98=-1&amp;lista108=-1&amp;lista65=-1&amp;lista97=-1&amp;lista107=-1&amp;lista64=-1&amp;lista96=-1&amp;lista106=-1&amp;lista95=-1&amp;lista105=-1&amp;lista104=-1&amp;lista92=-1&amp;lista103=-1&amp;lista102=-1&amp;lista90=-1&amp;lista101=-1&amp;lista100=-1&amp;lista28=-1&amp;lista26=-1&amp;lista89=-1&amp;lista87=-1&amp;lista86=-1&amp;lista6=-1&amp;lista84=-1&amp;lista83=-1&amp;lista2=-1&amp;lista18=-1&amp;lista47=-1&amp;lista46=-1&amp;lista13=-1&amp;lista45=-1&amp;lista44=-1&amp;lista75=-1&amp;lista74=-1&amp;lista40=-1&amp;lista111=-1</queryString>
  <url>https://preproduccion.sge:443/gepa/BusquedaAction.do</url>
</httpSample>
<httpSample t="188" lt="0" ts="1298631927139" s="true" lb="/gepa/scripts/scriptaculous/scriptaculous.js" rc="200" by="5100">
  <responseHeader class="java.lang.String">HTTP/1.0 200 OK
Date: Fri, 25 Feb 2011 11:05:27 GMT
Server: Oracle-Application-Server-10g/10.1.2.2.0 Oracle-HTTP-Server
Content-Length: 5100
Set-Cookie: JSESSIONID=f56e344f6598a7269e61a15b294bdb19b8a9d0ec2a7ba3d11645d07503de43ec.e38Ob3aOaheRe34Mb3qSax0Pahz0nR9Pq6XteP93; path=/login
Content-Type: text/html; charset=ISO-8859-1
</responseHeader>
  <requestHeader class="java.lang.String">Accept-Language: es-ES
Accept: */*
User-Agent: Mozilla/4.0 (compatible; MSIE 7.0; Windows NT 6.1; Trident/4.0; SLCC2; .NET CLR 2.0.50727; .NET CLR 3.5.30729; .NET CLR 3.0.30729; Media Center PC 6.0; MDDS; .NET4.0C)
Accept-Encoding: gzip, deflate
Referer: http://picasso:8888/gepa/BusquedaAction.do
</requestHeader>
  <cookies class="java.lang.String"></cookies>
  <method class="java.lang.String">GET</method>
  <queryString class="java.lang.String"></queryString>
  <redirectLocation class="java.lang.String">https://login-pre.sge/pls/orasso/orasso.wwsso_app_admin.ls_login?Site2pstoreToken=v1.4~CEF0A91F~51DD319F080A2B1A6201533CFD236E9559B807D57E4186DC5332C0383BF05D6A2735EB8755A3E32E17C1310F4B663D41CD6F2FA7D433F49EB624AAF5DCFD8F0363240180ECE50B97B140F83E5C58EE460B37E356B15E9C8292ACC7267569931A61208536B7F4713B3A825FDC5BF555B359C4E08F05B56F398A4F5F72EFD251481EEC34E8FC944356A97AA3F5B341C21B6C23B7F6EEB8AEB8D57876853AB7CAE55F812B38F0F3FB569FECBFEECE955C05AD9E29936390F270ADA23165124F7C57537597866E7EABA2E13756D41121054A5063A51D2DB6DF6FC09C40E9E30847F7F294EED7B30743FF4D5ED8F2C4304C50C7B7921DEEAFABCCDA2413446110D4277782F5A747D994F7D631F066CEC8199AE49F95A5D4C92313</redirectLocation>
  <url>https://preproduccion.sge/login/login.jsp?site2pstoretoken=v1.4~CEF0A91F~51DD319F080A2B1A6201533CFD236E9559B807D57E4186DC5332C0383BF05D6A2735EB8755A3E32E17C1310F4B663D41CD6F2FA7D433F49EB624AAF5DCFD8F0363240180ECE50B97B140F83E5C58EE460B37E356B15E9C8292ACC7267569931A61208536B7F4713B3A825FDC5BF555B359C4E08F05B56F398A4F5F72EFD251481EEC34E8FC944356A97AA3F5B341C21B6C23B7F6EEB8AEB8D57876853AB7CAE55F812B38F0F3FB569FECBFEECE955C05AD9E29936390F270ADA23165124F7C57537597866E7EABA2E13756D41121054A5063A51D2DB6DF6FC09C40E9E30847F7F294EED7B30743FF4D5ED8F2C4304C50C7B7921DEEAFABCCDA2413446110D4277782F5A747D994F7D631F066CEC8199AE49F95A5D4C92313&amp;p_error_code=&amp;p_submit_url=https%3A%2F%2Flogin-pre.sge%2Fsso%2Fauth&amp;p_cancel_url=https%3A%2F%2Fpreproduccion.sge&amp;ssousername=&amp;subscribername=</url>
</httpSample>
<httpSample t="172" lt="0" ts="1298631927342" s="true" lb="/gepa/ResultadoBusquedaAction.do" rc="200" by="5004">
  <responseHeader class="java.lang.String">HTTP/1.0 200 OK
Date: Fri, 25 Feb 2011 11:05:27 GMT
Server: Oracle-Application-Server-10g/10.1.2.2.0 Oracle-HTTP-Server
Content-Length: 5004
Set-Cookie: JSESSIONID=7c1fad9079b29ebd338eba842499d658b3f586089612edcdeac61f0f95218c84.e3eSbhiLaNyPe3yNbNyQc3qSai1BqBjKpPXxqAa; path=/login
Content-Type: text/html; charset=ISO-8859-1
</responseHeader>
  <requestHeader class="java.lang.String">Accept-Language: es-ES
Accept: image/jpeg, application/x-ms-application, image/gif, application/xaml+xml, image/pjpeg, application/x-ms-xbap, application/vnd.ms-powerpoint, application/vnd.ms-excel, application/msword, */*
User-Agent: Mozilla/4.0 (compatible; MSIE 7.0; Windows NT 6.1; Trident/4.0; SLCC2; .NET CLR 2.0.50727; .NET CLR 3.5.30729; .NET CLR 3.0.30729; Media Center PC 6.0; MDDS; .NET4.0C)
Accept-Encoding: gzip, deflate
Referer: http://picasso:8888/gepa/BusquedaAction.do
</requestHeader>
  <cookies class="java.lang.String"></cookies>
  <method class="java.lang.String">GET</method>
  <queryString class="java.lang.String"></queryString>
  <redirectLocation class="java.lang.String">https://login-pre.sge/pls/orasso/orasso.wwsso_app_admin.ls_login?Site2pstoreToken=v1.4~CEF0A91F~51DD319F080A2B1A6201533CFD236E9559B807D57E4186DC5332C0383BF05D6A2735EB8755A3E32E17C1310F4B663D41CD6F2FA7D433F49EB624AAF5DCFD8F0363240180ECE50B97B140F83E5C58EE460B37E356B15E9C8292ACC7267569931A623E91EDEB3F5F671246682A47229F094D602FD51418077B3BA53AE86FF3B4AAF86BDFA60DD53B5DA12568819B5774070ECF6F0F5C2CEBDCBC56EBB6560E23E99EA7D69C525534DE1DB293DEDB770D1593C1BA3B4B06C1770B1D8E3B1549230362C35358C31E24403F0418110D3CE3DE6B0762A12ADD22AE2009C3677B1F1B91BF0D9455311B50B76D7E482A9F2C8F90B3E9CC43CDF8DCE22E049264C0483AA3</redirectLocation>
  <url>https://preproduccion.sge/login/login.jsp?site2pstoretoken=v1.4~CEF0A91F~51DD319F080A2B1A6201533CFD236E9559B807D57E4186DC5332C0383BF05D6A2735EB8755A3E32E17C1310F4B663D41CD6F2FA7D433F49EB624AAF5DCFD8F0363240180ECE50B97B140F83E5C58EE460B37E356B15E9C8292ACC7267569931A623E91EDEB3F5F671246682A47229F094D602FD51418077B3BA53AE86FF3B4AAF86BDFA60DD53B5DA12568819B5774070ECF6F0F5C2CEBDCBC56EBB6560E23E99EA7D69C525534DE1DB293DEDB770D1593C1BA3B4B06C1770B1D8E3B1549230362C35358C31E24403F0418110D3CE3DE6B0762A12ADD22AE2009C3677B1F1B91BF0D9455311B50B76D7E482A9F2C8F90B3E9CC43CDF8DCE22E049264C0483AA3&amp;p_error_code=&amp;p_submit_url=https%3A%2F%2Flogin-pre.sge%2Fsso%2Fauth&amp;p_cancel_url=https%3A%2F%2Fpreproduccion.sge&amp;ssousername=&amp;subscribername=</url>
</httpSample>
<httpSample t="187" lt="0" ts="1298631927530" s="true" lb="/gepa/scripts/scriptaculous/scriptaculous.js" rc="200" by="5100">
  <responseHeader class="java.lang.String">HTTP/1.0 200 OK
Date: Fri, 25 Feb 2011 11:05:27 GMT
Server: Oracle-Application-Server-10g/10.1.2.2.0 Oracle-HTTP-Server
Content-Length: 5100
Set-Cookie: JSESSIONID=3471376d500885ebd9e5e5272086134c601a562326de92b4a9fb877aa72369ed.e38Ob3aOaheRe34Mb3qSax0Pahz0nR9Pq6XteP93; path=/login
Content-Type: text/html; charset=ISO-8859-1
</responseHeader>
  <requestHeader class="java.lang.String">Accept-Language: es-ES
Accept: */*
User-Agent: Mozilla/4.0 (compatible; MSIE 7.0; Windows NT 6.1; Trident/4.0; SLCC2; .NET CLR 2.0.50727; .NET CLR 3.5.30729; .NET CLR 3.0.30729; Media Center PC 6.0; MDDS; .NET4.0C)
Accept-Encoding: gzip, deflate
Referer: http://picasso:8888/gepa/ResultadoBusquedaAction.do?accion=gestionExp&amp;indice=0
</requestHeader>
  <cookies class="java.lang.String"></cookies>
  <method class="java.lang.String">GET</method>
  <queryString class="java.lang.String"></queryString>
  <redirectLocation class="java.lang.String">https://login-pre.sge/pls/orasso/orasso.wwsso_app_admin.ls_login?Site2pstoreToken=v1.4~CEF0A91F~51DD319F080A2B1A6201533CFD236E9559B807D57E4186DC5332C0383BF05D6A2735EB8755A3E32E17C1310F4B663D41CD6F2FA7D433F49EB624AAF5DCFD8F0363240180ECE50B97B140F83E5C58EE460B37E356B15E9C8292ACC7267569931A61208536B7F4713B3A825FDC5BF555B359C4E08F05B56F398A4F5F72EFD251481EEC34E8FC944356A97AA3F5B341C21B6C23B7F6EEB8AEB8D57876853AB7CAE55F812B38F0F3FB569FECBFEECE955C05AD9E29936390F270ADA23165124F7C57537597866E7EABA2E13756D41121054A5063A51D2DB6DF6FC09C40E9E30847F7F294EED7B30743FF4D5ED8F2C4304C50C7B7921DEEAFABCCDA2413446110D4277782F5A747D994F7D631F066CEC8199AE49F95A5D4C92313</redirectLocation>
  <url>https://preproduccion.sge/login/login.jsp?site2pstoretoken=v1.4~CEF0A91F~51DD319F080A2B1A6201533CFD236E9559B807D57E4186DC5332C0383BF05D6A2735EB8755A3E32E17C1310F4B663D41CD6F2FA7D433F49EB624AAF5DCFD8F0363240180ECE50B97B140F83E5C58EE460B37E356B15E9C8292ACC7267569931A61208536B7F4713B3A825FDC5BF555B359C4E08F05B56F398A4F5F72EFD251481EEC34E8FC944356A97AA3F5B341C21B6C23B7F6EEB8AEB8D57876853AB7CAE55F812B38F0F3FB569FECBFEECE955C05AD9E29936390F270ADA23165124F7C57537597866E7EABA2E13756D41121054A5063A51D2DB6DF6FC09C40E9E30847F7F294EED7B30743FF4D5ED8F2C4304C50C7B7921DEEAFABCCDA2413446110D4277782F5A747D994F7D631F066CEC8199AE49F95A5D4C92313&amp;p_error_code=&amp;p_submit_url=https%3A%2F%2Flogin-pre.sge%2Fsso%2Fauth&amp;p_cancel_url=https%3A%2F%2Fpreproduccion.sge&amp;ssousername=&amp;subscribername=</url>
</httpSample>
<httpSample t="188" lt="0" ts="1298631927717" s="true" lb="/gepa/ConexionAction.do" rc="200" by="5420">
  <responseHeader class="java.lang.String">HTTP/1.0 200 OK
Date: Fri, 25 Feb 2011 11:05:27 GMT
Server: Oracle-Application-Server-10g/10.1.2.2.0 Oracle-HTTP-Server
Content-Length: 5420
Set-Cookie: JSESSIONID=92b108c6c7c57307719728a62f7272ddb7ceb85d93f4591cd290eb633045ed8b.e3eSbhiLaNyPe3yNbNyQc3qSai1BqBjKpPXxqAa; path=/login
Content-Type: text/html; charset=ISO-8859-1
</responseHeader>
  <requestHeader class="java.lang.String">Accept-Language: es
Accept: */*
User-Agent: Mozilla/4.0 (compatible; MSIE 7.0; Windows NT 6.1; Trident/4.0; SLCC2; .NET CLR 2.0.50727; .NET CLR 3.5.30729; .NET CLR 3.0.30729; Media Center PC 6.0; MDDS; .NET4.0C)
Accept-Encoding: gzip, deflate
</requestHeader>
  <cookies class="java.lang.String"></cookies>
  <method class="java.lang.String">GET</method>
  <queryString class="java.lang.String"></queryString>
  <redirectLocation class="java.lang.String">https://login-pre.sge/pls/orasso/orasso.wwsso_app_admin.ls_login?Site2pstoreToken=v1.4~CEF0A91F~51DD319F080A2B1A6201533CFD236E9559B807D57E4186DC5332C0383BF05D6A2735EB8755A3E32E17C1310F4B663D41CD6F2FA7D433F49EB624AAF5DCFD8F0363240180ECE50B97B140F83E5C58EE460B37E356B15E9C8292ACC7267569931A8A3176E2A654CD4290E6E780CAE6D77F0D447E993A4FC6F56BD43BF01DBD1E5175BDF186088B8FEFE104D02EA3CB0EDC316FBD2F656B7CFB50C6E2CA11B09FB2BBF8DB5343A51D34BD521DA1C0E17E10AA15AE00D389426B5D2BA8E89EB1BDD817B3BED987ED7FADFC6858A6CF4AF039C5F97AB824156C7A8AA5EA709FC2EA4D14B25C7FDFC14BBF5691C4E21FF49275FBB2608E39ECD2375E28A7A26A55167544EBB09CD14B5BC72840FA9716F39BC64C316FDD36E60BAA7E372CEE7B9639073DCC3CA6579403DF734AC6B426C59BD6DD3D9D35B66E534DA8F9921F0FFF04CD6C601BE8929D402EA759DD8B8B3EE8DEE79390A2A61713E8E66672E1CFA0D67936E0876F71E46D38</redirectLocation>
  <url>https://preproduccion.sge/login/login.jsp?site2pstoretoken=v1.4~CEF0A91F~51DD319F080A2B1A6201533CFD236E9559B807D57E4186DC5332C0383BF05D6A2735EB8755A3E32E17C1310F4B663D41CD6F2FA7D433F49EB624AAF5DCFD8F0363240180ECE50B97B140F83E5C58EE460B37E356B15E9C8292ACC7267569931A8A3176E2A654CD4290E6E780CAE6D77F0D447E993A4FC6F56BD43BF01DBD1E5175BDF186088B8FEFE104D02EA3CB0EDC316FBD2F656B7CFB50C6E2CA11B09FB2BBF8DB5343A51D34BD521DA1C0E17E10AA15AE00D389426B5D2BA8E89EB1BDD817B3BED987ED7FADFC6858A6CF4AF039C5F97AB824156C7A8AA5EA709FC2EA4D14B25C7FDFC14BBF5691C4E21FF49275FBB2608E39ECD2375E28A7A26A55167544EBB09CD14B5BC72840FA9716F39BC64C316FDD36E60BAA7E372CEE7B9639073DCC3CA6579403DF734AC6B426C59BD6DD3D9D35B66E534DA8F9921F0FFF04CD6C601BE8929D402EA759DD8B8B3EE8DEE79390A2A61713E8E66672E1CFA0D67936E0876F71E46D38&amp;p_error_code=&amp;p_submit_url=https%3A%2F%2Flogin-pre.sge%2Fsso%2Fauth&amp;p_cancel_url=https%3A%2F%2Fpreproduccion.sge&amp;ssousername=&amp;subscribername=</url>
</httpSample>
<httpSample t="187" lt="0" ts="1298631927905" s="true" lb="/gepa/scripts/scriptaculous/scriptaculous.js" rc="200" by="5100">
  <responseHeader class="java.lang.String">HTTP/1.0 200 OK
Date: Fri, 25 Feb 2011 11:05:27 GMT
Server: Oracle-Application-Server-10g/10.1.2.2.0 Oracle-HTTP-Server
Content-Length: 5100
Set-Cookie: JSESSIONID=3d03fafb985a187e6c7f473e904d83072e61f04c6bd9fe17299d084e95b44ac9.e38Ob3aOaheRe34Mb3qSax0Pahz0nR9Pq6XteP93; path=/login
Content-Type: text/html; charset=ISO-8859-1
</responseHeader>
  <requestHeader class="java.lang.String">Accept-Language: es-ES
Accept: */*
User-Agent: Mozilla/4.0 (compatible; MSIE 7.0; Windows NT 6.1; Trident/4.0; SLCC2; .NET CLR 2.0.50727; .NET CLR 3.5.30729; .NET CLR 3.0.30729; Media Center PC 6.0; MDDS; .NET4.0C)
Accept-Encoding: gzip, deflate
Referer: http://picasso:8888/gepa/ConexionAction.do?POSTDATA=variosPerfiles=true&amp;accion=iniciar&amp;codigoEntidad=DYS&amp;codigo=jcnegredo&amp;contrasenya=dysmatica&amp;rolSeleccionado=25
</requestHeader>
  <cookies class="java.lang.String"></cookies>
  <method class="java.lang.String">GET</method>
  <queryString class="java.lang.String"></queryString>
  <redirectLocation class="java.lang.String">https://login-pre.sge/pls/orasso/orasso.wwsso_app_admin.ls_login?Site2pstoreToken=v1.4~CEF0A91F~51DD319F080A2B1A6201533CFD236E9559B807D57E4186DC5332C0383BF05D6A2735EB8755A3E32E17C1310F4B663D41CD6F2FA7D433F49EB624AAF5DCFD8F0363240180ECE50B97B140F83E5C58EE460B37E356B15E9C8292ACC7267569931A61208536B7F4713B3A825FDC5BF555B359C4E08F05B56F398A4F5F72EFD251481EEC34E8FC944356A97AA3F5B341C21B6C23B7F6EEB8AEB8D57876853AB7CAE55F812B38F0F3FB569FECBFEECE955C05AD9E29936390F270ADA23165124F7C57537597866E7EABA2E13756D41121054A5063A51D2DB6DF6FC09C40E9E30847F7F294EED7B30743FF4D5ED8F2C4304C50C7B7921DEEAFABCCDA2413446110D4277782F5A747D994F7D631F066CEC8199AE49F95A5D4C92313</redirectLocation>
  <url>https://preproduccion.sge/login/login.jsp?site2pstoretoken=v1.4~CEF0A91F~51DD319F080A2B1A6201533CFD236E9559B807D57E4186DC5332C0383BF05D6A2735EB8755A3E32E17C1310F4B663D41CD6F2FA7D433F49EB624AAF5DCFD8F0363240180ECE50B97B140F83E5C58EE460B37E356B15E9C8292ACC7267569931A61208536B7F4713B3A825FDC5BF555B359C4E08F05B56F398A4F5F72EFD251481EEC34E8FC944356A97AA3F5B341C21B6C23B7F6EEB8AEB8D57876853AB7CAE55F812B38F0F3FB569FECBFEECE955C05AD9E29936390F270ADA23165124F7C57537597866E7EABA2E13756D41121054A5063A51D2DB6DF6FC09C40E9E30847F7F294EED7B30743FF4D5ED8F2C4304C50C7B7921DEEAFABCCDA2413446110D4277782F5A747D994F7D631F066CEC8199AE49F95A5D4C92313&amp;p_error_code=&amp;p_submit_url=https%3A%2F%2Flogin-pre.sge%2Fsso%2Fauth&amp;p_cancel_url=https%3A%2F%2Fpreproduccion.sge&amp;ssousername=&amp;subscribername=</url>
</httpSample>
<httpSample t="16" lt="16" ts="1298631928092" s="false" lb="/gepa/ConexionAction.do;jsessionid=eb634fe5b58b0bcb96508261e275709f9c8e236e3e15aeb347f0741aac2dda55" rc="500" by="778">
  <responseHeader class="java.lang.String">HTTP/1.0 500 Internal Server Error
Date: Fri, 25 Feb 2011 11:05:28 GMT
Server: Oracle-Application-Server-10g/10.1.2.2.0 Oracle-HTTP-Server
Content-Type: text/html; charset=iso-8859-1
</responseHeader>
  <requestHeader class="java.lang.String">Content-Type: application/x-www-form-urlencoded
Accept-Language: es-ES
Accept: image/jpeg, application/x-ms-application, image/gif, application/xaml+xml, image/pjpeg, application/x-ms-xbap, application/vnd.ms-powerpoint, application/vnd.ms-excel, application/msword, */*
User-Agent: Mozilla/4.0 (compatible; MSIE 7.0; Windows NT 6.1; Trident/4.0; SLCC2; .NET CLR 2.0.50727; .NET CLR 3.5.30729; .NET CLR 3.0.30729; Media Center PC 6.0; MDDS; .NET4.0C)
Accept-Encoding: gzip, deflate
Referer: http://picasso:8888/gepa/ConexionAction.do?POSTDATA=variosPerfiles=true&amp;accion=iniciar&amp;codigoEntidad=DYS&amp;codigo=jcnegredo&amp;contrasenya=dysmatica&amp;rolSeleccionado=25
Pragma: no-cache
</requestHeader>
  <cookies class="java.lang.String"></cookies>
  <method class="java.lang.String">POST</method>
  <queryString class="java.lang.String">variosPerfiles=true&amp;accion=seleccionarPerfil&amp;codigoEntidad=DYS&amp;rolSeleccionado=25</queryString>
  <url>https://preproduccion.sge:443/gepa/ConexionAction.do;jsessionid=eb634fe5b58b0bcb96508261e275709f9c8e236e3e15aeb347f0741aac2dda55</url>
</httpSample>
<httpSample t="187" lt="0" ts="1298631928108" s="true" lb="/gepa/scripts/scriptaculous/scriptaculous.js" rc="200" by="5068">
  <responseHeader class="java.lang.String">HTTP/1.0 200 OK
Date: Fri, 25 Feb 2011 11:05:28 GMT
Server: Oracle-Application-Server-10g/10.1.2.2.0 Oracle-HTTP-Server
Content-Length: 5068
Set-Cookie: JSESSIONID=0f706b8cfe2bb30c15071e3cd144703d56bb4c21f7b1755d7958f3b71dda5b0c.e3eSbhiLaNyPe3yNbNyQc3qSai1BqBjKpPXxqAa; path=/login
Content-Type: text/html; charset=ISO-8859-1
</responseHeader>
  <requestHeader class="java.lang.String">Accept-Language: es-ES
Accept: */*
User-Agent: Mozilla/4.0 (compatible; MSIE 7.0; Windows NT 6.1; Trident/4.0; SLCC2; .NET CLR 2.0.50727; .NET CLR 3.5.30729; .NET CLR 3.0.30729; Media Center PC 6.0; MDDS; .NET4.0C)
Accept-Encoding: gzip, deflate
Referer: http://picasso:8888/gepa/ConexionAction.do;jsessionid=eb634fe5b58b0bcb96508261e275709f9c8e236e3e15aeb347f0741aac2dda55
</requestHeader>
  <cookies class="java.lang.String"></cookies>
  <method class="java.lang.String">GET</method>
  <queryString class="java.lang.String"></queryString>
  <redirectLocation class="java.lang.String">https://login-pre.sge/pls/orasso/orasso.wwsso_app_admin.ls_login?Site2pstoreToken=v1.4~CEF0A91F~A42A1DB706F52CC0859CFA82D394B18F3DD8F713665ED970FC18A6C8142683BD07BB21BC43AE0CA80ADD04708E69A53240045F1CD1AE02C5A8E05E601E90BD41AAEB653B8CF8A027166869F676CC64E4224B4F14F00E7B88B35F0468EBD4D538C558834C47BADC8BBD9B2028D5321B82DEBF6AC1ECAEE750D14974281FEA88F943178F3C0025B394C56813C24B03E73916332048909826C79902D5A8F7EB26197B22826EF90E80A38328B9FBF6F4CF593B6E4B19DA7AB1D3E65727AC022D5610D286CC54858FD28276A794E69CC86C1F9B2CEEBA6142CE64F088884087F4C4EF77F377171048A1F27B6BC117C4A9D799F567ABAB1B795FD130AA796E4AA3F93F59CA757ED50445E38150529CBACA432E</redirectLocation>
  <url>https://preproduccion.sge/login/login.jsp?site2pstoretoken=v1.4~CEF0A91F~A42A1DB706F52CC0859CFA82D394B18F3DD8F713665ED970FC18A6C8142683BD07BB21BC43AE0CA80ADD04708E69A53240045F1CD1AE02C5A8E05E601E90BD41AAEB653B8CF8A027166869F676CC64E4224B4F14F00E7B88B35F0468EBD4D538C558834C47BADC8BBD9B2028D5321B82DEBF6AC1ECAEE750D14974281FEA88F943178F3C0025B394C56813C24B03E73916332048909826C79902D5A8F7EB26197B22826EF90E80A38328B9FBF6F4CF593B6E4B19DA7AB1D3E65727AC022D5610D286CC54858FD28276A794E69CC86C1F9B2CEEBA6142CE64F088884087F4C4EF77F377171048A1F27B6BC117C4A9D799F567ABAB1B795FD130AA796E4AA3F93F59CA757ED50445E38150529CBACA432E&amp;p_error_code=&amp;p_submit_url=https%3A%2F%2Flogin-pre.sge%2Fsso%2Fauth&amp;p_cancel_url=https%3A%2F%2Fpreproduccion.sge&amp;ssousername=&amp;subscribername=</url>
</httpSample>
<httpSample t="32" lt="32" ts="1298631928295" s="false" lb="/gepa/BusquedaAction.do" rc="500" by="778">
  <responseHeader class="java.lang.String">HTTP/1.0 500 Internal Server Error
Date: Fri, 25 Feb 2011 11:05:28 GMT
Server: Oracle-Application-Server-10g/10.1.2.2.0 Oracle-HTTP-Server
Content-Type: text/html; charset=iso-8859-1
</responseHeader>
  <requestHeader class="java.lang.String">Content-Type: application/x-www-form-urlencoded
Accept-Language: es-ES
Accept: image/jpeg, application/x-ms-application, image/gif, application/xaml+xml, image/pjpeg, application/x-ms-xbap, application/vnd.ms-powerpoint, application/vnd.ms-excel, application/msword, */*
User-Agent: Mozilla/4.0 (compatible; MSIE 7.0; Windows NT 6.1; Trident/4.0; SLCC2; .NET CLR 2.0.50727; .NET CLR 3.5.30729; .NET CLR 3.0.30729; Media Center PC 6.0; MDDS; .NET4.0C)
Accept-Encoding: gzip, deflate
Referer: http://picasso:8888/gepa/ConexionAction.do;jsessionid=eb634fe5b58b0bcb96508261e275709f9c8e236e3e15aeb347f0741aac2dda55
Pragma: no-cache
</requestHeader>
  <cookies class="java.lang.String"></cookies>
  <method class="java.lang.String">POST</method>
  <queryString class="java.lang.String">accion=buscar&amp;modo=rapida&amp;avanzadaDesplegada=false&amp;descElemPesado=&amp;identificacionRapida=&amp;nombreRapida=&amp;apellido1Rapida=&amp;apellido2Rapida=&amp;anyoRapida=&amp;numeroRapida=&amp;desdeRapida=&amp;hastaRapida=&amp;tramiteRapida=-1&amp;estadoRapida=-1&amp;idBusqueda=-1&amp;idClases=26&amp;metaTipo0=STRING&amp;metaTipo1=STRING&amp;metaTipo2=LISTA&amp;metaTipo3=STRING&amp;metaTipo4=LISTA_PESADA&amp;metaTipo5=STRING&amp;metaTipo6=LISTA&amp;metaTipo7=STRING&amp;metaTipo8=STRING&amp;metaTipo9=STRING&amp;metaTipo10=STRING&amp;metaTipo11=STRING&amp;metaTipo12=STRING&amp;metaTipo13=LISTA&amp;metaTipo14=STRING&amp;metaTipo15=TIMESTAMP&amp;metaTipo16=TIMESTAMP&amp;metaTipo17=TIMESTAMP&amp;metaTipo18=LISTA&amp;metaTipo19=LISTA_PESADA&amp;metaTipo20=STRING&amp;metaTipo21=STRING&amp;metaTipo22=STRING&amp;metaTipo23=STRING&amp;metaTipo24=STRING&amp;metaTipo25=LISTA_PESADA&amp;metaTipo26=LISTA&amp;metaTipo27=STRING&amp;metaTipo28=LISTA&amp;metaTipo29=STRING&amp;metaTipo30=STRING&amp;metaTipo31=INTEGER&amp;metaTipo32=STRING&amp;metaTipo33=STRING&amp;metaTipo34=STRING&amp;metaTipo35=LISTA&amp;metaTipo36=LISTA&amp;metaTipo37=LISTA&amp;metaTipo38=STRING&amp;metaTipo39=SEPARADOR&amp;metaTipo40=BOOLEAN&amp;metaTipo41=STRING&amp;metaTipo42=STRING&amp;metaTipo43=STRING&amp;metaTipo44=LISTA&amp;metaTipo45=BOOLEAN&amp;metaTipo46=BOOLEAN&amp;metaTipo47=BOOLEAN&amp;metaTipo48=STRING&amp;metaTipo49=TIMESTAMP&amp;metaTipo50=TIMESTAMP&amp;metaTipo51=TIMESTAMP&amp;metaTipo52=TIMESTAMP&amp;metaTipo53=TIMESTAMP&amp;metaTipo54=TIMESTAMP&amp;metaTipo55=TIMESTAMP&amp;metaTipo56=TIMESTAMP&amp;metaTipo57=TIMESTAMP&amp;metaTipo58=TIMESTAMP&amp;metaTipo59=TIMESTAMP&amp;metaTipo60=TIMESTAMP&amp;metaTipo61=TIMESTAMP&amp;metaTipo62=TIMESTAMP&amp;metaTipo63=TIMESTAMP&amp;metaTipo64=LISTA&amp;metaTipo65=LISTA&amp;metaTipo66=LISTA&amp;metaTipo67=DOUBLE&amp;metaTipo68=DOUBLE&amp;metaTipo69=DOUBLE&amp;metaTipo70=DOUBLE&amp;metaTipo71=DOUBLE&amp;metaTipo72=DOUBLE&amp;metaTipo73=DOUBLE&amp;metaTipo74=BOOLEAN&amp;metaTipo75=LISTA&amp;metaTipo76=STRING&amp;metaTipo77=STRING&amp;metaTipo78=STRING&amp;metaTipo79=STRING&amp;metaTipo80=STRING&amp;metaTipo81=STRING&amp;metaTipo82=STRING&amp;metaTipo83=BOOLEAN&amp;metaTipo84=BOOLEAN&amp;metaTipo85=STRING&amp;metaTipo86=LISTA&amp;metaTipo87=LISTA&amp;metaTipo88=LISTA_PESADA&amp;metaTipo89=LISTA&amp;metaTipo90=LISTA&amp;metaTipo91=STRING&amp;metaTipo92=LISTA&amp;metaTipo93=STRING&amp;metaTipo94=STRING&amp;metaTipo95=LISTA&amp;metaTipo96=LISTA&amp;metaTipo97=LISTA&amp;metaTipo98=BOOLEAN&amp;metaTipo99=LISTA&amp;metaTipo100=BOOLEAN&amp;metaTipo101=LISTA&amp;metaTipo102=LISTA&amp;metaTipo103=BOOLEAN&amp;metaTipo104=BOOLEAN&amp;metaTipo105=LISTA&amp;metaTipo106=LISTA&amp;metaTipo107=LISTA&amp;metaTipo108=LISTA&amp;metaTipo109=LISTA&amp;metaTipo110=STRING&amp;metaTipo111=LISTA&amp;valor=&amp;valorPesado=&amp;lista37=-1&amp;lista36=-1&amp;lista35=-1&amp;lista99=-1&amp;lista109=-1&amp;lista66=-1&amp;lista98=-1&amp;lista108=-1&amp;lista65=-1&amp;lista97=-1&amp;lista107=-1&amp;lista64=-1&amp;lista96=-1&amp;lista106=-1&amp;lista95=-1&amp;lista105=-1&amp;lista104=-1&amp;lista92=-1&amp;lista103=-1&amp;lista102=-1&amp;lista90=-1&amp;lista101=-1&amp;lista100=-1&amp;lista28=-1&amp;lista26=-1&amp;lista89=-1&amp;lista87=-1&amp;lista86=-1&amp;lista6=-1&amp;lista84=-1&amp;lista83=-1&amp;lista2=-1&amp;lista18=-1&amp;lista47=-1&amp;lista46=-1&amp;lista13=-1&amp;lista45=-1&amp;lista44=-1&amp;lista75=-1&amp;lista74=-1&amp;lista40=-1&amp;lista111=-1</queryString>
  <url>https://preproduccion.sge:443/gepa/BusquedaAction.do</url>
</httpSample>
<httpSample t="187" lt="0" ts="1298631928327" s="true" lb="/gepa/scripts/scriptaculous/scriptaculous.js" rc="200" by="5068">
  <responseHeader class="java.lang.String">HTTP/1.0 200 OK
Date: Fri, 25 Feb 2011 11:05:28 GMT
Server: Oracle-Application-Server-10g/10.1.2.2.0 Oracle-HTTP-Server
Content-Length: 5068
Set-Cookie: JSESSIONID=acb5089b7ca7ff789111db158ead882a1163a9c17780ed61174fa3c23b04ac9a.e38Ob3aOaheRe34Mb3qSax0Pahz0nR9Pq6XteP93; path=/login
Content-Type: text/html; charset=ISO-8859-1
</responseHeader>
  <requestHeader class="java.lang.String">Accept-Language: es-ES
Accept: */*
User-Agent: Mozilla/4.0 (compatible; MSIE 7.0; Windows NT 6.1; Trident/4.0; SLCC2; .NET CLR 2.0.50727; .NET CLR 3.5.30729; .NET CLR 3.0.30729; Media Center PC 6.0; MDDS; .NET4.0C)
Accept-Encoding: gzip, deflate
Referer: http://picasso:8888/gepa/BusquedaAction.do
</requestHeader>
  <cookies class="java.lang.String"></cookies>
  <method class="java.lang.String">GET</method>
  <queryString class="java.lang.String"></queryString>
  <redirectLocation class="java.lang.String">https://login-pre.sge/pls/orasso/orasso.wwsso_app_admin.ls_login?Site2pstoreToken=v1.4~CEF0A91F~A42A1DB706F52CC0859CFA82D394B18F3DD8F713665ED970FC18A6C8142683BD07BB21BC43AE0CA80ADD04708E69A53240045F1CD1AE02C5A8E05E601E90BD41AAEB653B8CF8A027166869F676CC64E4224B4F14F00E7B88B35F0468EBD4D538C558834C47BADC8BBD9B2028D5321B82DEBF6AC1ECAEE750D14974281FEA88F943178F3C0025B394C56813C24B03E73916332048909826C79902D5A8F7EB26197B22826EF90E80A38328B9FBF6F4CF593B6E4B19DA7AB1D3E65727AC022D5610D286CC54858FD28276A794E69CC86C1F9B2CEEBA6142CE64F088884087F4C4EF77F377171048A1F27B6BC117C4A9D799F567ABAB1B795FD130AA796E4AA3F93F59CA757ED50445E38150529CBACA432E</redirectLocation>
  <url>https://preproduccion.sge/login/login.jsp?site2pstoretoken=v1.4~CEF0A91F~A42A1DB706F52CC0859CFA82D394B18F3DD8F713665ED970FC18A6C8142683BD07BB21BC43AE0CA80ADD04708E69A53240045F1CD1AE02C5A8E05E601E90BD41AAEB653B8CF8A027166869F676CC64E4224B4F14F00E7B88B35F0468EBD4D538C558834C47BADC8BBD9B2028D5321B82DEBF6AC1ECAEE750D14974281FEA88F943178F3C0025B394C56813C24B03E73916332048909826C79902D5A8F7EB26197B22826EF90E80A38328B9FBF6F4CF593B6E4B19DA7AB1D3E65727AC022D5610D286CC54858FD28276A794E69CC86C1F9B2CEEBA6142CE64F088884087F4C4EF77F377171048A1F27B6BC117C4A9D799F567ABAB1B795FD130AA796E4AA3F93F59CA757ED50445E38150529CBACA432E&amp;p_error_code=&amp;p_submit_url=https%3A%2F%2Flogin-pre.sge%2Fsso%2Fauth&amp;p_cancel_url=https%3A%2F%2Fpreproduccion.sge&amp;ssousername=&amp;subscribername=</url>
</httpSample>
<httpSample t="203" lt="0" ts="1298631928514" s="true" lb="/gepa/ResultadoBusquedaAction.do" rc="200" by="4972">
  <responseHeader class="java.lang.String">HTTP/1.0 200 OK
Date: Fri, 25 Feb 2011 11:05:28 GMT
Server: Oracle-Application-Server-10g/10.1.2.2.0 Oracle-HTTP-Server
Content-Length: 4972
Set-Cookie: JSESSIONID=6e803fa70ca7861a6ca335788f25d74083038b67ccbaad6faf9ca4074fdfe504.e3eSbhiLaNyPe3yNbNyQc3qSai1BqBjKpPXxqAa; path=/login
Content-Type: text/html; charset=ISO-8859-1
</responseHeader>
  <requestHeader class="java.lang.String">Accept-Language: es-ES
Accept: image/jpeg, application/x-ms-application, image/gif, application/xaml+xml, image/pjpeg, application/x-ms-xbap, application/vnd.ms-powerpoint, application/vnd.ms-excel, application/msword, */*
User-Agent: Mozilla/4.0 (compatible; MSIE 7.0; Windows NT 6.1; Trident/4.0; SLCC2; .NET CLR 2.0.50727; .NET CLR 3.5.30729; .NET CLR 3.0.30729; Media Center PC 6.0; MDDS; .NET4.0C)
Accept-Encoding: gzip, deflate
Referer: http://picasso:8888/gepa/BusquedaAction.do
</requestHeader>
  <cookies class="java.lang.String"></cookies>
  <method class="java.lang.String">GET</method>
  <queryString class="java.lang.String"></queryString>
  <redirectLocation class="java.lang.String">https://login-pre.sge/pls/orasso/orasso.wwsso_app_admin.ls_login?Site2pstoreToken=v1.4~CEF0A91F~A42A1DB706F52CC0859CFA82D394B18F3DD8F713665ED970FC18A6C8142683BD07BB21BC43AE0CA80ADD04708E69A53240045F1CD1AE02C5A8E05E601E90BD41AAEB653B8CF8A027166869F676CC64E4224B4F14F00E7B88B35F0468EBD4D538A36FED3C16F1B1D581178C71F74B8D926BEBCC3795116ED3C06736A5765C8D941A1634D3341B0BE90046EDE26517244E314AFA643659D1CE6B164FBFF2376EA835E86A9DD9BD97CCA8365A91E8D02EDB10FEFB878E5FE484CEED8B22B1C61B1B3CFEEAA56FC0410CE72F09877FD097DA1C33DCFE3D7E9B40AD4060F64B3652DDC20893614F73660D27C23D80A03214739A917E3B471349A7</redirectLocation>
  <url>https://preproduccion.sge/login/login.jsp?site2pstoretoken=v1.4~CEF0A91F~A42A1DB706F52CC0859CFA82D394B18F3DD8F713665ED970FC18A6C8142683BD07BB21BC43AE0CA80ADD04708E69A53240045F1CD1AE02C5A8E05E601E90BD41AAEB653B8CF8A027166869F676CC64E4224B4F14F00E7B88B35F0468EBD4D538A36FED3C16F1B1D581178C71F74B8D926BEBCC3795116ED3C06736A5765C8D941A1634D3341B0BE90046EDE26517244E314AFA643659D1CE6B164FBFF2376EA835E86A9DD9BD97CCA8365A91E8D02EDB10FEFB878E5FE484CEED8B22B1C61B1B3CFEEAA56FC0410CE72F09877FD097DA1C33DCFE3D7E9B40AD4060F64B3652DDC20893614F73660D27C23D80A03214739A917E3B471349A7&amp;p_error_code=&amp;p_submit_url=https%3A%2F%2Flogin-pre.sge%2Fsso%2Fauth&amp;p_cancel_url=https%3A%2F%2Fpreproduccion.sge&amp;ssousername=&amp;subscribername=</url>
</httpSample>
<httpSample t="188" lt="0" ts="1298631928717" s="true" lb="/gepa/scripts/scriptaculous/scriptaculous.js" rc="200" by="5068">
  <responseHeader class="java.lang.String">HTTP/1.0 200 OK
Date: Fri, 25 Feb 2011 11:05:28 GMT
Server: Oracle-Application-Server-10g/10.1.2.2.0 Oracle-HTTP-Server
Content-Length: 5068
Set-Cookie: JSESSIONID=f77f5bd9d4a56b446e0ad913ff6c4df79091d2809ff26126985bec82806c9e51.e38Ob3aOaheRe34Mb3qSax0Pahz0nR9Pq6XteP93; path=/login
Content-Type: text/html; charset=ISO-8859-1
</responseHeader>
  <requestHeader class="java.lang.String">Accept-Language: es-ES
Accept: */*
User-Agent: Mozilla/4.0 (compatible; MSIE 7.0; Windows NT 6.1; Trident/4.0; SLCC2; .NET CLR 2.0.50727; .NET CLR 3.5.30729; .NET CLR 3.0.30729; Media Center PC 6.0; MDDS; .NET4.0C)
Accept-Encoding: gzip, deflate
Referer: http://picasso:8888/gepa/ResultadoBusquedaAction.do?accion=gestionExp&amp;indice=0
</requestHeader>
  <cookies class="java.lang.String"></cookies>
  <method class="java.lang.String">GET</method>
  <queryString class="java.lang.String"></queryString>
  <redirectLocation class="java.lang.String">https://login-pre.sge/pls/orasso/orasso.wwsso_app_admin.ls_login?Site2pstoreToken=v1.4~CEF0A91F~A42A1DB706F52CC0859CFA82D394B18F3DD8F713665ED970FC18A6C8142683BD07BB21BC43AE0CA80ADD04708E69A53240045F1CD1AE02C5A8E05E601E90BD41AAEB653B8CF8A027166869F676CC64E4224B4F14F00E7B88B35F0468EBD4D538C558834C47BADC8BBD9B2028D5321B82DEBF6AC1ECAEE750D14974281FEA88F943178F3C0025B394C56813C24B03E73916332048909826C79902D5A8F7EB26197B22826EF90E80A38328B9FBF6F4CF593B6E4B19DA7AB1D3E65727AC022D5610D286CC54858FD28276A794E69CC86C1F9B2CEEBA6142CE64F088884087F4C4EF77F377171048A1F27B6BC117C4A9D799F567ABAB1B795FD130AA796E4AA3F93F59CA757ED50445E38150529CBACA432E</redirectLocation>
  <url>https://preproduccion.sge/login/login.jsp?site2pstoretoken=v1.4~CEF0A91F~A42A1DB706F52CC0859CFA82D394B18F3DD8F713665ED970FC18A6C8142683BD07BB21BC43AE0CA80ADD04708E69A53240045F1CD1AE02C5A8E05E601E90BD41AAEB653B8CF8A027166869F676CC64E4224B4F14F00E7B88B35F0468EBD4D538C558834C47BADC8BBD9B2028D5321B82DEBF6AC1ECAEE750D14974281FEA88F943178F3C0025B394C56813C24B03E73916332048909826C79902D5A8F7EB26197B22826EF90E80A38328B9FBF6F4CF593B6E4B19DA7AB1D3E65727AC022D5610D286CC54858FD28276A794E69CC86C1F9B2CEEBA6142CE64F088884087F4C4EF77F377171048A1F27B6BC117C4A9D799F567ABAB1B795FD130AA796E4AA3F93F59CA757ED50445E38150529CBACA432E&amp;p_error_code=&amp;p_submit_url=https%3A%2F%2Flogin-pre.sge%2Fsso%2Fauth&amp;p_cancel_url=https%3A%2F%2Fpreproduccion.sge&amp;ssousername=&amp;subscribername=</url>
</httpSample>
<httpSample t="187" lt="0" ts="1298631928905" s="true" lb="/gepa/ConexionAction.do" rc="200" by="5388">
  <responseHeader class="java.lang.String">HTTP/1.0 200 OK
Date: Fri, 25 Feb 2011 11:05:28 GMT
Server: Oracle-Application-Server-10g/10.1.2.2.0 Oracle-HTTP-Server
Content-Length: 5388
Set-Cookie: JSESSIONID=a84762d0f3f4d76f3a1cbc8fa4560b082da23050e37f27f570435e31672caa73.e3eSbhiLaNyPe3yNbNyQc3qSai1BqBjKpPXxqAa; path=/login
Content-Type: text/html; charset=ISO-8859-1
</responseHeader>
  <requestHeader class="java.lang.String">Accept-Language: es
Accept: */*
User-Agent: Mozilla/4.0 (compatible; MSIE 7.0; Windows NT 6.1; Trident/4.0; SLCC2; .NET CLR 2.0.50727; .NET CLR 3.5.30729; .NET CLR 3.0.30729; Media Center PC 6.0; MDDS; .NET4.0C)
Accept-Encoding: gzip, deflate
</requestHeader>
  <cookies class="java.lang.String"></cookies>
  <method class="java.lang.String">GET</method>
  <queryString class="java.lang.String"></queryString>
  <redirectLocation class="java.lang.String">https://login-pre.sge/pls/orasso/orasso.wwsso_app_admin.ls_login?Site2pstoreToken=v1.4~CEF0A91F~A42A1DB706F52CC0859CFA82D394B18F3DD8F713665ED970FC18A6C8142683BD07BB21BC43AE0CA80ADD04708E69A53240045F1CD1AE02C5A8E05E601E90BD41AAEB653B8CF8A027166869F676CC64E4224B4F14F00E7B88B35F0468EBD4D5385CE1675E0AFBBA56C4E8638608E711877C2A79FB44E2477CC0FAAFCC97837AD79A61E911D8C4CF9F60379C07DB4997FB1AB5DEFEF24C5241F8EE300535D4F28B917156C8E184895A34B3DD18D877060774FD4928F650C49DAD08FF94413FAADD0F9321F0B3D5C059EFAFCF9CE1F91E19C8CE23359BF68FF835E3259F56F87045FF9E949CD9220F9B2DF0B811C72F3BD6337595C1DB5CA96B5BF41AFAD8D13BEF33D3D2C268202EE8A60D126D11F978A3C61AAF07031C7A94AE749E24A0F3397F61829D062B100DE67ACC8F506120C14EBA4A92517C0A5843197817190AA7E68705A72EF0FB9C1842A929E44DC854396D44E049EEC333BA3AB67EFD7D8D59855E</redirectLocation>
  <url>https://preproduccion.sge/login/login.jsp?site2pstoretoken=v1.4~CEF0A91F~A42A1DB706F52CC0859CFA82D394B18F3DD8F713665ED970FC18A6C8142683BD07BB21BC43AE0CA80ADD04708E69A53240045F1CD1AE02C5A8E05E601E90BD41AAEB653B8CF8A027166869F676CC64E4224B4F14F00E7B88B35F0468EBD4D5385CE1675E0AFBBA56C4E8638608E711877C2A79FB44E2477CC0FAAFCC97837AD79A61E911D8C4CF9F60379C07DB4997FB1AB5DEFEF24C5241F8EE300535D4F28B917156C8E184895A34B3DD18D877060774FD4928F650C49DAD08FF94413FAADD0F9321F0B3D5C059EFAFCF9CE1F91E19C8CE23359BF68FF835E3259F56F87045FF9E949CD9220F9B2DF0B811C72F3BD6337595C1DB5CA96B5BF41AFAD8D13BEF33D3D2C268202EE8A60D126D11F978A3C61AAF07031C7A94AE749E24A0F3397F61829D062B100DE67ACC8F506120C14EBA4A92517C0A5843197817190AA7E68705A72EF0FB9C1842A929E44DC854396D44E049EEC333BA3AB67EFD7D8D59855E&amp;p_error_code=&amp;p_submit_url=https%3A%2F%2Flogin-pre.sge%2Fsso%2Fauth&amp;p_cancel_url=https%3A%2F%2Fpreproduccion.sge&amp;ssousername=&amp;subscribername=</url>
</httpSample>
<httpSample t="188" lt="0" ts="1298631929092" s="true" lb="/gepa/scripts/scriptaculous/scriptaculous.js" rc="200" by="5068">
  <responseHeader class="java.lang.String">HTTP/1.0 200 OK
Date: Fri, 25 Feb 2011 11:05:29 GMT
Server: Oracle-Application-Server-10g/10.1.2.2.0 Oracle-HTTP-Server
Content-Length: 5068
Set-Cookie: JSESSIONID=79e9b399da77622f934b6fa5beed561234fb146a375e36a77f1ebbd87710e828.e38Ob3aOaheRe34Mb3qSax0Pahz0nR9Pq6XteP93; path=/login
Content-Type: text/html; charset=ISO-8859-1
</responseHeader>
  <requestHeader class="java.lang.String">Accept-Language: es-ES
Accept: */*
User-Agent: Mozilla/4.0 (compatible; MSIE 7.0; Windows NT 6.1; Trident/4.0; SLCC2; .NET CLR 2.0.50727; .NET CLR 3.5.30729; .NET CLR 3.0.30729; Media Center PC 6.0; MDDS; .NET4.0C)
Accept-Encoding: gzip, deflate
Referer: http://picasso:8888/gepa/ConexionAction.do?POSTDATA=variosPerfiles=true&amp;accion=iniciar&amp;codigoEntidad=DYS&amp;codigo=jcnegredo&amp;contrasenya=dysmatica&amp;rolSeleccionado=25
</requestHeader>
  <cookies class="java.lang.String"></cookies>
  <method class="java.lang.String">GET</method>
  <queryString class="java.lang.String"></queryString>
  <redirectLocation class="java.lang.String">https://login-pre.sge/pls/orasso/orasso.wwsso_app_admin.ls_login?Site2pstoreToken=v1.4~CEF0A91F~0C8B680B0A8ABD75A212B71F920E03042F873A552DDEFBD994E2AB4A72DFD0A2DC76E0A218948DD2DB3D9A9D2B0622C06E3AB9531BAC9B36E7DE117508853111A0BF09DE79A185FCFB51776185ED829CB8EDA4D974D25E0F34446F5DA53A2E4D37E375450502B4E1F7275A8FEFCD27EA16CF281FD2B79CEA5C3C2D5F174936C2C1E57A9D3F1C29793B338DEC490B3E1E381C4F1859632D6528CD2411DF4D20868DB5C749CC2DA1DE38A67172FBCD5DF33538F31E308AF67F4AE3E529A8CDCD2DC584D98A7964C06815425CB097A79101A9E1EC775A38E3A176B11C6D1B8D8CDDCFC2E0B33DC3B63F0CF0B9C82368986C7FC40F3CF066C50C898C5C396097054F7804612C47177B240A0DBDBFAEA73777</redirectLocation>
  <url>https://preproduccion.sge/login/login.jsp?site2pstoretoken=v1.4~CEF0A91F~0C8B680B0A8ABD75A212B71F920E03042F873A552DDEFBD994E2AB4A72DFD0A2DC76E0A218948DD2DB3D9A9D2B0622C06E3AB9531BAC9B36E7DE117508853111A0BF09DE79A185FCFB51776185ED829CB8EDA4D974D25E0F34446F5DA53A2E4D37E375450502B4E1F7275A8FEFCD27EA16CF281FD2B79CEA5C3C2D5F174936C2C1E57A9D3F1C29793B338DEC490B3E1E381C4F1859632D6528CD2411DF4D20868DB5C749CC2DA1DE38A67172FBCD5DF33538F31E308AF67F4AE3E529A8CDCD2DC584D98A7964C06815425CB097A79101A9E1EC775A38E3A176B11C6D1B8D8CDDCFC2E0B33DC3B63F0CF0B9C82368986C7FC40F3CF066C50C898C5C396097054F7804612C47177B240A0DBDBFAEA73777&amp;p_error_code=&amp;p_submit_url=https%3A%2F%2Flogin-pre.sge%2Fsso%2Fauth&amp;p_cancel_url=https%3A%2F%2Fpreproduccion.sge&amp;ssousername=&amp;subscribername=</url>
</httpSample>
<httpSample t="15" lt="15" ts="1298631929280" s="false" lb="/gepa/ConexionAction.do;jsessionid=eb634fe5b58b0bcb96508261e275709f9c8e236e3e15aeb347f0741aac2dda55" rc="500" by="778">
  <responseHeader class="java.lang.String">HTTP/1.0 500 Internal Server Error
Date: Fri, 25 Feb 2011 11:05:29 GMT
Server: Oracle-Application-Server-10g/10.1.2.2.0 Oracle-HTTP-Server
Content-Type: text/html; charset=iso-8859-1
</responseHeader>
  <requestHeader class="java.lang.String">Content-Type: application/x-www-form-urlencoded
Accept-Language: es-ES
Accept: image/jpeg, application/x-ms-application, image/gif, application/xaml+xml, image/pjpeg, application/x-ms-xbap, application/vnd.ms-powerpoint, application/vnd.ms-excel, application/msword, */*
User-Agent: Mozilla/4.0 (compatible; MSIE 7.0; Windows NT 6.1; Trident/4.0; SLCC2; .NET CLR 2.0.50727; .NET CLR 3.5.30729; .NET CLR 3.0.30729; Media Center PC 6.0; MDDS; .NET4.0C)
Accept-Encoding: gzip, deflate
Referer: http://picasso:8888/gepa/ConexionAction.do?POSTDATA=variosPerfiles=true&amp;accion=iniciar&amp;codigoEntidad=DYS&amp;codigo=jcnegredo&amp;contrasenya=dysmatica&amp;rolSeleccionado=25
Pragma: no-cache
</requestHeader>
  <cookies class="java.lang.String"></cookies>
  <method class="java.lang.String">POST</method>
  <queryString class="java.lang.String">variosPerfiles=true&amp;accion=seleccionarPerfil&amp;codigoEntidad=DYS&amp;rolSeleccionado=25</queryString>
  <url>https://preproduccion.sge:443/gepa/ConexionAction.do;jsessionid=eb634fe5b58b0bcb96508261e275709f9c8e236e3e15aeb347f0741aac2dda55</url>
</httpSample>
<httpSample t="188" lt="0" ts="1298631929311" s="true" lb="/gepa/scripts/scriptaculous/scriptaculous.js" rc="200" by="5068">
  <responseHeader class="java.lang.String">HTTP/1.0 200 OK
Date: Fri, 25 Feb 2011 11:05:29 GMT
Server: Oracle-Application-Server-10g/10.1.2.2.0 Oracle-HTTP-Server
Content-Length: 5068
Set-Cookie: JSESSIONID=bdf8121a5f1b7151f8ea46c6c9a5f063c5b1d6be99c7a77f19b0a9d10688dda6.e3eSbhiLaNyPe3yNbNyQc3qSai1BqBjKpPXxqAa; path=/login
Content-Type: text/html; charset=ISO-8859-1
</responseHeader>
  <requestHeader class="java.lang.String">Accept-Language: es-ES
Accept: */*
User-Agent: Mozilla/4.0 (compatible; MSIE 7.0; Windows NT 6.1; Trident/4.0; SLCC2; .NET CLR 2.0.50727; .NET CLR 3.5.30729; .NET CLR 3.0.30729; Media Center PC 6.0; MDDS; .NET4.0C)
Accept-Encoding: gzip, deflate
Referer: http://picasso:8888/gepa/ConexionAction.do;jsessionid=eb634fe5b58b0bcb96508261e275709f9c8e236e3e15aeb347f0741aac2dda55
</requestHeader>
  <cookies class="java.lang.String"></cookies>
  <method class="java.lang.String">GET</method>
  <queryString class="java.lang.String"></queryString>
  <redirectLocation class="java.lang.String">https://login-pre.sge/pls/orasso/orasso.wwsso_app_admin.ls_login?Site2pstoreToken=v1.4~CEF0A91F~0C8B680B0A8ABD75A212B71F920E03042F873A552DDEFBD994E2AB4A72DFD0A2DC76E0A218948DD2DB3D9A9D2B0622C06E3AB9531BAC9B36E7DE117508853111A0BF09DE79A185FCFB51776185ED829CB8EDA4D974D25E0F34446F5DA53A2E4D37E375450502B4E1F7275A8FEFCD27EA16CF281FD2B79CEA5C3C2D5F174936C2C1E57A9D3F1C29793B338DEC490B3E1E381C4F1859632D6528CD2411DF4D20868DB5C749CC2DA1DE38A67172FBCD5DF33538F31E308AF67F4AE3E529A8CDCD2DC584D98A7964C06815425CB097A79101A9E1EC775A38E3A176B11C6D1B8D8CDDCFC2E0B33DC3B63F0CF0B9C82368986C7FC40F3CF066C50C898C5C396097054F7804612C47177B240A0DBDBFAEA73777</redirectLocation>
  <url>https://preproduccion.sge/login/login.jsp?site2pstoretoken=v1.4~CEF0A91F~0C8B680B0A8ABD75A212B71F920E03042F873A552DDEFBD994E2AB4A72DFD0A2DC76E0A218948DD2DB3D9A9D2B0622C06E3AB9531BAC9B36E7DE117508853111A0BF09DE79A185FCFB51776185ED829CB8EDA4D974D25E0F34446F5DA53A2E4D37E375450502B4E1F7275A8FEFCD27EA16CF281FD2B79CEA5C3C2D5F174936C2C1E57A9D3F1C29793B338DEC490B3E1E381C4F1859632D6528CD2411DF4D20868DB5C749CC2DA1DE38A67172FBCD5DF33538F31E308AF67F4AE3E529A8CDCD2DC584D98A7964C06815425CB097A79101A9E1EC775A38E3A176B11C6D1B8D8CDDCFC2E0B33DC3B63F0CF0B9C82368986C7FC40F3CF066C50C898C5C396097054F7804612C47177B240A0DBDBFAEA73777&amp;p_error_code=&amp;p_submit_url=https%3A%2F%2Flogin-pre.sge%2Fsso%2Fauth&amp;p_cancel_url=https%3A%2F%2Fpreproduccion.sge&amp;ssousername=&amp;subscribername=</url>
</httpSample>
<httpSample t="15" lt="15" ts="1298631929499" s="false" lb="/gepa/BusquedaAction.do" rc="500" by="778">
  <responseHeader class="java.lang.String">HTTP/1.0 500 Internal Server Error
Date: Fri, 25 Feb 2011 11:05:29 GMT
Server: Oracle-Application-Server-10g/10.1.2.2.0 Oracle-HTTP-Server
Content-Type: text/html; charset=iso-8859-1
</responseHeader>
  <requestHeader class="java.lang.String">Content-Type: application/x-www-form-urlencoded
Accept-Language: es-ES
Accept: image/jpeg, application/x-ms-application, image/gif, application/xaml+xml, image/pjpeg, application/x-ms-xbap, application/vnd.ms-powerpoint, application/vnd.ms-excel, application/msword, */*
User-Agent: Mozilla/4.0 (compatible; MSIE 7.0; Windows NT 6.1; Trident/4.0; SLCC2; .NET CLR 2.0.50727; .NET CLR 3.5.30729; .NET CLR 3.0.30729; Media Center PC 6.0; MDDS; .NET4.0C)
Accept-Encoding: gzip, deflate
Referer: http://picasso:8888/gepa/ConexionAction.do;jsessionid=eb634fe5b58b0bcb96508261e275709f9c8e236e3e15aeb347f0741aac2dda55
Pragma: no-cache
</requestHeader>
  <cookies class="java.lang.String"></cookies>
  <method class="java.lang.String">POST</method>
  <queryString class="java.lang.String">accion=buscar&amp;modo=rapida&amp;avanzadaDesplegada=false&amp;descElemPesado=&amp;identificacionRapida=&amp;nombreRapida=&amp;apellido1Rapida=&amp;apellido2Rapida=&amp;anyoRapida=&amp;numeroRapida=&amp;desdeRapida=&amp;hastaRapida=&amp;tramiteRapida=-1&amp;estadoRapida=-1&amp;idBusqueda=-1&amp;idClases=26&amp;metaTipo0=STRING&amp;metaTipo1=STRING&amp;metaTipo2=LISTA&amp;metaTipo3=STRING&amp;metaTipo4=LISTA_PESADA&amp;metaTipo5=STRING&amp;metaTipo6=LISTA&amp;metaTipo7=STRING&amp;metaTipo8=STRING&amp;metaTipo9=STRING&amp;metaTipo10=STRING&amp;metaTipo11=STRING&amp;metaTipo12=STRING&amp;metaTipo13=LISTA&amp;metaTipo14=STRING&amp;metaTipo15=TIMESTAMP&amp;metaTipo16=TIMESTAMP&amp;metaTipo17=TIMESTAMP&amp;metaTipo18=LISTA&amp;metaTipo19=LISTA_PESADA&amp;metaTipo20=STRING&amp;metaTipo21=STRING&amp;metaTipo22=STRING&amp;metaTipo23=STRING&amp;metaTipo24=STRING&amp;metaTipo25=LISTA_PESADA&amp;metaTipo26=LISTA&amp;metaTipo27=STRING&amp;metaTipo28=LISTA&amp;metaTipo29=STRING&amp;metaTipo30=STRING&amp;metaTipo31=INTEGER&amp;metaTipo32=STRING&amp;metaTipo33=STRING&amp;metaTipo34=STRING&amp;metaTipo35=LISTA&amp;metaTipo36=LISTA&amp;metaTipo37=LISTA&amp;metaTipo38=STRING&amp;metaTipo39=SEPARADOR&amp;metaTipo40=BOOLEAN&amp;metaTipo41=STRING&amp;metaTipo42=STRING&amp;metaTipo43=STRING&amp;metaTipo44=LISTA&amp;metaTipo45=BOOLEAN&amp;metaTipo46=BOOLEAN&amp;metaTipo47=BOOLEAN&amp;metaTipo48=STRING&amp;metaTipo49=TIMESTAMP&amp;metaTipo50=TIMESTAMP&amp;metaTipo51=TIMESTAMP&amp;metaTipo52=TIMESTAMP&amp;metaTipo53=TIMESTAMP&amp;metaTipo54=TIMESTAMP&amp;metaTipo55=TIMESTAMP&amp;metaTipo56=TIMESTAMP&amp;metaTipo57=TIMESTAMP&amp;metaTipo58=TIMESTAMP&amp;metaTipo59=TIMESTAMP&amp;metaTipo60=TIMESTAMP&amp;metaTipo61=TIMESTAMP&amp;metaTipo62=TIMESTAMP&amp;metaTipo63=TIMESTAMP&amp;metaTipo64=LISTA&amp;metaTipo65=LISTA&amp;metaTipo66=LISTA&amp;metaTipo67=DOUBLE&amp;metaTipo68=DOUBLE&amp;metaTipo69=DOUBLE&amp;metaTipo70=DOUBLE&amp;metaTipo71=DOUBLE&amp;metaTipo72=DOUBLE&amp;metaTipo73=DOUBLE&amp;metaTipo74=BOOLEAN&amp;metaTipo75=LISTA&amp;metaTipo76=STRING&amp;metaTipo77=STRING&amp;metaTipo78=STRING&amp;metaTipo79=STRING&amp;metaTipo80=STRING&amp;metaTipo81=STRING&amp;metaTipo82=STRING&amp;metaTipo83=BOOLEAN&amp;metaTipo84=BOOLEAN&amp;metaTipo85=STRING&amp;metaTipo86=LISTA&amp;metaTipo87=LISTA&amp;metaTipo88=LISTA_PESADA&amp;metaTipo89=LISTA&amp;metaTipo90=LISTA&amp;metaTipo91=STRING&amp;metaTipo92=LISTA&amp;metaTipo93=STRING&amp;metaTipo94=STRING&amp;metaTipo95=LISTA&amp;metaTipo96=LISTA&amp;metaTipo97=LISTA&amp;metaTipo98=BOOLEAN&amp;metaTipo99=LISTA&amp;metaTipo100=BOOLEAN&amp;metaTipo101=LISTA&amp;metaTipo102=LISTA&amp;metaTipo103=BOOLEAN&amp;metaTipo104=BOOLEAN&amp;metaTipo105=LISTA&amp;metaTipo106=LISTA&amp;metaTipo107=LISTA&amp;metaTipo108=LISTA&amp;metaTipo109=LISTA&amp;metaTipo110=STRING&amp;metaTipo111=LISTA&amp;valor=&amp;valorPesado=&amp;lista37=-1&amp;lista36=-1&amp;lista35=-1&amp;lista99=-1&amp;lista109=-1&amp;lista66=-1&amp;lista98=-1&amp;lista108=-1&amp;lista65=-1&amp;lista97=-1&amp;lista107=-1&amp;lista64=-1&amp;lista96=-1&amp;lista106=-1&amp;lista95=-1&amp;lista105=-1&amp;lista104=-1&amp;lista92=-1&amp;lista103=-1&amp;lista102=-1&amp;lista90=-1&amp;lista101=-1&amp;lista100=-1&amp;lista28=-1&amp;lista26=-1&amp;lista89=-1&amp;lista87=-1&amp;lista86=-1&amp;lista6=-1&amp;lista84=-1&amp;lista83=-1&amp;lista2=-1&amp;lista18=-1&amp;lista47=-1&amp;lista46=-1&amp;lista13=-1&amp;lista45=-1&amp;lista44=-1&amp;lista75=-1&amp;lista74=-1&amp;lista40=-1&amp;lista111=-1</queryString>
  <url>https://preproduccion.sge:443/gepa/BusquedaAction.do</url>
</httpSample>
<httpSample t="188" lt="0" ts="1298631929514" s="true" lb="/gepa/scripts/scriptaculous/scriptaculous.js" rc="200" by="5068">
  <responseHeader class="java.lang.String">HTTP/1.0 200 OK
Date: Fri, 25 Feb 2011 11:05:29 GMT
Server: Oracle-Application-Server-10g/10.1.2.2.0 Oracle-HTTP-Server
Content-Length: 5068
Set-Cookie: JSESSIONID=ca24c307f8612422f7080f49bf6662ef939c9d50c1e7e8b4831a4e507d76c827.e38Ob3aOaheRe34Mb3qSax0Pahz0nR9Pq6XteP93; path=/login
Content-Type: text/html; charset=ISO-8859-1
</responseHeader>
  <requestHeader class="java.lang.String">Accept-Language: es-ES
Accept: */*
User-Agent: Mozilla/4.0 (compatible; MSIE 7.0; Windows NT 6.1; Trident/4.0; SLCC2; .NET CLR 2.0.50727; .NET CLR 3.5.30729; .NET CLR 3.0.30729; Media Center PC 6.0; MDDS; .NET4.0C)
Accept-Encoding: gzip, deflate
Referer: http://picasso:8888/gepa/BusquedaAction.do
</requestHeader>
  <cookies class="java.lang.String"></cookies>
  <method class="java.lang.String">GET</method>
  <queryString class="java.lang.String"></queryString>
  <redirectLocation class="java.lang.String">https://login-pre.sge/pls/orasso/orasso.wwsso_app_admin.ls_login?Site2pstoreToken=v1.4~CEF0A91F~0C8B680B0A8ABD75A212B71F920E03042F873A552DDEFBD994E2AB4A72DFD0A2DC76E0A218948DD2DB3D9A9D2B0622C06E3AB9531BAC9B36E7DE117508853111A0BF09DE79A185FCFB51776185ED829CB8EDA4D974D25E0F34446F5DA53A2E4D37E375450502B4E1F7275A8FEFCD27EA16CF281FD2B79CEA5C3C2D5F174936C2C1E57A9D3F1C29793B338DEC490B3E1E381C4F1859632D6528CD2411DF4D20868DB5C749CC2DA1DE38A67172FBCD5DF33538F31E308AF67F4AE3E529A8CDCD2DC584D98A7964C06815425CB097A79101A9E1EC775A38E3A176B11C6D1B8D8CDDCFC2E0B33DC3B63F0CF0B9C82368986C7FC40F3CF066C50C898C5C396097054F7804612C47177B240A0DBDBFAEA73777</redirectLocation>
  <url>https://preproduccion.sge/login/login.jsp?site2pstoretoken=v1.4~CEF0A91F~0C8B680B0A8ABD75A212B71F920E03042F873A552DDEFBD994E2AB4A72DFD0A2DC76E0A218948DD2DB3D9A9D2B0622C06E3AB9531BAC9B36E7DE117508853111A0BF09DE79A185FCFB51776185ED829CB8EDA4D974D25E0F34446F5DA53A2E4D37E375450502B4E1F7275A8FEFCD27EA16CF281FD2B79CEA5C3C2D5F174936C2C1E57A9D3F1C29793B338DEC490B3E1E381C4F1859632D6528CD2411DF4D20868DB5C749CC2DA1DE38A67172FBCD5DF33538F31E308AF67F4AE3E529A8CDCD2DC584D98A7964C06815425CB097A79101A9E1EC775A38E3A176B11C6D1B8D8CDDCFC2E0B33DC3B63F0CF0B9C82368986C7FC40F3CF066C50C898C5C396097054F7804612C47177B240A0DBDBFAEA73777&amp;p_error_code=&amp;p_submit_url=https%3A%2F%2Flogin-pre.sge%2Fsso%2Fauth&amp;p_cancel_url=https%3A%2F%2Fpreproduccion.sge&amp;ssousername=&amp;subscribername=</url>
</httpSample>
<httpSample t="172" lt="0" ts="1298631929702" s="true" lb="/gepa/ResultadoBusquedaAction.do" rc="200" by="5004">
  <responseHeader class="java.lang.String">HTTP/1.0 200 OK
Date: Fri, 25 Feb 2011 11:05:29 GMT
Server: Oracle-Application-Server-10g/10.1.2.2.0 Oracle-HTTP-Server
Content-Length: 5004
Set-Cookie: JSESSIONID=e659cd3bc0ab5bad623032bcd9640da381896414471f021fbc5dac11649b04bd.e3eSbhiLaNyPe3yNbNyQc3qSai1BqBjKpPXxqAa; path=/login
Content-Type: text/html; charset=ISO-8859-1
</responseHeader>
  <requestHeader class="java.lang.String">Accept-Language: es-ES
Accept: image/jpeg, application/x-ms-application, image/gif, application/xaml+xml, image/pjpeg, application/x-ms-xbap, application/vnd.ms-powerpoint, application/vnd.ms-excel, application/msword, */*
User-Agent: Mozilla/4.0 (compatible; MSIE 7.0; Windows NT 6.1; Trident/4.0; SLCC2; .NET CLR 2.0.50727; .NET CLR 3.5.30729; .NET CLR 3.0.30729; Media Center PC 6.0; MDDS; .NET4.0C)
Accept-Encoding: gzip, deflate
Referer: http://picasso:8888/gepa/BusquedaAction.do
</requestHeader>
  <cookies class="java.lang.String"></cookies>
  <method class="java.lang.String">GET</method>
  <queryString class="java.lang.String"></queryString>
  <redirectLocation class="java.lang.String">https://login-pre.sge/pls/orasso/orasso.wwsso_app_admin.ls_login?Site2pstoreToken=v1.4~CEF0A91F~0C8B680B0A8ABD75A212B71F920E03042F873A552DDEFBD994E2AB4A72DFD0A2DC76E0A218948DD2DB3D9A9D2B0622C06E3AB9531BAC9B36E7DE117508853111A0BF09DE79A185FCFB51776185ED829CB8EDA4D974D25E0F34446F5DA53A2E4D426EAEDE3C8189B57AA02F82200DA7D6E9A7960BFA61BA30C41F2D5DB3548C141EF167226EEDA974EDB4460B52100A9AD3A5B136A9ACE0A0C3F3AEF779395D07189F7035B3B57789DEDD803E9E97C653C53E48EAD6EE05875FF15BF01EE2FD9148BF92607CA4B8E12157631A0C6138B87C04523DBAED7E8F29496A3B241BF590F75B251E65AE94B86BBDA46192B86F8D0AA6F4EDD9F52B34A9BF2A479D9979FE</redirectLocation>
  <url>https://preproduccion.sge/login/login.jsp?site2pstoretoken=v1.4~CEF0A91F~0C8B680B0A8ABD75A212B71F920E03042F873A552DDEFBD994E2AB4A72DFD0A2DC76E0A218948DD2DB3D9A9D2B0622C06E3AB9531BAC9B36E7DE117508853111A0BF09DE79A185FCFB51776185ED829CB8EDA4D974D25E0F34446F5DA53A2E4D426EAEDE3C8189B57AA02F82200DA7D6E9A7960BFA61BA30C41F2D5DB3548C141EF167226EEDA974EDB4460B52100A9AD3A5B136A9ACE0A0C3F3AEF779395D07189F7035B3B57789DEDD803E9E97C653C53E48EAD6EE05875FF15BF01EE2FD9148BF92607CA4B8E12157631A0C6138B87C04523DBAED7E8F29496A3B241BF590F75B251E65AE94B86BBDA46192B86F8D0AA6F4EDD9F52B34A9BF2A479D9979FE&amp;p_error_code=&amp;p_submit_url=https%3A%2F%2Flogin-pre.sge%2Fsso%2Fauth&amp;p_cancel_url=https%3A%2F%2Fpreproduccion.sge&amp;ssousername=&amp;subscribername=</url>
</httpSample>
<httpSample t="187" lt="0" ts="1298631929874" s="true" lb="/gepa/scripts/scriptaculous/scriptaculous.js" rc="200" by="5068">
  <responseHeader class="java.lang.String">HTTP/1.0 200 OK
Date: Fri, 25 Feb 2011 11:05:29 GMT
Server: Oracle-Application-Server-10g/10.1.2.2.0 Oracle-HTTP-Server
Content-Length: 5068
Set-Cookie: JSESSIONID=7ce74ff0bf0f558cee186f1d9678eb3be548c973594d68d4c8234803dbb79c65.e38Ob3aOaheRe34Mb3qSax0Pahz0nR9Pq6XteP93; path=/login
Content-Type: text/html; charset=ISO-8859-1
</responseHeader>
  <requestHeader class="java.lang.String">Accept-Language: es-ES
Accept: */*
User-Agent: Mozilla/4.0 (compatible; MSIE 7.0; Windows NT 6.1; Trident/4.0; SLCC2; .NET CLR 2.0.50727; .NET CLR 3.5.30729; .NET CLR 3.0.30729; Media Center PC 6.0; MDDS; .NET4.0C)
Accept-Encoding: gzip, deflate
Referer: http://picasso:8888/gepa/ResultadoBusquedaAction.do?accion=gestionExp&amp;indice=0
</requestHeader>
  <cookies class="java.lang.String"></cookies>
  <method class="java.lang.String">GET</method>
  <queryString class="java.lang.String"></queryString>
  <redirectLocation class="java.lang.String">https://login-pre.sge/pls/orasso/orasso.wwsso_app_admin.ls_login?Site2pstoreToken=v1.4~CEF0A91F~0C8B680B0A8ABD75A212B71F920E03042F873A552DDEFBD994E2AB4A72DFD0A2DC76E0A218948DD2DB3D9A9D2B0622C06E3AB9531BAC9B36E7DE117508853111A0BF09DE79A185FCFB51776185ED829CB8EDA4D974D25E0F34446F5DA53A2E4D37E375450502B4E1F7275A8FEFCD27EA16CF281FD2B79CEA5C3C2D5F174936C2C1E57A9D3F1C29793B338DEC490B3E1E381C4F1859632D6528CD2411DF4D20868DB5C749CC2DA1DE38A67172FBCD5DF33538F31E308AF67F4AE3E529A8CDCD2DC584D98A7964C06815425CB097A79101A9E1EC775A38E3A176B11C6D1B8D8CDDCFC2E0B33DC3B63F0CF0B9C82368986C7FC40F3CF066C50C898C5C396097054F7804612C47177B240A0DBDBFAEA73777</redirectLocation>
  <url>https://preproduccion.sge/login/login.jsp?site2pstoretoken=v1.4~CEF0A91F~0C8B680B0A8ABD75A212B71F920E03042F873A552DDEFBD994E2AB4A72DFD0A2DC76E0A218948DD2DB3D9A9D2B0622C06E3AB9531BAC9B36E7DE117508853111A0BF09DE79A185FCFB51776185ED829CB8EDA4D974D25E0F34446F5DA53A2E4D37E375450502B4E1F7275A8FEFCD27EA16CF281FD2B79CEA5C3C2D5F174936C2C1E57A9D3F1C29793B338DEC490B3E1E381C4F1859632D6528CD2411DF4D20868DB5C749CC2DA1DE38A67172FBCD5DF33538F31E308AF67F4AE3E529A8CDCD2DC584D98A7964C06815425CB097A79101A9E1EC775A38E3A176B11C6D1B8D8CDDCFC2E0B33DC3B63F0CF0B9C82368986C7FC40F3CF066C50C898C5C396097054F7804612C47177B240A0DBDBFAEA73777&amp;p_error_code=&amp;p_submit_url=https%3A%2F%2Flogin-pre.sge%2Fsso%2Fauth&amp;p_cancel_url=https%3A%2F%2Fpreproduccion.sge&amp;ssousername=&amp;subscribername=</url>
</httpSample>
<httpSample t="203" lt="0" ts="1298631930061" s="true" lb="/gepa/ConexionAction.do" rc="200" by="5420">
  <responseHeader class="java.lang.String">HTTP/1.0 200 OK
Date: Fri, 25 Feb 2011 11:05:30 GMT
Server: Oracle-Application-Server-10g/10.1.2.2.0 Oracle-HTTP-Server
Content-Length: 5420
Set-Cookie: JSESSIONID=72647a0960c3b45f53a38f3c8affb42bdb6dcd69a511a00b7f61372c320ed034.e3eSbhiLaNyPe3yNbNyQc3qSai1BqBjKpPXxqAa; path=/login
Content-Type: text/html; charset=ISO-8859-1
</responseHeader>
  <requestHeader class="java.lang.String">Accept-Language: es
Accept: */*
User-Agent: Mozilla/4.0 (compatible; MSIE 7.0; Windows NT 6.1; Trident/4.0; SLCC2; .NET CLR 2.0.50727; .NET CLR 3.5.30729; .NET CLR 3.0.30729; Media Center PC 6.0; MDDS; .NET4.0C)
Accept-Encoding: gzip, deflate
</requestHeader>
  <cookies class="java.lang.String"></cookies>
  <method class="java.lang.String">GET</method>
  <queryString class="java.lang.String"></queryString>
  <redirectLocation class="java.lang.String">https://login-pre.sge/pls/orasso/orasso.wwsso_app_admin.ls_login?Site2pstoreToken=v1.4~CEF0A91F~F0B726E71233FDE39877B646771E72933385A34476C7BC3AE09103A00713AF849FE2FA97FDF6C1C8BEBCE574D7B86B0C321FF69EF1863966E671D6B8D098CD7D62F974266F38AB78577D3B22C3972ED6DDB4CC0C6013806E57205AFBDB17FC3F2C8175520A68ADD5D4290E6444155DDD60BE409A8B632E413A19B6E5C1EA47E5518437D66597F00AFE22DD0D7BCB9F2791942ED3DDBA2360A100DA3A668C8C86B7AD60979907212FDE59EA208E8D79A26BE162C8CC3555BF16216289477B176BD62AE978AF7E6933AE3CD0B6AB42204E9299B0CB6F65AA894801E455687DE486FBAB1A76C74AC033A91D2E6E44FB2817E4E94ADED58DC030EB25D6E68DD6C5A3487AF25E03A0EF3F0578FFB561A8E35A815824156B383F64F7B41C3461CC3748015719C62F1D1FEA74225F049F3AADDB92ADEF00586494177C051918B2F16667A36B30EBF1FC6A9276DF9147DA3383DA87FBA7C2A82DFDAC6CD015FA20D8FEFCACD416EEC0F7B887</redirectLocation>
  <url>https://preproduccion.sge/login/login.jsp?site2pstoretoken=v1.4~CEF0A91F~F0B726E71233FDE39877B646771E72933385A34476C7BC3AE09103A00713AF849FE2FA97FDF6C1C8BEBCE574D7B86B0C321FF69EF1863966E671D6B8D098CD7D62F974266F38AB78577D3B22C3972ED6DDB4CC0C6013806E57205AFBDB17FC3F2C8175520A68ADD5D4290E6444155DDD60BE409A8B632E413A19B6E5C1EA47E5518437D66597F00AFE22DD0D7BCB9F2791942ED3DDBA2360A100DA3A668C8C86B7AD60979907212FDE59EA208E8D79A26BE162C8CC3555BF16216289477B176BD62AE978AF7E6933AE3CD0B6AB42204E9299B0CB6F65AA894801E455687DE486FBAB1A76C74AC033A91D2E6E44FB2817E4E94ADED58DC030EB25D6E68DD6C5A3487AF25E03A0EF3F0578FFB561A8E35A815824156B383F64F7B41C3461CC3748015719C62F1D1FEA74225F049F3AADDB92ADEF00586494177C051918B2F16667A36B30EBF1FC6A9276DF9147DA3383DA87FBA7C2A82DFDAC6CD015FA20D8FEFCACD416EEC0F7B887&amp;p_error_code=&amp;p_submit_url=https%3A%2F%2Flogin-pre.sge%2Fsso%2Fauth&amp;p_cancel_url=https%3A%2F%2Fpreproduccion.sge&amp;ssousername=&amp;subscribername=</url>
</httpSample>
<httpSample t="188" lt="0" ts="1298631930264" s="true" lb="/gepa/scripts/scriptaculous/scriptaculous.js" rc="200" by="5100">
  <responseHeader class="java.lang.String">HTTP/1.0 200 OK
Date: Fri, 25 Feb 2011 11:05:30 GMT
Server: Oracle-Application-Server-10g/10.1.2.2.0 Oracle-HTTP-Server
Content-Length: 5100
Set-Cookie: JSESSIONID=63157237f3563464cdb5b24c2b43ed32e6dca7699b948b2f2146875f2df702fe.e38Ob3aOaheRe34Mb3qSax0Pahz0nR9Pq6XteP93; path=/login
Content-Type: text/html; charset=ISO-8859-1
</responseHeader>
  <requestHeader class="java.lang.String">Accept-Language: es-ES
Accept: */*
User-Agent: Mozilla/4.0 (compatible; MSIE 7.0; Windows NT 6.1; Trident/4.0; SLCC2; .NET CLR 2.0.50727; .NET CLR 3.5.30729; .NET CLR 3.0.30729; Media Center PC 6.0; MDDS; .NET4.0C)
Accept-Encoding: gzip, deflate
Referer: http://picasso:8888/gepa/ConexionAction.do?POSTDATA=variosPerfiles=true&amp;accion=iniciar&amp;codigoEntidad=DYS&amp;codigo=jcnegredo&amp;contrasenya=dysmatica&amp;rolSeleccionado=25
</requestHeader>
  <cookies class="java.lang.String"></cookies>
  <method class="java.lang.String">GET</method>
  <queryString class="java.lang.String"></queryString>
  <redirectLocation class="java.lang.String">https://login-pre.sge/pls/orasso/orasso.wwsso_app_admin.ls_login?Site2pstoreToken=v1.4~CEF0A91F~F0B726E71233FDE39877B646771E72933385A34476C7BC3AE09103A00713AF849FE2FA97FDF6C1C8BEBCE574D7B86B0C321FF69EF1863966E671D6B8D098CD7D62F974266F38AB78577D3B22C3972ED6DDB4CC0C6013806E57205AFBDB17FC3F6D4E660092AC45E417555F08963682E14839287A3900F4CA42D4D71E296DE4A0EA05C434B083897E7726801A7888B0642FF363E406E3E6EBECBB72917CD52D9C9135BDEDBDD3ADDDF7890595E855822A12058F93408EBB0EF7DEEAD1A2356ADA14DF40BF7C1E96F0FD6E0D0E63D45EC289A807C4995BFA4A0DC7E872A62B8B09A7CC820A7B62C20C2FEC1132E657F93D8653A3156F3725D52C7ED9FF8C59041507DB81C1D73E8053F7C01A583C9B3BCF4F6653D78B137EB1</redirectLocation>
  <url>https://preproduccion.sge/login/login.jsp?site2pstoretoken=v1.4~CEF0A91F~F0B726E71233FDE39877B646771E72933385A34476C7BC3AE09103A00713AF849FE2FA97FDF6C1C8BEBCE574D7B86B0C321FF69EF1863966E671D6B8D098CD7D62F974266F38AB78577D3B22C3972ED6DDB4CC0C6013806E57205AFBDB17FC3F6D4E660092AC45E417555F08963682E14839287A3900F4CA42D4D71E296DE4A0EA05C434B083897E7726801A7888B0642FF363E406E3E6EBECBB72917CD52D9C9135BDEDBDD3ADDDF7890595E855822A12058F93408EBB0EF7DEEAD1A2356ADA14DF40BF7C1E96F0FD6E0D0E63D45EC289A807C4995BFA4A0DC7E872A62B8B09A7CC820A7B62C20C2FEC1132E657F93D8653A3156F3725D52C7ED9FF8C59041507DB81C1D73E8053F7C01A583C9B3BCF4F6653D78B137EB1&amp;p_error_code=&amp;p_submit_url=https%3A%2F%2Flogin-pre.sge%2Fsso%2Fauth&amp;p_cancel_url=https%3A%2F%2Fpreproduccion.sge&amp;ssousername=&amp;subscribername=</url>
</httpSample>
<httpSample t="15" lt="15" ts="1298631930452" s="false" lb="/gepa/ConexionAction.do;jsessionid=eb634fe5b58b0bcb96508261e275709f9c8e236e3e15aeb347f0741aac2dda55" rc="500" by="778">
  <responseHeader class="java.lang.String">HTTP/1.0 500 Internal Server Error
Date: Fri, 25 Feb 2011 11:05:30 GMT
Server: Oracle-Application-Server-10g/10.1.2.2.0 Oracle-HTTP-Server
Content-Type: text/html; charset=iso-8859-1
</responseHeader>
  <requestHeader class="java.lang.String">Content-Type: application/x-www-form-urlencoded
Accept-Language: es-ES
Accept: image/jpeg, application/x-ms-application, image/gif, application/xaml+xml, image/pjpeg, application/x-ms-xbap, application/vnd.ms-powerpoint, application/vnd.ms-excel, application/msword, */*
User-Agent: Mozilla/4.0 (compatible; MSIE 7.0; Windows NT 6.1; Trident/4.0; SLCC2; .NET CLR 2.0.50727; .NET CLR 3.5.30729; .NET CLR 3.0.30729; Media Center PC 6.0; MDDS; .NET4.0C)
Accept-Encoding: gzip, deflate
Referer: http://picasso:8888/gepa/ConexionAction.do?POSTDATA=variosPerfiles=true&amp;accion=iniciar&amp;codigoEntidad=DYS&amp;codigo=jcnegredo&amp;contrasenya=dysmatica&amp;rolSeleccionado=25
Pragma: no-cache
</requestHeader>
  <cookies class="java.lang.String"></cookies>
  <method class="java.lang.String">POST</method>
  <queryString class="java.lang.String">variosPerfiles=true&amp;accion=seleccionarPerfil&amp;codigoEntidad=DYS&amp;rolSeleccionado=25</queryString>
  <url>https://preproduccion.sge:443/gepa/ConexionAction.do;jsessionid=eb634fe5b58b0bcb96508261e275709f9c8e236e3e15aeb347f0741aac2dda55</url>
</httpSample>
<httpSample t="188" lt="0" ts="1298631930467" s="true" lb="/gepa/scripts/scriptaculous/scriptaculous.js" rc="200" by="5100">
  <responseHeader class="java.lang.String">HTTP/1.0 200 OK
Date: Fri, 25 Feb 2011 11:05:30 GMT
Server: Oracle-Application-Server-10g/10.1.2.2.0 Oracle-HTTP-Server
Content-Length: 5100
Set-Cookie: JSESSIONID=f502ae9883d485f4f4b732d620d91f43f38af93d4e83e5b2357756afc6f90bd3.e38Ob3aOaheRe34Mb3qSax0Pahz0nR9Pq6XteP93; path=/login
Content-Type: text/html; charset=ISO-8859-1
</responseHeader>
  <requestHeader class="java.lang.String">Accept-Language: es-ES
Accept: */*
User-Agent: Mozilla/4.0 (compatible; MSIE 7.0; Windows NT 6.1; Trident/4.0; SLCC2; .NET CLR 2.0.50727; .NET CLR 3.5.30729; .NET CLR 3.0.30729; Media Center PC 6.0; MDDS; .NET4.0C)
Accept-Encoding: gzip, deflate
Referer: http://picasso:8888/gepa/ConexionAction.do;jsessionid=eb634fe5b58b0bcb96508261e275709f9c8e236e3e15aeb347f0741aac2dda55
</requestHeader>
  <cookies class="java.lang.String"></cookies>
  <method class="java.lang.String">GET</method>
  <queryString class="java.lang.String"></queryString>
  <redirectLocation class="java.lang.String">https://login-pre.sge/pls/orasso/orasso.wwsso_app_admin.ls_login?Site2pstoreToken=v1.4~CEF0A91F~F0B726E71233FDE39877B646771E72933385A34476C7BC3AE09103A00713AF849FE2FA97FDF6C1C8BEBCE574D7B86B0C321FF69EF1863966E671D6B8D098CD7D62F974266F38AB78577D3B22C3972ED6DDB4CC0C6013806E57205AFBDB17FC3F6D4E660092AC45E417555F08963682E14839287A3900F4CA42D4D71E296DE4A0EA05C434B083897E7726801A7888B0642FF363E406E3E6EBECBB72917CD52D9C9135BDEDBDD3ADDDF7890595E855822A12058F93408EBB0EF7DEEAD1A2356ADA14DF40BF7C1E96F0FD6E0D0E63D45EC289A807C4995BFA4A0DC7E872A62B8B09A7CC820A7B62C20C2FEC1132E657F93D8653A3156F3725D52C7ED9FF8C59041507DB81C1D73E8053F7C01A583C9B3BCF4F6653D78B137EB1</redirectLocation>
  <url>https://preproduccion.sge/login/login.jsp?site2pstoretoken=v1.4~CEF0A91F~F0B726E71233FDE39877B646771E72933385A34476C7BC3AE09103A00713AF849FE2FA97FDF6C1C8BEBCE574D7B86B0C321FF69EF1863966E671D6B8D098CD7D62F974266F38AB78577D3B22C3972ED6DDB4CC0C6013806E57205AFBDB17FC3F6D4E660092AC45E417555F08963682E14839287A3900F4CA42D4D71E296DE4A0EA05C434B083897E7726801A7888B0642FF363E406E3E6EBECBB72917CD52D9C9135BDEDBDD3ADDDF7890595E855822A12058F93408EBB0EF7DEEAD1A2356ADA14DF40BF7C1E96F0FD6E0D0E63D45EC289A807C4995BFA4A0DC7E872A62B8B09A7CC820A7B62C20C2FEC1132E657F93D8653A3156F3725D52C7ED9FF8C59041507DB81C1D73E8053F7C01A583C9B3BCF4F6653D78B137EB1&amp;p_error_code=&amp;p_submit_url=https%3A%2F%2Flogin-pre.sge%2Fsso%2Fauth&amp;p_cancel_url=https%3A%2F%2Fpreproduccion.sge&amp;ssousername=&amp;subscribername=</url>
</httpSample>
<httpSample t="16" lt="16" ts="1298631930670" s="false" lb="/gepa/BusquedaAction.do" rc="500" by="778">
  <responseHeader class="java.lang.String">HTTP/1.0 500 Internal Server Error
Date: Fri, 25 Feb 2011 11:05:30 GMT
Server: Oracle-Application-Server-10g/10.1.2.2.0 Oracle-HTTP-Server
Content-Type: text/html; charset=iso-8859-1
</responseHeader>
  <requestHeader class="java.lang.String">Content-Type: application/x-www-form-urlencoded
Accept-Language: es-ES
Accept: image/jpeg, application/x-ms-application, image/gif, application/xaml+xml, image/pjpeg, application/x-ms-xbap, application/vnd.ms-powerpoint, application/vnd.ms-excel, application/msword, */*
User-Agent: Mozilla/4.0 (compatible; MSIE 7.0; Windows NT 6.1; Trident/4.0; SLCC2; .NET CLR 2.0.50727; .NET CLR 3.5.30729; .NET CLR 3.0.30729; Media Center PC 6.0; MDDS; .NET4.0C)
Accept-Encoding: gzip, deflate
Referer: http://picasso:8888/gepa/ConexionAction.do;jsessionid=eb634fe5b58b0bcb96508261e275709f9c8e236e3e15aeb347f0741aac2dda55
Pragma: no-cache
</requestHeader>
  <cookies class="java.lang.String"></cookies>
  <method class="java.lang.String">POST</method>
  <queryString class="java.lang.String">accion=buscar&amp;modo=rapida&amp;avanzadaDesplegada=false&amp;descElemPesado=&amp;identificacionRapida=&amp;nombreRapida=&amp;apellido1Rapida=&amp;apellido2Rapida=&amp;anyoRapida=&amp;numeroRapida=&amp;desdeRapida=&amp;hastaRapida=&amp;tramiteRapida=-1&amp;estadoRapida=-1&amp;idBusqueda=-1&amp;idClases=26&amp;metaTipo0=STRING&amp;metaTipo1=STRING&amp;metaTipo2=LISTA&amp;metaTipo3=STRING&amp;metaTipo4=LISTA_PESADA&amp;metaTipo5=STRING&amp;metaTipo6=LISTA&amp;metaTipo7=STRING&amp;metaTipo8=STRING&amp;metaTipo9=STRING&amp;metaTipo10=STRING&amp;metaTipo11=STRING&amp;metaTipo12=STRING&amp;metaTipo13=LISTA&amp;metaTipo14=STRING&amp;metaTipo15=TIMESTAMP&amp;metaTipo16=TIMESTAMP&amp;metaTipo17=TIMESTAMP&amp;metaTipo18=LISTA&amp;metaTipo19=LISTA_PESADA&amp;metaTipo20=STRING&amp;metaTipo21=STRING&amp;metaTipo22=STRING&amp;metaTipo23=STRING&amp;metaTipo24=STRING&amp;metaTipo25=LISTA_PESADA&amp;metaTipo26=LISTA&amp;metaTipo27=STRING&amp;metaTipo28=LISTA&amp;metaTipo29=STRING&amp;metaTipo30=STRING&amp;metaTipo31=INTEGER&amp;metaTipo32=STRING&amp;metaTipo33=STRING&amp;metaTipo34=STRING&amp;metaTipo35=LISTA&amp;metaTipo36=LISTA&amp;metaTipo37=LISTA&amp;metaTipo38=STRING&amp;metaTipo39=SEPARADOR&amp;metaTipo40=BOOLEAN&amp;metaTipo41=STRING&amp;metaTipo42=STRING&amp;metaTipo43=STRING&amp;metaTipo44=LISTA&amp;metaTipo45=BOOLEAN&amp;metaTipo46=BOOLEAN&amp;metaTipo47=BOOLEAN&amp;metaTipo48=STRING&amp;metaTipo49=TIMESTAMP&amp;metaTipo50=TIMESTAMP&amp;metaTipo51=TIMESTAMP&amp;metaTipo52=TIMESTAMP&amp;metaTipo53=TIMESTAMP&amp;metaTipo54=TIMESTAMP&amp;metaTipo55=TIMESTAMP&amp;metaTipo56=TIMESTAMP&amp;metaTipo57=TIMESTAMP&amp;metaTipo58=TIMESTAMP&amp;metaTipo59=TIMESTAMP&amp;metaTipo60=TIMESTAMP&amp;metaTipo61=TIMESTAMP&amp;metaTipo62=TIMESTAMP&amp;metaTipo63=TIMESTAMP&amp;metaTipo64=LISTA&amp;metaTipo65=LISTA&amp;metaTipo66=LISTA&amp;metaTipo67=DOUBLE&amp;metaTipo68=DOUBLE&amp;metaTipo69=DOUBLE&amp;metaTipo70=DOUBLE&amp;metaTipo71=DOUBLE&amp;metaTipo72=DOUBLE&amp;metaTipo73=DOUBLE&amp;metaTipo74=BOOLEAN&amp;metaTipo75=LISTA&amp;metaTipo76=STRING&amp;metaTipo77=STRING&amp;metaTipo78=STRING&amp;metaTipo79=STRING&amp;metaTipo80=STRING&amp;metaTipo81=STRING&amp;metaTipo82=STRING&amp;metaTipo83=BOOLEAN&amp;metaTipo84=BOOLEAN&amp;metaTipo85=STRING&amp;metaTipo86=LISTA&amp;metaTipo87=LISTA&amp;metaTipo88=LISTA_PESADA&amp;metaTipo89=LISTA&amp;metaTipo90=LISTA&amp;metaTipo91=STRING&amp;metaTipo92=LISTA&amp;metaTipo93=STRING&amp;metaTipo94=STRING&amp;metaTipo95=LISTA&amp;metaTipo96=LISTA&amp;metaTipo97=LISTA&amp;metaTipo98=BOOLEAN&amp;metaTipo99=LISTA&amp;metaTipo100=BOOLEAN&amp;metaTipo101=LISTA&amp;metaTipo102=LISTA&amp;metaTipo103=BOOLEAN&amp;metaTipo104=BOOLEAN&amp;metaTipo105=LISTA&amp;metaTipo106=LISTA&amp;metaTipo107=LISTA&amp;metaTipo108=LISTA&amp;metaTipo109=LISTA&amp;metaTipo110=STRING&amp;metaTipo111=LISTA&amp;valor=&amp;valorPesado=&amp;lista37=-1&amp;lista36=-1&amp;lista35=-1&amp;lista99=-1&amp;lista109=-1&amp;lista66=-1&amp;lista98=-1&amp;lista108=-1&amp;lista65=-1&amp;lista97=-1&amp;lista107=-1&amp;lista64=-1&amp;lista96=-1&amp;lista106=-1&amp;lista95=-1&amp;lista105=-1&amp;lista104=-1&amp;lista92=-1&amp;lista103=-1&amp;lista102=-1&amp;lista90=-1&amp;lista101=-1&amp;lista100=-1&amp;lista28=-1&amp;lista26=-1&amp;lista89=-1&amp;lista87=-1&amp;lista86=-1&amp;lista6=-1&amp;lista84=-1&amp;lista83=-1&amp;lista2=-1&amp;lista18=-1&amp;lista47=-1&amp;lista46=-1&amp;lista13=-1&amp;lista45=-1&amp;lista44=-1&amp;lista75=-1&amp;lista74=-1&amp;lista40=-1&amp;lista111=-1</queryString>
  <url>https://preproduccion.sge:443/gepa/BusquedaAction.do</url>
</httpSample>
<httpSample t="172" lt="0" ts="1298631930686" s="true" lb="/gepa/scripts/scriptaculous/scriptaculous.js" rc="200" by="5100">
  <responseHeader class="java.lang.String">HTTP/1.0 200 OK
Date: Fri, 25 Feb 2011 11:05:30 GMT
Server: Oracle-Application-Server-10g/10.1.2.2.0 Oracle-HTTP-Server
Content-Length: 5100
Set-Cookie: JSESSIONID=0cf4de7ab9f7e8eb7968bd33e1ccf8d43203ed7607c672b396f4d53c3b6be45b.e3eSbhiLaNyPe3yNbNyQc3qSai1BqBjKpPXxqAa; path=/login
Content-Type: text/html; charset=ISO-8859-1
</responseHeader>
  <requestHeader class="java.lang.String">Accept-Language: es-ES
Accept: */*
User-Agent: Mozilla/4.0 (compatible; MSIE 7.0; Windows NT 6.1; Trident/4.0; SLCC2; .NET CLR 2.0.50727; .NET CLR 3.5.30729; .NET CLR 3.0.30729; Media Center PC 6.0; MDDS; .NET4.0C)
Accept-Encoding: gzip, deflate
Referer: http://picasso:8888/gepa/BusquedaAction.do
</requestHeader>
  <cookies class="java.lang.String"></cookies>
  <method class="java.lang.String">GET</method>
  <queryString class="java.lang.String"></queryString>
  <redirectLocation class="java.lang.String">https://login-pre.sge/pls/orasso/orasso.wwsso_app_admin.ls_login?Site2pstoreToken=v1.4~CEF0A91F~F0B726E71233FDE39877B646771E72933385A34476C7BC3AE09103A00713AF849FE2FA97FDF6C1C8BEBCE574D7B86B0C321FF69EF1863966E671D6B8D098CD7D62F974266F38AB78577D3B22C3972ED6DDB4CC0C6013806E57205AFBDB17FC3F6D4E660092AC45E417555F08963682E14839287A3900F4CA42D4D71E296DE4A0EA05C434B083897E7726801A7888B0642FF363E406E3E6EBECBB72917CD52D9C9135BDEDBDD3ADDDF7890595E855822A12058F93408EBB0EF7DEEAD1A2356ADA14DF40BF7C1E96F0FD6E0D0E63D45EC289A807C4995BFA4A0DC7E872A62B8B09A7CC820A7B62C20C2FEC1132E657F93D8653A3156F3725D52C7ED9FF8C59041507DB81C1D73E8053F7C01A583C9B3BCF4F6653D78B137EB1</redirectLocation>
  <url>https://preproduccion.sge/login/login.jsp?site2pstoretoken=v1.4~CEF0A91F~F0B726E71233FDE39877B646771E72933385A34476C7BC3AE09103A00713AF849FE2FA97FDF6C1C8BEBCE574D7B86B0C321FF69EF1863966E671D6B8D098CD7D62F974266F38AB78577D3B22C3972ED6DDB4CC0C6013806E57205AFBDB17FC3F6D4E660092AC45E417555F08963682E14839287A3900F4CA42D4D71E296DE4A0EA05C434B083897E7726801A7888B0642FF363E406E3E6EBECBB72917CD52D9C9135BDEDBDD3ADDDF7890595E855822A12058F93408EBB0EF7DEEAD1A2356ADA14DF40BF7C1E96F0FD6E0D0E63D45EC289A807C4995BFA4A0DC7E872A62B8B09A7CC820A7B62C20C2FEC1132E657F93D8653A3156F3725D52C7ED9FF8C59041507DB81C1D73E8053F7C01A583C9B3BCF4F6653D78B137EB1&amp;p_error_code=&amp;p_submit_url=https%3A%2F%2Flogin-pre.sge%2Fsso%2Fauth&amp;p_cancel_url=https%3A%2F%2Fpreproduccion.sge&amp;ssousername=&amp;subscribername=</url>
</httpSample>
<httpSample t="188" lt="0" ts="1298631930873" s="true" lb="/gepa/ResultadoBusquedaAction.do" rc="200" by="5004">
  <responseHeader class="java.lang.String">HTTP/1.0 200 OK
Date: Fri, 25 Feb 2011 11:05:30 GMT
Server: Oracle-Application-Server-10g/10.1.2.2.0 Oracle-HTTP-Server
Content-Length: 5004
Set-Cookie: JSESSIONID=f12c64f58ba52e2d95bb2f81698296cc3911a7b01faa9f8b1dc2ff765d795c59.e38Ob3aOaheRe34Mb3qSax0Pahz0nR9Pq6XteP93; path=/login
Content-Type: text/html; charset=ISO-8859-1
</responseHeader>
  <requestHeader class="java.lang.String">Accept-Language: es-ES
Accept: image/jpeg, application/x-ms-application, image/gif, application/xaml+xml, image/pjpeg, application/x-ms-xbap, application/vnd.ms-powerpoint, application/vnd.ms-excel, application/msword, */*
User-Agent: Mozilla/4.0 (compatible; MSIE 7.0; Windows NT 6.1; Trident/4.0; SLCC2; .NET CLR 2.0.50727; .NET CLR 3.5.30729; .NET CLR 3.0.30729; Media Center PC 6.0; MDDS; .NET4.0C)
Accept-Encoding: gzip, deflate
Referer: http://picasso:8888/gepa/BusquedaAction.do
</requestHeader>
  <cookies class="java.lang.String"></cookies>
  <method class="java.lang.String">GET</method>
  <queryString class="java.lang.String"></queryString>
  <redirectLocation class="java.lang.String">https://login-pre.sge/pls/orasso/orasso.wwsso_app_admin.ls_login?Site2pstoreToken=v1.4~CEF0A91F~F0B726E71233FDE39877B646771E72933385A34476C7BC3AE09103A00713AF849FE2FA97FDF6C1C8BEBCE574D7B86B0C321FF69EF1863966E671D6B8D098CD7D62F974266F38AB78577D3B22C3972ED6DDB4CC0C6013806E57205AFBDB17FC3FE8E8F481EEA5BF663A6D4E75BC51131B8B53CF63133893C4C23DB9B3A1CF101A19BAE97754BF5CF7D20BD07C94871B10B7BB019834C97FF09D7D6F5BDD202835433F51986ABAFB740A7023F6D999941171BF7774E5D3DBC66BDFFD7B0E47B287787559CC6BC66301C5C2ECB99ACDD0961C140371CCDB96033D6918BAF930711DC29EDC5BA34524578EAC4A69D21B46CE54F07AF8ADCD6C6C4EC2F00394BC5C27</redirectLocation>
  <url>https://preproduccion.sge/login/login.jsp?site2pstoretoken=v1.4~CEF0A91F~F0B726E71233FDE39877B646771E72933385A34476C7BC3AE09103A00713AF849FE2FA97FDF6C1C8BEBCE574D7B86B0C321FF69EF1863966E671D6B8D098CD7D62F974266F38AB78577D3B22C3972ED6DDB4CC0C6013806E57205AFBDB17FC3FE8E8F481EEA5BF663A6D4E75BC51131B8B53CF63133893C4C23DB9B3A1CF101A19BAE97754BF5CF7D20BD07C94871B10B7BB019834C97FF09D7D6F5BDD202835433F51986ABAFB740A7023F6D999941171BF7774E5D3DBC66BDFFD7B0E47B287787559CC6BC66301C5C2ECB99ACDD0961C140371CCDB96033D6918BAF930711DC29EDC5BA34524578EAC4A69D21B46CE54F07AF8ADCD6C6C4EC2F00394BC5C27&amp;p_error_code=&amp;p_submit_url=https%3A%2F%2Flogin-pre.sge%2Fsso%2Fauth&amp;p_cancel_url=https%3A%2F%2Fpreproduccion.sge&amp;ssousername=&amp;subscribername=</url>
</httpSample>
<httpSample t="172" lt="0" ts="1298631931061" s="true" lb="/gepa/scripts/scriptaculous/scriptaculous.js" rc="200" by="5068">
  <responseHeader class="java.lang.String">HTTP/1.0 200 OK
Date: Fri, 25 Feb 2011 11:05:31 GMT
Server: Oracle-Application-Server-10g/10.1.2.2.0 Oracle-HTTP-Server
Content-Length: 5068
Set-Cookie: JSESSIONID=5d8c0cc72425e6fd1a9f7a8ed51d2e2b7f06578eeb9a0ef71c0a96483b829200.e3eSbhiLaNyPe3yNbNyQc3qSai1BqBjKpPXxqAa; path=/login
Content-Type: text/html; charset=ISO-8859-1
</responseHeader>
  <requestHeader class="java.lang.String">Accept-Language: es-ES
Accept: */*
User-Agent: Mozilla/4.0 (compatible; MSIE 7.0; Windows NT 6.1; Trident/4.0; SLCC2; .NET CLR 2.0.50727; .NET CLR 3.5.30729; .NET CLR 3.0.30729; Media Center PC 6.0; MDDS; .NET4.0C)
Accept-Encoding: gzip, deflate
Referer: http://picasso:8888/gepa/ResultadoBusquedaAction.do?accion=gestionExp&amp;indice=0
</requestHeader>
  <cookies class="java.lang.String"></cookies>
  <method class="java.lang.String">GET</method>
  <queryString class="java.lang.String"></queryString>
  <redirectLocation class="java.lang.String">https://login-pre.sge/pls/orasso/orasso.wwsso_app_admin.ls_login?Site2pstoreToken=v1.4~CEF0A91F~8592BE77B93D815DDD40D964E0F84D928F1EF155F1C311C088815AD2CCCCCA68D2B661F4A82C79F9E2076219D3252EC9D4818864A64D1EB9BD488E4AEADF8B7AE9C6BB44CE2A2B3595030A96F254C1AAC55721D50A0C8069903D258B67D3BFE154D37EBF9772D799523393DD3BF14368AA82B7B566252D066D0CD7A4A59F51DAB6572B6B004B9840AE9BC30DA8884885030EE6DCBAA9B3A5024046C02FB5749EE22CC1A0A825B6A71BF5D3EF617F2A6F74A0DFD94BD6C2E21948F3AE61203F0FFFE17B44C0F4E9AEA86F5E2E0F6BA8A30973466B3AEC88CD372D2637797CA254B6FD42622DF3D7EC1BBAE0558CC69DF59E82FF1211C2B0FF25CDC519A9710C97397A297B6F2A9073836AFCF46DB82A76</redirectLocation>
  <url>https://preproduccion.sge/login/login.jsp?site2pstoretoken=v1.4~CEF0A91F~8592BE77B93D815DDD40D964E0F84D928F1EF155F1C311C088815AD2CCCCCA68D2B661F4A82C79F9E2076219D3252EC9D4818864A64D1EB9BD488E4AEADF8B7AE9C6BB44CE2A2B3595030A96F254C1AAC55721D50A0C8069903D258B67D3BFE154D37EBF9772D799523393DD3BF14368AA82B7B566252D066D0CD7A4A59F51DAB6572B6B004B9840AE9BC30DA8884885030EE6DCBAA9B3A5024046C02FB5749EE22CC1A0A825B6A71BF5D3EF617F2A6F74A0DFD94BD6C2E21948F3AE61203F0FFFE17B44C0F4E9AEA86F5E2E0F6BA8A30973466B3AEC88CD372D2637797CA254B6FD42622DF3D7EC1BBAE0558CC69DF59E82FF1211C2B0FF25CDC519A9710C97397A297B6F2A9073836AFCF46DB82A76&amp;p_error_code=&amp;p_submit_url=https%3A%2F%2Flogin-pre.sge%2Fsso%2Fauth&amp;p_cancel_url=https%3A%2F%2Fpreproduccion.sge&amp;ssousername=&amp;subscribername=</url>
</httpSample>
<httpSample t="171" lt="0" ts="1298631931249" s="true" lb="/gepa/ConexionAction.do" rc="200" by="5388">
  <responseHeader class="java.lang.String">HTTP/1.0 200 OK
Date: Fri, 25 Feb 2011 11:05:31 GMT
Server: Oracle-Application-Server-10g/10.1.2.2.0 Oracle-HTTP-Server
Content-Length: 5388
Set-Cookie: JSESSIONID=28ae2709309273b2368707e1e841d1bd9a384e0468982e810c343ff74c052891.e38Ob3aOaheRe34Mb3qSax0Pahz0nR9Pq6XteP93; path=/login
Content-Type: text/html; charset=ISO-8859-1
</responseHeader>
  <requestHeader class="java.lang.String">Accept-Language: es
Accept: */*
User-Agent: Mozilla/4.0 (compatible; MSIE 7.0; Windows NT 6.1; Trident/4.0; SLCC2; .NET CLR 2.0.50727; .NET CLR 3.5.30729; .NET CLR 3.0.30729; Media Center PC 6.0; MDDS; .NET4.0C)
Accept-Encoding: gzip, deflate
</requestHeader>
  <cookies class="java.lang.String"></cookies>
  <method class="java.lang.String">GET</method>
  <queryString class="java.lang.String"></queryString>
  <redirectLocation class="java.lang.String">https://login-pre.sge/pls/orasso/orasso.wwsso_app_admin.ls_login?Site2pstoreToken=v1.4~CEF0A91F~8592BE77B93D815DDD40D964E0F84D928F1EF155F1C311C088815AD2CCCCCA68D2B661F4A82C79F9E2076219D3252EC9D4818864A64D1EB9BD488E4AEADF8B7AE9C6BB44CE2A2B3595030A96F254C1AAC55721D50A0C8069903D258B67D3BFE1EDBEBB615EE536BAED214C9AABEF1C23BCC26268D7F7D20BA29EFD3B370E97380B3F36063C49239901CC4ADC85AB3F1443EAEFFD3C6C89C01BDC9BD1782E468AD7D43552C5FB8B64EE9E39B8DC30B21FF7806A7FBB6DADA2DAE03C54D848DA41CEDE59117CCBD3B837D5157D863D151AD7EF1E5B5F223C1CEF4C061EA34EAF614517595AB7AFF2F117219190FF98A44C3D65E7453F0540262655954FC41322546BD808DD8EB8B6E0932308C1B180406E26CE6098C1417F7EB016AD4DD14A501CB12616A48DBEEB45708DFC746C0A26A11D3798D75CCBF1773AC742AE7C3BF123E8D10A784BAE9B9B6827D9A65DEDD61E7A33DFE21F1459BDF57F0E787EBD6A75</redirectLocation>
  <url>https://preproduccion.sge/login/login.jsp?site2pstoretoken=v1.4~CEF0A91F~8592BE77B93D815DDD40D964E0F84D928F1EF155F1C311C088815AD2CCCCCA68D2B661F4A82C79F9E2076219D3252EC9D4818864A64D1EB9BD488E4AEADF8B7AE9C6BB44CE2A2B3595030A96F254C1AAC55721D50A0C8069903D258B67D3BFE1EDBEBB615EE536BAED214C9AABEF1C23BCC26268D7F7D20BA29EFD3B370E97380B3F36063C49239901CC4ADC85AB3F1443EAEFFD3C6C89C01BDC9BD1782E468AD7D43552C5FB8B64EE9E39B8DC30B21FF7806A7FBB6DADA2DAE03C54D848DA41CEDE59117CCBD3B837D5157D863D151AD7EF1E5B5F223C1CEF4C061EA34EAF614517595AB7AFF2F117219190FF98A44C3D65E7453F0540262655954FC41322546BD808DD8EB8B6E0932308C1B180406E26CE6098C1417F7EB016AD4DD14A501CB12616A48DBEEB45708DFC746C0A26A11D3798D75CCBF1773AC742AE7C3BF123E8D10A784BAE9B9B6827D9A65DEDD61E7A33DFE21F1459BDF57F0E787EBD6A75&amp;p_error_code=&amp;p_submit_url=https%3A%2F%2Flogin-pre.sge%2Fsso%2Fauth&amp;p_cancel_url=https%3A%2F%2Fpreproduccion.sge&amp;ssousername=&amp;subscribername=</url>
</httpSample>
<httpSample t="219" lt="0" ts="1298631931420" s="true" lb="/gepa/scripts/scriptaculous/scriptaculous.js" rc="200" by="5068">
  <responseHeader class="java.lang.String">HTTP/1.0 200 OK
Date: Fri, 25 Feb 2011 11:05:31 GMT
Server: Oracle-Application-Server-10g/10.1.2.2.0 Oracle-HTTP-Server
Content-Length: 5068
Set-Cookie: JSESSIONID=9f9e4e6c233938a7e6af86886ebe01eb5f8642b89c07e0a7960c1ce5d2992da5.e3eSbhiLaNyPe3yNbNyQc3qSai1BqBjKpPXxqAa; path=/login
Content-Type: text/html; charset=ISO-8859-1
</responseHeader>
  <requestHeader class="java.lang.String">Accept-Language: es-ES
Accept: */*
User-Agent: Mozilla/4.0 (compatible; MSIE 7.0; Windows NT 6.1; Trident/4.0; SLCC2; .NET CLR 2.0.50727; .NET CLR 3.5.30729; .NET CLR 3.0.30729; Media Center PC 6.0; MDDS; .NET4.0C)
Accept-Encoding: gzip, deflate
Referer: http://picasso:8888/gepa/ConexionAction.do?POSTDATA=variosPerfiles=true&amp;accion=iniciar&amp;codigoEntidad=DYS&amp;codigo=jcnegredo&amp;contrasenya=dysmatica&amp;rolSeleccionado=25
</requestHeader>
  <cookies class="java.lang.String"></cookies>
  <method class="java.lang.String">GET</method>
  <queryString class="java.lang.String"></queryString>
  <redirectLocation class="java.lang.String">https://login-pre.sge/pls/orasso/orasso.wwsso_app_admin.ls_login?Site2pstoreToken=v1.4~CEF0A91F~8592BE77B93D815DDD40D964E0F84D928F1EF155F1C311C088815AD2CCCCCA68D2B661F4A82C79F9E2076219D3252EC9D4818864A64D1EB9BD488E4AEADF8B7AE9C6BB44CE2A2B3595030A96F254C1AAC55721D50A0C8069903D258B67D3BFE154D37EBF9772D799523393DD3BF14368AA82B7B566252D066D0CD7A4A59F51DAB6572B6B004B9840AE9BC30DA8884885030EE6DCBAA9B3A5024046C02FB5749EE22CC1A0A825B6A71BF5D3EF617F2A6F74A0DFD94BD6C2E21948F3AE61203F0FFFE17B44C0F4E9AEA86F5E2E0F6BA8A30973466B3AEC88CD372D2637797CA254B6FD42622DF3D7EC1BBAE0558CC69DF59E82FF1211C2B0FF25CDC519A9710C97397A297B6F2A9073836AFCF46DB82A76</redirectLocation>
  <url>https://preproduccion.sge/login/login.jsp?site2pstoretoken=v1.4~CEF0A91F~8592BE77B93D815DDD40D964E0F84D928F1EF155F1C311C088815AD2CCCCCA68D2B661F4A82C79F9E2076219D3252EC9D4818864A64D1EB9BD488E4AEADF8B7AE9C6BB44CE2A2B3595030A96F254C1AAC55721D50A0C8069903D258B67D3BFE154D37EBF9772D799523393DD3BF14368AA82B7B566252D066D0CD7A4A59F51DAB6572B6B004B9840AE9BC30DA8884885030EE6DCBAA9B3A5024046C02FB5749EE22CC1A0A825B6A71BF5D3EF617F2A6F74A0DFD94BD6C2E21948F3AE61203F0FFFE17B44C0F4E9AEA86F5E2E0F6BA8A30973466B3AEC88CD372D2637797CA254B6FD42622DF3D7EC1BBAE0558CC69DF59E82FF1211C2B0FF25CDC519A9710C97397A297B6F2A9073836AFCF46DB82A76&amp;p_error_code=&amp;p_submit_url=https%3A%2F%2Flogin-pre.sge%2Fsso%2Fauth&amp;p_cancel_url=https%3A%2F%2Fpreproduccion.sge&amp;ssousername=&amp;subscribername=</url>
</httpSample>
<httpSample t="16" lt="16" ts="1298631931639" s="false" lb="/gepa/ConexionAction.do;jsessionid=eb634fe5b58b0bcb96508261e275709f9c8e236e3e15aeb347f0741aac2dda55" rc="500" by="778">
  <responseHeader class="java.lang.String">HTTP/1.0 500 Internal Server Error
Date: Fri, 25 Feb 2011 11:05:31 GMT
Server: Oracle-Application-Server-10g/10.1.2.2.0 Oracle-HTTP-Server
Content-Type: text/html; charset=iso-8859-1
</responseHeader>
  <requestHeader class="java.lang.String">Content-Type: application/x-www-form-urlencoded
Accept-Language: es-ES
Accept: image/jpeg, application/x-ms-application, image/gif, application/xaml+xml, image/pjpeg, application/x-ms-xbap, application/vnd.ms-powerpoint, application/vnd.ms-excel, application/msword, */*
User-Agent: Mozilla/4.0 (compatible; MSIE 7.0; Windows NT 6.1; Trident/4.0; SLCC2; .NET CLR 2.0.50727; .NET CLR 3.5.30729; .NET CLR 3.0.30729; Media Center PC 6.0; MDDS; .NET4.0C)
Accept-Encoding: gzip, deflate
Referer: http://picasso:8888/gepa/ConexionAction.do?POSTDATA=variosPerfiles=true&amp;accion=iniciar&amp;codigoEntidad=DYS&amp;codigo=jcnegredo&amp;contrasenya=dysmatica&amp;rolSeleccionado=25
Pragma: no-cache
</requestHeader>
  <cookies class="java.lang.String"></cookies>
  <method class="java.lang.String">POST</method>
  <queryString class="java.lang.String">variosPerfiles=true&amp;accion=seleccionarPerfil&amp;codigoEntidad=DYS&amp;rolSeleccionado=25</queryString>
  <url>https://preproduccion.sge:443/gepa/ConexionAction.do;jsessionid=eb634fe5b58b0bcb96508261e275709f9c8e236e3e15aeb347f0741aac2dda55</url>
</httpSample>
<httpSample t="187" lt="0" ts="1298631931655" s="true" lb="/gepa/scripts/scriptaculous/scriptaculous.js" rc="200" by="5068">
  <responseHeader class="java.lang.String">HTTP/1.0 200 OK
Date: Fri, 25 Feb 2011 11:05:31 GMT
Server: Oracle-Application-Server-10g/10.1.2.2.0 Oracle-HTTP-Server
Content-Length: 5068
Set-Cookie: JSESSIONID=14d855dedb9da58f7cb7dd70ec8cbccb5c07ccec3ad9bb0fc649e9548113a5ab.e3eSbhiLaNyPe3yNbNyQc3qSai1BqBjKpPXxqAa; path=/login
Content-Type: text/html; charset=ISO-8859-1
</responseHeader>
  <requestHeader class="java.lang.String">Accept-Language: es-ES
Accept: */*
User-Agent: Mozilla/4.0 (compatible; MSIE 7.0; Windows NT 6.1; Trident/4.0; SLCC2; .NET CLR 2.0.50727; .NET CLR 3.5.30729; .NET CLR 3.0.30729; Media Center PC 6.0; MDDS; .NET4.0C)
Accept-Encoding: gzip, deflate
Referer: http://picasso:8888/gepa/ConexionAction.do;jsessionid=eb634fe5b58b0bcb96508261e275709f9c8e236e3e15aeb347f0741aac2dda55
</requestHeader>
  <cookies class="java.lang.String"></cookies>
  <method class="java.lang.String">GET</method>
  <queryString class="java.lang.String"></queryString>
  <redirectLocation class="java.lang.String">https://login-pre.sge/pls/orasso/orasso.wwsso_app_admin.ls_login?Site2pstoreToken=v1.4~CEF0A91F~8592BE77B93D815DDD40D964E0F84D928F1EF155F1C311C088815AD2CCCCCA68D2B661F4A82C79F9E2076219D3252EC9D4818864A64D1EB9BD488E4AEADF8B7AE9C6BB44CE2A2B3595030A96F254C1AAC55721D50A0C8069903D258B67D3BFE154D37EBF9772D799523393DD3BF14368AA82B7B566252D066D0CD7A4A59F51DAB6572B6B004B9840AE9BC30DA8884885030EE6DCBAA9B3A5024046C02FB5749EE22CC1A0A825B6A71BF5D3EF617F2A6F74A0DFD94BD6C2E21948F3AE61203F0FFFE17B44C0F4E9AEA86F5E2E0F6BA8A30973466B3AEC88CD372D2637797CA254B6FD42622DF3D7EC1BBAE0558CC69DF59E82FF1211C2B0FF25CDC519A9710C97397A297B6F2A9073836AFCF46DB82A76</redirectLocation>
  <url>https://preproduccion.sge/login/login.jsp?site2pstoretoken=v1.4~CEF0A91F~8592BE77B93D815DDD40D964E0F84D928F1EF155F1C311C088815AD2CCCCCA68D2B661F4A82C79F9E2076219D3252EC9D4818864A64D1EB9BD488E4AEADF8B7AE9C6BB44CE2A2B3595030A96F254C1AAC55721D50A0C8069903D258B67D3BFE154D37EBF9772D799523393DD3BF14368AA82B7B566252D066D0CD7A4A59F51DAB6572B6B004B9840AE9BC30DA8884885030EE6DCBAA9B3A5024046C02FB5749EE22CC1A0A825B6A71BF5D3EF617F2A6F74A0DFD94BD6C2E21948F3AE61203F0FFFE17B44C0F4E9AEA86F5E2E0F6BA8A30973466B3AEC88CD372D2637797CA254B6FD42622DF3D7EC1BBAE0558CC69DF59E82FF1211C2B0FF25CDC519A9710C97397A297B6F2A9073836AFCF46DB82A76&amp;p_error_code=&amp;p_submit_url=https%3A%2F%2Flogin-pre.sge%2Fsso%2Fauth&amp;p_cancel_url=https%3A%2F%2Fpreproduccion.sge&amp;ssousername=&amp;subscribername=</url>
</httpSample>
<httpSample t="16" lt="16" ts="1298631931842" s="false" lb="/gepa/BusquedaAction.do" rc="500" by="778">
  <responseHeader class="java.lang.String">HTTP/1.0 500 Internal Server Error
Date: Fri, 25 Feb 2011 11:05:31 GMT
Server: Oracle-Application-Server-10g/10.1.2.2.0 Oracle-HTTP-Server
Content-Type: text/html; charset=iso-8859-1
</responseHeader>
  <requestHeader class="java.lang.String">Content-Type: application/x-www-form-urlencoded
Accept-Language: es-ES
Accept: image/jpeg, application/x-ms-application, image/gif, application/xaml+xml, image/pjpeg, application/x-ms-xbap, application/vnd.ms-powerpoint, application/vnd.ms-excel, application/msword, */*
User-Agent: Mozilla/4.0 (compatible; MSIE 7.0; Windows NT 6.1; Trident/4.0; SLCC2; .NET CLR 2.0.50727; .NET CLR 3.5.30729; .NET CLR 3.0.30729; Media Center PC 6.0; MDDS; .NET4.0C)
Accept-Encoding: gzip, deflate
Referer: http://picasso:8888/gepa/ConexionAction.do;jsessionid=eb634fe5b58b0bcb96508261e275709f9c8e236e3e15aeb347f0741aac2dda55
Pragma: no-cache
</requestHeader>
  <cookies class="java.lang.String"></cookies>
  <method class="java.lang.String">POST</method>
  <queryString class="java.lang.String">accion=buscar&amp;modo=rapida&amp;avanzadaDesplegada=false&amp;descElemPesado=&amp;identificacionRapida=&amp;nombreRapida=&amp;apellido1Rapida=&amp;apellido2Rapida=&amp;anyoRapida=&amp;numeroRapida=&amp;desdeRapida=&amp;hastaRapida=&amp;tramiteRapida=-1&amp;estadoRapida=-1&amp;idBusqueda=-1&amp;idClases=26&amp;metaTipo0=STRING&amp;metaTipo1=STRING&amp;metaTipo2=LISTA&amp;metaTipo3=STRING&amp;metaTipo4=LISTA_PESADA&amp;metaTipo5=STRING&amp;metaTipo6=LISTA&amp;metaTipo7=STRING&amp;metaTipo8=STRING&amp;metaTipo9=STRING&amp;metaTipo10=STRING&amp;metaTipo11=STRING&amp;metaTipo12=STRING&amp;metaTipo13=LISTA&amp;metaTipo14=STRING&amp;metaTipo15=TIMESTAMP&amp;metaTipo16=TIMESTAMP&amp;metaTipo17=TIMESTAMP&amp;metaTipo18=LISTA&amp;metaTipo19=LISTA_PESADA&amp;metaTipo20=STRING&amp;metaTipo21=STRING&amp;metaTipo22=STRING&amp;metaTipo23=STRING&amp;metaTipo24=STRING&amp;metaTipo25=LISTA_PESADA&amp;metaTipo26=LISTA&amp;metaTipo27=STRING&amp;metaTipo28=LISTA&amp;metaTipo29=STRING&amp;metaTipo30=STRING&amp;metaTipo31=INTEGER&amp;metaTipo32=STRING&amp;metaTipo33=STRING&amp;metaTipo34=STRING&amp;metaTipo35=LISTA&amp;metaTipo36=LISTA&amp;metaTipo37=LISTA&amp;metaTipo38=STRING&amp;metaTipo39=SEPARADOR&amp;metaTipo40=BOOLEAN&amp;metaTipo41=STRING&amp;metaTipo42=STRING&amp;metaTipo43=STRING&amp;metaTipo44=LISTA&amp;metaTipo45=BOOLEAN&amp;metaTipo46=BOOLEAN&amp;metaTipo47=BOOLEAN&amp;metaTipo48=STRING&amp;metaTipo49=TIMESTAMP&amp;metaTipo50=TIMESTAMP&amp;metaTipo51=TIMESTAMP&amp;metaTipo52=TIMESTAMP&amp;metaTipo53=TIMESTAMP&amp;metaTipo54=TIMESTAMP&amp;metaTipo55=TIMESTAMP&amp;metaTipo56=TIMESTAMP&amp;metaTipo57=TIMESTAMP&amp;metaTipo58=TIMESTAMP&amp;metaTipo59=TIMESTAMP&amp;metaTipo60=TIMESTAMP&amp;metaTipo61=TIMESTAMP&amp;metaTipo62=TIMESTAMP&amp;metaTipo63=TIMESTAMP&amp;metaTipo64=LISTA&amp;metaTipo65=LISTA&amp;metaTipo66=LISTA&amp;metaTipo67=DOUBLE&amp;metaTipo68=DOUBLE&amp;metaTipo69=DOUBLE&amp;metaTipo70=DOUBLE&amp;metaTipo71=DOUBLE&amp;metaTipo72=DOUBLE&amp;metaTipo73=DOUBLE&amp;metaTipo74=BOOLEAN&amp;metaTipo75=LISTA&amp;metaTipo76=STRING&amp;metaTipo77=STRING&amp;metaTipo78=STRING&amp;metaTipo79=STRING&amp;metaTipo80=STRING&amp;metaTipo81=STRING&amp;metaTipo82=STRING&amp;metaTipo83=BOOLEAN&amp;metaTipo84=BOOLEAN&amp;metaTipo85=STRING&amp;metaTipo86=LISTA&amp;metaTipo87=LISTA&amp;metaTipo88=LISTA_PESADA&amp;metaTipo89=LISTA&amp;metaTipo90=LISTA&amp;metaTipo91=STRING&amp;metaTipo92=LISTA&amp;metaTipo93=STRING&amp;metaTipo94=STRING&amp;metaTipo95=LISTA&amp;metaTipo96=LISTA&amp;metaTipo97=LISTA&amp;metaTipo98=BOOLEAN&amp;metaTipo99=LISTA&amp;metaTipo100=BOOLEAN&amp;metaTipo101=LISTA&amp;metaTipo102=LISTA&amp;metaTipo103=BOOLEAN&amp;metaTipo104=BOOLEAN&amp;metaTipo105=LISTA&amp;metaTipo106=LISTA&amp;metaTipo107=LISTA&amp;metaTipo108=LISTA&amp;metaTipo109=LISTA&amp;metaTipo110=STRING&amp;metaTipo111=LISTA&amp;valor=&amp;valorPesado=&amp;lista37=-1&amp;lista36=-1&amp;lista35=-1&amp;lista99=-1&amp;lista109=-1&amp;lista66=-1&amp;lista98=-1&amp;lista108=-1&amp;lista65=-1&amp;lista97=-1&amp;lista107=-1&amp;lista64=-1&amp;lista96=-1&amp;lista106=-1&amp;lista95=-1&amp;lista105=-1&amp;lista104=-1&amp;lista92=-1&amp;lista103=-1&amp;lista102=-1&amp;lista90=-1&amp;lista101=-1&amp;lista100=-1&amp;lista28=-1&amp;lista26=-1&amp;lista89=-1&amp;lista87=-1&amp;lista86=-1&amp;lista6=-1&amp;lista84=-1&amp;lista83=-1&amp;lista2=-1&amp;lista18=-1&amp;lista47=-1&amp;lista46=-1&amp;lista13=-1&amp;lista45=-1&amp;lista44=-1&amp;lista75=-1&amp;lista74=-1&amp;lista40=-1&amp;lista111=-1</queryString>
  <url>https://preproduccion.sge:443/gepa/BusquedaAction.do</url>
</httpSample>
<httpSample t="187" lt="0" ts="1298631931874" s="true" lb="/gepa/scripts/scriptaculous/scriptaculous.js" rc="200" by="5068">
  <responseHeader class="java.lang.String">HTTP/1.0 200 OK
Date: Fri, 25 Feb 2011 11:05:31 GMT
Server: Oracle-Application-Server-10g/10.1.2.2.0 Oracle-HTTP-Server
Content-Length: 5068
Set-Cookie: JSESSIONID=73eb1ec0f6cdc787b48fd88ec14143ee1b9a4c3ea2168602a04244559c5a8b18.e38Ob3aOaheRe34Mb3qSax0Pahz0nR9Pq6XteP93; path=/login
Content-Type: text/html; charset=ISO-8859-1
</responseHeader>
  <requestHeader class="java.lang.String">Accept-Language: es-ES
Accept: */*
User-Agent: Mozilla/4.0 (compatible; MSIE 7.0; Windows NT 6.1; Trident/4.0; SLCC2; .NET CLR 2.0.50727; .NET CLR 3.5.30729; .NET CLR 3.0.30729; Media Center PC 6.0; MDDS; .NET4.0C)
Accept-Encoding: gzip, deflate
Referer: http://picasso:8888/gepa/BusquedaAction.do
</requestHeader>
  <cookies class="java.lang.String"></cookies>
  <method class="java.lang.String">GET</method>
  <queryString class="java.lang.String"></queryString>
  <redirectLocation class="java.lang.String">https://login-pre.sge/pls/orasso/orasso.wwsso_app_admin.ls_login?Site2pstoreToken=v1.4~CEF0A91F~8592BE77B93D815DDD40D964E0F84D928F1EF155F1C311C088815AD2CCCCCA68D2B661F4A82C79F9E2076219D3252EC9D4818864A64D1EB9BD488E4AEADF8B7AE9C6BB44CE2A2B3595030A96F254C1AAC55721D50A0C8069903D258B67D3BFE154D37EBF9772D799523393DD3BF14368AA82B7B566252D066D0CD7A4A59F51DAB6572B6B004B9840AE9BC30DA8884885030EE6DCBAA9B3A5024046C02FB5749EE22CC1A0A825B6A71BF5D3EF617F2A6F74A0DFD94BD6C2E21948F3AE61203F0FFFE17B44C0F4E9AEA86F5E2E0F6BA8A30973466B3AEC88CD372D2637797CA254B6FD42622DF3D7EC1BBAE0558CC69DF59E82FF1211C2B0FF25CDC519A9710C97397A297B6F2A9073836AFCF46DB82A76</redirectLocation>
  <url>https://preproduccion.sge/login/login.jsp?site2pstoretoken=v1.4~CEF0A91F~8592BE77B93D815DDD40D964E0F84D928F1EF155F1C311C088815AD2CCCCCA68D2B661F4A82C79F9E2076219D3252EC9D4818864A64D1EB9BD488E4AEADF8B7AE9C6BB44CE2A2B3595030A96F254C1AAC55721D50A0C8069903D258B67D3BFE154D37EBF9772D799523393DD3BF14368AA82B7B566252D066D0CD7A4A59F51DAB6572B6B004B9840AE9BC30DA8884885030EE6DCBAA9B3A5024046C02FB5749EE22CC1A0A825B6A71BF5D3EF617F2A6F74A0DFD94BD6C2E21948F3AE61203F0FFFE17B44C0F4E9AEA86F5E2E0F6BA8A30973466B3AEC88CD372D2637797CA254B6FD42622DF3D7EC1BBAE0558CC69DF59E82FF1211C2B0FF25CDC519A9710C97397A297B6F2A9073836AFCF46DB82A76&amp;p_error_code=&amp;p_submit_url=https%3A%2F%2Flogin-pre.sge%2Fsso%2Fauth&amp;p_cancel_url=https%3A%2F%2Fpreproduccion.sge&amp;ssousername=&amp;subscribername=</url>
</httpSample>
<httpSample t="188" lt="0" ts="1298631932061" s="true" lb="/gepa/ResultadoBusquedaAction.do" rc="200" by="5004">
  <responseHeader class="java.lang.String">HTTP/1.0 200 OK
Date: Fri, 25 Feb 2011 11:05:32 GMT
Server: Oracle-Application-Server-10g/10.1.2.2.0 Oracle-HTTP-Server
Content-Length: 5004
Set-Cookie: JSESSIONID=b2500c18d20d8081d7118d648a4d31c5f9f1d3d1a7a456801e63b869198c5e3d.e3eSbhiLaNyPe3yNbNyQc3qSai1BqBjKpPXxqAa; path=/login
Content-Type: text/html; charset=ISO-8859-1
</responseHeader>
  <requestHeader class="java.lang.String">Accept-Language: es-ES
Accept: image/jpeg, application/x-ms-application, image/gif, application/xaml+xml, image/pjpeg, application/x-ms-xbap, application/vnd.ms-powerpoint, application/vnd.ms-excel, application/msword, */*
User-Agent: Mozilla/4.0 (compatible; MSIE 7.0; Windows NT 6.1; Trident/4.0; SLCC2; .NET CLR 2.0.50727; .NET CLR 3.5.30729; .NET CLR 3.0.30729; Media Center PC 6.0; MDDS; .NET4.0C)
Accept-Encoding: gzip, deflate
Referer: http://picasso:8888/gepa/BusquedaAction.do
</requestHeader>
  <cookies class="java.lang.String"></cookies>
  <method class="java.lang.String">GET</method>
  <queryString class="java.lang.String"></queryString>
  <redirectLocation class="java.lang.String">https://login-pre.sge/pls/orasso/orasso.wwsso_app_admin.ls_login?Site2pstoreToken=v1.4~CEF0A91F~892ED56C0D25C51F90BB26942343BBE5D381128ABAD6C822D7B392D83B6F2A7808AB72F8727BC3FCA5B3CA457EC93AC2A6D60BBBD251EEF8E80BA0131C091E769C59424A12C596B146535180F41EB5F0B9BD9DDA7C8FCA78A1DC78662D46AB08BD196CBDF039BD36E67A53C49D580906B6149EDA5D78F20BC7FAF7A495A557F76CDFBB656DDA0887342EB8619E64419FF8831E9F30CF2F552C9C0D1564C7022CDE602285FF05D0D40329C1F4F4CE7C06DBF9E8AE00D5010ED9A550EC7B539DC478AA7787FD871CE43D35AC777646C3FD61D51F41A349265E7A0955C40916B57C18E276636F3E41FCDC9086C056E6B0036D4D6B7FF4447F09E0E0EC77547A3144</redirectLocation>
  <url>https://preproduccion.sge/login/login.jsp?site2pstoretoken=v1.4~CEF0A91F~892ED56C0D25C51F90BB26942343BBE5D381128ABAD6C822D7B392D83B6F2A7808AB72F8727BC3FCA5B3CA457EC93AC2A6D60BBBD251EEF8E80BA0131C091E769C59424A12C596B146535180F41EB5F0B9BD9DDA7C8FCA78A1DC78662D46AB08BD196CBDF039BD36E67A53C49D580906B6149EDA5D78F20BC7FAF7A495A557F76CDFBB656DDA0887342EB8619E64419FF8831E9F30CF2F552C9C0D1564C7022CDE602285FF05D0D40329C1F4F4CE7C06DBF9E8AE00D5010ED9A550EC7B539DC478AA7787FD871CE43D35AC777646C3FD61D51F41A349265E7A0955C40916B57C18E276636F3E41FCDC9086C056E6B0036D4D6B7FF4447F09E0E0EC77547A3144&amp;p_error_code=&amp;p_submit_url=https%3A%2F%2Flogin-pre.sge%2Fsso%2Fauth&amp;p_cancel_url=https%3A%2F%2Fpreproduccion.sge&amp;ssousername=&amp;subscribername=</url>
</httpSample>
<httpSample t="218" lt="0" ts="1298631932249" s="true" lb="/gepa/scripts/scriptaculous/scriptaculous.js" rc="200" by="5068">
  <responseHeader class="java.lang.String">HTTP/1.0 200 OK
Date: Fri, 25 Feb 2011 11:05:32 GMT
Server: Oracle-Application-Server-10g/10.1.2.2.0 Oracle-HTTP-Server
Content-Length: 5068
Set-Cookie: JSESSIONID=44a47c574db0f5c953164cca72b24d5287b98977dae7d732ec196549ca85e5da.e38Ob3aOaheRe34Mb3qSax0Pahz0nR9Pq6XteP93; path=/login
Content-Type: text/html; charset=ISO-8859-1
</responseHeader>
  <requestHeader class="java.lang.String">Accept-Language: es-ES
Accept: */*
User-Agent: Mozilla/4.0 (compatible; MSIE 7.0; Windows NT 6.1; Trident/4.0; SLCC2; .NET CLR 2.0.50727; .NET CLR 3.5.30729; .NET CLR 3.0.30729; Media Center PC 6.0; MDDS; .NET4.0C)
Accept-Encoding: gzip, deflate
Referer: http://picasso:8888/gepa/ResultadoBusquedaAction.do?accion=gestionExp&amp;indice=0
</requestHeader>
  <cookies class="java.lang.String"></cookies>
  <method class="java.lang.String">GET</method>
  <queryString class="java.lang.String"></queryString>
  <redirectLocation class="java.lang.String">https://login-pre.sge/pls/orasso/orasso.wwsso_app_admin.ls_login?Site2pstoreToken=v1.4~CEF0A91F~892ED56C0D25C51F90BB26942343BBE5D381128ABAD6C822D7B392D83B6F2A7808AB72F8727BC3FCA5B3CA457EC93AC2A6D60BBBD251EEF8E80BA0131C091E769C59424A12C596B146535180F41EB5F0B9BD9DDA7C8FCA78A1DC78662D46AB08D5F8D34F6CE95B0520F9364BF761BA6688BB6FE525F35EEA01D2DAF1C55C67862E697E77F6D16604C3639886376F7EFF39A652CF51F6D28BA76C387A1B49CCA2DD225A38A3A13858D187A73E9260F24011BCBCF2FA4CDB8F6DB4ECCC9F3CCC31875BC9863EA7A6195348EA4D00E90ACB4DA1C45327B3CA9C40311DB1314C61691E5E5AA9795847B505CDFCBB350CF564E007A516E6EF2F9E0BCF1C654A96A4E5615CF3E0DB8055304D095C55A00F9D13</redirectLocation>
  <url>https://preproduccion.sge/login/login.jsp?site2pstoretoken=v1.4~CEF0A91F~892ED56C0D25C51F90BB26942343BBE5D381128ABAD6C822D7B392D83B6F2A7808AB72F8727BC3FCA5B3CA457EC93AC2A6D60BBBD251EEF8E80BA0131C091E769C59424A12C596B146535180F41EB5F0B9BD9DDA7C8FCA78A1DC78662D46AB08D5F8D34F6CE95B0520F9364BF761BA6688BB6FE525F35EEA01D2DAF1C55C67862E697E77F6D16604C3639886376F7EFF39A652CF51F6D28BA76C387A1B49CCA2DD225A38A3A13858D187A73E9260F24011BCBCF2FA4CDB8F6DB4ECCC9F3CCC31875BC9863EA7A6195348EA4D00E90ACB4DA1C45327B3CA9C40311DB1314C61691E5E5AA9795847B505CDFCBB350CF564E007A516E6EF2F9E0BCF1C654A96A4E5615CF3E0DB8055304D095C55A00F9D13&amp;p_error_code=&amp;p_submit_url=https%3A%2F%2Flogin-pre.sge%2Fsso%2Fauth&amp;p_cancel_url=https%3A%2F%2Fpreproduccion.sge&amp;ssousername=&amp;subscribername=</url>
</httpSample>
<httpSample t="188" lt="0" ts="1298631932467" s="true" lb="/gepa/ConexionAction.do" rc="200" by="5388">
  <responseHeader class="java.lang.String">HTTP/1.0 200 OK
Date: Fri, 25 Feb 2011 11:05:32 GMT
Server: Oracle-Application-Server-10g/10.1.2.2.0 Oracle-HTTP-Server
Content-Length: 5388
Set-Cookie: JSESSIONID=7d7a7274a32f0a31f04a44208238b9b612289d3533c7d83571d28d2af5541226.e3eSbhiLaNyPe3yNbNyQc3qSai1BqBjKpPXxqAa; path=/login
Content-Type: text/html; charset=ISO-8859-1
</responseHeader>
  <requestHeader class="java.lang.String">Accept-Language: es
Accept: */*
User-Agent: Mozilla/4.0 (compatible; MSIE 7.0; Windows NT 6.1; Trident/4.0; SLCC2; .NET CLR 2.0.50727; .NET CLR 3.5.30729; .NET CLR 3.0.30729; Media Center PC 6.0; MDDS; .NET4.0C)
Accept-Encoding: gzip, deflate
</requestHeader>
  <cookies class="java.lang.String"></cookies>
  <method class="java.lang.String">GET</method>
  <queryString class="java.lang.String"></queryString>
  <redirectLocation class="java.lang.String">https://login-pre.sge/pls/orasso/orasso.wwsso_app_admin.ls_login?Site2pstoreToken=v1.4~CEF0A91F~892ED56C0D25C51F90BB26942343BBE5D381128ABAD6C822D7B392D83B6F2A7808AB72F8727BC3FCA5B3CA457EC93AC2A6D60BBBD251EEF8E80BA0131C091E769C59424A12C596B146535180F41EB5F0B9BD9DDA7C8FCA78A1DC78662D46AB08BD6924C5CEE85375A58010615E8A1A6ABD73B56AFEDF031764BF743CFA724DD9311C5F82870EFB9B5C90E026B25FA14E3C28C66555CCFF970FD72C56776108841B24441A0C46C3152D33672C02A8B4455CA172F83FC4C83F7AAFF70EA601520F0024D6CCB78BB4F7F34F31A5879BD71664C6FEE0980AE0620E4ABAE33B3B1E012C812E5083F10887D888A8817D4689101795270C092DAE3AA703C0A5C090721EF61AD24271DA90DADBAD3804A09FD0051446E4428175589BABCBF42749FB06EA69035D18D40704E8175A65A20A3901FCC5238EF5EA14C82530E08264A28D54608FE390EED0C2F9BE5DDE0AA4FF298DD1D63F80C8A37F4D520B53E823BDC91792</redirectLocation>
  <url>https://preproduccion.sge/login/login.jsp?site2pstoretoken=v1.4~CEF0A91F~892ED56C0D25C51F90BB26942343BBE5D381128ABAD6C822D7B392D83B6F2A7808AB72F8727BC3FCA5B3CA457EC93AC2A6D60BBBD251EEF8E80BA0131C091E769C59424A12C596B146535180F41EB5F0B9BD9DDA7C8FCA78A1DC78662D46AB08BD6924C5CEE85375A58010615E8A1A6ABD73B56AFEDF031764BF743CFA724DD9311C5F82870EFB9B5C90E026B25FA14E3C28C66555CCFF970FD72C56776108841B24441A0C46C3152D33672C02A8B4455CA172F83FC4C83F7AAFF70EA601520F0024D6CCB78BB4F7F34F31A5879BD71664C6FEE0980AE0620E4ABAE33B3B1E012C812E5083F10887D888A8817D4689101795270C092DAE3AA703C0A5C090721EF61AD24271DA90DADBAD3804A09FD0051446E4428175589BABCBF42749FB06EA69035D18D40704E8175A65A20A3901FCC5238EF5EA14C82530E08264A28D54608FE390EED0C2F9BE5DDE0AA4FF298DD1D63F80C8A37F4D520B53E823BDC91792&amp;p_error_code=&amp;p_submit_url=https%3A%2F%2Flogin-pre.sge%2Fsso%2Fauth&amp;p_cancel_url=https%3A%2F%2Fpreproduccion.sge&amp;ssousername=&amp;subscribername=</url>
</httpSample>
<httpSample t="187" lt="0" ts="1298631932655" s="true" lb="/gepa/scripts/scriptaculous/scriptaculous.js" rc="200" by="5068">
  <responseHeader class="java.lang.String">HTTP/1.0 200 OK
Date: Fri, 25 Feb 2011 11:05:32 GMT
Server: Oracle-Application-Server-10g/10.1.2.2.0 Oracle-HTTP-Server
Content-Length: 5068
Set-Cookie: JSESSIONID=343bb187c91a64e21979582918a91983d880e10c764f5f107e909d36273f6868.e38Ob3aOaheRe34Mb3qSax0Pahz0nR9Pq6XteP93; path=/login
Content-Type: text/html; charset=ISO-8859-1
</responseHeader>
  <requestHeader class="java.lang.String">Accept-Language: es-ES
Accept: */*
User-Agent: Mozilla/4.0 (compatible; MSIE 7.0; Windows NT 6.1; Trident/4.0; SLCC2; .NET CLR 2.0.50727; .NET CLR 3.5.30729; .NET CLR 3.0.30729; Media Center PC 6.0; MDDS; .NET4.0C)
Accept-Encoding: gzip, deflate
Referer: http://picasso:8888/gepa/ConexionAction.do?POSTDATA=variosPerfiles=true&amp;accion=iniciar&amp;codigoEntidad=DYS&amp;codigo=jcnegredo&amp;contrasenya=dysmatica&amp;rolSeleccionado=25
</requestHeader>
  <cookies class="java.lang.String"></cookies>
  <method class="java.lang.String">GET</method>
  <queryString class="java.lang.String"></queryString>
  <redirectLocation class="java.lang.String">https://login-pre.sge/pls/orasso/orasso.wwsso_app_admin.ls_login?Site2pstoreToken=v1.4~CEF0A91F~892ED56C0D25C51F90BB26942343BBE5D381128ABAD6C822D7B392D83B6F2A7808AB72F8727BC3FCA5B3CA457EC93AC2A6D60BBBD251EEF8E80BA0131C091E769C59424A12C596B146535180F41EB5F0B9BD9DDA7C8FCA78A1DC78662D46AB08D5F8D34F6CE95B0520F9364BF761BA6688BB6FE525F35EEA01D2DAF1C55C67862E697E77F6D16604C3639886376F7EFF39A652CF51F6D28BA76C387A1B49CCA2DD225A38A3A13858D187A73E9260F24011BCBCF2FA4CDB8F6DB4ECCC9F3CCC31875BC9863EA7A6195348EA4D00E90ACB4DA1C45327B3CA9C40311DB1314C61691E5E5AA9795847B505CDFCBB350CF564E007A516E6EF2F9E0BCF1C654A96A4E5615CF3E0DB8055304D095C55A00F9D13</redirectLocation>
  <url>https://preproduccion.sge/login/login.jsp?site2pstoretoken=v1.4~CEF0A91F~892ED56C0D25C51F90BB26942343BBE5D381128ABAD6C822D7B392D83B6F2A7808AB72F8727BC3FCA5B3CA457EC93AC2A6D60BBBD251EEF8E80BA0131C091E769C59424A12C596B146535180F41EB5F0B9BD9DDA7C8FCA78A1DC78662D46AB08D5F8D34F6CE95B0520F9364BF761BA6688BB6FE525F35EEA01D2DAF1C55C67862E697E77F6D16604C3639886376F7EFF39A652CF51F6D28BA76C387A1B49CCA2DD225A38A3A13858D187A73E9260F24011BCBCF2FA4CDB8F6DB4ECCC9F3CCC31875BC9863EA7A6195348EA4D00E90ACB4DA1C45327B3CA9C40311DB1314C61691E5E5AA9795847B505CDFCBB350CF564E007A516E6EF2F9E0BCF1C654A96A4E5615CF3E0DB8055304D095C55A00F9D13&amp;p_error_code=&amp;p_submit_url=https%3A%2F%2Flogin-pre.sge%2Fsso%2Fauth&amp;p_cancel_url=https%3A%2F%2Fpreproduccion.sge&amp;ssousername=&amp;subscribername=</url>
</httpSample>
<httpSample t="16" lt="16" ts="1298631932842" s="false" lb="/gepa/ConexionAction.do;jsessionid=eb634fe5b58b0bcb96508261e275709f9c8e236e3e15aeb347f0741aac2dda55" rc="500" by="778">
  <responseHeader class="java.lang.String">HTTP/1.0 500 Internal Server Error
Date: Fri, 25 Feb 2011 11:05:32 GMT
Server: Oracle-Application-Server-10g/10.1.2.2.0 Oracle-HTTP-Server
Content-Type: text/html; charset=iso-8859-1
</responseHeader>
  <requestHeader class="java.lang.String">Content-Type: application/x-www-form-urlencoded
Accept-Language: es-ES
Accept: image/jpeg, application/x-ms-application, image/gif, application/xaml+xml, image/pjpeg, application/x-ms-xbap, application/vnd.ms-powerpoint, application/vnd.ms-excel, application/msword, */*
User-Agent: Mozilla/4.0 (compatible; MSIE 7.0; Windows NT 6.1; Trident/4.0; SLCC2; .NET CLR 2.0.50727; .NET CLR 3.5.30729; .NET CLR 3.0.30729; Media Center PC 6.0; MDDS; .NET4.0C)
Accept-Encoding: gzip, deflate
Referer: http://picasso:8888/gepa/ConexionAction.do?POSTDATA=variosPerfiles=true&amp;accion=iniciar&amp;codigoEntidad=DYS&amp;codigo=jcnegredo&amp;contrasenya=dysmatica&amp;rolSeleccionado=25
Pragma: no-cache
</requestHeader>
  <cookies class="java.lang.String"></cookies>
  <method class="java.lang.String">POST</method>
  <queryString class="java.lang.String">variosPerfiles=true&amp;accion=seleccionarPerfil&amp;codigoEntidad=DYS&amp;rolSeleccionado=25</queryString>
  <url>https://preproduccion.sge:443/gepa/ConexionAction.do;jsessionid=eb634fe5b58b0bcb96508261e275709f9c8e236e3e15aeb347f0741aac2dda55</url>
</httpSample>
<httpSample t="187" lt="0" ts="1298631932858" s="true" lb="/gepa/scripts/scriptaculous/scriptaculous.js" rc="200" by="5068">
  <responseHeader class="java.lang.String">HTTP/1.0 200 OK
Date: Fri, 25 Feb 2011 11:05:32 GMT
Server: Oracle-Application-Server-10g/10.1.2.2.0 Oracle-HTTP-Server
Content-Length: 5068
Set-Cookie: JSESSIONID=d33dec3ea4f88cbf822d0c4168b448d21f5785feb19d6ebca7c6c2988c5e0a81.e38Ob3aOaheRe34Mb3qSax0Pahz0nR9Pq6XteP93; path=/login
Content-Type: text/html; charset=ISO-8859-1
</responseHeader>
  <requestHeader class="java.lang.String">Accept-Language: es-ES
Accept: */*
User-Agent: Mozilla/4.0 (compatible; MSIE 7.0; Windows NT 6.1; Trident/4.0; SLCC2; .NET CLR 2.0.50727; .NET CLR 3.5.30729; .NET CLR 3.0.30729; Media Center PC 6.0; MDDS; .NET4.0C)
Accept-Encoding: gzip, deflate
Referer: http://picasso:8888/gepa/ConexionAction.do;jsessionid=eb634fe5b58b0bcb96508261e275709f9c8e236e3e15aeb347f0741aac2dda55
</requestHeader>
  <cookies class="java.lang.String"></cookies>
  <method class="java.lang.String">GET</method>
  <queryString class="java.lang.String"></queryString>
  <redirectLocation class="java.lang.String">https://login-pre.sge/pls/orasso/orasso.wwsso_app_admin.ls_login?Site2pstoreToken=v1.4~CEF0A91F~892ED56C0D25C51F90BB26942343BBE5D381128ABAD6C822D7B392D83B6F2A7808AB72F8727BC3FCA5B3CA457EC93AC2A6D60BBBD251EEF8E80BA0131C091E769C59424A12C596B146535180F41EB5F0B9BD9DDA7C8FCA78A1DC78662D46AB08D5F8D34F6CE95B0520F9364BF761BA6688BB6FE525F35EEA01D2DAF1C55C67862E697E77F6D16604C3639886376F7EFF39A652CF51F6D28BA76C387A1B49CCA2DD225A38A3A13858D187A73E9260F24011BCBCF2FA4CDB8F6DB4ECCC9F3CCC31875BC9863EA7A6195348EA4D00E90ACB4DA1C45327B3CA9C40311DB1314C61691E5E5AA9795847B505CDFCBB350CF564E007A516E6EF2F9E0BCF1C654A96A4E5615CF3E0DB8055304D095C55A00F9D13</redirectLocation>
  <url>https://preproduccion.sge/login/login.jsp?site2pstoretoken=v1.4~CEF0A91F~892ED56C0D25C51F90BB26942343BBE5D381128ABAD6C822D7B392D83B6F2A7808AB72F8727BC3FCA5B3CA457EC93AC2A6D60BBBD251EEF8E80BA0131C091E769C59424A12C596B146535180F41EB5F0B9BD9DDA7C8FCA78A1DC78662D46AB08D5F8D34F6CE95B0520F9364BF761BA6688BB6FE525F35EEA01D2DAF1C55C67862E697E77F6D16604C3639886376F7EFF39A652CF51F6D28BA76C387A1B49CCA2DD225A38A3A13858D187A73E9260F24011BCBCF2FA4CDB8F6DB4ECCC9F3CCC31875BC9863EA7A6195348EA4D00E90ACB4DA1C45327B3CA9C40311DB1314C61691E5E5AA9795847B505CDFCBB350CF564E007A516E6EF2F9E0BCF1C654A96A4E5615CF3E0DB8055304D095C55A00F9D13&amp;p_error_code=&amp;p_submit_url=https%3A%2F%2Flogin-pre.sge%2Fsso%2Fauth&amp;p_cancel_url=https%3A%2F%2Fpreproduccion.sge&amp;ssousername=&amp;subscribername=</url>
</httpSample>
<httpSample t="32" lt="32" ts="1298631933045" s="false" lb="/gepa/BusquedaAction.do" rc="500" by="778">
  <responseHeader class="java.lang.String">HTTP/1.0 500 Internal Server Error
Date: Fri, 25 Feb 2011 11:05:33 GMT
Server: Oracle-Application-Server-10g/10.1.2.2.0 Oracle-HTTP-Server
Content-Type: text/html; charset=iso-8859-1
</responseHeader>
  <requestHeader class="java.lang.String">Content-Type: application/x-www-form-urlencoded
Accept-Language: es-ES
Accept: image/jpeg, application/x-ms-application, image/gif, application/xaml+xml, image/pjpeg, application/x-ms-xbap, application/vnd.ms-powerpoint, application/vnd.ms-excel, application/msword, */*
User-Agent: Mozilla/4.0 (compatible; MSIE 7.0; Windows NT 6.1; Trident/4.0; SLCC2; .NET CLR 2.0.50727; .NET CLR 3.5.30729; .NET CLR 3.0.30729; Media Center PC 6.0; MDDS; .NET4.0C)
Accept-Encoding: gzip, deflate
Referer: http://picasso:8888/gepa/ConexionAction.do;jsessionid=eb634fe5b58b0bcb96508261e275709f9c8e236e3e15aeb347f0741aac2dda55
Pragma: no-cache
</requestHeader>
  <cookies class="java.lang.String"></cookies>
  <method class="java.lang.String">POST</method>
  <queryString class="java.lang.String">accion=buscar&amp;modo=rapida&amp;avanzadaDesplegada=false&amp;descElemPesado=&amp;identificacionRapida=&amp;nombreRapida=&amp;apellido1Rapida=&amp;apellido2Rapida=&amp;anyoRapida=&amp;numeroRapida=&amp;desdeRapida=&amp;hastaRapida=&amp;tramiteRapida=-1&amp;estadoRapida=-1&amp;idBusqueda=-1&amp;idClases=26&amp;metaTipo0=STRING&amp;metaTipo1=STRING&amp;metaTipo2=LISTA&amp;metaTipo3=STRING&amp;metaTipo4=LISTA_PESADA&amp;metaTipo5=STRING&amp;metaTipo6=LISTA&amp;metaTipo7=STRING&amp;metaTipo8=STRING&amp;metaTipo9=STRING&amp;metaTipo10=STRING&amp;metaTipo11=STRING&amp;metaTipo12=STRING&amp;metaTipo13=LISTA&amp;metaTipo14=STRING&amp;metaTipo15=TIMESTAMP&amp;metaTipo16=TIMESTAMP&amp;metaTipo17=TIMESTAMP&amp;metaTipo18=LISTA&amp;metaTipo19=LISTA_PESADA&amp;metaTipo20=STRING&amp;metaTipo21=STRING&amp;metaTipo22=STRING&amp;metaTipo23=STRING&amp;metaTipo24=STRING&amp;metaTipo25=LISTA_PESADA&amp;metaTipo26=LISTA&amp;metaTipo27=STRING&amp;metaTipo28=LISTA&amp;metaTipo29=STRING&amp;metaTipo30=STRING&amp;metaTipo31=INTEGER&amp;metaTipo32=STRING&amp;metaTipo33=STRING&amp;metaTipo34=STRING&amp;metaTipo35=LISTA&amp;metaTipo36=LISTA&amp;metaTipo37=LISTA&amp;metaTipo38=STRING&amp;metaTipo39=SEPARADOR&amp;metaTipo40=BOOLEAN&amp;metaTipo41=STRING&amp;metaTipo42=STRING&amp;metaTipo43=STRING&amp;metaTipo44=LISTA&amp;metaTipo45=BOOLEAN&amp;metaTipo46=BOOLEAN&amp;metaTipo47=BOOLEAN&amp;metaTipo48=STRING&amp;metaTipo49=TIMESTAMP&amp;metaTipo50=TIMESTAMP&amp;metaTipo51=TIMESTAMP&amp;metaTipo52=TIMESTAMP&amp;metaTipo53=TIMESTAMP&amp;metaTipo54=TIMESTAMP&amp;metaTipo55=TIMESTAMP&amp;metaTipo56=TIMESTAMP&amp;metaTipo57=TIMESTAMP&amp;metaTipo58=TIMESTAMP&amp;metaTipo59=TIMESTAMP&amp;metaTipo60=TIMESTAMP&amp;metaTipo61=TIMESTAMP&amp;metaTipo62=TIMESTAMP&amp;metaTipo63=TIMESTAMP&amp;metaTipo64=LISTA&amp;metaTipo65=LISTA&amp;metaTipo66=LISTA&amp;metaTipo67=DOUBLE&amp;metaTipo68=DOUBLE&amp;metaTipo69=DOUBLE&amp;metaTipo70=DOUBLE&amp;metaTipo71=DOUBLE&amp;metaTipo72=DOUBLE&amp;metaTipo73=DOUBLE&amp;metaTipo74=BOOLEAN&amp;metaTipo75=LISTA&amp;metaTipo76=STRING&amp;metaTipo77=STRING&amp;metaTipo78=STRING&amp;metaTipo79=STRING&amp;metaTipo80=STRING&amp;metaTipo81=STRING&amp;metaTipo82=STRING&amp;metaTipo83=BOOLEAN&amp;metaTipo84=BOOLEAN&amp;metaTipo85=STRING&amp;metaTipo86=LISTA&amp;metaTipo87=LISTA&amp;metaTipo88=LISTA_PESADA&amp;metaTipo89=LISTA&amp;metaTipo90=LISTA&amp;metaTipo91=STRING&amp;metaTipo92=LISTA&amp;metaTipo93=STRING&amp;metaTipo94=STRING&amp;metaTipo95=LISTA&amp;metaTipo96=LISTA&amp;metaTipo97=LISTA&amp;metaTipo98=BOOLEAN&amp;metaTipo99=LISTA&amp;metaTipo100=BOOLEAN&amp;metaTipo101=LISTA&amp;metaTipo102=LISTA&amp;metaTipo103=BOOLEAN&amp;metaTipo104=BOOLEAN&amp;metaTipo105=LISTA&amp;metaTipo106=LISTA&amp;metaTipo107=LISTA&amp;metaTipo108=LISTA&amp;metaTipo109=LISTA&amp;metaTipo110=STRING&amp;metaTipo111=LISTA&amp;valor=&amp;valorPesado=&amp;lista37=-1&amp;lista36=-1&amp;lista35=-1&amp;lista99=-1&amp;lista109=-1&amp;lista66=-1&amp;lista98=-1&amp;lista108=-1&amp;lista65=-1&amp;lista97=-1&amp;lista107=-1&amp;lista64=-1&amp;lista96=-1&amp;lista106=-1&amp;lista95=-1&amp;lista105=-1&amp;lista104=-1&amp;lista92=-1&amp;lista103=-1&amp;lista102=-1&amp;lista90=-1&amp;lista101=-1&amp;lista100=-1&amp;lista28=-1&amp;lista26=-1&amp;lista89=-1&amp;lista87=-1&amp;lista86=-1&amp;lista6=-1&amp;lista84=-1&amp;lista83=-1&amp;lista2=-1&amp;lista18=-1&amp;lista47=-1&amp;lista46=-1&amp;lista13=-1&amp;lista45=-1&amp;lista44=-1&amp;lista75=-1&amp;lista74=-1&amp;lista40=-1&amp;lista111=-1</queryString>
  <url>https://preproduccion.sge:443/gepa/BusquedaAction.do</url>
</httpSample>
<httpSample t="187" lt="0" ts="1298631933077" s="true" lb="/gepa/scripts/scriptaculous/scriptaculous.js" rc="200" by="5100">
  <responseHeader class="java.lang.String">HTTP/1.0 200 OK
Date: Fri, 25 Feb 2011 11:05:33 GMT
Server: Oracle-Application-Server-10g/10.1.2.2.0 Oracle-HTTP-Server
Content-Length: 5100
Set-Cookie: JSESSIONID=6a3332b1ef27ad951700205e8dbc3f33abcd8290759e90b3e69bf64038550be6.e3eSbhiLaNyPe3yNbNyQc3qSai1BqBjKpPXxqAa; path=/login
Content-Type: text/html; charset=ISO-8859-1
</responseHeader>
  <requestHeader class="java.lang.String">Accept-Language: es-ES
Accept: */*
User-Agent: Mozilla/4.0 (compatible; MSIE 7.0; Windows NT 6.1; Trident/4.0; SLCC2; .NET CLR 2.0.50727; .NET CLR 3.5.30729; .NET CLR 3.0.30729; Media Center PC 6.0; MDDS; .NET4.0C)
Accept-Encoding: gzip, deflate
Referer: http://picasso:8888/gepa/BusquedaAction.do
</requestHeader>
  <cookies class="java.lang.String"></cookies>
  <method class="java.lang.String">GET</method>
  <queryString class="java.lang.String"></queryString>
  <redirectLocation class="java.lang.String">https://login-pre.sge/pls/orasso/orasso.wwsso_app_admin.ls_login?Site2pstoreToken=v1.4~CEF0A91F~F9D0471D022957A0362346B812B6545EADB92E52F14F84AC9ED688D21728DCF929F0A04F9177EFBDA0EEDEC8A22EF2BAC58DD1F2F9631D11D58EBA6B8A9F16D95AF87B718F137BC3847200D261AC60A1201CB583711171B7B8F6AA9BB7769A6F9C160A8FE5275B5AC4E57BD0A22126AAB1CC57F93B096177C69B1C601DAE701147A146BB8EFABBEDCD38EA93260AF3D6857419552451A7196698B7DAF71DC3D739C58351168FD70960C13AA26B7C20081A88316DBF6C2909A194312C9588DE09D70F4E5C09FFFEDFE6C06CB5F2BB6F5FAEE48290A0AC95B384A10CD43B4074A66106E4F7A428CA456995223C346DE2919FE4BE1128B4E125D5BC09C1AB3CA4615D538A88C9F0BEC918B4862F88C2C8F09C6895DC32C1E1CE</redirectLocation>
  <url>https://preproduccion.sge/login/login.jsp?site2pstoretoken=v1.4~CEF0A91F~F9D0471D022957A0362346B812B6545EADB92E52F14F84AC9ED688D21728DCF929F0A04F9177EFBDA0EEDEC8A22EF2BAC58DD1F2F9631D11D58EBA6B8A9F16D95AF87B718F137BC3847200D261AC60A1201CB583711171B7B8F6AA9BB7769A6F9C160A8FE5275B5AC4E57BD0A22126AAB1CC57F93B096177C69B1C601DAE701147A146BB8EFABBEDCD38EA93260AF3D6857419552451A7196698B7DAF71DC3D739C58351168FD70960C13AA26B7C20081A88316DBF6C2909A194312C9588DE09D70F4E5C09FFFEDFE6C06CB5F2BB6F5FAEE48290A0AC95B384A10CD43B4074A66106E4F7A428CA456995223C346DE2919FE4BE1128B4E125D5BC09C1AB3CA4615D538A88C9F0BEC918B4862F88C2C8F09C6895DC32C1E1CE&amp;p_error_code=&amp;p_submit_url=https%3A%2F%2Flogin-pre.sge%2Fsso%2Fauth&amp;p_cancel_url=https%3A%2F%2Fpreproduccion.sge&amp;ssousername=&amp;subscribername=</url>
</httpSample>
<httpSample t="203" lt="0" ts="1298631933264" s="true" lb="/gepa/ResultadoBusquedaAction.do" rc="200" by="5004">
  <responseHeader class="java.lang.String">HTTP/1.0 200 OK
Date: Fri, 25 Feb 2011 11:05:33 GMT
Server: Oracle-Application-Server-10g/10.1.2.2.0 Oracle-HTTP-Server
Content-Length: 5004
Set-Cookie: JSESSIONID=5361234924fd98aa5733643feb0ed2d41cdc2fd30086fdafb0548e72a8e3dbe6.e38Ob3aOaheRe34Mb3qSax0Pahz0nR9Pq6XteP93; path=/login
Content-Type: text/html; charset=ISO-8859-1
</responseHeader>
  <requestHeader class="java.lang.String">Accept-Language: es-ES
Accept: image/jpeg, application/x-ms-application, image/gif, application/xaml+xml, image/pjpeg, application/x-ms-xbap, application/vnd.ms-powerpoint, application/vnd.ms-excel, application/msword, */*
User-Agent: Mozilla/4.0 (compatible; MSIE 7.0; Windows NT 6.1; Trident/4.0; SLCC2; .NET CLR 2.0.50727; .NET CLR 3.5.30729; .NET CLR 3.0.30729; Media Center PC 6.0; MDDS; .NET4.0C)
Accept-Encoding: gzip, deflate
Referer: http://picasso:8888/gepa/BusquedaAction.do
</requestHeader>
  <cookies class="java.lang.String"></cookies>
  <method class="java.lang.String">GET</method>
  <queryString class="java.lang.String"></queryString>
  <redirectLocation class="java.lang.String">https://login-pre.sge/pls/orasso/orasso.wwsso_app_admin.ls_login?Site2pstoreToken=v1.4~CEF0A91F~F9D0471D022957A0362346B812B6545EADB92E52F14F84AC9ED688D21728DCF929F0A04F9177EFBDA0EEDEC8A22EF2BAC58DD1F2F9631D11D58EBA6B8A9F16D95AF87B718F137BC3847200D261AC60A1201CB583711171B7B8F6AA9BB7769A6F8C9A9C7DBC2F8969A8A47039798A1312FB4FB623EEB22D34D5ECBDF0950DC18A6CBDA41937005F35780FD690E2FFE03EFC766F5B8F6280CE6102061FF1A2C246D52AA7BFA2A19062E03BAF801B7F1A5D498EE4BD32150C5180A043BAA9F3059C7A4595028C1D0A719E27917C11FC070F0F395596E52D62D7E4C8DAB8C4C8879C5641CB43DC69FAFC9E3C53396E2B4FAE4AB9EF6A3981276567E2CE6BBC56AA7E</redirectLocation>
  <url>https://preproduccion.sge/login/login.jsp?site2pstoretoken=v1.4~CEF0A91F~F9D0471D022957A0362346B812B6545EADB92E52F14F84AC9ED688D21728DCF929F0A04F9177EFBDA0EEDEC8A22EF2BAC58DD1F2F9631D11D58EBA6B8A9F16D95AF87B718F137BC3847200D261AC60A1201CB583711171B7B8F6AA9BB7769A6F8C9A9C7DBC2F8969A8A47039798A1312FB4FB623EEB22D34D5ECBDF0950DC18A6CBDA41937005F35780FD690E2FFE03EFC766F5B8F6280CE6102061FF1A2C246D52AA7BFA2A19062E03BAF801B7F1A5D498EE4BD32150C5180A043BAA9F3059C7A4595028C1D0A719E27917C11FC070F0F395596E52D62D7E4C8DAB8C4C8879C5641CB43DC69FAFC9E3C53396E2B4FAE4AB9EF6A3981276567E2CE6BBC56AA7E&amp;p_error_code=&amp;p_submit_url=https%3A%2F%2Flogin-pre.sge%2Fsso%2Fauth&amp;p_cancel_url=https%3A%2F%2Fpreproduccion.sge&amp;ssousername=&amp;subscribername=</url>
</httpSample>
<httpSample t="172" lt="0" ts="1298631933467" s="true" lb="/gepa/scripts/scriptaculous/scriptaculous.js" rc="200" by="5100">
  <responseHeader class="java.lang.String">HTTP/1.0 200 OK
Date: Fri, 25 Feb 2011 11:05:33 GMT
Server: Oracle-Application-Server-10g/10.1.2.2.0 Oracle-HTTP-Server
Content-Length: 5100
Set-Cookie: JSESSIONID=3b3a39cd2432c09a43f642e0751020923ec9a5427a19081050bbefdd122e8e3f.e3eSbhiLaNyPe3yNbNyQc3qSai1BqBjKpPXxqAa; path=/login
Content-Type: text/html; charset=ISO-8859-1
</responseHeader>
  <requestHeader class="java.lang.String">Accept-Language: es-ES
Accept: */*
User-Agent: Mozilla/4.0 (compatible; MSIE 7.0; Windows NT 6.1; Trident/4.0; SLCC2; .NET CLR 2.0.50727; .NET CLR 3.5.30729; .NET CLR 3.0.30729; Media Center PC 6.0; MDDS; .NET4.0C)
Accept-Encoding: gzip, deflate
Referer: http://picasso:8888/gepa/ResultadoBusquedaAction.do?accion=gestionExp&amp;indice=0
</requestHeader>
  <cookies class="java.lang.String"></cookies>
  <method class="java.lang.String">GET</method>
  <queryString class="java.lang.String"></queryString>
  <redirectLocation class="java.lang.String">https://login-pre.sge/pls/orasso/orasso.wwsso_app_admin.ls_login?Site2pstoreToken=v1.4~CEF0A91F~F9D0471D022957A0362346B812B6545EADB92E52F14F84AC9ED688D21728DCF929F0A04F9177EFBDA0EEDEC8A22EF2BAC58DD1F2F9631D11D58EBA6B8A9F16D95AF87B718F137BC3847200D261AC60A1201CB583711171B7B8F6AA9BB7769A6F9C160A8FE5275B5AC4E57BD0A22126AAB1CC57F93B096177C69B1C601DAE701147A146BB8EFABBEDCD38EA93260AF3D6857419552451A7196698B7DAF71DC3D739C58351168FD70960C13AA26B7C20081A88316DBF6C2909A194312C9588DE09D70F4E5C09FFFEDFE6C06CB5F2BB6F5FAEE48290A0AC95B384A10CD43B4074A66106E4F7A428CA456995223C346DE2919FE4BE1128B4E125D5BC09C1AB3CA4615D538A88C9F0BEC918B4862F88C2C8F09C6895DC32C1E1CE</redirectLocation>
  <url>https://preproduccion.sge/login/login.jsp?site2pstoretoken=v1.4~CEF0A91F~F9D0471D022957A0362346B812B6545EADB92E52F14F84AC9ED688D21728DCF929F0A04F9177EFBDA0EEDEC8A22EF2BAC58DD1F2F9631D11D58EBA6B8A9F16D95AF87B718F137BC3847200D261AC60A1201CB583711171B7B8F6AA9BB7769A6F9C160A8FE5275B5AC4E57BD0A22126AAB1CC57F93B096177C69B1C601DAE701147A146BB8EFABBEDCD38EA93260AF3D6857419552451A7196698B7DAF71DC3D739C58351168FD70960C13AA26B7C20081A88316DBF6C2909A194312C9588DE09D70F4E5C09FFFEDFE6C06CB5F2BB6F5FAEE48290A0AC95B384A10CD43B4074A66106E4F7A428CA456995223C346DE2919FE4BE1128B4E125D5BC09C1AB3CA4615D538A88C9F0BEC918B4862F88C2C8F09C6895DC32C1E1CE&amp;p_error_code=&amp;p_submit_url=https%3A%2F%2Flogin-pre.sge%2Fsso%2Fauth&amp;p_cancel_url=https%3A%2F%2Fpreproduccion.sge&amp;ssousername=&amp;subscribername=</url>
</httpSample>
<httpSample t="188" lt="0" ts="1298631933639" s="true" lb="/gepa/ConexionAction.do" rc="200" by="5420">
  <responseHeader class="java.lang.String">HTTP/1.0 200 OK
Date: Fri, 25 Feb 2011 11:05:33 GMT
Server: Oracle-Application-Server-10g/10.1.2.2.0 Oracle-HTTP-Server
Content-Length: 5420
Set-Cookie: JSESSIONID=026a23aaeb3466c5d214d2120db7a67a8d16283058c2ec67e144030281dd35bf.e38Ob3aOaheRe34Mb3qSax0Pahz0nR9Pq6XteP93; path=/login
Content-Type: text/html; charset=ISO-8859-1
</responseHeader>
  <requestHeader class="java.lang.String">Accept-Language: es
Accept: */*
User-Agent: Mozilla/4.0 (compatible; MSIE 7.0; Windows NT 6.1; Trident/4.0; SLCC2; .NET CLR 2.0.50727; .NET CLR 3.5.30729; .NET CLR 3.0.30729; Media Center PC 6.0; MDDS; .NET4.0C)
Accept-Encoding: gzip, deflate
</requestHeader>
  <cookies class="java.lang.String"></cookies>
  <method class="java.lang.String">GET</method>
  <queryString class="java.lang.String"></queryString>
  <redirectLocation class="java.lang.String">https://login-pre.sge/pls/orasso/orasso.wwsso_app_admin.ls_login?Site2pstoreToken=v1.4~CEF0A91F~F9D0471D022957A0362346B812B6545EADB92E52F14F84AC9ED688D21728DCF929F0A04F9177EFBDA0EEDEC8A22EF2BAC58DD1F2F9631D11D58EBA6B8A9F16D95AF87B718F137BC3847200D261AC60A1201CB583711171B7B8F6AA9BB7769A6F371DAAAC3FD5AC729FCAF74F53502CAD824983A6A375C0F26A9404842A5EB93A9FFDEE236337C4AD944ABBC854CB3FE7CD6F1207B0238B6400D486EBFEFF209DAF796025D5BDB082DB229765176B196AED42A1901160EF121049FB5DFF93BD2D0F4D13D7F57B142DA0076976C7723BB508834F8B71D794B2E4C68ABEE7A421ACEF410F4E66BEC7D898DE34AE7B034E736C0D13B1989C735FCDC19908F9B4F7DCD28CF7CEC7A4690D23C2882929D6CC49847E2BE7FFB72E4D733C12A061E141A6676CCCB65534A0F1D61EFBA6EF64EEC2A30AADF5A0D467A1F2691CD87E388358E82FCB98B1C1901A48C23B5705D2A1D7AA65D7329DA48B3A066123DB9273EC1B9F863424962CC8B9</redirectLocation>
  <url>https://preproduccion.sge/login/login.jsp?site2pstoretoken=v1.4~CEF0A91F~F9D0471D022957A0362346B812B6545EADB92E52F14F84AC9ED688D21728DCF929F0A04F9177EFBDA0EEDEC8A22EF2BAC58DD1F2F9631D11D58EBA6B8A9F16D95AF87B718F137BC3847200D261AC60A1201CB583711171B7B8F6AA9BB7769A6F371DAAAC3FD5AC729FCAF74F53502CAD824983A6A375C0F26A9404842A5EB93A9FFDEE236337C4AD944ABBC854CB3FE7CD6F1207B0238B6400D486EBFEFF209DAF796025D5BDB082DB229765176B196AED42A1901160EF121049FB5DFF93BD2D0F4D13D7F57B142DA0076976C7723BB508834F8B71D794B2E4C68ABEE7A421ACEF410F4E66BEC7D898DE34AE7B034E736C0D13B1989C735FCDC19908F9B4F7DCD28CF7CEC7A4690D23C2882929D6CC49847E2BE7FFB72E4D733C12A061E141A6676CCCB65534A0F1D61EFBA6EF64EEC2A30AADF5A0D467A1F2691CD87E388358E82FCB98B1C1901A48C23B5705D2A1D7AA65D7329DA48B3A066123DB9273EC1B9F863424962CC8B9&amp;p_error_code=&amp;p_submit_url=https%3A%2F%2Flogin-pre.sge%2Fsso%2Fauth&amp;p_cancel_url=https%3A%2F%2Fpreproduccion.sge&amp;ssousername=&amp;subscribername=</url>
</httpSample>
<httpSample t="172" lt="0" ts="1298631933827" s="true" lb="/gepa/scripts/scriptaculous/scriptaculous.js" rc="200" by="5100">
  <responseHeader class="java.lang.String">HTTP/1.0 200 OK
Date: Fri, 25 Feb 2011 11:05:33 GMT
Server: Oracle-Application-Server-10g/10.1.2.2.0 Oracle-HTTP-Server
Content-Length: 5100
Set-Cookie: JSESSIONID=76e4ce7fd4bdef34e98c08eb93a9c0d437dadfcfde58f4ef03e1ea1876b4eb44.e3eSbhiLaNyPe3yNbNyQc3qSai1BqBjKpPXxqAa; path=/login
Content-Type: text/html; charset=ISO-8859-1
</responseHeader>
  <requestHeader class="java.lang.String">Accept-Language: es-ES
Accept: */*
User-Agent: Mozilla/4.0 (compatible; MSIE 7.0; Windows NT 6.1; Trident/4.0; SLCC2; .NET CLR 2.0.50727; .NET CLR 3.5.30729; .NET CLR 3.0.30729; Media Center PC 6.0; MDDS; .NET4.0C)
Accept-Encoding: gzip, deflate
Referer: http://picasso:8888/gepa/ConexionAction.do?POSTDATA=variosPerfiles=true&amp;accion=iniciar&amp;codigoEntidad=DYS&amp;codigo=jcnegredo&amp;contrasenya=dysmatica&amp;rolSeleccionado=25
</requestHeader>
  <cookies class="java.lang.String"></cookies>
  <method class="java.lang.String">GET</method>
  <queryString class="java.lang.String"></queryString>
  <redirectLocation class="java.lang.String">https://login-pre.sge/pls/orasso/orasso.wwsso_app_admin.ls_login?Site2pstoreToken=v1.4~CEF0A91F~F9D0471D022957A0362346B812B6545EADB92E52F14F84AC9ED688D21728DCF929F0A04F9177EFBDA0EEDEC8A22EF2BAC58DD1F2F9631D11D58EBA6B8A9F16D95AF87B718F137BC3847200D261AC60A1201CB583711171B7B8F6AA9BB7769A6F9C160A8FE5275B5AC4E57BD0A22126AAB1CC57F93B096177C69B1C601DAE701147A146BB8EFABBEDCD38EA93260AF3D6857419552451A7196698B7DAF71DC3D739C58351168FD70960C13AA26B7C20081A88316DBF6C2909A194312C9588DE09D70F4E5C09FFFEDFE6C06CB5F2BB6F5FAEE48290A0AC95B384A10CD43B4074A66106E4F7A428CA456995223C346DE2919FE4BE1128B4E125D5BC09C1AB3CA4615D538A88C9F0BEC918B4862F88C2C8F09C6895DC32C1E1CE</redirectLocation>
  <url>https://preproduccion.sge/login/login.jsp?site2pstoretoken=v1.4~CEF0A91F~F9D0471D022957A0362346B812B6545EADB92E52F14F84AC9ED688D21728DCF929F0A04F9177EFBDA0EEDEC8A22EF2BAC58DD1F2F9631D11D58EBA6B8A9F16D95AF87B718F137BC3847200D261AC60A1201CB583711171B7B8F6AA9BB7769A6F9C160A8FE5275B5AC4E57BD0A22126AAB1CC57F93B096177C69B1C601DAE701147A146BB8EFABBEDCD38EA93260AF3D6857419552451A7196698B7DAF71DC3D739C58351168FD70960C13AA26B7C20081A88316DBF6C2909A194312C9588DE09D70F4E5C09FFFEDFE6C06CB5F2BB6F5FAEE48290A0AC95B384A10CD43B4074A66106E4F7A428CA456995223C346DE2919FE4BE1128B4E125D5BC09C1AB3CA4615D538A88C9F0BEC918B4862F88C2C8F09C6895DC32C1E1CE&amp;p_error_code=&amp;p_submit_url=https%3A%2F%2Flogin-pre.sge%2Fsso%2Fauth&amp;p_cancel_url=https%3A%2F%2Fpreproduccion.sge&amp;ssousername=&amp;subscribername=</url>
</httpSample>
<httpSample t="31" lt="31" ts="1298631933999" s="false" lb="/gepa/ConexionAction.do;jsessionid=eb634fe5b58b0bcb96508261e275709f9c8e236e3e15aeb347f0741aac2dda55" rc="500" by="778">
  <responseHeader class="java.lang.String">HTTP/1.0 500 Internal Server Error
Date: Fri, 25 Feb 2011 11:05:34 GMT
Server: Oracle-Application-Server-10g/10.1.2.2.0 Oracle-HTTP-Server
Content-Type: text/html; charset=iso-8859-1
</responseHeader>
  <requestHeader class="java.lang.String">Content-Type: application/x-www-form-urlencoded
Accept-Language: es-ES
Accept: image/jpeg, application/x-ms-application, image/gif, application/xaml+xml, image/pjpeg, application/x-ms-xbap, application/vnd.ms-powerpoint, application/vnd.ms-excel, application/msword, */*
User-Agent: Mozilla/4.0 (compatible; MSIE 7.0; Windows NT 6.1; Trident/4.0; SLCC2; .NET CLR 2.0.50727; .NET CLR 3.5.30729; .NET CLR 3.0.30729; Media Center PC 6.0; MDDS; .NET4.0C)
Accept-Encoding: gzip, deflate
Referer: http://picasso:8888/gepa/ConexionAction.do?POSTDATA=variosPerfiles=true&amp;accion=iniciar&amp;codigoEntidad=DYS&amp;codigo=jcnegredo&amp;contrasenya=dysmatica&amp;rolSeleccionado=25
Pragma: no-cache
</requestHeader>
  <cookies class="java.lang.String"></cookies>
  <method class="java.lang.String">POST</method>
  <queryString class="java.lang.String">variosPerfiles=true&amp;accion=seleccionarPerfil&amp;codigoEntidad=DYS&amp;rolSeleccionado=25</queryString>
  <url>https://preproduccion.sge:443/gepa/ConexionAction.do;jsessionid=eb634fe5b58b0bcb96508261e275709f9c8e236e3e15aeb347f0741aac2dda55</url>
</httpSample>
<httpSample t="187" lt="0" ts="1298631934030" s="true" lb="/gepa/scripts/scriptaculous/scriptaculous.js" rc="200" by="5068">
  <responseHeader class="java.lang.String">HTTP/1.0 200 OK
Date: Fri, 25 Feb 2011 11:05:34 GMT
Server: Oracle-Application-Server-10g/10.1.2.2.0 Oracle-HTTP-Server
Content-Length: 5068
Set-Cookie: JSESSIONID=b12f8923d2c6a1b01c44ea6718fa27130c5aabb8bd8b73bfc548ce63647553d1.e3eSbhiLaNyPe3yNbNyQc3qSai1BqBjKpPXxqAa; path=/login
Content-Type: text/html; charset=ISO-8859-1
</responseHeader>
  <requestHeader class="java.lang.String">Accept-Language: es-ES
Accept: */*
User-Agent: Mozilla/4.0 (compatible; MSIE 7.0; Windows NT 6.1; Trident/4.0; SLCC2; .NET CLR 2.0.50727; .NET CLR 3.5.30729; .NET CLR 3.0.30729; Media Center PC 6.0; MDDS; .NET4.0C)
Accept-Encoding: gzip, deflate
Referer: http://picasso:8888/gepa/ConexionAction.do;jsessionid=eb634fe5b58b0bcb96508261e275709f9c8e236e3e15aeb347f0741aac2dda55
</requestHeader>
  <cookies class="java.lang.String"></cookies>
  <method class="java.lang.String">GET</method>
  <queryString class="java.lang.String"></queryString>
  <redirectLocation class="java.lang.String">https://login-pre.sge/pls/orasso/orasso.wwsso_app_admin.ls_login?Site2pstoreToken=v1.4~CEF0A91F~6FEDA450CFDCDB768184B36DC34EE82DC078E67E89F3144159CCBE1D6CA08713AF39DC622700ACB89219CDE60727A1CEBC258F9D1B4690321C5653B712DE4081757452AD6833C776390EFC7BFF918ED80A5959891A9F2131CF23FE07DEB9CD0496466CB15A99B87C4A454419062BF1E994DC773167347F847CA4275315F0D24A8F70E006C9BD0DBDE9755E4F5334143FC7B0A4ED5F3A0D71F159920A642B2B9D35BF187F1C36C0C01C57CD2C55EA60868E1D8D575277530DD57F89C3DCFF08E3E0654F7FF1699922A8DAB36D7B5CBA862D234E0DB12E24EB6A65F70725AC91BB6CC6AB60D379997BD2BADF8D54807C09FF9C7F1494F677DC5FF0785FFA38CD080AE3A4180A0C0F88FC0411F7792368D3</redirectLocation>
  <url>https://preproduccion.sge/login/login.jsp?site2pstoretoken=v1.4~CEF0A91F~6FEDA450CFDCDB768184B36DC34EE82DC078E67E89F3144159CCBE1D6CA08713AF39DC622700ACB89219CDE60727A1CEBC258F9D1B4690321C5653B712DE4081757452AD6833C776390EFC7BFF918ED80A5959891A9F2131CF23FE07DEB9CD0496466CB15A99B87C4A454419062BF1E994DC773167347F847CA4275315F0D24A8F70E006C9BD0DBDE9755E4F5334143FC7B0A4ED5F3A0D71F159920A642B2B9D35BF187F1C36C0C01C57CD2C55EA60868E1D8D575277530DD57F89C3DCFF08E3E0654F7FF1699922A8DAB36D7B5CBA862D234E0DB12E24EB6A65F70725AC91BB6CC6AB60D379997BD2BADF8D54807C09FF9C7F1494F677DC5FF0785FFA38CD080AE3A4180A0C0F88FC0411F7792368D3&amp;p_error_code=&amp;p_submit_url=https%3A%2F%2Flogin-pre.sge%2Fsso%2Fauth&amp;p_cancel_url=https%3A%2F%2Fpreproduccion.sge&amp;ssousername=&amp;subscribername=</url>
</httpSample>
<httpSample t="16" lt="16" ts="1298631934217" s="false" lb="/gepa/BusquedaAction.do" rc="500" by="778">
  <responseHeader class="java.lang.String">HTTP/1.0 500 Internal Server Error
Date: Fri, 25 Feb 2011 11:05:34 GMT
Server: Oracle-Application-Server-10g/10.1.2.2.0 Oracle-HTTP-Server
Content-Type: text/html; charset=iso-8859-1
</responseHeader>
  <requestHeader class="java.lang.String">Content-Type: application/x-www-form-urlencoded
Accept-Language: es-ES
Accept: image/jpeg, application/x-ms-application, image/gif, application/xaml+xml, image/pjpeg, application/x-ms-xbap, application/vnd.ms-powerpoint, application/vnd.ms-excel, application/msword, */*
User-Agent: Mozilla/4.0 (compatible; MSIE 7.0; Windows NT 6.1; Trident/4.0; SLCC2; .NET CLR 2.0.50727; .NET CLR 3.5.30729; .NET CLR 3.0.30729; Media Center PC 6.0; MDDS; .NET4.0C)
Accept-Encoding: gzip, deflate
Referer: http://picasso:8888/gepa/ConexionAction.do;jsessionid=eb634fe5b58b0bcb96508261e275709f9c8e236e3e15aeb347f0741aac2dda55
Pragma: no-cache
</requestHeader>
  <cookies class="java.lang.String"></cookies>
  <method class="java.lang.String">POST</method>
  <queryString class="java.lang.String">accion=buscar&amp;modo=rapida&amp;avanzadaDesplegada=false&amp;descElemPesado=&amp;identificacionRapida=&amp;nombreRapida=&amp;apellido1Rapida=&amp;apellido2Rapida=&amp;anyoRapida=&amp;numeroRapida=&amp;desdeRapida=&amp;hastaRapida=&amp;tramiteRapida=-1&amp;estadoRapida=-1&amp;idBusqueda=-1&amp;idClases=26&amp;metaTipo0=STRING&amp;metaTipo1=STRING&amp;metaTipo2=LISTA&amp;metaTipo3=STRING&amp;metaTipo4=LISTA_PESADA&amp;metaTipo5=STRING&amp;metaTipo6=LISTA&amp;metaTipo7=STRING&amp;metaTipo8=STRING&amp;metaTipo9=STRING&amp;metaTipo10=STRING&amp;metaTipo11=STRING&amp;metaTipo12=STRING&amp;metaTipo13=LISTA&amp;metaTipo14=STRING&amp;metaTipo15=TIMESTAMP&amp;metaTipo16=TIMESTAMP&amp;metaTipo17=TIMESTAMP&amp;metaTipo18=LISTA&amp;metaTipo19=LISTA_PESADA&amp;metaTipo20=STRING&amp;metaTipo21=STRING&amp;metaTipo22=STRING&amp;metaTipo23=STRING&amp;metaTipo24=STRING&amp;metaTipo25=LISTA_PESADA&amp;metaTipo26=LISTA&amp;metaTipo27=STRING&amp;metaTipo28=LISTA&amp;metaTipo29=STRING&amp;metaTipo30=STRING&amp;metaTipo31=INTEGER&amp;metaTipo32=STRING&amp;metaTipo33=STRING&amp;metaTipo34=STRING&amp;metaTipo35=LISTA&amp;metaTipo36=LISTA&amp;metaTipo37=LISTA&amp;metaTipo38=STRING&amp;metaTipo39=SEPARADOR&amp;metaTipo40=BOOLEAN&amp;metaTipo41=STRING&amp;metaTipo42=STRING&amp;metaTipo43=STRING&amp;metaTipo44=LISTA&amp;metaTipo45=BOOLEAN&amp;metaTipo46=BOOLEAN&amp;metaTipo47=BOOLEAN&amp;metaTipo48=STRING&amp;metaTipo49=TIMESTAMP&amp;metaTipo50=TIMESTAMP&amp;metaTipo51=TIMESTAMP&amp;metaTipo52=TIMESTAMP&amp;metaTipo53=TIMESTAMP&amp;metaTipo54=TIMESTAMP&amp;metaTipo55=TIMESTAMP&amp;metaTipo56=TIMESTAMP&amp;metaTipo57=TIMESTAMP&amp;metaTipo58=TIMESTAMP&amp;metaTipo59=TIMESTAMP&amp;metaTipo60=TIMESTAMP&amp;metaTipo61=TIMESTAMP&amp;metaTipo62=TIMESTAMP&amp;metaTipo63=TIMESTAMP&amp;metaTipo64=LISTA&amp;metaTipo65=LISTA&amp;metaTipo66=LISTA&amp;metaTipo67=DOUBLE&amp;metaTipo68=DOUBLE&amp;metaTipo69=DOUBLE&amp;metaTipo70=DOUBLE&amp;metaTipo71=DOUBLE&amp;metaTipo72=DOUBLE&amp;metaTipo73=DOUBLE&amp;metaTipo74=BOOLEAN&amp;metaTipo75=LISTA&amp;metaTipo76=STRING&amp;metaTipo77=STRING&amp;metaTipo78=STRING&amp;metaTipo79=STRING&amp;metaTipo80=STRING&amp;metaTipo81=STRING&amp;metaTipo82=STRING&amp;metaTipo83=BOOLEAN&amp;metaTipo84=BOOLEAN&amp;metaTipo85=STRING&amp;metaTipo86=LISTA&amp;metaTipo87=LISTA&amp;metaTipo88=LISTA_PESADA&amp;metaTipo89=LISTA&amp;metaTipo90=LISTA&amp;metaTipo91=STRING&amp;metaTipo92=LISTA&amp;metaTipo93=STRING&amp;metaTipo94=STRING&amp;metaTipo95=LISTA&amp;metaTipo96=LISTA&amp;metaTipo97=LISTA&amp;metaTipo98=BOOLEAN&amp;metaTipo99=LISTA&amp;metaTipo100=BOOLEAN&amp;metaTipo101=LISTA&amp;metaTipo102=LISTA&amp;metaTipo103=BOOLEAN&amp;metaTipo104=BOOLEAN&amp;metaTipo105=LISTA&amp;metaTipo106=LISTA&amp;metaTipo107=LISTA&amp;metaTipo108=LISTA&amp;metaTipo109=LISTA&amp;metaTipo110=STRING&amp;metaTipo111=LISTA&amp;valor=&amp;valorPesado=&amp;lista37=-1&amp;lista36=-1&amp;lista35=-1&amp;lista99=-1&amp;lista109=-1&amp;lista66=-1&amp;lista98=-1&amp;lista108=-1&amp;lista65=-1&amp;lista97=-1&amp;lista107=-1&amp;lista64=-1&amp;lista96=-1&amp;lista106=-1&amp;lista95=-1&amp;lista105=-1&amp;lista104=-1&amp;lista92=-1&amp;lista103=-1&amp;lista102=-1&amp;lista90=-1&amp;lista101=-1&amp;lista100=-1&amp;lista28=-1&amp;lista26=-1&amp;lista89=-1&amp;lista87=-1&amp;lista86=-1&amp;lista6=-1&amp;lista84=-1&amp;lista83=-1&amp;lista2=-1&amp;lista18=-1&amp;lista47=-1&amp;lista46=-1&amp;lista13=-1&amp;lista45=-1&amp;lista44=-1&amp;lista75=-1&amp;lista74=-1&amp;lista40=-1&amp;lista111=-1</queryString>
  <url>https://preproduccion.sge:443/gepa/BusquedaAction.do</url>
</httpSample>
<httpSample t="203" lt="0" ts="1298631934233" s="true" lb="/gepa/scripts/scriptaculous/scriptaculous.js" rc="200" by="5068">
  <responseHeader class="java.lang.String">HTTP/1.0 200 OK
Date: Fri, 25 Feb 2011 11:05:34 GMT
Server: Oracle-Application-Server-10g/10.1.2.2.0 Oracle-HTTP-Server
Content-Length: 5068
Set-Cookie: JSESSIONID=19661cb346723457ebdc204746e164a42156f66a060eed9dc929fb4afec17310.e38Ob3aOaheRe34Mb3qSax0Pahz0nR9Pq6XteP93; path=/login
Content-Type: text/html; charset=ISO-8859-1
</responseHeader>
  <requestHeader class="java.lang.String">Accept-Language: es-ES
Accept: */*
User-Agent: Mozilla/4.0 (compatible; MSIE 7.0; Windows NT 6.1; Trident/4.0; SLCC2; .NET CLR 2.0.50727; .NET CLR 3.5.30729; .NET CLR 3.0.30729; Media Center PC 6.0; MDDS; .NET4.0C)
Accept-Encoding: gzip, deflate
Referer: http://picasso:8888/gepa/BusquedaAction.do
</requestHeader>
  <cookies class="java.lang.String"></cookies>
  <method class="java.lang.String">GET</method>
  <queryString class="java.lang.String"></queryString>
  <redirectLocation class="java.lang.String">https://login-pre.sge/pls/orasso/orasso.wwsso_app_admin.ls_login?Site2pstoreToken=v1.4~CEF0A91F~6FEDA450CFDCDB768184B36DC34EE82DC078E67E89F3144159CCBE1D6CA08713AF39DC622700ACB89219CDE60727A1CEBC258F9D1B4690321C5653B712DE4081757452AD6833C776390EFC7BFF918ED80A5959891A9F2131CF23FE07DEB9CD0496466CB15A99B87C4A454419062BF1E994DC773167347F847CA4275315F0D24A8F70E006C9BD0DBDE9755E4F5334143FC7B0A4ED5F3A0D71F159920A642B2B9D35BF187F1C36C0C01C57CD2C55EA60868E1D8D575277530DD57F89C3DCFF08E3E0654F7FF1699922A8DAB36D7B5CBA862D234E0DB12E24EB6A65F70725AC91BB6CC6AB60D379997BD2BADF8D54807C09FF9C7F1494F677DC5FF0785FFA38CD080AE3A4180A0C0F88FC0411F7792368D3</redirectLocation>
  <url>https://preproduccion.sge/login/login.jsp?site2pstoretoken=v1.4~CEF0A91F~6FEDA450CFDCDB768184B36DC34EE82DC078E67E89F3144159CCBE1D6CA08713AF39DC622700ACB89219CDE60727A1CEBC258F9D1B4690321C5653B712DE4081757452AD6833C776390EFC7BFF918ED80A5959891A9F2131CF23FE07DEB9CD0496466CB15A99B87C4A454419062BF1E994DC773167347F847CA4275315F0D24A8F70E006C9BD0DBDE9755E4F5334143FC7B0A4ED5F3A0D71F159920A642B2B9D35BF187F1C36C0C01C57CD2C55EA60868E1D8D575277530DD57F89C3DCFF08E3E0654F7FF1699922A8DAB36D7B5CBA862D234E0DB12E24EB6A65F70725AC91BB6CC6AB60D379997BD2BADF8D54807C09FF9C7F1494F677DC5FF0785FFA38CD080AE3A4180A0C0F88FC0411F7792368D3&amp;p_error_code=&amp;p_submit_url=https%3A%2F%2Flogin-pre.sge%2Fsso%2Fauth&amp;p_cancel_url=https%3A%2F%2Fpreproduccion.sge&amp;ssousername=&amp;subscribername=</url>
</httpSample>
<httpSample t="188" lt="0" ts="1298631934436" s="true" lb="/gepa/ResultadoBusquedaAction.do" rc="200" by="4972">
  <responseHeader class="java.lang.String">HTTP/1.0 200 OK
Date: Fri, 25 Feb 2011 11:05:34 GMT
Server: Oracle-Application-Server-10g/10.1.2.2.0 Oracle-HTTP-Server
Content-Length: 4972
Set-Cookie: JSESSIONID=e3db33ff15b6951121f488b3bf55472e98509bc9802764278346a25ada46cb92.e3eSbhiLaNyPe3yNbNyQc3qSai1BqBjKpPXxqAa; path=/login
Content-Type: text/html; charset=ISO-8859-1
</responseHeader>
  <requestHeader class="java.lang.String">Accept-Language: es-ES
Accept: image/jpeg, application/x-ms-application, image/gif, application/xaml+xml, image/pjpeg, application/x-ms-xbap, application/vnd.ms-powerpoint, application/vnd.ms-excel, application/msword, */*
User-Agent: Mozilla/4.0 (compatible; MSIE 7.0; Windows NT 6.1; Trident/4.0; SLCC2; .NET CLR 2.0.50727; .NET CLR 3.5.30729; .NET CLR 3.0.30729; Media Center PC 6.0; MDDS; .NET4.0C)
Accept-Encoding: gzip, deflate
Referer: http://picasso:8888/gepa/BusquedaAction.do
</requestHeader>
  <cookies class="java.lang.String"></cookies>
  <method class="java.lang.String">GET</method>
  <queryString class="java.lang.String"></queryString>
  <redirectLocation class="java.lang.String">https://login-pre.sge/pls/orasso/orasso.wwsso_app_admin.ls_login?Site2pstoreToken=v1.4~CEF0A91F~6FEDA450CFDCDB768184B36DC34EE82DC078E67E89F3144159CCBE1D6CA08713AF39DC622700ACB89219CDE60727A1CEBC258F9D1B4690321C5653B712DE4081757452AD6833C776390EFC7BFF918ED80A5959891A9F2131CF23FE07DEB9CD0494B7432D6312B67AE5389DAE060ADFF763C17709C5CE6EF53F5A9FED04A06D4F1D86A4D626ED6E8D9098881620E193B154F1A9497AE1F982FF89B4647040063AFCA1623F5EC8589C9A137D283872032C81BBF1094138941958FE17CAE92634076B3F439CB0D19EC52007EE397EAFD66CB760B2DCCF10F9B3CE7FEA7FF0A58C582C67D7E908991CE0187F8DDC421FF35259E9EAC9ED9385D2</redirectLocation>
  <url>https://preproduccion.sge/login/login.jsp?site2pstoretoken=v1.4~CEF0A91F~6FEDA450CFDCDB768184B36DC34EE82DC078E67E89F3144159CCBE1D6CA08713AF39DC622700ACB89219CDE60727A1CEBC258F9D1B4690321C5653B712DE4081757452AD6833C776390EFC7BFF918ED80A5959891A9F2131CF23FE07DEB9CD0494B7432D6312B67AE5389DAE060ADFF763C17709C5CE6EF53F5A9FED04A06D4F1D86A4D626ED6E8D9098881620E193B154F1A9497AE1F982FF89B4647040063AFCA1623F5EC8589C9A137D283872032C81BBF1094138941958FE17CAE92634076B3F439CB0D19EC52007EE397EAFD66CB760B2DCCF10F9B3CE7FEA7FF0A58C582C67D7E908991CE0187F8DDC421FF35259E9EAC9ED9385D2&amp;p_error_code=&amp;p_submit_url=https%3A%2F%2Flogin-pre.sge%2Fsso%2Fauth&amp;p_cancel_url=https%3A%2F%2Fpreproduccion.sge&amp;ssousername=&amp;subscribername=</url>
</httpSample>
<httpSample t="234" lt="0" ts="1298631934624" s="true" lb="/gepa/scripts/scriptaculous/scriptaculous.js" rc="200" by="5068">
  <responseHeader class="java.lang.String">HTTP/1.0 200 OK
Date: Fri, 25 Feb 2011 11:05:34 GMT
Server: Oracle-Application-Server-10g/10.1.2.2.0 Oracle-HTTP-Server
Content-Length: 5068
Set-Cookie: JSESSIONID=ec722f4ca96d2898c830d9ee4552a74a5cb035bc759a722a141bbb7802d4a196.e38Ob3aOaheRe34Mb3qSax0Pahz0nR9Pq6XteP93; path=/login
Content-Type: text/html; charset=ISO-8859-1
</responseHeader>
  <requestHeader class="java.lang.String">Accept-Language: es-ES
Accept: */*
User-Agent: Mozilla/4.0 (compatible; MSIE 7.0; Windows NT 6.1; Trident/4.0; SLCC2; .NET CLR 2.0.50727; .NET CLR 3.5.30729; .NET CLR 3.0.30729; Media Center PC 6.0; MDDS; .NET4.0C)
Accept-Encoding: gzip, deflate
Referer: http://picasso:8888/gepa/ResultadoBusquedaAction.do?accion=gestionExp&amp;indice=0
</requestHeader>
  <cookies class="java.lang.String"></cookies>
  <method class="java.lang.String">GET</method>
  <queryString class="java.lang.String"></queryString>
  <redirectLocation class="java.lang.String">https://login-pre.sge/pls/orasso/orasso.wwsso_app_admin.ls_login?Site2pstoreToken=v1.4~CEF0A91F~6FEDA450CFDCDB768184B36DC34EE82DC078E67E89F3144159CCBE1D6CA08713AF39DC622700ACB89219CDE60727A1CEBC258F9D1B4690321C5653B712DE4081757452AD6833C776390EFC7BFF918ED80A5959891A9F2131CF23FE07DEB9CD0496466CB15A99B87C4A454419062BF1E994DC773167347F847CA4275315F0D24A8F70E006C9BD0DBDE9755E4F5334143FC7B0A4ED5F3A0D71F159920A642B2B9D35BF187F1C36C0C01C57CD2C55EA60868E1D8D575277530DD57F89C3DCFF08E3E0654F7FF1699922A8DAB36D7B5CBA862D234E0DB12E24EB6A65F70725AC91BB6CC6AB60D379997BD2BADF8D54807C09FF9C7F1494F677DC5FF0785FFA38CD080AE3A4180A0C0F88FC0411F7792368D3</redirectLocation>
  <url>https://preproduccion.sge/login/login.jsp?site2pstoretoken=v1.4~CEF0A91F~6FEDA450CFDCDB768184B36DC34EE82DC078E67E89F3144159CCBE1D6CA08713AF39DC622700ACB89219CDE60727A1CEBC258F9D1B4690321C5653B712DE4081757452AD6833C776390EFC7BFF918ED80A5959891A9F2131CF23FE07DEB9CD0496466CB15A99B87C4A454419062BF1E994DC773167347F847CA4275315F0D24A8F70E006C9BD0DBDE9755E4F5334143FC7B0A4ED5F3A0D71F159920A642B2B9D35BF187F1C36C0C01C57CD2C55EA60868E1D8D575277530DD57F89C3DCFF08E3E0654F7FF1699922A8DAB36D7B5CBA862D234E0DB12E24EB6A65F70725AC91BB6CC6AB60D379997BD2BADF8D54807C09FF9C7F1494F677DC5FF0785FFA38CD080AE3A4180A0C0F88FC0411F7792368D3&amp;p_error_code=&amp;p_submit_url=https%3A%2F%2Flogin-pre.sge%2Fsso%2Fauth&amp;p_cancel_url=https%3A%2F%2Fpreproduccion.sge&amp;ssousername=&amp;subscribername=</url>
</httpSample>
<httpSample t="188" lt="0" ts="1298631934858" s="true" lb="/gepa/ConexionAction.do" rc="200" by="5388">
  <responseHeader class="java.lang.String">HTTP/1.0 200 OK
Date: Fri, 25 Feb 2011 11:05:34 GMT
Server: Oracle-Application-Server-10g/10.1.2.2.0 Oracle-HTTP-Server
Content-Length: 5388
Set-Cookie: JSESSIONID=66a98c7fb350a1ea8ce61653fd4b648dccdad0b32790a2c9c079152401923182.e3eSbhiLaNyPe3yNbNyQc3qSai1BqBjKpPXxqAa; path=/login
Content-Type: text/html; charset=ISO-8859-1
</responseHeader>
  <requestHeader class="java.lang.String">Accept-Language: es
Accept: */*
User-Agent: Mozilla/4.0 (compatible; MSIE 7.0; Windows NT 6.1; Trident/4.0; SLCC2; .NET CLR 2.0.50727; .NET CLR 3.5.30729; .NET CLR 3.0.30729; Media Center PC 6.0; MDDS; .NET4.0C)
Accept-Encoding: gzip, deflate
</requestHeader>
  <cookies class="java.lang.String"></cookies>
  <method class="java.lang.String">GET</method>
  <queryString class="java.lang.String"></queryString>
  <redirectLocation class="java.lang.String">https://login-pre.sge/pls/orasso/orasso.wwsso_app_admin.ls_login?Site2pstoreToken=v1.4~CEF0A91F~6FEDA450CFDCDB768184B36DC34EE82DC078E67E89F3144159CCBE1D6CA08713AF39DC622700ACB89219CDE60727A1CEBC258F9D1B4690321C5653B712DE4081757452AD6833C776390EFC7BFF918ED80A5959891A9F2131CF23FE07DEB9CD04CCC4A57DB1385759070A99A7F1D7B49F2C06C392F516E935F68E2D5572DECAFC5C2FDB04CED27B5A43EF545E9193E322C167388D5557EB3D18A78E61776F615929A564D5C90983A46ED239E270597E2A7FDC10CEDFA148D576323FE0E19F89DB4AAAB1261CD7F2C45F631757115B59BE8F4B8D3EA06E5B730CD79515ABB1EF01E1A352D8C2B4B03CAA7729B68C001C6C7349F2489A06629654EC2FF28AC9817BACEDB89F2C81B1C52E508EC2386BBC9DC556ECBCC8C7582793853393942C41F663B264DA83B4C85BA26AA3ECED0EF080A11A7847337A2EA55D7FC3E060AC3ABF17D80977CE46689670A82BF77BA1998EB2A51939DC2ACDAC10B83E32F0FE1890</redirectLocation>
  <url>https://preproduccion.sge/login/login.jsp?site2pstoretoken=v1.4~CEF0A91F~6FEDA450CFDCDB768184B36DC34EE82DC078E67E89F3144159CCBE1D6CA08713AF39DC622700ACB89219CDE60727A1CEBC258F9D1B4690321C5653B712DE4081757452AD6833C776390EFC7BFF918ED80A5959891A9F2131CF23FE07DEB9CD04CCC4A57DB1385759070A99A7F1D7B49F2C06C392F516E935F68E2D5572DECAFC5C2FDB04CED27B5A43EF545E9193E322C167388D5557EB3D18A78E61776F615929A564D5C90983A46ED239E270597E2A7FDC10CEDFA148D576323FE0E19F89DB4AAAB1261CD7F2C45F631757115B59BE8F4B8D3EA06E5B730CD79515ABB1EF01E1A352D8C2B4B03CAA7729B68C001C6C7349F2489A06629654EC2FF28AC9817BACEDB89F2C81B1C52E508EC2386BBC9DC556ECBCC8C7582793853393942C41F663B264DA83B4C85BA26AA3ECED0EF080A11A7847337A2EA55D7FC3E060AC3ABF17D80977CE46689670A82BF77BA1998EB2A51939DC2ACDAC10B83E32F0FE1890&amp;p_error_code=&amp;p_submit_url=https%3A%2F%2Flogin-pre.sge%2Fsso%2Fauth&amp;p_cancel_url=https%3A%2F%2Fpreproduccion.sge&amp;ssousername=&amp;subscribername=</url>
</httpSample>
<httpSample t="187" lt="0" ts="1298631935046" s="true" lb="/gepa/scripts/scriptaculous/scriptaculous.js" rc="200" by="5068">
  <responseHeader class="java.lang.String">HTTP/1.0 200 OK
Date: Fri, 25 Feb 2011 11:05:35 GMT
Server: Oracle-Application-Server-10g/10.1.2.2.0 Oracle-HTTP-Server
Content-Length: 5068
Set-Cookie: JSESSIONID=c6549ed2d1b5ad390c488024889cd07531547bac2974362e1d9ce8c89ea03263.e38Ob3aOaheRe34Mb3qSax0Pahz0nR9Pq6XteP93; path=/login
Content-Type: text/html; charset=ISO-8859-1
</responseHeader>
  <requestHeader class="java.lang.String">Accept-Language: es-ES
Accept: */*
User-Agent: Mozilla/4.0 (compatible; MSIE 7.0; Windows NT 6.1; Trident/4.0; SLCC2; .NET CLR 2.0.50727; .NET CLR 3.5.30729; .NET CLR 3.0.30729; Media Center PC 6.0; MDDS; .NET4.0C)
Accept-Encoding: gzip, deflate
Referer: http://picasso:8888/gepa/ConexionAction.do?POSTDATA=variosPerfiles=true&amp;accion=iniciar&amp;codigoEntidad=DYS&amp;codigo=jcnegredo&amp;contrasenya=dysmatica&amp;rolSeleccionado=25
</requestHeader>
  <cookies class="java.lang.String"></cookies>
  <method class="java.lang.String">GET</method>
  <queryString class="java.lang.String"></queryString>
  <redirectLocation class="java.lang.String">https://login-pre.sge/pls/orasso/orasso.wwsso_app_admin.ls_login?Site2pstoreToken=v1.4~CEF0A91F~8FC52050F6FEF9D2C123397A78C9BED6981D71A8F66E2806D080540172962F0065B9E160CFA98C7E32523506BA4523582B80280E30C679F9FD99FF68953DCB5ABB46A3A031FE107BCC5EB0F93CCD3C2B62C2822E13A71741CD63B53CC45D88203AB832780B51DE648B7E48B6EA5A84A192BD2080E44B88249C4453B2EEEA5B99E032FF5A6F557F3F9EA06D981076ED1A3A046133FB03837F2939D794822503C315363719EEA3B90FCACEC70D3B788B566660BA8897F68FEBE1FD86382105A54600924B4A3CAE5EB45611AD9A406D9CF1651B0E737240105E353ED420DD0D2D46244F5B9061D0447F76BA9B1E36A3EAE0E04BBFEB751A75A82E1FACFA414F29F38F7D79EBAAA6D27A6A25078F2363FD73</redirectLocation>
  <url>https://preproduccion.sge/login/login.jsp?site2pstoretoken=v1.4~CEF0A91F~8FC52050F6FEF9D2C123397A78C9BED6981D71A8F66E2806D080540172962F0065B9E160CFA98C7E32523506BA4523582B80280E30C679F9FD99FF68953DCB5ABB46A3A031FE107BCC5EB0F93CCD3C2B62C2822E13A71741CD63B53CC45D88203AB832780B51DE648B7E48B6EA5A84A192BD2080E44B88249C4453B2EEEA5B99E032FF5A6F557F3F9EA06D981076ED1A3A046133FB03837F2939D794822503C315363719EEA3B90FCACEC70D3B788B566660BA8897F68FEBE1FD86382105A54600924B4A3CAE5EB45611AD9A406D9CF1651B0E737240105E353ED420DD0D2D46244F5B9061D0447F76BA9B1E36A3EAE0E04BBFEB751A75A82E1FACFA414F29F38F7D79EBAAA6D27A6A25078F2363FD73&amp;p_error_code=&amp;p_submit_url=https%3A%2F%2Flogin-pre.sge%2Fsso%2Fauth&amp;p_cancel_url=https%3A%2F%2Fpreproduccion.sge&amp;ssousername=&amp;subscribername=</url>
</httpSample>
<httpSample t="16" lt="16" ts="1298631935233" s="false" lb="/gepa/ConexionAction.do;jsessionid=eb634fe5b58b0bcb96508261e275709f9c8e236e3e15aeb347f0741aac2dda55" rc="500" by="778">
  <responseHeader class="java.lang.String">HTTP/1.0 500 Internal Server Error
Date: Fri, 25 Feb 2011 11:05:35 GMT
Server: Oracle-Application-Server-10g/10.1.2.2.0 Oracle-HTTP-Server
Content-Type: text/html; charset=iso-8859-1
</responseHeader>
  <requestHeader class="java.lang.String">Content-Type: application/x-www-form-urlencoded
Accept-Language: es-ES
Accept: image/jpeg, application/x-ms-application, image/gif, application/xaml+xml, image/pjpeg, application/x-ms-xbap, application/vnd.ms-powerpoint, application/vnd.ms-excel, application/msword, */*
User-Agent: Mozilla/4.0 (compatible; MSIE 7.0; Windows NT 6.1; Trident/4.0; SLCC2; .NET CLR 2.0.50727; .NET CLR 3.5.30729; .NET CLR 3.0.30729; Media Center PC 6.0; MDDS; .NET4.0C)
Accept-Encoding: gzip, deflate
Referer: http://picasso:8888/gepa/ConexionAction.do?POSTDATA=variosPerfiles=true&amp;accion=iniciar&amp;codigoEntidad=DYS&amp;codigo=jcnegredo&amp;contrasenya=dysmatica&amp;rolSeleccionado=25
Pragma: no-cache
</requestHeader>
  <cookies class="java.lang.String"></cookies>
  <method class="java.lang.String">POST</method>
  <queryString class="java.lang.String">variosPerfiles=true&amp;accion=seleccionarPerfil&amp;codigoEntidad=DYS&amp;rolSeleccionado=25</queryString>
  <url>https://preproduccion.sge:443/gepa/ConexionAction.do;jsessionid=eb634fe5b58b0bcb96508261e275709f9c8e236e3e15aeb347f0741aac2dda55</url>
</httpSample>
<httpSample t="187" lt="0" ts="1298631935249" s="true" lb="/gepa/scripts/scriptaculous/scriptaculous.js" rc="200" by="5068">
  <responseHeader class="java.lang.String">HTTP/1.0 200 OK
Date: Fri, 25 Feb 2011 11:05:35 GMT
Server: Oracle-Application-Server-10g/10.1.2.2.0 Oracle-HTTP-Server
Content-Length: 5068
Set-Cookie: JSESSIONID=8c9f869b9fda66f30c6c35e5870923d9f265d05ae93d27c85cc75de434af698c.e38Ob3aOaheRe34Mb3qSax0Pahz0nR9Pq6XteP93; path=/login
Content-Type: text/html; charset=ISO-8859-1
</responseHeader>
  <requestHeader class="java.lang.String">Accept-Language: es-ES
Accept: */*
User-Agent: Mozilla/4.0 (compatible; MSIE 7.0; Windows NT 6.1; Trident/4.0; SLCC2; .NET CLR 2.0.50727; .NET CLR 3.5.30729; .NET CLR 3.0.30729; Media Center PC 6.0; MDDS; .NET4.0C)
Accept-Encoding: gzip, deflate
Referer: http://picasso:8888/gepa/ConexionAction.do;jsessionid=eb634fe5b58b0bcb96508261e275709f9c8e236e3e15aeb347f0741aac2dda55
</requestHeader>
  <cookies class="java.lang.String"></cookies>
  <method class="java.lang.String">GET</method>
  <queryString class="java.lang.String"></queryString>
  <redirectLocation class="java.lang.String">https://login-pre.sge/pls/orasso/orasso.wwsso_app_admin.ls_login?Site2pstoreToken=v1.4~CEF0A91F~8FC52050F6FEF9D2C123397A78C9BED6981D71A8F66E2806D080540172962F0065B9E160CFA98C7E32523506BA4523582B80280E30C679F9FD99FF68953DCB5ABB46A3A031FE107BCC5EB0F93CCD3C2B62C2822E13A71741CD63B53CC45D88203AB832780B51DE648B7E48B6EA5A84A192BD2080E44B88249C4453B2EEEA5B99E032FF5A6F557F3F9EA06D981076ED1A3A046133FB03837F2939D794822503C315363719EEA3B90FCACEC70D3B788B566660BA8897F68FEBE1FD86382105A54600924B4A3CAE5EB45611AD9A406D9CF1651B0E737240105E353ED420DD0D2D46244F5B9061D0447F76BA9B1E36A3EAE0E04BBFEB751A75A82E1FACFA414F29F38F7D79EBAAA6D27A6A25078F2363FD73</redirectLocation>
  <url>https://preproduccion.sge/login/login.jsp?site2pstoretoken=v1.4~CEF0A91F~8FC52050F6FEF9D2C123397A78C9BED6981D71A8F66E2806D080540172962F0065B9E160CFA98C7E32523506BA4523582B80280E30C679F9FD99FF68953DCB5ABB46A3A031FE107BCC5EB0F93CCD3C2B62C2822E13A71741CD63B53CC45D88203AB832780B51DE648B7E48B6EA5A84A192BD2080E44B88249C4453B2EEEA5B99E032FF5A6F557F3F9EA06D981076ED1A3A046133FB03837F2939D794822503C315363719EEA3B90FCACEC70D3B788B566660BA8897F68FEBE1FD86382105A54600924B4A3CAE5EB45611AD9A406D9CF1651B0E737240105E353ED420DD0D2D46244F5B9061D0447F76BA9B1E36A3EAE0E04BBFEB751A75A82E1FACFA414F29F38F7D79EBAAA6D27A6A25078F2363FD73&amp;p_error_code=&amp;p_submit_url=https%3A%2F%2Flogin-pre.sge%2Fsso%2Fauth&amp;p_cancel_url=https%3A%2F%2Fpreproduccion.sge&amp;ssousername=&amp;subscribername=</url>
</httpSample>
<httpSample t="31" lt="31" ts="1298631935436" s="false" lb="/gepa/BusquedaAction.do" rc="500" by="778">
  <responseHeader class="java.lang.String">HTTP/1.0 500 Internal Server Error
Date: Fri, 25 Feb 2011 11:05:35 GMT
Server: Oracle-Application-Server-10g/10.1.2.2.0 Oracle-HTTP-Server
Content-Type: text/html; charset=iso-8859-1
</responseHeader>
  <requestHeader class="java.lang.String">Content-Type: application/x-www-form-urlencoded
Accept-Language: es-ES
Accept: image/jpeg, application/x-ms-application, image/gif, application/xaml+xml, image/pjpeg, application/x-ms-xbap, application/vnd.ms-powerpoint, application/vnd.ms-excel, application/msword, */*
User-Agent: Mozilla/4.0 (compatible; MSIE 7.0; Windows NT 6.1; Trident/4.0; SLCC2; .NET CLR 2.0.50727; .NET CLR 3.5.30729; .NET CLR 3.0.30729; Media Center PC 6.0; MDDS; .NET4.0C)
Accept-Encoding: gzip, deflate
Referer: http://picasso:8888/gepa/ConexionAction.do;jsessionid=eb634fe5b58b0bcb96508261e275709f9c8e236e3e15aeb347f0741aac2dda55
Pragma: no-cache
</requestHeader>
  <cookies class="java.lang.String"></cookies>
  <method class="java.lang.String">POST</method>
  <queryString class="java.lang.String">accion=buscar&amp;modo=rapida&amp;avanzadaDesplegada=false&amp;descElemPesado=&amp;identificacionRapida=&amp;nombreRapida=&amp;apellido1Rapida=&amp;apellido2Rapida=&amp;anyoRapida=&amp;numeroRapida=&amp;desdeRapida=&amp;hastaRapida=&amp;tramiteRapida=-1&amp;estadoRapida=-1&amp;idBusqueda=-1&amp;idClases=26&amp;metaTipo0=STRING&amp;metaTipo1=STRING&amp;metaTipo2=LISTA&amp;metaTipo3=STRING&amp;metaTipo4=LISTA_PESADA&amp;metaTipo5=STRING&amp;metaTipo6=LISTA&amp;metaTipo7=STRING&amp;metaTipo8=STRING&amp;metaTipo9=STRING&amp;metaTipo10=STRING&amp;metaTipo11=STRING&amp;metaTipo12=STRING&amp;metaTipo13=LISTA&amp;metaTipo14=STRING&amp;metaTipo15=TIMESTAMP&amp;metaTipo16=TIMESTAMP&amp;metaTipo17=TIMESTAMP&amp;metaTipo18=LISTA&amp;metaTipo19=LISTA_PESADA&amp;metaTipo20=STRING&amp;metaTipo21=STRING&amp;metaTipo22=STRING&amp;metaTipo23=STRING&amp;metaTipo24=STRING&amp;metaTipo25=LISTA_PESADA&amp;metaTipo26=LISTA&amp;metaTipo27=STRING&amp;metaTipo28=LISTA&amp;metaTipo29=STRING&amp;metaTipo30=STRING&amp;metaTipo31=INTEGER&amp;metaTipo32=STRING&amp;metaTipo33=STRING&amp;metaTipo34=STRING&amp;metaTipo35=LISTA&amp;metaTipo36=LISTA&amp;metaTipo37=LISTA&amp;metaTipo38=STRING&amp;metaTipo39=SEPARADOR&amp;metaTipo40=BOOLEAN&amp;metaTipo41=STRING&amp;metaTipo42=STRING&amp;metaTipo43=STRING&amp;metaTipo44=LISTA&amp;metaTipo45=BOOLEAN&amp;metaTipo46=BOOLEAN&amp;metaTipo47=BOOLEAN&amp;metaTipo48=STRING&amp;metaTipo49=TIMESTAMP&amp;metaTipo50=TIMESTAMP&amp;metaTipo51=TIMESTAMP&amp;metaTipo52=TIMESTAMP&amp;metaTipo53=TIMESTAMP&amp;metaTipo54=TIMESTAMP&amp;metaTipo55=TIMESTAMP&amp;metaTipo56=TIMESTAMP&amp;metaTipo57=TIMESTAMP&amp;metaTipo58=TIMESTAMP&amp;metaTipo59=TIMESTAMP&amp;metaTipo60=TIMESTAMP&amp;metaTipo61=TIMESTAMP&amp;metaTipo62=TIMESTAMP&amp;metaTipo63=TIMESTAMP&amp;metaTipo64=LISTA&amp;metaTipo65=LISTA&amp;metaTipo66=LISTA&amp;metaTipo67=DOUBLE&amp;metaTipo68=DOUBLE&amp;metaTipo69=DOUBLE&amp;metaTipo70=DOUBLE&amp;metaTipo71=DOUBLE&amp;metaTipo72=DOUBLE&amp;metaTipo73=DOUBLE&amp;metaTipo74=BOOLEAN&amp;metaTipo75=LISTA&amp;metaTipo76=STRING&amp;metaTipo77=STRING&amp;metaTipo78=STRING&amp;metaTipo79=STRING&amp;metaTipo80=STRING&amp;metaTipo81=STRING&amp;metaTipo82=STRING&amp;metaTipo83=BOOLEAN&amp;metaTipo84=BOOLEAN&amp;metaTipo85=STRING&amp;metaTipo86=LISTA&amp;metaTipo87=LISTA&amp;metaTipo88=LISTA_PESADA&amp;metaTipo89=LISTA&amp;metaTipo90=LISTA&amp;metaTipo91=STRING&amp;metaTipo92=LISTA&amp;metaTipo93=STRING&amp;metaTipo94=STRING&amp;metaTipo95=LISTA&amp;metaTipo96=LISTA&amp;metaTipo97=LISTA&amp;metaTipo98=BOOLEAN&amp;metaTipo99=LISTA&amp;metaTipo100=BOOLEAN&amp;metaTipo101=LISTA&amp;metaTipo102=LISTA&amp;metaTipo103=BOOLEAN&amp;metaTipo104=BOOLEAN&amp;metaTipo105=LISTA&amp;metaTipo106=LISTA&amp;metaTipo107=LISTA&amp;metaTipo108=LISTA&amp;metaTipo109=LISTA&amp;metaTipo110=STRING&amp;metaTipo111=LISTA&amp;valor=&amp;valorPesado=&amp;lista37=-1&amp;lista36=-1&amp;lista35=-1&amp;lista99=-1&amp;lista109=-1&amp;lista66=-1&amp;lista98=-1&amp;lista108=-1&amp;lista65=-1&amp;lista97=-1&amp;lista107=-1&amp;lista64=-1&amp;lista96=-1&amp;lista106=-1&amp;lista95=-1&amp;lista105=-1&amp;lista104=-1&amp;lista92=-1&amp;lista103=-1&amp;lista102=-1&amp;lista90=-1&amp;lista101=-1&amp;lista100=-1&amp;lista28=-1&amp;lista26=-1&amp;lista89=-1&amp;lista87=-1&amp;lista86=-1&amp;lista6=-1&amp;lista84=-1&amp;lista83=-1&amp;lista2=-1&amp;lista18=-1&amp;lista47=-1&amp;lista46=-1&amp;lista13=-1&amp;lista45=-1&amp;lista44=-1&amp;lista75=-1&amp;lista74=-1&amp;lista40=-1&amp;lista111=-1</queryString>
  <url>https://preproduccion.sge:443/gepa/BusquedaAction.do</url>
</httpSample>
<httpSample t="188" lt="0" ts="1298631935467" s="true" lb="/gepa/scripts/scriptaculous/scriptaculous.js" rc="200" by="5068">
  <responseHeader class="java.lang.String">HTTP/1.0 200 OK
Date: Fri, 25 Feb 2011 11:05:35 GMT
Server: Oracle-Application-Server-10g/10.1.2.2.0 Oracle-HTTP-Server
Content-Length: 5068
Set-Cookie: JSESSIONID=94507e26cebd49da89db5aaa27c8d3d0efb09c70ba0178eb3d82bbbeda5c2829.e3eSbhiLaNyPe3yNbNyQc3qSai1BqBjKpPXxqAa; path=/login
Content-Type: text/html; charset=ISO-8859-1
</responseHeader>
  <requestHeader class="java.lang.String">Accept-Language: es-ES
Accept: */*
User-Agent: Mozilla/4.0 (compatible; MSIE 7.0; Windows NT 6.1; Trident/4.0; SLCC2; .NET CLR 2.0.50727; .NET CLR 3.5.30729; .NET CLR 3.0.30729; Media Center PC 6.0; MDDS; .NET4.0C)
Accept-Encoding: gzip, deflate
Referer: http://picasso:8888/gepa/BusquedaAction.do
</requestHeader>
  <cookies class="java.lang.String"></cookies>
  <method class="java.lang.String">GET</method>
  <queryString class="java.lang.String"></queryString>
  <redirectLocation class="java.lang.String">https://login-pre.sge/pls/orasso/orasso.wwsso_app_admin.ls_login?Site2pstoreToken=v1.4~CEF0A91F~8FC52050F6FEF9D2C123397A78C9BED6981D71A8F66E2806D080540172962F0065B9E160CFA98C7E32523506BA4523582B80280E30C679F9FD99FF68953DCB5ABB46A3A031FE107BCC5EB0F93CCD3C2B62C2822E13A71741CD63B53CC45D88203AB832780B51DE648B7E48B6EA5A84A192BD2080E44B88249C4453B2EEEA5B99E032FF5A6F557F3F9EA06D981076ED1A3A046133FB03837F2939D794822503C315363719EEA3B90FCACEC70D3B788B566660BA8897F68FEBE1FD86382105A54600924B4A3CAE5EB45611AD9A406D9CF1651B0E737240105E353ED420DD0D2D46244F5B9061D0447F76BA9B1E36A3EAE0E04BBFEB751A75A82E1FACFA414F29F38F7D79EBAAA6D27A6A25078F2363FD73</redirectLocation>
  <url>https://preproduccion.sge/login/login.jsp?site2pstoretoken=v1.4~CEF0A91F~8FC52050F6FEF9D2C123397A78C9BED6981D71A8F66E2806D080540172962F0065B9E160CFA98C7E32523506BA4523582B80280E30C679F9FD99FF68953DCB5ABB46A3A031FE107BCC5EB0F93CCD3C2B62C2822E13A71741CD63B53CC45D88203AB832780B51DE648B7E48B6EA5A84A192BD2080E44B88249C4453B2EEEA5B99E032FF5A6F557F3F9EA06D981076ED1A3A046133FB03837F2939D794822503C315363719EEA3B90FCACEC70D3B788B566660BA8897F68FEBE1FD86382105A54600924B4A3CAE5EB45611AD9A406D9CF1651B0E737240105E353ED420DD0D2D46244F5B9061D0447F76BA9B1E36A3EAE0E04BBFEB751A75A82E1FACFA414F29F38F7D79EBAAA6D27A6A25078F2363FD73&amp;p_error_code=&amp;p_submit_url=https%3A%2F%2Flogin-pre.sge%2Fsso%2Fauth&amp;p_cancel_url=https%3A%2F%2Fpreproduccion.sge&amp;ssousername=&amp;subscribername=</url>
</httpSample>
<httpSample t="172" lt="0" ts="1298631935655" s="true" lb="/gepa/ResultadoBusquedaAction.do" rc="200" by="5004">
  <responseHeader class="java.lang.String">HTTP/1.0 200 OK
Date: Fri, 25 Feb 2011 11:05:35 GMT
Server: Oracle-Application-Server-10g/10.1.2.2.0 Oracle-HTTP-Server
Content-Length: 5004
Set-Cookie: JSESSIONID=85563ffdb073bcf95cc24f0fd4010d986dd9c298578d13a9ff257b1787cc6626.e38Ob3aOaheRe34Mb3qSax0Pahz0nR9Pq6XteP93; path=/login
Content-Type: text/html; charset=ISO-8859-1
</responseHeader>
  <requestHeader class="java.lang.String">Accept-Language: es-ES
Accept: image/jpeg, application/x-ms-application, image/gif, application/xaml+xml, image/pjpeg, application/x-ms-xbap, application/vnd.ms-powerpoint, application/vnd.ms-excel, application/msword, */*
User-Agent: Mozilla/4.0 (compatible; MSIE 7.0; Windows NT 6.1; Trident/4.0; SLCC2; .NET CLR 2.0.50727; .NET CLR 3.5.30729; .NET CLR 3.0.30729; Media Center PC 6.0; MDDS; .NET4.0C)
Accept-Encoding: gzip, deflate
Referer: http://picasso:8888/gepa/BusquedaAction.do
</requestHeader>
  <cookies class="java.lang.String"></cookies>
  <method class="java.lang.String">GET</method>
  <queryString class="java.lang.String"></queryString>
  <redirectLocation class="java.lang.String">https://login-pre.sge/pls/orasso/orasso.wwsso_app_admin.ls_login?Site2pstoreToken=v1.4~CEF0A91F~8FC52050F6FEF9D2C123397A78C9BED6981D71A8F66E2806D080540172962F0065B9E160CFA98C7E32523506BA4523582B80280E30C679F9FD99FF68953DCB5ABB46A3A031FE107BCC5EB0F93CCD3C2B62C2822E13A71741CD63B53CC45D8820EFD412EB077FEFDDBACD93371B555C8463BEEFA801805D3F3853ED015686A880A10B661D0F6D0190377EA9C0537DCDA8EACCF2717531B858CC758DDEC3C043FE7F0257326D18A80FE9BC3DE780B79BBE1B1F21571E1ADA5CE7F5AE70FC3AF68627EB654A15971CC2ABEAF718CDFA8829ECD12FDCA7AF3AE34561B1B86367606C6F5EFDDA1D4247DBFD5993FC50E8591EC630C7E15CA4A9C8947E193A922C6613</redirectLocation>
  <url>https://preproduccion.sge/login/login.jsp?site2pstoretoken=v1.4~CEF0A91F~8FC52050F6FEF9D2C123397A78C9BED6981D71A8F66E2806D080540172962F0065B9E160CFA98C7E32523506BA4523582B80280E30C679F9FD99FF68953DCB5ABB46A3A031FE107BCC5EB0F93CCD3C2B62C2822E13A71741CD63B53CC45D8820EFD412EB077FEFDDBACD93371B555C8463BEEFA801805D3F3853ED015686A880A10B661D0F6D0190377EA9C0537DCDA8EACCF2717531B858CC758DDEC3C043FE7F0257326D18A80FE9BC3DE780B79BBE1B1F21571E1ADA5CE7F5AE70FC3AF68627EB654A15971CC2ABEAF718CDFA8829ECD12FDCA7AF3AE34561B1B86367606C6F5EFDDA1D4247DBFD5993FC50E8591EC630C7E15CA4A9C8947E193A922C6613&amp;p_error_code=&amp;p_submit_url=https%3A%2F%2Flogin-pre.sge%2Fsso%2Fauth&amp;p_cancel_url=https%3A%2F%2Fpreproduccion.sge&amp;ssousername=&amp;subscribername=</url>
</httpSample>
<httpSample t="188" lt="0" ts="1298631935842" s="true" lb="/gepa/scripts/scriptaculous/scriptaculous.js" rc="200" by="5068">
  <responseHeader class="java.lang.String">HTTP/1.0 200 OK
Date: Fri, 25 Feb 2011 11:05:35 GMT
Server: Oracle-Application-Server-10g/10.1.2.2.0 Oracle-HTTP-Server
Content-Length: 5068
Set-Cookie: JSESSIONID=a6078f6437354363a5fafcff712d192df434c3165517f6b113be7c67a4e563a3.e3eSbhiLaNyPe3yNbNyQc3qSai1BqBjKpPXxqAa; path=/login
Content-Type: text/html; charset=ISO-8859-1
</responseHeader>
  <requestHeader class="java.lang.String">Accept-Language: es-ES
Accept: */*
User-Agent: Mozilla/4.0 (compatible; MSIE 7.0; Windows NT 6.1; Trident/4.0; SLCC2; .NET CLR 2.0.50727; .NET CLR 3.5.30729; .NET CLR 3.0.30729; Media Center PC 6.0; MDDS; .NET4.0C)
Accept-Encoding: gzip, deflate
Referer: http://picasso:8888/gepa/ResultadoBusquedaAction.do?accion=gestionExp&amp;indice=0
</requestHeader>
  <cookies class="java.lang.String"></cookies>
  <method class="java.lang.String">GET</method>
  <queryString class="java.lang.String"></queryString>
  <redirectLocation class="java.lang.String">https://login-pre.sge/pls/orasso/orasso.wwsso_app_admin.ls_login?Site2pstoreToken=v1.4~CEF0A91F~8FC52050F6FEF9D2C123397A78C9BED6981D71A8F66E2806D080540172962F0065B9E160CFA98C7E32523506BA4523582B80280E30C679F9FD99FF68953DCB5ABB46A3A031FE107BCC5EB0F93CCD3C2B62C2822E13A71741CD63B53CC45D88203AB832780B51DE648B7E48B6EA5A84A192BD2080E44B88249C4453B2EEEA5B99E032FF5A6F557F3F9EA06D981076ED1A3A046133FB03837F2939D794822503C315363719EEA3B90FCACEC70D3B788B566660BA8897F68FEBE1FD86382105A54600924B4A3CAE5EB45611AD9A406D9CF1651B0E737240105E353ED420DD0D2D46244F5B9061D0447F76BA9B1E36A3EAE0E04BBFEB751A75A82E1FACFA414F29F38F7D79EBAAA6D27A6A25078F2363FD73</redirectLocation>
  <url>https://preproduccion.sge/login/login.jsp?site2pstoretoken=v1.4~CEF0A91F~8FC52050F6FEF9D2C123397A78C9BED6981D71A8F66E2806D080540172962F0065B9E160CFA98C7E32523506BA4523582B80280E30C679F9FD99FF68953DCB5ABB46A3A031FE107BCC5EB0F93CCD3C2B62C2822E13A71741CD63B53CC45D88203AB832780B51DE648B7E48B6EA5A84A192BD2080E44B88249C4453B2EEEA5B99E032FF5A6F557F3F9EA06D981076ED1A3A046133FB03837F2939D794822503C315363719EEA3B90FCACEC70D3B788B566660BA8897F68FEBE1FD86382105A54600924B4A3CAE5EB45611AD9A406D9CF1651B0E737240105E353ED420DD0D2D46244F5B9061D0447F76BA9B1E36A3EAE0E04BBFEB751A75A82E1FACFA414F29F38F7D79EBAAA6D27A6A25078F2363FD73&amp;p_error_code=&amp;p_submit_url=https%3A%2F%2Flogin-pre.sge%2Fsso%2Fauth&amp;p_cancel_url=https%3A%2F%2Fpreproduccion.sge&amp;ssousername=&amp;subscribername=</url>
</httpSample>
<httpSample t="187" lt="0" ts="1298631936030" s="true" lb="/gepa/ConexionAction.do" rc="200" by="5420">
  <responseHeader class="java.lang.String">HTTP/1.0 200 OK
Date: Fri, 25 Feb 2011 11:05:36 GMT
Server: Oracle-Application-Server-10g/10.1.2.2.0 Oracle-HTTP-Server
Content-Length: 5420
Set-Cookie: JSESSIONID=ea81fff8c55ec2a4fb5a70c69c283e5977fb34614cc61a16ef7fd87d6c0e1cb3.e38Ob3aOaheRe34Mb3qSax0Pahz0nR9Pq6XteP93; path=/login
Content-Type: text/html; charset=ISO-8859-1
</responseHeader>
  <requestHeader class="java.lang.String">Accept-Language: es
Accept: */*
User-Agent: Mozilla/4.0 (compatible; MSIE 7.0; Windows NT 6.1; Trident/4.0; SLCC2; .NET CLR 2.0.50727; .NET CLR 3.5.30729; .NET CLR 3.0.30729; Media Center PC 6.0; MDDS; .NET4.0C)
Accept-Encoding: gzip, deflate
</requestHeader>
  <cookies class="java.lang.String"></cookies>
  <method class="java.lang.String">GET</method>
  <queryString class="java.lang.String"></queryString>
  <redirectLocation class="java.lang.String">https://login-pre.sge/pls/orasso/orasso.wwsso_app_admin.ls_login?Site2pstoreToken=v1.4~CEF0A91F~489DE87D9097D0FA67B2F6C9BE0E7365A2904901155FDFE1D977996D0F3D500532C02784D6B1036B8E905F5EAAAA18369F803E02F4F5DBC46859F68F42E5B8209247D27FCE20DD94FDF60D939CAF173AA50E81CA6A7D93CCF85BDAD294DD1300AF8DA7EE1D57D97BD9AFBC30C58E62640F8CD184957C9BB11AF16626657F2CAD5DCDD23C791ABE0EAE54C38A9212E5D6A7B1374C5C776F74752CBEA5983C7C067D6028D2B07E59B9A918E724EBF93CF9215A1C3D21DEFCDAE50A19D79FCAE109B0065875CCD541C9CCAA3A88575EDF3C8CB5461336623FDE1D223729A9E34764D1B5EFD8ABBAB0E748182998BCC31D53AF78D506331F8512EFF47093A9CBE4133D1DA1D7AD6DF69C2EE1A58AECCD9F6DA7C81E33C5ADB3E3BF14CDCAFD79853EE39A3328F469CFF67A4EAEEC68A1FD5FEA077A36DB634555398BCB1CA14809A8009E180DBB21C97E06F987CD9398FE2951413F07842F6E0BC1AF177C12F3A8CD679E6769723085E6</redirectLocation>
  <url>https://preproduccion.sge/login/login.jsp?site2pstoretoken=v1.4~CEF0A91F~489DE87D9097D0FA67B2F6C9BE0E7365A2904901155FDFE1D977996D0F3D500532C02784D6B1036B8E905F5EAAAA18369F803E02F4F5DBC46859F68F42E5B8209247D27FCE20DD94FDF60D939CAF173AA50E81CA6A7D93CCF85BDAD294DD1300AF8DA7EE1D57D97BD9AFBC30C58E62640F8CD184957C9BB11AF16626657F2CAD5DCDD23C791ABE0EAE54C38A9212E5D6A7B1374C5C776F74752CBEA5983C7C067D6028D2B07E59B9A918E724EBF93CF9215A1C3D21DEFCDAE50A19D79FCAE109B0065875CCD541C9CCAA3A88575EDF3C8CB5461336623FDE1D223729A9E34764D1B5EFD8ABBAB0E748182998BCC31D53AF78D506331F8512EFF47093A9CBE4133D1DA1D7AD6DF69C2EE1A58AECCD9F6DA7C81E33C5ADB3E3BF14CDCAFD79853EE39A3328F469CFF67A4EAEEC68A1FD5FEA077A36DB634555398BCB1CA14809A8009E180DBB21C97E06F987CD9398FE2951413F07842F6E0BC1AF177C12F3A8CD679E6769723085E6&amp;p_error_code=&amp;p_submit_url=https%3A%2F%2Flogin-pre.sge%2Fsso%2Fauth&amp;p_cancel_url=https%3A%2F%2Fpreproduccion.sge&amp;ssousername=&amp;subscribername=</url>
</httpSample>
<httpSample t="188" lt="0" ts="1298631936217" s="true" lb="/gepa/scripts/scriptaculous/scriptaculous.js" rc="200" by="5068">
  <responseHeader class="java.lang.String">HTTP/1.0 200 OK
Date: Fri, 25 Feb 2011 11:05:36 GMT
Server: Oracle-Application-Server-10g/10.1.2.2.0 Oracle-HTTP-Server
Content-Length: 5068
Set-Cookie: JSESSIONID=a360537cc52459873a7a2906ab68928c4a432498392f6c0ecd315c4df668b416.e3eSbhiLaNyPe3yNbNyQc3qSai1BqBjKpPXxqAa; path=/login
Content-Type: text/html; charset=ISO-8859-1
</responseHeader>
  <requestHeader class="java.lang.String">Accept-Language: es-ES
Accept: */*
User-Agent: Mozilla/4.0 (compatible; MSIE 7.0; Windows NT 6.1; Trident/4.0; SLCC2; .NET CLR 2.0.50727; .NET CLR 3.5.30729; .NET CLR 3.0.30729; Media Center PC 6.0; MDDS; .NET4.0C)
Accept-Encoding: gzip, deflate
Referer: http://picasso:8888/gepa/ConexionAction.do?POSTDATA=variosPerfiles=true&amp;accion=iniciar&amp;codigoEntidad=DYS&amp;codigo=jcnegredo&amp;contrasenya=dysmatica&amp;rolSeleccionado=25
</requestHeader>
  <cookies class="java.lang.String"></cookies>
  <method class="java.lang.String">GET</method>
  <queryString class="java.lang.String"></queryString>
  <redirectLocation class="java.lang.String">https://login-pre.sge/pls/orasso/orasso.wwsso_app_admin.ls_login?Site2pstoreToken=v1.4~CEF0A91F~489DE87D9097D0FA67B2F6C9BE0E7365A2904901155FDFE1D977996D0F3D500532C02784D6B1036B8E905F5EAAAA18369F803E02F4F5DBC46859F68F42E5B8209247D27FCE20DD94FDF60D939CAF173AA50E81CA6A7D93CCF85BDAD294DD13000502E09EC9C2DDBAC4201D3EDFC780E5993FBAB96F2A72344E2C11E91AA2465F7CFDA391F389CA7440906CF17934F2AF389F0BD9DBAD81313402562E5268045480F4392D95C2C612204590796C5A3B9425CB5E47DE3CBFAA509CF82D218A05D5D046D8C7BB1F5E89F911E2DEB659D98B8BB047F4A608CC808E78CDA7CA3C1425F5E4F7B9D5723058308AA278ED7525C22BB59012768A349D9B8F16DC86D8725E938D3284132928B8DB9D1377EF9DB282</redirectLocation>
  <url>https://preproduccion.sge/login/login.jsp?site2pstoretoken=v1.4~CEF0A91F~489DE87D9097D0FA67B2F6C9BE0E7365A2904901155FDFE1D977996D0F3D500532C02784D6B1036B8E905F5EAAAA18369F803E02F4F5DBC46859F68F42E5B8209247D27FCE20DD94FDF60D939CAF173AA50E81CA6A7D93CCF85BDAD294DD13000502E09EC9C2DDBAC4201D3EDFC780E5993FBAB96F2A72344E2C11E91AA2465F7CFDA391F389CA7440906CF17934F2AF389F0BD9DBAD81313402562E5268045480F4392D95C2C612204590796C5A3B9425CB5E47DE3CBFAA509CF82D218A05D5D046D8C7BB1F5E89F911E2DEB659D98B8BB047F4A608CC808E78CDA7CA3C1425F5E4F7B9D5723058308AA278ED7525C22BB59012768A349D9B8F16DC86D8725E938D3284132928B8DB9D1377EF9DB282&amp;p_error_code=&amp;p_submit_url=https%3A%2F%2Flogin-pre.sge%2Fsso%2Fauth&amp;p_cancel_url=https%3A%2F%2Fpreproduccion.sge&amp;ssousername=&amp;subscribername=</url>
</httpSample>
<httpSample t="16" lt="16" ts="1298631936405" s="false" lb="/gepa/ConexionAction.do;jsessionid=eb634fe5b58b0bcb96508261e275709f9c8e236e3e15aeb347f0741aac2dda55" rc="500" by="778">
  <responseHeader class="java.lang.String">HTTP/1.0 500 Internal Server Error
Date: Fri, 25 Feb 2011 11:05:36 GMT
Server: Oracle-Application-Server-10g/10.1.2.2.0 Oracle-HTTP-Server
Content-Type: text/html; charset=iso-8859-1
</responseHeader>
  <requestHeader class="java.lang.String">Content-Type: application/x-www-form-urlencoded
Accept-Language: es-ES
Accept: image/jpeg, application/x-ms-application, image/gif, application/xaml+xml, image/pjpeg, application/x-ms-xbap, application/vnd.ms-powerpoint, application/vnd.ms-excel, application/msword, */*
User-Agent: Mozilla/4.0 (compatible; MSIE 7.0; Windows NT 6.1; Trident/4.0; SLCC2; .NET CLR 2.0.50727; .NET CLR 3.5.30729; .NET CLR 3.0.30729; Media Center PC 6.0; MDDS; .NET4.0C)
Accept-Encoding: gzip, deflate
Referer: http://picasso:8888/gepa/ConexionAction.do?POSTDATA=variosPerfiles=true&amp;accion=iniciar&amp;codigoEntidad=DYS&amp;codigo=jcnegredo&amp;contrasenya=dysmatica&amp;rolSeleccionado=25
Pragma: no-cache
</requestHeader>
  <cookies class="java.lang.String"></cookies>
  <method class="java.lang.String">POST</method>
  <queryString class="java.lang.String">variosPerfiles=true&amp;accion=seleccionarPerfil&amp;codigoEntidad=DYS&amp;rolSeleccionado=25</queryString>
  <url>https://preproduccion.sge:443/gepa/ConexionAction.do;jsessionid=eb634fe5b58b0bcb96508261e275709f9c8e236e3e15aeb347f0741aac2dda55</url>
</httpSample>
<httpSample t="187" lt="0" ts="1298631936421" s="true" lb="/gepa/scripts/scriptaculous/scriptaculous.js" rc="200" by="5068">
  <responseHeader class="java.lang.String">HTTP/1.0 200 OK
Date: Fri, 25 Feb 2011 11:05:36 GMT
Server: Oracle-Application-Server-10g/10.1.2.2.0 Oracle-HTTP-Server
Content-Length: 5068
Set-Cookie: JSESSIONID=5c3b3e0886cf1f46bcff93cf69b04ee9644b2396f8718b5239f287913bdcf2d6.e3eSbhiLaNyPe3yNbNyQc3qSai1BqBjKpPXxqAa; path=/login
Content-Type: text/html; charset=ISO-8859-1
</responseHeader>
  <requestHeader class="java.lang.String">Accept-Language: es-ES
Accept: */*
User-Agent: Mozilla/4.0 (compatible; MSIE 7.0; Windows NT 6.1; Trident/4.0; SLCC2; .NET CLR 2.0.50727; .NET CLR 3.5.30729; .NET CLR 3.0.30729; Media Center PC 6.0; MDDS; .NET4.0C)
Accept-Encoding: gzip, deflate
Referer: http://picasso:8888/gepa/ConexionAction.do;jsessionid=eb634fe5b58b0bcb96508261e275709f9c8e236e3e15aeb347f0741aac2dda55
</requestHeader>
  <cookies class="java.lang.String"></cookies>
  <method class="java.lang.String">GET</method>
  <queryString class="java.lang.String"></queryString>
  <redirectLocation class="java.lang.String">https://login-pre.sge/pls/orasso/orasso.wwsso_app_admin.ls_login?Site2pstoreToken=v1.4~CEF0A91F~489DE87D9097D0FA67B2F6C9BE0E7365A2904901155FDFE1D977996D0F3D500532C02784D6B1036B8E905F5EAAAA18369F803E02F4F5DBC46859F68F42E5B8209247D27FCE20DD94FDF60D939CAF173AA50E81CA6A7D93CCF85BDAD294DD13000502E09EC9C2DDBAC4201D3EDFC780E5993FBAB96F2A72344E2C11E91AA2465F7CFDA391F389CA7440906CF17934F2AF389F0BD9DBAD81313402562E5268045480F4392D95C2C612204590796C5A3B9425CB5E47DE3CBFAA509CF82D218A05D5D046D8C7BB1F5E89F911E2DEB659D98B8BB047F4A608CC808E78CDA7CA3C1425F5E4F7B9D5723058308AA278ED7525C22BB59012768A349D9B8F16DC86D8725E938D3284132928B8DB9D1377EF9DB282</redirectLocation>
  <url>https://preproduccion.sge/login/login.jsp?site2pstoretoken=v1.4~CEF0A91F~489DE87D9097D0FA67B2F6C9BE0E7365A2904901155FDFE1D977996D0F3D500532C02784D6B1036B8E905F5EAAAA18369F803E02F4F5DBC46859F68F42E5B8209247D27FCE20DD94FDF60D939CAF173AA50E81CA6A7D93CCF85BDAD294DD13000502E09EC9C2DDBAC4201D3EDFC780E5993FBAB96F2A72344E2C11E91AA2465F7CFDA391F389CA7440906CF17934F2AF389F0BD9DBAD81313402562E5268045480F4392D95C2C612204590796C5A3B9425CB5E47DE3CBFAA509CF82D218A05D5D046D8C7BB1F5E89F911E2DEB659D98B8BB047F4A608CC808E78CDA7CA3C1425F5E4F7B9D5723058308AA278ED7525C22BB59012768A349D9B8F16DC86D8725E938D3284132928B8DB9D1377EF9DB282&amp;p_error_code=&amp;p_submit_url=https%3A%2F%2Flogin-pre.sge%2Fsso%2Fauth&amp;p_cancel_url=https%3A%2F%2Fpreproduccion.sge&amp;ssousername=&amp;subscribername=</url>
</httpSample>
<httpSample t="16" lt="16" ts="1298631936608" s="false" lb="/gepa/BusquedaAction.do" rc="500" by="778">
  <responseHeader class="java.lang.String">HTTP/1.0 500 Internal Server Error
Date: Fri, 25 Feb 2011 11:05:36 GMT
Server: Oracle-Application-Server-10g/10.1.2.2.0 Oracle-HTTP-Server
Content-Type: text/html; charset=iso-8859-1
</responseHeader>
  <requestHeader class="java.lang.String">Content-Type: application/x-www-form-urlencoded
Accept-Language: es-ES
Accept: image/jpeg, application/x-ms-application, image/gif, application/xaml+xml, image/pjpeg, application/x-ms-xbap, application/vnd.ms-powerpoint, application/vnd.ms-excel, application/msword, */*
User-Agent: Mozilla/4.0 (compatible; MSIE 7.0; Windows NT 6.1; Trident/4.0; SLCC2; .NET CLR 2.0.50727; .NET CLR 3.5.30729; .NET CLR 3.0.30729; Media Center PC 6.0; MDDS; .NET4.0C)
Accept-Encoding: gzip, deflate
Referer: http://picasso:8888/gepa/ConexionAction.do;jsessionid=eb634fe5b58b0bcb96508261e275709f9c8e236e3e15aeb347f0741aac2dda55
Pragma: no-cache
</requestHeader>
  <cookies class="java.lang.String"></cookies>
  <method class="java.lang.String">POST</method>
  <queryString class="java.lang.String">accion=buscar&amp;modo=rapida&amp;avanzadaDesplegada=false&amp;descElemPesado=&amp;identificacionRapida=&amp;nombreRapida=&amp;apellido1Rapida=&amp;apellido2Rapida=&amp;anyoRapida=&amp;numeroRapida=&amp;desdeRapida=&amp;hastaRapida=&amp;tramiteRapida=-1&amp;estadoRapida=-1&amp;idBusqueda=-1&amp;idClases=26&amp;metaTipo0=STRING&amp;metaTipo1=STRING&amp;metaTipo2=LISTA&amp;metaTipo3=STRING&amp;metaTipo4=LISTA_PESADA&amp;metaTipo5=STRING&amp;metaTipo6=LISTA&amp;metaTipo7=STRING&amp;metaTipo8=STRING&amp;metaTipo9=STRING&amp;metaTipo10=STRING&amp;metaTipo11=STRING&amp;metaTipo12=STRING&amp;metaTipo13=LISTA&amp;metaTipo14=STRING&amp;metaTipo15=TIMESTAMP&amp;metaTipo16=TIMESTAMP&amp;metaTipo17=TIMESTAMP&amp;metaTipo18=LISTA&amp;metaTipo19=LISTA_PESADA&amp;metaTipo20=STRING&amp;metaTipo21=STRING&amp;metaTipo22=STRING&amp;metaTipo23=STRING&amp;metaTipo24=STRING&amp;metaTipo25=LISTA_PESADA&amp;metaTipo26=LISTA&amp;metaTipo27=STRING&amp;metaTipo28=LISTA&amp;metaTipo29=STRING&amp;metaTipo30=STRING&amp;metaTipo31=INTEGER&amp;metaTipo32=STRING&amp;metaTipo33=STRING&amp;metaTipo34=STRING&amp;metaTipo35=LISTA&amp;metaTipo36=LISTA&amp;metaTipo37=LISTA&amp;metaTipo38=STRING&amp;metaTipo39=SEPARADOR&amp;metaTipo40=BOOLEAN&amp;metaTipo41=STRING&amp;metaTipo42=STRING&amp;metaTipo43=STRING&amp;metaTipo44=LISTA&amp;metaTipo45=BOOLEAN&amp;metaTipo46=BOOLEAN&amp;metaTipo47=BOOLEAN&amp;metaTipo48=STRING&amp;metaTipo49=TIMESTAMP&amp;metaTipo50=TIMESTAMP&amp;metaTipo51=TIMESTAMP&amp;metaTipo52=TIMESTAMP&amp;metaTipo53=TIMESTAMP&amp;metaTipo54=TIMESTAMP&amp;metaTipo55=TIMESTAMP&amp;metaTipo56=TIMESTAMP&amp;metaTipo57=TIMESTAMP&amp;metaTipo58=TIMESTAMP&amp;metaTipo59=TIMESTAMP&amp;metaTipo60=TIMESTAMP&amp;metaTipo61=TIMESTAMP&amp;metaTipo62=TIMESTAMP&amp;metaTipo63=TIMESTAMP&amp;metaTipo64=LISTA&amp;metaTipo65=LISTA&amp;metaTipo66=LISTA&amp;metaTipo67=DOUBLE&amp;metaTipo68=DOUBLE&amp;metaTipo69=DOUBLE&amp;metaTipo70=DOUBLE&amp;metaTipo71=DOUBLE&amp;metaTipo72=DOUBLE&amp;metaTipo73=DOUBLE&amp;metaTipo74=BOOLEAN&amp;metaTipo75=LISTA&amp;metaTipo76=STRING&amp;metaTipo77=STRING&amp;metaTipo78=STRING&amp;metaTipo79=STRING&amp;metaTipo80=STRING&amp;metaTipo81=STRING&amp;metaTipo82=STRING&amp;metaTipo83=BOOLEAN&amp;metaTipo84=BOOLEAN&amp;metaTipo85=STRING&amp;metaTipo86=LISTA&amp;metaTipo87=LISTA&amp;metaTipo88=LISTA_PESADA&amp;metaTipo89=LISTA&amp;metaTipo90=LISTA&amp;metaTipo91=STRING&amp;metaTipo92=LISTA&amp;metaTipo93=STRING&amp;metaTipo94=STRING&amp;metaTipo95=LISTA&amp;metaTipo96=LISTA&amp;metaTipo97=LISTA&amp;metaTipo98=BOOLEAN&amp;metaTipo99=LISTA&amp;metaTipo100=BOOLEAN&amp;metaTipo101=LISTA&amp;metaTipo102=LISTA&amp;metaTipo103=BOOLEAN&amp;metaTipo104=BOOLEAN&amp;metaTipo105=LISTA&amp;metaTipo106=LISTA&amp;metaTipo107=LISTA&amp;metaTipo108=LISTA&amp;metaTipo109=LISTA&amp;metaTipo110=STRING&amp;metaTipo111=LISTA&amp;valor=&amp;valorPesado=&amp;lista37=-1&amp;lista36=-1&amp;lista35=-1&amp;lista99=-1&amp;lista109=-1&amp;lista66=-1&amp;lista98=-1&amp;lista108=-1&amp;lista65=-1&amp;lista97=-1&amp;lista107=-1&amp;lista64=-1&amp;lista96=-1&amp;lista106=-1&amp;lista95=-1&amp;lista105=-1&amp;lista104=-1&amp;lista92=-1&amp;lista103=-1&amp;lista102=-1&amp;lista90=-1&amp;lista101=-1&amp;lista100=-1&amp;lista28=-1&amp;lista26=-1&amp;lista89=-1&amp;lista87=-1&amp;lista86=-1&amp;lista6=-1&amp;lista84=-1&amp;lista83=-1&amp;lista2=-1&amp;lista18=-1&amp;lista47=-1&amp;lista46=-1&amp;lista13=-1&amp;lista45=-1&amp;lista44=-1&amp;lista75=-1&amp;lista74=-1&amp;lista40=-1&amp;lista111=-1</queryString>
  <url>https://preproduccion.sge:443/gepa/BusquedaAction.do</url>
</httpSample>
<httpSample t="187" lt="0" ts="1298631936624" s="true" lb="/gepa/scripts/scriptaculous/scriptaculous.js" rc="200" by="5068">
  <responseHeader class="java.lang.String">HTTP/1.0 200 OK
Date: Fri, 25 Feb 2011 11:05:36 GMT
Server: Oracle-Application-Server-10g/10.1.2.2.0 Oracle-HTTP-Server
Content-Length: 5068
Set-Cookie: JSESSIONID=5eb237f45fd3ad5eaa381d2c4f11fda9b385fd48e5e5aaf7b855f9a39bee2b24.e38Ob3aOaheRe34Mb3qSax0Pahz0nR9Pq6XteP93; path=/login
Content-Type: text/html; charset=ISO-8859-1
</responseHeader>
  <requestHeader class="java.lang.String">Accept-Language: es-ES
Accept: */*
User-Agent: Mozilla/4.0 (compatible; MSIE 7.0; Windows NT 6.1; Trident/4.0; SLCC2; .NET CLR 2.0.50727; .NET CLR 3.5.30729; .NET CLR 3.0.30729; Media Center PC 6.0; MDDS; .NET4.0C)
Accept-Encoding: gzip, deflate
Referer: http://picasso:8888/gepa/BusquedaAction.do
</requestHeader>
  <cookies class="java.lang.String"></cookies>
  <method class="java.lang.String">GET</method>
  <queryString class="java.lang.String"></queryString>
  <redirectLocation class="java.lang.String">https://login-pre.sge/pls/orasso/orasso.wwsso_app_admin.ls_login?Site2pstoreToken=v1.4~CEF0A91F~489DE87D9097D0FA67B2F6C9BE0E7365A2904901155FDFE1D977996D0F3D500532C02784D6B1036B8E905F5EAAAA18369F803E02F4F5DBC46859F68F42E5B8209247D27FCE20DD94FDF60D939CAF173AA50E81CA6A7D93CCF85BDAD294DD13000502E09EC9C2DDBAC4201D3EDFC780E5993FBAB96F2A72344E2C11E91AA2465F7CFDA391F389CA7440906CF17934F2AF389F0BD9DBAD81313402562E5268045480F4392D95C2C612204590796C5A3B9425CB5E47DE3CBFAA509CF82D218A05D5D046D8C7BB1F5E89F911E2DEB659D98B8BB047F4A608CC808E78CDA7CA3C1425F5E4F7B9D5723058308AA278ED7525C22BB59012768A349D9B8F16DC86D8725E938D3284132928B8DB9D1377EF9DB282</redirectLocation>
  <url>https://preproduccion.sge/login/login.jsp?site2pstoretoken=v1.4~CEF0A91F~489DE87D9097D0FA67B2F6C9BE0E7365A2904901155FDFE1D977996D0F3D500532C02784D6B1036B8E905F5EAAAA18369F803E02F4F5DBC46859F68F42E5B8209247D27FCE20DD94FDF60D939CAF173AA50E81CA6A7D93CCF85BDAD294DD13000502E09EC9C2DDBAC4201D3EDFC780E5993FBAB96F2A72344E2C11E91AA2465F7CFDA391F389CA7440906CF17934F2AF389F0BD9DBAD81313402562E5268045480F4392D95C2C612204590796C5A3B9425CB5E47DE3CBFAA509CF82D218A05D5D046D8C7BB1F5E89F911E2DEB659D98B8BB047F4A608CC808E78CDA7CA3C1425F5E4F7B9D5723058308AA278ED7525C22BB59012768A349D9B8F16DC86D8725E938D3284132928B8DB9D1377EF9DB282&amp;p_error_code=&amp;p_submit_url=https%3A%2F%2Flogin-pre.sge%2Fsso%2Fauth&amp;p_cancel_url=https%3A%2F%2Fpreproduccion.sge&amp;ssousername=&amp;subscribername=</url>
</httpSample>
<httpSample t="188" lt="0" ts="1298631936811" s="true" lb="/gepa/ResultadoBusquedaAction.do" rc="200" by="5004">
  <responseHeader class="java.lang.String">HTTP/1.0 200 OK
Date: Fri, 25 Feb 2011 11:05:36 GMT
Server: Oracle-Application-Server-10g/10.1.2.2.0 Oracle-HTTP-Server
Content-Length: 5004
Set-Cookie: JSESSIONID=83e4751b0fac467de275b89e65a9c842727fff7869871e791980fa8698970d70.e3eSbhiLaNyPe3yNbNyQc3qSai1BqBjKpPXxqAa; path=/login
Content-Type: text/html; charset=ISO-8859-1
</responseHeader>
  <requestHeader class="java.lang.String">Accept-Language: es-ES
Accept: image/jpeg, application/x-ms-application, image/gif, application/xaml+xml, image/pjpeg, application/x-ms-xbap, application/vnd.ms-powerpoint, application/vnd.ms-excel, application/msword, */*
User-Agent: Mozilla/4.0 (compatible; MSIE 7.0; Windows NT 6.1; Trident/4.0; SLCC2; .NET CLR 2.0.50727; .NET CLR 3.5.30729; .NET CLR 3.0.30729; Media Center PC 6.0; MDDS; .NET4.0C)
Accept-Encoding: gzip, deflate
Referer: http://picasso:8888/gepa/BusquedaAction.do
</requestHeader>
  <cookies class="java.lang.String"></cookies>
  <method class="java.lang.String">GET</method>
  <queryString class="java.lang.String"></queryString>
  <redirectLocation class="java.lang.String">https://login-pre.sge/pls/orasso/orasso.wwsso_app_admin.ls_login?Site2pstoreToken=v1.4~CEF0A91F~489DE87D9097D0FA67B2F6C9BE0E7365A2904901155FDFE1D977996D0F3D500532C02784D6B1036B8E905F5EAAAA18369F803E02F4F5DBC46859F68F42E5B8209247D27FCE20DD94FDF60D939CAF173AA50E81CA6A7D93CCF85BDAD294DD13001E8A18DA1603B8A2783372EB770C45CF10FCB4B2656354ADFE015EC38D0C2075FF2311644A9566703FB511D857F75B835111201ED6777C746B64898D4E6FC51DDD36106BC41A13D38502DED0E9F6286D1E49D45C756312813A47F5D9E602DAC59DF926C8E51242426C3A1C7CE313066AB97304D608935C4C7EC3F8BAB9F4ADE81A48D50A39145383187788A52D66AD603BD9FDA57E5FECB24EBFA285E5B0E996</redirectLocation>
  <url>https://preproduccion.sge/login/login.jsp?site2pstoretoken=v1.4~CEF0A91F~489DE87D9097D0FA67B2F6C9BE0E7365A2904901155FDFE1D977996D0F3D500532C02784D6B1036B8E905F5EAAAA18369F803E02F4F5DBC46859F68F42E5B8209247D27FCE20DD94FDF60D939CAF173AA50E81CA6A7D93CCF85BDAD294DD13001E8A18DA1603B8A2783372EB770C45CF10FCB4B2656354ADFE015EC38D0C2075FF2311644A9566703FB511D857F75B835111201ED6777C746B64898D4E6FC51DDD36106BC41A13D38502DED0E9F6286D1E49D45C756312813A47F5D9E602DAC59DF926C8E51242426C3A1C7CE313066AB97304D608935C4C7EC3F8BAB9F4ADE81A48D50A39145383187788A52D66AD603BD9FDA57E5FECB24EBFA285E5B0E996&amp;p_error_code=&amp;p_submit_url=https%3A%2F%2Flogin-pre.sge%2Fsso%2Fauth&amp;p_cancel_url=https%3A%2F%2Fpreproduccion.sge&amp;ssousername=&amp;subscribername=</url>
</httpSample>
<httpSample t="609" lt="0" ts="1298631936999" s="true" lb="/gepa/scripts/scriptaculous/scriptaculous.js" rc="200" by="5068">
  <responseHeader class="java.lang.String">HTTP/1.0 200 OK
Date: Fri, 25 Feb 2011 11:05:37 GMT
Server: Oracle-Application-Server-10g/10.1.2.2.0 Oracle-HTTP-Server
Content-Length: 5068
Set-Cookie: JSESSIONID=018b87db00ce759148b5d0dabd77c6ac068ae0a704ebbce8b8fb64bfdac814ba.e38Ob3aOaheRe34Mb3qSax0Pahz0nR9Pq6XteP93; path=/login
Content-Type: text/html; charset=ISO-8859-1
</responseHeader>
  <requestHeader class="java.lang.String">Accept-Language: es-ES
Accept: */*
User-Agent: Mozilla/4.0 (compatible; MSIE 7.0; Windows NT 6.1; Trident/4.0; SLCC2; .NET CLR 2.0.50727; .NET CLR 3.5.30729; .NET CLR 3.0.30729; Media Center PC 6.0; MDDS; .NET4.0C)
Accept-Encoding: gzip, deflate
Referer: http://picasso:8888/gepa/ResultadoBusquedaAction.do?accion=gestionExp&amp;indice=0
</requestHeader>
  <cookies class="java.lang.String"></cookies>
  <method class="java.lang.String">GET</method>
  <queryString class="java.lang.String"></queryString>
  <redirectLocation class="java.lang.String">https://login-pre.sge/pls/orasso/orasso.wwsso_app_admin.ls_login?Site2pstoreToken=v1.4~CEF0A91F~C1DE1B11C7C9282444D780CF49BFCCBDAAC48608A35F51BFD9A302E4C7AE1503B9AE26A633F6B1B3757AF1DFE5E0B3DB7601BA4B152EC38D1EC9BA61364A035D6149707B06031B37DBBB24205B4BD13D63D626D12B14B02338D7D0196C7012E7C38D10B7B9CF9177277FFBBCB457820EC1B42043EAA3671189DBF47FD295BB974AE660F9AD1FD162EF1FFD67D24DAACADDA9496A9AB019223FB1F1D43518554BEBFB8A37E7BAA6B3612AB14F5F8769D945BBA326B620650DA7256E939FDDBF4863F0647AE9E2BF82308614FD5D4C57D30D3779C98F14A1F36F35F2A766F5EA2278EB31FE5385751F46F8BD2ADA560ACBE64BC78B6CDD42765078D5C2CE53399EAE8BE8758A2C8D4217CCA8B19F0D95E8</redirectLocation>
  <url>https://preproduccion.sge/login/login.jsp?site2pstoretoken=v1.4~CEF0A91F~C1DE1B11C7C9282444D780CF49BFCCBDAAC48608A35F51BFD9A302E4C7AE1503B9AE26A633F6B1B3757AF1DFE5E0B3DB7601BA4B152EC38D1EC9BA61364A035D6149707B06031B37DBBB24205B4BD13D63D626D12B14B02338D7D0196C7012E7C38D10B7B9CF9177277FFBBCB457820EC1B42043EAA3671189DBF47FD295BB974AE660F9AD1FD162EF1FFD67D24DAACADDA9496A9AB019223FB1F1D43518554BEBFB8A37E7BAA6B3612AB14F5F8769D945BBA326B620650DA7256E939FDDBF4863F0647AE9E2BF82308614FD5D4C57D30D3779C98F14A1F36F35F2A766F5EA2278EB31FE5385751F46F8BD2ADA560ACBE64BC78B6CDD42765078D5C2CE53399EAE8BE8758A2C8D4217CCA8B19F0D95E8&amp;p_error_code=&amp;p_submit_url=https%3A%2F%2Flogin-pre.sge%2Fsso%2Fauth&amp;p_cancel_url=https%3A%2F%2Fpreproduccion.sge&amp;ssousername=&amp;subscribername=</url>
</httpSample>
<httpSample t="203" lt="0" ts="1298631937608" s="true" lb="/gepa/ConexionAction.do" rc="200" by="5388">
  <responseHeader class="java.lang.String">HTTP/1.0 200 OK
Date: Fri, 25 Feb 2011 11:05:37 GMT
Server: Oracle-Application-Server-10g/10.1.2.2.0 Oracle-HTTP-Server
Content-Length: 5388
Set-Cookie: JSESSIONID=644f6e9741fde58f9c76246f76f0ed6f3e2c0e113f19a8ce4c2ed88e4668ee3a.e3eSbhiLaNyPe3yNbNyQc3qSai1BqBjKpPXxqAa; path=/login
Content-Type: text/html; charset=ISO-8859-1
</responseHeader>
  <requestHeader class="java.lang.String">Accept-Language: es
Accept: */*
User-Agent: Mozilla/4.0 (compatible; MSIE 7.0; Windows NT 6.1; Trident/4.0; SLCC2; .NET CLR 2.0.50727; .NET CLR 3.5.30729; .NET CLR 3.0.30729; Media Center PC 6.0; MDDS; .NET4.0C)
Accept-Encoding: gzip, deflate
</requestHeader>
  <cookies class="java.lang.String"></cookies>
  <method class="java.lang.String">GET</method>
  <queryString class="java.lang.String"></queryString>
  <redirectLocation class="java.lang.String">https://login-pre.sge/pls/orasso/orasso.wwsso_app_admin.ls_login?Site2pstoreToken=v1.4~CEF0A91F~C1DE1B11C7C9282444D780CF49BFCCBDAAC48608A35F51BFD9A302E4C7AE1503B9AE26A633F6B1B3757AF1DFE5E0B3DB7601BA4B152EC38D1EC9BA61364A035D6149707B06031B37DBBB24205B4BD13D63D626D12B14B02338D7D0196C7012E7D501C9513F739EEC39A75BF5265196D4D32932E3D3AF36A54D8161CADB27B510BEE89942116C5425A6EF1EB29D86D5E0BE58A04347C5A608EB54E4FC47B68511C570DD7CA2B54158B0C919DFCA26F8D3AFA366F0E2419CAA08D14B0142790EF018940E94B6B7FEA91F1A6EFCDEC28149438DE45D67B9FEBD5134B877A16DD7F2C83C2A6DE7C03301BA46F0F59838611EB52B71C2E4D891B8F22D321142B7CE642B6F8C78EBA6BC3E1799EB0A46E800B9C9B09016D06286751B3C0D32FFBCB4DBC8C81A8F9DB3D19F6511D62C05F5B7DCCB5B1D5F325EC4747988FAD5E38D719E63986862504B9CD5CDF1BC4B49A37E0E77679B980985CB72A43CB9F82FB121E4</redirectLocation>
  <url>https://preproduccion.sge/login/login.jsp?site2pstoretoken=v1.4~CEF0A91F~C1DE1B11C7C9282444D780CF49BFCCBDAAC48608A35F51BFD9A302E4C7AE1503B9AE26A633F6B1B3757AF1DFE5E0B3DB7601BA4B152EC38D1EC9BA61364A035D6149707B06031B37DBBB24205B4BD13D63D626D12B14B02338D7D0196C7012E7D501C9513F739EEC39A75BF5265196D4D32932E3D3AF36A54D8161CADB27B510BEE89942116C5425A6EF1EB29D86D5E0BE58A04347C5A608EB54E4FC47B68511C570DD7CA2B54158B0C919DFCA26F8D3AFA366F0E2419CAA08D14B0142790EF018940E94B6B7FEA91F1A6EFCDEC28149438DE45D67B9FEBD5134B877A16DD7F2C83C2A6DE7C03301BA46F0F59838611EB52B71C2E4D891B8F22D321142B7CE642B6F8C78EBA6BC3E1799EB0A46E800B9C9B09016D06286751B3C0D32FFBCB4DBC8C81A8F9DB3D19F6511D62C05F5B7DCCB5B1D5F325EC4747988FAD5E38D719E63986862504B9CD5CDF1BC4B49A37E0E77679B980985CB72A43CB9F82FB121E4&amp;p_error_code=&amp;p_submit_url=https%3A%2F%2Flogin-pre.sge%2Fsso%2Fauth&amp;p_cancel_url=https%3A%2F%2Fpreproduccion.sge&amp;ssousername=&amp;subscribername=</url>
</httpSample>
<httpSample t="188" lt="0" ts="1298631937811" s="true" lb="/gepa/scripts/scriptaculous/scriptaculous.js" rc="200" by="5068">
  <responseHeader class="java.lang.String">HTTP/1.0 200 OK
Date: Fri, 25 Feb 2011 11:05:37 GMT
Server: Oracle-Application-Server-10g/10.1.2.2.0 Oracle-HTTP-Server
Content-Length: 5068
Set-Cookie: JSESSIONID=b35d372fc6a65a145625cd496d25afa28acdbbca4c0cc699d57a80d84829e55a.e38Ob3aOaheRe34Mb3qSax0Pahz0nR9Pq6XteP93; path=/login
Content-Type: text/html; charset=ISO-8859-1
</responseHeader>
  <requestHeader class="java.lang.String">Accept-Language: es-ES
Accept: */*
User-Agent: Mozilla/4.0 (compatible; MSIE 7.0; Windows NT 6.1; Trident/4.0; SLCC2; .NET CLR 2.0.50727; .NET CLR 3.5.30729; .NET CLR 3.0.30729; Media Center PC 6.0; MDDS; .NET4.0C)
Accept-Encoding: gzip, deflate
Referer: http://picasso:8888/gepa/ConexionAction.do?POSTDATA=variosPerfiles=true&amp;accion=iniciar&amp;codigoEntidad=DYS&amp;codigo=jcnegredo&amp;contrasenya=dysmatica&amp;rolSeleccionado=25
</requestHeader>
  <cookies class="java.lang.String"></cookies>
  <method class="java.lang.String">GET</method>
  <queryString class="java.lang.String"></queryString>
  <redirectLocation class="java.lang.String">https://login-pre.sge/pls/orasso/orasso.wwsso_app_admin.ls_login?Site2pstoreToken=v1.4~CEF0A91F~C1DE1B11C7C9282444D780CF49BFCCBDAAC48608A35F51BFD9A302E4C7AE1503B9AE26A633F6B1B3757AF1DFE5E0B3DB7601BA4B152EC38D1EC9BA61364A035D6149707B06031B37DBBB24205B4BD13D63D626D12B14B02338D7D0196C7012E7C38D10B7B9CF9177277FFBBCB457820EC1B42043EAA3671189DBF47FD295BB974AE660F9AD1FD162EF1FFD67D24DAACADDA9496A9AB019223FB1F1D43518554BEBFB8A37E7BAA6B3612AB14F5F8769D945BBA326B620650DA7256E939FDDBF4863F0647AE9E2BF82308614FD5D4C57D30D3779C98F14A1F36F35F2A766F5EA2278EB31FE5385751F46F8BD2ADA560ACBE64BC78B6CDD42765078D5C2CE53399EAE8BE8758A2C8D4217CCA8B19F0D95E8</redirectLocation>
  <url>https://preproduccion.sge/login/login.jsp?site2pstoretoken=v1.4~CEF0A91F~C1DE1B11C7C9282444D780CF49BFCCBDAAC48608A35F51BFD9A302E4C7AE1503B9AE26A633F6B1B3757AF1DFE5E0B3DB7601BA4B152EC38D1EC9BA61364A035D6149707B06031B37DBBB24205B4BD13D63D626D12B14B02338D7D0196C7012E7C38D10B7B9CF9177277FFBBCB457820EC1B42043EAA3671189DBF47FD295BB974AE660F9AD1FD162EF1FFD67D24DAACADDA9496A9AB019223FB1F1D43518554BEBFB8A37E7BAA6B3612AB14F5F8769D945BBA326B620650DA7256E939FDDBF4863F0647AE9E2BF82308614FD5D4C57D30D3779C98F14A1F36F35F2A766F5EA2278EB31FE5385751F46F8BD2ADA560ACBE64BC78B6CDD42765078D5C2CE53399EAE8BE8758A2C8D4217CCA8B19F0D95E8&amp;p_error_code=&amp;p_submit_url=https%3A%2F%2Flogin-pre.sge%2Fsso%2Fauth&amp;p_cancel_url=https%3A%2F%2Fpreproduccion.sge&amp;ssousername=&amp;subscribername=</url>
</httpSample>
<httpSample t="31" lt="31" ts="1298631937999" s="false" lb="/gepa/ConexionAction.do;jsessionid=eb634fe5b58b0bcb96508261e275709f9c8e236e3e15aeb347f0741aac2dda55" rc="500" by="778">
  <responseHeader class="java.lang.String">HTTP/1.0 500 Internal Server Error
Date: Fri, 25 Feb 2011 11:05:38 GMT
Server: Oracle-Application-Server-10g/10.1.2.2.0 Oracle-HTTP-Server
Content-Type: text/html; charset=iso-8859-1
</responseHeader>
  <requestHeader class="java.lang.String">Content-Type: application/x-www-form-urlencoded
Accept-Language: es-ES
Accept: image/jpeg, application/x-ms-application, image/gif, application/xaml+xml, image/pjpeg, application/x-ms-xbap, application/vnd.ms-powerpoint, application/vnd.ms-excel, application/msword, */*
User-Agent: Mozilla/4.0 (compatible; MSIE 7.0; Windows NT 6.1; Trident/4.0; SLCC2; .NET CLR 2.0.50727; .NET CLR 3.5.30729; .NET CLR 3.0.30729; Media Center PC 6.0; MDDS; .NET4.0C)
Accept-Encoding: gzip, deflate
Referer: http://picasso:8888/gepa/ConexionAction.do?POSTDATA=variosPerfiles=true&amp;accion=iniciar&amp;codigoEntidad=DYS&amp;codigo=jcnegredo&amp;contrasenya=dysmatica&amp;rolSeleccionado=25
Pragma: no-cache
</requestHeader>
  <cookies class="java.lang.String"></cookies>
  <method class="java.lang.String">POST</method>
  <queryString class="java.lang.String">variosPerfiles=true&amp;accion=seleccionarPerfil&amp;codigoEntidad=DYS&amp;rolSeleccionado=25</queryString>
  <url>https://preproduccion.sge:443/gepa/ConexionAction.do;jsessionid=eb634fe5b58b0bcb96508261e275709f9c8e236e3e15aeb347f0741aac2dda55</url>
</httpSample>
<httpSample t="187" lt="0" ts="1298631938030" s="true" lb="/gepa/scripts/scriptaculous/scriptaculous.js" rc="200" by="5068">
  <responseHeader class="java.lang.String">HTTP/1.0 200 OK
Date: Fri, 25 Feb 2011 11:05:38 GMT
Server: Oracle-Application-Server-10g/10.1.2.2.0 Oracle-HTTP-Server
Content-Length: 5068
Set-Cookie: JSESSIONID=4f31a57557f30b7a49f0167a66f93b607569ba5b0cc0a2c5a5c93448ae84ea46.e38Ob3aOaheRe34Mb3qSax0Pahz0nR9Pq6XteP93; path=/login
Content-Type: text/html; charset=ISO-8859-1
</responseHeader>
  <requestHeader class="java.lang.String">Accept-Language: es-ES
Accept: */*
User-Agent: Mozilla/4.0 (compatible; MSIE 7.0; Windows NT 6.1; Trident/4.0; SLCC2; .NET CLR 2.0.50727; .NET CLR 3.5.30729; .NET CLR 3.0.30729; Media Center PC 6.0; MDDS; .NET4.0C)
Accept-Encoding: gzip, deflate
Referer: http://picasso:8888/gepa/ConexionAction.do;jsessionid=eb634fe5b58b0bcb96508261e275709f9c8e236e3e15aeb347f0741aac2dda55
</requestHeader>
  <cookies class="java.lang.String"></cookies>
  <method class="java.lang.String">GET</method>
  <queryString class="java.lang.String"></queryString>
  <redirectLocation class="java.lang.String">https://login-pre.sge/pls/orasso/orasso.wwsso_app_admin.ls_login?Site2pstoreToken=v1.4~CEF0A91F~D67E26D66DAC59881760A933A56186F731374CBBFC16B6192F3AD9F0A6F133278C87FD260D11414FA82B44A10A2D7A8A3B910B0AEE8C170F099D2B8C37BE8CDD1E43E9E33785BE61948163620A5B9FE31C6EE17C2E818F7C0DA2AE91A3BA08745D54ED53B3961406E6A193E193B76B9BFF3F158887B3E633937AC9238F3774B06283AE3503DEC02CB04FD9E01F0384312354287720244005FC55A0799D6D4069CC03979AB10B56320769E1E8F357409A060B53DE42A8E66FEF3E6C881D2E6B1D29178121B546026935239676F6383751DF54C4F1CFA471AC2140F1434FC39F305C09DCBAF5C57D0CC5F1244888609D8E84B0E135BD494A9E53EE5C9D5C072A8F676A78B5E83AEB6E0AC969C3BC0BD61E</redirectLocation>
  <url>https://preproduccion.sge/login/login.jsp?site2pstoretoken=v1.4~CEF0A91F~D67E26D66DAC59881760A933A56186F731374CBBFC16B6192F3AD9F0A6F133278C87FD260D11414FA82B44A10A2D7A8A3B910B0AEE8C170F099D2B8C37BE8CDD1E43E9E33785BE61948163620A5B9FE31C6EE17C2E818F7C0DA2AE91A3BA08745D54ED53B3961406E6A193E193B76B9BFF3F158887B3E633937AC9238F3774B06283AE3503DEC02CB04FD9E01F0384312354287720244005FC55A0799D6D4069CC03979AB10B56320769E1E8F357409A060B53DE42A8E66FEF3E6C881D2E6B1D29178121B546026935239676F6383751DF54C4F1CFA471AC2140F1434FC39F305C09DCBAF5C57D0CC5F1244888609D8E84B0E135BD494A9E53EE5C9D5C072A8F676A78B5E83AEB6E0AC969C3BC0BD61E&amp;p_error_code=&amp;p_submit_url=https%3A%2F%2Flogin-pre.sge%2Fsso%2Fauth&amp;p_cancel_url=https%3A%2F%2Fpreproduccion.sge&amp;ssousername=&amp;subscribername=</url>
</httpSample>
<httpSample t="0" lt="0" ts="1298631938233" s="false" lb="/gepa/BusquedaAction.do" rc="500" by="778">
  <responseHeader class="java.lang.String">HTTP/1.0 500 Internal Server Error
Date: Fri, 25 Feb 2011 11:05:38 GMT
Server: Oracle-Application-Server-10g/10.1.2.2.0 Oracle-HTTP-Server
Content-Type: text/html; charset=iso-8859-1
</responseHeader>
  <requestHeader class="java.lang.String">Content-Type: application/x-www-form-urlencoded
Accept-Language: es-ES
Accept: image/jpeg, application/x-ms-application, image/gif, application/xaml+xml, image/pjpeg, application/x-ms-xbap, application/vnd.ms-powerpoint, application/vnd.ms-excel, application/msword, */*
User-Agent: Mozilla/4.0 (compatible; MSIE 7.0; Windows NT 6.1; Trident/4.0; SLCC2; .NET CLR 2.0.50727; .NET CLR 3.5.30729; .NET CLR 3.0.30729; Media Center PC 6.0; MDDS; .NET4.0C)
Accept-Encoding: gzip, deflate
Referer: http://picasso:8888/gepa/ConexionAction.do;jsessionid=eb634fe5b58b0bcb96508261e275709f9c8e236e3e15aeb347f0741aac2dda55
Pragma: no-cache
</requestHeader>
  <cookies class="java.lang.String"></cookies>
  <method class="java.lang.String">POST</method>
  <queryString class="java.lang.String">accion=buscar&amp;modo=rapida&amp;avanzadaDesplegada=false&amp;descElemPesado=&amp;identificacionRapida=&amp;nombreRapida=&amp;apellido1Rapida=&amp;apellido2Rapida=&amp;anyoRapida=&amp;numeroRapida=&amp;desdeRapida=&amp;hastaRapida=&amp;tramiteRapida=-1&amp;estadoRapida=-1&amp;idBusqueda=-1&amp;idClases=26&amp;metaTipo0=STRING&amp;metaTipo1=STRING&amp;metaTipo2=LISTA&amp;metaTipo3=STRING&amp;metaTipo4=LISTA_PESADA&amp;metaTipo5=STRING&amp;metaTipo6=LISTA&amp;metaTipo7=STRING&amp;metaTipo8=STRING&amp;metaTipo9=STRING&amp;metaTipo10=STRING&amp;metaTipo11=STRING&amp;metaTipo12=STRING&amp;metaTipo13=LISTA&amp;metaTipo14=STRING&amp;metaTipo15=TIMESTAMP&amp;metaTipo16=TIMESTAMP&amp;metaTipo17=TIMESTAMP&amp;metaTipo18=LISTA&amp;metaTipo19=LISTA_PESADA&amp;metaTipo20=STRING&amp;metaTipo21=STRING&amp;metaTipo22=STRING&amp;metaTipo23=STRING&amp;metaTipo24=STRING&amp;metaTipo25=LISTA_PESADA&amp;metaTipo26=LISTA&amp;metaTipo27=STRING&amp;metaTipo28=LISTA&amp;metaTipo29=STRING&amp;metaTipo30=STRING&amp;metaTipo31=INTEGER&amp;metaTipo32=STRING&amp;metaTipo33=STRING&amp;metaTipo34=STRING&amp;metaTipo35=LISTA&amp;metaTipo36=LISTA&amp;metaTipo37=LISTA&amp;metaTipo38=STRING&amp;metaTipo39=SEPARADOR&amp;metaTipo40=BOOLEAN&amp;metaTipo41=STRING&amp;metaTipo42=STRING&amp;metaTipo43=STRING&amp;metaTipo44=LISTA&amp;metaTipo45=BOOLEAN&amp;metaTipo46=BOOLEAN&amp;metaTipo47=BOOLEAN&amp;metaTipo48=STRING&amp;metaTipo49=TIMESTAMP&amp;metaTipo50=TIMESTAMP&amp;metaTipo51=TIMESTAMP&amp;metaTipo52=TIMESTAMP&amp;metaTipo53=TIMESTAMP&amp;metaTipo54=TIMESTAMP&amp;metaTipo55=TIMESTAMP&amp;metaTipo56=TIMESTAMP&amp;metaTipo57=TIMESTAMP&amp;metaTipo58=TIMESTAMP&amp;metaTipo59=TIMESTAMP&amp;metaTipo60=TIMESTAMP&amp;metaTipo61=TIMESTAMP&amp;metaTipo62=TIMESTAMP&amp;metaTipo63=TIMESTAMP&amp;metaTipo64=LISTA&amp;metaTipo65=LISTA&amp;metaTipo66=LISTA&amp;metaTipo67=DOUBLE&amp;metaTipo68=DOUBLE&amp;metaTipo69=DOUBLE&amp;metaTipo70=DOUBLE&amp;metaTipo71=DOUBLE&amp;metaTipo72=DOUBLE&amp;metaTipo73=DOUBLE&amp;metaTipo74=BOOLEAN&amp;metaTipo75=LISTA&amp;metaTipo76=STRING&amp;metaTipo77=STRING&amp;metaTipo78=STRING&amp;metaTipo79=STRING&amp;metaTipo80=STRING&amp;metaTipo81=STRING&amp;metaTipo82=STRING&amp;metaTipo83=BOOLEAN&amp;metaTipo84=BOOLEAN&amp;metaTipo85=STRING&amp;metaTipo86=LISTA&amp;metaTipo87=LISTA&amp;metaTipo88=LISTA_PESADA&amp;metaTipo89=LISTA&amp;metaTipo90=LISTA&amp;metaTipo91=STRING&amp;metaTipo92=LISTA&amp;metaTipo93=STRING&amp;metaTipo94=STRING&amp;metaTipo95=LISTA&amp;metaTipo96=LISTA&amp;metaTipo97=LISTA&amp;metaTipo98=BOOLEAN&amp;metaTipo99=LISTA&amp;metaTipo100=BOOLEAN&amp;metaTipo101=LISTA&amp;metaTipo102=LISTA&amp;metaTipo103=BOOLEAN&amp;metaTipo104=BOOLEAN&amp;metaTipo105=LISTA&amp;metaTipo106=LISTA&amp;metaTipo107=LISTA&amp;metaTipo108=LISTA&amp;metaTipo109=LISTA&amp;metaTipo110=STRING&amp;metaTipo111=LISTA&amp;valor=&amp;valorPesado=&amp;lista37=-1&amp;lista36=-1&amp;lista35=-1&amp;lista99=-1&amp;lista109=-1&amp;lista66=-1&amp;lista98=-1&amp;lista108=-1&amp;lista65=-1&amp;lista97=-1&amp;lista107=-1&amp;lista64=-1&amp;lista96=-1&amp;lista106=-1&amp;lista95=-1&amp;lista105=-1&amp;lista104=-1&amp;lista92=-1&amp;lista103=-1&amp;lista102=-1&amp;lista90=-1&amp;lista101=-1&amp;lista100=-1&amp;lista28=-1&amp;lista26=-1&amp;lista89=-1&amp;lista87=-1&amp;lista86=-1&amp;lista6=-1&amp;lista84=-1&amp;lista83=-1&amp;lista2=-1&amp;lista18=-1&amp;lista47=-1&amp;lista46=-1&amp;lista13=-1&amp;lista45=-1&amp;lista44=-1&amp;lista75=-1&amp;lista74=-1&amp;lista40=-1&amp;lista111=-1</queryString>
  <url>https://preproduccion.sge:443/gepa/BusquedaAction.do</url>
</httpSample>
<httpSample t="172" lt="0" ts="1298631938249" s="true" lb="/gepa/scripts/scriptaculous/scriptaculous.js" rc="200" by="5068">
  <responseHeader class="java.lang.String">HTTP/1.0 200 OK
Date: Fri, 25 Feb 2011 11:05:38 GMT
Server: Oracle-Application-Server-10g/10.1.2.2.0 Oracle-HTTP-Server
Content-Length: 5068
Set-Cookie: JSESSIONID=467b5ec8de32291be3902bb9a452c8b89bb736537c76a490a6cbbbb26577753a.e3eSbhiLaNyPe3yNbNyQc3qSai1BqBjKpPXxqAa; path=/login
Content-Type: text/html; charset=ISO-8859-1
</responseHeader>
  <requestHeader class="java.lang.String">Accept-Language: es-ES
Accept: */*
User-Agent: Mozilla/4.0 (compatible; MSIE 7.0; Windows NT 6.1; Trident/4.0; SLCC2; .NET CLR 2.0.50727; .NET CLR 3.5.30729; .NET CLR 3.0.30729; Media Center PC 6.0; MDDS; .NET4.0C)
Accept-Encoding: gzip, deflate
Referer: http://picasso:8888/gepa/BusquedaAction.do
</requestHeader>
  <cookies class="java.lang.String"></cookies>
  <method class="java.lang.String">GET</method>
  <queryString class="java.lang.String"></queryString>
  <redirectLocation class="java.lang.String">https://login-pre.sge/pls/orasso/orasso.wwsso_app_admin.ls_login?Site2pstoreToken=v1.4~CEF0A91F~D67E26D66DAC59881760A933A56186F731374CBBFC16B6192F3AD9F0A6F133278C87FD260D11414FA82B44A10A2D7A8A3B910B0AEE8C170F099D2B8C37BE8CDD1E43E9E33785BE61948163620A5B9FE31C6EE17C2E818F7C0DA2AE91A3BA08745D54ED53B3961406E6A193E193B76B9BFF3F158887B3E633937AC9238F3774B06283AE3503DEC02CB04FD9E01F0384312354287720244005FC55A0799D6D4069CC03979AB10B56320769E1E8F357409A060B53DE42A8E66FEF3E6C881D2E6B1D29178121B546026935239676F6383751DF54C4F1CFA471AC2140F1434FC39F305C09DCBAF5C57D0CC5F1244888609D8E84B0E135BD494A9E53EE5C9D5C072A8F676A78B5E83AEB6E0AC969C3BC0BD61E</redirectLocation>
  <url>https://preproduccion.sge/login/login.jsp?site2pstoretoken=v1.4~CEF0A91F~D67E26D66DAC59881760A933A56186F731374CBBFC16B6192F3AD9F0A6F133278C87FD260D11414FA82B44A10A2D7A8A3B910B0AEE8C170F099D2B8C37BE8CDD1E43E9E33785BE61948163620A5B9FE31C6EE17C2E818F7C0DA2AE91A3BA08745D54ED53B3961406E6A193E193B76B9BFF3F158887B3E633937AC9238F3774B06283AE3503DEC02CB04FD9E01F0384312354287720244005FC55A0799D6D4069CC03979AB10B56320769E1E8F357409A060B53DE42A8E66FEF3E6C881D2E6B1D29178121B546026935239676F6383751DF54C4F1CFA471AC2140F1434FC39F305C09DCBAF5C57D0CC5F1244888609D8E84B0E135BD494A9E53EE5C9D5C072A8F676A78B5E83AEB6E0AC969C3BC0BD61E&amp;p_error_code=&amp;p_submit_url=https%3A%2F%2Flogin-pre.sge%2Fsso%2Fauth&amp;p_cancel_url=https%3A%2F%2Fpreproduccion.sge&amp;ssousername=&amp;subscribername=</url>
</httpSample>
<httpSample t="203" lt="0" ts="1298631938421" s="true" lb="/gepa/ResultadoBusquedaAction.do" rc="200" by="5004">
  <responseHeader class="java.lang.String">HTTP/1.0 200 OK
Date: Fri, 25 Feb 2011 11:05:38 GMT
Server: Oracle-Application-Server-10g/10.1.2.2.0 Oracle-HTTP-Server
Content-Length: 5004
Set-Cookie: JSESSIONID=9cbb0e6f740d94129b2245ce42c29ccbb9898528267e28d40ededf944838bc0e.e38Ob3aOaheRe34Mb3qSax0Pahz0nR9Pq6XteP93; path=/login
Content-Type: text/html; charset=ISO-8859-1
</responseHeader>
  <requestHeader class="java.lang.String">Accept-Language: es-ES
Accept: image/jpeg, application/x-ms-application, image/gif, application/xaml+xml, image/pjpeg, application/x-ms-xbap, application/vnd.ms-powerpoint, application/vnd.ms-excel, application/msword, */*
User-Agent: Mozilla/4.0 (compatible; MSIE 7.0; Windows NT 6.1; Trident/4.0; SLCC2; .NET CLR 2.0.50727; .NET CLR 3.5.30729; .NET CLR 3.0.30729; Media Center PC 6.0; MDDS; .NET4.0C)
Accept-Encoding: gzip, deflate
Referer: http://picasso:8888/gepa/BusquedaAction.do
</requestHeader>
  <cookies class="java.lang.String"></cookies>
  <method class="java.lang.String">GET</method>
  <queryString class="java.lang.String"></queryString>
  <redirectLocation class="java.lang.String">https://login-pre.sge/pls/orasso/orasso.wwsso_app_admin.ls_login?Site2pstoreToken=v1.4~CEF0A91F~D67E26D66DAC59881760A933A56186F731374CBBFC16B6192F3AD9F0A6F133278C87FD260D11414FA82B44A10A2D7A8A3B910B0AEE8C170F099D2B8C37BE8CDD1E43E9E33785BE61948163620A5B9FE31C6EE17C2E818F7C0DA2AE91A3BA0874CE63B8287748A2C270FA5BA768BB5C622956BD707410235F2B74E024665DE00F50C5FC480F61FA6474ECC59C13039F472311033A6B146FC5699698B2BED38F9414B02E632583A372EA5DE396C2C06124B7A2199A9C6564C050C1C32CCEC0B837DEDE7AC43D92602F49047A55013662FB4A7B631BF476A7199AA187D09A66E53C7AF5D05B454030E771FE2D53BDB16BFFD7A881E5554AC5B6D6B7F3ADD64CC346</redirectLocation>
  <url>https://preproduccion.sge/login/login.jsp?site2pstoretoken=v1.4~CEF0A91F~D67E26D66DAC59881760A933A56186F731374CBBFC16B6192F3AD9F0A6F133278C87FD260D11414FA82B44A10A2D7A8A3B910B0AEE8C170F099D2B8C37BE8CDD1E43E9E33785BE61948163620A5B9FE31C6EE17C2E818F7C0DA2AE91A3BA0874CE63B8287748A2C270FA5BA768BB5C622956BD707410235F2B74E024665DE00F50C5FC480F61FA6474ECC59C13039F472311033A6B146FC5699698B2BED38F9414B02E632583A372EA5DE396C2C06124B7A2199A9C6564C050C1C32CCEC0B837DEDE7AC43D92602F49047A55013662FB4A7B631BF476A7199AA187D09A66E53C7AF5D05B454030E771FE2D53BDB16BFFD7A881E5554AC5B6D6B7F3ADD64CC346&amp;p_error_code=&amp;p_submit_url=https%3A%2F%2Flogin-pre.sge%2Fsso%2Fauth&amp;p_cancel_url=https%3A%2F%2Fpreproduccion.sge&amp;ssousername=&amp;subscribername=</url>
</httpSample>
<httpSample t="187" lt="0" ts="1298631938624" s="true" lb="/gepa/scripts/scriptaculous/scriptaculous.js" rc="200" by="5068">
  <responseHeader class="java.lang.String">HTTP/1.0 200 OK
Date: Fri, 25 Feb 2011 11:05:38 GMT
Server: Oracle-Application-Server-10g/10.1.2.2.0 Oracle-HTTP-Server
Content-Length: 5068
Set-Cookie: JSESSIONID=5f6126145ba78fb439f5a9b7e9aaf9cb417fa0a556923a49572a3b79acea606e.e3eSbhiLaNyPe3yNbNyQc3qSai1BqBjKpPXxqAa; path=/login
Content-Type: text/html; charset=ISO-8859-1
</responseHeader>
  <requestHeader class="java.lang.String">Accept-Language: es-ES
Accept: */*
User-Agent: Mozilla/4.0 (compatible; MSIE 7.0; Windows NT 6.1; Trident/4.0; SLCC2; .NET CLR 2.0.50727; .NET CLR 3.5.30729; .NET CLR 3.0.30729; Media Center PC 6.0; MDDS; .NET4.0C)
Accept-Encoding: gzip, deflate
Referer: http://picasso:8888/gepa/ResultadoBusquedaAction.do?accion=gestionExp&amp;indice=0
</requestHeader>
  <cookies class="java.lang.String"></cookies>
  <method class="java.lang.String">GET</method>
  <queryString class="java.lang.String"></queryString>
  <redirectLocation class="java.lang.String">https://login-pre.sge/pls/orasso/orasso.wwsso_app_admin.ls_login?Site2pstoreToken=v1.4~CEF0A91F~D67E26D66DAC59881760A933A56186F731374CBBFC16B6192F3AD9F0A6F133278C87FD260D11414FA82B44A10A2D7A8A3B910B0AEE8C170F099D2B8C37BE8CDD1E43E9E33785BE61948163620A5B9FE31C6EE17C2E818F7C0DA2AE91A3BA08745D54ED53B3961406E6A193E193B76B9BFF3F158887B3E633937AC9238F3774B06283AE3503DEC02CB04FD9E01F0384312354287720244005FC55A0799D6D4069CC03979AB10B56320769E1E8F357409A060B53DE42A8E66FEF3E6C881D2E6B1D29178121B546026935239676F6383751DF54C4F1CFA471AC2140F1434FC39F305C09DCBAF5C57D0CC5F1244888609D8E84B0E135BD494A9E53EE5C9D5C072A8F676A78B5E83AEB6E0AC969C3BC0BD61E</redirectLocation>
  <url>https://preproduccion.sge/login/login.jsp?site2pstoretoken=v1.4~CEF0A91F~D67E26D66DAC59881760A933A56186F731374CBBFC16B6192F3AD9F0A6F133278C87FD260D11414FA82B44A10A2D7A8A3B910B0AEE8C170F099D2B8C37BE8CDD1E43E9E33785BE61948163620A5B9FE31C6EE17C2E818F7C0DA2AE91A3BA08745D54ED53B3961406E6A193E193B76B9BFF3F158887B3E633937AC9238F3774B06283AE3503DEC02CB04FD9E01F0384312354287720244005FC55A0799D6D4069CC03979AB10B56320769E1E8F357409A060B53DE42A8E66FEF3E6C881D2E6B1D29178121B546026935239676F6383751DF54C4F1CFA471AC2140F1434FC39F305C09DCBAF5C57D0CC5F1244888609D8E84B0E135BD494A9E53EE5C9D5C072A8F676A78B5E83AEB6E0AC969C3BC0BD61E&amp;p_error_code=&amp;p_submit_url=https%3A%2F%2Flogin-pre.sge%2Fsso%2Fauth&amp;p_cancel_url=https%3A%2F%2Fpreproduccion.sge&amp;ssousername=&amp;subscribername=</url>
</httpSample>
<httpSample t="188" lt="0" ts="1298631938811" s="true" lb="/gepa/ConexionAction.do" rc="200" by="5388">
  <responseHeader class="java.lang.String">HTTP/1.0 200 OK
Date: Fri, 25 Feb 2011 11:05:38 GMT
Server: Oracle-Application-Server-10g/10.1.2.2.0 Oracle-HTTP-Server
Content-Length: 5388
Set-Cookie: JSESSIONID=19b906f5cf890cafb49dcc2b8fdd9f4d880107be75f7faabd6f3101a745215b0.e38Ob3aOaheRe34Mb3qSax0Pahz0nR9Pq6XteP93; path=/login
Content-Type: text/html; charset=ISO-8859-1
</responseHeader>
  <requestHeader class="java.lang.String">Accept-Language: es
Accept: */*
User-Agent: Mozilla/4.0 (compatible; MSIE 7.0; Windows NT 6.1; Trident/4.0; SLCC2; .NET CLR 2.0.50727; .NET CLR 3.5.30729; .NET CLR 3.0.30729; Media Center PC 6.0; MDDS; .NET4.0C)
Accept-Encoding: gzip, deflate
</requestHeader>
  <cookies class="java.lang.String"></cookies>
  <method class="java.lang.String">GET</method>
  <queryString class="java.lang.String"></queryString>
  <redirectLocation class="java.lang.String">https://login-pre.sge/pls/orasso/orasso.wwsso_app_admin.ls_login?Site2pstoreToken=v1.4~CEF0A91F~D67E26D66DAC59881760A933A56186F731374CBBFC16B6192F3AD9F0A6F133278C87FD260D11414FA82B44A10A2D7A8A3B910B0AEE8C170F099D2B8C37BE8CDD1E43E9E33785BE61948163620A5B9FE31C6EE17C2E818F7C0DA2AE91A3BA0874D86BA7878378BC8816342E4361960F847780685050583380DCAB7ACCBB6A926DEE8ED3F9F3E442E42F5798D5CB9E084AE70387D4169F5EDA56249E25F2350174792C33C08604F079415829443030EA6DEDFD6730EB8C6D8C426EFC5B3BA4B4833CC8B5EB2EADB12973E6382FD5FAE9C131FC139D5E806BC46F04C1419CE6004BF02AB551DDBA8B380409F8996C80DD6F9EF6A0F9CC18DD0CBDA0F3CE7B55AC91828F6555A3939244F42488902004365A70428AD424C09953917034CEF9248939351E04AF5CDA1A27C429E1B1DF621DB9C0DED4DE13A1F54841806C6ED816980641123C96395E900D11AF13C90C298C7E850F5234AF31452CD80B12530DEEC29B</redirectLocation>
  <url>https://preproduccion.sge/login/login.jsp?site2pstoretoken=v1.4~CEF0A91F~D67E26D66DAC59881760A933A56186F731374CBBFC16B6192F3AD9F0A6F133278C87FD260D11414FA82B44A10A2D7A8A3B910B0AEE8C170F099D2B8C37BE8CDD1E43E9E33785BE61948163620A5B9FE31C6EE17C2E818F7C0DA2AE91A3BA0874D86BA7878378BC8816342E4361960F847780685050583380DCAB7ACCBB6A926DEE8ED3F9F3E442E42F5798D5CB9E084AE70387D4169F5EDA56249E25F2350174792C33C08604F079415829443030EA6DEDFD6730EB8C6D8C426EFC5B3BA4B4833CC8B5EB2EADB12973E6382FD5FAE9C131FC139D5E806BC46F04C1419CE6004BF02AB551DDBA8B380409F8996C80DD6F9EF6A0F9CC18DD0CBDA0F3CE7B55AC91828F6555A3939244F42488902004365A70428AD424C09953917034CEF9248939351E04AF5CDA1A27C429E1B1DF621DB9C0DED4DE13A1F54841806C6ED816980641123C96395E900D11AF13C90C298C7E850F5234AF31452CD80B12530DEEC29B&amp;p_error_code=&amp;p_submit_url=https%3A%2F%2Flogin-pre.sge%2Fsso%2Fauth&amp;p_cancel_url=https%3A%2F%2Fpreproduccion.sge&amp;ssousername=&amp;subscribername=</url>
</httpSample>
<httpSample t="218" lt="0" ts="1298631938999" s="true" lb="/gepa/scripts/scriptaculous/scriptaculous.js" rc="200" by="5068">
  <responseHeader class="java.lang.String">HTTP/1.0 200 OK
Date: Fri, 25 Feb 2011 11:05:39 GMT
Server: Oracle-Application-Server-10g/10.1.2.2.0 Oracle-HTTP-Server
Content-Length: 5068
Set-Cookie: JSESSIONID=504d8b1424da3621032e5ec7c319b043e9af45676867c0c1d9c22695bd047906.e3eSbhiLaNyPe3yNbNyQc3qSai1BqBjKpPXxqAa; path=/login
Content-Type: text/html; charset=ISO-8859-1
</responseHeader>
  <requestHeader class="java.lang.String">Accept-Language: es-ES
Accept: */*
User-Agent: Mozilla/4.0 (compatible; MSIE 7.0; Windows NT 6.1; Trident/4.0; SLCC2; .NET CLR 2.0.50727; .NET CLR 3.5.30729; .NET CLR 3.0.30729; Media Center PC 6.0; MDDS; .NET4.0C)
Accept-Encoding: gzip, deflate
Referer: http://picasso:8888/gepa/ConexionAction.do?POSTDATA=variosPerfiles=true&amp;accion=iniciar&amp;codigoEntidad=DYS&amp;codigo=jcnegredo&amp;contrasenya=dysmatica&amp;rolSeleccionado=25
</requestHeader>
  <cookies class="java.lang.String"></cookies>
  <method class="java.lang.String">GET</method>
  <queryString class="java.lang.String"></queryString>
  <redirectLocation class="java.lang.String">https://login-pre.sge/pls/orasso/orasso.wwsso_app_admin.ls_login?Site2pstoreToken=v1.4~CEF0A91F~A03ED38316D90DB735CC63D147F5A1F82B32BA3A92F55A59EC90E5197EC7C191A4A39A10DDA7C751FA19F0CBE3DF9E7668FF2930BB4C613B68385CCBDA972C7D16A93748AA8D91C083400857C55AF53B0F79248F34B6C66F9F15204576154DC8DD4FFA270F40B2D05BB5AFF6275407A1D984CDDEEC36EE80E39FC91E41FCCFACB3143E189E6256EB5BDD595556F5382B85834A1F4B751CBDDAE5F444B36C310E60E9BD9C1515E8307878122A9ED2E5A79B935B25159890985419B6B65D1E45E0FFAB35FF0F61EC845DE6DD3A2B1F9182F6346C902EFE14FFD646EFB31403522095B6063477E76E931C5C1DF275F6390680EAFBC9629EE3660B48D776DFA8FE7D90F91EDBAF16063761338541070181E9</redirectLocation>
  <url>https://preproduccion.sge/login/login.jsp?site2pstoretoken=v1.4~CEF0A91F~A03ED38316D90DB735CC63D147F5A1F82B32BA3A92F55A59EC90E5197EC7C191A4A39A10DDA7C751FA19F0CBE3DF9E7668FF2930BB4C613B68385CCBDA972C7D16A93748AA8D91C083400857C55AF53B0F79248F34B6C66F9F15204576154DC8DD4FFA270F40B2D05BB5AFF6275407A1D984CDDEEC36EE80E39FC91E41FCCFACB3143E189E6256EB5BDD595556F5382B85834A1F4B751CBDDAE5F444B36C310E60E9BD9C1515E8307878122A9ED2E5A79B935B25159890985419B6B65D1E45E0FFAB35FF0F61EC845DE6DD3A2B1F9182F6346C902EFE14FFD646EFB31403522095B6063477E76E931C5C1DF275F6390680EAFBC9629EE3660B48D776DFA8FE7D90F91EDBAF16063761338541070181E9&amp;p_error_code=&amp;p_submit_url=https%3A%2F%2Flogin-pre.sge%2Fsso%2Fauth&amp;p_cancel_url=https%3A%2F%2Fpreproduccion.sge&amp;ssousername=&amp;subscribername=</url>
</httpSample>
<httpSample t="16" lt="16" ts="1298631939233" s="false" lb="/gepa/ConexionAction.do;jsessionid=eb634fe5b58b0bcb96508261e275709f9c8e236e3e15aeb347f0741aac2dda55" rc="500" by="778">
  <responseHeader class="java.lang.String">HTTP/1.0 500 Internal Server Error
Date: Fri, 25 Feb 2011 11:05:39 GMT
Server: Oracle-Application-Server-10g/10.1.2.2.0 Oracle-HTTP-Server
Content-Type: text/html; charset=iso-8859-1
</responseHeader>
  <requestHeader class="java.lang.String">Content-Type: application/x-www-form-urlencoded
Accept-Language: es-ES
Accept: image/jpeg, application/x-ms-application, image/gif, application/xaml+xml, image/pjpeg, application/x-ms-xbap, application/vnd.ms-powerpoint, application/vnd.ms-excel, application/msword, */*
User-Agent: Mozilla/4.0 (compatible; MSIE 7.0; Windows NT 6.1; Trident/4.0; SLCC2; .NET CLR 2.0.50727; .NET CLR 3.5.30729; .NET CLR 3.0.30729; Media Center PC 6.0; MDDS; .NET4.0C)
Accept-Encoding: gzip, deflate
Referer: http://picasso:8888/gepa/ConexionAction.do?POSTDATA=variosPerfiles=true&amp;accion=iniciar&amp;codigoEntidad=DYS&amp;codigo=jcnegredo&amp;contrasenya=dysmatica&amp;rolSeleccionado=25
Pragma: no-cache
</requestHeader>
  <cookies class="java.lang.String"></cookies>
  <method class="java.lang.String">POST</method>
  <queryString class="java.lang.String">variosPerfiles=true&amp;accion=seleccionarPerfil&amp;codigoEntidad=DYS&amp;rolSeleccionado=25</queryString>
  <url>https://preproduccion.sge:443/gepa/ConexionAction.do;jsessionid=eb634fe5b58b0bcb96508261e275709f9c8e236e3e15aeb347f0741aac2dda55</url>
</httpSample>
<httpSample t="203" lt="0" ts="1298631939249" s="true" lb="/gepa/scripts/scriptaculous/scriptaculous.js" rc="200" by="5068">
  <responseHeader class="java.lang.String">HTTP/1.0 200 OK
Date: Fri, 25 Feb 2011 11:05:39 GMT
Server: Oracle-Application-Server-10g/10.1.2.2.0 Oracle-HTTP-Server
Content-Length: 5068
Set-Cookie: JSESSIONID=4a6b2eedf321bc5f03a9d7eb2c7cc77d747b0d6de3a2b87670cda8499b007208.e3eSbhiLaNyPe3yNbNyQc3qSai1BqBjKpPXxqAa; path=/login
Content-Type: text/html; charset=ISO-8859-1
</responseHeader>
  <requestHeader class="java.lang.String">Accept-Language: es-ES
Accept: */*
User-Agent: Mozilla/4.0 (compatible; MSIE 7.0; Windows NT 6.1; Trident/4.0; SLCC2; .NET CLR 2.0.50727; .NET CLR 3.5.30729; .NET CLR 3.0.30729; Media Center PC 6.0; MDDS; .NET4.0C)
Accept-Encoding: gzip, deflate
Referer: http://picasso:8888/gepa/ConexionAction.do;jsessionid=eb634fe5b58b0bcb96508261e275709f9c8e236e3e15aeb347f0741aac2dda55
</requestHeader>
  <cookies class="java.lang.String"></cookies>
  <method class="java.lang.String">GET</method>
  <queryString class="java.lang.String"></queryString>
  <redirectLocation class="java.lang.String">https://login-pre.sge/pls/orasso/orasso.wwsso_app_admin.ls_login?Site2pstoreToken=v1.4~CEF0A91F~A03ED38316D90DB735CC63D147F5A1F82B32BA3A92F55A59EC90E5197EC7C191A4A39A10DDA7C751FA19F0CBE3DF9E7668FF2930BB4C613B68385CCBDA972C7D16A93748AA8D91C083400857C55AF53B0F79248F34B6C66F9F15204576154DC8DD4FFA270F40B2D05BB5AFF6275407A1D984CDDEEC36EE80E39FC91E41FCCFACB3143E189E6256EB5BDD595556F5382B85834A1F4B751CBDDAE5F444B36C310E60E9BD9C1515E8307878122A9ED2E5A79B935B25159890985419B6B65D1E45E0FFAB35FF0F61EC845DE6DD3A2B1F9182F6346C902EFE14FFD646EFB31403522095B6063477E76E931C5C1DF275F6390680EAFBC9629EE3660B48D776DFA8FE7D90F91EDBAF16063761338541070181E9</redirectLocation>
  <url>https://preproduccion.sge/login/login.jsp?site2pstoretoken=v1.4~CEF0A91F~A03ED38316D90DB735CC63D147F5A1F82B32BA3A92F55A59EC90E5197EC7C191A4A39A10DDA7C751FA19F0CBE3DF9E7668FF2930BB4C613B68385CCBDA972C7D16A93748AA8D91C083400857C55AF53B0F79248F34B6C66F9F15204576154DC8DD4FFA270F40B2D05BB5AFF6275407A1D984CDDEEC36EE80E39FC91E41FCCFACB3143E189E6256EB5BDD595556F5382B85834A1F4B751CBDDAE5F444B36C310E60E9BD9C1515E8307878122A9ED2E5A79B935B25159890985419B6B65D1E45E0FFAB35FF0F61EC845DE6DD3A2B1F9182F6346C902EFE14FFD646EFB31403522095B6063477E76E931C5C1DF275F6390680EAFBC9629EE3660B48D776DFA8FE7D90F91EDBAF16063761338541070181E9&amp;p_error_code=&amp;p_submit_url=https%3A%2F%2Flogin-pre.sge%2Fsso%2Fauth&amp;p_cancel_url=https%3A%2F%2Fpreproduccion.sge&amp;ssousername=&amp;subscribername=</url>
</httpSample>
<httpSample t="15" lt="15" ts="1298631939452" s="false" lb="/gepa/BusquedaAction.do" rc="500" by="778">
  <responseHeader class="java.lang.String">HTTP/1.0 500 Internal Server Error
Date: Fri, 25 Feb 2011 11:05:39 GMT
Server: Oracle-Application-Server-10g/10.1.2.2.0 Oracle-HTTP-Server
Content-Type: text/html; charset=iso-8859-1
</responseHeader>
  <requestHeader class="java.lang.String">Content-Type: application/x-www-form-urlencoded
Accept-Language: es-ES
Accept: image/jpeg, application/x-ms-application, image/gif, application/xaml+xml, image/pjpeg, application/x-ms-xbap, application/vnd.ms-powerpoint, application/vnd.ms-excel, application/msword, */*
User-Agent: Mozilla/4.0 (compatible; MSIE 7.0; Windows NT 6.1; Trident/4.0; SLCC2; .NET CLR 2.0.50727; .NET CLR 3.5.30729; .NET CLR 3.0.30729; Media Center PC 6.0; MDDS; .NET4.0C)
Accept-Encoding: gzip, deflate
Referer: http://picasso:8888/gepa/ConexionAction.do;jsessionid=eb634fe5b58b0bcb96508261e275709f9c8e236e3e15aeb347f0741aac2dda55
Pragma: no-cache
</requestHeader>
  <cookies class="java.lang.String"></cookies>
  <method class="java.lang.String">POST</method>
  <queryString class="java.lang.String">accion=buscar&amp;modo=rapida&amp;avanzadaDesplegada=false&amp;descElemPesado=&amp;identificacionRapida=&amp;nombreRapida=&amp;apellido1Rapida=&amp;apellido2Rapida=&amp;anyoRapida=&amp;numeroRapida=&amp;desdeRapida=&amp;hastaRapida=&amp;tramiteRapida=-1&amp;estadoRapida=-1&amp;idBusqueda=-1&amp;idClases=26&amp;metaTipo0=STRING&amp;metaTipo1=STRING&amp;metaTipo2=LISTA&amp;metaTipo3=STRING&amp;metaTipo4=LISTA_PESADA&amp;metaTipo5=STRING&amp;metaTipo6=LISTA&amp;metaTipo7=STRING&amp;metaTipo8=STRING&amp;metaTipo9=STRING&amp;metaTipo10=STRING&amp;metaTipo11=STRING&amp;metaTipo12=STRING&amp;metaTipo13=LISTA&amp;metaTipo14=STRING&amp;metaTipo15=TIMESTAMP&amp;metaTipo16=TIMESTAMP&amp;metaTipo17=TIMESTAMP&amp;metaTipo18=LISTA&amp;metaTipo19=LISTA_PESADA&amp;metaTipo20=STRING&amp;metaTipo21=STRING&amp;metaTipo22=STRING&amp;metaTipo23=STRING&amp;metaTipo24=STRING&amp;metaTipo25=LISTA_PESADA&amp;metaTipo26=LISTA&amp;metaTipo27=STRING&amp;metaTipo28=LISTA&amp;metaTipo29=STRING&amp;metaTipo30=STRING&amp;metaTipo31=INTEGER&amp;metaTipo32=STRING&amp;metaTipo33=STRING&amp;metaTipo34=STRING&amp;metaTipo35=LISTA&amp;metaTipo36=LISTA&amp;metaTipo37=LISTA&amp;metaTipo38=STRING&amp;metaTipo39=SEPARADOR&amp;metaTipo40=BOOLEAN&amp;metaTipo41=STRING&amp;metaTipo42=STRING&amp;metaTipo43=STRING&amp;metaTipo44=LISTA&amp;metaTipo45=BOOLEAN&amp;metaTipo46=BOOLEAN&amp;metaTipo47=BOOLEAN&amp;metaTipo48=STRING&amp;metaTipo49=TIMESTAMP&amp;metaTipo50=TIMESTAMP&amp;metaTipo51=TIMESTAMP&amp;metaTipo52=TIMESTAMP&amp;metaTipo53=TIMESTAMP&amp;metaTipo54=TIMESTAMP&amp;metaTipo55=TIMESTAMP&amp;metaTipo56=TIMESTAMP&amp;metaTipo57=TIMESTAMP&amp;metaTipo58=TIMESTAMP&amp;metaTipo59=TIMESTAMP&amp;metaTipo60=TIMESTAMP&amp;metaTipo61=TIMESTAMP&amp;metaTipo62=TIMESTAMP&amp;metaTipo63=TIMESTAMP&amp;metaTipo64=LISTA&amp;metaTipo65=LISTA&amp;metaTipo66=LISTA&amp;metaTipo67=DOUBLE&amp;metaTipo68=DOUBLE&amp;metaTipo69=DOUBLE&amp;metaTipo70=DOUBLE&amp;metaTipo71=DOUBLE&amp;metaTipo72=DOUBLE&amp;metaTipo73=DOUBLE&amp;metaTipo74=BOOLEAN&amp;metaTipo75=LISTA&amp;metaTipo76=STRING&amp;metaTipo77=STRING&amp;metaTipo78=STRING&amp;metaTipo79=STRING&amp;metaTipo80=STRING&amp;metaTipo81=STRING&amp;metaTipo82=STRING&amp;metaTipo83=BOOLEAN&amp;metaTipo84=BOOLEAN&amp;metaTipo85=STRING&amp;metaTipo86=LISTA&amp;metaTipo87=LISTA&amp;metaTipo88=LISTA_PESADA&amp;metaTipo89=LISTA&amp;metaTipo90=LISTA&amp;metaTipo91=STRING&amp;metaTipo92=LISTA&amp;metaTipo93=STRING&amp;metaTipo94=STRING&amp;metaTipo95=LISTA&amp;metaTipo96=LISTA&amp;metaTipo97=LISTA&amp;metaTipo98=BOOLEAN&amp;metaTipo99=LISTA&amp;metaTipo100=BOOLEAN&amp;metaTipo101=LISTA&amp;metaTipo102=LISTA&amp;metaTipo103=BOOLEAN&amp;metaTipo104=BOOLEAN&amp;metaTipo105=LISTA&amp;metaTipo106=LISTA&amp;metaTipo107=LISTA&amp;metaTipo108=LISTA&amp;metaTipo109=LISTA&amp;metaTipo110=STRING&amp;metaTipo111=LISTA&amp;valor=&amp;valorPesado=&amp;lista37=-1&amp;lista36=-1&amp;lista35=-1&amp;lista99=-1&amp;lista109=-1&amp;lista66=-1&amp;lista98=-1&amp;lista108=-1&amp;lista65=-1&amp;lista97=-1&amp;lista107=-1&amp;lista64=-1&amp;lista96=-1&amp;lista106=-1&amp;lista95=-1&amp;lista105=-1&amp;lista104=-1&amp;lista92=-1&amp;lista103=-1&amp;lista102=-1&amp;lista90=-1&amp;lista101=-1&amp;lista100=-1&amp;lista28=-1&amp;lista26=-1&amp;lista89=-1&amp;lista87=-1&amp;lista86=-1&amp;lista6=-1&amp;lista84=-1&amp;lista83=-1&amp;lista2=-1&amp;lista18=-1&amp;lista47=-1&amp;lista46=-1&amp;lista13=-1&amp;lista45=-1&amp;lista44=-1&amp;lista75=-1&amp;lista74=-1&amp;lista40=-1&amp;lista111=-1</queryString>
  <url>https://preproduccion.sge:443/gepa/BusquedaAction.do</url>
</httpSample>
<httpSample t="188" lt="0" ts="1298631939467" s="true" lb="/gepa/scripts/scriptaculous/scriptaculous.js" rc="200" by="5068">
  <responseHeader class="java.lang.String">HTTP/1.0 200 OK
Date: Fri, 25 Feb 2011 11:05:39 GMT
Server: Oracle-Application-Server-10g/10.1.2.2.0 Oracle-HTTP-Server
Content-Length: 5068
Set-Cookie: JSESSIONID=f5ae1002b3d26ef73dce0711edc66ec435770583d1928900e3429bfaeb37f9ea.e38Ob3aOaheRe34Mb3qSax0Pahz0nR9Pq6XteP93; path=/login
Content-Type: text/html; charset=ISO-8859-1
</responseHeader>
  <requestHeader class="java.lang.String">Accept-Language: es-ES
Accept: */*
User-Agent: Mozilla/4.0 (compatible; MSIE 7.0; Windows NT 6.1; Trident/4.0; SLCC2; .NET CLR 2.0.50727; .NET CLR 3.5.30729; .NET CLR 3.0.30729; Media Center PC 6.0; MDDS; .NET4.0C)
Accept-Encoding: gzip, deflate
Referer: http://picasso:8888/gepa/BusquedaAction.do
</requestHeader>
  <cookies class="java.lang.String"></cookies>
  <method class="java.lang.String">GET</method>
  <queryString class="java.lang.String"></queryString>
  <redirectLocation class="java.lang.String">https://login-pre.sge/pls/orasso/orasso.wwsso_app_admin.ls_login?Site2pstoreToken=v1.4~CEF0A91F~A03ED38316D90DB735CC63D147F5A1F82B32BA3A92F55A59EC90E5197EC7C191A4A39A10DDA7C751FA19F0CBE3DF9E7668FF2930BB4C613B68385CCBDA972C7D16A93748AA8D91C083400857C55AF53B0F79248F34B6C66F9F15204576154DC8DD4FFA270F40B2D05BB5AFF6275407A1D984CDDEEC36EE80E39FC91E41FCCFACB3143E189E6256EB5BDD595556F5382B85834A1F4B751CBDDAE5F444B36C310E60E9BD9C1515E8307878122A9ED2E5A79B935B25159890985419B6B65D1E45E0FFAB35FF0F61EC845DE6DD3A2B1F9182F6346C902EFE14FFD646EFB31403522095B6063477E76E931C5C1DF275F6390680EAFBC9629EE3660B48D776DFA8FE7D90F91EDBAF16063761338541070181E9</redirectLocation>
  <url>https://preproduccion.sge/login/login.jsp?site2pstoretoken=v1.4~CEF0A91F~A03ED38316D90DB735CC63D147F5A1F82B32BA3A92F55A59EC90E5197EC7C191A4A39A10DDA7C751FA19F0CBE3DF9E7668FF2930BB4C613B68385CCBDA972C7D16A93748AA8D91C083400857C55AF53B0F79248F34B6C66F9F15204576154DC8DD4FFA270F40B2D05BB5AFF6275407A1D984CDDEEC36EE80E39FC91E41FCCFACB3143E189E6256EB5BDD595556F5382B85834A1F4B751CBDDAE5F444B36C310E60E9BD9C1515E8307878122A9ED2E5A79B935B25159890985419B6B65D1E45E0FFAB35FF0F61EC845DE6DD3A2B1F9182F6346C902EFE14FFD646EFB31403522095B6063477E76E931C5C1DF275F6390680EAFBC9629EE3660B48D776DFA8FE7D90F91EDBAF16063761338541070181E9&amp;p_error_code=&amp;p_submit_url=https%3A%2F%2Flogin-pre.sge%2Fsso%2Fauth&amp;p_cancel_url=https%3A%2F%2Fpreproduccion.sge&amp;ssousername=&amp;subscribername=</url>
</httpSample>
<httpSample t="187" lt="0" ts="1298631939655" s="true" lb="/gepa/ResultadoBusquedaAction.do" rc="200" by="5004">
  <responseHeader class="java.lang.String">HTTP/1.0 200 OK
Date: Fri, 25 Feb 2011 11:05:39 GMT
Server: Oracle-Application-Server-10g/10.1.2.2.0 Oracle-HTTP-Server
Content-Length: 5004
Set-Cookie: JSESSIONID=b76416e3391850f99b27fc6b48a7f6ea53a9b50032906e1b872f0d7d107cd38b.e3eSbhiLaNyPe3yNbNyQc3qSai1BqBjKpPXxqAa; path=/login
Content-Type: text/html; charset=ISO-8859-1
</responseHeader>
  <requestHeader class="java.lang.String">Accept-Language: es-ES
Accept: image/jpeg, application/x-ms-application, image/gif, application/xaml+xml, image/pjpeg, application/x-ms-xbap, application/vnd.ms-powerpoint, application/vnd.ms-excel, application/msword, */*
User-Agent: Mozilla/4.0 (compatible; MSIE 7.0; Windows NT 6.1; Trident/4.0; SLCC2; .NET CLR 2.0.50727; .NET CLR 3.5.30729; .NET CLR 3.0.30729; Media Center PC 6.0; MDDS; .NET4.0C)
Accept-Encoding: gzip, deflate
Referer: http://picasso:8888/gepa/BusquedaAction.do
</requestHeader>
  <cookies class="java.lang.String"></cookies>
  <method class="java.lang.String">GET</method>
  <queryString class="java.lang.String"></queryString>
  <redirectLocation class="java.lang.String">https://login-pre.sge/pls/orasso/orasso.wwsso_app_admin.ls_login?Site2pstoreToken=v1.4~CEF0A91F~A03ED38316D90DB735CC63D147F5A1F82B32BA3A92F55A59EC90E5197EC7C191A4A39A10DDA7C751FA19F0CBE3DF9E7668FF2930BB4C613B68385CCBDA972C7D16A93748AA8D91C083400857C55AF53B0F79248F34B6C66F9F15204576154DC8FFA664C1F4BC99BD4558868478CAAEE2BCF07D00A2671E99248E157A6C7358F1FB985300CBA5B6EA38A3023A4584AB0FB4053B69C12C67A33033C20FF3D32C6786990BD839A46EC559C172FF1F973585388BCFEC0FC62C8D48C253E19C4D1C20CB0F156A4194AFAB3EB39A5623EB98A406910EA4A9A86B15AFCAB78FD12B3E5EE5C8C4316EDE92D995051FB05A47249CBFCEE379FF609FCFA49C0D39729F9E36</redirectLocation>
  <url>https://preproduccion.sge/login/login.jsp?site2pstoretoken=v1.4~CEF0A91F~A03ED38316D90DB735CC63D147F5A1F82B32BA3A92F55A59EC90E5197EC7C191A4A39A10DDA7C751FA19F0CBE3DF9E7668FF2930BB4C613B68385CCBDA972C7D16A93748AA8D91C083400857C55AF53B0F79248F34B6C66F9F15204576154DC8FFA664C1F4BC99BD4558868478CAAEE2BCF07D00A2671E99248E157A6C7358F1FB985300CBA5B6EA38A3023A4584AB0FB4053B69C12C67A33033C20FF3D32C6786990BD839A46EC559C172FF1F973585388BCFEC0FC62C8D48C253E19C4D1C20CB0F156A4194AFAB3EB39A5623EB98A406910EA4A9A86B15AFCAB78FD12B3E5EE5C8C4316EDE92D995051FB05A47249CBFCEE379FF609FCFA49C0D39729F9E36&amp;p_error_code=&amp;p_submit_url=https%3A%2F%2Flogin-pre.sge%2Fsso%2Fauth&amp;p_cancel_url=https%3A%2F%2Fpreproduccion.sge&amp;ssousername=&amp;subscribername=</url>
</httpSample>
<httpSample t="188" lt="0" ts="1298631939842" s="true" lb="/gepa/scripts/scriptaculous/scriptaculous.js" rc="200" by="5068">
  <responseHeader class="java.lang.String">HTTP/1.0 200 OK
Date: Fri, 25 Feb 2011 11:05:39 GMT
Server: Oracle-Application-Server-10g/10.1.2.2.0 Oracle-HTTP-Server
Content-Length: 5068
Set-Cookie: JSESSIONID=6a287c26fd7dd79ab1133760f3922c6dafde71ebe6f2d00b911cba6bdf5b2da0.e38Ob3aOaheRe34Mb3qSax0Pahz0nR9Pq6XteP93; path=/login
Content-Type: text/html; charset=ISO-8859-1
</responseHeader>
  <requestHeader class="java.lang.String">Accept-Language: es-ES
Accept: */*
User-Agent: Mozilla/4.0 (compatible; MSIE 7.0; Windows NT 6.1; Trident/4.0; SLCC2; .NET CLR 2.0.50727; .NET CLR 3.5.30729; .NET CLR 3.0.30729; Media Center PC 6.0; MDDS; .NET4.0C)
Accept-Encoding: gzip, deflate
Referer: http://picasso:8888/gepa/ResultadoBusquedaAction.do?accion=gestionExp&amp;indice=0
</requestHeader>
  <cookies class="java.lang.String"></cookies>
  <method class="java.lang.String">GET</method>
  <queryString class="java.lang.String"></queryString>
  <redirectLocation class="java.lang.String">https://login-pre.sge/pls/orasso/orasso.wwsso_app_admin.ls_login?Site2pstoreToken=v1.4~CEF0A91F~A03ED38316D90DB735CC63D147F5A1F82B32BA3A92F55A59EC90E5197EC7C191A4A39A10DDA7C751FA19F0CBE3DF9E7668FF2930BB4C613B68385CCBDA972C7D16A93748AA8D91C083400857C55AF53B0F79248F34B6C66F9F15204576154DC8DD4FFA270F40B2D05BB5AFF6275407A1D984CDDEEC36EE80E39FC91E41FCCFACB3143E189E6256EB5BDD595556F5382B85834A1F4B751CBDDAE5F444B36C310E60E9BD9C1515E8307878122A9ED2E5A79B935B25159890985419B6B65D1E45E0FFAB35FF0F61EC845DE6DD3A2B1F9182F6346C902EFE14FFD646EFB31403522095B6063477E76E931C5C1DF275F6390680EAFBC9629EE3660B48D776DFA8FE7D90F91EDBAF16063761338541070181E9</redirectLocation>
  <url>https://preproduccion.sge/login/login.jsp?site2pstoretoken=v1.4~CEF0A91F~A03ED38316D90DB735CC63D147F5A1F82B32BA3A92F55A59EC90E5197EC7C191A4A39A10DDA7C751FA19F0CBE3DF9E7668FF2930BB4C613B68385CCBDA972C7D16A93748AA8D91C083400857C55AF53B0F79248F34B6C66F9F15204576154DC8DD4FFA270F40B2D05BB5AFF6275407A1D984CDDEEC36EE80E39FC91E41FCCFACB3143E189E6256EB5BDD595556F5382B85834A1F4B751CBDDAE5F444B36C310E60E9BD9C1515E8307878122A9ED2E5A79B935B25159890985419B6B65D1E45E0FFAB35FF0F61EC845DE6DD3A2B1F9182F6346C902EFE14FFD646EFB31403522095B6063477E76E931C5C1DF275F6390680EAFBC9629EE3660B48D776DFA8FE7D90F91EDBAF16063761338541070181E9&amp;p_error_code=&amp;p_submit_url=https%3A%2F%2Flogin-pre.sge%2Fsso%2Fauth&amp;p_cancel_url=https%3A%2F%2Fpreproduccion.sge&amp;ssousername=&amp;subscribername=</url>
</httpSample>
<httpSample t="203" lt="0" ts="1298631940046" s="true" lb="/gepa/ConexionAction.do" rc="200" by="5388">
  <responseHeader class="java.lang.String">HTTP/1.0 200 OK
Date: Fri, 25 Feb 2011 11:05:40 GMT
Server: Oracle-Application-Server-10g/10.1.2.2.0 Oracle-HTTP-Server
Content-Length: 5388
Set-Cookie: JSESSIONID=2bd9859750d9099d0816fb9632da2916e5a6789370ea0a634c906bf3da01fef9.e3eSbhiLaNyPe3yNbNyQc3qSai1BqBjKpPXxqAa; path=/login
Content-Type: text/html; charset=ISO-8859-1
</responseHeader>
  <requestHeader class="java.lang.String">Accept-Language: es
Accept: */*
User-Agent: Mozilla/4.0 (compatible; MSIE 7.0; Windows NT 6.1; Trident/4.0; SLCC2; .NET CLR 2.0.50727; .NET CLR 3.5.30729; .NET CLR 3.0.30729; Media Center PC 6.0; MDDS; .NET4.0C)
Accept-Encoding: gzip, deflate
</requestHeader>
  <cookies class="java.lang.String"></cookies>
  <method class="java.lang.String">GET</method>
  <queryString class="java.lang.String"></queryString>
  <redirectLocation class="java.lang.String">https://login-pre.sge/pls/orasso/orasso.wwsso_app_admin.ls_login?Site2pstoreToken=v1.4~CEF0A91F~34A505CF646493C2310C2058452B8A601A3C23F38375873F7AD794AD519D85A0D264DAEEC28D346B0FCDE091F0D0239F638143EDDA0AE37C519CA7CC0A5593D013477A53CFFAC01C45E5494869761F6D3D0B0EF305ADAB7D776FEB0E0AA1AA675828A2958072F0267FF8E195D341CD6C1F4DF8340A129449AC88179FA724B667082EEBCAB01FC40CC362280BE9B6C6D710E70D537819DF5AC4112B23441B33BEF45A7A8CE34A2308CE7D4DB3F3C707D3EB049569C17EED810FB50A20CB921BA67D4639DD11F842EC2929265B885E9B44BA62D36BE72A5B29FFA46F204F60268CE3AB1BBB9D76F122100887045CBC5708CEC1B2EAE01D96EA69A68458EEA7E924375B3737810D41C478F6592C89085AC45F90B045029CC4140959A3BAEB62C995BB7659673DFBD52D2EB36286A86DE29B2CAD5A17DAFCC8C4B81F9EC0AEC175B3FE673D518079D07702BEC5B150813E076031EE34C5D67722CFBB9AA0BD550151</redirectLocation>
  <url>https://preproduccion.sge/login/login.jsp?site2pstoretoken=v1.4~CEF0A91F~34A505CF646493C2310C2058452B8A601A3C23F38375873F7AD794AD519D85A0D264DAEEC28D346B0FCDE091F0D0239F638143EDDA0AE37C519CA7CC0A5593D013477A53CFFAC01C45E5494869761F6D3D0B0EF305ADAB7D776FEB0E0AA1AA675828A2958072F0267FF8E195D341CD6C1F4DF8340A129449AC88179FA724B667082EEBCAB01FC40CC362280BE9B6C6D710E70D537819DF5AC4112B23441B33BEF45A7A8CE34A2308CE7D4DB3F3C707D3EB049569C17EED810FB50A20CB921BA67D4639DD11F842EC2929265B885E9B44BA62D36BE72A5B29FFA46F204F60268CE3AB1BBB9D76F122100887045CBC5708CEC1B2EAE01D96EA69A68458EEA7E924375B3737810D41C478F6592C89085AC45F90B045029CC4140959A3BAEB62C995BB7659673DFBD52D2EB36286A86DE29B2CAD5A17DAFCC8C4B81F9EC0AEC175B3FE673D518079D07702BEC5B150813E076031EE34C5D67722CFBB9AA0BD550151&amp;p_error_code=&amp;p_submit_url=https%3A%2F%2Flogin-pre.sge%2Fsso%2Fauth&amp;p_cancel_url=https%3A%2F%2Fpreproduccion.sge&amp;ssousername=&amp;subscribername=</url>
</httpSample>
<httpSample t="187" lt="0" ts="1298631940249" s="true" lb="/gepa/scripts/scriptaculous/scriptaculous.js" rc="200" by="5068">
  <responseHeader class="java.lang.String">HTTP/1.0 200 OK
Date: Fri, 25 Feb 2011 11:05:40 GMT
Server: Oracle-Application-Server-10g/10.1.2.2.0 Oracle-HTTP-Server
Content-Length: 5068
Set-Cookie: JSESSIONID=014753eca61cafd9d9f0e07fccecce0479cc3e212c1eb3ada6d758e920e36a11.e38Ob3aOaheRe34Mb3qSax0Pahz0nR9Pq6XteP93; path=/login
Content-Type: text/html; charset=ISO-8859-1
</responseHeader>
  <requestHeader class="java.lang.String">Accept-Language: es-ES
Accept: */*
User-Agent: Mozilla/4.0 (compatible; MSIE 7.0; Windows NT 6.1; Trident/4.0; SLCC2; .NET CLR 2.0.50727; .NET CLR 3.5.30729; .NET CLR 3.0.30729; Media Center PC 6.0; MDDS; .NET4.0C)
Accept-Encoding: gzip, deflate
Referer: http://picasso:8888/gepa/ConexionAction.do?POSTDATA=variosPerfiles=true&amp;accion=iniciar&amp;codigoEntidad=DYS&amp;codigo=jcnegredo&amp;contrasenya=dysmatica&amp;rolSeleccionado=25
</requestHeader>
  <cookies class="java.lang.String"></cookies>
  <method class="java.lang.String">GET</method>
  <queryString class="java.lang.String"></queryString>
  <redirectLocation class="java.lang.String">https://login-pre.sge/pls/orasso/orasso.wwsso_app_admin.ls_login?Site2pstoreToken=v1.4~CEF0A91F~34A505CF646493C2310C2058452B8A601A3C23F38375873F7AD794AD519D85A0D264DAEEC28D346B0FCDE091F0D0239F638143EDDA0AE37C519CA7CC0A5593D013477A53CFFAC01C45E5494869761F6D3D0B0EF305ADAB7D776FEB0E0AA1AA67A3A3067E83E3005E4241C6B69CFE7B406A238AC49A2CADFFBE1867B37EE78A66F04F66B723B896F1D89342EA58D777FAD6605D82A4A566302719E3F59620E084CB1ACB39637144A528F701C32F4CA60BF9AC6FB45EC68C9171FDE0D0DC4734597A09241BF28C0570EA859A82938B41175DAEAA9132A83F292A3D44922D08DEE9FF93CEACD865DA047A328C406C34DE2753EBFE363A16D6EA816771FA9D4B3F0E396062472788A36146A89C8EA8661540</redirectLocation>
  <url>https://preproduccion.sge/login/login.jsp?site2pstoretoken=v1.4~CEF0A91F~34A505CF646493C2310C2058452B8A601A3C23F38375873F7AD794AD519D85A0D264DAEEC28D346B0FCDE091F0D0239F638143EDDA0AE37C519CA7CC0A5593D013477A53CFFAC01C45E5494869761F6D3D0B0EF305ADAB7D776FEB0E0AA1AA67A3A3067E83E3005E4241C6B69CFE7B406A238AC49A2CADFFBE1867B37EE78A66F04F66B723B896F1D89342EA58D777FAD6605D82A4A566302719E3F59620E084CB1ACB39637144A528F701C32F4CA60BF9AC6FB45EC68C9171FDE0D0DC4734597A09241BF28C0570EA859A82938B41175DAEAA9132A83F292A3D44922D08DEE9FF93CEACD865DA047A328C406C34DE2753EBFE363A16D6EA816771FA9D4B3F0E396062472788A36146A89C8EA8661540&amp;p_error_code=&amp;p_submit_url=https%3A%2F%2Flogin-pre.sge%2Fsso%2Fauth&amp;p_cancel_url=https%3A%2F%2Fpreproduccion.sge&amp;ssousername=&amp;subscribername=</url>
</httpSample>
<httpSample t="16" lt="16" ts="1298631940436" s="false" lb="/gepa/ConexionAction.do;jsessionid=eb634fe5b58b0bcb96508261e275709f9c8e236e3e15aeb347f0741aac2dda55" rc="500" by="778">
  <responseHeader class="java.lang.String">HTTP/1.0 500 Internal Server Error
Date: Fri, 25 Feb 2011 11:05:40 GMT
Server: Oracle-Application-Server-10g/10.1.2.2.0 Oracle-HTTP-Server
Content-Type: text/html; charset=iso-8859-1
</responseHeader>
  <requestHeader class="java.lang.String">Content-Type: application/x-www-form-urlencoded
Accept-Language: es-ES
Accept: image/jpeg, application/x-ms-application, image/gif, application/xaml+xml, image/pjpeg, application/x-ms-xbap, application/vnd.ms-powerpoint, application/vnd.ms-excel, application/msword, */*
User-Agent: Mozilla/4.0 (compatible; MSIE 7.0; Windows NT 6.1; Trident/4.0; SLCC2; .NET CLR 2.0.50727; .NET CLR 3.5.30729; .NET CLR 3.0.30729; Media Center PC 6.0; MDDS; .NET4.0C)
Accept-Encoding: gzip, deflate
Referer: http://picasso:8888/gepa/ConexionAction.do?POSTDATA=variosPerfiles=true&amp;accion=iniciar&amp;codigoEntidad=DYS&amp;codigo=jcnegredo&amp;contrasenya=dysmatica&amp;rolSeleccionado=25
Pragma: no-cache
</requestHeader>
  <cookies class="java.lang.String"></cookies>
  <method class="java.lang.String">POST</method>
  <queryString class="java.lang.String">variosPerfiles=true&amp;accion=seleccionarPerfil&amp;codigoEntidad=DYS&amp;rolSeleccionado=25</queryString>
  <url>https://preproduccion.sge:443/gepa/ConexionAction.do;jsessionid=eb634fe5b58b0bcb96508261e275709f9c8e236e3e15aeb347f0741aac2dda55</url>
</httpSample>
<httpSample t="203" lt="0" ts="1298631940452" s="true" lb="/gepa/scripts/scriptaculous/scriptaculous.js" rc="200" by="5068">
  <responseHeader class="java.lang.String">HTTP/1.0 200 OK
Date: Fri, 25 Feb 2011 11:05:40 GMT
Server: Oracle-Application-Server-10g/10.1.2.2.0 Oracle-HTTP-Server
Content-Length: 5068
Set-Cookie: JSESSIONID=763fc58fa67ea42877ece1dcbf9994558cc1e822d3edd22fdb26a6e34017d8f6.e38Ob3aOaheRe34Mb3qSax0Pahz0nR9Pq6XteP93; path=/login
Content-Type: text/html; charset=ISO-8859-1
</responseHeader>
  <requestHeader class="java.lang.String">Accept-Language: es-ES
Accept: */*
User-Agent: Mozilla/4.0 (compatible; MSIE 7.0; Windows NT 6.1; Trident/4.0; SLCC2; .NET CLR 2.0.50727; .NET CLR 3.5.30729; .NET CLR 3.0.30729; Media Center PC 6.0; MDDS; .NET4.0C)
Accept-Encoding: gzip, deflate
Referer: http://picasso:8888/gepa/ConexionAction.do;jsessionid=eb634fe5b58b0bcb96508261e275709f9c8e236e3e15aeb347f0741aac2dda55
</requestHeader>
  <cookies class="java.lang.String"></cookies>
  <method class="java.lang.String">GET</method>
  <queryString class="java.lang.String"></queryString>
  <redirectLocation class="java.lang.String">https://login-pre.sge/pls/orasso/orasso.wwsso_app_admin.ls_login?Site2pstoreToken=v1.4~CEF0A91F~34A505CF646493C2310C2058452B8A601A3C23F38375873F7AD794AD519D85A0D264DAEEC28D346B0FCDE091F0D0239F638143EDDA0AE37C519CA7CC0A5593D013477A53CFFAC01C45E5494869761F6D3D0B0EF305ADAB7D776FEB0E0AA1AA67A3A3067E83E3005E4241C6B69CFE7B406A238AC49A2CADFFBE1867B37EE78A66F04F66B723B896F1D89342EA58D777FAD6605D82A4A566302719E3F59620E084CB1ACB39637144A528F701C32F4CA60BF9AC6FB45EC68C9171FDE0D0DC4734597A09241BF28C0570EA859A82938B41175DAEAA9132A83F292A3D44922D08DEE9FF93CEACD865DA047A328C406C34DE2753EBFE363A16D6EA816771FA9D4B3F0E396062472788A36146A89C8EA8661540</redirectLocation>
  <url>https://preproduccion.sge/login/login.jsp?site2pstoretoken=v1.4~CEF0A91F~34A505CF646493C2310C2058452B8A601A3C23F38375873F7AD794AD519D85A0D264DAEEC28D346B0FCDE091F0D0239F638143EDDA0AE37C519CA7CC0A5593D013477A53CFFAC01C45E5494869761F6D3D0B0EF305ADAB7D776FEB0E0AA1AA67A3A3067E83E3005E4241C6B69CFE7B406A238AC49A2CADFFBE1867B37EE78A66F04F66B723B896F1D89342EA58D777FAD6605D82A4A566302719E3F59620E084CB1ACB39637144A528F701C32F4CA60BF9AC6FB45EC68C9171FDE0D0DC4734597A09241BF28C0570EA859A82938B41175DAEAA9132A83F292A3D44922D08DEE9FF93CEACD865DA047A328C406C34DE2753EBFE363A16D6EA816771FA9D4B3F0E396062472788A36146A89C8EA8661540&amp;p_error_code=&amp;p_submit_url=https%3A%2F%2Flogin-pre.sge%2Fsso%2Fauth&amp;p_cancel_url=https%3A%2F%2Fpreproduccion.sge&amp;ssousername=&amp;subscribername=</url>
</httpSample>
<httpSample t="16" lt="16" ts="1298631940655" s="false" lb="/gepa/BusquedaAction.do" rc="500" by="778">
  <responseHeader class="java.lang.String">HTTP/1.0 500 Internal Server Error
Date: Fri, 25 Feb 2011 11:05:40 GMT
Server: Oracle-Application-Server-10g/10.1.2.2.0 Oracle-HTTP-Server
Content-Type: text/html; charset=iso-8859-1
</responseHeader>
  <requestHeader class="java.lang.String">Content-Type: application/x-www-form-urlencoded
Accept-Language: es-ES
Accept: image/jpeg, application/x-ms-application, image/gif, application/xaml+xml, image/pjpeg, application/x-ms-xbap, application/vnd.ms-powerpoint, application/vnd.ms-excel, application/msword, */*
User-Agent: Mozilla/4.0 (compatible; MSIE 7.0; Windows NT 6.1; Trident/4.0; SLCC2; .NET CLR 2.0.50727; .NET CLR 3.5.30729; .NET CLR 3.0.30729; Media Center PC 6.0; MDDS; .NET4.0C)
Accept-Encoding: gzip, deflate
Referer: http://picasso:8888/gepa/ConexionAction.do;jsessionid=eb634fe5b58b0bcb96508261e275709f9c8e236e3e15aeb347f0741aac2dda55
Pragma: no-cache
</requestHeader>
  <cookies class="java.lang.String"></cookies>
  <method class="java.lang.String">POST</method>
  <queryString class="java.lang.String">accion=buscar&amp;modo=rapida&amp;avanzadaDesplegada=false&amp;descElemPesado=&amp;identificacionRapida=&amp;nombreRapida=&amp;apellido1Rapida=&amp;apellido2Rapida=&amp;anyoRapida=&amp;numeroRapida=&amp;desdeRapida=&amp;hastaRapida=&amp;tramiteRapida=-1&amp;estadoRapida=-1&amp;idBusqueda=-1&amp;idClases=26&amp;metaTipo0=STRING&amp;metaTipo1=STRING&amp;metaTipo2=LISTA&amp;metaTipo3=STRING&amp;metaTipo4=LISTA_PESADA&amp;metaTipo5=STRING&amp;metaTipo6=LISTA&amp;metaTipo7=STRING&amp;metaTipo8=STRING&amp;metaTipo9=STRING&amp;metaTipo10=STRING&amp;metaTipo11=STRING&amp;metaTipo12=STRING&amp;metaTipo13=LISTA&amp;metaTipo14=STRING&amp;metaTipo15=TIMESTAMP&amp;metaTipo16=TIMESTAMP&amp;metaTipo17=TIMESTAMP&amp;metaTipo18=LISTA&amp;metaTipo19=LISTA_PESADA&amp;metaTipo20=STRING&amp;metaTipo21=STRING&amp;metaTipo22=STRING&amp;metaTipo23=STRING&amp;metaTipo24=STRING&amp;metaTipo25=LISTA_PESADA&amp;metaTipo26=LISTA&amp;metaTipo27=STRING&amp;metaTipo28=LISTA&amp;metaTipo29=STRING&amp;metaTipo30=STRING&amp;metaTipo31=INTEGER&amp;metaTipo32=STRING&amp;metaTipo33=STRING&amp;metaTipo34=STRING&amp;metaTipo35=LISTA&amp;metaTipo36=LISTA&amp;metaTipo37=LISTA&amp;metaTipo38=STRING&amp;metaTipo39=SEPARADOR&amp;metaTipo40=BOOLEAN&amp;metaTipo41=STRING&amp;metaTipo42=STRING&amp;metaTipo43=STRING&amp;metaTipo44=LISTA&amp;metaTipo45=BOOLEAN&amp;metaTipo46=BOOLEAN&amp;metaTipo47=BOOLEAN&amp;metaTipo48=STRING&amp;metaTipo49=TIMESTAMP&amp;metaTipo50=TIMESTAMP&amp;metaTipo51=TIMESTAMP&amp;metaTipo52=TIMESTAMP&amp;metaTipo53=TIMESTAMP&amp;metaTipo54=TIMESTAMP&amp;metaTipo55=TIMESTAMP&amp;metaTipo56=TIMESTAMP&amp;metaTipo57=TIMESTAMP&amp;metaTipo58=TIMESTAMP&amp;metaTipo59=TIMESTAMP&amp;metaTipo60=TIMESTAMP&amp;metaTipo61=TIMESTAMP&amp;metaTipo62=TIMESTAMP&amp;metaTipo63=TIMESTAMP&amp;metaTipo64=LISTA&amp;metaTipo65=LISTA&amp;metaTipo66=LISTA&amp;metaTipo67=DOUBLE&amp;metaTipo68=DOUBLE&amp;metaTipo69=DOUBLE&amp;metaTipo70=DOUBLE&amp;metaTipo71=DOUBLE&amp;metaTipo72=DOUBLE&amp;metaTipo73=DOUBLE&amp;metaTipo74=BOOLEAN&amp;metaTipo75=LISTA&amp;metaTipo76=STRING&amp;metaTipo77=STRING&amp;metaTipo78=STRING&amp;metaTipo79=STRING&amp;metaTipo80=STRING&amp;metaTipo81=STRING&amp;metaTipo82=STRING&amp;metaTipo83=BOOLEAN&amp;metaTipo84=BOOLEAN&amp;metaTipo85=STRING&amp;metaTipo86=LISTA&amp;metaTipo87=LISTA&amp;metaTipo88=LISTA_PESADA&amp;metaTipo89=LISTA&amp;metaTipo90=LISTA&amp;metaTipo91=STRING&amp;metaTipo92=LISTA&amp;metaTipo93=STRING&amp;metaTipo94=STRING&amp;metaTipo95=LISTA&amp;metaTipo96=LISTA&amp;metaTipo97=LISTA&amp;metaTipo98=BOOLEAN&amp;metaTipo99=LISTA&amp;metaTipo100=BOOLEAN&amp;metaTipo101=LISTA&amp;metaTipo102=LISTA&amp;metaTipo103=BOOLEAN&amp;metaTipo104=BOOLEAN&amp;metaTipo105=LISTA&amp;metaTipo106=LISTA&amp;metaTipo107=LISTA&amp;metaTipo108=LISTA&amp;metaTipo109=LISTA&amp;metaTipo110=STRING&amp;metaTipo111=LISTA&amp;valor=&amp;valorPesado=&amp;lista37=-1&amp;lista36=-1&amp;lista35=-1&amp;lista99=-1&amp;lista109=-1&amp;lista66=-1&amp;lista98=-1&amp;lista108=-1&amp;lista65=-1&amp;lista97=-1&amp;lista107=-1&amp;lista64=-1&amp;lista96=-1&amp;lista106=-1&amp;lista95=-1&amp;lista105=-1&amp;lista104=-1&amp;lista92=-1&amp;lista103=-1&amp;lista102=-1&amp;lista90=-1&amp;lista101=-1&amp;lista100=-1&amp;lista28=-1&amp;lista26=-1&amp;lista89=-1&amp;lista87=-1&amp;lista86=-1&amp;lista6=-1&amp;lista84=-1&amp;lista83=-1&amp;lista2=-1&amp;lista18=-1&amp;lista47=-1&amp;lista46=-1&amp;lista13=-1&amp;lista45=-1&amp;lista44=-1&amp;lista75=-1&amp;lista74=-1&amp;lista40=-1&amp;lista111=-1</queryString>
  <url>https://preproduccion.sge:443/gepa/BusquedaAction.do</url>
</httpSample>
<httpSample t="187" lt="0" ts="1298631940671" s="true" lb="/gepa/scripts/scriptaculous/scriptaculous.js" rc="200" by="5068">
  <responseHeader class="java.lang.String">HTTP/1.0 200 OK
Date: Fri, 25 Feb 2011 11:05:40 GMT
Server: Oracle-Application-Server-10g/10.1.2.2.0 Oracle-HTTP-Server
Content-Length: 5068
Set-Cookie: JSESSIONID=3ba6dc4da09896cc78b6d7df570ae854d9bb28ba655944e9f383002bfc712577.e3eSbhiLaNyPe3yNbNyQc3qSai1BqBjKpPXxqAa; path=/login
Content-Type: text/html; charset=ISO-8859-1
</responseHeader>
  <requestHeader class="java.lang.String">Accept-Language: es-ES
Accept: */*
User-Agent: Mozilla/4.0 (compatible; MSIE 7.0; Windows NT 6.1; Trident/4.0; SLCC2; .NET CLR 2.0.50727; .NET CLR 3.5.30729; .NET CLR 3.0.30729; Media Center PC 6.0; MDDS; .NET4.0C)
Accept-Encoding: gzip, deflate
Referer: http://picasso:8888/gepa/BusquedaAction.do
</requestHeader>
  <cookies class="java.lang.String"></cookies>
  <method class="java.lang.String">GET</method>
  <queryString class="java.lang.String"></queryString>
  <redirectLocation class="java.lang.String">https://login-pre.sge/pls/orasso/orasso.wwsso_app_admin.ls_login?Site2pstoreToken=v1.4~CEF0A91F~34A505CF646493C2310C2058452B8A601A3C23F38375873F7AD794AD519D85A0D264DAEEC28D346B0FCDE091F0D0239F638143EDDA0AE37C519CA7CC0A5593D013477A53CFFAC01C45E5494869761F6D3D0B0EF305ADAB7D776FEB0E0AA1AA67A3A3067E83E3005E4241C6B69CFE7B406A238AC49A2CADFFBE1867B37EE78A66F04F66B723B896F1D89342EA58D777FAD6605D82A4A566302719E3F59620E084CB1ACB39637144A528F701C32F4CA60BF9AC6FB45EC68C9171FDE0D0DC4734597A09241BF28C0570EA859A82938B41175DAEAA9132A83F292A3D44922D08DEE9FF93CEACD865DA047A328C406C34DE2753EBFE363A16D6EA816771FA9D4B3F0E396062472788A36146A89C8EA8661540</redirectLocation>
  <url>https://preproduccion.sge/login/login.jsp?site2pstoretoken=v1.4~CEF0A91F~34A505CF646493C2310C2058452B8A601A3C23F38375873F7AD794AD519D85A0D264DAEEC28D346B0FCDE091F0D0239F638143EDDA0AE37C519CA7CC0A5593D013477A53CFFAC01C45E5494869761F6D3D0B0EF305ADAB7D776FEB0E0AA1AA67A3A3067E83E3005E4241C6B69CFE7B406A238AC49A2CADFFBE1867B37EE78A66F04F66B723B896F1D89342EA58D777FAD6605D82A4A566302719E3F59620E084CB1ACB39637144A528F701C32F4CA60BF9AC6FB45EC68C9171FDE0D0DC4734597A09241BF28C0570EA859A82938B41175DAEAA9132A83F292A3D44922D08DEE9FF93CEACD865DA047A328C406C34DE2753EBFE363A16D6EA816771FA9D4B3F0E396062472788A36146A89C8EA8661540&amp;p_error_code=&amp;p_submit_url=https%3A%2F%2Flogin-pre.sge%2Fsso%2Fauth&amp;p_cancel_url=https%3A%2F%2Fpreproduccion.sge&amp;ssousername=&amp;subscribername=</url>
</httpSample>
<httpSample t="188" lt="0" ts="1298631940858" s="true" lb="/gepa/ResultadoBusquedaAction.do" rc="200" by="4972">
  <responseHeader class="java.lang.String">HTTP/1.0 200 OK
Date: Fri, 25 Feb 2011 11:05:40 GMT
Server: Oracle-Application-Server-10g/10.1.2.2.0 Oracle-HTTP-Server
Content-Length: 4972
Set-Cookie: JSESSIONID=beabc3450067bf202609b3d87eaf0e835574f31f4d090ffdf58f2728142c669c.e38Ob3aOaheRe34Mb3qSax0Pahz0nR9Pq6XteP93; path=/login
Content-Type: text/html; charset=ISO-8859-1
</responseHeader>
  <requestHeader class="java.lang.String">Accept-Language: es-ES
Accept: image/jpeg, application/x-ms-application, image/gif, application/xaml+xml, image/pjpeg, application/x-ms-xbap, application/vnd.ms-powerpoint, application/vnd.ms-excel, application/msword, */*
User-Agent: Mozilla/4.0 (compatible; MSIE 7.0; Windows NT 6.1; Trident/4.0; SLCC2; .NET CLR 2.0.50727; .NET CLR 3.5.30729; .NET CLR 3.0.30729; Media Center PC 6.0; MDDS; .NET4.0C)
Accept-Encoding: gzip, deflate
Referer: http://picasso:8888/gepa/BusquedaAction.do
</requestHeader>
  <cookies class="java.lang.String"></cookies>
  <method class="java.lang.String">GET</method>
  <queryString class="java.lang.String"></queryString>
  <redirectLocation class="java.lang.String">https://login-pre.sge/pls/orasso/orasso.wwsso_app_admin.ls_login?Site2pstoreToken=v1.4~CEF0A91F~34A505CF646493C2310C2058452B8A601A3C23F38375873F7AD794AD519D85A0D264DAEEC28D346B0FCDE091F0D0239F638143EDDA0AE37C519CA7CC0A5593D013477A53CFFAC01C45E5494869761F6D3D0B0EF305ADAB7D776FEB0E0AA1AA67871C217B603894D956E7C8D22F27A53BCF8CAD457D3DDF32A39148E74983460DDD03A3AF5461C3EA4DB075CCBBED0D63862BD2B7EE2C7B8ECB0B01D488C7BB2D01207A3A26A76C0546B3A6DA08BF75DBDA8B0B8D0C685C8527B02E00B769A5C1222754E01B2A10036E88135BAEED1C08A0FDF830D82386D8565C21E871B1FFB2871D16FCFEF483C56526C73441CDB594CAF867BE197E5596</redirectLocation>
  <url>https://preproduccion.sge/login/login.jsp?site2pstoretoken=v1.4~CEF0A91F~34A505CF646493C2310C2058452B8A601A3C23F38375873F7AD794AD519D85A0D264DAEEC28D346B0FCDE091F0D0239F638143EDDA0AE37C519CA7CC0A5593D013477A53CFFAC01C45E5494869761F6D3D0B0EF305ADAB7D776FEB0E0AA1AA67871C217B603894D956E7C8D22F27A53BCF8CAD457D3DDF32A39148E74983460DDD03A3AF5461C3EA4DB075CCBBED0D63862BD2B7EE2C7B8ECB0B01D488C7BB2D01207A3A26A76C0546B3A6DA08BF75DBDA8B0B8D0C685C8527B02E00B769A5C1222754E01B2A10036E88135BAEED1C08A0FDF830D82386D8565C21E871B1FFB2871D16FCFEF483C56526C73441CDB594CAF867BE197E5596&amp;p_error_code=&amp;p_submit_url=https%3A%2F%2Flogin-pre.sge%2Fsso%2Fauth&amp;p_cancel_url=https%3A%2F%2Fpreproduccion.sge&amp;ssousername=&amp;subscribername=</url>
</httpSample>
<httpSample t="187" lt="0" ts="1298631941046" s="true" lb="/gepa/scripts/scriptaculous/scriptaculous.js" rc="200" by="5068">
  <responseHeader class="java.lang.String">HTTP/1.0 200 OK
Date: Fri, 25 Feb 2011 11:05:41 GMT
Server: Oracle-Application-Server-10g/10.1.2.2.0 Oracle-HTTP-Server
Content-Length: 5068
Set-Cookie: JSESSIONID=b3be7b477a2b66b9f77b075bd5981215510e9e6b56b47050ab614439d68da939.e3eSbhiLaNyPe3yNbNyQc3qSai1BqBjKpPXxqAa; path=/login
Content-Type: text/html; charset=ISO-8859-1
</responseHeader>
  <requestHeader class="java.lang.String">Accept-Language: es-ES
Accept: */*
User-Agent: Mozilla/4.0 (compatible; MSIE 7.0; Windows NT 6.1; Trident/4.0; SLCC2; .NET CLR 2.0.50727; .NET CLR 3.5.30729; .NET CLR 3.0.30729; Media Center PC 6.0; MDDS; .NET4.0C)
Accept-Encoding: gzip, deflate
Referer: http://picasso:8888/gepa/ResultadoBusquedaAction.do?accion=gestionExp&amp;indice=0
</requestHeader>
  <cookies class="java.lang.String"></cookies>
  <method class="java.lang.String">GET</method>
  <queryString class="java.lang.String"></queryString>
  <redirectLocation class="java.lang.String">https://login-pre.sge/pls/orasso/orasso.wwsso_app_admin.ls_login?Site2pstoreToken=v1.4~CEF0A91F~D1612A7CCD13B0987008F127D483D7C2BAF66F6885546B4242516CDBB766B7995DBBA5D9512A7EFA6ADA150761BE0BFA7579D78D2FFD7A04818A27C5F6572CA73F321C61B47E2250A87C8C83AD28DF819AD7CD69EEDC82754A56E61DB88F16563442961A7E54043C8ED271F6184A87E73FC3C6B67D2617170E53D06735106BC01B4FD110818A9AC84ED20A4AACB93DBC6ACAEF2D1F9DE584F4D9D0371A59CE6820E7D36BEE082D50AD44116B9ED759A351F0F5D4A7FBF9EF77E2DDE243CE10C6D99A54D0EBB11A64F21F19ACAD3624F4D3DF7AB53EBCF33605E2D6485B804D2DD950EC62DD9C527DAE87FABDAF94A522B67E6492CCCE0526736985CB6ED7BE5E97570D23C496459BF688FB1AF3454DFA</redirectLocation>
  <url>https://preproduccion.sge/login/login.jsp?site2pstoretoken=v1.4~CEF0A91F~D1612A7CCD13B0987008F127D483D7C2BAF66F6885546B4242516CDBB766B7995DBBA5D9512A7EFA6ADA150761BE0BFA7579D78D2FFD7A04818A27C5F6572CA73F321C61B47E2250A87C8C83AD28DF819AD7CD69EEDC82754A56E61DB88F16563442961A7E54043C8ED271F6184A87E73FC3C6B67D2617170E53D06735106BC01B4FD110818A9AC84ED20A4AACB93DBC6ACAEF2D1F9DE584F4D9D0371A59CE6820E7D36BEE082D50AD44116B9ED759A351F0F5D4A7FBF9EF77E2DDE243CE10C6D99A54D0EBB11A64F21F19ACAD3624F4D3DF7AB53EBCF33605E2D6485B804D2DD950EC62DD9C527DAE87FABDAF94A522B67E6492CCCE0526736985CB6ED7BE5E97570D23C496459BF688FB1AF3454DFA&amp;p_error_code=&amp;p_submit_url=https%3A%2F%2Flogin-pre.sge%2Fsso%2Fauth&amp;p_cancel_url=https%3A%2F%2Fpreproduccion.sge&amp;ssousername=&amp;subscribername=</url>
</httpSample>
<httpSample t="203" lt="0" ts="1298631941233" s="true" lb="/gepa/ConexionAction.do" rc="200" by="5388">
  <responseHeader class="java.lang.String">HTTP/1.0 200 OK
Date: Fri, 25 Feb 2011 11:05:41 GMT
Server: Oracle-Application-Server-10g/10.1.2.2.0 Oracle-HTTP-Server
Content-Length: 5388
Set-Cookie: JSESSIONID=583c16b1d551b54e0923d9dcc41c50957eed6a63cf83fe4a20f903ee5d3e6cd8.e38Ob3aOaheRe34Mb3qSax0Pahz0nR9Pq6XteP93; path=/login
Content-Type: text/html; charset=ISO-8859-1
</responseHeader>
  <requestHeader class="java.lang.String">Accept-Language: es
Accept: */*
User-Agent: Mozilla/4.0 (compatible; MSIE 7.0; Windows NT 6.1; Trident/4.0; SLCC2; .NET CLR 2.0.50727; .NET CLR 3.5.30729; .NET CLR 3.0.30729; Media Center PC 6.0; MDDS; .NET4.0C)
Accept-Encoding: gzip, deflate
</requestHeader>
  <cookies class="java.lang.String"></cookies>
  <method class="java.lang.String">GET</method>
  <queryString class="java.lang.String"></queryString>
  <redirectLocation class="java.lang.String">https://login-pre.sge/pls/orasso/orasso.wwsso_app_admin.ls_login?Site2pstoreToken=v1.4~CEF0A91F~D1612A7CCD13B0987008F127D483D7C2BAF66F6885546B4242516CDBB766B7995DBBA5D9512A7EFA6ADA150761BE0BFA7579D78D2FFD7A04818A27C5F6572CA73F321C61B47E2250A87C8C83AD28DF819AD7CD69EEDC82754A56E61DB88F16567DF566EA12CBCAC20C135D6061C47C4F31448D39C50EB8F08FEEE3546EA869682295427124EF206ED0CBB71A388D6334E8B68B8F62900D83E030F25941F105E51761C72ABB7FBC58F4EB91EDFFEA3EAE80789E0763A300FE1704C6ED60B88EFC9486819BF41900E74B102BF25BD360FF7F8D40E4758EC349D71895589231E46519FA5B9B7993AF0E182A548286A0BED5AF530D5D81072FD92AE0414713236671C438FEDED391AC05370D480F44472B9694ED45BA79F3C29750DB45109AD7FCF5C906BC9D265AD343411D02F412115D71D243FA145E6C2BFB3A2F6B1F2F09D3A0984FC1FBEE53370F6272CCB0F03412A55B2D9C12789FA4FB4E21CEA878BF1662</redirectLocation>
  <url>https://preproduccion.sge/login/login.jsp?site2pstoretoken=v1.4~CEF0A91F~D1612A7CCD13B0987008F127D483D7C2BAF66F6885546B4242516CDBB766B7995DBBA5D9512A7EFA6ADA150761BE0BFA7579D78D2FFD7A04818A27C5F6572CA73F321C61B47E2250A87C8C83AD28DF819AD7CD69EEDC82754A56E61DB88F16567DF566EA12CBCAC20C135D6061C47C4F31448D39C50EB8F08FEEE3546EA869682295427124EF206ED0CBB71A388D6334E8B68B8F62900D83E030F25941F105E51761C72ABB7FBC58F4EB91EDFFEA3EAE80789E0763A300FE1704C6ED60B88EFC9486819BF41900E74B102BF25BD360FF7F8D40E4758EC349D71895589231E46519FA5B9B7993AF0E182A548286A0BED5AF530D5D81072FD92AE0414713236671C438FEDED391AC05370D480F44472B9694ED45BA79F3C29750DB45109AD7FCF5C906BC9D265AD343411D02F412115D71D243FA145E6C2BFB3A2F6B1F2F09D3A0984FC1FBEE53370F6272CCB0F03412A55B2D9C12789FA4FB4E21CEA878BF1662&amp;p_error_code=&amp;p_submit_url=https%3A%2F%2Flogin-pre.sge%2Fsso%2Fauth&amp;p_cancel_url=https%3A%2F%2Fpreproduccion.sge&amp;ssousername=&amp;subscribername=</url>
</httpSample>
<httpSample t="188" lt="0" ts="1298631941436" s="true" lb="/gepa/scripts/scriptaculous/scriptaculous.js" rc="200" by="5068">
  <responseHeader class="java.lang.String">HTTP/1.0 200 OK
Date: Fri, 25 Feb 2011 11:05:41 GMT
Server: Oracle-Application-Server-10g/10.1.2.2.0 Oracle-HTTP-Server
Content-Length: 5068
Set-Cookie: JSESSIONID=801fd83e8eae14c86861e1614dc0c1240c266016daff0c6f8b076231cef2721f.e3eSbhiLaNyPe3yNbNyQc3qSai1BqBjKpPXxqAa; path=/login
Content-Type: text/html; charset=ISO-8859-1
</responseHeader>
  <requestHeader class="java.lang.String">Accept-Language: es-ES
Accept: */*
User-Agent: Mozilla/4.0 (compatible; MSIE 7.0; Windows NT 6.1; Trident/4.0; SLCC2; .NET CLR 2.0.50727; .NET CLR 3.5.30729; .NET CLR 3.0.30729; Media Center PC 6.0; MDDS; .NET4.0C)
Accept-Encoding: gzip, deflate
Referer: http://picasso:8888/gepa/ConexionAction.do?POSTDATA=variosPerfiles=true&amp;accion=iniciar&amp;codigoEntidad=DYS&amp;codigo=jcnegredo&amp;contrasenya=dysmatica&amp;rolSeleccionado=25
</requestHeader>
  <cookies class="java.lang.String"></cookies>
  <method class="java.lang.String">GET</method>
  <queryString class="java.lang.String"></queryString>
  <redirectLocation class="java.lang.String">https://login-pre.sge/pls/orasso/orasso.wwsso_app_admin.ls_login?Site2pstoreToken=v1.4~CEF0A91F~D1612A7CCD13B0987008F127D483D7C2BAF66F6885546B4242516CDBB766B7995DBBA5D9512A7EFA6ADA150761BE0BFA7579D78D2FFD7A04818A27C5F6572CA73F321C61B47E2250A87C8C83AD28DF819AD7CD69EEDC82754A56E61DB88F16563442961A7E54043C8ED271F6184A87E73FC3C6B67D2617170E53D06735106BC01B4FD110818A9AC84ED20A4AACB93DBC6ACAEF2D1F9DE584F4D9D0371A59CE6820E7D36BEE082D50AD44116B9ED759A351F0F5D4A7FBF9EF77E2DDE243CE10C6D99A54D0EBB11A64F21F19ACAD3624F4D3DF7AB53EBCF33605E2D6485B804D2DD950EC62DD9C527DAE87FABDAF94A522B67E6492CCCE0526736985CB6ED7BE5E97570D23C496459BF688FB1AF3454DFA</redirectLocation>
  <url>https://preproduccion.sge/login/login.jsp?site2pstoretoken=v1.4~CEF0A91F~D1612A7CCD13B0987008F127D483D7C2BAF66F6885546B4242516CDBB766B7995DBBA5D9512A7EFA6ADA150761BE0BFA7579D78D2FFD7A04818A27C5F6572CA73F321C61B47E2250A87C8C83AD28DF819AD7CD69EEDC82754A56E61DB88F16563442961A7E54043C8ED271F6184A87E73FC3C6B67D2617170E53D06735106BC01B4FD110818A9AC84ED20A4AACB93DBC6ACAEF2D1F9DE584F4D9D0371A59CE6820E7D36BEE082D50AD44116B9ED759A351F0F5D4A7FBF9EF77E2DDE243CE10C6D99A54D0EBB11A64F21F19ACAD3624F4D3DF7AB53EBCF33605E2D6485B804D2DD950EC62DD9C527DAE87FABDAF94A522B67E6492CCCE0526736985CB6ED7BE5E97570D23C496459BF688FB1AF3454DFA&amp;p_error_code=&amp;p_submit_url=https%3A%2F%2Flogin-pre.sge%2Fsso%2Fauth&amp;p_cancel_url=https%3A%2F%2Fpreproduccion.sge&amp;ssousername=&amp;subscribername=</url>
</httpSample>
<httpSample t="15" lt="15" ts="1298631941624" s="false" lb="/gepa/ConexionAction.do;jsessionid=eb634fe5b58b0bcb96508261e275709f9c8e236e3e15aeb347f0741aac2dda55" rc="500" by="778">
  <responseHeader class="java.lang.String">HTTP/1.0 500 Internal Server Error
Date: Fri, 25 Feb 2011 11:05:41 GMT
Server: Oracle-Application-Server-10g/10.1.2.2.0 Oracle-HTTP-Server
Content-Type: text/html; charset=iso-8859-1
</responseHeader>
  <requestHeader class="java.lang.String">Content-Type: application/x-www-form-urlencoded
Accept-Language: es-ES
Accept: image/jpeg, application/x-ms-application, image/gif, application/xaml+xml, image/pjpeg, application/x-ms-xbap, application/vnd.ms-powerpoint, application/vnd.ms-excel, application/msword, */*
User-Agent: Mozilla/4.0 (compatible; MSIE 7.0; Windows NT 6.1; Trident/4.0; SLCC2; .NET CLR 2.0.50727; .NET CLR 3.5.30729; .NET CLR 3.0.30729; Media Center PC 6.0; MDDS; .NET4.0C)
Accept-Encoding: gzip, deflate
Referer: http://picasso:8888/gepa/ConexionAction.do?POSTDATA=variosPerfiles=true&amp;accion=iniciar&amp;codigoEntidad=DYS&amp;codigo=jcnegredo&amp;contrasenya=dysmatica&amp;rolSeleccionado=25
Pragma: no-cache
</requestHeader>
  <cookies class="java.lang.String"></cookies>
  <method class="java.lang.String">POST</method>
  <queryString class="java.lang.String">variosPerfiles=true&amp;accion=seleccionarPerfil&amp;codigoEntidad=DYS&amp;rolSeleccionado=25</queryString>
  <url>https://preproduccion.sge:443/gepa/ConexionAction.do;jsessionid=eb634fe5b58b0bcb96508261e275709f9c8e236e3e15aeb347f0741aac2dda55</url>
</httpSample>
<httpSample t="172" lt="0" ts="1298631941639" s="true" lb="/gepa/scripts/scriptaculous/scriptaculous.js" rc="200" by="5068">
  <responseHeader class="java.lang.String">HTTP/1.0 200 OK
Date: Fri, 25 Feb 2011 11:05:41 GMT
Server: Oracle-Application-Server-10g/10.1.2.2.0 Oracle-HTTP-Server
Content-Length: 5068
Set-Cookie: JSESSIONID=1cdefd12a536b808632d176a6a82090d2214da8027cf4bc431228e4b4a0cd686.e3eSbhiLaNyPe3yNbNyQc3qSai1BqBjKpPXxqAa; path=/login
Content-Type: text/html; charset=ISO-8859-1
</responseHeader>
  <requestHeader class="java.lang.String">Accept-Language: es-ES
Accept: */*
User-Agent: Mozilla/4.0 (compatible; MSIE 7.0; Windows NT 6.1; Trident/4.0; SLCC2; .NET CLR 2.0.50727; .NET CLR 3.5.30729; .NET CLR 3.0.30729; Media Center PC 6.0; MDDS; .NET4.0C)
Accept-Encoding: gzip, deflate
Referer: http://picasso:8888/gepa/ConexionAction.do;jsessionid=eb634fe5b58b0bcb96508261e275709f9c8e236e3e15aeb347f0741aac2dda55
</requestHeader>
  <cookies class="java.lang.String"></cookies>
  <method class="java.lang.String">GET</method>
  <queryString class="java.lang.String"></queryString>
  <redirectLocation class="java.lang.String">https://login-pre.sge/pls/orasso/orasso.wwsso_app_admin.ls_login?Site2pstoreToken=v1.4~CEF0A91F~D1612A7CCD13B0987008F127D483D7C2BAF66F6885546B4242516CDBB766B7995DBBA5D9512A7EFA6ADA150761BE0BFA7579D78D2FFD7A04818A27C5F6572CA73F321C61B47E2250A87C8C83AD28DF819AD7CD69EEDC82754A56E61DB88F16563442961A7E54043C8ED271F6184A87E73FC3C6B67D2617170E53D06735106BC01B4FD110818A9AC84ED20A4AACB93DBC6ACAEF2D1F9DE584F4D9D0371A59CE6820E7D36BEE082D50AD44116B9ED759A351F0F5D4A7FBF9EF77E2DDE243CE10C6D99A54D0EBB11A64F21F19ACAD3624F4D3DF7AB53EBCF33605E2D6485B804D2DD950EC62DD9C527DAE87FABDAF94A522B67E6492CCCE0526736985CB6ED7BE5E97570D23C496459BF688FB1AF3454DFA</redirectLocation>
  <url>https://preproduccion.sge/login/login.jsp?site2pstoretoken=v1.4~CEF0A91F~D1612A7CCD13B0987008F127D483D7C2BAF66F6885546B4242516CDBB766B7995DBBA5D9512A7EFA6ADA150761BE0BFA7579D78D2FFD7A04818A27C5F6572CA73F321C61B47E2250A87C8C83AD28DF819AD7CD69EEDC82754A56E61DB88F16563442961A7E54043C8ED271F6184A87E73FC3C6B67D2617170E53D06735106BC01B4FD110818A9AC84ED20A4AACB93DBC6ACAEF2D1F9DE584F4D9D0371A59CE6820E7D36BEE082D50AD44116B9ED759A351F0F5D4A7FBF9EF77E2DDE243CE10C6D99A54D0EBB11A64F21F19ACAD3624F4D3DF7AB53EBCF33605E2D6485B804D2DD950EC62DD9C527DAE87FABDAF94A522B67E6492CCCE0526736985CB6ED7BE5E97570D23C496459BF688FB1AF3454DFA&amp;p_error_code=&amp;p_submit_url=https%3A%2F%2Flogin-pre.sge%2Fsso%2Fauth&amp;p_cancel_url=https%3A%2F%2Fpreproduccion.sge&amp;ssousername=&amp;subscribername=</url>
</httpSample>
<httpSample t="16" lt="16" ts="1298631941811" s="false" lb="/gepa/BusquedaAction.do" rc="500" by="778">
  <responseHeader class="java.lang.String">HTTP/1.0 500 Internal Server Error
Date: Fri, 25 Feb 2011 11:05:41 GMT
Server: Oracle-Application-Server-10g/10.1.2.2.0 Oracle-HTTP-Server
Content-Type: text/html; charset=iso-8859-1
</responseHeader>
  <requestHeader class="java.lang.String">Content-Type: application/x-www-form-urlencoded
Accept-Language: es-ES
Accept: image/jpeg, application/x-ms-application, image/gif, application/xaml+xml, image/pjpeg, application/x-ms-xbap, application/vnd.ms-powerpoint, application/vnd.ms-excel, application/msword, */*
User-Agent: Mozilla/4.0 (compatible; MSIE 7.0; Windows NT 6.1; Trident/4.0; SLCC2; .NET CLR 2.0.50727; .NET CLR 3.5.30729; .NET CLR 3.0.30729; Media Center PC 6.0; MDDS; .NET4.0C)
Accept-Encoding: gzip, deflate
Referer: http://picasso:8888/gepa/ConexionAction.do;jsessionid=eb634fe5b58b0bcb96508261e275709f9c8e236e3e15aeb347f0741aac2dda55
Pragma: no-cache
</requestHeader>
  <cookies class="java.lang.String"></cookies>
  <method class="java.lang.String">POST</method>
  <queryString class="java.lang.String">accion=buscar&amp;modo=rapida&amp;avanzadaDesplegada=false&amp;descElemPesado=&amp;identificacionRapida=&amp;nombreRapida=&amp;apellido1Rapida=&amp;apellido2Rapida=&amp;anyoRapida=&amp;numeroRapida=&amp;desdeRapida=&amp;hastaRapida=&amp;tramiteRapida=-1&amp;estadoRapida=-1&amp;idBusqueda=-1&amp;idClases=26&amp;metaTipo0=STRING&amp;metaTipo1=STRING&amp;metaTipo2=LISTA&amp;metaTipo3=STRING&amp;metaTipo4=LISTA_PESADA&amp;metaTipo5=STRING&amp;metaTipo6=LISTA&amp;metaTipo7=STRING&amp;metaTipo8=STRING&amp;metaTipo9=STRING&amp;metaTipo10=STRING&amp;metaTipo11=STRING&amp;metaTipo12=STRING&amp;metaTipo13=LISTA&amp;metaTipo14=STRING&amp;metaTipo15=TIMESTAMP&amp;metaTipo16=TIMESTAMP&amp;metaTipo17=TIMESTAMP&amp;metaTipo18=LISTA&amp;metaTipo19=LISTA_PESADA&amp;metaTipo20=STRING&amp;metaTipo21=STRING&amp;metaTipo22=STRING&amp;metaTipo23=STRING&amp;metaTipo24=STRING&amp;metaTipo25=LISTA_PESADA&amp;metaTipo26=LISTA&amp;metaTipo27=STRING&amp;metaTipo28=LISTA&amp;metaTipo29=STRING&amp;metaTipo30=STRING&amp;metaTipo31=INTEGER&amp;metaTipo32=STRING&amp;metaTipo33=STRING&amp;metaTipo34=STRING&amp;metaTipo35=LISTA&amp;metaTipo36=LISTA&amp;metaTipo37=LISTA&amp;metaTipo38=STRING&amp;metaTipo39=SEPARADOR&amp;metaTipo40=BOOLEAN&amp;metaTipo41=STRING&amp;metaTipo42=STRING&amp;metaTipo43=STRING&amp;metaTipo44=LISTA&amp;metaTipo45=BOOLEAN&amp;metaTipo46=BOOLEAN&amp;metaTipo47=BOOLEAN&amp;metaTipo48=STRING&amp;metaTipo49=TIMESTAMP&amp;metaTipo50=TIMESTAMP&amp;metaTipo51=TIMESTAMP&amp;metaTipo52=TIMESTAMP&amp;metaTipo53=TIMESTAMP&amp;metaTipo54=TIMESTAMP&amp;metaTipo55=TIMESTAMP&amp;metaTipo56=TIMESTAMP&amp;metaTipo57=TIMESTAMP&amp;metaTipo58=TIMESTAMP&amp;metaTipo59=TIMESTAMP&amp;metaTipo60=TIMESTAMP&amp;metaTipo61=TIMESTAMP&amp;metaTipo62=TIMESTAMP&amp;metaTipo63=TIMESTAMP&amp;metaTipo64=LISTA&amp;metaTipo65=LISTA&amp;metaTipo66=LISTA&amp;metaTipo67=DOUBLE&amp;metaTipo68=DOUBLE&amp;metaTipo69=DOUBLE&amp;metaTipo70=DOUBLE&amp;metaTipo71=DOUBLE&amp;metaTipo72=DOUBLE&amp;metaTipo73=DOUBLE&amp;metaTipo74=BOOLEAN&amp;metaTipo75=LISTA&amp;metaTipo76=STRING&amp;metaTipo77=STRING&amp;metaTipo78=STRING&amp;metaTipo79=STRING&amp;metaTipo80=STRING&amp;metaTipo81=STRING&amp;metaTipo82=STRING&amp;metaTipo83=BOOLEAN&amp;metaTipo84=BOOLEAN&amp;metaTipo85=STRING&amp;metaTipo86=LISTA&amp;metaTipo87=LISTA&amp;metaTipo88=LISTA_PESADA&amp;metaTipo89=LISTA&amp;metaTipo90=LISTA&amp;metaTipo91=STRING&amp;metaTipo92=LISTA&amp;metaTipo93=STRING&amp;metaTipo94=STRING&amp;metaTipo95=LISTA&amp;metaTipo96=LISTA&amp;metaTipo97=LISTA&amp;metaTipo98=BOOLEAN&amp;metaTipo99=LISTA&amp;metaTipo100=BOOLEAN&amp;metaTipo101=LISTA&amp;metaTipo102=LISTA&amp;metaTipo103=BOOLEAN&amp;metaTipo104=BOOLEAN&amp;metaTipo105=LISTA&amp;metaTipo106=LISTA&amp;metaTipo107=LISTA&amp;metaTipo108=LISTA&amp;metaTipo109=LISTA&amp;metaTipo110=STRING&amp;metaTipo111=LISTA&amp;valor=&amp;valorPesado=&amp;lista37=-1&amp;lista36=-1&amp;lista35=-1&amp;lista99=-1&amp;lista109=-1&amp;lista66=-1&amp;lista98=-1&amp;lista108=-1&amp;lista65=-1&amp;lista97=-1&amp;lista107=-1&amp;lista64=-1&amp;lista96=-1&amp;lista106=-1&amp;lista95=-1&amp;lista105=-1&amp;lista104=-1&amp;lista92=-1&amp;lista103=-1&amp;lista102=-1&amp;lista90=-1&amp;lista101=-1&amp;lista100=-1&amp;lista28=-1&amp;lista26=-1&amp;lista89=-1&amp;lista87=-1&amp;lista86=-1&amp;lista6=-1&amp;lista84=-1&amp;lista83=-1&amp;lista2=-1&amp;lista18=-1&amp;lista47=-1&amp;lista46=-1&amp;lista13=-1&amp;lista45=-1&amp;lista44=-1&amp;lista75=-1&amp;lista74=-1&amp;lista40=-1&amp;lista111=-1</queryString>
  <url>https://preproduccion.sge:443/gepa/BusquedaAction.do</url>
</httpSample>
<httpSample t="219" lt="0" ts="1298631941827" s="true" lb="/gepa/scripts/scriptaculous/scriptaculous.js" rc="200" by="5068">
  <responseHeader class="java.lang.String">HTTP/1.0 200 OK
Date: Fri, 25 Feb 2011 11:05:41 GMT
Server: Oracle-Application-Server-10g/10.1.2.2.0 Oracle-HTTP-Server
Content-Length: 5068
Set-Cookie: JSESSIONID=c10ac330bac6eaf9e6574cc965234919aad8c4b68fbfa042aa297bac78326bce.e38Ob3aOaheRe34Mb3qSax0Pahz0nR9Pq6XteP93; path=/login
Content-Type: text/html; charset=ISO-8859-1
</responseHeader>
  <requestHeader class="java.lang.String">Accept-Language: es-ES
Accept: */*
User-Agent: Mozilla/4.0 (compatible; MSIE 7.0; Windows NT 6.1; Trident/4.0; SLCC2; .NET CLR 2.0.50727; .NET CLR 3.5.30729; .NET CLR 3.0.30729; Media Center PC 6.0; MDDS; .NET4.0C)
Accept-Encoding: gzip, deflate
Referer: http://picasso:8888/gepa/BusquedaAction.do
</requestHeader>
  <cookies class="java.lang.String"></cookies>
  <method class="java.lang.String">GET</method>
  <queryString class="java.lang.String"></queryString>
  <redirectLocation class="java.lang.String">https://login-pre.sge/pls/orasso/orasso.wwsso_app_admin.ls_login?Site2pstoreToken=v1.4~CEF0A91F~D1612A7CCD13B0987008F127D483D7C2BAF66F6885546B4242516CDBB766B7995DBBA5D9512A7EFA6ADA150761BE0BFA7579D78D2FFD7A04818A27C5F6572CA73F321C61B47E2250A87C8C83AD28DF819AD7CD69EEDC82754A56E61DB88F16563442961A7E54043C8ED271F6184A87E73FC3C6B67D2617170E53D06735106BC01B4FD110818A9AC84ED20A4AACB93DBC6ACAEF2D1F9DE584F4D9D0371A59CE6820E7D36BEE082D50AD44116B9ED759A351F0F5D4A7FBF9EF77E2DDE243CE10C6D99A54D0EBB11A64F21F19ACAD3624F4D3DF7AB53EBCF33605E2D6485B804D2DD950EC62DD9C527DAE87FABDAF94A522B67E6492CCCE0526736985CB6ED7BE5E97570D23C496459BF688FB1AF3454DFA</redirectLocation>
  <url>https://preproduccion.sge/login/login.jsp?site2pstoretoken=v1.4~CEF0A91F~D1612A7CCD13B0987008F127D483D7C2BAF66F6885546B4242516CDBB766B7995DBBA5D9512A7EFA6ADA150761BE0BFA7579D78D2FFD7A04818A27C5F6572CA73F321C61B47E2250A87C8C83AD28DF819AD7CD69EEDC82754A56E61DB88F16563442961A7E54043C8ED271F6184A87E73FC3C6B67D2617170E53D06735106BC01B4FD110818A9AC84ED20A4AACB93DBC6ACAEF2D1F9DE584F4D9D0371A59CE6820E7D36BEE082D50AD44116B9ED759A351F0F5D4A7FBF9EF77E2DDE243CE10C6D99A54D0EBB11A64F21F19ACAD3624F4D3DF7AB53EBCF33605E2D6485B804D2DD950EC62DD9C527DAE87FABDAF94A522B67E6492CCCE0526736985CB6ED7BE5E97570D23C496459BF688FB1AF3454DFA&amp;p_error_code=&amp;p_submit_url=https%3A%2F%2Flogin-pre.sge%2Fsso%2Fauth&amp;p_cancel_url=https%3A%2F%2Fpreproduccion.sge&amp;ssousername=&amp;subscribername=</url>
</httpSample>
<httpSample t="187" lt="0" ts="1298631942046" s="true" lb="/gepa/ResultadoBusquedaAction.do" rc="200" by="5004">
  <responseHeader class="java.lang.String">HTTP/1.0 200 OK
Date: Fri, 25 Feb 2011 11:05:42 GMT
Server: Oracle-Application-Server-10g/10.1.2.2.0 Oracle-HTTP-Server
Content-Length: 5004
Set-Cookie: JSESSIONID=d4caa17f1a0b9e7ac51a74b28489136848f81fad89e0ffa96e0bfbbae4e8474f.e3eSbhiLaNyPe3yNbNyQc3qSai1BqBjKpPXxqAa; path=/login
Content-Type: text/html; charset=ISO-8859-1
</responseHeader>
  <requestHeader class="java.lang.String">Accept-Language: es-ES
Accept: image/jpeg, application/x-ms-application, image/gif, application/xaml+xml, image/pjpeg, application/x-ms-xbap, application/vnd.ms-powerpoint, application/vnd.ms-excel, application/msword, */*
User-Agent: Mozilla/4.0 (compatible; MSIE 7.0; Windows NT 6.1; Trident/4.0; SLCC2; .NET CLR 2.0.50727; .NET CLR 3.5.30729; .NET CLR 3.0.30729; Media Center PC 6.0; MDDS; .NET4.0C)
Accept-Encoding: gzip, deflate
Referer: http://picasso:8888/gepa/BusquedaAction.do
</requestHeader>
  <cookies class="java.lang.String"></cookies>
  <method class="java.lang.String">GET</method>
  <queryString class="java.lang.String"></queryString>
  <redirectLocation class="java.lang.String">https://login-pre.sge/pls/orasso/orasso.wwsso_app_admin.ls_login?Site2pstoreToken=v1.4~CEF0A91F~4FDAD8FE2F663FDA2DA1AC050488BDDFB4D4A4D5F1BD9D945BE9978D773B8799C4691036BFB741F296694014CD3995B6218EDD3BAC8DCAF8EE24F50EDB37D5117F573B110697C5CDFC7186D7E2C444E3DEDD45EDBF53D3CAA4D3172D8BA8D4E4738BE4A9440083B176649CED825B80D001588318D91CBB3C14E17A88E40FC27C6ABD5636F1ACD160E530C293AA8539C0BEA1776A31B3B93DDECF29ADEAD77E266025DBE0C74246C6078D8484B684EFCA151D74F7E2D3A77FF1BCA5DAAB0C2B23E426DF78C51A9BEDC68697C30295608D99D84CEDFFFE2CFD55A855C56E563233F385C456836A80F14EC9133BBC00FAE2A647443123AB67A91023F7A267784F37</redirectLocation>
  <url>https://preproduccion.sge/login/login.jsp?site2pstoretoken=v1.4~CEF0A91F~4FDAD8FE2F663FDA2DA1AC050488BDDFB4D4A4D5F1BD9D945BE9978D773B8799C4691036BFB741F296694014CD3995B6218EDD3BAC8DCAF8EE24F50EDB37D5117F573B110697C5CDFC7186D7E2C444E3DEDD45EDBF53D3CAA4D3172D8BA8D4E4738BE4A9440083B176649CED825B80D001588318D91CBB3C14E17A88E40FC27C6ABD5636F1ACD160E530C293AA8539C0BEA1776A31B3B93DDECF29ADEAD77E266025DBE0C74246C6078D8484B684EFCA151D74F7E2D3A77FF1BCA5DAAB0C2B23E426DF78C51A9BEDC68697C30295608D99D84CEDFFFE2CFD55A855C56E563233F385C456836A80F14EC9133BBC00FAE2A647443123AB67A91023F7A267784F37&amp;p_error_code=&amp;p_submit_url=https%3A%2F%2Flogin-pre.sge%2Fsso%2Fauth&amp;p_cancel_url=https%3A%2F%2Fpreproduccion.sge&amp;ssousername=&amp;subscribername=</url>
</httpSample>
<httpSample t="188" lt="0" ts="1298631942233" s="true" lb="/gepa/scripts/scriptaculous/scriptaculous.js" rc="200" by="5068">
  <responseHeader class="java.lang.String">HTTP/1.0 200 OK
Date: Fri, 25 Feb 2011 11:05:42 GMT
Server: Oracle-Application-Server-10g/10.1.2.2.0 Oracle-HTTP-Server
Content-Length: 5068
Set-Cookie: JSESSIONID=1b8ce19bf36cc689aed254ec8b497fd713d025b4b6fcfd80020d81bc3195e9a4.e38Ob3aOaheRe34Mb3qSax0Pahz0nR9Pq6XteP93; path=/login
Content-Type: text/html; charset=ISO-8859-1
</responseHeader>
  <requestHeader class="java.lang.String">Accept-Language: es-ES
Accept: */*
User-Agent: Mozilla/4.0 (compatible; MSIE 7.0; Windows NT 6.1; Trident/4.0; SLCC2; .NET CLR 2.0.50727; .NET CLR 3.5.30729; .NET CLR 3.0.30729; Media Center PC 6.0; MDDS; .NET4.0C)
Accept-Encoding: gzip, deflate
Referer: http://picasso:8888/gepa/ResultadoBusquedaAction.do?accion=gestionExp&amp;indice=0
</requestHeader>
  <cookies class="java.lang.String"></cookies>
  <method class="java.lang.String">GET</method>
  <queryString class="java.lang.String"></queryString>
  <redirectLocation class="java.lang.String">https://login-pre.sge/pls/orasso/orasso.wwsso_app_admin.ls_login?Site2pstoreToken=v1.4~CEF0A91F~4FDAD8FE2F663FDA2DA1AC050488BDDFB4D4A4D5F1BD9D945BE9978D773B8799C4691036BFB741F296694014CD3995B6218EDD3BAC8DCAF8EE24F50EDB37D5117F573B110697C5CDFC7186D7E2C444E3DEDD45EDBF53D3CAA4D3172D8BA8D4E47C433F6C4DFAA6327AD10904895739C16581046FC6948471CDDDB8C5F6C8250B63F90273A02A52D0C1C83AE140220CA24635009E1C7FDA65B00C80C47AE5830B572997E413AF5242E7F0A035418F4F2E13506CE18E4169D6B62E40D6894E60D8B009B1A1E11FF836FEF4DC96B4355ED6275A841517832260D1D678C0BB79BD5C428C8ED7A25C311CECB9B49C3B82033B796C00556F885C961AAE2F4CD868834657A5F1BE8557E25B6BB929312EAE93EB</redirectLocation>
  <url>https://preproduccion.sge/login/login.jsp?site2pstoretoken=v1.4~CEF0A91F~4FDAD8FE2F663FDA2DA1AC050488BDDFB4D4A4D5F1BD9D945BE9978D773B8799C4691036BFB741F296694014CD3995B6218EDD3BAC8DCAF8EE24F50EDB37D5117F573B110697C5CDFC7186D7E2C444E3DEDD45EDBF53D3CAA4D3172D8BA8D4E47C433F6C4DFAA6327AD10904895739C16581046FC6948471CDDDB8C5F6C8250B63F90273A02A52D0C1C83AE140220CA24635009E1C7FDA65B00C80C47AE5830B572997E413AF5242E7F0A035418F4F2E13506CE18E4169D6B62E40D6894E60D8B009B1A1E11FF836FEF4DC96B4355ED6275A841517832260D1D678C0BB79BD5C428C8ED7A25C311CECB9B49C3B82033B796C00556F885C961AAE2F4CD868834657A5F1BE8557E25B6BB929312EAE93EB&amp;p_error_code=&amp;p_submit_url=https%3A%2F%2Flogin-pre.sge%2Fsso%2Fauth&amp;p_cancel_url=https%3A%2F%2Fpreproduccion.sge&amp;ssousername=&amp;subscribername=</url>
</httpSample>
<httpSample t="187" lt="0" ts="1298631942421" s="true" lb="/gepa/ConexionAction.do" rc="200" by="5420">
  <responseHeader class="java.lang.String">HTTP/1.0 200 OK
Date: Fri, 25 Feb 2011 11:05:42 GMT
Server: Oracle-Application-Server-10g/10.1.2.2.0 Oracle-HTTP-Server
Content-Length: 5420
Set-Cookie: JSESSIONID=d762216254fd3ed612d437caa070255290eefedd19826aabba79f24781296df9.e3eSbhiLaNyPe3yNbNyQc3qSai1BqBjKpPXxqAa; path=/login
Content-Type: text/html; charset=ISO-8859-1
</responseHeader>
  <requestHeader class="java.lang.String">Accept-Language: es
Accept: */*
User-Agent: Mozilla/4.0 (compatible; MSIE 7.0; Windows NT 6.1; Trident/4.0; SLCC2; .NET CLR 2.0.50727; .NET CLR 3.5.30729; .NET CLR 3.0.30729; Media Center PC 6.0; MDDS; .NET4.0C)
Accept-Encoding: gzip, deflate
</requestHeader>
  <cookies class="java.lang.String"></cookies>
  <method class="java.lang.String">GET</method>
  <queryString class="java.lang.String"></queryString>
  <redirectLocation class="java.lang.String">https://login-pre.sge/pls/orasso/orasso.wwsso_app_admin.ls_login?Site2pstoreToken=v1.4~CEF0A91F~4FDAD8FE2F663FDA2DA1AC050488BDDFB4D4A4D5F1BD9D945BE9978D773B8799C4691036BFB741F296694014CD3995B6218EDD3BAC8DCAF8EE24F50EDB37D5117F573B110697C5CDFC7186D7E2C444E3DEDD45EDBF53D3CAA4D3172D8BA8D4E408BE59E990E7A99B54345C8FBC542B0414827F6CF06EA4EB6F6D67BDBA81EB1A91FAC2A4B1CD616CBF2A079772785337D286571DE76539491E663F07CB73206F2C7901671F3E4E07469D6165E1D5C5A43A7ABEFF4E7B359DEBF2E5FE489497C8050DF552D266D39C7650F55AAFE2BBF8DC113C446DBFB9DD8EE19B0D599721DF2FA5B27CC7E7B1DABC7519597B72E7099EA98173AA17A5342D24CDDFB69074BF5DDE2D6CF495C007F0EE396E78813EE03AA4180D18F644DB5F1B391C6C3CC33A89808777EA36468736AE2749D3A73CFDD8447930F3CE12D96F7D80B45170E309029DCBE479E7CE3DBBF74D018C258590FECE7C4190A564DBBBF3980B3F9E9A96475BFDD67264ECA3</redirectLocation>
  <url>https://preproduccion.sge/login/login.jsp?site2pstoretoken=v1.4~CEF0A91F~4FDAD8FE2F663FDA2DA1AC050488BDDFB4D4A4D5F1BD9D945BE9978D773B8799C4691036BFB741F296694014CD3995B6218EDD3BAC8DCAF8EE24F50EDB37D5117F573B110697C5CDFC7186D7E2C444E3DEDD45EDBF53D3CAA4D3172D8BA8D4E408BE59E990E7A99B54345C8FBC542B0414827F6CF06EA4EB6F6D67BDBA81EB1A91FAC2A4B1CD616CBF2A079772785337D286571DE76539491E663F07CB73206F2C7901671F3E4E07469D6165E1D5C5A43A7ABEFF4E7B359DEBF2E5FE489497C8050DF552D266D39C7650F55AAFE2BBF8DC113C446DBFB9DD8EE19B0D599721DF2FA5B27CC7E7B1DABC7519597B72E7099EA98173AA17A5342D24CDDFB69074BF5DDE2D6CF495C007F0EE396E78813EE03AA4180D18F644DB5F1B391C6C3CC33A89808777EA36468736AE2749D3A73CFDD8447930F3CE12D96F7D80B45170E309029DCBE479E7CE3DBBF74D018C258590FECE7C4190A564DBBBF3980B3F9E9A96475BFDD67264ECA3&amp;p_error_code=&amp;p_submit_url=https%3A%2F%2Flogin-pre.sge%2Fsso%2Fauth&amp;p_cancel_url=https%3A%2F%2Fpreproduccion.sge&amp;ssousername=&amp;subscribername=</url>
</httpSample>
<httpSample t="187" lt="0" ts="1298631942624" s="true" lb="/gepa/scripts/scriptaculous/scriptaculous.js" rc="200" by="5068">
  <responseHeader class="java.lang.String">HTTP/1.0 200 OK
Date: Fri, 25 Feb 2011 11:05:42 GMT
Server: Oracle-Application-Server-10g/10.1.2.2.0 Oracle-HTTP-Server
Content-Length: 5068
Set-Cookie: JSESSIONID=51c1dba83289944a201d9210182e239561054fb0020db502a72f304cd73fbc10.e38Ob3aOaheRe34Mb3qSax0Pahz0nR9Pq6XteP93; path=/login
Content-Type: text/html; charset=ISO-8859-1
</responseHeader>
  <requestHeader class="java.lang.String">Accept-Language: es-ES
Accept: */*
User-Agent: Mozilla/4.0 (compatible; MSIE 7.0; Windows NT 6.1; Trident/4.0; SLCC2; .NET CLR 2.0.50727; .NET CLR 3.5.30729; .NET CLR 3.0.30729; Media Center PC 6.0; MDDS; .NET4.0C)
Accept-Encoding: gzip, deflate
Referer: http://picasso:8888/gepa/ConexionAction.do?POSTDATA=variosPerfiles=true&amp;accion=iniciar&amp;codigoEntidad=DYS&amp;codigo=jcnegredo&amp;contrasenya=dysmatica&amp;rolSeleccionado=25
</requestHeader>
  <cookies class="java.lang.String"></cookies>
  <method class="java.lang.String">GET</method>
  <queryString class="java.lang.String"></queryString>
  <redirectLocation class="java.lang.String">https://login-pre.sge/pls/orasso/orasso.wwsso_app_admin.ls_login?Site2pstoreToken=v1.4~CEF0A91F~4FDAD8FE2F663FDA2DA1AC050488BDDFB4D4A4D5F1BD9D945BE9978D773B8799C4691036BFB741F296694014CD3995B6218EDD3BAC8DCAF8EE24F50EDB37D5117F573B110697C5CDFC7186D7E2C444E3DEDD45EDBF53D3CAA4D3172D8BA8D4E47C433F6C4DFAA6327AD10904895739C16581046FC6948471CDDDB8C5F6C8250B63F90273A02A52D0C1C83AE140220CA24635009E1C7FDA65B00C80C47AE5830B572997E413AF5242E7F0A035418F4F2E13506CE18E4169D6B62E40D6894E60D8B009B1A1E11FF836FEF4DC96B4355ED6275A841517832260D1D678C0BB79BD5C428C8ED7A25C311CECB9B49C3B82033B796C00556F885C961AAE2F4CD868834657A5F1BE8557E25B6BB929312EAE93EB</redirectLocation>
  <url>https://preproduccion.sge/login/login.jsp?site2pstoretoken=v1.4~CEF0A91F~4FDAD8FE2F663FDA2DA1AC050488BDDFB4D4A4D5F1BD9D945BE9978D773B8799C4691036BFB741F296694014CD3995B6218EDD3BAC8DCAF8EE24F50EDB37D5117F573B110697C5CDFC7186D7E2C444E3DEDD45EDBF53D3CAA4D3172D8BA8D4E47C433F6C4DFAA6327AD10904895739C16581046FC6948471CDDDB8C5F6C8250B63F90273A02A52D0C1C83AE140220CA24635009E1C7FDA65B00C80C47AE5830B572997E413AF5242E7F0A035418F4F2E13506CE18E4169D6B62E40D6894E60D8B009B1A1E11FF836FEF4DC96B4355ED6275A841517832260D1D678C0BB79BD5C428C8ED7A25C311CECB9B49C3B82033B796C00556F885C961AAE2F4CD868834657A5F1BE8557E25B6BB929312EAE93EB&amp;p_error_code=&amp;p_submit_url=https%3A%2F%2Flogin-pre.sge%2Fsso%2Fauth&amp;p_cancel_url=https%3A%2F%2Fpreproduccion.sge&amp;ssousername=&amp;subscribername=</url>
</httpSample>
<httpSample t="16" lt="16" ts="1298631942811" s="false" lb="/gepa/ConexionAction.do;jsessionid=eb634fe5b58b0bcb96508261e275709f9c8e236e3e15aeb347f0741aac2dda55" rc="500" by="778">
  <responseHeader class="java.lang.String">HTTP/1.0 500 Internal Server Error
Date: Fri, 25 Feb 2011 11:05:42 GMT
Server: Oracle-Application-Server-10g/10.1.2.2.0 Oracle-HTTP-Server
Content-Type: text/html; charset=iso-8859-1
</responseHeader>
  <requestHeader class="java.lang.String">Content-Type: application/x-www-form-urlencoded
Accept-Language: es-ES
Accept: image/jpeg, application/x-ms-application, image/gif, application/xaml+xml, image/pjpeg, application/x-ms-xbap, application/vnd.ms-powerpoint, application/vnd.ms-excel, application/msword, */*
User-Agent: Mozilla/4.0 (compatible; MSIE 7.0; Windows NT 6.1; Trident/4.0; SLCC2; .NET CLR 2.0.50727; .NET CLR 3.5.30729; .NET CLR 3.0.30729; Media Center PC 6.0; MDDS; .NET4.0C)
Accept-Encoding: gzip, deflate
Referer: http://picasso:8888/gepa/ConexionAction.do?POSTDATA=variosPerfiles=true&amp;accion=iniciar&amp;codigoEntidad=DYS&amp;codigo=jcnegredo&amp;contrasenya=dysmatica&amp;rolSeleccionado=25
Pragma: no-cache
</requestHeader>
  <cookies class="java.lang.String"></cookies>
  <method class="java.lang.String">POST</method>
  <queryString class="java.lang.String">variosPerfiles=true&amp;accion=seleccionarPerfil&amp;codigoEntidad=DYS&amp;rolSeleccionado=25</queryString>
  <url>https://preproduccion.sge:443/gepa/ConexionAction.do;jsessionid=eb634fe5b58b0bcb96508261e275709f9c8e236e3e15aeb347f0741aac2dda55</url>
</httpSample>
<httpSample t="171" lt="0" ts="1298631942843" s="true" lb="/gepa/scripts/scriptaculous/scriptaculous.js" rc="200" by="5068">
  <responseHeader class="java.lang.String">HTTP/1.0 200 OK
Date: Fri, 25 Feb 2011 11:05:42 GMT
Server: Oracle-Application-Server-10g/10.1.2.2.0 Oracle-HTTP-Server
Content-Length: 5068
Set-Cookie: JSESSIONID=fd81b8ffb693bf33ce9f1ea3a35fb654b4f1bcced5992d9616a5e13d174d1a8f.e38Ob3aOaheRe34Mb3qSax0Pahz0nR9Pq6XteP93; path=/login
Content-Type: text/html; charset=ISO-8859-1
</responseHeader>
  <requestHeader class="java.lang.String">Accept-Language: es-ES
Accept: */*
User-Agent: Mozilla/4.0 (compatible; MSIE 7.0; Windows NT 6.1; Trident/4.0; SLCC2; .NET CLR 2.0.50727; .NET CLR 3.5.30729; .NET CLR 3.0.30729; Media Center PC 6.0; MDDS; .NET4.0C)
Accept-Encoding: gzip, deflate
Referer: http://picasso:8888/gepa/ConexionAction.do;jsessionid=eb634fe5b58b0bcb96508261e275709f9c8e236e3e15aeb347f0741aac2dda55
</requestHeader>
  <cookies class="java.lang.String"></cookies>
  <method class="java.lang.String">GET</method>
  <queryString class="java.lang.String"></queryString>
  <redirectLocation class="java.lang.String">https://login-pre.sge/pls/orasso/orasso.wwsso_app_admin.ls_login?Site2pstoreToken=v1.4~CEF0A91F~4FDAD8FE2F663FDA2DA1AC050488BDDFB4D4A4D5F1BD9D945BE9978D773B8799C4691036BFB741F296694014CD3995B6218EDD3BAC8DCAF8EE24F50EDB37D5117F573B110697C5CDFC7186D7E2C444E3DEDD45EDBF53D3CAA4D3172D8BA8D4E47C433F6C4DFAA6327AD10904895739C16581046FC6948471CDDDB8C5F6C8250B63F90273A02A52D0C1C83AE140220CA24635009E1C7FDA65B00C80C47AE5830B572997E413AF5242E7F0A035418F4F2E13506CE18E4169D6B62E40D6894E60D8B009B1A1E11FF836FEF4DC96B4355ED6275A841517832260D1D678C0BB79BD5C428C8ED7A25C311CECB9B49C3B82033B796C00556F885C961AAE2F4CD868834657A5F1BE8557E25B6BB929312EAE93EB</redirectLocation>
  <url>https://preproduccion.sge/login/login.jsp?site2pstoretoken=v1.4~CEF0A91F~4FDAD8FE2F663FDA2DA1AC050488BDDFB4D4A4D5F1BD9D945BE9978D773B8799C4691036BFB741F296694014CD3995B6218EDD3BAC8DCAF8EE24F50EDB37D5117F573B110697C5CDFC7186D7E2C444E3DEDD45EDBF53D3CAA4D3172D8BA8D4E47C433F6C4DFAA6327AD10904895739C16581046FC6948471CDDDB8C5F6C8250B63F90273A02A52D0C1C83AE140220CA24635009E1C7FDA65B00C80C47AE5830B572997E413AF5242E7F0A035418F4F2E13506CE18E4169D6B62E40D6894E60D8B009B1A1E11FF836FEF4DC96B4355ED6275A841517832260D1D678C0BB79BD5C428C8ED7A25C311CECB9B49C3B82033B796C00556F885C961AAE2F4CD868834657A5F1BE8557E25B6BB929312EAE93EB&amp;p_error_code=&amp;p_submit_url=https%3A%2F%2Flogin-pre.sge%2Fsso%2Fauth&amp;p_cancel_url=https%3A%2F%2Fpreproduccion.sge&amp;ssousername=&amp;subscribername=</url>
</httpSample>
<httpSample t="16" lt="16" ts="1298631943014" s="false" lb="/gepa/BusquedaAction.do" rc="500" by="778">
  <responseHeader class="java.lang.String">HTTP/1.0 500 Internal Server Error
Date: Fri, 25 Feb 2011 11:05:43 GMT
Server: Oracle-Application-Server-10g/10.1.2.2.0 Oracle-HTTP-Server
Content-Type: text/html; charset=iso-8859-1
</responseHeader>
  <requestHeader class="java.lang.String">Content-Type: application/x-www-form-urlencoded
Accept-Language: es-ES
Accept: image/jpeg, application/x-ms-application, image/gif, application/xaml+xml, image/pjpeg, application/x-ms-xbap, application/vnd.ms-powerpoint, application/vnd.ms-excel, application/msword, */*
User-Agent: Mozilla/4.0 (compatible; MSIE 7.0; Windows NT 6.1; Trident/4.0; SLCC2; .NET CLR 2.0.50727; .NET CLR 3.5.30729; .NET CLR 3.0.30729; Media Center PC 6.0; MDDS; .NET4.0C)
Accept-Encoding: gzip, deflate
Referer: http://picasso:8888/gepa/ConexionAction.do;jsessionid=eb634fe5b58b0bcb96508261e275709f9c8e236e3e15aeb347f0741aac2dda55
Pragma: no-cache
</requestHeader>
  <cookies class="java.lang.String"></cookies>
  <method class="java.lang.String">POST</method>
  <queryString class="java.lang.String">accion=buscar&amp;modo=rapida&amp;avanzadaDesplegada=false&amp;descElemPesado=&amp;identificacionRapida=&amp;nombreRapida=&amp;apellido1Rapida=&amp;apellido2Rapida=&amp;anyoRapida=&amp;numeroRapida=&amp;desdeRapida=&amp;hastaRapida=&amp;tramiteRapida=-1&amp;estadoRapida=-1&amp;idBusqueda=-1&amp;idClases=26&amp;metaTipo0=STRING&amp;metaTipo1=STRING&amp;metaTipo2=LISTA&amp;metaTipo3=STRING&amp;metaTipo4=LISTA_PESADA&amp;metaTipo5=STRING&amp;metaTipo6=LISTA&amp;metaTipo7=STRING&amp;metaTipo8=STRING&amp;metaTipo9=STRING&amp;metaTipo10=STRING&amp;metaTipo11=STRING&amp;metaTipo12=STRING&amp;metaTipo13=LISTA&amp;metaTipo14=STRING&amp;metaTipo15=TIMESTAMP&amp;metaTipo16=TIMESTAMP&amp;metaTipo17=TIMESTAMP&amp;metaTipo18=LISTA&amp;metaTipo19=LISTA_PESADA&amp;metaTipo20=STRING&amp;metaTipo21=STRING&amp;metaTipo22=STRING&amp;metaTipo23=STRING&amp;metaTipo24=STRING&amp;metaTipo25=LISTA_PESADA&amp;metaTipo26=LISTA&amp;metaTipo27=STRING&amp;metaTipo28=LISTA&amp;metaTipo29=STRING&amp;metaTipo30=STRING&amp;metaTipo31=INTEGER&amp;metaTipo32=STRING&amp;metaTipo33=STRING&amp;metaTipo34=STRING&amp;metaTipo35=LISTA&amp;metaTipo36=LISTA&amp;metaTipo37=LISTA&amp;metaTipo38=STRING&amp;metaTipo39=SEPARADOR&amp;metaTipo40=BOOLEAN&amp;metaTipo41=STRING&amp;metaTipo42=STRING&amp;metaTipo43=STRING&amp;metaTipo44=LISTA&amp;metaTipo45=BOOLEAN&amp;metaTipo46=BOOLEAN&amp;metaTipo47=BOOLEAN&amp;metaTipo48=STRING&amp;metaTipo49=TIMESTAMP&amp;metaTipo50=TIMESTAMP&amp;metaTipo51=TIMESTAMP&amp;metaTipo52=TIMESTAMP&amp;metaTipo53=TIMESTAMP&amp;metaTipo54=TIMESTAMP&amp;metaTipo55=TIMESTAMP&amp;metaTipo56=TIMESTAMP&amp;metaTipo57=TIMESTAMP&amp;metaTipo58=TIMESTAMP&amp;metaTipo59=TIMESTAMP&amp;metaTipo60=TIMESTAMP&amp;metaTipo61=TIMESTAMP&amp;metaTipo62=TIMESTAMP&amp;metaTipo63=TIMESTAMP&amp;metaTipo64=LISTA&amp;metaTipo65=LISTA&amp;metaTipo66=LISTA&amp;metaTipo67=DOUBLE&amp;metaTipo68=DOUBLE&amp;metaTipo69=DOUBLE&amp;metaTipo70=DOUBLE&amp;metaTipo71=DOUBLE&amp;metaTipo72=DOUBLE&amp;metaTipo73=DOUBLE&amp;metaTipo74=BOOLEAN&amp;metaTipo75=LISTA&amp;metaTipo76=STRING&amp;metaTipo77=STRING&amp;metaTipo78=STRING&amp;metaTipo79=STRING&amp;metaTipo80=STRING&amp;metaTipo81=STRING&amp;metaTipo82=STRING&amp;metaTipo83=BOOLEAN&amp;metaTipo84=BOOLEAN&amp;metaTipo85=STRING&amp;metaTipo86=LISTA&amp;metaTipo87=LISTA&amp;metaTipo88=LISTA_PESADA&amp;metaTipo89=LISTA&amp;metaTipo90=LISTA&amp;metaTipo91=STRING&amp;metaTipo92=LISTA&amp;metaTipo93=STRING&amp;metaTipo94=STRING&amp;metaTipo95=LISTA&amp;metaTipo96=LISTA&amp;metaTipo97=LISTA&amp;metaTipo98=BOOLEAN&amp;metaTipo99=LISTA&amp;metaTipo100=BOOLEAN&amp;metaTipo101=LISTA&amp;metaTipo102=LISTA&amp;metaTipo103=BOOLEAN&amp;metaTipo104=BOOLEAN&amp;metaTipo105=LISTA&amp;metaTipo106=LISTA&amp;metaTipo107=LISTA&amp;metaTipo108=LISTA&amp;metaTipo109=LISTA&amp;metaTipo110=STRING&amp;metaTipo111=LISTA&amp;valor=&amp;valorPesado=&amp;lista37=-1&amp;lista36=-1&amp;lista35=-1&amp;lista99=-1&amp;lista109=-1&amp;lista66=-1&amp;lista98=-1&amp;lista108=-1&amp;lista65=-1&amp;lista97=-1&amp;lista107=-1&amp;lista64=-1&amp;lista96=-1&amp;lista106=-1&amp;lista95=-1&amp;lista105=-1&amp;lista104=-1&amp;lista92=-1&amp;lista103=-1&amp;lista102=-1&amp;lista90=-1&amp;lista101=-1&amp;lista100=-1&amp;lista28=-1&amp;lista26=-1&amp;lista89=-1&amp;lista87=-1&amp;lista86=-1&amp;lista6=-1&amp;lista84=-1&amp;lista83=-1&amp;lista2=-1&amp;lista18=-1&amp;lista47=-1&amp;lista46=-1&amp;lista13=-1&amp;lista45=-1&amp;lista44=-1&amp;lista75=-1&amp;lista74=-1&amp;lista40=-1&amp;lista111=-1</queryString>
  <url>https://preproduccion.sge:443/gepa/BusquedaAction.do</url>
</httpSample>
<httpSample t="187" lt="0" ts="1298631943030" s="true" lb="/gepa/scripts/scriptaculous/scriptaculous.js" rc="200" by="5068">
  <responseHeader class="java.lang.String">HTTP/1.0 200 OK
Date: Fri, 25 Feb 2011 11:05:43 GMT
Server: Oracle-Application-Server-10g/10.1.2.2.0 Oracle-HTTP-Server
Content-Length: 5068
Set-Cookie: JSESSIONID=6d6f19da69d0789a5cd7e34e14a39fd29b1d82ab0b13525d8f33f4c08341b165.e3eSbhiLaNyPe3yNbNyQc3qSai1BqBjKpPXxqAa; path=/login
Content-Type: text/html; charset=ISO-8859-1
</responseHeader>
  <requestHeader class="java.lang.String">Accept-Language: es-ES
Accept: */*
User-Agent: Mozilla/4.0 (compatible; MSIE 7.0; Windows NT 6.1; Trident/4.0; SLCC2; .NET CLR 2.0.50727; .NET CLR 3.5.30729; .NET CLR 3.0.30729; Media Center PC 6.0; MDDS; .NET4.0C)
Accept-Encoding: gzip, deflate
Referer: http://picasso:8888/gepa/BusquedaAction.do
</requestHeader>
  <cookies class="java.lang.String"></cookies>
  <method class="java.lang.String">GET</method>
  <queryString class="java.lang.String"></queryString>
  <redirectLocation class="java.lang.String">https://login-pre.sge/pls/orasso/orasso.wwsso_app_admin.ls_login?Site2pstoreToken=v1.4~CEF0A91F~854C1CDAE290391AC473C4E5C51A72BAC2F53BAF5ADEB5815A6E15430BC48B887F3587EE3A1F93C97564EF2EE47E81E9F3AAA752CED768E2134AFA19F76BDB8FA4AC5734301E5326AD2A0083398A2011A843D9A52C8BEBB02D4ACADD1A45D5673C836C38ADD243B438CF767D4C76A2F9D2CCAFF45212FA038A9E077E61E893A5C305D08D2ED3C80CBAD964685EFC1423E4CB5A3D09BE06ACBDA3DC1B220A1D2D4FD7524867EF36ADDB81199609FFCE0DE4144CD562BC3277D81BC11781DECB9E4A66E85F4E78F0CF6E06A6C15C630667D47B5B2EE43D96AF8D67FABAD4BB127C733E280FE63921042CBF4D81BF24B9F9E91BDA2B33E11A8A5E075B45D4334CA3B4E580F1A96C89E4D63CEBBF9B2B935F</redirectLocation>
  <url>https://preproduccion.sge/login/login.jsp?site2pstoretoken=v1.4~CEF0A91F~854C1CDAE290391AC473C4E5C51A72BAC2F53BAF5ADEB5815A6E15430BC48B887F3587EE3A1F93C97564EF2EE47E81E9F3AAA752CED768E2134AFA19F76BDB8FA4AC5734301E5326AD2A0083398A2011A843D9A52C8BEBB02D4ACADD1A45D5673C836C38ADD243B438CF767D4C76A2F9D2CCAFF45212FA038A9E077E61E893A5C305D08D2ED3C80CBAD964685EFC1423E4CB5A3D09BE06ACBDA3DC1B220A1D2D4FD7524867EF36ADDB81199609FFCE0DE4144CD562BC3277D81BC11781DECB9E4A66E85F4E78F0CF6E06A6C15C630667D47B5B2EE43D96AF8D67FABAD4BB127C733E280FE63921042CBF4D81BF24B9F9E91BDA2B33E11A8A5E075B45D4334CA3B4E580F1A96C89E4D63CEBBF9B2B935F&amp;p_error_code=&amp;p_submit_url=https%3A%2F%2Flogin-pre.sge%2Fsso%2Fauth&amp;p_cancel_url=https%3A%2F%2Fpreproduccion.sge&amp;ssousername=&amp;subscribername=</url>
</httpSample>
<httpSample t="203" lt="0" ts="1298631943233" s="true" lb="/gepa/ResultadoBusquedaAction.do" rc="200" by="4972">
  <responseHeader class="java.lang.String">HTTP/1.0 200 OK
Date: Fri, 25 Feb 2011 11:05:43 GMT
Server: Oracle-Application-Server-10g/10.1.2.2.0 Oracle-HTTP-Server
Content-Length: 4972
Set-Cookie: JSESSIONID=f03eae4071906c3c723bd6032f01e41f8edcaf94d2ab83ad8ae03cde65a5aece.e38Ob3aOaheRe34Mb3qSax0Pahz0nR9Pq6XteP93; path=/login
Content-Type: text/html; charset=ISO-8859-1
</responseHeader>
  <requestHeader class="java.lang.String">Accept-Language: es-ES
Accept: image/jpeg, application/x-ms-application, image/gif, application/xaml+xml, image/pjpeg, application/x-ms-xbap, application/vnd.ms-powerpoint, application/vnd.ms-excel, application/msword, */*
User-Agent: Mozilla/4.0 (compatible; MSIE 7.0; Windows NT 6.1; Trident/4.0; SLCC2; .NET CLR 2.0.50727; .NET CLR 3.5.30729; .NET CLR 3.0.30729; Media Center PC 6.0; MDDS; .NET4.0C)
Accept-Encoding: gzip, deflate
Referer: http://picasso:8888/gepa/BusquedaAction.do
</requestHeader>
  <cookies class="java.lang.String"></cookies>
  <method class="java.lang.String">GET</method>
  <queryString class="java.lang.String"></queryString>
  <redirectLocation class="java.lang.String">https://login-pre.sge/pls/orasso/orasso.wwsso_app_admin.ls_login?Site2pstoreToken=v1.4~CEF0A91F~854C1CDAE290391AC473C4E5C51A72BAC2F53BAF5ADEB5815A6E15430BC48B887F3587EE3A1F93C97564EF2EE47E81E9F3AAA752CED768E2134AFA19F76BDB8FA4AC5734301E5326AD2A0083398A2011A843D9A52C8BEBB02D4ACADD1A45D567EC676EDB29E210F6D86B92E585D883554D32BF1C28102B04047465CC7E49283CCAA6E2430080EB364863DC15FFB359CC5EF3C9CE3E2D687832538E30B497AB2320B20DD8E24DAB2AFBD6EC081369ABF7861593F8072DC478A44E0E05D1ED766556FB5785D2C7B9D311ED4CB5BBBD1BF7DD62A5F9089AF189F89D6DF9FA8C83336B40F8BB661ED84E061DB3C491A009F6BAD6C6343E0F71F8</redirectLocation>
  <url>https://preproduccion.sge/login/login.jsp?site2pstoretoken=v1.4~CEF0A91F~854C1CDAE290391AC473C4E5C51A72BAC2F53BAF5ADEB5815A6E15430BC48B887F3587EE3A1F93C97564EF2EE47E81E9F3AAA752CED768E2134AFA19F76BDB8FA4AC5734301E5326AD2A0083398A2011A843D9A52C8BEBB02D4ACADD1A45D567EC676EDB29E210F6D86B92E585D883554D32BF1C28102B04047465CC7E49283CCAA6E2430080EB364863DC15FFB359CC5EF3C9CE3E2D687832538E30B497AB2320B20DD8E24DAB2AFBD6EC081369ABF7861593F8072DC478A44E0E05D1ED766556FB5785D2C7B9D311ED4CB5BBBD1BF7DD62A5F9089AF189F89D6DF9FA8C83336B40F8BB661ED84E061DB3C491A009F6BAD6C6343E0F71F8&amp;p_error_code=&amp;p_submit_url=https%3A%2F%2Flogin-pre.sge%2Fsso%2Fauth&amp;p_cancel_url=https%3A%2F%2Fpreproduccion.sge&amp;ssousername=&amp;subscribername=</url>
</httpSample>
<httpSample t="188" lt="0" ts="1298631943436" s="true" lb="/gepa/scripts/scriptaculous/scriptaculous.js" rc="200" by="5068">
  <responseHeader class="java.lang.String">HTTP/1.0 200 OK
Date: Fri, 25 Feb 2011 11:05:43 GMT
Server: Oracle-Application-Server-10g/10.1.2.2.0 Oracle-HTTP-Server
Content-Length: 5068
Set-Cookie: JSESSIONID=6cb249159b10ffdc228bc4ad28c093e0ad33b5942fb7a791091d106a68ba9194.e3eSbhiLaNyPe3yNbNyQc3qSai1BqBjKpPXxqAa; path=/login
Content-Type: text/html; charset=ISO-8859-1
</responseHeader>
  <requestHeader class="java.lang.String">Accept-Language: es-ES
Accept: */*
User-Agent: Mozilla/4.0 (compatible; MSIE 7.0; Windows NT 6.1; Trident/4.0; SLCC2; .NET CLR 2.0.50727; .NET CLR 3.5.30729; .NET CLR 3.0.30729; Media Center PC 6.0; MDDS; .NET4.0C)
Accept-Encoding: gzip, deflate
Referer: http://picasso:8888/gepa/ResultadoBusquedaAction.do?accion=gestionExp&amp;indice=0
</requestHeader>
  <cookies class="java.lang.String"></cookies>
  <method class="java.lang.String">GET</method>
  <queryString class="java.lang.String"></queryString>
  <redirectLocation class="java.lang.String">https://login-pre.sge/pls/orasso/orasso.wwsso_app_admin.ls_login?Site2pstoreToken=v1.4~CEF0A91F~854C1CDAE290391AC473C4E5C51A72BAC2F53BAF5ADEB5815A6E15430BC48B887F3587EE3A1F93C97564EF2EE47E81E9F3AAA752CED768E2134AFA19F76BDB8FA4AC5734301E5326AD2A0083398A2011A843D9A52C8BEBB02D4ACADD1A45D5673C836C38ADD243B438CF767D4C76A2F9D2CCAFF45212FA038A9E077E61E893A5C305D08D2ED3C80CBAD964685EFC1423E4CB5A3D09BE06ACBDA3DC1B220A1D2D4FD7524867EF36ADDB81199609FFCE0DE4144CD562BC3277D81BC11781DECB9E4A66E85F4E78F0CF6E06A6C15C630667D47B5B2EE43D96AF8D67FABAD4BB127C733E280FE63921042CBF4D81BF24B9F9E91BDA2B33E11A8A5E075B45D4334CA3B4E580F1A96C89E4D63CEBBF9B2B935F</redirectLocation>
  <url>https://preproduccion.sge/login/login.jsp?site2pstoretoken=v1.4~CEF0A91F~854C1CDAE290391AC473C4E5C51A72BAC2F53BAF5ADEB5815A6E15430BC48B887F3587EE3A1F93C97564EF2EE47E81E9F3AAA752CED768E2134AFA19F76BDB8FA4AC5734301E5326AD2A0083398A2011A843D9A52C8BEBB02D4ACADD1A45D5673C836C38ADD243B438CF767D4C76A2F9D2CCAFF45212FA038A9E077E61E893A5C305D08D2ED3C80CBAD964685EFC1423E4CB5A3D09BE06ACBDA3DC1B220A1D2D4FD7524867EF36ADDB81199609FFCE0DE4144CD562BC3277D81BC11781DECB9E4A66E85F4E78F0CF6E06A6C15C630667D47B5B2EE43D96AF8D67FABAD4BB127C733E280FE63921042CBF4D81BF24B9F9E91BDA2B33E11A8A5E075B45D4334CA3B4E580F1A96C89E4D63CEBBF9B2B935F&amp;p_error_code=&amp;p_submit_url=https%3A%2F%2Flogin-pre.sge%2Fsso%2Fauth&amp;p_cancel_url=https%3A%2F%2Fpreproduccion.sge&amp;ssousername=&amp;subscribername=</url>
</httpSample>
<httpSample t="187" lt="0" ts="1298631943624" s="true" lb="/gepa/ConexionAction.do" rc="200" by="5388">
  <responseHeader class="java.lang.String">HTTP/1.0 200 OK
Date: Fri, 25 Feb 2011 11:05:43 GMT
Server: Oracle-Application-Server-10g/10.1.2.2.0 Oracle-HTTP-Server
Content-Length: 5388
Set-Cookie: JSESSIONID=693cac8e152aebf77989dc185003374635544e342feab6cf2a749e9cb9f9607c.e38Ob3aOaheRe34Mb3qSax0Pahz0nR9Pq6XteP93; path=/login
Content-Type: text/html; charset=ISO-8859-1
</responseHeader>
  <requestHeader class="java.lang.String">Accept-Language: es
Accept: */*
User-Agent: Mozilla/4.0 (compatible; MSIE 7.0; Windows NT 6.1; Trident/4.0; SLCC2; .NET CLR 2.0.50727; .NET CLR 3.5.30729; .NET CLR 3.0.30729; Media Center PC 6.0; MDDS; .NET4.0C)
Accept-Encoding: gzip, deflate
</requestHeader>
  <cookies class="java.lang.String"></cookies>
  <method class="java.lang.String">GET</method>
  <queryString class="java.lang.String"></queryString>
  <redirectLocation class="java.lang.String">https://login-pre.sge/pls/orasso/orasso.wwsso_app_admin.ls_login?Site2pstoreToken=v1.4~CEF0A91F~854C1CDAE290391AC473C4E5C51A72BAC2F53BAF5ADEB5815A6E15430BC48B887F3587EE3A1F93C97564EF2EE47E81E9F3AAA752CED768E2134AFA19F76BDB8FA4AC5734301E5326AD2A0083398A2011A843D9A52C8BEBB02D4ACADD1A45D5670FEF86DF4DF21A6F09CC23F0C8335E2C3B632A0F49B8325C650B16C1F6BA70F03EAED5C0A3105626E7C3BAACA6434A65578171B5542676304B6A3C2DCAF3D80BD0842CFAED22EA2E676BF32FEFEA8167998A958C18ECB5B46236E712263E1894F690FEB870E60E996F9BD09DC84A04DD6526D7ADD99A0737C5FB3C3CE5341FF8A0A7C0C161A79E422BD974EA8E460793FB5BD97ED4EEE9599D7A114E9B67A37487463CD172A1DB64687FD3AFCC9080EC501EF9E099B93C71CDDBD6DCE82BB5BEFDEBA876670CD15B2B227633169BB5E0748BFC445F1D083A07D231562F0F81DE9DA4BFA795405CCF46863CA7C8EAB17F68EC61E07F1C581BB5DA2CEF7FFA4061</redirectLocation>
  <url>https://preproduccion.sge/login/login.jsp?site2pstoretoken=v1.4~CEF0A91F~854C1CDAE290391AC473C4E5C51A72BAC2F53BAF5ADEB5815A6E15430BC48B887F3587EE3A1F93C97564EF2EE47E81E9F3AAA752CED768E2134AFA19F76BDB8FA4AC5734301E5326AD2A0083398A2011A843D9A52C8BEBB02D4ACADD1A45D5670FEF86DF4DF21A6F09CC23F0C8335E2C3B632A0F49B8325C650B16C1F6BA70F03EAED5C0A3105626E7C3BAACA6434A65578171B5542676304B6A3C2DCAF3D80BD0842CFAED22EA2E676BF32FEFEA8167998A958C18ECB5B46236E712263E1894F690FEB870E60E996F9BD09DC84A04DD6526D7ADD99A0737C5FB3C3CE5341FF8A0A7C0C161A79E422BD974EA8E460793FB5BD97ED4EEE9599D7A114E9B67A37487463CD172A1DB64687FD3AFCC9080EC501EF9E099B93C71CDDBD6DCE82BB5BEFDEBA876670CD15B2B227633169BB5E0748BFC445F1D083A07D231562F0F81DE9DA4BFA795405CCF46863CA7C8EAB17F68EC61E07F1C581BB5DA2CEF7FFA4061&amp;p_error_code=&amp;p_submit_url=https%3A%2F%2Flogin-pre.sge%2Fsso%2Fauth&amp;p_cancel_url=https%3A%2F%2Fpreproduccion.sge&amp;ssousername=&amp;subscribername=</url>
</httpSample>
<httpSample t="188" lt="0" ts="1298631943811" s="true" lb="/gepa/scripts/scriptaculous/scriptaculous.js" rc="200" by="5068">
  <responseHeader class="java.lang.String">HTTP/1.0 200 OK
Date: Fri, 25 Feb 2011 11:05:43 GMT
Server: Oracle-Application-Server-10g/10.1.2.2.0 Oracle-HTTP-Server
Content-Length: 5068
Set-Cookie: JSESSIONID=a6705b89209a7ea4459c391145bea3d8f2d9e6171132070cf4b139e49a0cc1c0.e3eSbhiLaNyPe3yNbNyQc3qSai1BqBjKpPXxqAa; path=/login
Content-Type: text/html; charset=ISO-8859-1
</responseHeader>
  <requestHeader class="java.lang.String">Accept-Language: es-ES
Accept: */*
User-Agent: Mozilla/4.0 (compatible; MSIE 7.0; Windows NT 6.1; Trident/4.0; SLCC2; .NET CLR 2.0.50727; .NET CLR 3.5.30729; .NET CLR 3.0.30729; Media Center PC 6.0; MDDS; .NET4.0C)
Accept-Encoding: gzip, deflate
Referer: http://picasso:8888/gepa/ConexionAction.do?POSTDATA=variosPerfiles=true&amp;accion=iniciar&amp;codigoEntidad=DYS&amp;codigo=jcnegredo&amp;contrasenya=dysmatica&amp;rolSeleccionado=25
</requestHeader>
  <cookies class="java.lang.String"></cookies>
  <method class="java.lang.String">GET</method>
  <queryString class="java.lang.String"></queryString>
  <redirectLocation class="java.lang.String">https://login-pre.sge/pls/orasso/orasso.wwsso_app_admin.ls_login?Site2pstoreToken=v1.4~CEF0A91F~854C1CDAE290391AC473C4E5C51A72BAC2F53BAF5ADEB5815A6E15430BC48B887F3587EE3A1F93C97564EF2EE47E81E9F3AAA752CED768E2134AFA19F76BDB8FA4AC5734301E5326AD2A0083398A2011A843D9A52C8BEBB02D4ACADD1A45D5673C836C38ADD243B438CF767D4C76A2F9D2CCAFF45212FA038A9E077E61E893A5C305D08D2ED3C80CBAD964685EFC1423E4CB5A3D09BE06ACBDA3DC1B220A1D2D4FD7524867EF36ADDB81199609FFCE0DE4144CD562BC3277D81BC11781DECB9E4A66E85F4E78F0CF6E06A6C15C630667D47B5B2EE43D96AF8D67FABAD4BB127C733E280FE63921042CBF4D81BF24B9F9E91BDA2B33E11A8A5E075B45D4334CA3B4E580F1A96C89E4D63CEBBF9B2B935F</redirectLocation>
  <url>https://preproduccion.sge/login/login.jsp?site2pstoretoken=v1.4~CEF0A91F~854C1CDAE290391AC473C4E5C51A72BAC2F53BAF5ADEB5815A6E15430BC48B887F3587EE3A1F93C97564EF2EE47E81E9F3AAA752CED768E2134AFA19F76BDB8FA4AC5734301E5326AD2A0083398A2011A843D9A52C8BEBB02D4ACADD1A45D5673C836C38ADD243B438CF767D4C76A2F9D2CCAFF45212FA038A9E077E61E893A5C305D08D2ED3C80CBAD964685EFC1423E4CB5A3D09BE06ACBDA3DC1B220A1D2D4FD7524867EF36ADDB81199609FFCE0DE4144CD562BC3277D81BC11781DECB9E4A66E85F4E78F0CF6E06A6C15C630667D47B5B2EE43D96AF8D67FABAD4BB127C733E280FE63921042CBF4D81BF24B9F9E91BDA2B33E11A8A5E075B45D4334CA3B4E580F1A96C89E4D63CEBBF9B2B935F&amp;p_error_code=&amp;p_submit_url=https%3A%2F%2Flogin-pre.sge%2Fsso%2Fauth&amp;p_cancel_url=https%3A%2F%2Fpreproduccion.sge&amp;ssousername=&amp;subscribername=</url>
</httpSample>

<httpSample t="187" lt="0" ts="1298631990484" s="true" lb="/gepa/ConexionAction.do" rc="200" by="5388">
  <responseHeader class="java.lang.String">HTTP/1.0 200 OK
Date: Fri, 25 Feb 2011 11:06:30 GMT
Server: Oracle-Application-Server-10g/10.1.2.2.0 Oracle-HTTP-Server
Content-Length: 5388
Set-Cookie: JSESSIONID=35552ba9e534567ac9211717ace2c741b0604d9a9493784e17d29e685d328935.e38Ob3aOaheRe34Mb3qSax0Pahz0nR9Pq6XteP93; path=/login
Content-Type: text/html; charset=ISO-8859-1
</responseHeader>
  <requestHeader class="java.lang.String">Accept-Language: es
Accept: */*
User-Agent: Mozilla/4.0 (compatible; MSIE 7.0; Windows NT 6.1; Trident/4.0; SLCC2; .NET CLR 2.0.50727; .NET CLR 3.5.30729; .NET CLR 3.0.30729; Media Center PC 6.0; MDDS; .NET4.0C)
Accept-Encoding: gzip, deflate
</requestHeader>
  <cookies class="java.lang.String"></cookies>
  <method class="java.lang.String">GET</method>
  <queryString class="java.lang.String"></queryString>
  <redirectLocation class="java.lang.String">https://login-pre.sge/pls/orasso/orasso.wwsso_app_admin.ls_login?Site2pstoreToken=v1.4~CEF0A91F~4A29B18469D6D945D830522201284DA5F9ED7AF83CCC0954F2208131EAEC43FF9687A2C8BC811FA265EAF17902028B8337002B7A243C22784BF12A53651AA539A44572EC35C27C641EF454D12AD70A85AFD7F922AEE25F568022B046560A1D4350CC5DB0C3308992105A398572DFFF3C09F89E0E1089E78596B5D0E533CF4B56FFFC0B39153D7EC1E0C1E249EFB6F039856D71ED4E7460DEC37E19EFED70F0FD8A158D26E4714855A5EBF52BB9ED6C7A58512FAD6F8DF216DD19BD573C590BD8F1492F359B976BE4656BE5384641EFC0BD5105548CAB95A79C0817866D9542DC2171B744B5DD1B22EFB9BFF4B601524979F6CF45B7C3D44D01CCD669A177D04B1DC9F1968777DA669A0ABBF531AD8E34D1F67C227C347BE55D777ADF13E999CA405F53F579026F9DCFA03731846D81336FD30DFE63FB62180F2104C11FC9376ACCFC479E7FAEDEFF061620D5DC79E801CA4C8E05A866C37C8059BA56642AB2DE</redirectLocation>
  <url>https://preproduccion.sge/login/login.jsp?site2pstoretoken=v1.4~CEF0A91F~4A29B18469D6D945D830522201284DA5F9ED7AF83CCC0954F2208131EAEC43FF9687A2C8BC811FA265EAF17902028B8337002B7A243C22784BF12A53651AA539A44572EC35C27C641EF454D12AD70A85AFD7F922AEE25F568022B046560A1D4350CC5DB0C3308992105A398572DFFF3C09F89E0E1089E78596B5D0E533CF4B56FFFC0B39153D7EC1E0C1E249EFB6F039856D71ED4E7460DEC37E19EFED70F0FD8A158D26E4714855A5EBF52BB9ED6C7A58512FAD6F8DF216DD19BD573C590BD8F1492F359B976BE4656BE5384641EFC0BD5105548CAB95A79C0817866D9542DC2171B744B5DD1B22EFB9BFF4B601524979F6CF45B7C3D44D01CCD669A177D04B1DC9F1968777DA669A0ABBF531AD8E34D1F67C227C347BE55D777ADF13E999CA405F53F579026F9DCFA03731846D81336FD30DFE63FB62180F2104C11FC9376ACCFC479E7FAEDEFF061620D5DC79E801CA4C8E05A866C37C8059BA56642AB2DE&amp;p_error_code=&amp;p_submit_url=https%3A%2F%2Flogin-pre.sge%2Fsso%2Fauth&amp;p_cancel_url=https%3A%2F%2Fpreproduccion.sge&amp;ssousername=&amp;subscribername=</url>
</httpSample>
<httpSample t="188" lt="0" ts="1298631990671" s="true" lb="/gepa/scripts/scriptaculous/scriptaculous.js" rc="200" by="5068">
  <responseHeader class="java.lang.String">HTTP/1.0 200 OK
Date: Fri, 25 Feb 2011 11:06:30 GMT
Server: Oracle-Application-Server-10g/10.1.2.2.0 Oracle-HTTP-Server
Content-Length: 5068
Set-Cookie: JSESSIONID=dce9cb4e54431a9898726b63d56de789cb7178ea456f5d7069580a555ce7776d.e3eSbhiLaNyPe3yNbNyQc3qSai1BqBjKpPXxqAa; path=/login
Content-Type: text/html; charset=ISO-8859-1
</responseHeader>
  <requestHeader class="java.lang.String">Accept-Language: es-ES
Accept: */*
User-Agent: Mozilla/4.0 (compatible; MSIE 7.0; Windows NT 6.1; Trident/4.0; SLCC2; .NET CLR 2.0.50727; .NET CLR 3.5.30729; .NET CLR 3.0.30729; Media Center PC 6.0; MDDS; .NET4.0C)
Accept-Encoding: gzip, deflate
Referer: http://picasso:8888/gepa/ConexionAction.do?POSTDATA=variosPerfiles=true&amp;accion=iniciar&amp;codigoEntidad=DYS&amp;codigo=jcnegredo&amp;contrasenya=dysmatica&amp;rolSeleccionado=25
</requestHeader>
  <cookies class="java.lang.String"></cookies>
  <method class="java.lang.String">GET</method>
  <queryString class="java.lang.String"></queryString>
  <redirectLocation class="java.lang.String">https://login-pre.sge/pls/orasso/orasso.wwsso_app_admin.ls_login?Site2pstoreToken=v1.4~CEF0A91F~4A29B18469D6D945D830522201284DA5F9ED7AF83CCC0954F2208131EAEC43FF9687A2C8BC811FA265EAF17902028B8337002B7A243C22784BF12A53651AA539A44572EC35C27C641EF454D12AD70A85AFD7F922AEE25F568022B046560A1D43F2FAE7E627868B7BF8B213F6A742C8038B3ED08C895EFED3C72EA4CEEBDE8FB1BBE77CF7DCF5868B4B2C6618184A62FD4AF5588A4DE29DACE62740AF8F557BAE166AD0F9B74212325D567D50A3A5A38DC2AB45A81C9F390B26A4C90BBA3473BC0C6AE493C68D5461DD320E13A54FC76986DC5931C85F486327211F855922BBD501141C45F44C60E9FCF52358A922C6C74B57CFE160FA059BDBC777B5AB2BDB7BFE666F2D0F5C1230FD9DEFFB174EE71E</redirectLocation>
  <url>https://preproduccion.sge/login/login.jsp?site2pstoretoken=v1.4~CEF0A91F~4A29B18469D6D945D830522201284DA5F9ED7AF83CCC0954F2208131EAEC43FF9687A2C8BC811FA265EAF17902028B8337002B7A243C22784BF12A53651AA539A44572EC35C27C641EF454D12AD70A85AFD7F922AEE25F568022B046560A1D43F2FAE7E627868B7BF8B213F6A742C8038B3ED08C895EFED3C72EA4CEEBDE8FB1BBE77CF7DCF5868B4B2C6618184A62FD4AF5588A4DE29DACE62740AF8F557BAE166AD0F9B74212325D567D50A3A5A38DC2AB45A81C9F390B26A4C90BBA3473BC0C6AE493C68D5461DD320E13A54FC76986DC5931C85F486327211F855922BBD501141C45F44C60E9FCF52358A922C6C74B57CFE160FA059BDBC777B5AB2BDB7BFE666F2D0F5C1230FD9DEFFB174EE71E&amp;p_error_code=&amp;p_submit_url=https%3A%2F%2Flogin-pre.sge%2Fsso%2Fauth&amp;p_cancel_url=https%3A%2F%2Fpreproduccion.sge&amp;ssousername=&amp;subscribername=</url>
</httpSample>
<httpSample t="16" lt="16" ts="1298631990874" s="false" lb="/gepa/ConexionAction.do;jsessionid=eb634fe5b58b0bcb96508261e275709f9c8e236e3e15aeb347f0741aac2dda55" rc="500" by="778">
  <responseHeader class="java.lang.String">HTTP/1.0 500 Internal Server Error
Date: Fri, 25 Feb 2011 11:06:30 GMT
Server: Oracle-Application-Server-10g/10.1.2.2.0 Oracle-HTTP-Server
Content-Type: text/html; charset=iso-8859-1
</responseHeader>
  <requestHeader class="java.lang.String">Content-Type: application/x-www-form-urlencoded
Accept-Language: es-ES
Accept: image/jpeg, application/x-ms-application, image/gif, application/xaml+xml, image/pjpeg, application/x-ms-xbap, application/vnd.ms-powerpoint, application/vnd.ms-excel, application/msword, */*
User-Agent: Mozilla/4.0 (compatible; MSIE 7.0; Windows NT 6.1; Trident/4.0; SLCC2; .NET CLR 2.0.50727; .NET CLR 3.5.30729; .NET CLR 3.0.30729; Media Center PC 6.0; MDDS; .NET4.0C)
Accept-Encoding: gzip, deflate
Referer: http://picasso:8888/gepa/ConexionAction.do?POSTDATA=variosPerfiles=true&amp;accion=iniciar&amp;codigoEntidad=DYS&amp;codigo=jcnegredo&amp;contrasenya=dysmatica&amp;rolSeleccionado=25
Pragma: no-cache
</requestHeader>
  <cookies class="java.lang.String"></cookies>
  <method class="java.lang.String">POST</method>
  <queryString class="java.lang.String">variosPerfiles=true&amp;accion=seleccionarPerfil&amp;codigoEntidad=DYS&amp;rolSeleccionado=25</queryString>
  <url>https://preproduccion.sge:443/gepa/ConexionAction.do;jsessionid=eb634fe5b58b0bcb96508261e275709f9c8e236e3e15aeb347f0741aac2dda55</url>
</httpSample>
<httpSample t="172" lt="0" ts="1298631990890" s="true" lb="/gepa/scripts/scriptaculous/scriptaculous.js" rc="200" by="5068">
  <responseHeader class="java.lang.String">HTTP/1.0 200 OK
Date: Fri, 25 Feb 2011 11:06:30 GMT
Server: Oracle-Application-Server-10g/10.1.2.2.0 Oracle-HTTP-Server
Content-Length: 5068
Set-Cookie: JSESSIONID=f02bd2c5dce6764671e324f9a050b842844902e0ff3bd2af6d3cc074769353ed.e3eSbhiLaNyPe3yNbNyQc3qSai1BqBjKpPXxqAa; path=/login
Content-Type: text/html; charset=ISO-8859-1
</responseHeader>
  <requestHeader class="java.lang.String">Accept-Language: es-ES
Accept: */*
User-Agent: Mozilla/4.0 (compatible; MSIE 7.0; Windows NT 6.1; Trident/4.0; SLCC2; .NET CLR 2.0.50727; .NET CLR 3.5.30729; .NET CLR 3.0.30729; Media Center PC 6.0; MDDS; .NET4.0C)
Accept-Encoding: gzip, deflate
Referer: http://picasso:8888/gepa/ConexionAction.do;jsessionid=eb634fe5b58b0bcb96508261e275709f9c8e236e3e15aeb347f0741aac2dda55
</requestHeader>
  <cookies class="java.lang.String"></cookies>
  <method class="java.lang.String">GET</method>
  <queryString class="java.lang.String"></queryString>
  <redirectLocation class="java.lang.String">https://login-pre.sge/pls/orasso/orasso.wwsso_app_admin.ls_login?Site2pstoreToken=v1.4~CEF0A91F~4A29B18469D6D945D830522201284DA5F9ED7AF83CCC0954F2208131EAEC43FF9687A2C8BC811FA265EAF17902028B8337002B7A243C22784BF12A53651AA539A44572EC35C27C641EF454D12AD70A85AFD7F922AEE25F568022B046560A1D43F2FAE7E627868B7BF8B213F6A742C8038B3ED08C895EFED3C72EA4CEEBDE8FB1BBE77CF7DCF5868B4B2C6618184A62FD4AF5588A4DE29DACE62740AF8F557BAE166AD0F9B74212325D567D50A3A5A38DC2AB45A81C9F390B26A4C90BBA3473BC0C6AE493C68D5461DD320E13A54FC76986DC5931C85F486327211F855922BBD501141C45F44C60E9FCF52358A922C6C74B57CFE160FA059BDBC777B5AB2BDB7BFE666F2D0F5C1230FD9DEFFB174EE71E</redirectLocation>
  <url>https://preproduccion.sge/login/login.jsp?site2pstoretoken=v1.4~CEF0A91F~4A29B18469D6D945D830522201284DA5F9ED7AF83CCC0954F2208131EAEC43FF9687A2C8BC811FA265EAF17902028B8337002B7A243C22784BF12A53651AA539A44572EC35C27C641EF454D12AD70A85AFD7F922AEE25F568022B046560A1D43F2FAE7E627868B7BF8B213F6A742C8038B3ED08C895EFED3C72EA4CEEBDE8FB1BBE77CF7DCF5868B4B2C6618184A62FD4AF5588A4DE29DACE62740AF8F557BAE166AD0F9B74212325D567D50A3A5A38DC2AB45A81C9F390B26A4C90BBA3473BC0C6AE493C68D5461DD320E13A54FC76986DC5931C85F486327211F855922BBD501141C45F44C60E9FCF52358A922C6C74B57CFE160FA059BDBC777B5AB2BDB7BFE666F2D0F5C1230FD9DEFFB174EE71E&amp;p_error_code=&amp;p_submit_url=https%3A%2F%2Flogin-pre.sge%2Fsso%2Fauth&amp;p_cancel_url=https%3A%2F%2Fpreproduccion.sge&amp;ssousername=&amp;subscribername=</url>
</httpSample>
<httpSample t="0" lt="0" ts="1298631991077" s="false" lb="/gepa/BusquedaAction.do" rc="500" by="778">
  <responseHeader class="java.lang.String">HTTP/1.0 500 Internal Server Error
Date: Fri, 25 Feb 2011 11:06:31 GMT
Server: Oracle-Application-Server-10g/10.1.2.2.0 Oracle-HTTP-Server
Content-Type: text/html; charset=iso-8859-1
</responseHeader>
  <requestHeader class="java.lang.String">Content-Type: application/x-www-form-urlencoded
Accept-Language: es-ES
Accept: image/jpeg, application/x-ms-application, image/gif, application/xaml+xml, image/pjpeg, application/x-ms-xbap, application/vnd.ms-powerpoint, application/vnd.ms-excel, application/msword, */*
User-Agent: Mozilla/4.0 (compatible; MSIE 7.0; Windows NT 6.1; Trident/4.0; SLCC2; .NET CLR 2.0.50727; .NET CLR 3.5.30729; .NET CLR 3.0.30729; Media Center PC 6.0; MDDS; .NET4.0C)
Accept-Encoding: gzip, deflate
Referer: http://picasso:8888/gepa/ConexionAction.do;jsessionid=eb634fe5b58b0bcb96508261e275709f9c8e236e3e15aeb347f0741aac2dda55
Pragma: no-cache
</requestHeader>
  <cookies class="java.lang.String"></cookies>
  <method class="java.lang.String">POST</method>
  <queryString class="java.lang.String">accion=buscar&amp;modo=rapida&amp;avanzadaDesplegada=false&amp;descElemPesado=&amp;identificacionRapida=&amp;nombreRapida=&amp;apellido1Rapida=&amp;apellido2Rapida=&amp;anyoRapida=&amp;numeroRapida=&amp;desdeRapida=&amp;hastaRapida=&amp;tramiteRapida=-1&amp;estadoRapida=-1&amp;idBusqueda=-1&amp;idClases=26&amp;metaTipo0=STRING&amp;metaTipo1=STRING&amp;metaTipo2=LISTA&amp;metaTipo3=STRING&amp;metaTipo4=LISTA_PESADA&amp;metaTipo5=STRING&amp;metaTipo6=LISTA&amp;metaTipo7=STRING&amp;metaTipo8=STRING&amp;metaTipo9=STRING&amp;metaTipo10=STRING&amp;metaTipo11=STRING&amp;metaTipo12=STRING&amp;metaTipo13=LISTA&amp;metaTipo14=STRING&amp;metaTipo15=TIMESTAMP&amp;metaTipo16=TIMESTAMP&amp;metaTipo17=TIMESTAMP&amp;metaTipo18=LISTA&amp;metaTipo19=LISTA_PESADA&amp;metaTipo20=STRING&amp;metaTipo21=STRING&amp;metaTipo22=STRING&amp;metaTipo23=STRING&amp;metaTipo24=STRING&amp;metaTipo25=LISTA_PESADA&amp;metaTipo26=LISTA&amp;metaTipo27=STRING&amp;metaTipo28=LISTA&amp;metaTipo29=STRING&amp;metaTipo30=STRING&amp;metaTipo31=INTEGER&amp;metaTipo32=STRING&amp;metaTipo33=STRING&amp;metaTipo34=STRING&amp;metaTipo35=LISTA&amp;metaTipo36=LISTA&amp;metaTipo37=LISTA&amp;metaTipo38=STRING&amp;metaTipo39=SEPARADOR&amp;metaTipo40=BOOLEAN&amp;metaTipo41=STRING&amp;metaTipo42=STRING&amp;metaTipo43=STRING&amp;metaTipo44=LISTA&amp;metaTipo45=BOOLEAN&amp;metaTipo46=BOOLEAN&amp;metaTipo47=BOOLEAN&amp;metaTipo48=STRING&amp;metaTipo49=TIMESTAMP&amp;metaTipo50=TIMESTAMP&amp;metaTipo51=TIMESTAMP&amp;metaTipo52=TIMESTAMP&amp;metaTipo53=TIMESTAMP&amp;metaTipo54=TIMESTAMP&amp;metaTipo55=TIMESTAMP&amp;metaTipo56=TIMESTAMP&amp;metaTipo57=TIMESTAMP&amp;metaTipo58=TIMESTAMP&amp;metaTipo59=TIMESTAMP&amp;metaTipo60=TIMESTAMP&amp;metaTipo61=TIMESTAMP&amp;metaTipo62=TIMESTAMP&amp;metaTipo63=TIMESTAMP&amp;metaTipo64=LISTA&amp;metaTipo65=LISTA&amp;metaTipo66=LISTA&amp;metaTipo67=DOUBLE&amp;metaTipo68=DOUBLE&amp;metaTipo69=DOUBLE&amp;metaTipo70=DOUBLE&amp;metaTipo71=DOUBLE&amp;metaTipo72=DOUBLE&amp;metaTipo73=DOUBLE&amp;metaTipo74=BOOLEAN&amp;metaTipo75=LISTA&amp;metaTipo76=STRING&amp;metaTipo77=STRING&amp;metaTipo78=STRING&amp;metaTipo79=STRING&amp;metaTipo80=STRING&amp;metaTipo81=STRING&amp;metaTipo82=STRING&amp;metaTipo83=BOOLEAN&amp;metaTipo84=BOOLEAN&amp;metaTipo85=STRING&amp;metaTipo86=LISTA&amp;metaTipo87=LISTA&amp;metaTipo88=LISTA_PESADA&amp;metaTipo89=LISTA&amp;metaTipo90=LISTA&amp;metaTipo91=STRING&amp;metaTipo92=LISTA&amp;metaTipo93=STRING&amp;metaTipo94=STRING&amp;metaTipo95=LISTA&amp;metaTipo96=LISTA&amp;metaTipo97=LISTA&amp;metaTipo98=BOOLEAN&amp;metaTipo99=LISTA&amp;metaTipo100=BOOLEAN&amp;metaTipo101=LISTA&amp;metaTipo102=LISTA&amp;metaTipo103=BOOLEAN&amp;metaTipo104=BOOLEAN&amp;metaTipo105=LISTA&amp;metaTipo106=LISTA&amp;metaTipo107=LISTA&amp;metaTipo108=LISTA&amp;metaTipo109=LISTA&amp;metaTipo110=STRING&amp;metaTipo111=LISTA&amp;valor=&amp;valorPesado=&amp;lista37=-1&amp;lista36=-1&amp;lista35=-1&amp;lista99=-1&amp;lista109=-1&amp;lista66=-1&amp;lista98=-1&amp;lista108=-1&amp;lista65=-1&amp;lista97=-1&amp;lista107=-1&amp;lista64=-1&amp;lista96=-1&amp;lista106=-1&amp;lista95=-1&amp;lista105=-1&amp;lista104=-1&amp;lista92=-1&amp;lista103=-1&amp;lista102=-1&amp;lista90=-1&amp;lista101=-1&amp;lista100=-1&amp;lista28=-1&amp;lista26=-1&amp;lista89=-1&amp;lista87=-1&amp;lista86=-1&amp;lista6=-1&amp;lista84=-1&amp;lista83=-1&amp;lista2=-1&amp;lista18=-1&amp;lista47=-1&amp;lista46=-1&amp;lista13=-1&amp;lista45=-1&amp;lista44=-1&amp;lista75=-1&amp;lista74=-1&amp;lista40=-1&amp;lista111=-1</queryString>
  <url>https://preproduccion.sge:443/gepa/BusquedaAction.do</url>
</httpSample>
<httpSample t="188" lt="0" ts="1298631991077" s="true" lb="/gepa/scripts/scriptaculous/scriptaculous.js" rc="200" by="5068">
  <responseHeader class="java.lang.String">HTTP/1.0 200 OK
Date: Fri, 25 Feb 2011 11:06:31 GMT
Server: Oracle-Application-Server-10g/10.1.2.2.0 Oracle-HTTP-Server
Content-Length: 5068
Set-Cookie: JSESSIONID=2f7024d44de89401c11717fa002fcd9eafb10c87e673ab0c9fc03ae5fc1a8c37.e38Ob3aOaheRe34Mb3qSax0Pahz0nR9Pq6XteP93; path=/login
Content-Type: text/html; charset=ISO-8859-1
</responseHeader>
  <requestHeader class="java.lang.String">Accept-Language: es-ES
Accept: */*
User-Agent: Mozilla/4.0 (compatible; MSIE 7.0; Windows NT 6.1; Trident/4.0; SLCC2; .NET CLR 2.0.50727; .NET CLR 3.5.30729; .NET CLR 3.0.30729; Media Center PC 6.0; MDDS; .NET4.0C)
Accept-Encoding: gzip, deflate
Referer: http://picasso:8888/gepa/BusquedaAction.do
</requestHeader>
  <cookies class="java.lang.String"></cookies>
  <method class="java.lang.String">GET</method>
  <queryString class="java.lang.String"></queryString>
  <redirectLocation class="java.lang.String">https://login-pre.sge/pls/orasso/orasso.wwsso_app_admin.ls_login?Site2pstoreToken=v1.4~CEF0A91F~DEC22C714398870B2B42BE81CC210BA433A85BA0BD141BAB0361F523D7EA02A26330D733CF68D2E7911563091945258AA9B773A7CC69F729B2E1484B3B4B52901AF7959F4F865F96166EFF4A4D448F38B87EE0FA4240E94905432E0354C5502DE4198C4E30C86D1230F7AC568D0F4941655DBC478CF9276D0EAA72A8A8F5DBE1A32735DD79F63B8D85632D46C1F926BBFB1827A2D5EEFCD626B9036D56CBFDD8E321454B72F2863AECFBE3D0942E6AB2FECD75B986F20DA507B17EA356F6AF5843B938F199E1EC9199B096E17E4BC23356C8C930FF84D0CCE8529D21CB371F27F1F144BB90CA3CABD0C851ECA17E6E4A5280938700A0A837ACBB05620AE39601B9C6CCD0769238EDBE192114245CF9C6</redirectLocation>
  <url>https://preproduccion.sge/login/login.jsp?site2pstoretoken=v1.4~CEF0A91F~DEC22C714398870B2B42BE81CC210BA433A85BA0BD141BAB0361F523D7EA02A26330D733CF68D2E7911563091945258AA9B773A7CC69F729B2E1484B3B4B52901AF7959F4F865F96166EFF4A4D448F38B87EE0FA4240E94905432E0354C5502DE4198C4E30C86D1230F7AC568D0F4941655DBC478CF9276D0EAA72A8A8F5DBE1A32735DD79F63B8D85632D46C1F926BBFB1827A2D5EEFCD626B9036D56CBFDD8E321454B72F2863AECFBE3D0942E6AB2FECD75B986F20DA507B17EA356F6AF5843B938F199E1EC9199B096E17E4BC23356C8C930FF84D0CCE8529D21CB371F27F1F144BB90CA3CABD0C851ECA17E6E4A5280938700A0A837ACBB05620AE39601B9C6CCD0769238EDBE192114245CF9C6&amp;p_error_code=&amp;p_submit_url=https%3A%2F%2Flogin-pre.sge%2Fsso%2Fauth&amp;p_cancel_url=https%3A%2F%2Fpreproduccion.sge&amp;ssousername=&amp;subscribername=</url>
</httpSample>
<httpSample t="219" lt="0" ts="1298631991265" s="true" lb="/gepa/ResultadoBusquedaAction.do" rc="200" by="5004">
  <responseHeader class="java.lang.String">HTTP/1.0 200 OK
Date: Fri, 25 Feb 2011 11:06:31 GMT
Server: Oracle-Application-Server-10g/10.1.2.2.0 Oracle-HTTP-Server
Content-Length: 5004
Set-Cookie: JSESSIONID=a659dbf3de749a00d8a98d670d61b4fbc34a9b8b06eb4438b19b17c53b7750f6.e3eSbhiLaNyPe3yNbNyQc3qSai1BqBjKpPXxqAa; path=/login
Content-Type: text/html; charset=ISO-8859-1
</responseHeader>
  <requestHeader class="java.lang.String">Accept-Language: es-ES
Accept: image/jpeg, application/x-ms-application, image/gif, application/xaml+xml, image/pjpeg, application/x-ms-xbap, application/vnd.ms-powerpoint, application/vnd.ms-excel, application/msword, */*
User-Agent: Mozilla/4.0 (compatible; MSIE 7.0; Windows NT 6.1; Trident/4.0; SLCC2; .NET CLR 2.0.50727; .NET CLR 3.5.30729; .NET CLR 3.0.30729; Media Center PC 6.0; MDDS; .NET4.0C)
Accept-Encoding: gzip, deflate
Referer: http://picasso:8888/gepa/BusquedaAction.do
</requestHeader>
  <cookies class="java.lang.String"></cookies>
  <method class="java.lang.String">GET</method>
  <queryString class="java.lang.String"></queryString>
  <redirectLocation class="java.lang.String">https://login-pre.sge/pls/orasso/orasso.wwsso_app_admin.ls_login?Site2pstoreToken=v1.4~CEF0A91F~DEC22C714398870B2B42BE81CC210BA433A85BA0BD141BAB0361F523D7EA02A26330D733CF68D2E7911563091945258AA9B773A7CC69F729B2E1484B3B4B52901AF7959F4F865F96166EFF4A4D448F38B87EE0FA4240E94905432E0354C5502D72DF263F1A729167D9447C14C9CA0C81320DFAB0025D31B3EF820FF9E910547BA494DCA3825D74CABE6089A6FA4D1712CBF3C5B867C871BD201CCB1E3CD2B9770F790877A9F25729057BEFFD64B68B404C59D4AC1DA50880C8CA7F459C2685ADF77FB1ADF2A8D6900D1026BDCDA53B5D0E86CDF84D996028980387AA1874191F922E2DDEA2894B6A6AB53D53D32066F92EC82C510069BF1D4EE226953182AF9C</redirectLocation>
  <url>https://preproduccion.sge/login/login.jsp?site2pstoretoken=v1.4~CEF0A91F~DEC22C714398870B2B42BE81CC210BA433A85BA0BD141BAB0361F523D7EA02A26330D733CF68D2E7911563091945258AA9B773A7CC69F729B2E1484B3B4B52901AF7959F4F865F96166EFF4A4D448F38B87EE0FA4240E94905432E0354C5502D72DF263F1A729167D9447C14C9CA0C81320DFAB0025D31B3EF820FF9E910547BA494DCA3825D74CABE6089A6FA4D1712CBF3C5B867C871BD201CCB1E3CD2B9770F790877A9F25729057BEFFD64B68B404C59D4AC1DA50880C8CA7F459C2685ADF77FB1ADF2A8D6900D1026BDCDA53B5D0E86CDF84D996028980387AA1874191F922E2DDEA2894B6A6AB53D53D32066F92EC82C510069BF1D4EE226953182AF9C&amp;p_error_code=&amp;p_submit_url=https%3A%2F%2Flogin-pre.sge%2Fsso%2Fauth&amp;p_cancel_url=https%3A%2F%2Fpreproduccion.sge&amp;ssousername=&amp;subscribername=</url>
</httpSample>
<httpSample t="187" lt="0" ts="1298631991484" s="true" lb="/gepa/scripts/scriptaculous/scriptaculous.js" rc="200" by="5068">
  <responseHeader class="java.lang.String">HTTP/1.0 200 OK
Date: Fri, 25 Feb 2011 11:06:31 GMT
Server: Oracle-Application-Server-10g/10.1.2.2.0 Oracle-HTTP-Server
Content-Length: 5068
Set-Cookie: JSESSIONID=46c48f602d62774b8774f7737b4504dbcb0a4c4102f61bc827ffca9c11168852.e38Ob3aOaheRe34Mb3qSax0Pahz0nR9Pq6XteP93; path=/login
Content-Type: text/html; charset=ISO-8859-1
</responseHeader>
  <requestHeader class="java.lang.String">Accept-Language: es-ES
Accept: */*
User-Agent: Mozilla/4.0 (compatible; MSIE 7.0; Windows NT 6.1; Trident/4.0; SLCC2; .NET CLR 2.0.50727; .NET CLR 3.5.30729; .NET CLR 3.0.30729; Media Center PC 6.0; MDDS; .NET4.0C)
Accept-Encoding: gzip, deflate
Referer: http://picasso:8888/gepa/ResultadoBusquedaAction.do?accion=gestionExp&amp;indice=0
</requestHeader>
  <cookies class="java.lang.String"></cookies>
  <method class="java.lang.String">GET</method>
  <queryString class="java.lang.String"></queryString>
  <redirectLocation class="java.lang.String">https://login-pre.sge/pls/orasso/orasso.wwsso_app_admin.ls_login?Site2pstoreToken=v1.4~CEF0A91F~DEC22C714398870B2B42BE81CC210BA433A85BA0BD141BAB0361F523D7EA02A26330D733CF68D2E7911563091945258AA9B773A7CC69F729B2E1484B3B4B52901AF7959F4F865F96166EFF4A4D448F38B87EE0FA4240E94905432E0354C5502DE4198C4E30C86D1230F7AC568D0F4941655DBC478CF9276D0EAA72A8A8F5DBE1A32735DD79F63B8D85632D46C1F926BBFB1827A2D5EEFCD626B9036D56CBFDD8E321454B72F2863AECFBE3D0942E6AB2FECD75B986F20DA507B17EA356F6AF5843B938F199E1EC9199B096E17E4BC23356C8C930FF84D0CCE8529D21CB371F27F1F144BB90CA3CABD0C851ECA17E6E4A5280938700A0A837ACBB05620AE39601B9C6CCD0769238EDBE192114245CF9C6</redirectLocation>
  <url>https://preproduccion.sge/login/login.jsp?site2pstoretoken=v1.4~CEF0A91F~DEC22C714398870B2B42BE81CC210BA433A85BA0BD141BAB0361F523D7EA02A26330D733CF68D2E7911563091945258AA9B773A7CC69F729B2E1484B3B4B52901AF7959F4F865F96166EFF4A4D448F38B87EE0FA4240E94905432E0354C5502DE4198C4E30C86D1230F7AC568D0F4941655DBC478CF9276D0EAA72A8A8F5DBE1A32735DD79F63B8D85632D46C1F926BBFB1827A2D5EEFCD626B9036D56CBFDD8E321454B72F2863AECFBE3D0942E6AB2FECD75B986F20DA507B17EA356F6AF5843B938F199E1EC9199B096E17E4BC23356C8C930FF84D0CCE8529D21CB371F27F1F144BB90CA3CABD0C851ECA17E6E4A5280938700A0A837ACBB05620AE39601B9C6CCD0769238EDBE192114245CF9C6&amp;p_error_code=&amp;p_submit_url=https%3A%2F%2Flogin-pre.sge%2Fsso%2Fauth&amp;p_cancel_url=https%3A%2F%2Fpreproduccion.sge&amp;ssousername=&amp;subscribername=</url>
</httpSample>
<httpSample t="188" lt="0" ts="1298631991671" s="true" lb="/gepa/ConexionAction.do" rc="200" by="5420">
  <responseHeader class="java.lang.String">HTTP/1.0 200 OK
Date: Fri, 25 Feb 2011 11:06:31 GMT
Server: Oracle-Application-Server-10g/10.1.2.2.0 Oracle-HTTP-Server
Content-Length: 5420
Set-Cookie: JSESSIONID=e4716b83ba97454d073ec374687d0e59a7ec7a45b3e6ff7c3b0cb0e184ed0f7a.e3eSbhiLaNyPe3yNbNyQc3qSai1BqBjKpPXxqAa; path=/login
Content-Type: text/html; charset=ISO-8859-1
</responseHeader>
  <requestHeader class="java.lang.String">Accept-Language: es
Accept: */*
User-Agent: Mozilla/4.0 (compatible; MSIE 7.0; Windows NT 6.1; Trident/4.0; SLCC2; .NET CLR 2.0.50727; .NET CLR 3.5.30729; .NET CLR 3.0.30729; Media Center PC 6.0; MDDS; .NET4.0C)
Accept-Encoding: gzip, deflate
</requestHeader>
  <cookies class="java.lang.String"></cookies>
  <method class="java.lang.String">GET</method>
  <queryString class="java.lang.String"></queryString>
  <redirectLocation class="java.lang.String">https://login-pre.sge/pls/orasso/orasso.wwsso_app_admin.ls_login?Site2pstoreToken=v1.4~CEF0A91F~DEC22C714398870B2B42BE81CC210BA433A85BA0BD141BAB0361F523D7EA02A26330D733CF68D2E7911563091945258AA9B773A7CC69F729B2E1484B3B4B52901AF7959F4F865F96166EFF4A4D448F38B87EE0FA4240E94905432E0354C5502D7D63083375E79627F719AC5EA80891D830BD5BF1C19BE84B2B9190A8FFA4ED3CA651CDC3D0642DAACFC6A838719FD5582C3BE2B0CD6F2A3B71186B94AF25ECA66E4A73310377CE5A92DB528E003254BC7A6C4DD872181B3E682CE9E6CF2E17900E1428DA3F7D6AE5F9276C5F5C0DA2F4A51AE89E0639DBAF594BEAFD89766E49CCEBED24B152B112C22816F0FB014EDA3FC54C4B96B25C01F7BE86EFC7587EE944570145152075BFE4466643E1C822D486C27E157037281B0E56D2BA33FE1A5886CE43A8505EB12809A539B1B94CD13ADC3947584E8A76BF79A04E3C474826BFA949ADDCD67625F779510D49143CA6774FC7B9BE24566FAAE093E7E3DF08223A5CB73A6A541950CB</redirectLocation>
  <url>https://preproduccion.sge/login/login.jsp?site2pstoretoken=v1.4~CEF0A91F~DEC22C714398870B2B42BE81CC210BA433A85BA0BD141BAB0361F523D7EA02A26330D733CF68D2E7911563091945258AA9B773A7CC69F729B2E1484B3B4B52901AF7959F4F865F96166EFF4A4D448F38B87EE0FA4240E94905432E0354C5502D7D63083375E79627F719AC5EA80891D830BD5BF1C19BE84B2B9190A8FFA4ED3CA651CDC3D0642DAACFC6A838719FD5582C3BE2B0CD6F2A3B71186B94AF25ECA66E4A73310377CE5A92DB528E003254BC7A6C4DD872181B3E682CE9E6CF2E17900E1428DA3F7D6AE5F9276C5F5C0DA2F4A51AE89E0639DBAF594BEAFD89766E49CCEBED24B152B112C22816F0FB014EDA3FC54C4B96B25C01F7BE86EFC7587EE944570145152075BFE4466643E1C822D486C27E157037281B0E56D2BA33FE1A5886CE43A8505EB12809A539B1B94CD13ADC3947584E8A76BF79A04E3C474826BFA949ADDCD67625F779510D49143CA6774FC7B9BE24566FAAE093E7E3DF08223A5CB73A6A541950CB&amp;p_error_code=&amp;p_submit_url=https%3A%2F%2Flogin-pre.sge%2Fsso%2Fauth&amp;p_cancel_url=https%3A%2F%2Fpreproduccion.sge&amp;ssousername=&amp;subscribername=</url>
</httpSample>
<httpSample t="203" lt="0" ts="1298631991859" s="true" lb="/gepa/scripts/scriptaculous/scriptaculous.js" rc="200" by="5068">
  <responseHeader class="java.lang.String">HTTP/1.0 200 OK
Date: Fri, 25 Feb 2011 11:06:31 GMT
Server: Oracle-Application-Server-10g/10.1.2.2.0 Oracle-HTTP-Server
Content-Length: 5068
Set-Cookie: JSESSIONID=806ab8d0371d6e40c4473518835ae5c695dfd4117804635a4da85ab756596cf7.e38Ob3aOaheRe34Mb3qSax0Pahz0nR9Pq6XteP93; path=/login
Content-Type: text/html; charset=ISO-8859-1
</responseHeader>
  <requestHeader class="java.lang.String">Accept-Language: es-ES
Accept: */*
User-Agent: Mozilla/4.0 (compatible; MSIE 7.0; Windows NT 6.1; Trident/4.0; SLCC2; .NET CLR 2.0.50727; .NET CLR 3.5.30729; .NET CLR 3.0.30729; Media Center PC 6.0; MDDS; .NET4.0C)
Accept-Encoding: gzip, deflate
Referer: http://picasso:8888/gepa/ConexionAction.do?POSTDATA=variosPerfiles=true&amp;accion=iniciar&amp;codigoEntidad=DYS&amp;codigo=jcnegredo&amp;contrasenya=dysmatica&amp;rolSeleccionado=25
</requestHeader>
  <cookies class="java.lang.String"></cookies>
  <method class="java.lang.String">GET</method>
  <queryString class="java.lang.String"></queryString>
  <redirectLocation class="java.lang.String">https://login-pre.sge/pls/orasso/orasso.wwsso_app_admin.ls_login?Site2pstoreToken=v1.4~CEF0A91F~DEC22C714398870B2B42BE81CC210BA433A85BA0BD141BAB0361F523D7EA02A26330D733CF68D2E7911563091945258AA9B773A7CC69F729B2E1484B3B4B52901AF7959F4F865F96166EFF4A4D448F38B87EE0FA4240E94905432E0354C5502DE4198C4E30C86D1230F7AC568D0F4941655DBC478CF9276D0EAA72A8A8F5DBE1A32735DD79F63B8D85632D46C1F926BBFB1827A2D5EEFCD626B9036D56CBFDD8E321454B72F2863AECFBE3D0942E6AB2FECD75B986F20DA507B17EA356F6AF5843B938F199E1EC9199B096E17E4BC23356C8C930FF84D0CCE8529D21CB371F27F1F144BB90CA3CABD0C851ECA17E6E4A5280938700A0A837ACBB05620AE39601B9C6CCD0769238EDBE192114245CF9C6</redirectLocation>
  <url>https://preproduccion.sge/login/login.jsp?site2pstoretoken=v1.4~CEF0A91F~DEC22C714398870B2B42BE81CC210BA433A85BA0BD141BAB0361F523D7EA02A26330D733CF68D2E7911563091945258AA9B773A7CC69F729B2E1484B3B4B52901AF7959F4F865F96166EFF4A4D448F38B87EE0FA4240E94905432E0354C5502DE4198C4E30C86D1230F7AC568D0F4941655DBC478CF9276D0EAA72A8A8F5DBE1A32735DD79F63B8D85632D46C1F926BBFB1827A2D5EEFCD626B9036D56CBFDD8E321454B72F2863AECFBE3D0942E6AB2FECD75B986F20DA507B17EA356F6AF5843B938F199E1EC9199B096E17E4BC23356C8C930FF84D0CCE8529D21CB371F27F1F144BB90CA3CABD0C851ECA17E6E4A5280938700A0A837ACBB05620AE39601B9C6CCD0769238EDBE192114245CF9C6&amp;p_error_code=&amp;p_submit_url=https%3A%2F%2Flogin-pre.sge%2Fsso%2Fauth&amp;p_cancel_url=https%3A%2F%2Fpreproduccion.sge&amp;ssousername=&amp;subscribername=</url>
</httpSample>
<httpSample t="15" lt="15" ts="1298631992062" s="false" lb="/gepa/ConexionAction.do;jsessionid=eb634fe5b58b0bcb96508261e275709f9c8e236e3e15aeb347f0741aac2dda55" rc="500" by="778">
  <responseHeader class="java.lang.String">HTTP/1.0 500 Internal Server Error
Date: Fri, 25 Feb 2011 11:06:32 GMT
Server: Oracle-Application-Server-10g/10.1.2.2.0 Oracle-HTTP-Server
Content-Type: text/html; charset=iso-8859-1
</responseHeader>
  <requestHeader class="java.lang.String">Content-Type: application/x-www-form-urlencoded
Accept-Language: es-ES
Accept: image/jpeg, application/x-ms-application, image/gif, application/xaml+xml, image/pjpeg, application/x-ms-xbap, application/vnd.ms-powerpoint, application/vnd.ms-excel, application/msword, */*
User-Agent: Mozilla/4.0 (compatible; MSIE 7.0; Windows NT 6.1; Trident/4.0; SLCC2; .NET CLR 2.0.50727; .NET CLR 3.5.30729; .NET CLR 3.0.30729; Media Center PC 6.0; MDDS; .NET4.0C)
Accept-Encoding: gzip, deflate
Referer: http://picasso:8888/gepa/ConexionAction.do?POSTDATA=variosPerfiles=true&amp;accion=iniciar&amp;codigoEntidad=DYS&amp;codigo=jcnegredo&amp;contrasenya=dysmatica&amp;rolSeleccionado=25
Pragma: no-cache
</requestHeader>
  <cookies class="java.lang.String"></cookies>
  <method class="java.lang.String">POST</method>
  <queryString class="java.lang.String">variosPerfiles=true&amp;accion=seleccionarPerfil&amp;codigoEntidad=DYS&amp;rolSeleccionado=25</queryString>
  <url>https://preproduccion.sge:443/gepa/ConexionAction.do;jsessionid=eb634fe5b58b0bcb96508261e275709f9c8e236e3e15aeb347f0741aac2dda55</url>
</httpSample>
<httpSample t="188" lt="0" ts="1298631992077" s="true" lb="/gepa/scripts/scriptaculous/scriptaculous.js" rc="200" by="5068">
  <responseHeader class="java.lang.String">HTTP/1.0 200 OK
Date: Fri, 25 Feb 2011 11:06:32 GMT
Server: Oracle-Application-Server-10g/10.1.2.2.0 Oracle-HTTP-Server
Content-Length: 5068
Set-Cookie: JSESSIONID=18e48efbef2f562387b4824c6c6709e9c4ca67711e036548a45f79a1007b1748.e38Ob3aOaheRe34Mb3qSax0Pahz0nR9Pq6XteP93; path=/login
Content-Type: text/html; charset=ISO-8859-1
</responseHeader>
  <requestHeader class="java.lang.String">Accept-Language: es-ES
Accept: */*
User-Agent: Mozilla/4.0 (compatible; MSIE 7.0; Windows NT 6.1; Trident/4.0; SLCC2; .NET CLR 2.0.50727; .NET CLR 3.5.30729; .NET CLR 3.0.30729; Media Center PC 6.0; MDDS; .NET4.0C)
Accept-Encoding: gzip, deflate
Referer: http://picasso:8888/gepa/ConexionAction.do;jsessionid=eb634fe5b58b0bcb96508261e275709f9c8e236e3e15aeb347f0741aac2dda55
</requestHeader>
  <cookies class="java.lang.String"></cookies>
  <method class="java.lang.String">GET</method>
  <queryString class="java.lang.String"></queryString>
  <redirectLocation class="java.lang.String">https://login-pre.sge/pls/orasso/orasso.wwsso_app_admin.ls_login?Site2pstoreToken=v1.4~CEF0A91F~82D8F7BF5910D3A6AE601CF08C2875C1F61904B2D41E60297C2FC58FA8A095478E6B85A73C567F7244D45394C67BA5C6C9434659B022858431041EDD184CCE81E3D861351FCF34F8721BE6E29F79E1F2186B47985BF86D42B3413A74E4E5694FDFE91AB778D77AFBAD07A63CF6864FC7B0C1E655578EC65289B32FB159844E39F5FB1F1FA446AEB4501C45ECA52246E2DE3DEF3A35AC865F548379E97403367C0981EB23F617025B68AE3F680FCBDAEF82C1B95294EDBB9E6D1A0DFDB2E1246B5931FF251002DF572C5AB0B1BA4E2F00A4F24A7673695461841E0A578EB9B41BCECAA205C10F8B14D09E31B88295E8E2E368590233D777EB0F2BBF6C68D692874C16F0C01D03C8058544632EC09B51AF</redirectLocation>
  <url>https://preproduccion.sge/login/login.jsp?site2pstoretoken=v1.4~CEF0A91F~82D8F7BF5910D3A6AE601CF08C2875C1F61904B2D41E60297C2FC58FA8A095478E6B85A73C567F7244D45394C67BA5C6C9434659B022858431041EDD184CCE81E3D861351FCF34F8721BE6E29F79E1F2186B47985BF86D42B3413A74E4E5694FDFE91AB778D77AFBAD07A63CF6864FC7B0C1E655578EC65289B32FB159844E39F5FB1F1FA446AEB4501C45ECA52246E2DE3DEF3A35AC865F548379E97403367C0981EB23F617025B68AE3F680FCBDAEF82C1B95294EDBB9E6D1A0DFDB2E1246B5931FF251002DF572C5AB0B1BA4E2F00A4F24A7673695461841E0A578EB9B41BCECAA205C10F8B14D09E31B88295E8E2E368590233D777EB0F2BBF6C68D692874C16F0C01D03C8058544632EC09B51AF&amp;p_error_code=&amp;p_submit_url=https%3A%2F%2Flogin-pre.sge%2Fsso%2Fauth&amp;p_cancel_url=https%3A%2F%2Fpreproduccion.sge&amp;ssousername=&amp;subscribername=</url>
</httpSample>
<httpSample t="31" lt="31" ts="1298631992265" s="false" lb="/gepa/BusquedaAction.do" rc="500" by="778">
  <responseHeader class="java.lang.String">HTTP/1.0 500 Internal Server Error
Date: Fri, 25 Feb 2011 11:06:32 GMT
Server: Oracle-Application-Server-10g/10.1.2.2.0 Oracle-HTTP-Server
Content-Type: text/html; charset=iso-8859-1
</responseHeader>
  <requestHeader class="java.lang.String">Content-Type: application/x-www-form-urlencoded
Accept-Language: es-ES
Accept: image/jpeg, application/x-ms-application, image/gif, application/xaml+xml, image/pjpeg, application/x-ms-xbap, application/vnd.ms-powerpoint, application/vnd.ms-excel, application/msword, */*
User-Agent: Mozilla/4.0 (compatible; MSIE 7.0; Windows NT 6.1; Trident/4.0; SLCC2; .NET CLR 2.0.50727; .NET CLR 3.5.30729; .NET CLR 3.0.30729; Media Center PC 6.0; MDDS; .NET4.0C)
Accept-Encoding: gzip, deflate
Referer: http://picasso:8888/gepa/ConexionAction.do;jsessionid=eb634fe5b58b0bcb96508261e275709f9c8e236e3e15aeb347f0741aac2dda55
Pragma: no-cache
</requestHeader>
  <cookies class="java.lang.String"></cookies>
  <method class="java.lang.String">POST</method>
  <queryString class="java.lang.String">accion=buscar&amp;modo=rapida&amp;avanzadaDesplegada=false&amp;descElemPesado=&amp;identificacionRapida=&amp;nombreRapida=&amp;apellido1Rapida=&amp;apellido2Rapida=&amp;anyoRapida=&amp;numeroRapida=&amp;desdeRapida=&amp;hastaRapida=&amp;tramiteRapida=-1&amp;estadoRapida=-1&amp;idBusqueda=-1&amp;idClases=26&amp;metaTipo0=STRING&amp;metaTipo1=STRING&amp;metaTipo2=LISTA&amp;metaTipo3=STRING&amp;metaTipo4=LISTA_PESADA&amp;metaTipo5=STRING&amp;metaTipo6=LISTA&amp;metaTipo7=STRING&amp;metaTipo8=STRING&amp;metaTipo9=STRING&amp;metaTipo10=STRING&amp;metaTipo11=STRING&amp;metaTipo12=STRING&amp;metaTipo13=LISTA&amp;metaTipo14=STRING&amp;metaTipo15=TIMESTAMP&amp;metaTipo16=TIMESTAMP&amp;metaTipo17=TIMESTAMP&amp;metaTipo18=LISTA&amp;metaTipo19=LISTA_PESADA&amp;metaTipo20=STRING&amp;metaTipo21=STRING&amp;metaTipo22=STRING&amp;metaTipo23=STRING&amp;metaTipo24=STRING&amp;metaTipo25=LISTA_PESADA&amp;metaTipo26=LISTA&amp;metaTipo27=STRING&amp;metaTipo28=LISTA&amp;metaTipo29=STRING&amp;metaTipo30=STRING&amp;metaTipo31=INTEGER&amp;metaTipo32=STRING&amp;metaTipo33=STRING&amp;metaTipo34=STRING&amp;metaTipo35=LISTA&amp;metaTipo36=LISTA&amp;metaTipo37=LISTA&amp;metaTipo38=STRING&amp;metaTipo39=SEPARADOR&amp;metaTipo40=BOOLEAN&amp;metaTipo41=STRING&amp;metaTipo42=STRING&amp;metaTipo43=STRING&amp;metaTipo44=LISTA&amp;metaTipo45=BOOLEAN&amp;metaTipo46=BOOLEAN&amp;metaTipo47=BOOLEAN&amp;metaTipo48=STRING&amp;metaTipo49=TIMESTAMP&amp;metaTipo50=TIMESTAMP&amp;metaTipo51=TIMESTAMP&amp;metaTipo52=TIMESTAMP&amp;metaTipo53=TIMESTAMP&amp;metaTipo54=TIMESTAMP&amp;metaTipo55=TIMESTAMP&amp;metaTipo56=TIMESTAMP&amp;metaTipo57=TIMESTAMP&amp;metaTipo58=TIMESTAMP&amp;metaTipo59=TIMESTAMP&amp;metaTipo60=TIMESTAMP&amp;metaTipo61=TIMESTAMP&amp;metaTipo62=TIMESTAMP&amp;metaTipo63=TIMESTAMP&amp;metaTipo64=LISTA&amp;metaTipo65=LISTA&amp;metaTipo66=LISTA&amp;metaTipo67=DOUBLE&amp;metaTipo68=DOUBLE&amp;metaTipo69=DOUBLE&amp;metaTipo70=DOUBLE&amp;metaTipo71=DOUBLE&amp;metaTipo72=DOUBLE&amp;metaTipo73=DOUBLE&amp;metaTipo74=BOOLEAN&amp;metaTipo75=LISTA&amp;metaTipo76=STRING&amp;metaTipo77=STRING&amp;metaTipo78=STRING&amp;metaTipo79=STRING&amp;metaTipo80=STRING&amp;metaTipo81=STRING&amp;metaTipo82=STRING&amp;metaTipo83=BOOLEAN&amp;metaTipo84=BOOLEAN&amp;metaTipo85=STRING&amp;metaTipo86=LISTA&amp;metaTipo87=LISTA&amp;metaTipo88=LISTA_PESADA&amp;metaTipo89=LISTA&amp;metaTipo90=LISTA&amp;metaTipo91=STRING&amp;metaTipo92=LISTA&amp;metaTipo93=STRING&amp;metaTipo94=STRING&amp;metaTipo95=LISTA&amp;metaTipo96=LISTA&amp;metaTipo97=LISTA&amp;metaTipo98=BOOLEAN&amp;metaTipo99=LISTA&amp;metaTipo100=BOOLEAN&amp;metaTipo101=LISTA&amp;metaTipo102=LISTA&amp;metaTipo103=BOOLEAN&amp;metaTipo104=BOOLEAN&amp;metaTipo105=LISTA&amp;metaTipo106=LISTA&amp;metaTipo107=LISTA&amp;metaTipo108=LISTA&amp;metaTipo109=LISTA&amp;metaTipo110=STRING&amp;metaTipo111=LISTA&amp;valor=&amp;valorPesado=&amp;lista37=-1&amp;lista36=-1&amp;lista35=-1&amp;lista99=-1&amp;lista109=-1&amp;lista66=-1&amp;lista98=-1&amp;lista108=-1&amp;lista65=-1&amp;lista97=-1&amp;lista107=-1&amp;lista64=-1&amp;lista96=-1&amp;lista106=-1&amp;lista95=-1&amp;lista105=-1&amp;lista104=-1&amp;lista92=-1&amp;lista103=-1&amp;lista102=-1&amp;lista90=-1&amp;lista101=-1&amp;lista100=-1&amp;lista28=-1&amp;lista26=-1&amp;lista89=-1&amp;lista87=-1&amp;lista86=-1&amp;lista6=-1&amp;lista84=-1&amp;lista83=-1&amp;lista2=-1&amp;lista18=-1&amp;lista47=-1&amp;lista46=-1&amp;lista13=-1&amp;lista45=-1&amp;lista44=-1&amp;lista75=-1&amp;lista74=-1&amp;lista40=-1&amp;lista111=-1</queryString>
  <url>https://preproduccion.sge:443/gepa/BusquedaAction.do</url>
</httpSample>
<httpSample t="188" lt="0" ts="1298631992296" s="true" lb="/gepa/scripts/scriptaculous/scriptaculous.js" rc="200" by="5068">
  <responseHeader class="java.lang.String">HTTP/1.0 200 OK
Date: Fri, 25 Feb 2011 11:06:32 GMT
Server: Oracle-Application-Server-10g/10.1.2.2.0 Oracle-HTTP-Server
Content-Length: 5068
Set-Cookie: JSESSIONID=d82696b159d4a6ec4fcecfa6f3e826a50ab05a45a8441044ed1376fbbfe79da9.e3eSbhiLaNyPe3yNbNyQc3qSai1BqBjKpPXxqAa; path=/login
Content-Type: text/html; charset=ISO-8859-1
</responseHeader>
  <requestHeader class="java.lang.String">Accept-Language: es-ES
Accept: */*
User-Agent: Mozilla/4.0 (compatible; MSIE 7.0; Windows NT 6.1; Trident/4.0; SLCC2; .NET CLR 2.0.50727; .NET CLR 3.5.30729; .NET CLR 3.0.30729; Media Center PC 6.0; MDDS; .NET4.0C)
Accept-Encoding: gzip, deflate
Referer: http://picasso:8888/gepa/BusquedaAction.do
</requestHeader>
  <cookies class="java.lang.String"></cookies>
  <method class="java.lang.String">GET</method>
  <queryString class="java.lang.String"></queryString>
  <redirectLocation class="java.lang.String">https://login-pre.sge/pls/orasso/orasso.wwsso_app_admin.ls_login?Site2pstoreToken=v1.4~CEF0A91F~82D8F7BF5910D3A6AE601CF08C2875C1F61904B2D41E60297C2FC58FA8A095478E6B85A73C567F7244D45394C67BA5C6C9434659B022858431041EDD184CCE81E3D861351FCF34F8721BE6E29F79E1F2186B47985BF86D42B3413A74E4E5694FDFE91AB778D77AFBAD07A63CF6864FC7B0C1E655578EC65289B32FB159844E39F5FB1F1FA446AEB4501C45ECA52246E2DE3DEF3A35AC865F548379E97403367C0981EB23F617025B68AE3F680FCBDAEF82C1B95294EDBB9E6D1A0DFDB2E1246B5931FF251002DF572C5AB0B1BA4E2F00A4F24A7673695461841E0A578EB9B41BCECAA205C10F8B14D09E31B88295E8E2E368590233D777EB0F2BBF6C68D692874C16F0C01D03C8058544632EC09B51AF</redirectLocation>
  <url>https://preproduccion.sge/login/login.jsp?site2pstoretoken=v1.4~CEF0A91F~82D8F7BF5910D3A6AE601CF08C2875C1F61904B2D41E60297C2FC58FA8A095478E6B85A73C567F7244D45394C67BA5C6C9434659B022858431041EDD184CCE81E3D861351FCF34F8721BE6E29F79E1F2186B47985BF86D42B3413A74E4E5694FDFE91AB778D77AFBAD07A63CF6864FC7B0C1E655578EC65289B32FB159844E39F5FB1F1FA446AEB4501C45ECA52246E2DE3DEF3A35AC865F548379E97403367C0981EB23F617025B68AE3F680FCBDAEF82C1B95294EDBB9E6D1A0DFDB2E1246B5931FF251002DF572C5AB0B1BA4E2F00A4F24A7673695461841E0A578EB9B41BCECAA205C10F8B14D09E31B88295E8E2E368590233D777EB0F2BBF6C68D692874C16F0C01D03C8058544632EC09B51AF&amp;p_error_code=&amp;p_submit_url=https%3A%2F%2Flogin-pre.sge%2Fsso%2Fauth&amp;p_cancel_url=https%3A%2F%2Fpreproduccion.sge&amp;ssousername=&amp;subscribername=</url>
</httpSample>
<httpSample t="187" lt="0" ts="1298631992484" s="true" lb="/gepa/ResultadoBusquedaAction.do" rc="200" by="4972">
  <responseHeader class="java.lang.String">HTTP/1.0 200 OK
Date: Fri, 25 Feb 2011 11:06:32 GMT
Server: Oracle-Application-Server-10g/10.1.2.2.0 Oracle-HTTP-Server
Content-Length: 4972
Set-Cookie: JSESSIONID=5ab39c48fe7f561539b50ffeb5b3cab28b6db3612565a499170d2090a699408e.e38Ob3aOaheRe34Mb3qSax0Pahz0nR9Pq6XteP93; path=/login
Content-Type: text/html; charset=ISO-8859-1
</responseHeader>
  <requestHeader class="java.lang.String">Accept-Language: es-ES
Accept: image/jpeg, application/x-ms-application, image/gif, application/xaml+xml, image/pjpeg, application/x-ms-xbap, application/vnd.ms-powerpoint, application/vnd.ms-excel, application/msword, */*
User-Agent: Mozilla/4.0 (compatible; MSIE 7.0; Windows NT 6.1; Trident/4.0; SLCC2; .NET CLR 2.0.50727; .NET CLR 3.5.30729; .NET CLR 3.0.30729; Media Center PC 6.0; MDDS; .NET4.0C)
Accept-Encoding: gzip, deflate
Referer: http://picasso:8888/gepa/BusquedaAction.do
</requestHeader>
  <cookies class="java.lang.String"></cookies>
  <method class="java.lang.String">GET</method>
  <queryString class="java.lang.String"></queryString>
  <redirectLocation class="java.lang.String">https://login-pre.sge/pls/orasso/orasso.wwsso_app_admin.ls_login?Site2pstoreToken=v1.4~CEF0A91F~82D8F7BF5910D3A6AE601CF08C2875C1F61904B2D41E60297C2FC58FA8A095478E6B85A73C567F7244D45394C67BA5C6C9434659B022858431041EDD184CCE81E3D861351FCF34F8721BE6E29F79E1F2186B47985BF86D422841B8E7FE9D7C7B983B8ACFF139C8BC539E8F9C057D652D6B1859AB484090BC4D79B99B78C1192E26499B6A3BAC06309B185C5E172E71268040366B2648BADC088882E662D32FF84C29FBC2DA662F2968B2A943D96264557700E183F1F82B44A4C31F5EC132BB26D18FF11C55FF5B34466A50E51D69210A72B7F8F797B6413DC88099E9F6AFB30F33A534C5430A3984F4F70A1393230B81E49427B51968EF85</redirectLocation>
  <url>https://preproduccion.sge/login/login.jsp?site2pstoretoken=v1.4~CEF0A91F~82D8F7BF5910D3A6AE601CF08C2875C1F61904B2D41E60297C2FC58FA8A095478E6B85A73C567F7244D45394C67BA5C6C9434659B022858431041EDD184CCE81E3D861351FCF34F8721BE6E29F79E1F2186B47985BF86D422841B8E7FE9D7C7B983B8ACFF139C8BC539E8F9C057D652D6B1859AB484090BC4D79B99B78C1192E26499B6A3BAC06309B185C5E172E71268040366B2648BADC088882E662D32FF84C29FBC2DA662F2968B2A943D96264557700E183F1F82B44A4C31F5EC132BB26D18FF11C55FF5B34466A50E51D69210A72B7F8F797B6413DC88099E9F6AFB30F33A534C5430A3984F4F70A1393230B81E49427B51968EF85&amp;p_error_code=&amp;p_submit_url=https%3A%2F%2Flogin-pre.sge%2Fsso%2Fauth&amp;p_cancel_url=https%3A%2F%2Fpreproduccion.sge&amp;ssousername=&amp;subscribername=</url>
</httpSample>
<httpSample t="188" lt="0" ts="1298631992671" s="true" lb="/gepa/scripts/scriptaculous/scriptaculous.js" rc="200" by="5068">
  <responseHeader class="java.lang.String">HTTP/1.0 200 OK
Date: Fri, 25 Feb 2011 11:06:32 GMT
Server: Oracle-Application-Server-10g/10.1.2.2.0 Oracle-HTTP-Server
Content-Length: 5068
Set-Cookie: JSESSIONID=0df6724536fb13580d6516e3251cc3ab4050de91388814914a362fe2ac426608.e3eSbhiLaNyPe3yNbNyQc3qSai1BqBjKpPXxqAa; path=/login
Content-Type: text/html; charset=ISO-8859-1
</responseHeader>
  <requestHeader class="java.lang.String">Accept-Language: es-ES
Accept: */*
User-Agent: Mozilla/4.0 (compatible; MSIE 7.0; Windows NT 6.1; Trident/4.0; SLCC2; .NET CLR 2.0.50727; .NET CLR 3.5.30729; .NET CLR 3.0.30729; Media Center PC 6.0; MDDS; .NET4.0C)
Accept-Encoding: gzip, deflate
Referer: http://picasso:8888/gepa/ResultadoBusquedaAction.do?accion=gestionExp&amp;indice=0
</requestHeader>
  <cookies class="java.lang.String"></cookies>
  <method class="java.lang.String">GET</method>
  <queryString class="java.lang.String"></queryString>
  <redirectLocation class="java.lang.String">https://login-pre.sge/pls/orasso/orasso.wwsso_app_admin.ls_login?Site2pstoreToken=v1.4~CEF0A91F~82D8F7BF5910D3A6AE601CF08C2875C1F61904B2D41E60297C2FC58FA8A095478E6B85A73C567F7244D45394C67BA5C6C9434659B022858431041EDD184CCE81E3D861351FCF34F8721BE6E29F79E1F2186B47985BF86D42B3413A74E4E5694FDFE91AB778D77AFBAD07A63CF6864FC7B0C1E655578EC65289B32FB159844E39F5FB1F1FA446AEB4501C45ECA52246E2DE3DEF3A35AC865F548379E97403367C0981EB23F617025B68AE3F680FCBDAEF82C1B95294EDBB9E6D1A0DFDB2E1246B5931FF251002DF572C5AB0B1BA4E2F00A4F24A7673695461841E0A578EB9B41BCECAA205C10F8B14D09E31B88295E8E2E368590233D777EB0F2BBF6C68D692874C16F0C01D03C8058544632EC09B51AF</redirectLocation>
  <url>https://preproduccion.sge/login/login.jsp?site2pstoretoken=v1.4~CEF0A91F~82D8F7BF5910D3A6AE601CF08C2875C1F61904B2D41E60297C2FC58FA8A095478E6B85A73C567F7244D45394C67BA5C6C9434659B022858431041EDD184CCE81E3D861351FCF34F8721BE6E29F79E1F2186B47985BF86D42B3413A74E4E5694FDFE91AB778D77AFBAD07A63CF6864FC7B0C1E655578EC65289B32FB159844E39F5FB1F1FA446AEB4501C45ECA52246E2DE3DEF3A35AC865F548379E97403367C0981EB23F617025B68AE3F680FCBDAEF82C1B95294EDBB9E6D1A0DFDB2E1246B5931FF251002DF572C5AB0B1BA4E2F00A4F24A7673695461841E0A578EB9B41BCECAA205C10F8B14D09E31B88295E8E2E368590233D777EB0F2BBF6C68D692874C16F0C01D03C8058544632EC09B51AF&amp;p_error_code=&amp;p_submit_url=https%3A%2F%2Flogin-pre.sge%2Fsso%2Fauth&amp;p_cancel_url=https%3A%2F%2Fpreproduccion.sge&amp;ssousername=&amp;subscribername=</url>
</httpSample>
<httpSample t="203" lt="0" ts="1298631992859" s="true" lb="/gepa/ConexionAction.do" rc="200" by="5388">
  <responseHeader class="java.lang.String">HTTP/1.0 200 OK
Date: Fri, 25 Feb 2011 11:06:32 GMT
Server: Oracle-Application-Server-10g/10.1.2.2.0 Oracle-HTTP-Server
Content-Length: 5388
Set-Cookie: JSESSIONID=528e1402990272fcb42ff0e6fd35e2702911a613f87d44195db513ac0b6b3991.e38Ob3aOaheRe34Mb3qSax0Pahz0nR9Pq6XteP93; path=/login
Content-Type: text/html; charset=ISO-8859-1
</responseHeader>
  <requestHeader class="java.lang.String">Accept-Language: es
Accept: */*
User-Agent: Mozilla/4.0 (compatible; MSIE 7.0; Windows NT 6.1; Trident/4.0; SLCC2; .NET CLR 2.0.50727; .NET CLR 3.5.30729; .NET CLR 3.0.30729; Media Center PC 6.0; MDDS; .NET4.0C)
Accept-Encoding: gzip, deflate
</requestHeader>
  <cookies class="java.lang.String"></cookies>
  <method class="java.lang.String">GET</method>
  <queryString class="java.lang.String"></queryString>
  <redirectLocation class="java.lang.String">https://login-pre.sge/pls/orasso/orasso.wwsso_app_admin.ls_login?Site2pstoreToken=v1.4~CEF0A91F~82D8F7BF5910D3A6AE601CF08C2875C1F61904B2D41E60297C2FC58FA8A095478E6B85A73C567F7244D45394C67BA5C6C9434659B022858431041EDD184CCE81E3D861351FCF34F8721BE6E29F79E1F2186B47985BF86D42A135AB8D8C1A59BC5649CFFDACFBB8D51A78AA74399F4629BD7EAEDEC335BE50DB9AB053D3EDA2BDE01E4611D729A24C5FC25E037C87CD41B67811739504A133E65ACF68604FCA06B2F79014AC50E07E15F1D2823787E0A59F4311A6A73C198ECD5A5941924B4F5A8EEBC9BFD145029409631CD5AA99213F30B204F5AFF2574A8099FCD94DE0AABB304F8E14E9569E40179A5B3EA77DC2B981AF589E0A678F05D78C084824F677184A1B551A39F535BA64DF98F3CB9BE3C1071EF8F0C0B147D1E3BE2794F1DE50A9CDF8CC122B9EF95B090A4285B9A5C39D8BBA3C56B7E30B5B4A0A3DA3D9F5FBCDBCF3224635B88B4A856865846A5F6F4078A0FD27CB8D999D8BFDE493304A0C19</redirectLocation>
  <url>https://preproduccion.sge/login/login.jsp?site2pstoretoken=v1.4~CEF0A91F~82D8F7BF5910D3A6AE601CF08C2875C1F61904B2D41E60297C2FC58FA8A095478E6B85A73C567F7244D45394C67BA5C6C9434659B022858431041EDD184CCE81E3D861351FCF34F8721BE6E29F79E1F2186B47985BF86D42A135AB8D8C1A59BC5649CFFDACFBB8D51A78AA74399F4629BD7EAEDEC335BE50DB9AB053D3EDA2BDE01E4611D729A24C5FC25E037C87CD41B67811739504A133E65ACF68604FCA06B2F79014AC50E07E15F1D2823787E0A59F4311A6A73C198ECD5A5941924B4F5A8EEBC9BFD145029409631CD5AA99213F30B204F5AFF2574A8099FCD94DE0AABB304F8E14E9569E40179A5B3EA77DC2B981AF589E0A678F05D78C084824F677184A1B551A39F535BA64DF98F3CB9BE3C1071EF8F0C0B147D1E3BE2794F1DE50A9CDF8CC122B9EF95B090A4285B9A5C39D8BBA3C56B7E30B5B4A0A3DA3D9F5FBCDBCF3224635B88B4A856865846A5F6F4078A0FD27CB8D999D8BFDE493304A0C19&amp;p_error_code=&amp;p_submit_url=https%3A%2F%2Flogin-pre.sge%2Fsso%2Fauth&amp;p_cancel_url=https%3A%2F%2Fpreproduccion.sge&amp;ssousername=&amp;subscribername=</url>
</httpSample>
<httpSample t="187" lt="0" ts="1298631993062" s="true" lb="/gepa/scripts/scriptaculous/scriptaculous.js" rc="200" by="5068">
  <responseHeader class="java.lang.String">HTTP/1.0 200 OK
Date: Fri, 25 Feb 2011 11:06:33 GMT
Server: Oracle-Application-Server-10g/10.1.2.2.0 Oracle-HTTP-Server
Content-Length: 5068
Set-Cookie: JSESSIONID=a11c35892ba76a081ff6e96d1cde501a2f5f721f818e15691bed14867245bc4c.e3eSbhiLaNyPe3yNbNyQc3qSai1BqBjKpPXxqAa; path=/login
Content-Type: text/html; charset=ISO-8859-1
</responseHeader>
  <requestHeader class="java.lang.String">Accept-Language: es-ES
Accept: */*
User-Agent: Mozilla/4.0 (compatible; MSIE 7.0; Windows NT 6.1; Trident/4.0; SLCC2; .NET CLR 2.0.50727; .NET CLR 3.5.30729; .NET CLR 3.0.30729; Media Center PC 6.0; MDDS; .NET4.0C)
Accept-Encoding: gzip, deflate
Referer: http://picasso:8888/gepa/ConexionAction.do?POSTDATA=variosPerfiles=true&amp;accion=iniciar&amp;codigoEntidad=DYS&amp;codigo=jcnegredo&amp;contrasenya=dysmatica&amp;rolSeleccionado=25
</requestHeader>
  <cookies class="java.lang.String"></cookies>
  <method class="java.lang.String">GET</method>
  <queryString class="java.lang.String"></queryString>
  <redirectLocation class="java.lang.String">https://login-pre.sge/pls/orasso/orasso.wwsso_app_admin.ls_login?Site2pstoreToken=v1.4~CEF0A91F~55D6D4CBC6905E0F6FE996D136BA7AB96DBD870BF10C779979CD2EC936A8F434F3FB76E70534E3A6031DB3BA6E20B5048095F466BCD77A8C888285E61C856411414250E31A94466A53949403F9CB5CBCAE74FEB5D69844666DD86BB2A1C778D48B403360C7C7E3F8936B16CE5BEEAF7B61531C4119A887558C624AC332E631B280861FB48FE1DF63F121D10183AB658EA7CC7052F971C43BA8B2909A27D38E66D27E7A0D8FE2D5B111AF188442580DD94975A8E505CC1A262C490F8A6C99C9A1F15C39676424F769B53B84B8A6BC159E60B79D72A0DFB97AEAF090755DB58097F048DD9E202A869CE821483DE9583C48C268BA562B162837987C5A08C20983F1A2FF3A94B901093EE667096F235210A3</redirectLocation>
  <url>https://preproduccion.sge/login/login.jsp?site2pstoretoken=v1.4~CEF0A91F~55D6D4CBC6905E0F6FE996D136BA7AB96DBD870BF10C779979CD2EC936A8F434F3FB76E70534E3A6031DB3BA6E20B5048095F466BCD77A8C888285E61C856411414250E31A94466A53949403F9CB5CBCAE74FEB5D69844666DD86BB2A1C778D48B403360C7C7E3F8936B16CE5BEEAF7B61531C4119A887558C624AC332E631B280861FB48FE1DF63F121D10183AB658EA7CC7052F971C43BA8B2909A27D38E66D27E7A0D8FE2D5B111AF188442580DD94975A8E505CC1A262C490F8A6C99C9A1F15C39676424F769B53B84B8A6BC159E60B79D72A0DFB97AEAF090755DB58097F048DD9E202A869CE821483DE9583C48C268BA562B162837987C5A08C20983F1A2FF3A94B901093EE667096F235210A3&amp;p_error_code=&amp;p_submit_url=https%3A%2F%2Flogin-pre.sge%2Fsso%2Fauth&amp;p_cancel_url=https%3A%2F%2Fpreproduccion.sge&amp;ssousername=&amp;subscribername=</url>
</httpSample>
<httpSample t="16" lt="16" ts="1298631993249" s="false" lb="/gepa/ConexionAction.do;jsessionid=eb634fe5b58b0bcb96508261e275709f9c8e236e3e15aeb347f0741aac2dda55" rc="500" by="778">
  <responseHeader class="java.lang.String">HTTP/1.0 500 Internal Server Error
Date: Fri, 25 Feb 2011 11:06:33 GMT
Server: Oracle-Application-Server-10g/10.1.2.2.0 Oracle-HTTP-Server
Content-Type: text/html; charset=iso-8859-1
</responseHeader>
  <requestHeader class="java.lang.String">Content-Type: application/x-www-form-urlencoded
Accept-Language: es-ES
Accept: image/jpeg, application/x-ms-application, image/gif, application/xaml+xml, image/pjpeg, application/x-ms-xbap, application/vnd.ms-powerpoint, application/vnd.ms-excel, application/msword, */*
User-Agent: Mozilla/4.0 (compatible; MSIE 7.0; Windows NT 6.1; Trident/4.0; SLCC2; .NET CLR 2.0.50727; .NET CLR 3.5.30729; .NET CLR 3.0.30729; Media Center PC 6.0; MDDS; .NET4.0C)
Accept-Encoding: gzip, deflate
Referer: http://picasso:8888/gepa/ConexionAction.do?POSTDATA=variosPerfiles=true&amp;accion=iniciar&amp;codigoEntidad=DYS&amp;codigo=jcnegredo&amp;contrasenya=dysmatica&amp;rolSeleccionado=25
Pragma: no-cache
</requestHeader>
  <cookies class="java.lang.String"></cookies>
  <method class="java.lang.String">POST</method>
  <queryString class="java.lang.String">variosPerfiles=true&amp;accion=seleccionarPerfil&amp;codigoEntidad=DYS&amp;rolSeleccionado=25</queryString>
  <url>https://preproduccion.sge:443/gepa/ConexionAction.do;jsessionid=eb634fe5b58b0bcb96508261e275709f9c8e236e3e15aeb347f0741aac2dda55</url>
</httpSample>
<httpSample t="203" lt="0" ts="1298631993265" s="true" lb="/gepa/scripts/scriptaculous/scriptaculous.js" rc="200" by="5068">
  <responseHeader class="java.lang.String">HTTP/1.0 200 OK
Date: Fri, 25 Feb 2011 11:06:33 GMT
Server: Oracle-Application-Server-10g/10.1.2.2.0 Oracle-HTTP-Server
Content-Length: 5068
Set-Cookie: JSESSIONID=9c36d688399d0484142e26c74cc543a1cf05934b67fbb09ad88328ea3ca40d90.e3eSbhiLaNyPe3yNbNyQc3qSai1BqBjKpPXxqAa; path=/login
Content-Type: text/html; charset=ISO-8859-1
</responseHeader>
  <requestHeader class="java.lang.String">Accept-Language: es-ES
Accept: */*
User-Agent: Mozilla/4.0 (compatible; MSIE 7.0; Windows NT 6.1; Trident/4.0; SLCC2; .NET CLR 2.0.50727; .NET CLR 3.5.30729; .NET CLR 3.0.30729; Media Center PC 6.0; MDDS; .NET4.0C)
Accept-Encoding: gzip, deflate
Referer: http://picasso:8888/gepa/ConexionAction.do;jsessionid=eb634fe5b58b0bcb96508261e275709f9c8e236e3e15aeb347f0741aac2dda55
</requestHeader>
  <cookies class="java.lang.String"></cookies>
  <method class="java.lang.String">GET</method>
  <queryString class="java.lang.String"></queryString>
  <redirectLocation class="java.lang.String">https://login-pre.sge/pls/orasso/orasso.wwsso_app_admin.ls_login?Site2pstoreToken=v1.4~CEF0A91F~55D6D4CBC6905E0F6FE996D136BA7AB96DBD870BF10C779979CD2EC936A8F434F3FB76E70534E3A6031DB3BA6E20B5048095F466BCD77A8C888285E61C856411414250E31A94466A53949403F9CB5CBCAE74FEB5D69844666DD86BB2A1C778D48B403360C7C7E3F8936B16CE5BEEAF7B61531C4119A887558C624AC332E631B280861FB48FE1DF63F121D10183AB658EA7CC7052F971C43BA8B2909A27D38E66D27E7A0D8FE2D5B111AF188442580DD94975A8E505CC1A262C490F8A6C99C9A1F15C39676424F769B53B84B8A6BC159E60B79D72A0DFB97AEAF090755DB58097F048DD9E202A869CE821483DE9583C48C268BA562B162837987C5A08C20983F1A2FF3A94B901093EE667096F235210A3</redirectLocation>
  <url>https://preproduccion.sge/login/login.jsp?site2pstoretoken=v1.4~CEF0A91F~55D6D4CBC6905E0F6FE996D136BA7AB96DBD870BF10C779979CD2EC936A8F434F3FB76E70534E3A6031DB3BA6E20B5048095F466BCD77A8C888285E61C856411414250E31A94466A53949403F9CB5CBCAE74FEB5D69844666DD86BB2A1C778D48B403360C7C7E3F8936B16CE5BEEAF7B61531C4119A887558C624AC332E631B280861FB48FE1DF63F121D10183AB658EA7CC7052F971C43BA8B2909A27D38E66D27E7A0D8FE2D5B111AF188442580DD94975A8E505CC1A262C490F8A6C99C9A1F15C39676424F769B53B84B8A6BC159E60B79D72A0DFB97AEAF090755DB58097F048DD9E202A869CE821483DE9583C48C268BA562B162837987C5A08C20983F1A2FF3A94B901093EE667096F235210A3&amp;p_error_code=&amp;p_submit_url=https%3A%2F%2Flogin-pre.sge%2Fsso%2Fauth&amp;p_cancel_url=https%3A%2F%2Fpreproduccion.sge&amp;ssousername=&amp;subscribername=</url>
</httpSample>
<httpSample t="0" lt="0" ts="1298631993468" s="false" lb="/gepa/BusquedaAction.do" rc="500" by="778">
  <responseHeader class="java.lang.String">HTTP/1.0 500 Internal Server Error
Date: Fri, 25 Feb 2011 11:06:33 GMT
Server: Oracle-Application-Server-10g/10.1.2.2.0 Oracle-HTTP-Server
Content-Type: text/html; charset=iso-8859-1
</responseHeader>
  <requestHeader class="java.lang.String">Content-Type: application/x-www-form-urlencoded
Accept-Language: es-ES
Accept: image/jpeg, application/x-ms-application, image/gif, application/xaml+xml, image/pjpeg, application/x-ms-xbap, application/vnd.ms-powerpoint, application/vnd.ms-excel, application/msword, */*
User-Agent: Mozilla/4.0 (compatible; MSIE 7.0; Windows NT 6.1; Trident/4.0; SLCC2; .NET CLR 2.0.50727; .NET CLR 3.5.30729; .NET CLR 3.0.30729; Media Center PC 6.0; MDDS; .NET4.0C)
Accept-Encoding: gzip, deflate
Referer: http://picasso:8888/gepa/ConexionAction.do;jsessionid=eb634fe5b58b0bcb96508261e275709f9c8e236e3e15aeb347f0741aac2dda55
Pragma: no-cache
</requestHeader>
  <cookies class="java.lang.String"></cookies>
  <method class="java.lang.String">POST</method>
  <queryString class="java.lang.String">accion=buscar&amp;modo=rapida&amp;avanzadaDesplegada=false&amp;descElemPesado=&amp;identificacionRapida=&amp;nombreRapida=&amp;apellido1Rapida=&amp;apellido2Rapida=&amp;anyoRapida=&amp;numeroRapida=&amp;desdeRapida=&amp;hastaRapida=&amp;tramiteRapida=-1&amp;estadoRapida=-1&amp;idBusqueda=-1&amp;idClases=26&amp;metaTipo0=STRING&amp;metaTipo1=STRING&amp;metaTipo2=LISTA&amp;metaTipo3=STRING&amp;metaTipo4=LISTA_PESADA&amp;metaTipo5=STRING&amp;metaTipo6=LISTA&amp;metaTipo7=STRING&amp;metaTipo8=STRING&amp;metaTipo9=STRING&amp;metaTipo10=STRING&amp;metaTipo11=STRING&amp;metaTipo12=STRING&amp;metaTipo13=LISTA&amp;metaTipo14=STRING&amp;metaTipo15=TIMESTAMP&amp;metaTipo16=TIMESTAMP&amp;metaTipo17=TIMESTAMP&amp;metaTipo18=LISTA&amp;metaTipo19=LISTA_PESADA&amp;metaTipo20=STRING&amp;metaTipo21=STRING&amp;metaTipo22=STRING&amp;metaTipo23=STRING&amp;metaTipo24=STRING&amp;metaTipo25=LISTA_PESADA&amp;metaTipo26=LISTA&amp;metaTipo27=STRING&amp;metaTipo28=LISTA&amp;metaTipo29=STRING&amp;metaTipo30=STRING&amp;metaTipo31=INTEGER&amp;metaTipo32=STRING&amp;metaTipo33=STRING&amp;metaTipo34=STRING&amp;metaTipo35=LISTA&amp;metaTipo36=LISTA&amp;metaTipo37=LISTA&amp;metaTipo38=STRING&amp;metaTipo39=SEPARADOR&amp;metaTipo40=BOOLEAN&amp;metaTipo41=STRING&amp;metaTipo42=STRING&amp;metaTipo43=STRING&amp;metaTipo44=LISTA&amp;metaTipo45=BOOLEAN&amp;metaTipo46=BOOLEAN&amp;metaTipo47=BOOLEAN&amp;metaTipo48=STRING&amp;metaTipo49=TIMESTAMP&amp;metaTipo50=TIMESTAMP&amp;metaTipo51=TIMESTAMP&amp;metaTipo52=TIMESTAMP&amp;metaTipo53=TIMESTAMP&amp;metaTipo54=TIMESTAMP&amp;metaTipo55=TIMESTAMP&amp;metaTipo56=TIMESTAMP&amp;metaTipo57=TIMESTAMP&amp;metaTipo58=TIMESTAMP&amp;metaTipo59=TIMESTAMP&amp;metaTipo60=TIMESTAMP&amp;metaTipo61=TIMESTAMP&amp;metaTipo62=TIMESTAMP&amp;metaTipo63=TIMESTAMP&amp;metaTipo64=LISTA&amp;metaTipo65=LISTA&amp;metaTipo66=LISTA&amp;metaTipo67=DOUBLE&amp;metaTipo68=DOUBLE&amp;metaTipo69=DOUBLE&amp;metaTipo70=DOUBLE&amp;metaTipo71=DOUBLE&amp;metaTipo72=DOUBLE&amp;metaTipo73=DOUBLE&amp;metaTipo74=BOOLEAN&amp;metaTipo75=LISTA&amp;metaTipo76=STRING&amp;metaTipo77=STRING&amp;metaTipo78=STRING&amp;metaTipo79=STRING&amp;metaTipo80=STRING&amp;metaTipo81=STRING&amp;metaTipo82=STRING&amp;metaTipo83=BOOLEAN&amp;metaTipo84=BOOLEAN&amp;metaTipo85=STRING&amp;metaTipo86=LISTA&amp;metaTipo87=LISTA&amp;metaTipo88=LISTA_PESADA&amp;metaTipo89=LISTA&amp;metaTipo90=LISTA&amp;metaTipo91=STRING&amp;metaTipo92=LISTA&amp;metaTipo93=STRING&amp;metaTipo94=STRING&amp;metaTipo95=LISTA&amp;metaTipo96=LISTA&amp;metaTipo97=LISTA&amp;metaTipo98=BOOLEAN&amp;metaTipo99=LISTA&amp;metaTipo100=BOOLEAN&amp;metaTipo101=LISTA&amp;metaTipo102=LISTA&amp;metaTipo103=BOOLEAN&amp;metaTipo104=BOOLEAN&amp;metaTipo105=LISTA&amp;metaTipo106=LISTA&amp;metaTipo107=LISTA&amp;metaTipo108=LISTA&amp;metaTipo109=LISTA&amp;metaTipo110=STRING&amp;metaTipo111=LISTA&amp;valor=&amp;valorPesado=&amp;lista37=-1&amp;lista36=-1&amp;lista35=-1&amp;lista99=-1&amp;lista109=-1&amp;lista66=-1&amp;lista98=-1&amp;lista108=-1&amp;lista65=-1&amp;lista97=-1&amp;lista107=-1&amp;lista64=-1&amp;lista96=-1&amp;lista106=-1&amp;lista95=-1&amp;lista105=-1&amp;lista104=-1&amp;lista92=-1&amp;lista103=-1&amp;lista102=-1&amp;lista90=-1&amp;lista101=-1&amp;lista100=-1&amp;lista28=-1&amp;lista26=-1&amp;lista89=-1&amp;lista87=-1&amp;lista86=-1&amp;lista6=-1&amp;lista84=-1&amp;lista83=-1&amp;lista2=-1&amp;lista18=-1&amp;lista47=-1&amp;lista46=-1&amp;lista13=-1&amp;lista45=-1&amp;lista44=-1&amp;lista75=-1&amp;lista74=-1&amp;lista40=-1&amp;lista111=-1</queryString>
  <url>https://preproduccion.sge:443/gepa/BusquedaAction.do</url>
</httpSample>
<httpSample t="219" lt="0" ts="1298631993468" s="true" lb="/gepa/scripts/scriptaculous/scriptaculous.js" rc="200" by="5068">
  <responseHeader class="java.lang.String">HTTP/1.0 200 OK
Date: Fri, 25 Feb 2011 11:06:33 GMT
Server: Oracle-Application-Server-10g/10.1.2.2.0 Oracle-HTTP-Server
Content-Length: 5068
Set-Cookie: JSESSIONID=e8333a40f540239f647e1c92525f9c1b23ccc969ed2a7ceebd010683668f7d46.e38Ob3aOaheRe34Mb3qSax0Pahz0nR9Pq6XteP93; path=/login
Content-Type: text/html; charset=ISO-8859-1
</responseHeader>
  <requestHeader class="java.lang.String">Accept-Language: es-ES
Accept: */*
User-Agent: Mozilla/4.0 (compatible; MSIE 7.0; Windows NT 6.1; Trident/4.0; SLCC2; .NET CLR 2.0.50727; .NET CLR 3.5.30729; .NET CLR 3.0.30729; Media Center PC 6.0; MDDS; .NET4.0C)
Accept-Encoding: gzip, deflate
Referer: http://picasso:8888/gepa/BusquedaAction.do
</requestHeader>
  <cookies class="java.lang.String"></cookies>
  <method class="java.lang.String">GET</method>
  <queryString class="java.lang.String"></queryString>
  <redirectLocation class="java.lang.String">https://login-pre.sge/pls/orasso/orasso.wwsso_app_admin.ls_login?Site2pstoreToken=v1.4~CEF0A91F~55D6D4CBC6905E0F6FE996D136BA7AB96DBD870BF10C779979CD2EC936A8F434F3FB76E70534E3A6031DB3BA6E20B5048095F466BCD77A8C888285E61C856411414250E31A94466A53949403F9CB5CBCAE74FEB5D69844666DD86BB2A1C778D48B403360C7C7E3F8936B16CE5BEEAF7B61531C4119A887558C624AC332E631B280861FB48FE1DF63F121D10183AB658EA7CC7052F971C43BA8B2909A27D38E66D27E7A0D8FE2D5B111AF188442580DD94975A8E505CC1A262C490F8A6C99C9A1F15C39676424F769B53B84B8A6BC159E60B79D72A0DFB97AEAF090755DB58097F048DD9E202A869CE821483DE9583C48C268BA562B162837987C5A08C20983F1A2FF3A94B901093EE667096F235210A3</redirectLocation>
  <url>https://preproduccion.sge/login/login.jsp?site2pstoretoken=v1.4~CEF0A91F~55D6D4CBC6905E0F6FE996D136BA7AB96DBD870BF10C779979CD2EC936A8F434F3FB76E70534E3A6031DB3BA6E20B5048095F466BCD77A8C888285E61C856411414250E31A94466A53949403F9CB5CBCAE74FEB5D69844666DD86BB2A1C778D48B403360C7C7E3F8936B16CE5BEEAF7B61531C4119A887558C624AC332E631B280861FB48FE1DF63F121D10183AB658EA7CC7052F971C43BA8B2909A27D38E66D27E7A0D8FE2D5B111AF188442580DD94975A8E505CC1A262C490F8A6C99C9A1F15C39676424F769B53B84B8A6BC159E60B79D72A0DFB97AEAF090755DB58097F048DD9E202A869CE821483DE9583C48C268BA562B162837987C5A08C20983F1A2FF3A94B901093EE667096F235210A3&amp;p_error_code=&amp;p_submit_url=https%3A%2F%2Flogin-pre.sge%2Fsso%2Fauth&amp;p_cancel_url=https%3A%2F%2Fpreproduccion.sge&amp;ssousername=&amp;subscribername=</url>
</httpSample>
<httpSample t="187" lt="0" ts="1298631993687" s="true" lb="/gepa/ResultadoBusquedaAction.do" rc="200" by="5004">
  <responseHeader class="java.lang.String">HTTP/1.0 200 OK
Date: Fri, 25 Feb 2011 11:06:33 GMT
Server: Oracle-Application-Server-10g/10.1.2.2.0 Oracle-HTTP-Server
Content-Length: 5004
Set-Cookie: JSESSIONID=880331a493691eaaf93cc4580aa5d6f849349572c2b2a9a654fd366116a13afa.e3eSbhiLaNyPe3yNbNyQc3qSai1BqBjKpPXxqAa; path=/login
Content-Type: text/html; charset=ISO-8859-1
</responseHeader>
  <requestHeader class="java.lang.String">Accept-Language: es-ES
Accept: image/jpeg, application/x-ms-application, image/gif, application/xaml+xml, image/pjpeg, application/x-ms-xbap, application/vnd.ms-powerpoint, application/vnd.ms-excel, application/msword, */*
User-Agent: Mozilla/4.0 (compatible; MSIE 7.0; Windows NT 6.1; Trident/4.0; SLCC2; .NET CLR 2.0.50727; .NET CLR 3.5.30729; .NET CLR 3.0.30729; Media Center PC 6.0; MDDS; .NET4.0C)
Accept-Encoding: gzip, deflate
Referer: http://picasso:8888/gepa/BusquedaAction.do
</requestHeader>
  <cookies class="java.lang.String"></cookies>
  <method class="java.lang.String">GET</method>
  <queryString class="java.lang.String"></queryString>
  <redirectLocation class="java.lang.String">https://login-pre.sge/pls/orasso/orasso.wwsso_app_admin.ls_login?Site2pstoreToken=v1.4~CEF0A91F~55D6D4CBC6905E0F6FE996D136BA7AB96DBD870BF10C779979CD2EC936A8F434F3FB76E70534E3A6031DB3BA6E20B5048095F466BCD77A8C888285E61C856411414250E31A94466A53949403F9CB5CBCAE74FEB5D69844666DD86BB2A1C778D4FDC0590ACA56785911155E5DD996A6F8A188CDD7AF730EE2630BEB9162FC2696D87F6BFE50FB523852B3083866DA9504986CB0DB81C34050EAB039158D1B82FB93A29AD954948E4990A7DEF7C3F2DF6CD1C3D2A2370B290D626D2438EB3D3675CC8AEAB88965A74A97FCD35CD8BA83184D3705755CEDBB866DFDDB1B447F84EE20AEA51ED6593A4F3840FEA2292DB79AAB8870036558E153679C3BE8BF2C2EA4</redirectLocation>
  <url>https://preproduccion.sge/login/login.jsp?site2pstoretoken=v1.4~CEF0A91F~55D6D4CBC6905E0F6FE996D136BA7AB96DBD870BF10C779979CD2EC936A8F434F3FB76E70534E3A6031DB3BA6E20B5048095F466BCD77A8C888285E61C856411414250E31A94466A53949403F9CB5CBCAE74FEB5D69844666DD86BB2A1C778D4FDC0590ACA56785911155E5DD996A6F8A188CDD7AF730EE2630BEB9162FC2696D87F6BFE50FB523852B3083866DA9504986CB0DB81C34050EAB039158D1B82FB93A29AD954948E4990A7DEF7C3F2DF6CD1C3D2A2370B290D626D2438EB3D3675CC8AEAB88965A74A97FCD35CD8BA83184D3705755CEDBB866DFDDB1B447F84EE20AEA51ED6593A4F3840FEA2292DB79AAB8870036558E153679C3BE8BF2C2EA4&amp;p_error_code=&amp;p_submit_url=https%3A%2F%2Flogin-pre.sge%2Fsso%2Fauth&amp;p_cancel_url=https%3A%2F%2Fpreproduccion.sge&amp;ssousername=&amp;subscribername=</url>
</httpSample>
<httpSample t="188" lt="0" ts="1298631993874" s="true" lb="/gepa/scripts/scriptaculous/scriptaculous.js" rc="200" by="5068">
  <responseHeader class="java.lang.String">HTTP/1.0 200 OK
Date: Fri, 25 Feb 2011 11:06:33 GMT
Server: Oracle-Application-Server-10g/10.1.2.2.0 Oracle-HTTP-Server
Content-Length: 5068
Set-Cookie: JSESSIONID=7ed2ebaac928d40c558070feda9647cf8b81067df7cf926326c669d24da0a7b2.e38Ob3aOaheRe34Mb3qSax0Pahz0nR9Pq6XteP93; path=/login
Content-Type: text/html; charset=ISO-8859-1
</responseHeader>
  <requestHeader class="java.lang.String">Accept-Language: es-ES
Accept: */*
User-Agent: Mozilla/4.0 (compatible; MSIE 7.0; Windows NT 6.1; Trident/4.0; SLCC2; .NET CLR 2.0.50727; .NET CLR 3.5.30729; .NET CLR 3.0.30729; Media Center PC 6.0; MDDS; .NET4.0C)
Accept-Encoding: gzip, deflate
Referer: http://picasso:8888/gepa/ResultadoBusquedaAction.do?accion=gestionExp&amp;indice=0
</requestHeader>
  <cookies class="java.lang.String"></cookies>
  <method class="java.lang.String">GET</method>
  <queryString class="java.lang.String"></queryString>
  <redirectLocation class="java.lang.String">https://login-pre.sge/pls/orasso/orasso.wwsso_app_admin.ls_login?Site2pstoreToken=v1.4~CEF0A91F~55D6D4CBC6905E0F6FE996D136BA7AB96DBD870BF10C779979CD2EC936A8F434F3FB76E70534E3A6031DB3BA6E20B5048095F466BCD77A8C888285E61C856411414250E31A94466A53949403F9CB5CBCAE74FEB5D69844666DD86BB2A1C778D48B403360C7C7E3F8936B16CE5BEEAF7B61531C4119A887558C624AC332E631B280861FB48FE1DF63F121D10183AB658EA7CC7052F971C43BA8B2909A27D38E66D27E7A0D8FE2D5B111AF188442580DD94975A8E505CC1A262C490F8A6C99C9A1F15C39676424F769B53B84B8A6BC159E60B79D72A0DFB97AEAF090755DB58097F048DD9E202A869CE821483DE9583C48C268BA562B162837987C5A08C20983F1A2FF3A94B901093EE667096F235210A3</redirectLocation>
  <url>https://preproduccion.sge/login/login.jsp?site2pstoretoken=v1.4~CEF0A91F~55D6D4CBC6905E0F6FE996D136BA7AB96DBD870BF10C779979CD2EC936A8F434F3FB76E70534E3A6031DB3BA6E20B5048095F466BCD77A8C888285E61C856411414250E31A94466A53949403F9CB5CBCAE74FEB5D69844666DD86BB2A1C778D48B403360C7C7E3F8936B16CE5BEEAF7B61531C4119A887558C624AC332E631B280861FB48FE1DF63F121D10183AB658EA7CC7052F971C43BA8B2909A27D38E66D27E7A0D8FE2D5B111AF188442580DD94975A8E505CC1A262C490F8A6C99C9A1F15C39676424F769B53B84B8A6BC159E60B79D72A0DFB97AEAF090755DB58097F048DD9E202A869CE821483DE9583C48C268BA562B162837987C5A08C20983F1A2FF3A94B901093EE667096F235210A3&amp;p_error_code=&amp;p_submit_url=https%3A%2F%2Flogin-pre.sge%2Fsso%2Fauth&amp;p_cancel_url=https%3A%2F%2Fpreproduccion.sge&amp;ssousername=&amp;subscribername=</url>
</httpSample>
<httpSample t="187" lt="0" ts="1298631994062" s="true" lb="/gepa/ConexionAction.do" rc="200" by="5420">
  <responseHeader class="java.lang.String">HTTP/1.0 200 OK
Date: Fri, 25 Feb 2011 11:06:34 GMT
Server: Oracle-Application-Server-10g/10.1.2.2.0 Oracle-HTTP-Server
Content-Length: 5420
Set-Cookie: JSESSIONID=8406430ea79d454325e6dcc2d68e7286af236b9a85fff89c1a214846f51bbfce.e3eSbhiLaNyPe3yNbNyQc3qSai1BqBjKpPXxqAa; path=/login
Content-Type: text/html; charset=ISO-8859-1
</responseHeader>
  <requestHeader class="java.lang.String">Accept-Language: es
Accept: */*
User-Agent: Mozilla/4.0 (compatible; MSIE 7.0; Windows NT 6.1; Trident/4.0; SLCC2; .NET CLR 2.0.50727; .NET CLR 3.5.30729; .NET CLR 3.0.30729; Media Center PC 6.0; MDDS; .NET4.0C)
Accept-Encoding: gzip, deflate
</requestHeader>
  <cookies class="java.lang.String"></cookies>
  <method class="java.lang.String">GET</method>
  <queryString class="java.lang.String"></queryString>
  <redirectLocation class="java.lang.String">https://login-pre.sge/pls/orasso/orasso.wwsso_app_admin.ls_login?Site2pstoreToken=v1.4~CEF0A91F~D25F460129DDD52B697A0B20E496B7FB77944DA85B5E70278871BA25D1834DE6E965D4E54F8ECA498063B9F0D9A7025D4CE8E5DDA87513799950DF33446086BEBE1C8848014744AE5C74F5F65BA8894D47E5E68109690B83DC3F044150431DC628DBEC22DC0C6C0D57D2D22B5450A71A210CB04651DE12BE7ACCDE9A10A73B322DE0227B34FA5DA47BD56ACB5AE77E714AE790AEC983833875DDB96CF318387D3F6D1DE918A520B93CD61A7D7C7344B5126B04BFA018D3E06BD1E68BD1A7084FAF5C6253ADD063908B46A1CB23B5F1E1057F1131F7698F880569DC54DEB583C00715AA9A758F5D36EE7F371CBC15FA1D1D17F601E2DA8F43E25C1A48A26E846384BCB4B2FEC9B4A25ED2922C722D421A39BFB770A7517B309DA5A4E972676646D39990F8A3A42F026D92D7D02F711A8260C62DB9DC505845EF915B9BC19C5D44122331CE574ABAC8CA686E91AEED49FEF797B828102940CC49C03EB319622E648C37887AD6CEEEAB</redirectLocation>
  <url>https://preproduccion.sge/login/login.jsp?site2pstoretoken=v1.4~CEF0A91F~D25F460129DDD52B697A0B20E496B7FB77944DA85B5E70278871BA25D1834DE6E965D4E54F8ECA498063B9F0D9A7025D4CE8E5DDA87513799950DF33446086BEBE1C8848014744AE5C74F5F65BA8894D47E5E68109690B83DC3F044150431DC628DBEC22DC0C6C0D57D2D22B5450A71A210CB04651DE12BE7ACCDE9A10A73B322DE0227B34FA5DA47BD56ACB5AE77E714AE790AEC983833875DDB96CF318387D3F6D1DE918A520B93CD61A7D7C7344B5126B04BFA018D3E06BD1E68BD1A7084FAF5C6253ADD063908B46A1CB23B5F1E1057F1131F7698F880569DC54DEB583C00715AA9A758F5D36EE7F371CBC15FA1D1D17F601E2DA8F43E25C1A48A26E846384BCB4B2FEC9B4A25ED2922C722D421A39BFB770A7517B309DA5A4E972676646D39990F8A3A42F026D92D7D02F711A8260C62DB9DC505845EF915B9BC19C5D44122331CE574ABAC8CA686E91AEED49FEF797B828102940CC49C03EB319622E648C37887AD6CEEEAB&amp;p_error_code=&amp;p_submit_url=https%3A%2F%2Flogin-pre.sge%2Fsso%2Fauth&amp;p_cancel_url=https%3A%2F%2Fpreproduccion.sge&amp;ssousername=&amp;subscribername=</url>
</httpSample>
<httpSample t="188" lt="0" ts="1298631994249" s="true" lb="/gepa/scripts/scriptaculous/scriptaculous.js" rc="200" by="5068">
  <responseHeader class="java.lang.String">HTTP/1.0 200 OK
Date: Fri, 25 Feb 2011 11:06:34 GMT
Server: Oracle-Application-Server-10g/10.1.2.2.0 Oracle-HTTP-Server
Content-Length: 5068
Set-Cookie: JSESSIONID=65d42a980f74b26fa853a0724e5e6e4b3d637149ca027e5ca7b126012599cb59.e38Ob3aOaheRe34Mb3qSax0Pahz0nR9Pq6XteP93; path=/login
Content-Type: text/html; charset=ISO-8859-1
</responseHeader>
  <requestHeader class="java.lang.String">Accept-Language: es-ES
Accept: */*
User-Agent: Mozilla/4.0 (compatible; MSIE 7.0; Windows NT 6.1; Trident/4.0; SLCC2; .NET CLR 2.0.50727; .NET CLR 3.5.30729; .NET CLR 3.0.30729; Media Center PC 6.0; MDDS; .NET4.0C)
Accept-Encoding: gzip, deflate
Referer: http://picasso:8888/gepa/ConexionAction.do?POSTDATA=variosPerfiles=true&amp;accion=iniciar&amp;codigoEntidad=DYS&amp;codigo=jcnegredo&amp;contrasenya=dysmatica&amp;rolSeleccionado=25
</requestHeader>
  <cookies class="java.lang.String"></cookies>
  <method class="java.lang.String">GET</method>
  <queryString class="java.lang.String"></queryString>
  <redirectLocation class="java.lang.String">https://login-pre.sge/pls/orasso/orasso.wwsso_app_admin.ls_login?Site2pstoreToken=v1.4~CEF0A91F~D25F460129DDD52B697A0B20E496B7FB77944DA85B5E70278871BA25D1834DE6E965D4E54F8ECA498063B9F0D9A7025D4CE8E5DDA87513799950DF33446086BEBE1C8848014744AE5C74F5F65BA8894D47E5E68109690B83DC3F044150431DC65003F4FEF0A7BF451A65F5B9532EE7AE43283B931A2BFB8B58D93F634195391E25AC8BA9D58114A41F92B9FC7ABCB8C78DDADBD26789BF6A1B33E4234709B47FDAD7548B5E7DD1D6001CFCDA7B32811012D20AFBBEDBC0250E3A2153E37008483F5A4E240F1B7135E0F8D80C94EC913722226955A2F126B26523380217233BE5B3F16A83795CA1F06DF887779DA2A3E5FEBBAABA20DB6DBDB3F74E0BEA272C7A363C85E92C2D2D701CEDD307EC6E6FC8</redirectLocation>
  <url>https://preproduccion.sge/login/login.jsp?site2pstoretoken=v1.4~CEF0A91F~D25F460129DDD52B697A0B20E496B7FB77944DA85B5E70278871BA25D1834DE6E965D4E54F8ECA498063B9F0D9A7025D4CE8E5DDA87513799950DF33446086BEBE1C8848014744AE5C74F5F65BA8894D47E5E68109690B83DC3F044150431DC65003F4FEF0A7BF451A65F5B9532EE7AE43283B931A2BFB8B58D93F634195391E25AC8BA9D58114A41F92B9FC7ABCB8C78DDADBD26789BF6A1B33E4234709B47FDAD7548B5E7DD1D6001CFCDA7B32811012D20AFBBEDBC0250E3A2153E37008483F5A4E240F1B7135E0F8D80C94EC913722226955A2F126B26523380217233BE5B3F16A83795CA1F06DF887779DA2A3E5FEBBAABA20DB6DBDB3F74E0BEA272C7A363C85E92C2D2D701CEDD307EC6E6FC8&amp;p_error_code=&amp;p_submit_url=https%3A%2F%2Flogin-pre.sge%2Fsso%2Fauth&amp;p_cancel_url=https%3A%2F%2Fpreproduccion.sge&amp;ssousername=&amp;subscribername=</url>
</httpSample>
<httpSample t="0" lt="0" ts="1298631994437" s="false" lb="/gepa/ConexionAction.do;jsessionid=eb634fe5b58b0bcb96508261e275709f9c8e236e3e15aeb347f0741aac2dda55" rc="500" by="778">
  <responseHeader class="java.lang.String">HTTP/1.0 500 Internal Server Error
Date: Fri, 25 Feb 2011 11:06:34 GMT
Server: Oracle-Application-Server-10g/10.1.2.2.0 Oracle-HTTP-Server
Content-Type: text/html; charset=iso-8859-1
</responseHeader>
  <requestHeader class="java.lang.String">Content-Type: application/x-www-form-urlencoded
Accept-Language: es-ES
Accept: image/jpeg, application/x-ms-application, image/gif, application/xaml+xml, image/pjpeg, application/x-ms-xbap, application/vnd.ms-powerpoint, application/vnd.ms-excel, application/msword, */*
User-Agent: Mozilla/4.0 (compatible; MSIE 7.0; Windows NT 6.1; Trident/4.0; SLCC2; .NET CLR 2.0.50727; .NET CLR 3.5.30729; .NET CLR 3.0.30729; Media Center PC 6.0; MDDS; .NET4.0C)
Accept-Encoding: gzip, deflate
Referer: http://picasso:8888/gepa/ConexionAction.do?POSTDATA=variosPerfiles=true&amp;accion=iniciar&amp;codigoEntidad=DYS&amp;codigo=jcnegredo&amp;contrasenya=dysmatica&amp;rolSeleccionado=25
Pragma: no-cache
</requestHeader>
  <cookies class="java.lang.String"></cookies>
  <method class="java.lang.String">POST</method>
  <queryString class="java.lang.String">variosPerfiles=true&amp;accion=seleccionarPerfil&amp;codigoEntidad=DYS&amp;rolSeleccionado=25</queryString>
  <url>https://preproduccion.sge:443/gepa/ConexionAction.do;jsessionid=eb634fe5b58b0bcb96508261e275709f9c8e236e3e15aeb347f0741aac2dda55</url>
</httpSample>
<httpSample t="187" lt="0" ts="1298631994453" s="true" lb="/gepa/scripts/scriptaculous/scriptaculous.js" rc="200" by="5068">
  <responseHeader class="java.lang.String">HTTP/1.0 200 OK
Date: Fri, 25 Feb 2011 11:06:34 GMT
Server: Oracle-Application-Server-10g/10.1.2.2.0 Oracle-HTTP-Server
Content-Length: 5068
Set-Cookie: JSESSIONID=f251f04dd2c5947e3967868287d04618bb7c0464868ced0f2fd1b0d22a356a3c.e38Ob3aOaheRe34Mb3qSax0Pahz0nR9Pq6XteP93; path=/login
Content-Type: text/html; charset=ISO-8859-1
</responseHeader>
  <requestHeader class="java.lang.String">Accept-Language: es-ES
Accept: */*
User-Agent: Mozilla/4.0 (compatible; MSIE 7.0; Windows NT 6.1; Trident/4.0; SLCC2; .NET CLR 2.0.50727; .NET CLR 3.5.30729; .NET CLR 3.0.30729; Media Center PC 6.0; MDDS; .NET4.0C)
Accept-Encoding: gzip, deflate
Referer: http://picasso:8888/gepa/ConexionAction.do;jsessionid=eb634fe5b58b0bcb96508261e275709f9c8e236e3e15aeb347f0741aac2dda55
</requestHeader>
  <cookies class="java.lang.String"></cookies>
  <method class="java.lang.String">GET</method>
  <queryString class="java.lang.String"></queryString>
  <redirectLocation class="java.lang.String">https://login-pre.sge/pls/orasso/orasso.wwsso_app_admin.ls_login?Site2pstoreToken=v1.4~CEF0A91F~D25F460129DDD52B697A0B20E496B7FB77944DA85B5E70278871BA25D1834DE6E965D4E54F8ECA498063B9F0D9A7025D4CE8E5DDA87513799950DF33446086BEBE1C8848014744AE5C74F5F65BA8894D47E5E68109690B83DC3F044150431DC65003F4FEF0A7BF451A65F5B9532EE7AE43283B931A2BFB8B58D93F634195391E25AC8BA9D58114A41F92B9FC7ABCB8C78DDADBD26789BF6A1B33E4234709B47FDAD7548B5E7DD1D6001CFCDA7B32811012D20AFBBEDBC0250E3A2153E37008483F5A4E240F1B7135E0F8D80C94EC913722226955A2F126B26523380217233BE5B3F16A83795CA1F06DF887779DA2A3E5FEBBAABA20DB6DBDB3F74E0BEA272C7A363C85E92C2D2D701CEDD307EC6E6FC8</redirectLocation>
  <url>https://preproduccion.sge/login/login.jsp?site2pstoretoken=v1.4~CEF0A91F~D25F460129DDD52B697A0B20E496B7FB77944DA85B5E70278871BA25D1834DE6E965D4E54F8ECA498063B9F0D9A7025D4CE8E5DDA87513799950DF33446086BEBE1C8848014744AE5C74F5F65BA8894D47E5E68109690B83DC3F044150431DC65003F4FEF0A7BF451A65F5B9532EE7AE43283B931A2BFB8B58D93F634195391E25AC8BA9D58114A41F92B9FC7ABCB8C78DDADBD26789BF6A1B33E4234709B47FDAD7548B5E7DD1D6001CFCDA7B32811012D20AFBBEDBC0250E3A2153E37008483F5A4E240F1B7135E0F8D80C94EC913722226955A2F126B26523380217233BE5B3F16A83795CA1F06DF887779DA2A3E5FEBBAABA20DB6DBDB3F74E0BEA272C7A363C85E92C2D2D701CEDD307EC6E6FC8&amp;p_error_code=&amp;p_submit_url=https%3A%2F%2Flogin-pre.sge%2Fsso%2Fauth&amp;p_cancel_url=https%3A%2F%2Fpreproduccion.sge&amp;ssousername=&amp;subscribername=</url>
</httpSample>
<httpSample t="16" lt="16" ts="1298631994640" s="false" lb="/gepa/BusquedaAction.do" rc="500" by="778">
  <responseHeader class="java.lang.String">HTTP/1.0 500 Internal Server Error
Date: Fri, 25 Feb 2011 11:06:34 GMT
Server: Oracle-Application-Server-10g/10.1.2.2.0 Oracle-HTTP-Server
Content-Type: text/html; charset=iso-8859-1
</responseHeader>
  <requestHeader class="java.lang.String">Content-Type: application/x-www-form-urlencoded
Accept-Language: es-ES
Accept: image/jpeg, application/x-ms-application, image/gif, application/xaml+xml, image/pjpeg, application/x-ms-xbap, application/vnd.ms-powerpoint, application/vnd.ms-excel, application/msword, */*
User-Agent: Mozilla/4.0 (compatible; MSIE 7.0; Windows NT 6.1; Trident/4.0; SLCC2; .NET CLR 2.0.50727; .NET CLR 3.5.30729; .NET CLR 3.0.30729; Media Center PC 6.0; MDDS; .NET4.0C)
Accept-Encoding: gzip, deflate
Referer: http://picasso:8888/gepa/ConexionAction.do;jsessionid=eb634fe5b58b0bcb96508261e275709f9c8e236e3e15aeb347f0741aac2dda55
Pragma: no-cache
</requestHeader>
  <cookies class="java.lang.String"></cookies>
  <method class="java.lang.String">POST</method>
  <queryString class="java.lang.String">accion=buscar&amp;modo=rapida&amp;avanzadaDesplegada=false&amp;descElemPesado=&amp;identificacionRapida=&amp;nombreRapida=&amp;apellido1Rapida=&amp;apellido2Rapida=&amp;anyoRapida=&amp;numeroRapida=&amp;desdeRapida=&amp;hastaRapida=&amp;tramiteRapida=-1&amp;estadoRapida=-1&amp;idBusqueda=-1&amp;idClases=26&amp;metaTipo0=STRING&amp;metaTipo1=STRING&amp;metaTipo2=LISTA&amp;metaTipo3=STRING&amp;metaTipo4=LISTA_PESADA&amp;metaTipo5=STRING&amp;metaTipo6=LISTA&amp;metaTipo7=STRING&amp;metaTipo8=STRING&amp;metaTipo9=STRING&amp;metaTipo10=STRING&amp;metaTipo11=STRING&amp;metaTipo12=STRING&amp;metaTipo13=LISTA&amp;metaTipo14=STRING&amp;metaTipo15=TIMESTAMP&amp;metaTipo16=TIMESTAMP&amp;metaTipo17=TIMESTAMP&amp;metaTipo18=LISTA&amp;metaTipo19=LISTA_PESADA&amp;metaTipo20=STRING&amp;metaTipo21=STRING&amp;metaTipo22=STRING&amp;metaTipo23=STRING&amp;metaTipo24=STRING&amp;metaTipo25=LISTA_PESADA&amp;metaTipo26=LISTA&amp;metaTipo27=STRING&amp;metaTipo28=LISTA&amp;metaTipo29=STRING&amp;metaTipo30=STRING&amp;metaTipo31=INTEGER&amp;metaTipo32=STRING&amp;metaTipo33=STRING&amp;metaTipo34=STRING&amp;metaTipo35=LISTA&amp;metaTipo36=LISTA&amp;metaTipo37=LISTA&amp;metaTipo38=STRING&amp;metaTipo39=SEPARADOR&amp;metaTipo40=BOOLEAN&amp;metaTipo41=STRING&amp;metaTipo42=STRING&amp;metaTipo43=STRING&amp;metaTipo44=LISTA&amp;metaTipo45=BOOLEAN&amp;metaTipo46=BOOLEAN&amp;metaTipo47=BOOLEAN&amp;metaTipo48=STRING&amp;metaTipo49=TIMESTAMP&amp;metaTipo50=TIMESTAMP&amp;metaTipo51=TIMESTAMP&amp;metaTipo52=TIMESTAMP&amp;metaTipo53=TIMESTAMP&amp;metaTipo54=TIMESTAMP&amp;metaTipo55=TIMESTAMP&amp;metaTipo56=TIMESTAMP&amp;metaTipo57=TIMESTAMP&amp;metaTipo58=TIMESTAMP&amp;metaTipo59=TIMESTAMP&amp;metaTipo60=TIMESTAMP&amp;metaTipo61=TIMESTAMP&amp;metaTipo62=TIMESTAMP&amp;metaTipo63=TIMESTAMP&amp;metaTipo64=LISTA&amp;metaTipo65=LISTA&amp;metaTipo66=LISTA&amp;metaTipo67=DOUBLE&amp;metaTipo68=DOUBLE&amp;metaTipo69=DOUBLE&amp;metaTipo70=DOUBLE&amp;metaTipo71=DOUBLE&amp;metaTipo72=DOUBLE&amp;metaTipo73=DOUBLE&amp;metaTipo74=BOOLEAN&amp;metaTipo75=LISTA&amp;metaTipo76=STRING&amp;metaTipo77=STRING&amp;metaTipo78=STRING&amp;metaTipo79=STRING&amp;metaTipo80=STRING&amp;metaTipo81=STRING&amp;metaTipo82=STRING&amp;metaTipo83=BOOLEAN&amp;metaTipo84=BOOLEAN&amp;metaTipo85=STRING&amp;metaTipo86=LISTA&amp;metaTipo87=LISTA&amp;metaTipo88=LISTA_PESADA&amp;metaTipo89=LISTA&amp;metaTipo90=LISTA&amp;metaTipo91=STRING&amp;metaTipo92=LISTA&amp;metaTipo93=STRING&amp;metaTipo94=STRING&amp;metaTipo95=LISTA&amp;metaTipo96=LISTA&amp;metaTipo97=LISTA&amp;metaTipo98=BOOLEAN&amp;metaTipo99=LISTA&amp;metaTipo100=BOOLEAN&amp;metaTipo101=LISTA&amp;metaTipo102=LISTA&amp;metaTipo103=BOOLEAN&amp;metaTipo104=BOOLEAN&amp;metaTipo105=LISTA&amp;metaTipo106=LISTA&amp;metaTipo107=LISTA&amp;metaTipo108=LISTA&amp;metaTipo109=LISTA&amp;metaTipo110=STRING&amp;metaTipo111=LISTA&amp;valor=&amp;valorPesado=&amp;lista37=-1&amp;lista36=-1&amp;lista35=-1&amp;lista99=-1&amp;lista109=-1&amp;lista66=-1&amp;lista98=-1&amp;lista108=-1&amp;lista65=-1&amp;lista97=-1&amp;lista107=-1&amp;lista64=-1&amp;lista96=-1&amp;lista106=-1&amp;lista95=-1&amp;lista105=-1&amp;lista104=-1&amp;lista92=-1&amp;lista103=-1&amp;lista102=-1&amp;lista90=-1&amp;lista101=-1&amp;lista100=-1&amp;lista28=-1&amp;lista26=-1&amp;lista89=-1&amp;lista87=-1&amp;lista86=-1&amp;lista6=-1&amp;lista84=-1&amp;lista83=-1&amp;lista2=-1&amp;lista18=-1&amp;lista47=-1&amp;lista46=-1&amp;lista13=-1&amp;lista45=-1&amp;lista44=-1&amp;lista75=-1&amp;lista74=-1&amp;lista40=-1&amp;lista111=-1</queryString>
  <url>https://preproduccion.sge:443/gepa/BusquedaAction.do</url>
</httpSample>
<httpSample t="187" lt="0" ts="1298631994656" s="true" lb="/gepa/scripts/scriptaculous/scriptaculous.js" rc="200" by="5068">
  <responseHeader class="java.lang.String">HTTP/1.0 200 OK
Date: Fri, 25 Feb 2011 11:06:34 GMT
Server: Oracle-Application-Server-10g/10.1.2.2.0 Oracle-HTTP-Server
Content-Length: 5068
Set-Cookie: JSESSIONID=e2426d57670f8c12aea22752082032620e917c8faa5e97b91bb5152089356c50.e3eSbhiLaNyPe3yNbNyQc3qSai1BqBjKpPXxqAa; path=/login
Content-Type: text/html; charset=ISO-8859-1
</responseHeader>
  <requestHeader class="java.lang.String">Accept-Language: es-ES
Accept: */*
User-Agent: Mozilla/4.0 (compatible; MSIE 7.0; Windows NT 6.1; Trident/4.0; SLCC2; .NET CLR 2.0.50727; .NET CLR 3.5.30729; .NET CLR 3.0.30729; Media Center PC 6.0; MDDS; .NET4.0C)
Accept-Encoding: gzip, deflate
Referer: http://picasso:8888/gepa/BusquedaAction.do
</requestHeader>
  <cookies class="java.lang.String"></cookies>
  <method class="java.lang.String">GET</method>
  <queryString class="java.lang.String"></queryString>
  <redirectLocation class="java.lang.String">https://login-pre.sge/pls/orasso/orasso.wwsso_app_admin.ls_login?Site2pstoreToken=v1.4~CEF0A91F~D25F460129DDD52B697A0B20E496B7FB77944DA85B5E70278871BA25D1834DE6E965D4E54F8ECA498063B9F0D9A7025D4CE8E5DDA87513799950DF33446086BEBE1C8848014744AE5C74F5F65BA8894D47E5E68109690B83DC3F044150431DC65003F4FEF0A7BF451A65F5B9532EE7AE43283B931A2BFB8B58D93F634195391E25AC8BA9D58114A41F92B9FC7ABCB8C78DDADBD26789BF6A1B33E4234709B47FDAD7548B5E7DD1D6001CFCDA7B32811012D20AFBBEDBC0250E3A2153E37008483F5A4E240F1B7135E0F8D80C94EC913722226955A2F126B26523380217233BE5B3F16A83795CA1F06DF887779DA2A3E5FEBBAABA20DB6DBDB3F74E0BEA272C7A363C85E92C2D2D701CEDD307EC6E6FC8</redirectLocation>
  <url>https://preproduccion.sge/login/login.jsp?site2pstoretoken=v1.4~CEF0A91F~D25F460129DDD52B697A0B20E496B7FB77944DA85B5E70278871BA25D1834DE6E965D4E54F8ECA498063B9F0D9A7025D4CE8E5DDA87513799950DF33446086BEBE1C8848014744AE5C74F5F65BA8894D47E5E68109690B83DC3F044150431DC65003F4FEF0A7BF451A65F5B9532EE7AE43283B931A2BFB8B58D93F634195391E25AC8BA9D58114A41F92B9FC7ABCB8C78DDADBD26789BF6A1B33E4234709B47FDAD7548B5E7DD1D6001CFCDA7B32811012D20AFBBEDBC0250E3A2153E37008483F5A4E240F1B7135E0F8D80C94EC913722226955A2F126B26523380217233BE5B3F16A83795CA1F06DF887779DA2A3E5FEBBAABA20DB6DBDB3F74E0BEA272C7A363C85E92C2D2D701CEDD307EC6E6FC8&amp;p_error_code=&amp;p_submit_url=https%3A%2F%2Flogin-pre.sge%2Fsso%2Fauth&amp;p_cancel_url=https%3A%2F%2Fpreproduccion.sge&amp;ssousername=&amp;subscribername=</url>
</httpSample>
<httpSample t="188" lt="0" ts="1298631994843" s="true" lb="/gepa/ResultadoBusquedaAction.do" rc="200" by="5004">
  <responseHeader class="java.lang.String">HTTP/1.0 200 OK
Date: Fri, 25 Feb 2011 11:06:34 GMT
Server: Oracle-Application-Server-10g/10.1.2.2.0 Oracle-HTTP-Server
Content-Length: 5004
Set-Cookie: JSESSIONID=a7957eac1374d8870980ae9e2e790da5d3a794564bcd7d24a273093b282ad53d.e38Ob3aOaheRe34Mb3qSax0Pahz0nR9Pq6XteP93; path=/login
Content-Type: text/html; charset=ISO-8859-1
</responseHeader>
  <requestHeader class="java.lang.String">Accept-Language: es-ES
Accept: image/jpeg, application/x-ms-application, image/gif, application/xaml+xml, image/pjpeg, application/x-ms-xbap, application/vnd.ms-powerpoint, application/vnd.ms-excel, application/msword, */*
User-Agent: Mozilla/4.0 (compatible; MSIE 7.0; Windows NT 6.1; Trident/4.0; SLCC2; .NET CLR 2.0.50727; .NET CLR 3.5.30729; .NET CLR 3.0.30729; Media Center PC 6.0; MDDS; .NET4.0C)
Accept-Encoding: gzip, deflate
Referer: http://picasso:8888/gepa/BusquedaAction.do
</requestHeader>
  <cookies class="java.lang.String"></cookies>
  <method class="java.lang.String">GET</method>
  <queryString class="java.lang.String"></queryString>
  <redirectLocation class="java.lang.String">https://login-pre.sge/pls/orasso/orasso.wwsso_app_admin.ls_login?Site2pstoreToken=v1.4~CEF0A91F~D25F460129DDD52B697A0B20E496B7FB77944DA85B5E70278871BA25D1834DE6E965D4E54F8ECA498063B9F0D9A7025D4CE8E5DDA87513799950DF33446086BEBE1C8848014744AE5C74F5F65BA8894D47E5E68109690B83DC3F044150431DC64C2FFDFDF71AB6C43D82E4B3CBA60A0FED8F7D4C234858774CDFF9BE0A2340CA1288928C14A770C97A431C91CCACA4AEA5A1A5B8AFBED29853A1A2CA663D0EF38F8E587FE2441524AF78F6EC338A6CEA22B97A1E20B41DC268F09F63E6CC4B8FE8E90C5D327777BA28B12E205C65E13CE71CFFD352D4EC0131F3E31FAD8ACCFBD878AF32D97EEE0E1B0DE731B9AF7D6CC806D7564366F6E307B324E62FA56C1D</redirectLocation>
  <url>https://preproduccion.sge/login/login.jsp?site2pstoretoken=v1.4~CEF0A91F~D25F460129DDD52B697A0B20E496B7FB77944DA85B5E70278871BA25D1834DE6E965D4E54F8ECA498063B9F0D9A7025D4CE8E5DDA87513799950DF33446086BEBE1C8848014744AE5C74F5F65BA8894D47E5E68109690B83DC3F044150431DC64C2FFDFDF71AB6C43D82E4B3CBA60A0FED8F7D4C234858774CDFF9BE0A2340CA1288928C14A770C97A431C91CCACA4AEA5A1A5B8AFBED29853A1A2CA663D0EF38F8E587FE2441524AF78F6EC338A6CEA22B97A1E20B41DC268F09F63E6CC4B8FE8E90C5D327777BA28B12E205C65E13CE71CFFD352D4EC0131F3E31FAD8ACCFBD878AF32D97EEE0E1B0DE731B9AF7D6CC806D7564366F6E307B324E62FA56C1D&amp;p_error_code=&amp;p_submit_url=https%3A%2F%2Flogin-pre.sge%2Fsso%2Fauth&amp;p_cancel_url=https%3A%2F%2Fpreproduccion.sge&amp;ssousername=&amp;subscribername=</url>
</httpSample>
<httpSample t="172" lt="0" ts="1298631995046" s="true" lb="/gepa/scripts/scriptaculous/scriptaculous.js" rc="200" by="5068">
  <responseHeader class="java.lang.String">HTTP/1.0 200 OK
Date: Fri, 25 Feb 2011 11:06:35 GMT
Server: Oracle-Application-Server-10g/10.1.2.2.0 Oracle-HTTP-Server
Content-Length: 5068
Set-Cookie: JSESSIONID=fb333bcad8e1f67703060d3fb6ed1105a990d49def8444d9eff01dce34084d68.e3eSbhiLaNyPe3yNbNyQc3qSai1BqBjKpPXxqAa; path=/login
Content-Type: text/html; charset=ISO-8859-1
</responseHeader>
  <requestHeader class="java.lang.String">Accept-Language: es-ES
Accept: */*
User-Agent: Mozilla/4.0 (compatible; MSIE 7.0; Windows NT 6.1; Trident/4.0; SLCC2; .NET CLR 2.0.50727; .NET CLR 3.5.30729; .NET CLR 3.0.30729; Media Center PC 6.0; MDDS; .NET4.0C)
Accept-Encoding: gzip, deflate
Referer: http://picasso:8888/gepa/ResultadoBusquedaAction.do?accion=gestionExp&amp;indice=0
</requestHeader>
  <cookies class="java.lang.String"></cookies>
  <method class="java.lang.String">GET</method>
  <queryString class="java.lang.String"></queryString>
  <redirectLocation class="java.lang.String">https://login-pre.sge/pls/orasso/orasso.wwsso_app_admin.ls_login?Site2pstoreToken=v1.4~CEF0A91F~CD26FDADA359F9FEA74B1A069B160DB11D382D78C981DD7F0CF43621446172297ACB9E46B08667F27B826A902CE4E19BAFF4D27E1D58F3609B683B24D7C299D4D4F8C42C8A8B27C70708BCEA47A5D05345A7AF07A99D761C62591D54DCDF6B50A9D52DC2C6BFD74720B1EAB7B063D1C2D530807477FE6C1A7A79291A1FD15E3117FFE63E6FC5FDDE0989DAB740F07C3232714F4566E4F78A097C764EDA33678A2DCF2328A53730B120E3AE0A48332A45A07718526B185A6B948DBB9E838DF4377ACE9E90BC3F5626800FCBCDBF80DECD652A89F4D9668DBE2792A82D947868F5C190E5EA324EA423063516E05DBC85040E1E022E8DD1AEAD931382FB74371210907DE29B8663253BC1022CDCE5172EE6</redirectLocation>
  <url>https://preproduccion.sge/login/login.jsp?site2pstoretoken=v1.4~CEF0A91F~CD26FDADA359F9FEA74B1A069B160DB11D382D78C981DD7F0CF43621446172297ACB9E46B08667F27B826A902CE4E19BAFF4D27E1D58F3609B683B24D7C299D4D4F8C42C8A8B27C70708BCEA47A5D05345A7AF07A99D761C62591D54DCDF6B50A9D52DC2C6BFD74720B1EAB7B063D1C2D530807477FE6C1A7A79291A1FD15E3117FFE63E6FC5FDDE0989DAB740F07C3232714F4566E4F78A097C764EDA33678A2DCF2328A53730B120E3AE0A48332A45A07718526B185A6B948DBB9E838DF4377ACE9E90BC3F5626800FCBCDBF80DECD652A89F4D9668DBE2792A82D947868F5C190E5EA324EA423063516E05DBC85040E1E022E8DD1AEAD931382FB74371210907DE29B8663253BC1022CDCE5172EE6&amp;p_error_code=&amp;p_submit_url=https%3A%2F%2Flogin-pre.sge%2Fsso%2Fauth&amp;p_cancel_url=https%3A%2F%2Fpreproduccion.sge&amp;ssousername=&amp;subscribername=</url>
</httpSample>
<httpSample t="188" lt="0" ts="1298631995218" s="true" lb="/gepa/ConexionAction.do" rc="200" by="5388">
  <responseHeader class="java.lang.String">HTTP/1.0 200 OK
Date: Fri, 25 Feb 2011 11:06:35 GMT
Server: Oracle-Application-Server-10g/10.1.2.2.0 Oracle-HTTP-Server
Content-Length: 5388
Set-Cookie: JSESSIONID=685f80411adc893bfa7e683d0e0ba689de852afbaae2d8fab9d05064ed3e9eab.e38Ob3aOaheRe34Mb3qSax0Pahz0nR9Pq6XteP93; path=/login
Content-Type: text/html; charset=ISO-8859-1
</responseHeader>
  <requestHeader class="java.lang.String">Accept-Language: es
Accept: */*
User-Agent: Mozilla/4.0 (compatible; MSIE 7.0; Windows NT 6.1; Trident/4.0; SLCC2; .NET CLR 2.0.50727; .NET CLR 3.5.30729; .NET CLR 3.0.30729; Media Center PC 6.0; MDDS; .NET4.0C)
Accept-Encoding: gzip, deflate
</requestHeader>
  <cookies class="java.lang.String"></cookies>
  <method class="java.lang.String">GET</method>
  <queryString class="java.lang.String"></queryString>
  <redirectLocation class="java.lang.String">https://login-pre.sge/pls/orasso/orasso.wwsso_app_admin.ls_login?Site2pstoreToken=v1.4~CEF0A91F~CD26FDADA359F9FEA74B1A069B160DB11D382D78C981DD7F0CF43621446172297ACB9E46B08667F27B826A902CE4E19BAFF4D27E1D58F3609B683B24D7C299D4D4F8C42C8A8B27C70708BCEA47A5D05345A7AF07A99D761CB61C689357DE3F3EE9A001DD48648E459112C479BBC880D4E9E6DD1CD8BF4C24F122592F7373D9A50E3D65CF2D927EF883A3FA7E6459EE1DFD7D5FB71B2C4D1F8DAAD99648CC6289DD9168D492B8CE1ACC5C6A592715EC39182DB76E0B2D5C7106D42D38E417B7271AB08C02D845060BB1BE3F21585650F3718EC0DF59CEC2A1D624E7203CDD0302278B74867409E80E9BB10444B6745889A524C2E4E6F81AD62902C2098E9B99756DBE53FBB876F0B7603D4C6B052E5287791D7F7076CC185363EF16DEF28E0506A699D4A15E3D74B783C87AFB10995A21F8B08ADDEA479B85EC40D7EDBB5104BEAA1B2BA3741E01E31EE0D039C5681C8027C26A668FC7FF20219A5C682E78D249</redirectLocation>
  <url>https://preproduccion.sge/login/login.jsp?site2pstoretoken=v1.4~CEF0A91F~CD26FDADA359F9FEA74B1A069B160DB11D382D78C981DD7F0CF43621446172297ACB9E46B08667F27B826A902CE4E19BAFF4D27E1D58F3609B683B24D7C299D4D4F8C42C8A8B27C70708BCEA47A5D05345A7AF07A99D761CB61C689357DE3F3EE9A001DD48648E459112C479BBC880D4E9E6DD1CD8BF4C24F122592F7373D9A50E3D65CF2D927EF883A3FA7E6459EE1DFD7D5FB71B2C4D1F8DAAD99648CC6289DD9168D492B8CE1ACC5C6A592715EC39182DB76E0B2D5C7106D42D38E417B7271AB08C02D845060BB1BE3F21585650F3718EC0DF59CEC2A1D624E7203CDD0302278B74867409E80E9BB10444B6745889A524C2E4E6F81AD62902C2098E9B99756DBE53FBB876F0B7603D4C6B052E5287791D7F7076CC185363EF16DEF28E0506A699D4A15E3D74B783C87AFB10995A21F8B08ADDEA479B85EC40D7EDBB5104BEAA1B2BA3741E01E31EE0D039C5681C8027C26A668FC7FF20219A5C682E78D249&amp;p_error_code=&amp;p_submit_url=https%3A%2F%2Flogin-pre.sge%2Fsso%2Fauth&amp;p_cancel_url=https%3A%2F%2Fpreproduccion.sge&amp;ssousername=&amp;subscribername=</url>
</httpSample>
<httpSample t="203" lt="0" ts="1298631995406" s="true" lb="/gepa/scripts/scriptaculous/scriptaculous.js" rc="200" by="5068">
  <responseHeader class="java.lang.String">HTTP/1.0 200 OK
Date: Fri, 25 Feb 2011 11:06:35 GMT
Server: Oracle-Application-Server-10g/10.1.2.2.0 Oracle-HTTP-Server
Content-Length: 5068
Set-Cookie: JSESSIONID=ddc1a9389cec0c7af3b0cfc7a78792572e674415c5bb958c55224e5c5735a581.e3eSbhiLaNyPe3yNbNyQc3qSai1BqBjKpPXxqAa; path=/login
Content-Type: text/html; charset=ISO-8859-1
</responseHeader>
  <requestHeader class="java.lang.String">Accept-Language: es-ES
Accept: */*
User-Agent: Mozilla/4.0 (compatible; MSIE 7.0; Windows NT 6.1; Trident/4.0; SLCC2; .NET CLR 2.0.50727; .NET CLR 3.5.30729; .NET CLR 3.0.30729; Media Center PC 6.0; MDDS; .NET4.0C)
Accept-Encoding: gzip, deflate
Referer: http://picasso:8888/gepa/ConexionAction.do?POSTDATA=variosPerfiles=true&amp;accion=iniciar&amp;codigoEntidad=DYS&amp;codigo=jcnegredo&amp;contrasenya=dysmatica&amp;rolSeleccionado=25
</requestHeader>
  <cookies class="java.lang.String"></cookies>
  <method class="java.lang.String">GET</method>
  <queryString class="java.lang.String"></queryString>
  <redirectLocation class="java.lang.String">https://login-pre.sge/pls/orasso/orasso.wwsso_app_admin.ls_login?Site2pstoreToken=v1.4~CEF0A91F~CD26FDADA359F9FEA74B1A069B160DB11D382D78C981DD7F0CF43621446172297ACB9E46B08667F27B826A902CE4E19BAFF4D27E1D58F3609B683B24D7C299D4D4F8C42C8A8B27C70708BCEA47A5D05345A7AF07A99D761C62591D54DCDF6B50A9D52DC2C6BFD74720B1EAB7B063D1C2D530807477FE6C1A7A79291A1FD15E3117FFE63E6FC5FDDE0989DAB740F07C3232714F4566E4F78A097C764EDA33678A2DCF2328A53730B120E3AE0A48332A45A07718526B185A6B948DBB9E838DF4377ACE9E90BC3F5626800FCBCDBF80DECD652A89F4D9668DBE2792A82D947868F5C190E5EA324EA423063516E05DBC85040E1E022E8DD1AEAD931382FB74371210907DE29B8663253BC1022CDCE5172EE6</redirectLocation>
  <url>https://preproduccion.sge/login/login.jsp?site2pstoretoken=v1.4~CEF0A91F~CD26FDADA359F9FEA74B1A069B160DB11D382D78C981DD7F0CF43621446172297ACB9E46B08667F27B826A902CE4E19BAFF4D27E1D58F3609B683B24D7C299D4D4F8C42C8A8B27C70708BCEA47A5D05345A7AF07A99D761C62591D54DCDF6B50A9D52DC2C6BFD74720B1EAB7B063D1C2D530807477FE6C1A7A79291A1FD15E3117FFE63E6FC5FDDE0989DAB740F07C3232714F4566E4F78A097C764EDA33678A2DCF2328A53730B120E3AE0A48332A45A07718526B185A6B948DBB9E838DF4377ACE9E90BC3F5626800FCBCDBF80DECD652A89F4D9668DBE2792A82D947868F5C190E5EA324EA423063516E05DBC85040E1E022E8DD1AEAD931382FB74371210907DE29B8663253BC1022CDCE5172EE6&amp;p_error_code=&amp;p_submit_url=https%3A%2F%2Flogin-pre.sge%2Fsso%2Fauth&amp;p_cancel_url=https%3A%2F%2Fpreproduccion.sge&amp;ssousername=&amp;subscribername=</url>
</httpSample>
<httpSample t="31" lt="15" ts="1298631995609" s="false" lb="/gepa/ConexionAction.do;jsessionid=eb634fe5b58b0bcb96508261e275709f9c8e236e3e15aeb347f0741aac2dda55" rc="500" by="778">
  <responseHeader class="java.lang.String">HTTP/1.0 500 Internal Server Error
Date: Fri, 25 Feb 2011 11:06:35 GMT
Server: Oracle-Application-Server-10g/10.1.2.2.0 Oracle-HTTP-Server
Content-Type: text/html; charset=iso-8859-1
</responseHeader>
  <requestHeader class="java.lang.String">Content-Type: application/x-www-form-urlencoded
Accept-Language: es-ES
Accept: image/jpeg, application/x-ms-application, image/gif, application/xaml+xml, image/pjpeg, application/x-ms-xbap, application/vnd.ms-powerpoint, application/vnd.ms-excel, application/msword, */*
User-Agent: Mozilla/4.0 (compatible; MSIE 7.0; Windows NT 6.1; Trident/4.0; SLCC2; .NET CLR 2.0.50727; .NET CLR 3.5.30729; .NET CLR 3.0.30729; Media Center PC 6.0; MDDS; .NET4.0C)
Accept-Encoding: gzip, deflate
Referer: http://picasso:8888/gepa/ConexionAction.do?POSTDATA=variosPerfiles=true&amp;accion=iniciar&amp;codigoEntidad=DYS&amp;codigo=jcnegredo&amp;contrasenya=dysmatica&amp;rolSeleccionado=25
Pragma: no-cache
</requestHeader>
  <cookies class="java.lang.String"></cookies>
  <method class="java.lang.String">POST</method>
  <queryString class="java.lang.String">variosPerfiles=true&amp;accion=seleccionarPerfil&amp;codigoEntidad=DYS&amp;rolSeleccionado=25</queryString>
  <url>https://preproduccion.sge:443/gepa/ConexionAction.do;jsessionid=eb634fe5b58b0bcb96508261e275709f9c8e236e3e15aeb347f0741aac2dda55</url>
</httpSample>
<httpSample t="172" lt="0" ts="1298631995640" s="true" lb="/gepa/scripts/scriptaculous/scriptaculous.js" rc="200" by="5068">
  <responseHeader class="java.lang.String">HTTP/1.0 200 OK
Date: Fri, 25 Feb 2011 11:06:35 GMT
Server: Oracle-Application-Server-10g/10.1.2.2.0 Oracle-HTTP-Server
Content-Length: 5068
Set-Cookie: JSESSIONID=cdfe12b98ca4060f73de6ce37df66dcab1d3dacd7271620b80a845f67cdf5ca7.e38Ob3aOaheRe34Mb3qSax0Pahz0nR9Pq6XteP93; path=/login
Content-Type: text/html; charset=ISO-8859-1
</responseHeader>
  <requestHeader class="java.lang.String">Accept-Language: es-ES
Accept: */*
User-Agent: Mozilla/4.0 (compatible; MSIE 7.0; Windows NT 6.1; Trident/4.0; SLCC2; .NET CLR 2.0.50727; .NET CLR 3.5.30729; .NET CLR 3.0.30729; Media Center PC 6.0; MDDS; .NET4.0C)
Accept-Encoding: gzip, deflate
Referer: http://picasso:8888/gepa/ConexionAction.do;jsessionid=eb634fe5b58b0bcb96508261e275709f9c8e236e3e15aeb347f0741aac2dda55
</requestHeader>
  <cookies class="java.lang.String"></cookies>
  <method class="java.lang.String">GET</method>
  <queryString class="java.lang.String"></queryString>
  <redirectLocation class="java.lang.String">https://login-pre.sge/pls/orasso/orasso.wwsso_app_admin.ls_login?Site2pstoreToken=v1.4~CEF0A91F~CD26FDADA359F9FEA74B1A069B160DB11D382D78C981DD7F0CF43621446172297ACB9E46B08667F27B826A902CE4E19BAFF4D27E1D58F3609B683B24D7C299D4D4F8C42C8A8B27C70708BCEA47A5D05345A7AF07A99D761C62591D54DCDF6B50A9D52DC2C6BFD74720B1EAB7B063D1C2D530807477FE6C1A7A79291A1FD15E3117FFE63E6FC5FDDE0989DAB740F07C3232714F4566E4F78A097C764EDA33678A2DCF2328A53730B120E3AE0A48332A45A07718526B185A6B948DBB9E838DF4377ACE9E90BC3F5626800FCBCDBF80DECD652A89F4D9668DBE2792A82D947868F5C190E5EA324EA423063516E05DBC85040E1E022E8DD1AEAD931382FB74371210907DE29B8663253BC1022CDCE5172EE6</redirectLocation>
  <url>https://preproduccion.sge/login/login.jsp?site2pstoretoken=v1.4~CEF0A91F~CD26FDADA359F9FEA74B1A069B160DB11D382D78C981DD7F0CF43621446172297ACB9E46B08667F27B826A902CE4E19BAFF4D27E1D58F3609B683B24D7C299D4D4F8C42C8A8B27C70708BCEA47A5D05345A7AF07A99D761C62591D54DCDF6B50A9D52DC2C6BFD74720B1EAB7B063D1C2D530807477FE6C1A7A79291A1FD15E3117FFE63E6FC5FDDE0989DAB740F07C3232714F4566E4F78A097C764EDA33678A2DCF2328A53730B120E3AE0A48332A45A07718526B185A6B948DBB9E838DF4377ACE9E90BC3F5626800FCBCDBF80DECD652A89F4D9668DBE2792A82D947868F5C190E5EA324EA423063516E05DBC85040E1E022E8DD1AEAD931382FB74371210907DE29B8663253BC1022CDCE5172EE6&amp;p_error_code=&amp;p_submit_url=https%3A%2F%2Flogin-pre.sge%2Fsso%2Fauth&amp;p_cancel_url=https%3A%2F%2Fpreproduccion.sge&amp;ssousername=&amp;subscribername=</url>
</httpSample>
<httpSample t="16" lt="16" ts="1298631995812" s="false" lb="/gepa/BusquedaAction.do" rc="500" by="778">
  <responseHeader class="java.lang.String">HTTP/1.0 500 Internal Server Error
Date: Fri, 25 Feb 2011 11:06:35 GMT
Server: Oracle-Application-Server-10g/10.1.2.2.0 Oracle-HTTP-Server
Content-Type: text/html; charset=iso-8859-1
</responseHeader>
  <requestHeader class="java.lang.String">Content-Type: application/x-www-form-urlencoded
Accept-Language: es-ES
Accept: image/jpeg, application/x-ms-application, image/gif, application/xaml+xml, image/pjpeg, application/x-ms-xbap, application/vnd.ms-powerpoint, application/vnd.ms-excel, application/msword, */*
User-Agent: Mozilla/4.0 (compatible; MSIE 7.0; Windows NT 6.1; Trident/4.0; SLCC2; .NET CLR 2.0.50727; .NET CLR 3.5.30729; .NET CLR 3.0.30729; Media Center PC 6.0; MDDS; .NET4.0C)
Accept-Encoding: gzip, deflate
Referer: http://picasso:8888/gepa/ConexionAction.do;jsessionid=eb634fe5b58b0bcb96508261e275709f9c8e236e3e15aeb347f0741aac2dda55
Pragma: no-cache
</requestHeader>
  <cookies class="java.lang.String"></cookies>
  <method class="java.lang.String">POST</method>
  <queryString class="java.lang.String">accion=buscar&amp;modo=rapida&amp;avanzadaDesplegada=false&amp;descElemPesado=&amp;identificacionRapida=&amp;nombreRapida=&amp;apellido1Rapida=&amp;apellido2Rapida=&amp;anyoRapida=&amp;numeroRapida=&amp;desdeRapida=&amp;hastaRapida=&amp;tramiteRapida=-1&amp;estadoRapida=-1&amp;idBusqueda=-1&amp;idClases=26&amp;metaTipo0=STRING&amp;metaTipo1=STRING&amp;metaTipo2=LISTA&amp;metaTipo3=STRING&amp;metaTipo4=LISTA_PESADA&amp;metaTipo5=STRING&amp;metaTipo6=LISTA&amp;metaTipo7=STRING&amp;metaTipo8=STRING&amp;metaTipo9=STRING&amp;metaTipo10=STRING&amp;metaTipo11=STRING&amp;metaTipo12=STRING&amp;metaTipo13=LISTA&amp;metaTipo14=STRING&amp;metaTipo15=TIMESTAMP&amp;metaTipo16=TIMESTAMP&amp;metaTipo17=TIMESTAMP&amp;metaTipo18=LISTA&amp;metaTipo19=LISTA_PESADA&amp;metaTipo20=STRING&amp;metaTipo21=STRING&amp;metaTipo22=STRING&amp;metaTipo23=STRING&amp;metaTipo24=STRING&amp;metaTipo25=LISTA_PESADA&amp;metaTipo26=LISTA&amp;metaTipo27=STRING&amp;metaTipo28=LISTA&amp;metaTipo29=STRING&amp;metaTipo30=STRING&amp;metaTipo31=INTEGER&amp;metaTipo32=STRING&amp;metaTipo33=STRING&amp;metaTipo34=STRING&amp;metaTipo35=LISTA&amp;metaTipo36=LISTA&amp;metaTipo37=LISTA&amp;metaTipo38=STRING&amp;metaTipo39=SEPARADOR&amp;metaTipo40=BOOLEAN&amp;metaTipo41=STRING&amp;metaTipo42=STRING&amp;metaTipo43=STRING&amp;metaTipo44=LISTA&amp;metaTipo45=BOOLEAN&amp;metaTipo46=BOOLEAN&amp;metaTipo47=BOOLEAN&amp;metaTipo48=STRING&amp;metaTipo49=TIMESTAMP&amp;metaTipo50=TIMESTAMP&amp;metaTipo51=TIMESTAMP&amp;metaTipo52=TIMESTAMP&amp;metaTipo53=TIMESTAMP&amp;metaTipo54=TIMESTAMP&amp;metaTipo55=TIMESTAMP&amp;metaTipo56=TIMESTAMP&amp;metaTipo57=TIMESTAMP&amp;metaTipo58=TIMESTAMP&amp;metaTipo59=TIMESTAMP&amp;metaTipo60=TIMESTAMP&amp;metaTipo61=TIMESTAMP&amp;metaTipo62=TIMESTAMP&amp;metaTipo63=TIMESTAMP&amp;metaTipo64=LISTA&amp;metaTipo65=LISTA&amp;metaTipo66=LISTA&amp;metaTipo67=DOUBLE&amp;metaTipo68=DOUBLE&amp;metaTipo69=DOUBLE&amp;metaTipo70=DOUBLE&amp;metaTipo71=DOUBLE&amp;metaTipo72=DOUBLE&amp;metaTipo73=DOUBLE&amp;metaTipo74=BOOLEAN&amp;metaTipo75=LISTA&amp;metaTipo76=STRING&amp;metaTipo77=STRING&amp;metaTipo78=STRING&amp;metaTipo79=STRING&amp;metaTipo80=STRING&amp;metaTipo81=STRING&amp;metaTipo82=STRING&amp;metaTipo83=BOOLEAN&amp;metaTipo84=BOOLEAN&amp;metaTipo85=STRING&amp;metaTipo86=LISTA&amp;metaTipo87=LISTA&amp;metaTipo88=LISTA_PESADA&amp;metaTipo89=LISTA&amp;metaTipo90=LISTA&amp;metaTipo91=STRING&amp;metaTipo92=LISTA&amp;metaTipo93=STRING&amp;metaTipo94=STRING&amp;metaTipo95=LISTA&amp;metaTipo96=LISTA&amp;metaTipo97=LISTA&amp;metaTipo98=BOOLEAN&amp;metaTipo99=LISTA&amp;metaTipo100=BOOLEAN&amp;metaTipo101=LISTA&amp;metaTipo102=LISTA&amp;metaTipo103=BOOLEAN&amp;metaTipo104=BOOLEAN&amp;metaTipo105=LISTA&amp;metaTipo106=LISTA&amp;metaTipo107=LISTA&amp;metaTipo108=LISTA&amp;metaTipo109=LISTA&amp;metaTipo110=STRING&amp;metaTipo111=LISTA&amp;valor=&amp;valorPesado=&amp;lista37=-1&amp;lista36=-1&amp;lista35=-1&amp;lista99=-1&amp;lista109=-1&amp;lista66=-1&amp;lista98=-1&amp;lista108=-1&amp;lista65=-1&amp;lista97=-1&amp;lista107=-1&amp;lista64=-1&amp;lista96=-1&amp;lista106=-1&amp;lista95=-1&amp;lista105=-1&amp;lista104=-1&amp;lista92=-1&amp;lista103=-1&amp;lista102=-1&amp;lista90=-1&amp;lista101=-1&amp;lista100=-1&amp;lista28=-1&amp;lista26=-1&amp;lista89=-1&amp;lista87=-1&amp;lista86=-1&amp;lista6=-1&amp;lista84=-1&amp;lista83=-1&amp;lista2=-1&amp;lista18=-1&amp;lista47=-1&amp;lista46=-1&amp;lista13=-1&amp;lista45=-1&amp;lista44=-1&amp;lista75=-1&amp;lista74=-1&amp;lista40=-1&amp;lista111=-1</queryString>
  <url>https://preproduccion.sge:443/gepa/BusquedaAction.do</url>
</httpSample>
<httpSample t="203" lt="0" ts="1298631995828" s="true" lb="/gepa/scripts/scriptaculous/scriptaculous.js" rc="200" by="5068">
  <responseHeader class="java.lang.String">HTTP/1.0 200 OK
Date: Fri, 25 Feb 2011 11:06:35 GMT
Server: Oracle-Application-Server-10g/10.1.2.2.0 Oracle-HTTP-Server
Content-Length: 5068
Set-Cookie: JSESSIONID=82aa26438bd33449538047d8c58c60ac271380b1a8684a38557bfdeefc2959f1.e3eSbhiLaNyPe3yNbNyQc3qSai1BqBjKpPXxqAa; path=/login
Content-Type: text/html; charset=ISO-8859-1
</responseHeader>
  <requestHeader class="java.lang.String">Accept-Language: es-ES
Accept: */*
User-Agent: Mozilla/4.0 (compatible; MSIE 7.0; Windows NT 6.1; Trident/4.0; SLCC2; .NET CLR 2.0.50727; .NET CLR 3.5.30729; .NET CLR 3.0.30729; Media Center PC 6.0; MDDS; .NET4.0C)
Accept-Encoding: gzip, deflate
Referer: http://picasso:8888/gepa/BusquedaAction.do
</requestHeader>
  <cookies class="java.lang.String"></cookies>
  <method class="java.lang.String">GET</method>
  <queryString class="java.lang.String"></queryString>
  <redirectLocation class="java.lang.String">https://login-pre.sge/pls/orasso/orasso.wwsso_app_admin.ls_login?Site2pstoreToken=v1.4~CEF0A91F~CD26FDADA359F9FEA74B1A069B160DB11D382D78C981DD7F0CF43621446172297ACB9E46B08667F27B826A902CE4E19BAFF4D27E1D58F3609B683B24D7C299D4D4F8C42C8A8B27C70708BCEA47A5D05345A7AF07A99D761C62591D54DCDF6B50A9D52DC2C6BFD74720B1EAB7B063D1C2D530807477FE6C1A7A79291A1FD15E3117FFE63E6FC5FDDE0989DAB740F07C3232714F4566E4F78A097C764EDA33678A2DCF2328A53730B120E3AE0A48332A45A07718526B185A6B948DBB9E838DF4377ACE9E90BC3F5626800FCBCDBF80DECD652A89F4D9668DBE2792A82D947868F5C190E5EA324EA423063516E05DBC85040E1E022E8DD1AEAD931382FB74371210907DE29B8663253BC1022CDCE5172EE6</redirectLocation>
  <url>https://preproduccion.sge/login/login.jsp?site2pstoretoken=v1.4~CEF0A91F~CD26FDADA359F9FEA74B1A069B160DB11D382D78C981DD7F0CF43621446172297ACB9E46B08667F27B826A902CE4E19BAFF4D27E1D58F3609B683B24D7C299D4D4F8C42C8A8B27C70708BCEA47A5D05345A7AF07A99D761C62591D54DCDF6B50A9D52DC2C6BFD74720B1EAB7B063D1C2D530807477FE6C1A7A79291A1FD15E3117FFE63E6FC5FDDE0989DAB740F07C3232714F4566E4F78A097C764EDA33678A2DCF2328A53730B120E3AE0A48332A45A07718526B185A6B948DBB9E838DF4377ACE9E90BC3F5626800FCBCDBF80DECD652A89F4D9668DBE2792A82D947868F5C190E5EA324EA423063516E05DBC85040E1E022E8DD1AEAD931382FB74371210907DE29B8663253BC1022CDCE5172EE6&amp;p_error_code=&amp;p_submit_url=https%3A%2F%2Flogin-pre.sge%2Fsso%2Fauth&amp;p_cancel_url=https%3A%2F%2Fpreproduccion.sge&amp;ssousername=&amp;subscribername=</url>
</httpSample>
<httpSample t="172" lt="0" ts="1298631996031" s="true" lb="/gepa/ResultadoBusquedaAction.do" rc="200" by="5004">
  <responseHeader class="java.lang.String">HTTP/1.0 200 OK
Date: Fri, 25 Feb 2011 11:06:36 GMT
Server: Oracle-Application-Server-10g/10.1.2.2.0 Oracle-HTTP-Server
Content-Length: 5004
Set-Cookie: JSESSIONID=6415c6b00a87da4e25a0f67bb67e83ab13d3bfc46a8e6baaad433583a63e66d5.e38Ob3aOaheRe34Mb3qSax0Pahz0nR9Pq6XteP93; path=/login
Content-Type: text/html; charset=ISO-8859-1
</responseHeader>
  <requestHeader class="java.lang.String">Accept-Language: es-ES
Accept: image/jpeg, application/x-ms-application, image/gif, application/xaml+xml, image/pjpeg, application/x-ms-xbap, application/vnd.ms-powerpoint, application/vnd.ms-excel, application/msword, */*
User-Agent: Mozilla/4.0 (compatible; MSIE 7.0; Windows NT 6.1; Trident/4.0; SLCC2; .NET CLR 2.0.50727; .NET CLR 3.5.30729; .NET CLR 3.0.30729; Media Center PC 6.0; MDDS; .NET4.0C)
Accept-Encoding: gzip, deflate
Referer: http://picasso:8888/gepa/BusquedaAction.do
</requestHeader>
  <cookies class="java.lang.String"></cookies>
  <method class="java.lang.String">GET</method>
  <queryString class="java.lang.String"></queryString>
  <redirectLocation class="java.lang.String">https://login-pre.sge/pls/orasso/orasso.wwsso_app_admin.ls_login?Site2pstoreToken=v1.4~CEF0A91F~7D2CE3AE43B03AFA0466E0ACB30C159E9571EF2911E9DF942C46BB2E3B16EBB0CB656D531278EF32E9320A53041ECCC58DBFA7497DFC6C3309A11ED265F8430CCD4BC2235475BB91359E6FD156CD2E8E629D73A69561D1BFEDDF216D2DDA7E34A5B4211AEFFC5D2CCDD40D7E05CC6AB264FC326E9B7C50270382D7A6DCB1244FCA8D7EB9FD303FDF6DBD46E9C8B2C4FE948A312201B2743303FA126880412F53461A3A10FB67C8799CAA5BD3092346FB9EB3C002869AF536FBE4D41D34837010FD765AAF870F660EDB4D967D4EE22EF442E9AC82F1C6E4FF6DD7D34F0F36FAEC2C9F2AA19170FD9C344AF1A459C2C7D1948074E0561F80BDC1FE9139FC8F9A02</redirectLocation>
  <url>https://preproduccion.sge/login/login.jsp?site2pstoretoken=v1.4~CEF0A91F~7D2CE3AE43B03AFA0466E0ACB30C159E9571EF2911E9DF942C46BB2E3B16EBB0CB656D531278EF32E9320A53041ECCC58DBFA7497DFC6C3309A11ED265F8430CCD4BC2235475BB91359E6FD156CD2E8E629D73A69561D1BFEDDF216D2DDA7E34A5B4211AEFFC5D2CCDD40D7E05CC6AB264FC326E9B7C50270382D7A6DCB1244FCA8D7EB9FD303FDF6DBD46E9C8B2C4FE948A312201B2743303FA126880412F53461A3A10FB67C8799CAA5BD3092346FB9EB3C002869AF536FBE4D41D34837010FD765AAF870F660EDB4D967D4EE22EF442E9AC82F1C6E4FF6DD7D34F0F36FAEC2C9F2AA19170FD9C344AF1A459C2C7D1948074E0561F80BDC1FE9139FC8F9A02&amp;p_error_code=&amp;p_submit_url=https%3A%2F%2Flogin-pre.sge%2Fsso%2Fauth&amp;p_cancel_url=https%3A%2F%2Fpreproduccion.sge&amp;ssousername=&amp;subscribername=</url>
</httpSample>
<httpSample t="203" lt="0" ts="1298631996203" s="true" lb="/gepa/scripts/scriptaculous/scriptaculous.js" rc="200" by="5068">
  <responseHeader class="java.lang.String">HTTP/1.0 200 OK
Date: Fri, 25 Feb 2011 11:06:36 GMT
Server: Oracle-Application-Server-10g/10.1.2.2.0 Oracle-HTTP-Server
Content-Length: 5068
Set-Cookie: JSESSIONID=4028cdb3cefc4a8b5094541fe9993b782136c2788212e4582d913f9149efcd30.e3eSbhiLaNyPe3yNbNyQc3qSai1BqBjKpPXxqAa; path=/login
Content-Type: text/html; charset=ISO-8859-1
</responseHeader>
  <requestHeader class="java.lang.String">Accept-Language: es-ES
Accept: */*
User-Agent: Mozilla/4.0 (compatible; MSIE 7.0; Windows NT 6.1; Trident/4.0; SLCC2; .NET CLR 2.0.50727; .NET CLR 3.5.30729; .NET CLR 3.0.30729; Media Center PC 6.0; MDDS; .NET4.0C)
Accept-Encoding: gzip, deflate
Referer: http://picasso:8888/gepa/ResultadoBusquedaAction.do?accion=gestionExp&amp;indice=0
</requestHeader>
  <cookies class="java.lang.String"></cookies>
  <method class="java.lang.String">GET</method>
  <queryString class="java.lang.String"></queryString>
  <redirectLocation class="java.lang.String">https://login-pre.sge/pls/orasso/orasso.wwsso_app_admin.ls_login?Site2pstoreToken=v1.4~CEF0A91F~7D2CE3AE43B03AFA0466E0ACB30C159E9571EF2911E9DF942C46BB2E3B16EBB0CB656D531278EF32E9320A53041ECCC58DBFA7497DFC6C3309A11ED265F8430CCD4BC2235475BB91359E6FD156CD2E8E629D73A69561D1BFEDDF216D2DDA7E346514A224D248B2F53D2A9997993D4BA0EC079C54623C5597DD547AF2FA74349D697F1C2EA8B8323850C7988C6AA8CDFD6E6D7909C4F851D43600FB9BFDBE9388FA6F3DC849587072B12A4783B75823B7804BAB590026074B45A7C82F6D13009906DD6E1AA4B8D404228E12D130DE8CD8E3C8A200993840A0898B587A87E6DE609FBE2616680A69B1BD363DD6F694427C1B6C8C014798D27EA401B7297CD19E9AEE5831BBEE07855611B3992F7FCE7F8D</redirectLocation>
  <url>https://preproduccion.sge/login/login.jsp?site2pstoretoken=v1.4~CEF0A91F~7D2CE3AE43B03AFA0466E0ACB30C159E9571EF2911E9DF942C46BB2E3B16EBB0CB656D531278EF32E9320A53041ECCC58DBFA7497DFC6C3309A11ED265F8430CCD4BC2235475BB91359E6FD156CD2E8E629D73A69561D1BFEDDF216D2DDA7E346514A224D248B2F53D2A9997993D4BA0EC079C54623C5597DD547AF2FA74349D697F1C2EA8B8323850C7988C6AA8CDFD6E6D7909C4F851D43600FB9BFDBE9388FA6F3DC849587072B12A4783B75823B7804BAB590026074B45A7C82F6D13009906DD6E1AA4B8D404228E12D130DE8CD8E3C8A200993840A0898B587A87E6DE609FBE2616680A69B1BD363DD6F694427C1B6C8C014798D27EA401B7297CD19E9AEE5831BBEE07855611B3992F7FCE7F8D&amp;p_error_code=&amp;p_submit_url=https%3A%2F%2Flogin-pre.sge%2Fsso%2Fauth&amp;p_cancel_url=https%3A%2F%2Fpreproduccion.sge&amp;ssousername=&amp;subscribername=</url>
</httpSample>
<httpSample t="203" lt="0" ts="1298631996406" s="true" lb="/gepa/ConexionAction.do" rc="200" by="5388">
  <responseHeader class="java.lang.String">HTTP/1.0 200 OK
Date: Fri, 25 Feb 2011 11:06:36 GMT
Server: Oracle-Application-Server-10g/10.1.2.2.0 Oracle-HTTP-Server
Content-Length: 5388
Set-Cookie: JSESSIONID=6fad0d0bb671466a321ea75b0ef0b977cbc7036cb807f033580a81a337353a2a.e38Ob3aOaheRe34Mb3qSax0Pahz0nR9Pq6XteP93; path=/login
Content-Type: text/html; charset=ISO-8859-1
</responseHeader>
  <requestHeader class="java.lang.String">Accept-Language: es
Accept: */*
User-Agent: Mozilla/4.0 (compatible; MSIE 7.0; Windows NT 6.1; Trident/4.0; SLCC2; .NET CLR 2.0.50727; .NET CLR 3.5.30729; .NET CLR 3.0.30729; Media Center PC 6.0; MDDS; .NET4.0C)
Accept-Encoding: gzip, deflate
</requestHeader>
  <cookies class="java.lang.String"></cookies>
  <method class="java.lang.String">GET</method>
  <queryString class="java.lang.String"></queryString>
  <redirectLocation class="java.lang.String">https://login-pre.sge/pls/orasso/orasso.wwsso_app_admin.ls_login?Site2pstoreToken=v1.4~CEF0A91F~7D2CE3AE43B03AFA0466E0ACB30C159E9571EF2911E9DF942C46BB2E3B16EBB0CB656D531278EF32E9320A53041ECCC58DBFA7497DFC6C3309A11ED265F8430CCD4BC2235475BB91359E6FD156CD2E8E629D73A69561D1BFEDDF216D2DDA7E34FBFDC882C80209959628C2191C9482103EF53F6C1CA8BE2E2F4092652B585BA16A8479D2BA88731DAE34148A73845FE829E78DA3D5499B94B28BD0675F8DDA05C43A6C19F09AA8E1140212D5AB4B51CA144FD695F4090C567E546DFCC3131BFC09825C2ED2B08D36C278A2B2BAD2FA6DB1C6AAF7ADAB70070EBABC88A10834C77F7F18BDA74D893E81CE2F5EDB211ABA42AA994FE40176D98139697AB3D91DADAF045D1B2E9A7E1059B1B4D7ED134F3DC783897B4668336CB6B1E2BECC53BB3E7B942A32998FF5C615B3B6B67462806E71ADF9842FEB1B2BF8CC318621A81CB1E1371592087A520AC750CBA9A8577334FF1C338376C1F05094CCFA681297352A</redirectLocation>
  <url>https://preproduccion.sge/login/login.jsp?site2pstoretoken=v1.4~CEF0A91F~7D2CE3AE43B03AFA0466E0ACB30C159E9571EF2911E9DF942C46BB2E3B16EBB0CB656D531278EF32E9320A53041ECCC58DBFA7497DFC6C3309A11ED265F8430CCD4BC2235475BB91359E6FD156CD2E8E629D73A69561D1BFEDDF216D2DDA7E34FBFDC882C80209959628C2191C9482103EF53F6C1CA8BE2E2F4092652B585BA16A8479D2BA88731DAE34148A73845FE829E78DA3D5499B94B28BD0675F8DDA05C43A6C19F09AA8E1140212D5AB4B51CA144FD695F4090C567E546DFCC3131BFC09825C2ED2B08D36C278A2B2BAD2FA6DB1C6AAF7ADAB70070EBABC88A10834C77F7F18BDA74D893E81CE2F5EDB211ABA42AA994FE40176D98139697AB3D91DADAF045D1B2E9A7E1059B1B4D7ED134F3DC783897B4668336CB6B1E2BECC53BB3E7B942A32998FF5C615B3B6B67462806E71ADF9842FEB1B2BF8CC318621A81CB1E1371592087A520AC750CBA9A8577334FF1C338376C1F05094CCFA681297352A&amp;p_error_code=&amp;p_submit_url=https%3A%2F%2Flogin-pre.sge%2Fsso%2Fauth&amp;p_cancel_url=https%3A%2F%2Fpreproduccion.sge&amp;ssousername=&amp;subscribername=</url>
</httpSample>
<httpSample t="187" lt="0" ts="1298631996609" s="true" lb="/gepa/scripts/scriptaculous/scriptaculous.js" rc="200" by="5068">
  <responseHeader class="java.lang.String">HTTP/1.0 200 OK
Date: Fri, 25 Feb 2011 11:06:36 GMT
Server: Oracle-Application-Server-10g/10.1.2.2.0 Oracle-HTTP-Server
Content-Length: 5068
Set-Cookie: JSESSIONID=11c485381b0751a093893d57af01d90bb8bb93940717c902b6f95fc5e0861e5a.e3eSbhiLaNyPe3yNbNyQc3qSai1BqBjKpPXxqAa; path=/login
Content-Type: text/html; charset=ISO-8859-1
</responseHeader>
  <requestHeader class="java.lang.String">Accept-Language: es-ES
Accept: */*
User-Agent: Mozilla/4.0 (compatible; MSIE 7.0; Windows NT 6.1; Trident/4.0; SLCC2; .NET CLR 2.0.50727; .NET CLR 3.5.30729; .NET CLR 3.0.30729; Media Center PC 6.0; MDDS; .NET4.0C)
Accept-Encoding: gzip, deflate
Referer: http://picasso:8888/gepa/ConexionAction.do?POSTDATA=variosPerfiles=true&amp;accion=iniciar&amp;codigoEntidad=DYS&amp;codigo=jcnegredo&amp;contrasenya=dysmatica&amp;rolSeleccionado=25
</requestHeader>
  <cookies class="java.lang.String"></cookies>
  <method class="java.lang.String">GET</method>
  <queryString class="java.lang.String"></queryString>
  <redirectLocation class="java.lang.String">https://login-pre.sge/pls/orasso/orasso.wwsso_app_admin.ls_login?Site2pstoreToken=v1.4~CEF0A91F~7D2CE3AE43B03AFA0466E0ACB30C159E9571EF2911E9DF942C46BB2E3B16EBB0CB656D531278EF32E9320A53041ECCC58DBFA7497DFC6C3309A11ED265F8430CCD4BC2235475BB91359E6FD156CD2E8E629D73A69561D1BFEDDF216D2DDA7E346514A224D248B2F53D2A9997993D4BA0EC079C54623C5597DD547AF2FA74349D697F1C2EA8B8323850C7988C6AA8CDFD6E6D7909C4F851D43600FB9BFDBE9388FA6F3DC849587072B12A4783B75823B7804BAB590026074B45A7C82F6D13009906DD6E1AA4B8D404228E12D130DE8CD8E3C8A200993840A0898B587A87E6DE609FBE2616680A69B1BD363DD6F694427C1B6C8C014798D27EA401B7297CD19E9AEE5831BBEE07855611B3992F7FCE7F8D</redirectLocation>
  <url>https://preproduccion.sge/login/login.jsp?site2pstoretoken=v1.4~CEF0A91F~7D2CE3AE43B03AFA0466E0ACB30C159E9571EF2911E9DF942C46BB2E3B16EBB0CB656D531278EF32E9320A53041ECCC58DBFA7497DFC6C3309A11ED265F8430CCD4BC2235475BB91359E6FD156CD2E8E629D73A69561D1BFEDDF216D2DDA7E346514A224D248B2F53D2A9997993D4BA0EC079C54623C5597DD547AF2FA74349D697F1C2EA8B8323850C7988C6AA8CDFD6E6D7909C4F851D43600FB9BFDBE9388FA6F3DC849587072B12A4783B75823B7804BAB590026074B45A7C82F6D13009906DD6E1AA4B8D404228E12D130DE8CD8E3C8A200993840A0898B587A87E6DE609FBE2616680A69B1BD363DD6F694427C1B6C8C014798D27EA401B7297CD19E9AEE5831BBEE07855611B3992F7FCE7F8D&amp;p_error_code=&amp;p_submit_url=https%3A%2F%2Flogin-pre.sge%2Fsso%2Fauth&amp;p_cancel_url=https%3A%2F%2Fpreproduccion.sge&amp;ssousername=&amp;subscribername=</url>
</httpSample>
<httpSample t="16" lt="16" ts="1298631996796" s="false" lb="/gepa/ConexionAction.do;jsessionid=eb634fe5b58b0bcb96508261e275709f9c8e236e3e15aeb347f0741aac2dda55" rc="500" by="778">
  <responseHeader class="java.lang.String">HTTP/1.0 500 Internal Server Error
Date: Fri, 25 Feb 2011 11:06:36 GMT
Server: Oracle-Application-Server-10g/10.1.2.2.0 Oracle-HTTP-Server
Content-Type: text/html; charset=iso-8859-1
</responseHeader>
  <requestHeader class="java.lang.String">Content-Type: application/x-www-form-urlencoded
Accept-Language: es-ES
Accept: image/jpeg, application/x-ms-application, image/gif, application/xaml+xml, image/pjpeg, application/x-ms-xbap, application/vnd.ms-powerpoint, application/vnd.ms-excel, application/msword, */*
User-Agent: Mozilla/4.0 (compatible; MSIE 7.0; Windows NT 6.1; Trident/4.0; SLCC2; .NET CLR 2.0.50727; .NET CLR 3.5.30729; .NET CLR 3.0.30729; Media Center PC 6.0; MDDS; .NET4.0C)
Accept-Encoding: gzip, deflate
Referer: http://picasso:8888/gepa/ConexionAction.do?POSTDATA=variosPerfiles=true&amp;accion=iniciar&amp;codigoEntidad=DYS&amp;codigo=jcnegredo&amp;contrasenya=dysmatica&amp;rolSeleccionado=25
Pragma: no-cache
</requestHeader>
  <cookies class="java.lang.String"></cookies>
  <method class="java.lang.String">POST</method>
  <queryString class="java.lang.String">variosPerfiles=true&amp;accion=seleccionarPerfil&amp;codigoEntidad=DYS&amp;rolSeleccionado=25</queryString>
  <url>https://preproduccion.sge:443/gepa/ConexionAction.do;jsessionid=eb634fe5b58b0bcb96508261e275709f9c8e236e3e15aeb347f0741aac2dda55</url>
</httpSample>
<httpSample t="187" lt="0" ts="1298631996812" s="true" lb="/gepa/scripts/scriptaculous/scriptaculous.js" rc="200" by="5068">
  <responseHeader class="java.lang.String">HTTP/1.0 200 OK
Date: Fri, 25 Feb 2011 11:06:36 GMT
Server: Oracle-Application-Server-10g/10.1.2.2.0 Oracle-HTTP-Server
Content-Length: 5068
Set-Cookie: JSESSIONID=3e5a4b1b1341992d5905638c654e40d178012e314983a2b5510e37a548f5d14b.e3eSbhiLaNyPe3yNbNyQc3qSai1BqBjKpPXxqAa; path=/login
Content-Type: text/html; charset=ISO-8859-1
</responseHeader>
  <requestHeader class="java.lang.String">Accept-Language: es-ES
Accept: */*
User-Agent: Mozilla/4.0 (compatible; MSIE 7.0; Windows NT 6.1; Trident/4.0; SLCC2; .NET CLR 2.0.50727; .NET CLR 3.5.30729; .NET CLR 3.0.30729; Media Center PC 6.0; MDDS; .NET4.0C)
Accept-Encoding: gzip, deflate
Referer: http://picasso:8888/gepa/ConexionAction.do;jsessionid=eb634fe5b58b0bcb96508261e275709f9c8e236e3e15aeb347f0741aac2dda55
</requestHeader>
  <cookies class="java.lang.String"></cookies>
  <method class="java.lang.String">GET</method>
  <queryString class="java.lang.String"></queryString>
  <redirectLocation class="java.lang.String">https://login-pre.sge/pls/orasso/orasso.wwsso_app_admin.ls_login?Site2pstoreToken=v1.4~CEF0A91F~7D2CE3AE43B03AFA0466E0ACB30C159E9571EF2911E9DF942C46BB2E3B16EBB0CB656D531278EF32E9320A53041ECCC58DBFA7497DFC6C3309A11ED265F8430CCD4BC2235475BB91359E6FD156CD2E8E629D73A69561D1BFEDDF216D2DDA7E346514A224D248B2F53D2A9997993D4BA0EC079C54623C5597DD547AF2FA74349D697F1C2EA8B8323850C7988C6AA8CDFD6E6D7909C4F851D43600FB9BFDBE9388FA6F3DC849587072B12A4783B75823B7804BAB590026074B45A7C82F6D13009906DD6E1AA4B8D404228E12D130DE8CD8E3C8A200993840A0898B587A87E6DE609FBE2616680A69B1BD363DD6F694427C1B6C8C014798D27EA401B7297CD19E9AEE5831BBEE07855611B3992F7FCE7F8D</redirectLocation>
  <url>https://preproduccion.sge/login/login.jsp?site2pstoretoken=v1.4~CEF0A91F~7D2CE3AE43B03AFA0466E0ACB30C159E9571EF2911E9DF942C46BB2E3B16EBB0CB656D531278EF32E9320A53041ECCC58DBFA7497DFC6C3309A11ED265F8430CCD4BC2235475BB91359E6FD156CD2E8E629D73A69561D1BFEDDF216D2DDA7E346514A224D248B2F53D2A9997993D4BA0EC079C54623C5597DD547AF2FA74349D697F1C2EA8B8323850C7988C6AA8CDFD6E6D7909C4F851D43600FB9BFDBE9388FA6F3DC849587072B12A4783B75823B7804BAB590026074B45A7C82F6D13009906DD6E1AA4B8D404228E12D130DE8CD8E3C8A200993840A0898B587A87E6DE609FBE2616680A69B1BD363DD6F694427C1B6C8C014798D27EA401B7297CD19E9AEE5831BBEE07855611B3992F7FCE7F8D&amp;p_error_code=&amp;p_submit_url=https%3A%2F%2Flogin-pre.sge%2Fsso%2Fauth&amp;p_cancel_url=https%3A%2F%2Fpreproduccion.sge&amp;ssousername=&amp;subscribername=</url>
</httpSample>
<httpSample t="16" lt="16" ts="1298631996999" s="false" lb="/gepa/BusquedaAction.do" rc="500" by="778">
  <responseHeader class="java.lang.String">HTTP/1.0 500 Internal Server Error
Date: Fri, 25 Feb 2011 11:06:37 GMT
Server: Oracle-Application-Server-10g/10.1.2.2.0 Oracle-HTTP-Server
Content-Type: text/html; charset=iso-8859-1
</responseHeader>
  <requestHeader class="java.lang.String">Content-Type: application/x-www-form-urlencoded
Accept-Language: es-ES
Accept: image/jpeg, application/x-ms-application, image/gif, application/xaml+xml, image/pjpeg, application/x-ms-xbap, application/vnd.ms-powerpoint, application/vnd.ms-excel, application/msword, */*
User-Agent: Mozilla/4.0 (compatible; MSIE 7.0; Windows NT 6.1; Trident/4.0; SLCC2; .NET CLR 2.0.50727; .NET CLR 3.5.30729; .NET CLR 3.0.30729; Media Center PC 6.0; MDDS; .NET4.0C)
Accept-Encoding: gzip, deflate
Referer: http://picasso:8888/gepa/ConexionAction.do;jsessionid=eb634fe5b58b0bcb96508261e275709f9c8e236e3e15aeb347f0741aac2dda55
Pragma: no-cache
</requestHeader>
  <cookies class="java.lang.String"></cookies>
  <method class="java.lang.String">POST</method>
  <queryString class="java.lang.String">accion=buscar&amp;modo=rapida&amp;avanzadaDesplegada=false&amp;descElemPesado=&amp;identificacionRapida=&amp;nombreRapida=&amp;apellido1Rapida=&amp;apellido2Rapida=&amp;anyoRapida=&amp;numeroRapida=&amp;desdeRapida=&amp;hastaRapida=&amp;tramiteRapida=-1&amp;estadoRapida=-1&amp;idBusqueda=-1&amp;idClases=26&amp;metaTipo0=STRING&amp;metaTipo1=STRING&amp;metaTipo2=LISTA&amp;metaTipo3=STRING&amp;metaTipo4=LISTA_PESADA&amp;metaTipo5=STRING&amp;metaTipo6=LISTA&amp;metaTipo7=STRING&amp;metaTipo8=STRING&amp;metaTipo9=STRING&amp;metaTipo10=STRING&amp;metaTipo11=STRING&amp;metaTipo12=STRING&amp;metaTipo13=LISTA&amp;metaTipo14=STRING&amp;metaTipo15=TIMESTAMP&amp;metaTipo16=TIMESTAMP&amp;metaTipo17=TIMESTAMP&amp;metaTipo18=LISTA&amp;metaTipo19=LISTA_PESADA&amp;metaTipo20=STRING&amp;metaTipo21=STRING&amp;metaTipo22=STRING&amp;metaTipo23=STRING&amp;metaTipo24=STRING&amp;metaTipo25=LISTA_PESADA&amp;metaTipo26=LISTA&amp;metaTipo27=STRING&amp;metaTipo28=LISTA&amp;metaTipo29=STRING&amp;metaTipo30=STRING&amp;metaTipo31=INTEGER&amp;metaTipo32=STRING&amp;metaTipo33=STRING&amp;metaTipo34=STRING&amp;metaTipo35=LISTA&amp;metaTipo36=LISTA&amp;metaTipo37=LISTA&amp;metaTipo38=STRING&amp;metaTipo39=SEPARADOR&amp;metaTipo40=BOOLEAN&amp;metaTipo41=STRING&amp;metaTipo42=STRING&amp;metaTipo43=STRING&amp;metaTipo44=LISTA&amp;metaTipo45=BOOLEAN&amp;metaTipo46=BOOLEAN&amp;metaTipo47=BOOLEAN&amp;metaTipo48=STRING&amp;metaTipo49=TIMESTAMP&amp;metaTipo50=TIMESTAMP&amp;metaTipo51=TIMESTAMP&amp;metaTipo52=TIMESTAMP&amp;metaTipo53=TIMESTAMP&amp;metaTipo54=TIMESTAMP&amp;metaTipo55=TIMESTAMP&amp;metaTipo56=TIMESTAMP&amp;metaTipo57=TIMESTAMP&amp;metaTipo58=TIMESTAMP&amp;metaTipo59=TIMESTAMP&amp;metaTipo60=TIMESTAMP&amp;metaTipo61=TIMESTAMP&amp;metaTipo62=TIMESTAMP&amp;metaTipo63=TIMESTAMP&amp;metaTipo64=LISTA&amp;metaTipo65=LISTA&amp;metaTipo66=LISTA&amp;metaTipo67=DOUBLE&amp;metaTipo68=DOUBLE&amp;metaTipo69=DOUBLE&amp;metaTipo70=DOUBLE&amp;metaTipo71=DOUBLE&amp;metaTipo72=DOUBLE&amp;metaTipo73=DOUBLE&amp;metaTipo74=BOOLEAN&amp;metaTipo75=LISTA&amp;metaTipo76=STRING&amp;metaTipo77=STRING&amp;metaTipo78=STRING&amp;metaTipo79=STRING&amp;metaTipo80=STRING&amp;metaTipo81=STRING&amp;metaTipo82=STRING&amp;metaTipo83=BOOLEAN&amp;metaTipo84=BOOLEAN&amp;metaTipo85=STRING&amp;metaTipo86=LISTA&amp;metaTipo87=LISTA&amp;metaTipo88=LISTA_PESADA&amp;metaTipo89=LISTA&amp;metaTipo90=LISTA&amp;metaTipo91=STRING&amp;metaTipo92=LISTA&amp;metaTipo93=STRING&amp;metaTipo94=STRING&amp;metaTipo95=LISTA&amp;metaTipo96=LISTA&amp;metaTipo97=LISTA&amp;metaTipo98=BOOLEAN&amp;metaTipo99=LISTA&amp;metaTipo100=BOOLEAN&amp;metaTipo101=LISTA&amp;metaTipo102=LISTA&amp;metaTipo103=BOOLEAN&amp;metaTipo104=BOOLEAN&amp;metaTipo105=LISTA&amp;metaTipo106=LISTA&amp;metaTipo107=LISTA&amp;metaTipo108=LISTA&amp;metaTipo109=LISTA&amp;metaTipo110=STRING&amp;metaTipo111=LISTA&amp;valor=&amp;valorPesado=&amp;lista37=-1&amp;lista36=-1&amp;lista35=-1&amp;lista99=-1&amp;lista109=-1&amp;lista66=-1&amp;lista98=-1&amp;lista108=-1&amp;lista65=-1&amp;lista97=-1&amp;lista107=-1&amp;lista64=-1&amp;lista96=-1&amp;lista106=-1&amp;lista95=-1&amp;lista105=-1&amp;lista104=-1&amp;lista92=-1&amp;lista103=-1&amp;lista102=-1&amp;lista90=-1&amp;lista101=-1&amp;lista100=-1&amp;lista28=-1&amp;lista26=-1&amp;lista89=-1&amp;lista87=-1&amp;lista86=-1&amp;lista6=-1&amp;lista84=-1&amp;lista83=-1&amp;lista2=-1&amp;lista18=-1&amp;lista47=-1&amp;lista46=-1&amp;lista13=-1&amp;lista45=-1&amp;lista44=-1&amp;lista75=-1&amp;lista74=-1&amp;lista40=-1&amp;lista111=-1</queryString>
  <url>https://preproduccion.sge:443/gepa/BusquedaAction.do</url>
</httpSample>
<httpSample t="234" lt="0" ts="1298631997031" s="true" lb="/gepa/scripts/scriptaculous/scriptaculous.js" rc="200" by="5068">
  <responseHeader class="java.lang.String">HTTP/1.0 200 OK
Date: Fri, 25 Feb 2011 11:06:37 GMT
Server: Oracle-Application-Server-10g/10.1.2.2.0 Oracle-HTTP-Server
Content-Length: 5068
Set-Cookie: JSESSIONID=d87a073bd855d0b364631e37a0506922fc659ff1221b5dc46a95d9040d29630e.e38Ob3aOaheRe34Mb3qSax0Pahz0nR9Pq6XteP93; path=/login
Content-Type: text/html; charset=ISO-8859-1
</responseHeader>
  <requestHeader class="java.lang.String">Accept-Language: es-ES
Accept: */*
User-Agent: Mozilla/4.0 (compatible; MSIE 7.0; Windows NT 6.1; Trident/4.0; SLCC2; .NET CLR 2.0.50727; .NET CLR 3.5.30729; .NET CLR 3.0.30729; Media Center PC 6.0; MDDS; .NET4.0C)
Accept-Encoding: gzip, deflate
Referer: http://picasso:8888/gepa/BusquedaAction.do
</requestHeader>
  <cookies class="java.lang.String"></cookies>
  <method class="java.lang.String">GET</method>
  <queryString class="java.lang.String"></queryString>
  <redirectLocation class="java.lang.String">https://login-pre.sge/pls/orasso/orasso.wwsso_app_admin.ls_login?Site2pstoreToken=v1.4~CEF0A91F~031663DEF9A7BE655239925DA92412EDDB181AE7924AF801A3AFB78B42D458E6505C38DACA5B7352F60D07C68ECCCA6CFFD5B2CD37D2C32F5055FA65B196B7C2F640A2494221E14AD996F7E31500755A4FC6312928EEC75E874D0373B3850E5222AF90074767E667E1AC7EE993E80B433FD8095DEDE18AC25B8665B40FDC0361858B49EFE045911BCC0457D36FBE74EB4CB1116D30313EDE59BB1EF6CDA842751932997A530853A46007A05DECDCABA7B8F6D74FF9974437CDD8E94EE9CED1FABA6CA9BDABB7E6791D3662DF96D9B5BB8FF50699A44E6E466D22530EA4A69F4F7BA4017E3D0F5D362A807FD73947F981FFA950171E146CD68709389751C83CAEF32FD2F526E8BA4C964F3318D171AE04</redirectLocation>
  <url>https://preproduccion.sge/login/login.jsp?site2pstoretoken=v1.4~CEF0A91F~031663DEF9A7BE655239925DA92412EDDB181AE7924AF801A3AFB78B42D458E6505C38DACA5B7352F60D07C68ECCCA6CFFD5B2CD37D2C32F5055FA65B196B7C2F640A2494221E14AD996F7E31500755A4FC6312928EEC75E874D0373B3850E5222AF90074767E667E1AC7EE993E80B433FD8095DEDE18AC25B8665B40FDC0361858B49EFE045911BCC0457D36FBE74EB4CB1116D30313EDE59BB1EF6CDA842751932997A530853A46007A05DECDCABA7B8F6D74FF9974437CDD8E94EE9CED1FABA6CA9BDABB7E6791D3662DF96D9B5BB8FF50699A44E6E466D22530EA4A69F4F7BA4017E3D0F5D362A807FD73947F981FFA950171E146CD68709389751C83CAEF32FD2F526E8BA4C964F3318D171AE04&amp;p_error_code=&amp;p_submit_url=https%3A%2F%2Flogin-pre.sge%2Fsso%2Fauth&amp;p_cancel_url=https%3A%2F%2Fpreproduccion.sge&amp;ssousername=&amp;subscribername=</url>
</httpSample>
<httpSample t="188" lt="0" ts="1298631997265" s="true" lb="/gepa/ResultadoBusquedaAction.do" rc="200" by="5004">
  <responseHeader class="java.lang.String">HTTP/1.0 200 OK
Date: Fri, 25 Feb 2011 11:06:37 GMT
Server: Oracle-Application-Server-10g/10.1.2.2.0 Oracle-HTTP-Server
Content-Length: 5004
Set-Cookie: JSESSIONID=c3a883f57fb447931cc2bcdac7299c82f76be1c87fa9c609c1e4645c22d0ff0f.e3eSbhiLaNyPe3yNbNyQc3qSai1BqBjKpPXxqAa; path=/login
Content-Type: text/html; charset=ISO-8859-1
</responseHeader>
  <requestHeader class="java.lang.String">Accept-Language: es-ES
Accept: image/jpeg, application/x-ms-application, image/gif, application/xaml+xml, image/pjpeg, application/x-ms-xbap, application/vnd.ms-powerpoint, application/vnd.ms-excel, application/msword, */*
User-Agent: Mozilla/4.0 (compatible; MSIE 7.0; Windows NT 6.1; Trident/4.0; SLCC2; .NET CLR 2.0.50727; .NET CLR 3.5.30729; .NET CLR 3.0.30729; Media Center PC 6.0; MDDS; .NET4.0C)
Accept-Encoding: gzip, deflate
Referer: http://picasso:8888/gepa/BusquedaAction.do
</requestHeader>
  <cookies class="java.lang.String"></cookies>
  <method class="java.lang.String">GET</method>
  <queryString class="java.lang.String"></queryString>
  <redirectLocation class="java.lang.String">https://login-pre.sge/pls/orasso/orasso.wwsso_app_admin.ls_login?Site2pstoreToken=v1.4~CEF0A91F~031663DEF9A7BE655239925DA92412EDDB181AE7924AF801A3AFB78B42D458E6505C38DACA5B7352F60D07C68ECCCA6CFFD5B2CD37D2C32F5055FA65B196B7C2F640A2494221E14AD996F7E31500755A4FC6312928EEC75E874D0373B3850E521F5D2DB0CC82E549CF06C43CBD05EC875739218A8BEB013A5EACB0AF2760BB7047824951E17B93946AA046167F00B19752594D88E758032CAA9479481BAE2C625BA485B9E0C52E793124599F4FDB479B253B6859FEC36FA7D20F33DCE450DC166077C7DFF9A13ADEBF946B4040147537CD6E6D37A08D51C497E9FA41DA7850481AD5BF0A0D08D3D8B03B66BBE720F7155361C8E457179B2A94CC35FC53016C6B</redirectLocation>
  <url>https://preproduccion.sge/login/login.jsp?site2pstoretoken=v1.4~CEF0A91F~031663DEF9A7BE655239925DA92412EDDB181AE7924AF801A3AFB78B42D458E6505C38DACA5B7352F60D07C68ECCCA6CFFD5B2CD37D2C32F5055FA65B196B7C2F640A2494221E14AD996F7E31500755A4FC6312928EEC75E874D0373B3850E521F5D2DB0CC82E549CF06C43CBD05EC875739218A8BEB013A5EACB0AF2760BB7047824951E17B93946AA046167F00B19752594D88E758032CAA9479481BAE2C625BA485B9E0C52E793124599F4FDB479B253B6859FEC36FA7D20F33DCE450DC166077C7DFF9A13ADEBF946B4040147537CD6E6D37A08D51C497E9FA41DA7850481AD5BF0A0D08D3D8B03B66BBE720F7155361C8E457179B2A94CC35FC53016C6B&amp;p_error_code=&amp;p_submit_url=https%3A%2F%2Flogin-pre.sge%2Fsso%2Fauth&amp;p_cancel_url=https%3A%2F%2Fpreproduccion.sge&amp;ssousername=&amp;subscribername=</url>
</httpSample>
<httpSample t="187" lt="0" ts="1298631997453" s="true" lb="/gepa/scripts/scriptaculous/scriptaculous.js" rc="200" by="5068">
  <responseHeader class="java.lang.String">HTTP/1.0 200 OK
Date: Fri, 25 Feb 2011 11:06:37 GMT
Server: Oracle-Application-Server-10g/10.1.2.2.0 Oracle-HTTP-Server
Content-Length: 5068
Set-Cookie: JSESSIONID=aedb506b34e30b8017f417ac4a960bf6e1256d7773fb22782ab7fbae417f7d3b.e38Ob3aOaheRe34Mb3qSax0Pahz0nR9Pq6XteP93; path=/login
Content-Type: text/html; charset=ISO-8859-1
</responseHeader>
  <requestHeader class="java.lang.String">Accept-Language: es-ES
Accept: */*
User-Agent: Mozilla/4.0 (compatible; MSIE 7.0; Windows NT 6.1; Trident/4.0; SLCC2; .NET CLR 2.0.50727; .NET CLR 3.5.30729; .NET CLR 3.0.30729; Media Center PC 6.0; MDDS; .NET4.0C)
Accept-Encoding: gzip, deflate
Referer: http://picasso:8888/gepa/ResultadoBusquedaAction.do?accion=gestionExp&amp;indice=0
</requestHeader>
  <cookies class="java.lang.String"></cookies>
  <method class="java.lang.String">GET</method>
  <queryString class="java.lang.String"></queryString>
  <redirectLocation class="java.lang.String">https://login-pre.sge/pls/orasso/orasso.wwsso_app_admin.ls_login?Site2pstoreToken=v1.4~CEF0A91F~031663DEF9A7BE655239925DA92412EDDB181AE7924AF801A3AFB78B42D458E6505C38DACA5B7352F60D07C68ECCCA6CFFD5B2CD37D2C32F5055FA65B196B7C2F640A2494221E14AD996F7E31500755A4FC6312928EEC75E874D0373B3850E5222AF90074767E667E1AC7EE993E80B433FD8095DEDE18AC25B8665B40FDC0361858B49EFE045911BCC0457D36FBE74EB4CB1116D30313EDE59BB1EF6CDA842751932997A530853A46007A05DECDCABA7B8F6D74FF9974437CDD8E94EE9CED1FABA6CA9BDABB7E6791D3662DF96D9B5BB8FF50699A44E6E466D22530EA4A69F4F7BA4017E3D0F5D362A807FD73947F981FFA950171E146CD68709389751C83CAEF32FD2F526E8BA4C964F3318D171AE04</redirectLocation>
  <url>https://preproduccion.sge/login/login.jsp?site2pstoretoken=v1.4~CEF0A91F~031663DEF9A7BE655239925DA92412EDDB181AE7924AF801A3AFB78B42D458E6505C38DACA5B7352F60D07C68ECCCA6CFFD5B2CD37D2C32F5055FA65B196B7C2F640A2494221E14AD996F7E31500755A4FC6312928EEC75E874D0373B3850E5222AF90074767E667E1AC7EE993E80B433FD8095DEDE18AC25B8665B40FDC0361858B49EFE045911BCC0457D36FBE74EB4CB1116D30313EDE59BB1EF6CDA842751932997A530853A46007A05DECDCABA7B8F6D74FF9974437CDD8E94EE9CED1FABA6CA9BDABB7E6791D3662DF96D9B5BB8FF50699A44E6E466D22530EA4A69F4F7BA4017E3D0F5D362A807FD73947F981FFA950171E146CD68709389751C83CAEF32FD2F526E8BA4C964F3318D171AE04&amp;p_error_code=&amp;p_submit_url=https%3A%2F%2Flogin-pre.sge%2Fsso%2Fauth&amp;p_cancel_url=https%3A%2F%2Fpreproduccion.sge&amp;ssousername=&amp;subscribername=</url>
</httpSample>
<httpSample t="203" lt="0" ts="1298631997656" s="true" lb="/gepa/ConexionAction.do" rc="200" by="5420">
  <responseHeader class="java.lang.String">HTTP/1.0 200 OK
Date: Fri, 25 Feb 2011 11:06:37 GMT
Server: Oracle-Application-Server-10g/10.1.2.2.0 Oracle-HTTP-Server
Content-Length: 5420
Set-Cookie: JSESSIONID=a69f771a43331662d40c90564f31f7d2bd9425129504a0c9a4e2295b2f20084d.e3eSbhiLaNyPe3yNbNyQc3qSai1BqBjKpPXxqAa; path=/login
Content-Type: text/html; charset=ISO-8859-1
</responseHeader>
  <requestHeader class="java.lang.String">Accept-Language: es
Accept: */*
User-Agent: Mozilla/4.0 (compatible; MSIE 7.0; Windows NT 6.1; Trident/4.0; SLCC2; .NET CLR 2.0.50727; .NET CLR 3.5.30729; .NET CLR 3.0.30729; Media Center PC 6.0; MDDS; .NET4.0C)
Accept-Encoding: gzip, deflate
</requestHeader>
  <cookies class="java.lang.String"></cookies>
  <method class="java.lang.String">GET</method>
  <queryString class="java.lang.String"></queryString>
  <redirectLocation class="java.lang.String">https://login-pre.sge/pls/orasso/orasso.wwsso_app_admin.ls_login?Site2pstoreToken=v1.4~CEF0A91F~031663DEF9A7BE655239925DA92412EDDB181AE7924AF801A3AFB78B42D458E6505C38DACA5B7352F60D07C68ECCCA6CFFD5B2CD37D2C32F5055FA65B196B7C2F640A2494221E14AD996F7E31500755A4FC6312928EEC75E874D0373B3850E5281BD4151F66768342F0CA99B6E94C204599A53E5C996ADC91692178DAF23D84903E81D23A7B158826B4BED4159F79CD5858963B0CEF37473A6F5243985D97C1233F351E38349C29785BEA6C3341AA0BDE0703F379858224D5623AB21EC018C1AC37AFC6D1511EF9AF2D52E191951EA41F411C72492100550E62E3EAD8C45269143A3DE79140B912095E909042F96F6A4DCC719CECECE13FC5EB22AE653CD6786F3C238A9CF89E59CA755249BDF614DFDE07D8A2D6600C15873037739BBEB88AE887BDFA75F24A5AD2890FC59668DAF61BCA869E57A932FD7BC9E2DEF962387C38F7291251678233502971F1F29CDBACAA533970CE141C26D90F04949B022882E8AF91A9F2BC47E47</redirectLocation>
  <url>https://preproduccion.sge/login/login.jsp?site2pstoretoken=v1.4~CEF0A91F~031663DEF9A7BE655239925DA92412EDDB181AE7924AF801A3AFB78B42D458E6505C38DACA5B7352F60D07C68ECCCA6CFFD5B2CD37D2C32F5055FA65B196B7C2F640A2494221E14AD996F7E31500755A4FC6312928EEC75E874D0373B3850E5281BD4151F66768342F0CA99B6E94C204599A53E5C996ADC91692178DAF23D84903E81D23A7B158826B4BED4159F79CD5858963B0CEF37473A6F5243985D97C1233F351E38349C29785BEA6C3341AA0BDE0703F379858224D5623AB21EC018C1AC37AFC6D1511EF9AF2D52E191951EA41F411C72492100550E62E3EAD8C45269143A3DE79140B912095E909042F96F6A4DCC719CECECE13FC5EB22AE653CD6786F3C238A9CF89E59CA755249BDF614DFDE07D8A2D6600C15873037739BBEB88AE887BDFA75F24A5AD2890FC59668DAF61BCA869E57A932FD7BC9E2DEF962387C38F7291251678233502971F1F29CDBACAA533970CE141C26D90F04949B022882E8AF91A9F2BC47E47&amp;p_error_code=&amp;p_submit_url=https%3A%2F%2Flogin-pre.sge%2Fsso%2Fauth&amp;p_cancel_url=https%3A%2F%2Fpreproduccion.sge&amp;ssousername=&amp;subscribername=</url>
</httpSample>
<httpSample t="187" lt="0" ts="1298631997859" s="true" lb="/gepa/scripts/scriptaculous/scriptaculous.js" rc="200" by="5068">
  <responseHeader class="java.lang.String">HTTP/1.0 200 OK
Date: Fri, 25 Feb 2011 11:06:37 GMT
Server: Oracle-Application-Server-10g/10.1.2.2.0 Oracle-HTTP-Server
Content-Length: 5068
Set-Cookie: JSESSIONID=31a9057dd5aeb51b85d360e5fc11fa70d2a58343c25994991378b66330778383.e38Ob3aOaheRe34Mb3qSax0Pahz0nR9Pq6XteP93; path=/login
Content-Type: text/html; charset=ISO-8859-1
</responseHeader>
  <requestHeader class="java.lang.String">Accept-Language: es-ES
Accept: */*
User-Agent: Mozilla/4.0 (compatible; MSIE 7.0; Windows NT 6.1; Trident/4.0; SLCC2; .NET CLR 2.0.50727; .NET CLR 3.5.30729; .NET CLR 3.0.30729; Media Center PC 6.0; MDDS; .NET4.0C)
Accept-Encoding: gzip, deflate
Referer: http://picasso:8888/gepa/ConexionAction.do?POSTDATA=variosPerfiles=true&amp;accion=iniciar&amp;codigoEntidad=DYS&amp;codigo=jcnegredo&amp;contrasenya=dysmatica&amp;rolSeleccionado=25
</requestHeader>
  <cookies class="java.lang.String"></cookies>
  <method class="java.lang.String">GET</method>
  <queryString class="java.lang.String"></queryString>
  <redirectLocation class="java.lang.String">https://login-pre.sge/pls/orasso/orasso.wwsso_app_admin.ls_login?Site2pstoreToken=v1.4~CEF0A91F~031663DEF9A7BE655239925DA92412EDDB181AE7924AF801A3AFB78B42D458E6505C38DACA5B7352F60D07C68ECCCA6CFFD5B2CD37D2C32F5055FA65B196B7C2F640A2494221E14AD996F7E31500755A4FC6312928EEC75E874D0373B3850E5222AF90074767E667E1AC7EE993E80B433FD8095DEDE18AC25B8665B40FDC0361858B49EFE045911BCC0457D36FBE74EB4CB1116D30313EDE59BB1EF6CDA842751932997A530853A46007A05DECDCABA7B8F6D74FF9974437CDD8E94EE9CED1FABA6CA9BDABB7E6791D3662DF96D9B5BB8FF50699A44E6E466D22530EA4A69F4F7BA4017E3D0F5D362A807FD73947F981FFA950171E146CD68709389751C83CAEF32FD2F526E8BA4C964F3318D171AE04</redirectLocation>
  <url>https://preproduccion.sge/login/login.jsp?site2pstoretoken=v1.4~CEF0A91F~031663DEF9A7BE655239925DA92412EDDB181AE7924AF801A3AFB78B42D458E6505C38DACA5B7352F60D07C68ECCCA6CFFD5B2CD37D2C32F5055FA65B196B7C2F640A2494221E14AD996F7E31500755A4FC6312928EEC75E874D0373B3850E5222AF90074767E667E1AC7EE993E80B433FD8095DEDE18AC25B8665B40FDC0361858B49EFE045911BCC0457D36FBE74EB4CB1116D30313EDE59BB1EF6CDA842751932997A530853A46007A05DECDCABA7B8F6D74FF9974437CDD8E94EE9CED1FABA6CA9BDABB7E6791D3662DF96D9B5BB8FF50699A44E6E466D22530EA4A69F4F7BA4017E3D0F5D362A807FD73947F981FFA950171E146CD68709389751C83CAEF32FD2F526E8BA4C964F3318D171AE04&amp;p_error_code=&amp;p_submit_url=https%3A%2F%2Flogin-pre.sge%2Fsso%2Fauth&amp;p_cancel_url=https%3A%2F%2Fpreproduccion.sge&amp;ssousername=&amp;subscribername=</url>
</httpSample>
<httpSample t="16" lt="16" ts="1298631998046" s="false" lb="/gepa/ConexionAction.do;jsessionid=eb634fe5b58b0bcb96508261e275709f9c8e236e3e15aeb347f0741aac2dda55" rc="500" by="778">
  <responseHeader class="java.lang.String">HTTP/1.0 500 Internal Server Error
Date: Fri, 25 Feb 2011 11:06:38 GMT
Server: Oracle-Application-Server-10g/10.1.2.2.0 Oracle-HTTP-Server
Content-Type: text/html; charset=iso-8859-1
</responseHeader>
  <requestHeader class="java.lang.String">Content-Type: application/x-www-form-urlencoded
Accept-Language: es-ES
Accept: image/jpeg, application/x-ms-application, image/gif, application/xaml+xml, image/pjpeg, application/x-ms-xbap, application/vnd.ms-powerpoint, application/vnd.ms-excel, application/msword, */*
User-Agent: Mozilla/4.0 (compatible; MSIE 7.0; Windows NT 6.1; Trident/4.0; SLCC2; .NET CLR 2.0.50727; .NET CLR 3.5.30729; .NET CLR 3.0.30729; Media Center PC 6.0; MDDS; .NET4.0C)
Accept-Encoding: gzip, deflate
Referer: http://picasso:8888/gepa/ConexionAction.do?POSTDATA=variosPerfiles=true&amp;accion=iniciar&amp;codigoEntidad=DYS&amp;codigo=jcnegredo&amp;contrasenya=dysmatica&amp;rolSeleccionado=25
Pragma: no-cache
</requestHeader>
  <cookies class="java.lang.String"></cookies>
  <method class="java.lang.String">POST</method>
  <queryString class="java.lang.String">variosPerfiles=true&amp;accion=seleccionarPerfil&amp;codigoEntidad=DYS&amp;rolSeleccionado=25</queryString>
  <url>https://preproduccion.sge:443/gepa/ConexionAction.do;jsessionid=eb634fe5b58b0bcb96508261e275709f9c8e236e3e15aeb347f0741aac2dda55</url>
</httpSample>
<httpSample t="172" lt="0" ts="1298631998062" s="true" lb="/gepa/scripts/scriptaculous/scriptaculous.js" rc="200" by="5068">
  <responseHeader class="java.lang.String">HTTP/1.0 200 OK
Date: Fri, 25 Feb 2011 11:06:38 GMT
Server: Oracle-Application-Server-10g/10.1.2.2.0 Oracle-HTTP-Server
Content-Length: 5068
Set-Cookie: JSESSIONID=a9824bc412122641fd3ea8a510abce3a44f1ee8c4cb71718ea1cd5a49b88459a.e38Ob3aOaheRe34Mb3qSax0Pahz0nR9Pq6XteP93; path=/login
Content-Type: text/html; charset=ISO-8859-1
</responseHeader>
  <requestHeader class="java.lang.String">Accept-Language: es-ES
Accept: */*
User-Agent: Mozilla/4.0 (compatible; MSIE 7.0; Windows NT 6.1; Trident/4.0; SLCC2; .NET CLR 2.0.50727; .NET CLR 3.5.30729; .NET CLR 3.0.30729; Media Center PC 6.0; MDDS; .NET4.0C)
Accept-Encoding: gzip, deflate
Referer: http://picasso:8888/gepa/ConexionAction.do;jsessionid=eb634fe5b58b0bcb96508261e275709f9c8e236e3e15aeb347f0741aac2dda55
</requestHeader>
  <cookies class="java.lang.String"></cookies>
  <method class="java.lang.String">GET</method>
  <queryString class="java.lang.String"></queryString>
  <redirectLocation class="java.lang.String">https://login-pre.sge/pls/orasso/orasso.wwsso_app_admin.ls_login?Site2pstoreToken=v1.4~CEF0A91F~5A60C4139EE1B868DBBB3C64E1CA9AF78EB6693E4D062AFBF5653803E04531672C9E78F4359474D94ECA50DD1E768DE7325F065FB037838685E1BAB73C4708B5EDBE47D933E5E2CF30A5B585B07D0A2AED0DA61061D1B54B6DAB73D3CAA1D588F58F68DFD47ABC0935313CC82484DBB7392E9EEAD3A5E15E1D0E321A73CD70EAB81CC6DE4C657459A9658BBCC9ECA5A5EF31F8B1F63B04287B5FA91BAA50EA0D0DACE86A7BB4FA0D6D09878753A79E4913DC3D96FD993C7A8CA5E4E959B967B7309E06111B39374063F4D87FF9F1B06C104225B127F70A28152C6980D015377772D6778AD46CD7985A05D9B67E9B633134DA54B155D4CC9D30B631773C80EBAAB5236AD34D7BFF3B350DB11A1B81E81B</redirectLocation>
  <url>https://preproduccion.sge/login/login.jsp?site2pstoretoken=v1.4~CEF0A91F~5A60C4139EE1B868DBBB3C64E1CA9AF78EB6693E4D062AFBF5653803E04531672C9E78F4359474D94ECA50DD1E768DE7325F065FB037838685E1BAB73C4708B5EDBE47D933E5E2CF30A5B585B07D0A2AED0DA61061D1B54B6DAB73D3CAA1D588F58F68DFD47ABC0935313CC82484DBB7392E9EEAD3A5E15E1D0E321A73CD70EAB81CC6DE4C657459A9658BBCC9ECA5A5EF31F8B1F63B04287B5FA91BAA50EA0D0DACE86A7BB4FA0D6D09878753A79E4913DC3D96FD993C7A8CA5E4E959B967B7309E06111B39374063F4D87FF9F1B06C104225B127F70A28152C6980D015377772D6778AD46CD7985A05D9B67E9B633134DA54B155D4CC9D30B631773C80EBAAB5236AD34D7BFF3B350DB11A1B81E81B&amp;p_error_code=&amp;p_submit_url=https%3A%2F%2Flogin-pre.sge%2Fsso%2Fauth&amp;p_cancel_url=https%3A%2F%2Fpreproduccion.sge&amp;ssousername=&amp;subscribername=</url>
</httpSample>
<httpSample t="140" lt="140" ts="1298631998234" s="false" lb="/gepa/BusquedaAction.do" rc="500" by="778">
  <responseHeader class="java.lang.String">HTTP/1.0 500 Internal Server Error
Date: Fri, 25 Feb 2011 11:06:38 GMT
Server: Oracle-Application-Server-10g/10.1.2.2.0 Oracle-HTTP-Server
Content-Type: text/html; charset=iso-8859-1
</responseHeader>
  <requestHeader class="java.lang.String">Content-Type: application/x-www-form-urlencoded
Accept-Language: es-ES
Accept: image/jpeg, application/x-ms-application, image/gif, application/xaml+xml, image/pjpeg, application/x-ms-xbap, application/vnd.ms-powerpoint, application/vnd.ms-excel, application/msword, */*
User-Agent: Mozilla/4.0 (compatible; MSIE 7.0; Windows NT 6.1; Trident/4.0; SLCC2; .NET CLR 2.0.50727; .NET CLR 3.5.30729; .NET CLR 3.0.30729; Media Center PC 6.0; MDDS; .NET4.0C)
Accept-Encoding: gzip, deflate
Referer: http://picasso:8888/gepa/ConexionAction.do;jsessionid=eb634fe5b58b0bcb96508261e275709f9c8e236e3e15aeb347f0741aac2dda55
Pragma: no-cache
</requestHeader>
  <cookies class="java.lang.String"></cookies>
  <method class="java.lang.String">POST</method>
  <queryString class="java.lang.String">accion=buscar&amp;modo=rapida&amp;avanzadaDesplegada=false&amp;descElemPesado=&amp;identificacionRapida=&amp;nombreRapida=&amp;apellido1Rapida=&amp;apellido2Rapida=&amp;anyoRapida=&amp;numeroRapida=&amp;desdeRapida=&amp;hastaRapida=&amp;tramiteRapida=-1&amp;estadoRapida=-1&amp;idBusqueda=-1&amp;idClases=26&amp;metaTipo0=STRING&amp;metaTipo1=STRING&amp;metaTipo2=LISTA&amp;metaTipo3=STRING&amp;metaTipo4=LISTA_PESADA&amp;metaTipo5=STRING&amp;metaTipo6=LISTA&amp;metaTipo7=STRING&amp;metaTipo8=STRING&amp;metaTipo9=STRING&amp;metaTipo10=STRING&amp;metaTipo11=STRING&amp;metaTipo12=STRING&amp;metaTipo13=LISTA&amp;metaTipo14=STRING&amp;metaTipo15=TIMESTAMP&amp;metaTipo16=TIMESTAMP&amp;metaTipo17=TIMESTAMP&amp;metaTipo18=LISTA&amp;metaTipo19=LISTA_PESADA&amp;metaTipo20=STRING&amp;metaTipo21=STRING&amp;metaTipo22=STRING&amp;metaTipo23=STRING&amp;metaTipo24=STRING&amp;metaTipo25=LISTA_PESADA&amp;metaTipo26=LISTA&amp;metaTipo27=STRING&amp;metaTipo28=LISTA&amp;metaTipo29=STRING&amp;metaTipo30=STRING&amp;metaTipo31=INTEGER&amp;metaTipo32=STRING&amp;metaTipo33=STRING&amp;metaTipo34=STRING&amp;metaTipo35=LISTA&amp;metaTipo36=LISTA&amp;metaTipo37=LISTA&amp;metaTipo38=STRING&amp;metaTipo39=SEPARADOR&amp;metaTipo40=BOOLEAN&amp;metaTipo41=STRING&amp;metaTipo42=STRING&amp;metaTipo43=STRING&amp;metaTipo44=LISTA&amp;metaTipo45=BOOLEAN&amp;metaTipo46=BOOLEAN&amp;metaTipo47=BOOLEAN&amp;metaTipo48=STRING&amp;metaTipo49=TIMESTAMP&amp;metaTipo50=TIMESTAMP&amp;metaTipo51=TIMESTAMP&amp;metaTipo52=TIMESTAMP&amp;metaTipo53=TIMESTAMP&amp;metaTipo54=TIMESTAMP&amp;metaTipo55=TIMESTAMP&amp;metaTipo56=TIMESTAMP&amp;metaTipo57=TIMESTAMP&amp;metaTipo58=TIMESTAMP&amp;metaTipo59=TIMESTAMP&amp;metaTipo60=TIMESTAMP&amp;metaTipo61=TIMESTAMP&amp;metaTipo62=TIMESTAMP&amp;metaTipo63=TIMESTAMP&amp;metaTipo64=LISTA&amp;metaTipo65=LISTA&amp;metaTipo66=LISTA&amp;metaTipo67=DOUBLE&amp;metaTipo68=DOUBLE&amp;metaTipo69=DOUBLE&amp;metaTipo70=DOUBLE&amp;metaTipo71=DOUBLE&amp;metaTipo72=DOUBLE&amp;metaTipo73=DOUBLE&amp;metaTipo74=BOOLEAN&amp;metaTipo75=LISTA&amp;metaTipo76=STRING&amp;metaTipo77=STRING&amp;metaTipo78=STRING&amp;metaTipo79=STRING&amp;metaTipo80=STRING&amp;metaTipo81=STRING&amp;metaTipo82=STRING&amp;metaTipo83=BOOLEAN&amp;metaTipo84=BOOLEAN&amp;metaTipo85=STRING&amp;metaTipo86=LISTA&amp;metaTipo87=LISTA&amp;metaTipo88=LISTA_PESADA&amp;metaTipo89=LISTA&amp;metaTipo90=LISTA&amp;metaTipo91=STRING&amp;metaTipo92=LISTA&amp;metaTipo93=STRING&amp;metaTipo94=STRING&amp;metaTipo95=LISTA&amp;metaTipo96=LISTA&amp;metaTipo97=LISTA&amp;metaTipo98=BOOLEAN&amp;metaTipo99=LISTA&amp;metaTipo100=BOOLEAN&amp;metaTipo101=LISTA&amp;metaTipo102=LISTA&amp;metaTipo103=BOOLEAN&amp;metaTipo104=BOOLEAN&amp;metaTipo105=LISTA&amp;metaTipo106=LISTA&amp;metaTipo107=LISTA&amp;metaTipo108=LISTA&amp;metaTipo109=LISTA&amp;metaTipo110=STRING&amp;metaTipo111=LISTA&amp;valor=&amp;valorPesado=&amp;lista37=-1&amp;lista36=-1&amp;lista35=-1&amp;lista99=-1&amp;lista109=-1&amp;lista66=-1&amp;lista98=-1&amp;lista108=-1&amp;lista65=-1&amp;lista97=-1&amp;lista107=-1&amp;lista64=-1&amp;lista96=-1&amp;lista106=-1&amp;lista95=-1&amp;lista105=-1&amp;lista104=-1&amp;lista92=-1&amp;lista103=-1&amp;lista102=-1&amp;lista90=-1&amp;lista101=-1&amp;lista100=-1&amp;lista28=-1&amp;lista26=-1&amp;lista89=-1&amp;lista87=-1&amp;lista86=-1&amp;lista6=-1&amp;lista84=-1&amp;lista83=-1&amp;lista2=-1&amp;lista18=-1&amp;lista47=-1&amp;lista46=-1&amp;lista13=-1&amp;lista45=-1&amp;lista44=-1&amp;lista75=-1&amp;lista74=-1&amp;lista40=-1&amp;lista111=-1</queryString>
  <url>https://preproduccion.sge:443/gepa/BusquedaAction.do</url>
</httpSample>
<httpSample t="188" lt="0" ts="1298631998374" s="true" lb="/gepa/scripts/scriptaculous/scriptaculous.js" rc="200" by="5068">
  <responseHeader class="java.lang.String">HTTP/1.0 200 OK
Date: Fri, 25 Feb 2011 11:06:38 GMT
Server: Oracle-Application-Server-10g/10.1.2.2.0 Oracle-HTTP-Server
Content-Length: 5068
Set-Cookie: JSESSIONID=fdf0856ffa2e71d2f8e26bf322bfeedfa30bb2a957f0ae9602285741525aa131.e3eSbhiLaNyPe3yNbNyQc3qSai1BqBjKpPXxqAa; path=/login
Content-Type: text/html; charset=ISO-8859-1
</responseHeader>
  <requestHeader class="java.lang.String">Accept-Language: es-ES
Accept: */*
User-Agent: Mozilla/4.0 (compatible; MSIE 7.0; Windows NT 6.1; Trident/4.0; SLCC2; .NET CLR 2.0.50727; .NET CLR 3.5.30729; .NET CLR 3.0.30729; Media Center PC 6.0; MDDS; .NET4.0C)
Accept-Encoding: gzip, deflate
Referer: http://picasso:8888/gepa/BusquedaAction.do
</requestHeader>
  <cookies class="java.lang.String"></cookies>
  <method class="java.lang.String">GET</method>
  <queryString class="java.lang.String"></queryString>
  <redirectLocation class="java.lang.String">https://login-pre.sge/pls/orasso/orasso.wwsso_app_admin.ls_login?Site2pstoreToken=v1.4~CEF0A91F~5A60C4139EE1B868DBBB3C64E1CA9AF78EB6693E4D062AFBF5653803E04531672C9E78F4359474D94ECA50DD1E768DE7325F065FB037838685E1BAB73C4708B5EDBE47D933E5E2CF30A5B585B07D0A2AED0DA61061D1B54B6DAB73D3CAA1D588F58F68DFD47ABC0935313CC82484DBB7392E9EEAD3A5E15E1D0E321A73CD70EAB81CC6DE4C657459A9658BBCC9ECA5A5EF31F8B1F63B04287B5FA91BAA50EA0D0DACE86A7BB4FA0D6D09878753A79E4913DC3D96FD993C7A8CA5E4E959B967B7309E06111B39374063F4D87FF9F1B06C104225B127F70A28152C6980D015377772D6778AD46CD7985A05D9B67E9B633134DA54B155D4CC9D30B631773C80EBAAB5236AD34D7BFF3B350DB11A1B81E81B</redirectLocation>
  <url>https://preproduccion.sge/login/login.jsp?site2pstoretoken=v1.4~CEF0A91F~5A60C4139EE1B868DBBB3C64E1CA9AF78EB6693E4D062AFBF5653803E04531672C9E78F4359474D94ECA50DD1E768DE7325F065FB037838685E1BAB73C4708B5EDBE47D933E5E2CF30A5B585B07D0A2AED0DA61061D1B54B6DAB73D3CAA1D588F58F68DFD47ABC0935313CC82484DBB7392E9EEAD3A5E15E1D0E321A73CD70EAB81CC6DE4C657459A9658BBCC9ECA5A5EF31F8B1F63B04287B5FA91BAA50EA0D0DACE86A7BB4FA0D6D09878753A79E4913DC3D96FD993C7A8CA5E4E959B967B7309E06111B39374063F4D87FF9F1B06C104225B127F70A28152C6980D015377772D6778AD46CD7985A05D9B67E9B633134DA54B155D4CC9D30B631773C80EBAAB5236AD34D7BFF3B350DB11A1B81E81B&amp;p_error_code=&amp;p_submit_url=https%3A%2F%2Flogin-pre.sge%2Fsso%2Fauth&amp;p_cancel_url=https%3A%2F%2Fpreproduccion.sge&amp;ssousername=&amp;subscribername=</url>
</httpSample>
<httpSample t="187" lt="0" ts="1298631998562" s="true" lb="/gepa/ResultadoBusquedaAction.do" rc="200" by="4972">
  <responseHeader class="java.lang.String">HTTP/1.0 200 OK
Date: Fri, 25 Feb 2011 11:06:38 GMT
Server: Oracle-Application-Server-10g/10.1.2.2.0 Oracle-HTTP-Server
Content-Length: 4972
Set-Cookie: JSESSIONID=02f7786cf0f4387352f260235606f4596a4d71d63fb031744e8d7b454675658a.e38Ob3aOaheRe34Mb3qSax0Pahz0nR9Pq6XteP93; path=/login
Content-Type: text/html; charset=ISO-8859-1
</responseHeader>
  <requestHeader class="java.lang.String">Accept-Language: es-ES
Accept: image/jpeg, application/x-ms-application, image/gif, application/xaml+xml, image/pjpeg, application/x-ms-xbap, application/vnd.ms-powerpoint, application/vnd.ms-excel, application/msword, */*
User-Agent: Mozilla/4.0 (compatible; MSIE 7.0; Windows NT 6.1; Trident/4.0; SLCC2; .NET CLR 2.0.50727; .NET CLR 3.5.30729; .NET CLR 3.0.30729; Media Center PC 6.0; MDDS; .NET4.0C)
Accept-Encoding: gzip, deflate
Referer: http://picasso:8888/gepa/BusquedaAction.do
</requestHeader>
  <cookies class="java.lang.String"></cookies>
  <method class="java.lang.String">GET</method>
  <queryString class="java.lang.String"></queryString>
  <redirectLocation class="java.lang.String">https://login-pre.sge/pls/orasso/orasso.wwsso_app_admin.ls_login?Site2pstoreToken=v1.4~CEF0A91F~5A60C4139EE1B868DBBB3C64E1CA9AF78EB6693E4D062AFBF5653803E04531672C9E78F4359474D94ECA50DD1E768DE7325F065FB037838685E1BAB73C4708B5EDBE47D933E5E2CF30A5B585B07D0A2AED0DA61061D1B54BE9FA2264C0880050E3D4FBC95CC2A5934295FBA112A611F03DD5BB229F14E0834F71E42D450A1CDF3F7947D4BF7CB366E253F2FB06EAB73B5FC4C6A254EFEC03B677C25979A89F2A9BB79DE623D926B51AC1FC8535C2FD0D6A56FBB9BD76F2E341CC749998098FCC0CDAD1AB8E9B71698C8A639EF1D4A3D6B0B3DFC74743417943DDDBB4369BC93A545510AAF07135A79CA6104118C9F75BC6D5DCCC1ADBB86D</redirectLocation>
  <url>https://preproduccion.sge/login/login.jsp?site2pstoretoken=v1.4~CEF0A91F~5A60C4139EE1B868DBBB3C64E1CA9AF78EB6693E4D062AFBF5653803E04531672C9E78F4359474D94ECA50DD1E768DE7325F065FB037838685E1BAB73C4708B5EDBE47D933E5E2CF30A5B585B07D0A2AED0DA61061D1B54BE9FA2264C0880050E3D4FBC95CC2A5934295FBA112A611F03DD5BB229F14E0834F71E42D450A1CDF3F7947D4BF7CB366E253F2FB06EAB73B5FC4C6A254EFEC03B677C25979A89F2A9BB79DE623D926B51AC1FC8535C2FD0D6A56FBB9BD76F2E341CC749998098FCC0CDAD1AB8E9B71698C8A639EF1D4A3D6B0B3DFC74743417943DDDBB4369BC93A545510AAF07135A79CA6104118C9F75BC6D5DCCC1ADBB86D&amp;p_error_code=&amp;p_submit_url=https%3A%2F%2Flogin-pre.sge%2Fsso%2Fauth&amp;p_cancel_url=https%3A%2F%2Fpreproduccion.sge&amp;ssousername=&amp;subscribername=</url>
</httpSample>
<httpSample t="172" lt="0" ts="1298631998749" s="true" lb="/gepa/scripts/scriptaculous/scriptaculous.js" rc="200" by="5068">
  <responseHeader class="java.lang.String">HTTP/1.0 200 OK
Date: Fri, 25 Feb 2011 11:06:38 GMT
Server: Oracle-Application-Server-10g/10.1.2.2.0 Oracle-HTTP-Server
Content-Length: 5068
Set-Cookie: JSESSIONID=ecc9b18093b538edc3e025b3060955746883053a06a9514e455e3fc8646c7c31.e3eSbhiLaNyPe3yNbNyQc3qSai1BqBjKpPXxqAa; path=/login
Content-Type: text/html; charset=ISO-8859-1
</responseHeader>
  <requestHeader class="java.lang.String">Accept-Language: es-ES
Accept: */*
User-Agent: Mozilla/4.0 (compatible; MSIE 7.0; Windows NT 6.1; Trident/4.0; SLCC2; .NET CLR 2.0.50727; .NET CLR 3.5.30729; .NET CLR 3.0.30729; Media Center PC 6.0; MDDS; .NET4.0C)
Accept-Encoding: gzip, deflate
Referer: http://picasso:8888/gepa/ResultadoBusquedaAction.do?accion=gestionExp&amp;indice=0
</requestHeader>
  <cookies class="java.lang.String"></cookies>
  <method class="java.lang.String">GET</method>
  <queryString class="java.lang.String"></queryString>
  <redirectLocation class="java.lang.String">https://login-pre.sge/pls/orasso/orasso.wwsso_app_admin.ls_login?Site2pstoreToken=v1.4~CEF0A91F~5A60C4139EE1B868DBBB3C64E1CA9AF78EB6693E4D062AFBF5653803E04531672C9E78F4359474D94ECA50DD1E768DE7325F065FB037838685E1BAB73C4708B5EDBE47D933E5E2CF30A5B585B07D0A2AED0DA61061D1B54B6DAB73D3CAA1D588F58F68DFD47ABC0935313CC82484DBB7392E9EEAD3A5E15E1D0E321A73CD70EAB81CC6DE4C657459A9658BBCC9ECA5A5EF31F8B1F63B04287B5FA91BAA50EA0D0DACE86A7BB4FA0D6D09878753A79E4913DC3D96FD993C7A8CA5E4E959B967B7309E06111B39374063F4D87FF9F1B06C104225B127F70A28152C6980D015377772D6778AD46CD7985A05D9B67E9B633134DA54B155D4CC9D30B631773C80EBAAB5236AD34D7BFF3B350DB11A1B81E81B</redirectLocation>
  <url>https://preproduccion.sge/login/login.jsp?site2pstoretoken=v1.4~CEF0A91F~5A60C4139EE1B868DBBB3C64E1CA9AF78EB6693E4D062AFBF5653803E04531672C9E78F4359474D94ECA50DD1E768DE7325F065FB037838685E1BAB73C4708B5EDBE47D933E5E2CF30A5B585B07D0A2AED0DA61061D1B54B6DAB73D3CAA1D588F58F68DFD47ABC0935313CC82484DBB7392E9EEAD3A5E15E1D0E321A73CD70EAB81CC6DE4C657459A9658BBCC9ECA5A5EF31F8B1F63B04287B5FA91BAA50EA0D0DACE86A7BB4FA0D6D09878753A79E4913DC3D96FD993C7A8CA5E4E959B967B7309E06111B39374063F4D87FF9F1B06C104225B127F70A28152C6980D015377772D6778AD46CD7985A05D9B67E9B633134DA54B155D4CC9D30B631773C80EBAAB5236AD34D7BFF3B350DB11A1B81E81B&amp;p_error_code=&amp;p_submit_url=https%3A%2F%2Flogin-pre.sge%2Fsso%2Fauth&amp;p_cancel_url=https%3A%2F%2Fpreproduccion.sge&amp;ssousername=&amp;subscribername=</url>
</httpSample>
<httpSample t="187" lt="0" ts="1298631998937" s="true" lb="/gepa/ConexionAction.do" rc="200" by="5388">
  <responseHeader class="java.lang.String">HTTP/1.0 200 OK
Date: Fri, 25 Feb 2011 11:06:38 GMT
Server: Oracle-Application-Server-10g/10.1.2.2.0 Oracle-HTTP-Server
Content-Length: 5388
Set-Cookie: JSESSIONID=70af5b04f9d9f13413fa97ad9876c2ef36a86ea56fdd5231db3f56b609766ae1.e38Ob3aOaheRe34Mb3qSax0Pahz0nR9Pq6XteP93; path=/login
Content-Type: text/html; charset=ISO-8859-1
</responseHeader>
  <requestHeader class="java.lang.String">Accept-Language: es
Accept: */*
User-Agent: Mozilla/4.0 (compatible; MSIE 7.0; Windows NT 6.1; Trident/4.0; SLCC2; .NET CLR 2.0.50727; .NET CLR 3.5.30729; .NET CLR 3.0.30729; Media Center PC 6.0; MDDS; .NET4.0C)
Accept-Encoding: gzip, deflate
</requestHeader>
  <cookies class="java.lang.String"></cookies>
  <method class="java.lang.String">GET</method>
  <queryString class="java.lang.String"></queryString>
  <redirectLocation class="java.lang.String">https://login-pre.sge/pls/orasso/orasso.wwsso_app_admin.ls_login?Site2pstoreToken=v1.4~CEF0A91F~5A60C4139EE1B868DBBB3C64E1CA9AF78EB6693E4D062AFBF5653803E04531672C9E78F4359474D94ECA50DD1E768DE7325F065FB037838685E1BAB73C4708B5EDBE47D933E5E2CF30A5B585B07D0A2AED0DA61061D1B54B51E7D5C696DADD6BDB15C0A2F62C6506BD04F94C68A8E02D5AB00089FF8C87AD20BD209C33552AA54A47ECB82531D2B097759BCB9F7D1DA68DF32E4628F58BA2426BDA6CF1E60956EEAAF6294CAD178AEE10F00DA49B6DE1E4617504412F743332E9AC7FB01F055FC0F8ABD9E7808E28333778A3C4252ED6E39D71E63A98F74EA49EC130DDD9F840591281B56D7846DCE1F0834E98B7AB2CC532739A74AEB681C349A18375C8A38E4935E0AEE318DB898135D9D04F64C5940C7F6C5D78B910D265572F97C843CF2E032C5F95CA3B945AB8F95DD3DEDF781E940AD000FF9A18AFCD3BCFD091BE2B379FADBB61EA7CCBB4035FA0FFA083F850A1E687B1F1589E9FAD1F92765E7978C2</redirectLocation>
  <url>https://preproduccion.sge/login/login.jsp?site2pstoretoken=v1.4~CEF0A91F~5A60C4139EE1B868DBBB3C64E1CA9AF78EB6693E4D062AFBF5653803E04531672C9E78F4359474D94ECA50DD1E768DE7325F065FB037838685E1BAB73C4708B5EDBE47D933E5E2CF30A5B585B07D0A2AED0DA61061D1B54B51E7D5C696DADD6BDB15C0A2F62C6506BD04F94C68A8E02D5AB00089FF8C87AD20BD209C33552AA54A47ECB82531D2B097759BCB9F7D1DA68DF32E4628F58BA2426BDA6CF1E60956EEAAF6294CAD178AEE10F00DA49B6DE1E4617504412F743332E9AC7FB01F055FC0F8ABD9E7808E28333778A3C4252ED6E39D71E63A98F74EA49EC130DDD9F840591281B56D7846DCE1F0834E98B7AB2CC532739A74AEB681C349A18375C8A38E4935E0AEE318DB898135D9D04F64C5940C7F6C5D78B910D265572F97C843CF2E032C5F95CA3B945AB8F95DD3DEDF781E940AD000FF9A18AFCD3BCFD091BE2B379FADBB61EA7CCBB4035FA0FFA083F850A1E687B1F1589E9FAD1F92765E7978C2&amp;p_error_code=&amp;p_submit_url=https%3A%2F%2Flogin-pre.sge%2Fsso%2Fauth&amp;p_cancel_url=https%3A%2F%2Fpreproduccion.sge&amp;ssousername=&amp;subscribername=</url>
</httpSample>
<httpSample t="172" lt="0" ts="1298631999124" s="true" lb="/gepa/scripts/scriptaculous/scriptaculous.js" rc="200" by="5068">
  <responseHeader class="java.lang.String">HTTP/1.0 200 OK
Date: Fri, 25 Feb 2011 11:06:39 GMT
Server: Oracle-Application-Server-10g/10.1.2.2.0 Oracle-HTTP-Server
Content-Length: 5068
Set-Cookie: JSESSIONID=86052ee14f07ded1edfcefc220673f3d542a555af1be8c4acc795741e7e4a960.e3eSbhiLaNyPe3yNbNyQc3qSai1BqBjKpPXxqAa; path=/login
Content-Type: text/html; charset=ISO-8859-1
</responseHeader>
  <requestHeader class="java.lang.String">Accept-Language: es-ES
Accept: */*
User-Agent: Mozilla/4.0 (compatible; MSIE 7.0; Windows NT 6.1; Trident/4.0; SLCC2; .NET CLR 2.0.50727; .NET CLR 3.5.30729; .NET CLR 3.0.30729; Media Center PC 6.0; MDDS; .NET4.0C)
Accept-Encoding: gzip, deflate
Referer: http://picasso:8888/gepa/ConexionAction.do?POSTDATA=variosPerfiles=true&amp;accion=iniciar&amp;codigoEntidad=DYS&amp;codigo=jcnegredo&amp;contrasenya=dysmatica&amp;rolSeleccionado=25
</requestHeader>
  <cookies class="java.lang.String"></cookies>
  <method class="java.lang.String">GET</method>
  <queryString class="java.lang.String"></queryString>
  <redirectLocation class="java.lang.String">https://login-pre.sge/pls/orasso/orasso.wwsso_app_admin.ls_login?Site2pstoreToken=v1.4~CEF0A91F~CFF0F65CC2246D58AB601759FF6F9944E6D8EDEC3513F36D68F6FA877DC0EF25A9918B9F800534026D7DCF57571D598666ECB5E92A7A0C3FAA0165CC47F258E1A1065FE5187AC8B3D9C77C5CA60009ABF92DB0CD2D17758A99AB52BB1F8F3CA01915EAF95C78FDBE291F55DC184B69D255AA411CA4F18F1C0AA4D1D696A2C8A5D37390E279786FE13BB9B1021EB98F2ACC51845ED90B59AC6E1DCC7C0D214C23A665A45209984262A5E0737523451F2BC628CA89954B8B0D7A80E52C54618AACBD44B63D8C98DB801314E6CEB7BA42181E9B213C56B59EFA613D19BAD2255B0D1945C3E6BC858BDAA064E7FAACE6959B7AEA39931DAD40E808856B40B06AA14D574BF070B4849039238100098CC30ADF</redirectLocation>
  <url>https://preproduccion.sge/login/login.jsp?site2pstoretoken=v1.4~CEF0A91F~CFF0F65CC2246D58AB601759FF6F9944E6D8EDEC3513F36D68F6FA877DC0EF25A9918B9F800534026D7DCF57571D598666ECB5E92A7A0C3FAA0165CC47F258E1A1065FE5187AC8B3D9C77C5CA60009ABF92DB0CD2D17758A99AB52BB1F8F3CA01915EAF95C78FDBE291F55DC184B69D255AA411CA4F18F1C0AA4D1D696A2C8A5D37390E279786FE13BB9B1021EB98F2ACC51845ED90B59AC6E1DCC7C0D214C23A665A45209984262A5E0737523451F2BC628CA89954B8B0D7A80E52C54618AACBD44B63D8C98DB801314E6CEB7BA42181E9B213C56B59EFA613D19BAD2255B0D1945C3E6BC858BDAA064E7FAACE6959B7AEA39931DAD40E808856B40B06AA14D574BF070B4849039238100098CC30ADF&amp;p_error_code=&amp;p_submit_url=https%3A%2F%2Flogin-pre.sge%2Fsso%2Fauth&amp;p_cancel_url=https%3A%2F%2Fpreproduccion.sge&amp;ssousername=&amp;subscribername=</url>
</httpSample>
<httpSample t="0" lt="0" ts="1298631999312" s="false" lb="/gepa/ConexionAction.do;jsessionid=eb634fe5b58b0bcb96508261e275709f9c8e236e3e15aeb347f0741aac2dda55" rc="500" by="778">
  <responseHeader class="java.lang.String">HTTP/1.0 500 Internal Server Error
Date: Fri, 25 Feb 2011 11:06:39 GMT
Server: Oracle-Application-Server-10g/10.1.2.2.0 Oracle-HTTP-Server
Content-Type: text/html; charset=iso-8859-1
</responseHeader>
  <requestHeader class="java.lang.String">Content-Type: application/x-www-form-urlencoded
Accept-Language: es-ES
Accept: image/jpeg, application/x-ms-application, image/gif, application/xaml+xml, image/pjpeg, application/x-ms-xbap, application/vnd.ms-powerpoint, application/vnd.ms-excel, application/msword, */*
User-Agent: Mozilla/4.0 (compatible; MSIE 7.0; Windows NT 6.1; Trident/4.0; SLCC2; .NET CLR 2.0.50727; .NET CLR 3.5.30729; .NET CLR 3.0.30729; Media Center PC 6.0; MDDS; .NET4.0C)
Accept-Encoding: gzip, deflate
Referer: http://picasso:8888/gepa/ConexionAction.do?POSTDATA=variosPerfiles=true&amp;accion=iniciar&amp;codigoEntidad=DYS&amp;codigo=jcnegredo&amp;contrasenya=dysmatica&amp;rolSeleccionado=25
Pragma: no-cache
</requestHeader>
  <cookies class="java.lang.String"></cookies>
  <method class="java.lang.String">POST</method>
  <queryString class="java.lang.String">variosPerfiles=true&amp;accion=seleccionarPerfil&amp;codigoEntidad=DYS&amp;rolSeleccionado=25</queryString>
  <url>https://preproduccion.sge:443/gepa/ConexionAction.do;jsessionid=eb634fe5b58b0bcb96508261e275709f9c8e236e3e15aeb347f0741aac2dda55</url>
</httpSample>
<httpSample t="187" lt="0" ts="1298631999312" s="true" lb="/gepa/scripts/scriptaculous/scriptaculous.js" rc="200" by="5068">
  <responseHeader class="java.lang.String">HTTP/1.0 200 OK
Date: Fri, 25 Feb 2011 11:06:39 GMT
Server: Oracle-Application-Server-10g/10.1.2.2.0 Oracle-HTTP-Server
Content-Length: 5068
Set-Cookie: JSESSIONID=c5388934d36919510a39fe41d1f2a7af4cbd7593b70dda83a51c7dcd797b406e.e3eSbhiLaNyPe3yNbNyQc3qSai1BqBjKpPXxqAa; path=/login
Content-Type: text/html; charset=ISO-8859-1
</responseHeader>
  <requestHeader class="java.lang.String">Accept-Language: es-ES
Accept: */*
User-Agent: Mozilla/4.0 (compatible; MSIE 7.0; Windows NT 6.1; Trident/4.0; SLCC2; .NET CLR 2.0.50727; .NET CLR 3.5.30729; .NET CLR 3.0.30729; Media Center PC 6.0; MDDS; .NET4.0C)
Accept-Encoding: gzip, deflate
Referer: http://picasso:8888/gepa/ConexionAction.do;jsessionid=eb634fe5b58b0bcb96508261e275709f9c8e236e3e15aeb347f0741aac2dda55
</requestHeader>
  <cookies class="java.lang.String"></cookies>
  <method class="java.lang.String">GET</method>
  <queryString class="java.lang.String"></queryString>
  <redirectLocation class="java.lang.String">https://login-pre.sge/pls/orasso/orasso.wwsso_app_admin.ls_login?Site2pstoreToken=v1.4~CEF0A91F~CFF0F65CC2246D58AB601759FF6F9944E6D8EDEC3513F36D68F6FA877DC0EF25A9918B9F800534026D7DCF57571D598666ECB5E92A7A0C3FAA0165CC47F258E1A1065FE5187AC8B3D9C77C5CA60009ABF92DB0CD2D17758A99AB52BB1F8F3CA01915EAF95C78FDBE291F55DC184B69D255AA411CA4F18F1C0AA4D1D696A2C8A5D37390E279786FE13BB9B1021EB98F2ACC51845ED90B59AC6E1DCC7C0D214C23A665A45209984262A5E0737523451F2BC628CA89954B8B0D7A80E52C54618AACBD44B63D8C98DB801314E6CEB7BA42181E9B213C56B59EFA613D19BAD2255B0D1945C3E6BC858BDAA064E7FAACE6959B7AEA39931DAD40E808856B40B06AA14D574BF070B4849039238100098CC30ADF</redirectLocation>
  <url>https://preproduccion.sge/login/login.jsp?site2pstoretoken=v1.4~CEF0A91F~CFF0F65CC2246D58AB601759FF6F9944E6D8EDEC3513F36D68F6FA877DC0EF25A9918B9F800534026D7DCF57571D598666ECB5E92A7A0C3FAA0165CC47F258E1A1065FE5187AC8B3D9C77C5CA60009ABF92DB0CD2D17758A99AB52BB1F8F3CA01915EAF95C78FDBE291F55DC184B69D255AA411CA4F18F1C0AA4D1D696A2C8A5D37390E279786FE13BB9B1021EB98F2ACC51845ED90B59AC6E1DCC7C0D214C23A665A45209984262A5E0737523451F2BC628CA89954B8B0D7A80E52C54618AACBD44B63D8C98DB801314E6CEB7BA42181E9B213C56B59EFA613D19BAD2255B0D1945C3E6BC858BDAA064E7FAACE6959B7AEA39931DAD40E808856B40B06AA14D574BF070B4849039238100098CC30ADF&amp;p_error_code=&amp;p_submit_url=https%3A%2F%2Flogin-pre.sge%2Fsso%2Fauth&amp;p_cancel_url=https%3A%2F%2Fpreproduccion.sge&amp;ssousername=&amp;subscribername=</url>
</httpSample>
<httpSample t="0" lt="0" ts="1298631999515" s="false" lb="/gepa/BusquedaAction.do" rc="500" by="778">
  <responseHeader class="java.lang.String">HTTP/1.0 500 Internal Server Error
Date: Fri, 25 Feb 2011 11:06:39 GMT
Server: Oracle-Application-Server-10g/10.1.2.2.0 Oracle-HTTP-Server
Content-Type: text/html; charset=iso-8859-1
</responseHeader>
  <requestHeader class="java.lang.String">Content-Type: application/x-www-form-urlencoded
Accept-Language: es-ES
Accept: image/jpeg, application/x-ms-application, image/gif, application/xaml+xml, image/pjpeg, application/x-ms-xbap, application/vnd.ms-powerpoint, application/vnd.ms-excel, application/msword, */*
User-Agent: Mozilla/4.0 (compatible; MSIE 7.0; Windows NT 6.1; Trident/4.0; SLCC2; .NET CLR 2.0.50727; .NET CLR 3.5.30729; .NET CLR 3.0.30729; Media Center PC 6.0; MDDS; .NET4.0C)
Accept-Encoding: gzip, deflate
Referer: http://picasso:8888/gepa/ConexionAction.do;jsessionid=eb634fe5b58b0bcb96508261e275709f9c8e236e3e15aeb347f0741aac2dda55
Pragma: no-cache
</requestHeader>
  <cookies class="java.lang.String"></cookies>
  <method class="java.lang.String">POST</method>
  <queryString class="java.lang.String">accion=buscar&amp;modo=rapida&amp;avanzadaDesplegada=false&amp;descElemPesado=&amp;identificacionRapida=&amp;nombreRapida=&amp;apellido1Rapida=&amp;apellido2Rapida=&amp;anyoRapida=&amp;numeroRapida=&amp;desdeRapida=&amp;hastaRapida=&amp;tramiteRapida=-1&amp;estadoRapida=-1&amp;idBusqueda=-1&amp;idClases=26&amp;metaTipo0=STRING&amp;metaTipo1=STRING&amp;metaTipo2=LISTA&amp;metaTipo3=STRING&amp;metaTipo4=LISTA_PESADA&amp;metaTipo5=STRING&amp;metaTipo6=LISTA&amp;metaTipo7=STRING&amp;metaTipo8=STRING&amp;metaTipo9=STRING&amp;metaTipo10=STRING&amp;metaTipo11=STRING&amp;metaTipo12=STRING&amp;metaTipo13=LISTA&amp;metaTipo14=STRING&amp;metaTipo15=TIMESTAMP&amp;metaTipo16=TIMESTAMP&amp;metaTipo17=TIMESTAMP&amp;metaTipo18=LISTA&amp;metaTipo19=LISTA_PESADA&amp;metaTipo20=STRING&amp;metaTipo21=STRING&amp;metaTipo22=STRING&amp;metaTipo23=STRING&amp;metaTipo24=STRING&amp;metaTipo25=LISTA_PESADA&amp;metaTipo26=LISTA&amp;metaTipo27=STRING&amp;metaTipo28=LISTA&amp;metaTipo29=STRING&amp;metaTipo30=STRING&amp;metaTipo31=INTEGER&amp;metaTipo32=STRING&amp;metaTipo33=STRING&amp;metaTipo34=STRING&amp;metaTipo35=LISTA&amp;metaTipo36=LISTA&amp;metaTipo37=LISTA&amp;metaTipo38=STRING&amp;metaTipo39=SEPARADOR&amp;metaTipo40=BOOLEAN&amp;metaTipo41=STRING&amp;metaTipo42=STRING&amp;metaTipo43=STRING&amp;metaTipo44=LISTA&amp;metaTipo45=BOOLEAN&amp;metaTipo46=BOOLEAN&amp;metaTipo47=BOOLEAN&amp;metaTipo48=STRING&amp;metaTipo49=TIMESTAMP&amp;metaTipo50=TIMESTAMP&amp;metaTipo51=TIMESTAMP&amp;metaTipo52=TIMESTAMP&amp;metaTipo53=TIMESTAMP&amp;metaTipo54=TIMESTAMP&amp;metaTipo55=TIMESTAMP&amp;metaTipo56=TIMESTAMP&amp;metaTipo57=TIMESTAMP&amp;metaTipo58=TIMESTAMP&amp;metaTipo59=TIMESTAMP&amp;metaTipo60=TIMESTAMP&amp;metaTipo61=TIMESTAMP&amp;metaTipo62=TIMESTAMP&amp;metaTipo63=TIMESTAMP&amp;metaTipo64=LISTA&amp;metaTipo65=LISTA&amp;metaTipo66=LISTA&amp;metaTipo67=DOUBLE&amp;metaTipo68=DOUBLE&amp;metaTipo69=DOUBLE&amp;metaTipo70=DOUBLE&amp;metaTipo71=DOUBLE&amp;metaTipo72=DOUBLE&amp;metaTipo73=DOUBLE&amp;metaTipo74=BOOLEAN&amp;metaTipo75=LISTA&amp;metaTipo76=STRING&amp;metaTipo77=STRING&amp;metaTipo78=STRING&amp;metaTipo79=STRING&amp;metaTipo80=STRING&amp;metaTipo81=STRING&amp;metaTipo82=STRING&amp;metaTipo83=BOOLEAN&amp;metaTipo84=BOOLEAN&amp;metaTipo85=STRING&amp;metaTipo86=LISTA&amp;metaTipo87=LISTA&amp;metaTipo88=LISTA_PESADA&amp;metaTipo89=LISTA&amp;metaTipo90=LISTA&amp;metaTipo91=STRING&amp;metaTipo92=LISTA&amp;metaTipo93=STRING&amp;metaTipo94=STRING&amp;metaTipo95=LISTA&amp;metaTipo96=LISTA&amp;metaTipo97=LISTA&amp;metaTipo98=BOOLEAN&amp;metaTipo99=LISTA&amp;metaTipo100=BOOLEAN&amp;metaTipo101=LISTA&amp;metaTipo102=LISTA&amp;metaTipo103=BOOLEAN&amp;metaTipo104=BOOLEAN&amp;metaTipo105=LISTA&amp;metaTipo106=LISTA&amp;metaTipo107=LISTA&amp;metaTipo108=LISTA&amp;metaTipo109=LISTA&amp;metaTipo110=STRING&amp;metaTipo111=LISTA&amp;valor=&amp;valorPesado=&amp;lista37=-1&amp;lista36=-1&amp;lista35=-1&amp;lista99=-1&amp;lista109=-1&amp;lista66=-1&amp;lista98=-1&amp;lista108=-1&amp;lista65=-1&amp;lista97=-1&amp;lista107=-1&amp;lista64=-1&amp;lista96=-1&amp;lista106=-1&amp;lista95=-1&amp;lista105=-1&amp;lista104=-1&amp;lista92=-1&amp;lista103=-1&amp;lista102=-1&amp;lista90=-1&amp;lista101=-1&amp;lista100=-1&amp;lista28=-1&amp;lista26=-1&amp;lista89=-1&amp;lista87=-1&amp;lista86=-1&amp;lista6=-1&amp;lista84=-1&amp;lista83=-1&amp;lista2=-1&amp;lista18=-1&amp;lista47=-1&amp;lista46=-1&amp;lista13=-1&amp;lista45=-1&amp;lista44=-1&amp;lista75=-1&amp;lista74=-1&amp;lista40=-1&amp;lista111=-1</queryString>
  <url>https://preproduccion.sge:443/gepa/BusquedaAction.do</url>
</httpSample>
<httpSample t="187" lt="0" ts="1298631999531" s="true" lb="/gepa/scripts/scriptaculous/scriptaculous.js" rc="200" by="5068">
  <responseHeader class="java.lang.String">HTTP/1.0 200 OK
Date: Fri, 25 Feb 2011 11:06:39 GMT
Server: Oracle-Application-Server-10g/10.1.2.2.0 Oracle-HTTP-Server
Content-Length: 5068
Set-Cookie: JSESSIONID=05306d1064a1cffcd97c074022849db1b242f68e2836e6c0244cd2177d1e118f.e38Ob3aOaheRe34Mb3qSax0Pahz0nR9Pq6XteP93; path=/login
Content-Type: text/html; charset=ISO-8859-1
</responseHeader>
  <requestHeader class="java.lang.String">Accept-Language: es-ES
Accept: */*
User-Agent: Mozilla/4.0 (compatible; MSIE 7.0; Windows NT 6.1; Trident/4.0; SLCC2; .NET CLR 2.0.50727; .NET CLR 3.5.30729; .NET CLR 3.0.30729; Media Center PC 6.0; MDDS; .NET4.0C)
Accept-Encoding: gzip, deflate
Referer: http://picasso:8888/gepa/BusquedaAction.do
</requestHeader>
  <cookies class="java.lang.String"></cookies>
  <method class="java.lang.String">GET</method>
  <queryString class="java.lang.String"></queryString>
  <redirectLocation class="java.lang.String">https://login-pre.sge/pls/orasso/orasso.wwsso_app_admin.ls_login?Site2pstoreToken=v1.4~CEF0A91F~CFF0F65CC2246D58AB601759FF6F9944E6D8EDEC3513F36D68F6FA877DC0EF25A9918B9F800534026D7DCF57571D598666ECB5E92A7A0C3FAA0165CC47F258E1A1065FE5187AC8B3D9C77C5CA60009ABF92DB0CD2D17758A99AB52BB1F8F3CA01915EAF95C78FDBE291F55DC184B69D255AA411CA4F18F1C0AA4D1D696A2C8A5D37390E279786FE13BB9B1021EB98F2ACC51845ED90B59AC6E1DCC7C0D214C23A665A45209984262A5E0737523451F2BC628CA89954B8B0D7A80E52C54618AACBD44B63D8C98DB801314E6CEB7BA42181E9B213C56B59EFA613D19BAD2255B0D1945C3E6BC858BDAA064E7FAACE6959B7AEA39931DAD40E808856B40B06AA14D574BF070B4849039238100098CC30ADF</redirectLocation>
  <url>https://preproduccion.sge/login/login.jsp?site2pstoretoken=v1.4~CEF0A91F~CFF0F65CC2246D58AB601759FF6F9944E6D8EDEC3513F36D68F6FA877DC0EF25A9918B9F800534026D7DCF57571D598666ECB5E92A7A0C3FAA0165CC47F258E1A1065FE5187AC8B3D9C77C5CA60009ABF92DB0CD2D17758A99AB52BB1F8F3CA01915EAF95C78FDBE291F55DC184B69D255AA411CA4F18F1C0AA4D1D696A2C8A5D37390E279786FE13BB9B1021EB98F2ACC51845ED90B59AC6E1DCC7C0D214C23A665A45209984262A5E0737523451F2BC628CA89954B8B0D7A80E52C54618AACBD44B63D8C98DB801314E6CEB7BA42181E9B213C56B59EFA613D19BAD2255B0D1945C3E6BC858BDAA064E7FAACE6959B7AEA39931DAD40E808856B40B06AA14D574BF070B4849039238100098CC30ADF&amp;p_error_code=&amp;p_submit_url=https%3A%2F%2Flogin-pre.sge%2Fsso%2Fauth&amp;p_cancel_url=https%3A%2F%2Fpreproduccion.sge&amp;ssousername=&amp;subscribername=</url>
</httpSample>
<httpSample t="188" lt="0" ts="1298631999718" s="true" lb="/gepa/ResultadoBusquedaAction.do" rc="200" by="4972">
  <responseHeader class="java.lang.String">HTTP/1.0 200 OK
Date: Fri, 25 Feb 2011 11:06:39 GMT
Server: Oracle-Application-Server-10g/10.1.2.2.0 Oracle-HTTP-Server
Content-Length: 4972
Set-Cookie: JSESSIONID=2a520cb454e94d29d65e69f7f45b432ad1e58545d50cb23adf230346939362e7.e3eSbhiLaNyPe3yNbNyQc3qSai1BqBjKpPXxqAa; path=/login
Content-Type: text/html; charset=ISO-8859-1
</responseHeader>
  <requestHeader class="java.lang.String">Accept-Language: es-ES
Accept: image/jpeg, application/x-ms-application, image/gif, application/xaml+xml, image/pjpeg, application/x-ms-xbap, application/vnd.ms-powerpoint, application/vnd.ms-excel, application/msword, */*
User-Agent: Mozilla/4.0 (compatible; MSIE 7.0; Windows NT 6.1; Trident/4.0; SLCC2; .NET CLR 2.0.50727; .NET CLR 3.5.30729; .NET CLR 3.0.30729; Media Center PC 6.0; MDDS; .NET4.0C)
Accept-Encoding: gzip, deflate
Referer: http://picasso:8888/gepa/BusquedaAction.do
</requestHeader>
  <cookies class="java.lang.String"></cookies>
  <method class="java.lang.String">GET</method>
  <queryString class="java.lang.String"></queryString>
  <redirectLocation class="java.lang.String">https://login-pre.sge/pls/orasso/orasso.wwsso_app_admin.ls_login?Site2pstoreToken=v1.4~CEF0A91F~CFF0F65CC2246D58AB601759FF6F9944E6D8EDEC3513F36D68F6FA877DC0EF25A9918B9F800534026D7DCF57571D598666ECB5E92A7A0C3FAA0165CC47F258E1A1065FE5187AC8B3D9C77C5CA60009ABF92DB0CD2D17758A99AB52BB1F8F3CA0396D0BE44F80A7EB1C90525D29B26AA0399552C1C0C22E899DEB881BCCA0135B487B0ABF339EF1C506565C4D5625929F5E82C7C35E434BE7F3C29B7A622D9D43820CC25E96A2210842AE67963EE38C8505D14110B5D614872E7EEB03475F5BAB8448129F80F3727ADE352236E983BCB56F123820D7482815479634595236C841008F183596E4CEF18DAF37BA63BA1C66F61D5256D3F6808A</redirectLocation>
  <url>https://preproduccion.sge/login/login.jsp?site2pstoretoken=v1.4~CEF0A91F~CFF0F65CC2246D58AB601759FF6F9944E6D8EDEC3513F36D68F6FA877DC0EF25A9918B9F800534026D7DCF57571D598666ECB5E92A7A0C3FAA0165CC47F258E1A1065FE5187AC8B3D9C77C5CA60009ABF92DB0CD2D17758A99AB52BB1F8F3CA0396D0BE44F80A7EB1C90525D29B26AA0399552C1C0C22E899DEB881BCCA0135B487B0ABF339EF1C506565C4D5625929F5E82C7C35E434BE7F3C29B7A622D9D43820CC25E96A2210842AE67963EE38C8505D14110B5D614872E7EEB03475F5BAB8448129F80F3727ADE352236E983BCB56F123820D7482815479634595236C841008F183596E4CEF18DAF37BA63BA1C66F61D5256D3F6808A&amp;p_error_code=&amp;p_submit_url=https%3A%2F%2Flogin-pre.sge%2Fsso%2Fauth&amp;p_cancel_url=https%3A%2F%2Fpreproduccion.sge&amp;ssousername=&amp;subscribername=</url>
</httpSample>
<httpSample t="187" lt="0" ts="1298631999906" s="true" lb="/gepa/scripts/scriptaculous/scriptaculous.js" rc="200" by="5068">
  <responseHeader class="java.lang.String">HTTP/1.0 200 OK
Date: Fri, 25 Feb 2011 11:06:39 GMT
Server: Oracle-Application-Server-10g/10.1.2.2.0 Oracle-HTTP-Server
Content-Length: 5068
Set-Cookie: JSESSIONID=54ab1c7b48d39c1db5aa199c25c2bad9de474523debf6856c973a790091f491d.e38Ob3aOaheRe34Mb3qSax0Pahz0nR9Pq6XteP93; path=/login
Content-Type: text/html; charset=ISO-8859-1
</responseHeader>
  <requestHeader class="java.lang.String">Accept-Language: es-ES
Accept: */*
User-Agent: Mozilla/4.0 (compatible; MSIE 7.0; Windows NT 6.1; Trident/4.0; SLCC2; .NET CLR 2.0.50727; .NET CLR 3.5.30729; .NET CLR 3.0.30729; Media Center PC 6.0; MDDS; .NET4.0C)
Accept-Encoding: gzip, deflate
Referer: http://picasso:8888/gepa/ResultadoBusquedaAction.do?accion=gestionExp&amp;indice=0
</requestHeader>
  <cookies class="java.lang.String"></cookies>
  <method class="java.lang.String">GET</method>
  <queryString class="java.lang.String"></queryString>
  <redirectLocation class="java.lang.String">https://login-pre.sge/pls/orasso/orasso.wwsso_app_admin.ls_login?Site2pstoreToken=v1.4~CEF0A91F~CFF0F65CC2246D58AB601759FF6F9944E6D8EDEC3513F36D68F6FA877DC0EF25A9918B9F800534026D7DCF57571D598666ECB5E92A7A0C3FAA0165CC47F258E1A1065FE5187AC8B3D9C77C5CA60009ABF92DB0CD2D17758A99AB52BB1F8F3CA01915EAF95C78FDBE291F55DC184B69D255AA411CA4F18F1C0AA4D1D696A2C8A5D37390E279786FE13BB9B1021EB98F2ACC51845ED90B59AC6E1DCC7C0D214C23A665A45209984262A5E0737523451F2BC628CA89954B8B0D7A80E52C54618AACBD44B63D8C98DB801314E6CEB7BA42181E9B213C56B59EFA613D19BAD2255B0D1945C3E6BC858BDAA064E7FAACE6959B7AEA39931DAD40E808856B40B06AA14D574BF070B4849039238100098CC30ADF</redirectLocation>
  <url>https://preproduccion.sge/login/login.jsp?site2pstoretoken=v1.4~CEF0A91F~CFF0F65CC2246D58AB601759FF6F9944E6D8EDEC3513F36D68F6FA877DC0EF25A9918B9F800534026D7DCF57571D598666ECB5E92A7A0C3FAA0165CC47F258E1A1065FE5187AC8B3D9C77C5CA60009ABF92DB0CD2D17758A99AB52BB1F8F3CA01915EAF95C78FDBE291F55DC184B69D255AA411CA4F18F1C0AA4D1D696A2C8A5D37390E279786FE13BB9B1021EB98F2ACC51845ED90B59AC6E1DCC7C0D214C23A665A45209984262A5E0737523451F2BC628CA89954B8B0D7A80E52C54618AACBD44B63D8C98DB801314E6CEB7BA42181E9B213C56B59EFA613D19BAD2255B0D1945C3E6BC858BDAA064E7FAACE6959B7AEA39931DAD40E808856B40B06AA14D574BF070B4849039238100098CC30ADF&amp;p_error_code=&amp;p_submit_url=https%3A%2F%2Flogin-pre.sge%2Fsso%2Fauth&amp;p_cancel_url=https%3A%2F%2Fpreproduccion.sge&amp;ssousername=&amp;subscribername=</url>
</httpSample>
<httpSample t="328" lt="0" ts="1298632000093" s="true" lb="/gepa/ConexionAction.do" rc="200" by="5420">
  <responseHeader class="java.lang.String">HTTP/1.0 200 OK
Date: Fri, 25 Feb 2011 11:06:40 GMT
Server: Oracle-Application-Server-10g/10.1.2.2.0 Oracle-HTTP-Server
Content-Length: 5420
Set-Cookie: JSESSIONID=77e501f1bc9c88eb9e1b88d689d795dddcd3607a5078270d5f575e54fd1787a8.e3eSbhiLaNyPe3yNbNyQc3qSai1BqBjKpPXxqAa; path=/login
Content-Type: text/html; charset=ISO-8859-1
</responseHeader>
  <requestHeader class="java.lang.String">Accept-Language: es
Accept: */*
User-Agent: Mozilla/4.0 (compatible; MSIE 7.0; Windows NT 6.1; Trident/4.0; SLCC2; .NET CLR 2.0.50727; .NET CLR 3.5.30729; .NET CLR 3.0.30729; Media Center PC 6.0; MDDS; .NET4.0C)
Accept-Encoding: gzip, deflate
</requestHeader>
  <cookies class="java.lang.String"></cookies>
  <method class="java.lang.String">GET</method>
  <queryString class="java.lang.String"></queryString>
  <redirectLocation class="java.lang.String">https://login-pre.sge/pls/orasso/orasso.wwsso_app_admin.ls_login?Site2pstoreToken=v1.4~CEF0A91F~C16ECD54AA816EBB7667CD22820D448D016E529DB2568105D068E526B7B3BAD78084C6432231E5C63FF5DD9D46EED01E8F1E5869286C5520D327CB31A6B8B2EBD12759953D4DDE21BB5E3205237BAA4229C50053B8638BAB84C421B98B1B7346499B291E4FBBF7FAB3B20EBCA40C4FD70D35FA501334B896BD7F45DEE4741DF276A0FF8DFD920FB12C8E55DB15B23F26A0A68B17EBD6D29C5768E024942CC669434C4E1CEE920CD005682E82114A20EFDE43709C873958E36186A64E5B0978D78759527633D0BD99BD24E385988644B7DFE7BB3F12233B5D1E354616131E0AD2A1740032E7B454390CC052257E40328FCEE47698D7711D831632DE1481803BC131305076BCB82D884338BACD2E2C906601672F4E5F9E854C17336BD6DFA9635C800E3BF289A39003063C4A669C31F1D241AA5B20DC8683296B5EB352F1374EFE53B61D610DC50B1CE324E8F9D6A2ABA33487A1DDA71BF297DC40C025CF6686AEF3040CF8C49E02D8</redirectLocation>
  <url>https://preproduccion.sge/login/login.jsp?site2pstoretoken=v1.4~CEF0A91F~C16ECD54AA816EBB7667CD22820D448D016E529DB2568105D068E526B7B3BAD78084C6432231E5C63FF5DD9D46EED01E8F1E5869286C5520D327CB31A6B8B2EBD12759953D4DDE21BB5E3205237BAA4229C50053B8638BAB84C421B98B1B7346499B291E4FBBF7FAB3B20EBCA40C4FD70D35FA501334B896BD7F45DEE4741DF276A0FF8DFD920FB12C8E55DB15B23F26A0A68B17EBD6D29C5768E024942CC669434C4E1CEE920CD005682E82114A20EFDE43709C873958E36186A64E5B0978D78759527633D0BD99BD24E385988644B7DFE7BB3F12233B5D1E354616131E0AD2A1740032E7B454390CC052257E40328FCEE47698D7711D831632DE1481803BC131305076BCB82D884338BACD2E2C906601672F4E5F9E854C17336BD6DFA9635C800E3BF289A39003063C4A669C31F1D241AA5B20DC8683296B5EB352F1374EFE53B61D610DC50B1CE324E8F9D6A2ABA33487A1DDA71BF297DC40C025CF6686AEF3040CF8C49E02D8&amp;p_error_code=&amp;p_submit_url=https%3A%2F%2Flogin-pre.sge%2Fsso%2Fauth&amp;p_cancel_url=https%3A%2F%2Fpreproduccion.sge&amp;ssousername=&amp;subscribername=</url>
</httpSample>
<httpSample t="203" lt="0" ts="1298632000421" s="true" lb="/gepa/scripts/scriptaculous/scriptaculous.js" rc="200" by="5068">
  <responseHeader class="java.lang.String">HTTP/1.0 200 OK
Date: Fri, 25 Feb 2011 11:06:40 GMT
Server: Oracle-Application-Server-10g/10.1.2.2.0 Oracle-HTTP-Server
Content-Length: 5068
Set-Cookie: JSESSIONID=beb9e8c14c22980ca1ed419afad61d4151764c2662e0f6fdf6da47a16259e19c.e38Ob3aOaheRe34Mb3qSax0Pahz0nR9Pq6XteP93; path=/login
Content-Type: text/html; charset=ISO-8859-1
</responseHeader>
  <requestHeader class="java.lang.String">Accept-Language: es-ES
Accept: */*
User-Agent: Mozilla/4.0 (compatible; MSIE 7.0; Windows NT 6.1; Trident/4.0; SLCC2; .NET CLR 2.0.50727; .NET CLR 3.5.30729; .NET CLR 3.0.30729; Media Center PC 6.0; MDDS; .NET4.0C)
Accept-Encoding: gzip, deflate
Referer: http://picasso:8888/gepa/ConexionAction.do?POSTDATA=variosPerfiles=true&amp;accion=iniciar&amp;codigoEntidad=DYS&amp;codigo=jcnegredo&amp;contrasenya=dysmatica&amp;rolSeleccionado=25
</requestHeader>
  <cookies class="java.lang.String"></cookies>
  <method class="java.lang.String">GET</method>
  <queryString class="java.lang.String"></queryString>
  <redirectLocation class="java.lang.String">https://login-pre.sge/pls/orasso/orasso.wwsso_app_admin.ls_login?Site2pstoreToken=v1.4~CEF0A91F~C16ECD54AA816EBB7667CD22820D448D016E529DB2568105D068E526B7B3BAD78084C6432231E5C63FF5DD9D46EED01E8F1E5869286C5520D327CB31A6B8B2EBD12759953D4DDE21BB5E3205237BAA4229C50053B8638BAB84C421B98B1B73464B80D10E68CE6D201B5C168D674C7309D2BB8B1E5507518744F4632CDC6D4682E4639EF7CBD67A8B74ECF27879EB031478E84AA34DB12E2835DE9AB8B4640D13B7E3BF8E57C0C43FD91B4BA8D0332C4F03AD3FE92A09B536CC98BC4EBDDA0DCDBF6752485F78AF4591DDD7C95B76B4EAF5AF42DA3E6EC24F3A6E9898F99F82165048DEDA1CA2EA61A7806D13ABDAB0BFF1488AED23BC1B4154CD9BC37AF234C00FA830C2AEA17FFB8C15DAA9757BC127</redirectLocation>
  <url>https://preproduccion.sge/login/login.jsp?site2pstoretoken=v1.4~CEF0A91F~C16ECD54AA816EBB7667CD22820D448D016E529DB2568105D068E526B7B3BAD78084C6432231E5C63FF5DD9D46EED01E8F1E5869286C5520D327CB31A6B8B2EBD12759953D4DDE21BB5E3205237BAA4229C50053B8638BAB84C421B98B1B73464B80D10E68CE6D201B5C168D674C7309D2BB8B1E5507518744F4632CDC6D4682E4639EF7CBD67A8B74ECF27879EB031478E84AA34DB12E2835DE9AB8B4640D13B7E3BF8E57C0C43FD91B4BA8D0332C4F03AD3FE92A09B536CC98BC4EBDDA0DCDBF6752485F78AF4591DDD7C95B76B4EAF5AF42DA3E6EC24F3A6E9898F99F82165048DEDA1CA2EA61A7806D13ABDAB0BFF1488AED23BC1B4154CD9BC37AF234C00FA830C2AEA17FFB8C15DAA9757BC127&amp;p_error_code=&amp;p_submit_url=https%3A%2F%2Flogin-pre.sge%2Fsso%2Fauth&amp;p_cancel_url=https%3A%2F%2Fpreproduccion.sge&amp;ssousername=&amp;subscribername=</url>
</httpSample>
<httpSample t="16" lt="16" ts="1298632000624" s="false" lb="/gepa/ConexionAction.do;jsessionid=eb634fe5b58b0bcb96508261e275709f9c8e236e3e15aeb347f0741aac2dda55" rc="500" by="778">
  <responseHeader class="java.lang.String">HTTP/1.0 500 Internal Server Error
Date: Fri, 25 Feb 2011 11:06:40 GMT
Server: Oracle-Application-Server-10g/10.1.2.2.0 Oracle-HTTP-Server
Content-Type: text/html; charset=iso-8859-1
</responseHeader>
  <requestHeader class="java.lang.String">Content-Type: application/x-www-form-urlencoded
Accept-Language: es-ES
Accept: image/jpeg, application/x-ms-application, image/gif, application/xaml+xml, image/pjpeg, application/x-ms-xbap, application/vnd.ms-powerpoint, application/vnd.ms-excel, application/msword, */*
User-Agent: Mozilla/4.0 (compatible; MSIE 7.0; Windows NT 6.1; Trident/4.0; SLCC2; .NET CLR 2.0.50727; .NET CLR 3.5.30729; .NET CLR 3.0.30729; Media Center PC 6.0; MDDS; .NET4.0C)
Accept-Encoding: gzip, deflate
Referer: http://picasso:8888/gepa/ConexionAction.do?POSTDATA=variosPerfiles=true&amp;accion=iniciar&amp;codigoEntidad=DYS&amp;codigo=jcnegredo&amp;contrasenya=dysmatica&amp;rolSeleccionado=25
Pragma: no-cache
</requestHeader>
  <cookies class="java.lang.String"></cookies>
  <method class="java.lang.String">POST</method>
  <queryString class="java.lang.String">variosPerfiles=true&amp;accion=seleccionarPerfil&amp;codigoEntidad=DYS&amp;rolSeleccionado=25</queryString>
  <url>https://preproduccion.sge:443/gepa/ConexionAction.do;jsessionid=eb634fe5b58b0bcb96508261e275709f9c8e236e3e15aeb347f0741aac2dda55</url>
</httpSample>
<httpSample t="188" lt="0" ts="1298632000640" s="true" lb="/gepa/scripts/scriptaculous/scriptaculous.js" rc="200" by="5068">
  <responseHeader class="java.lang.String">HTTP/1.0 200 OK
Date: Fri, 25 Feb 2011 11:06:40 GMT
Server: Oracle-Application-Server-10g/10.1.2.2.0 Oracle-HTTP-Server
Content-Length: 5068
Set-Cookie: JSESSIONID=6993b7b53ce4ed95931386d70f4210c1f8ff1215d6099607382edae757f8f79b.e38Ob3aOaheRe34Mb3qSax0Pahz0nR9Pq6XteP93; path=/login
Content-Type: text/html; charset=ISO-8859-1
</responseHeader>
  <requestHeader class="java.lang.String">Accept-Language: es-ES
Accept: */*
User-Agent: Mozilla/4.0 (compatible; MSIE 7.0; Windows NT 6.1; Trident/4.0; SLCC2; .NET CLR 2.0.50727; .NET CLR 3.5.30729; .NET CLR 3.0.30729; Media Center PC 6.0; MDDS; .NET4.0C)
Accept-Encoding: gzip, deflate
Referer: http://picasso:8888/gepa/ConexionAction.do;jsessionid=eb634fe5b58b0bcb96508261e275709f9c8e236e3e15aeb347f0741aac2dda55
</requestHeader>
  <cookies class="java.lang.String"></cookies>
  <method class="java.lang.String">GET</method>
  <queryString class="java.lang.String"></queryString>
  <redirectLocation class="java.lang.String">https://login-pre.sge/pls/orasso/orasso.wwsso_app_admin.ls_login?Site2pstoreToken=v1.4~CEF0A91F~C16ECD54AA816EBB7667CD22820D448D016E529DB2568105D068E526B7B3BAD78084C6432231E5C63FF5DD9D46EED01E8F1E5869286C5520D327CB31A6B8B2EBD12759953D4DDE21BB5E3205237BAA4229C50053B8638BAB84C421B98B1B73464B80D10E68CE6D201B5C168D674C7309D2BB8B1E5507518744F4632CDC6D4682E4639EF7CBD67A8B74ECF27879EB031478E84AA34DB12E2835DE9AB8B4640D13B7E3BF8E57C0C43FD91B4BA8D0332C4F03AD3FE92A09B536CC98BC4EBDDA0DCDBF6752485F78AF4591DDD7C95B76B4EAF5AF42DA3E6EC24F3A6E9898F99F82165048DEDA1CA2EA61A7806D13ABDAB0BFF1488AED23BC1B4154CD9BC37AF234C00FA830C2AEA17FFB8C15DAA9757BC127</redirectLocation>
  <url>https://preproduccion.sge/login/login.jsp?site2pstoretoken=v1.4~CEF0A91F~C16ECD54AA816EBB7667CD22820D448D016E529DB2568105D068E526B7B3BAD78084C6432231E5C63FF5DD9D46EED01E8F1E5869286C5520D327CB31A6B8B2EBD12759953D4DDE21BB5E3205237BAA4229C50053B8638BAB84C421B98B1B73464B80D10E68CE6D201B5C168D674C7309D2BB8B1E5507518744F4632CDC6D4682E4639EF7CBD67A8B74ECF27879EB031478E84AA34DB12E2835DE9AB8B4640D13B7E3BF8E57C0C43FD91B4BA8D0332C4F03AD3FE92A09B536CC98BC4EBDDA0DCDBF6752485F78AF4591DDD7C95B76B4EAF5AF42DA3E6EC24F3A6E9898F99F82165048DEDA1CA2EA61A7806D13ABDAB0BFF1488AED23BC1B4154CD9BC37AF234C00FA830C2AEA17FFB8C15DAA9757BC127&amp;p_error_code=&amp;p_submit_url=https%3A%2F%2Flogin-pre.sge%2Fsso%2Fauth&amp;p_cancel_url=https%3A%2F%2Fpreproduccion.sge&amp;ssousername=&amp;subscribername=</url>
</httpSample>
<httpSample t="15" lt="15" ts="1298632000828" s="false" lb="/gepa/BusquedaAction.do" rc="500" by="778">
  <responseHeader class="java.lang.String">HTTP/1.0 500 Internal Server Error
Date: Fri, 25 Feb 2011 11:06:40 GMT
Server: Oracle-Application-Server-10g/10.1.2.2.0 Oracle-HTTP-Server
Content-Type: text/html; charset=iso-8859-1
</responseHeader>
  <requestHeader class="java.lang.String">Content-Type: application/x-www-form-urlencoded
Accept-Language: es-ES
Accept: image/jpeg, application/x-ms-application, image/gif, application/xaml+xml, image/pjpeg, application/x-ms-xbap, application/vnd.ms-powerpoint, application/vnd.ms-excel, application/msword, */*
User-Agent: Mozilla/4.0 (compatible; MSIE 7.0; Windows NT 6.1; Trident/4.0; SLCC2; .NET CLR 2.0.50727; .NET CLR 3.5.30729; .NET CLR 3.0.30729; Media Center PC 6.0; MDDS; .NET4.0C)
Accept-Encoding: gzip, deflate
Referer: http://picasso:8888/gepa/ConexionAction.do;jsessionid=eb634fe5b58b0bcb96508261e275709f9c8e236e3e15aeb347f0741aac2dda55
Pragma: no-cache
</requestHeader>
  <cookies class="java.lang.String"></cookies>
  <method class="java.lang.String">POST</method>
  <queryString class="java.lang.String">accion=buscar&amp;modo=rapida&amp;avanzadaDesplegada=false&amp;descElemPesado=&amp;identificacionRapida=&amp;nombreRapida=&amp;apellido1Rapida=&amp;apellido2Rapida=&amp;anyoRapida=&amp;numeroRapida=&amp;desdeRapida=&amp;hastaRapida=&amp;tramiteRapida=-1&amp;estadoRapida=-1&amp;idBusqueda=-1&amp;idClases=26&amp;metaTipo0=STRING&amp;metaTipo1=STRING&amp;metaTipo2=LISTA&amp;metaTipo3=STRING&amp;metaTipo4=LISTA_PESADA&amp;metaTipo5=STRING&amp;metaTipo6=LISTA&amp;metaTipo7=STRING&amp;metaTipo8=STRING&amp;metaTipo9=STRING&amp;metaTipo10=STRING&amp;metaTipo11=STRING&amp;metaTipo12=STRING&amp;metaTipo13=LISTA&amp;metaTipo14=STRING&amp;metaTipo15=TIMESTAMP&amp;metaTipo16=TIMESTAMP&amp;metaTipo17=TIMESTAMP&amp;metaTipo18=LISTA&amp;metaTipo19=LISTA_PESADA&amp;metaTipo20=STRING&amp;metaTipo21=STRING&amp;metaTipo22=STRING&amp;metaTipo23=STRING&amp;metaTipo24=STRING&amp;metaTipo25=LISTA_PESADA&amp;metaTipo26=LISTA&amp;metaTipo27=STRING&amp;metaTipo28=LISTA&amp;metaTipo29=STRING&amp;metaTipo30=STRING&amp;metaTipo31=INTEGER&amp;metaTipo32=STRING&amp;metaTipo33=STRING&amp;metaTipo34=STRING&amp;metaTipo35=LISTA&amp;metaTipo36=LISTA&amp;metaTipo37=LISTA&amp;metaTipo38=STRING&amp;metaTipo39=SEPARADOR&amp;metaTipo40=BOOLEAN&amp;metaTipo41=STRING&amp;metaTipo42=STRING&amp;metaTipo43=STRING&amp;metaTipo44=LISTA&amp;metaTipo45=BOOLEAN&amp;metaTipo46=BOOLEAN&amp;metaTipo47=BOOLEAN&amp;metaTipo48=STRING&amp;metaTipo49=TIMESTAMP&amp;metaTipo50=TIMESTAMP&amp;metaTipo51=TIMESTAMP&amp;metaTipo52=TIMESTAMP&amp;metaTipo53=TIMESTAMP&amp;metaTipo54=TIMESTAMP&amp;metaTipo55=TIMESTAMP&amp;metaTipo56=TIMESTAMP&amp;metaTipo57=TIMESTAMP&amp;metaTipo58=TIMESTAMP&amp;metaTipo59=TIMESTAMP&amp;metaTipo60=TIMESTAMP&amp;metaTipo61=TIMESTAMP&amp;metaTipo62=TIMESTAMP&amp;metaTipo63=TIMESTAMP&amp;metaTipo64=LISTA&amp;metaTipo65=LISTA&amp;metaTipo66=LISTA&amp;metaTipo67=DOUBLE&amp;metaTipo68=DOUBLE&amp;metaTipo69=DOUBLE&amp;metaTipo70=DOUBLE&amp;metaTipo71=DOUBLE&amp;metaTipo72=DOUBLE&amp;metaTipo73=DOUBLE&amp;metaTipo74=BOOLEAN&amp;metaTipo75=LISTA&amp;metaTipo76=STRING&amp;metaTipo77=STRING&amp;metaTipo78=STRING&amp;metaTipo79=STRING&amp;metaTipo80=STRING&amp;metaTipo81=STRING&amp;metaTipo82=STRING&amp;metaTipo83=BOOLEAN&amp;metaTipo84=BOOLEAN&amp;metaTipo85=STRING&amp;metaTipo86=LISTA&amp;metaTipo87=LISTA&amp;metaTipo88=LISTA_PESADA&amp;metaTipo89=LISTA&amp;metaTipo90=LISTA&amp;metaTipo91=STRING&amp;metaTipo92=LISTA&amp;metaTipo93=STRING&amp;metaTipo94=STRING&amp;metaTipo95=LISTA&amp;metaTipo96=LISTA&amp;metaTipo97=LISTA&amp;metaTipo98=BOOLEAN&amp;metaTipo99=LISTA&amp;metaTipo100=BOOLEAN&amp;metaTipo101=LISTA&amp;metaTipo102=LISTA&amp;metaTipo103=BOOLEAN&amp;metaTipo104=BOOLEAN&amp;metaTipo105=LISTA&amp;metaTipo106=LISTA&amp;metaTipo107=LISTA&amp;metaTipo108=LISTA&amp;metaTipo109=LISTA&amp;metaTipo110=STRING&amp;metaTipo111=LISTA&amp;valor=&amp;valorPesado=&amp;lista37=-1&amp;lista36=-1&amp;lista35=-1&amp;lista99=-1&amp;lista109=-1&amp;lista66=-1&amp;lista98=-1&amp;lista108=-1&amp;lista65=-1&amp;lista97=-1&amp;lista107=-1&amp;lista64=-1&amp;lista96=-1&amp;lista106=-1&amp;lista95=-1&amp;lista105=-1&amp;lista104=-1&amp;lista92=-1&amp;lista103=-1&amp;lista102=-1&amp;lista90=-1&amp;lista101=-1&amp;lista100=-1&amp;lista28=-1&amp;lista26=-1&amp;lista89=-1&amp;lista87=-1&amp;lista86=-1&amp;lista6=-1&amp;lista84=-1&amp;lista83=-1&amp;lista2=-1&amp;lista18=-1&amp;lista47=-1&amp;lista46=-1&amp;lista13=-1&amp;lista45=-1&amp;lista44=-1&amp;lista75=-1&amp;lista74=-1&amp;lista40=-1&amp;lista111=-1</queryString>
  <url>https://preproduccion.sge:443/gepa/BusquedaAction.do</url>
</httpSample>
<httpSample t="188" lt="0" ts="1298632000843" s="true" lb="/gepa/scripts/scriptaculous/scriptaculous.js" rc="200" by="5068">
  <responseHeader class="java.lang.String">HTTP/1.0 200 OK
Date: Fri, 25 Feb 2011 11:06:40 GMT
Server: Oracle-Application-Server-10g/10.1.2.2.0 Oracle-HTTP-Server
Content-Length: 5068
Set-Cookie: JSESSIONID=19ead2a42725155736c202ced42df9578ec16bdf7b5cc51421e2fca8ab7b97a7.e3eSbhiLaNyPe3yNbNyQc3qSai1BqBjKpPXxqAa; path=/login
Content-Type: text/html; charset=ISO-8859-1
</responseHeader>
  <requestHeader class="java.lang.String">Accept-Language: es-ES
Accept: */*
User-Agent: Mozilla/4.0 (compatible; MSIE 7.0; Windows NT 6.1; Trident/4.0; SLCC2; .NET CLR 2.0.50727; .NET CLR 3.5.30729; .NET CLR 3.0.30729; Media Center PC 6.0; MDDS; .NET4.0C)
Accept-Encoding: gzip, deflate
Referer: http://picasso:8888/gepa/BusquedaAction.do
</requestHeader>
  <cookies class="java.lang.String"></cookies>
  <method class="java.lang.String">GET</method>
  <queryString class="java.lang.String"></queryString>
  <redirectLocation class="java.lang.String">https://login-pre.sge/pls/orasso/orasso.wwsso_app_admin.ls_login?Site2pstoreToken=v1.4~CEF0A91F~C16ECD54AA816EBB7667CD22820D448D016E529DB2568105D068E526B7B3BAD78084C6432231E5C63FF5DD9D46EED01E8F1E5869286C5520D327CB31A6B8B2EBD12759953D4DDE21BB5E3205237BAA4229C50053B8638BAB84C421B98B1B73464B80D10E68CE6D201B5C168D674C7309D2BB8B1E5507518744F4632CDC6D4682E4639EF7CBD67A8B74ECF27879EB031478E84AA34DB12E2835DE9AB8B4640D13B7E3BF8E57C0C43FD91B4BA8D0332C4F03AD3FE92A09B536CC98BC4EBDDA0DCDBF6752485F78AF4591DDD7C95B76B4EAF5AF42DA3E6EC24F3A6E9898F99F82165048DEDA1CA2EA61A7806D13ABDAB0BFF1488AED23BC1B4154CD9BC37AF234C00FA830C2AEA17FFB8C15DAA9757BC127</redirectLocation>
  <url>https://preproduccion.sge/login/login.jsp?site2pstoretoken=v1.4~CEF0A91F~C16ECD54AA816EBB7667CD22820D448D016E529DB2568105D068E526B7B3BAD78084C6432231E5C63FF5DD9D46EED01E8F1E5869286C5520D327CB31A6B8B2EBD12759953D4DDE21BB5E3205237BAA4229C50053B8638BAB84C421B98B1B73464B80D10E68CE6D201B5C168D674C7309D2BB8B1E5507518744F4632CDC6D4682E4639EF7CBD67A8B74ECF27879EB031478E84AA34DB12E2835DE9AB8B4640D13B7E3BF8E57C0C43FD91B4BA8D0332C4F03AD3FE92A09B536CC98BC4EBDDA0DCDBF6752485F78AF4591DDD7C95B76B4EAF5AF42DA3E6EC24F3A6E9898F99F82165048DEDA1CA2EA61A7806D13ABDAB0BFF1488AED23BC1B4154CD9BC37AF234C00FA830C2AEA17FFB8C15DAA9757BC127&amp;p_error_code=&amp;p_submit_url=https%3A%2F%2Flogin-pre.sge%2Fsso%2Fauth&amp;p_cancel_url=https%3A%2F%2Fpreproduccion.sge&amp;ssousername=&amp;subscribername=</url>
</httpSample>
<httpSample t="187" lt="0" ts="1298632001031" s="true" lb="/gepa/ResultadoBusquedaAction.do" rc="200" by="4972">
  <responseHeader class="java.lang.String">HTTP/1.0 200 OK
Date: Fri, 25 Feb 2011 11:06:41 GMT
Server: Oracle-Application-Server-10g/10.1.2.2.0 Oracle-HTTP-Server
Content-Length: 4972
Set-Cookie: JSESSIONID=d8380e51300a4393a412ae2ce01930f50484ea6e2e9ffb3bce9ac678eebbb85f.e38Ob3aOaheRe34Mb3qSax0Pahz0nR9Pq6XteP93; path=/login
Content-Type: text/html; charset=ISO-8859-1
</responseHeader>
  <requestHeader class="java.lang.String">Accept-Language: es-ES
Accept: image/jpeg, application/x-ms-application, image/gif, application/xaml+xml, image/pjpeg, application/x-ms-xbap, application/vnd.ms-powerpoint, application/vnd.ms-excel, application/msword, */*
User-Agent: Mozilla/4.0 (compatible; MSIE 7.0; Windows NT 6.1; Trident/4.0; SLCC2; .NET CLR 2.0.50727; .NET CLR 3.5.30729; .NET CLR 3.0.30729; Media Center PC 6.0; MDDS; .NET4.0C)
Accept-Encoding: gzip, deflate
Referer: http://picasso:8888/gepa/BusquedaAction.do
</requestHeader>
  <cookies class="java.lang.String"></cookies>
  <method class="java.lang.String">GET</method>
  <queryString class="java.lang.String"></queryString>
  <redirectLocation class="java.lang.String">https://login-pre.sge/pls/orasso/orasso.wwsso_app_admin.ls_login?Site2pstoreToken=v1.4~CEF0A91F~D1DD46C39093E9D9127A3D027590A616CDA6312FC903B6AA5A1A5C13A3F470C6E617A348B15CB6F60042D05B8D864FAEB40E4E27A034C4AA161E1179D0B3251846C9CC8426206CA2C047703DB0036B4FE94CD159B7874FFADCF1C11B942DB4FD8EEA65EA4C46F5AC18626FDF4C45DD7D7C18A684DE29B4C27AC2402A2159AFD684DBFC16C2EBFA6BDE69F551006FB6207A4CA26D600E55BF721209BB6E301FC7B770582686216F2371DD3AD151DDFB2AE8FA8FCB2C21E000B75D0007B0707CA9E484C77278893EE575BA261993A74E6214E96A5B9E57C45AF1940D8DA98E9EAF38CBDC97EA4C0F5FF24871EC070D4AA30E2182D1D2E9E54E</redirectLocation>
  <url>https://preproduccion.sge/login/login.jsp?site2pstoretoken=v1.4~CEF0A91F~D1DD46C39093E9D9127A3D027590A616CDA6312FC903B6AA5A1A5C13A3F470C6E617A348B15CB6F60042D05B8D864FAEB40E4E27A034C4AA161E1179D0B3251846C9CC8426206CA2C047703DB0036B4FE94CD159B7874FFADCF1C11B942DB4FD8EEA65EA4C46F5AC18626FDF4C45DD7D7C18A684DE29B4C27AC2402A2159AFD684DBFC16C2EBFA6BDE69F551006FB6207A4CA26D600E55BF721209BB6E301FC7B770582686216F2371DD3AD151DDFB2AE8FA8FCB2C21E000B75D0007B0707CA9E484C77278893EE575BA261993A74E6214E96A5B9E57C45AF1940D8DA98E9EAF38CBDC97EA4C0F5FF24871EC070D4AA30E2182D1D2E9E54E&amp;p_error_code=&amp;p_submit_url=https%3A%2F%2Flogin-pre.sge%2Fsso%2Fauth&amp;p_cancel_url=https%3A%2F%2Fpreproduccion.sge&amp;ssousername=&amp;subscribername=</url>
</httpSample>
<httpSample t="203" lt="0" ts="1298632001218" s="true" lb="/gepa/scripts/scriptaculous/scriptaculous.js" rc="200" by="5068">
  <responseHeader class="java.lang.String">HTTP/1.0 200 OK
Date: Fri, 25 Feb 2011 11:06:41 GMT
Server: Oracle-Application-Server-10g/10.1.2.2.0 Oracle-HTTP-Server
Content-Length: 5068
Set-Cookie: JSESSIONID=86f8152eed82b4240fa7f6668f57afaabc7c2d00157ec35c277088025c6ff387.e3eSbhiLaNyPe3yNbNyQc3qSai1BqBjKpPXxqAa; path=/login
Content-Type: text/html; charset=ISO-8859-1
</responseHeader>
  <requestHeader class="java.lang.String">Accept-Language: es-ES
Accept: */*
User-Agent: Mozilla/4.0 (compatible; MSIE 7.0; Windows NT 6.1; Trident/4.0; SLCC2; .NET CLR 2.0.50727; .NET CLR 3.5.30729; .NET CLR 3.0.30729; Media Center PC 6.0; MDDS; .NET4.0C)
Accept-Encoding: gzip, deflate
Referer: http://picasso:8888/gepa/ResultadoBusquedaAction.do?accion=gestionExp&amp;indice=0
</requestHeader>
  <cookies class="java.lang.String"></cookies>
  <method class="java.lang.String">GET</method>
  <queryString class="java.lang.String"></queryString>
  <redirectLocation class="java.lang.String">https://login-pre.sge/pls/orasso/orasso.wwsso_app_admin.ls_login?Site2pstoreToken=v1.4~CEF0A91F~D1DD46C39093E9D9127A3D027590A616CDA6312FC903B6AA5A1A5C13A3F470C6E617A348B15CB6F60042D05B8D864FAEB40E4E27A034C4AA161E1179D0B3251846C9CC8426206CA2C047703DB0036B4FE94CD159B7874FFA251E6B886096F89EE3F0A8A0B39BAEAD29BB22AEB3D1105A98FF15670246CD37A187305A7BE43BF09AC8A55D698393628470AAF52C2AD1BF31A32337039DD02181A377EC793F16B333311785F7C614E038A84A42654EDFEF980EA737446B3ED5F36DD595CA780E70F95EBB7F48F0BA10116A26677CEDD6E75B4F53895667622A6DD40170E3CB91570C231D90C4CE0FB335034D35C842FB146F48ED3138CD38017A2A2A8A1B86646567810A80E64BB14C7BF019CDB6F6825A</redirectLocation>
  <url>https://preproduccion.sge/login/login.jsp?site2pstoretoken=v1.4~CEF0A91F~D1DD46C39093E9D9127A3D027590A616CDA6312FC903B6AA5A1A5C13A3F470C6E617A348B15CB6F60042D05B8D864FAEB40E4E27A034C4AA161E1179D0B3251846C9CC8426206CA2C047703DB0036B4FE94CD159B7874FFA251E6B886096F89EE3F0A8A0B39BAEAD29BB22AEB3D1105A98FF15670246CD37A187305A7BE43BF09AC8A55D698393628470AAF52C2AD1BF31A32337039DD02181A377EC793F16B333311785F7C614E038A84A42654EDFEF980EA737446B3ED5F36DD595CA780E70F95EBB7F48F0BA10116A26677CEDD6E75B4F53895667622A6DD40170E3CB91570C231D90C4CE0FB335034D35C842FB146F48ED3138CD38017A2A2A8A1B86646567810A80E64BB14C7BF019CDB6F6825A&amp;p_error_code=&amp;p_submit_url=https%3A%2F%2Flogin-pre.sge%2Fsso%2Fauth&amp;p_cancel_url=https%3A%2F%2Fpreproduccion.sge&amp;ssousername=&amp;subscribername=</url>
</httpSample>
<httpSample t="188" lt="0" ts="1298632001421" s="true" lb="/gepa/ConexionAction.do" rc="200" by="5388">
  <responseHeader class="java.lang.String">HTTP/1.0 200 OK
Date: Fri, 25 Feb 2011 11:06:41 GMT
Server: Oracle-Application-Server-10g/10.1.2.2.0 Oracle-HTTP-Server
Content-Length: 5388
Set-Cookie: JSESSIONID=7d0a038f2b327401a30c8f723c80d4b8cbdeb64ab3cbfa541577d12e1a67909a.e38Ob3aOaheRe34Mb3qSax0Pahz0nR9Pq6XteP93; path=/login
Content-Type: text/html; charset=ISO-8859-1
</responseHeader>
  <requestHeader class="java.lang.String">Accept-Language: es
Accept: */*
User-Agent: Mozilla/4.0 (compatible; MSIE 7.0; Windows NT 6.1; Trident/4.0; SLCC2; .NET CLR 2.0.50727; .NET CLR 3.5.30729; .NET CLR 3.0.30729; Media Center PC 6.0; MDDS; .NET4.0C)
Accept-Encoding: gzip, deflate
</requestHeader>
  <cookies class="java.lang.String"></cookies>
  <method class="java.lang.String">GET</method>
  <queryString class="java.lang.String"></queryString>
  <redirectLocation class="java.lang.String">https://login-pre.sge/pls/orasso/orasso.wwsso_app_admin.ls_login?Site2pstoreToken=v1.4~CEF0A91F~D1DD46C39093E9D9127A3D027590A616CDA6312FC903B6AA5A1A5C13A3F470C6E617A348B15CB6F60042D05B8D864FAEB40E4E27A034C4AA161E1179D0B3251846C9CC8426206CA2C047703DB0036B4FE94CD159B7874FFA596006F700C9AF874FF5B9202583C280EA350A5163A89C8EC6F9A1A0EC6673841024274560D0048A227892184680953CCDA14D3A625564AD54020895213F17111AED4E19C0DB0ECAD5314616F0E48C0196FC6B7E6C632B7E8467D1FFE6268C15880CB13FC5273833F26E59A9BC5D8AE833F3BD7407A89AB51BD4486AFF78D288899F5903367B5165064E8EA6A3F715B473EBB17631EF256EAA45410B17FF046FF7D9C9614F2F0DA187C2A9B3159CE8B65923AB69D75DF458DDDD3E612CBA87DF182D9C92BA6C84CBF1DCE0B9796071BF8DEB03DBD93780484949E6257867C5B3230D858F15E50B0529A9B7DB113BCA6B7C051E08365C6BE99DCB6DD219C57F99F25BC1C037E95EEE</redirectLocation>
  <url>https://preproduccion.sge/login/login.jsp?site2pstoretoken=v1.4~CEF0A91F~D1DD46C39093E9D9127A3D027590A616CDA6312FC903B6AA5A1A5C13A3F470C6E617A348B15CB6F60042D05B8D864FAEB40E4E27A034C4AA161E1179D0B3251846C9CC8426206CA2C047703DB0036B4FE94CD159B7874FFA596006F700C9AF874FF5B9202583C280EA350A5163A89C8EC6F9A1A0EC6673841024274560D0048A227892184680953CCDA14D3A625564AD54020895213F17111AED4E19C0DB0ECAD5314616F0E48C0196FC6B7E6C632B7E8467D1FFE6268C15880CB13FC5273833F26E59A9BC5D8AE833F3BD7407A89AB51BD4486AFF78D288899F5903367B5165064E8EA6A3F715B473EBB17631EF256EAA45410B17FF046FF7D9C9614F2F0DA187C2A9B3159CE8B65923AB69D75DF458DDDD3E612CBA87DF182D9C92BA6C84CBF1DCE0B9796071BF8DEB03DBD93780484949E6257867C5B3230D858F15E50B0529A9B7DB113BCA6B7C051E08365C6BE99DCB6DD219C57F99F25BC1C037E95EEE&amp;p_error_code=&amp;p_submit_url=https%3A%2F%2Flogin-pre.sge%2Fsso%2Fauth&amp;p_cancel_url=https%3A%2F%2Fpreproduccion.sge&amp;ssousername=&amp;subscribername=</url>
</httpSample>
<httpSample t="187" lt="0" ts="1298632001609" s="true" lb="/gepa/scripts/scriptaculous/scriptaculous.js" rc="200" by="5068">
  <responseHeader class="java.lang.String">HTTP/1.0 200 OK
Date: Fri, 25 Feb 2011 11:06:41 GMT
Server: Oracle-Application-Server-10g/10.1.2.2.0 Oracle-HTTP-Server
Content-Length: 5068
Set-Cookie: JSESSIONID=d92ec81ad5571f199c0096e2e53a6920f76de8b16c5faa1c8bcc83381bd4c329.e3eSbhiLaNyPe3yNbNyQc3qSai1BqBjKpPXxqAa; path=/login
Content-Type: text/html; charset=ISO-8859-1
</responseHeader>
  <requestHeader class="java.lang.String">Accept-Language: es-ES
Accept: */*
User-Agent: Mozilla/4.0 (compatible; MSIE 7.0; Windows NT 6.1; Trident/4.0; SLCC2; .NET CLR 2.0.50727; .NET CLR 3.5.30729; .NET CLR 3.0.30729; Media Center PC 6.0; MDDS; .NET4.0C)
Accept-Encoding: gzip, deflate
Referer: http://picasso:8888/gepa/ConexionAction.do?POSTDATA=variosPerfiles=true&amp;accion=iniciar&amp;codigoEntidad=DYS&amp;codigo=jcnegredo&amp;contrasenya=dysmatica&amp;rolSeleccionado=25
</requestHeader>
  <cookies class="java.lang.String"></cookies>
  <method class="java.lang.String">GET</method>
  <queryString class="java.lang.String"></queryString>
  <redirectLocation class="java.lang.String">https://login-pre.sge/pls/orasso/orasso.wwsso_app_admin.ls_login?Site2pstoreToken=v1.4~CEF0A91F~D1DD46C39093E9D9127A3D027590A616CDA6312FC903B6AA5A1A5C13A3F470C6E617A348B15CB6F60042D05B8D864FAEB40E4E27A034C4AA161E1179D0B3251846C9CC8426206CA2C047703DB0036B4FE94CD159B7874FFA251E6B886096F89EE3F0A8A0B39BAEAD29BB22AEB3D1105A98FF15670246CD37A187305A7BE43BF09AC8A55D698393628470AAF52C2AD1BF31A32337039DD02181A377EC793F16B333311785F7C614E038A84A42654EDFEF980EA737446B3ED5F36DD595CA780E70F95EBB7F48F0BA10116A26677CEDD6E75B4F53895667622A6DD40170E3CB91570C231D90C4CE0FB335034D35C842FB146F48ED3138CD38017A2A2A8A1B86646567810A80E64BB14C7BF019CDB6F6825A</redirectLocation>
  <url>https://preproduccion.sge/login/login.jsp?site2pstoretoken=v1.4~CEF0A91F~D1DD46C39093E9D9127A3D027590A616CDA6312FC903B6AA5A1A5C13A3F470C6E617A348B15CB6F60042D05B8D864FAEB40E4E27A034C4AA161E1179D0B3251846C9CC8426206CA2C047703DB0036B4FE94CD159B7874FFA251E6B886096F89EE3F0A8A0B39BAEAD29BB22AEB3D1105A98FF15670246CD37A187305A7BE43BF09AC8A55D698393628470AAF52C2AD1BF31A32337039DD02181A377EC793F16B333311785F7C614E038A84A42654EDFEF980EA737446B3ED5F36DD595CA780E70F95EBB7F48F0BA10116A26677CEDD6E75B4F53895667622A6DD40170E3CB91570C231D90C4CE0FB335034D35C842FB146F48ED3138CD38017A2A2A8A1B86646567810A80E64BB14C7BF019CDB6F6825A&amp;p_error_code=&amp;p_submit_url=https%3A%2F%2Flogin-pre.sge%2Fsso%2Fauth&amp;p_cancel_url=https%3A%2F%2Fpreproduccion.sge&amp;ssousername=&amp;subscribername=</url>
</httpSample>
<httpSample t="31" lt="31" ts="1298632001828" s="false" lb="/gepa/ConexionAction.do;jsessionid=eb634fe5b58b0bcb96508261e275709f9c8e236e3e15aeb347f0741aac2dda55" rc="500" by="778">
  <responseHeader class="java.lang.String">HTTP/1.0 500 Internal Server Error
Date: Fri, 25 Feb 2011 11:06:41 GMT
Server: Oracle-Application-Server-10g/10.1.2.2.0 Oracle-HTTP-Server
Content-Type: text/html; charset=iso-8859-1
</responseHeader>
  <requestHeader class="java.lang.String">Content-Type: application/x-www-form-urlencoded
Accept-Language: es-ES
Accept: image/jpeg, application/x-ms-application, image/gif, application/xaml+xml, image/pjpeg, application/x-ms-xbap, application/vnd.ms-powerpoint, application/vnd.ms-excel, application/msword, */*
User-Agent: Mozilla/4.0 (compatible; MSIE 7.0; Windows NT 6.1; Trident/4.0; SLCC2; .NET CLR 2.0.50727; .NET CLR 3.5.30729; .NET CLR 3.0.30729; Media Center PC 6.0; MDDS; .NET4.0C)
Accept-Encoding: gzip, deflate
Referer: http://picasso:8888/gepa/ConexionAction.do?POSTDATA=variosPerfiles=true&amp;accion=iniciar&amp;codigoEntidad=DYS&amp;codigo=jcnegredo&amp;contrasenya=dysmatica&amp;rolSeleccionado=25
Pragma: no-cache
</requestHeader>
  <cookies class="java.lang.String"></cookies>
  <method class="java.lang.String">POST</method>
  <queryString class="java.lang.String">variosPerfiles=true&amp;accion=seleccionarPerfil&amp;codigoEntidad=DYS&amp;rolSeleccionado=25</queryString>
  <url>https://preproduccion.sge:443/gepa/ConexionAction.do;jsessionid=eb634fe5b58b0bcb96508261e275709f9c8e236e3e15aeb347f0741aac2dda55</url>
</httpSample>
<httpSample t="172" lt="0" ts="1298632001859" s="true" lb="/gepa/scripts/scriptaculous/scriptaculous.js" rc="200" by="5068">
  <responseHeader class="java.lang.String">HTTP/1.0 200 OK
Date: Fri, 25 Feb 2011 11:06:41 GMT
Server: Oracle-Application-Server-10g/10.1.2.2.0 Oracle-HTTP-Server
Content-Length: 5068
Set-Cookie: JSESSIONID=de765cdf52a270d37923c451a63b11aa086598646413f26183e12246c9d8ab2a.e3eSbhiLaNyPe3yNbNyQc3qSai1BqBjKpPXxqAa; path=/login
Content-Type: text/html; charset=ISO-8859-1
</responseHeader>
  <requestHeader class="java.lang.String">Accept-Language: es-ES
Accept: */*
User-Agent: Mozilla/4.0 (compatible; MSIE 7.0; Windows NT 6.1; Trident/4.0; SLCC2; .NET CLR 2.0.50727; .NET CLR 3.5.30729; .NET CLR 3.0.30729; Media Center PC 6.0; MDDS; .NET4.0C)
Accept-Encoding: gzip, deflate
Referer: http://picasso:8888/gepa/ConexionAction.do;jsessionid=eb634fe5b58b0bcb96508261e275709f9c8e236e3e15aeb347f0741aac2dda55
</requestHeader>
  <cookies class="java.lang.String"></cookies>
  <method class="java.lang.String">GET</method>
  <queryString class="java.lang.String"></queryString>
  <redirectLocation class="java.lang.String">https://login-pre.sge/pls/orasso/orasso.wwsso_app_admin.ls_login?Site2pstoreToken=v1.4~CEF0A91F~D1DD46C39093E9D9127A3D027590A616CDA6312FC903B6AA5A1A5C13A3F470C6E617A348B15CB6F60042D05B8D864FAEB40E4E27A034C4AA161E1179D0B3251846C9CC8426206CA2C047703DB0036B4FE94CD159B7874FFA251E6B886096F89EE3F0A8A0B39BAEAD29BB22AEB3D1105A98FF15670246CD37A187305A7BE43BF09AC8A55D698393628470AAF52C2AD1BF31A32337039DD02181A377EC793F16B333311785F7C614E038A84A42654EDFEF980EA737446B3ED5F36DD595CA780E70F95EBB7F48F0BA10116A26677CEDD6E75B4F53895667622A6DD40170E3CB91570C231D90C4CE0FB335034D35C842FB146F48ED3138CD38017A2A2A8A1B86646567810A80E64BB14C7BF019CDB6F6825A</redirectLocation>
  <url>https://preproduccion.sge/login/login.jsp?site2pstoretoken=v1.4~CEF0A91F~D1DD46C39093E9D9127A3D027590A616CDA6312FC903B6AA5A1A5C13A3F470C6E617A348B15CB6F60042D05B8D864FAEB40E4E27A034C4AA161E1179D0B3251846C9CC8426206CA2C047703DB0036B4FE94CD159B7874FFA251E6B886096F89EE3F0A8A0B39BAEAD29BB22AEB3D1105A98FF15670246CD37A187305A7BE43BF09AC8A55D698393628470AAF52C2AD1BF31A32337039DD02181A377EC793F16B333311785F7C614E038A84A42654EDFEF980EA737446B3ED5F36DD595CA780E70F95EBB7F48F0BA10116A26677CEDD6E75B4F53895667622A6DD40170E3CB91570C231D90C4CE0FB335034D35C842FB146F48ED3138CD38017A2A2A8A1B86646567810A80E64BB14C7BF019CDB6F6825A&amp;p_error_code=&amp;p_submit_url=https%3A%2F%2Flogin-pre.sge%2Fsso%2Fauth&amp;p_cancel_url=https%3A%2F%2Fpreproduccion.sge&amp;ssousername=&amp;subscribername=</url>
</httpSample>
<httpSample t="15" lt="15" ts="1298632002031" s="false" lb="/gepa/BusquedaAction.do" rc="500" by="778">
  <responseHeader class="java.lang.String">HTTP/1.0 500 Internal Server Error
Date: Fri, 25 Feb 2011 11:06:42 GMT
Server: Oracle-Application-Server-10g/10.1.2.2.0 Oracle-HTTP-Server
Content-Type: text/html; charset=iso-8859-1
</responseHeader>
  <requestHeader class="java.lang.String">Content-Type: application/x-www-form-urlencoded
Accept-Language: es-ES
Accept: image/jpeg, application/x-ms-application, image/gif, application/xaml+xml, image/pjpeg, application/x-ms-xbap, application/vnd.ms-powerpoint, application/vnd.ms-excel, application/msword, */*
User-Agent: Mozilla/4.0 (compatible; MSIE 7.0; Windows NT 6.1; Trident/4.0; SLCC2; .NET CLR 2.0.50727; .NET CLR 3.5.30729; .NET CLR 3.0.30729; Media Center PC 6.0; MDDS; .NET4.0C)
Accept-Encoding: gzip, deflate
Referer: http://picasso:8888/gepa/ConexionAction.do;jsessionid=eb634fe5b58b0bcb96508261e275709f9c8e236e3e15aeb347f0741aac2dda55
Pragma: no-cache
</requestHeader>
  <cookies class="java.lang.String"></cookies>
  <method class="java.lang.String">POST</method>
  <queryString class="java.lang.String">accion=buscar&amp;modo=rapida&amp;avanzadaDesplegada=false&amp;descElemPesado=&amp;identificacionRapida=&amp;nombreRapida=&amp;apellido1Rapida=&amp;apellido2Rapida=&amp;anyoRapida=&amp;numeroRapida=&amp;desdeRapida=&amp;hastaRapida=&amp;tramiteRapida=-1&amp;estadoRapida=-1&amp;idBusqueda=-1&amp;idClases=26&amp;metaTipo0=STRING&amp;metaTipo1=STRING&amp;metaTipo2=LISTA&amp;metaTipo3=STRING&amp;metaTipo4=LISTA_PESADA&amp;metaTipo5=STRING&amp;metaTipo6=LISTA&amp;metaTipo7=STRING&amp;metaTipo8=STRING&amp;metaTipo9=STRING&amp;metaTipo10=STRING&amp;metaTipo11=STRING&amp;metaTipo12=STRING&amp;metaTipo13=LISTA&amp;metaTipo14=STRING&amp;metaTipo15=TIMESTAMP&amp;metaTipo16=TIMESTAMP&amp;metaTipo17=TIMESTAMP&amp;metaTipo18=LISTA&amp;metaTipo19=LISTA_PESADA&amp;metaTipo20=STRING&amp;metaTipo21=STRING&amp;metaTipo22=STRING&amp;metaTipo23=STRING&amp;metaTipo24=STRING&amp;metaTipo25=LISTA_PESADA&amp;metaTipo26=LISTA&amp;metaTipo27=STRING&amp;metaTipo28=LISTA&amp;metaTipo29=STRING&amp;metaTipo30=STRING&amp;metaTipo31=INTEGER&amp;metaTipo32=STRING&amp;metaTipo33=STRING&amp;metaTipo34=STRING&amp;metaTipo35=LISTA&amp;metaTipo36=LISTA&amp;metaTipo37=LISTA&amp;metaTipo38=STRING&amp;metaTipo39=SEPARADOR&amp;metaTipo40=BOOLEAN&amp;metaTipo41=STRING&amp;metaTipo42=STRING&amp;metaTipo43=STRING&amp;metaTipo44=LISTA&amp;metaTipo45=BOOLEAN&amp;metaTipo46=BOOLEAN&amp;metaTipo47=BOOLEAN&amp;metaTipo48=STRING&amp;metaTipo49=TIMESTAMP&amp;metaTipo50=TIMESTAMP&amp;metaTipo51=TIMESTAMP&amp;metaTipo52=TIMESTAMP&amp;metaTipo53=TIMESTAMP&amp;metaTipo54=TIMESTAMP&amp;metaTipo55=TIMESTAMP&amp;metaTipo56=TIMESTAMP&amp;metaTipo57=TIMESTAMP&amp;metaTipo58=TIMESTAMP&amp;metaTipo59=TIMESTAMP&amp;metaTipo60=TIMESTAMP&amp;metaTipo61=TIMESTAMP&amp;metaTipo62=TIMESTAMP&amp;metaTipo63=TIMESTAMP&amp;metaTipo64=LISTA&amp;metaTipo65=LISTA&amp;metaTipo66=LISTA&amp;metaTipo67=DOUBLE&amp;metaTipo68=DOUBLE&amp;metaTipo69=DOUBLE&amp;metaTipo70=DOUBLE&amp;metaTipo71=DOUBLE&amp;metaTipo72=DOUBLE&amp;metaTipo73=DOUBLE&amp;metaTipo74=BOOLEAN&amp;metaTipo75=LISTA&amp;metaTipo76=STRING&amp;metaTipo77=STRING&amp;metaTipo78=STRING&amp;metaTipo79=STRING&amp;metaTipo80=STRING&amp;metaTipo81=STRING&amp;metaTipo82=STRING&amp;metaTipo83=BOOLEAN&amp;metaTipo84=BOOLEAN&amp;metaTipo85=STRING&amp;metaTipo86=LISTA&amp;metaTipo87=LISTA&amp;metaTipo88=LISTA_PESADA&amp;metaTipo89=LISTA&amp;metaTipo90=LISTA&amp;metaTipo91=STRING&amp;metaTipo92=LISTA&amp;metaTipo93=STRING&amp;metaTipo94=STRING&amp;metaTipo95=LISTA&amp;metaTipo96=LISTA&amp;metaTipo97=LISTA&amp;metaTipo98=BOOLEAN&amp;metaTipo99=LISTA&amp;metaTipo100=BOOLEAN&amp;metaTipo101=LISTA&amp;metaTipo102=LISTA&amp;metaTipo103=BOOLEAN&amp;metaTipo104=BOOLEAN&amp;metaTipo105=LISTA&amp;metaTipo106=LISTA&amp;metaTipo107=LISTA&amp;metaTipo108=LISTA&amp;metaTipo109=LISTA&amp;metaTipo110=STRING&amp;metaTipo111=LISTA&amp;valor=&amp;valorPesado=&amp;lista37=-1&amp;lista36=-1&amp;lista35=-1&amp;lista99=-1&amp;lista109=-1&amp;lista66=-1&amp;lista98=-1&amp;lista108=-1&amp;lista65=-1&amp;lista97=-1&amp;lista107=-1&amp;lista64=-1&amp;lista96=-1&amp;lista106=-1&amp;lista95=-1&amp;lista105=-1&amp;lista104=-1&amp;lista92=-1&amp;lista103=-1&amp;lista102=-1&amp;lista90=-1&amp;lista101=-1&amp;lista100=-1&amp;lista28=-1&amp;lista26=-1&amp;lista89=-1&amp;lista87=-1&amp;lista86=-1&amp;lista6=-1&amp;lista84=-1&amp;lista83=-1&amp;lista2=-1&amp;lista18=-1&amp;lista47=-1&amp;lista46=-1&amp;lista13=-1&amp;lista45=-1&amp;lista44=-1&amp;lista75=-1&amp;lista74=-1&amp;lista40=-1&amp;lista111=-1</queryString>
  <url>https://preproduccion.sge:443/gepa/BusquedaAction.do</url>
</httpSample>
<httpSample t="188" lt="0" ts="1298632002046" s="true" lb="/gepa/scripts/scriptaculous/scriptaculous.js" rc="200" by="5068">
  <responseHeader class="java.lang.String">HTTP/1.0 200 OK
Date: Fri, 25 Feb 2011 11:06:42 GMT
Server: Oracle-Application-Server-10g/10.1.2.2.0 Oracle-HTTP-Server
Content-Length: 5068
Set-Cookie: JSESSIONID=9e95802e51af97c41367abd73692e792f70a5ba6e5a6f3c1286920778bdfd0d2.e38Ob3aOaheRe34Mb3qSax0Pahz0nR9Pq6XteP93; path=/login
Content-Type: text/html; charset=ISO-8859-1
</responseHeader>
  <requestHeader class="java.lang.String">Accept-Language: es-ES
Accept: */*
User-Agent: Mozilla/4.0 (compatible; MSIE 7.0; Windows NT 6.1; Trident/4.0; SLCC2; .NET CLR 2.0.50727; .NET CLR 3.5.30729; .NET CLR 3.0.30729; Media Center PC 6.0; MDDS; .NET4.0C)
Accept-Encoding: gzip, deflate
Referer: http://picasso:8888/gepa/BusquedaAction.do
</requestHeader>
  <cookies class="java.lang.String"></cookies>
  <method class="java.lang.String">GET</method>
  <queryString class="java.lang.String"></queryString>
  <redirectLocation class="java.lang.String">https://login-pre.sge/pls/orasso/orasso.wwsso_app_admin.ls_login?Site2pstoreToken=v1.4~CEF0A91F~9D960750E41BF1D0381B881FD442C7B9ECDB4AC6ADFBBBB39FE51D823B7213B39F32163B98F8C36134164E315A7F84D330D17DE57412A24E1796A2B46FFDD826B666E177B2D5005115E2FA45C5769486E4F8EC35D20369236DB8917786B3DF882B38B5968C2BB5CF921C6E516B6125D240FBF5145A10295CA4056E45A3DD96301A07E72C6D514E161125EAF3970FD26BE81A24EFE2FABE3FEA9D4F489FAE87343ABFFAF4FAE2E85DD8787B6D454C99F1EA02D28FA06C7341D22E6600092F4718421FEC2D6DD4541443E82B81E13EB16E50112CF821BEECAF39486CB378FD61DB8B3E0E99D7C689B95F68B75CF945E85F20769C9E7F348D4399D74D775EA16583FBCBFEA5CDA78AA64538D12271682649</redirectLocation>
  <url>https://preproduccion.sge/login/login.jsp?site2pstoretoken=v1.4~CEF0A91F~9D960750E41BF1D0381B881FD442C7B9ECDB4AC6ADFBBBB39FE51D823B7213B39F32163B98F8C36134164E315A7F84D330D17DE57412A24E1796A2B46FFDD826B666E177B2D5005115E2FA45C5769486E4F8EC35D20369236DB8917786B3DF882B38B5968C2BB5CF921C6E516B6125D240FBF5145A10295CA4056E45A3DD96301A07E72C6D514E161125EAF3970FD26BE81A24EFE2FABE3FEA9D4F489FAE87343ABFFAF4FAE2E85DD8787B6D454C99F1EA02D28FA06C7341D22E6600092F4718421FEC2D6DD4541443E82B81E13EB16E50112CF821BEECAF39486CB378FD61DB8B3E0E99D7C689B95F68B75CF945E85F20769C9E7F348D4399D74D775EA16583FBCBFEA5CDA78AA64538D12271682649&amp;p_error_code=&amp;p_submit_url=https%3A%2F%2Flogin-pre.sge%2Fsso%2Fauth&amp;p_cancel_url=https%3A%2F%2Fpreproduccion.sge&amp;ssousername=&amp;subscribername=</url>
</httpSample>
<httpSample t="171" lt="0" ts="1298632002250" s="true" lb="/gepa/ResultadoBusquedaAction.do" rc="200" by="4972">
  <responseHeader class="java.lang.String">HTTP/1.0 200 OK
Date: Fri, 25 Feb 2011 11:06:42 GMT
Server: Oracle-Application-Server-10g/10.1.2.2.0 Oracle-HTTP-Server
Content-Length: 4972
Set-Cookie: JSESSIONID=35b3fa5473d11eb0bb228ba135c79b7884ba9b1b72675838ff9757fcea21a3dd.e3eSbhiLaNyPe3yNbNyQc3qSai1BqBjKpPXxqAa; path=/login
Content-Type: text/html; charset=ISO-8859-1
</responseHeader>
  <requestHeader class="java.lang.String">Accept-Language: es-ES
Accept: image/jpeg, application/x-ms-application, image/gif, application/xaml+xml, image/pjpeg, application/x-ms-xbap, application/vnd.ms-powerpoint, application/vnd.ms-excel, application/msword, */*
User-Agent: Mozilla/4.0 (compatible; MSIE 7.0; Windows NT 6.1; Trident/4.0; SLCC2; .NET CLR 2.0.50727; .NET CLR 3.5.30729; .NET CLR 3.0.30729; Media Center PC 6.0; MDDS; .NET4.0C)
Accept-Encoding: gzip, deflate
Referer: http://picasso:8888/gepa/BusquedaAction.do
</requestHeader>
  <cookies class="java.lang.String"></cookies>
  <method class="java.lang.String">GET</method>
  <queryString class="java.lang.String"></queryString>
  <redirectLocation class="java.lang.String">https://login-pre.sge/pls/orasso/orasso.wwsso_app_admin.ls_login?Site2pstoreToken=v1.4~CEF0A91F~9D960750E41BF1D0381B881FD442C7B9ECDB4AC6ADFBBBB39FE51D823B7213B39F32163B98F8C36134164E315A7F84D330D17DE57412A24E1796A2B46FFDD826B666E177B2D5005115E2FA45C5769486E4F8EC35D20369236DB8917786B3DF885F1FCB7615A3601D5AC305BD2B34D5D732950D50BAFD3B6E8E4C0AF82C30445D15AE57F6BCF2CBFDB9CE6A777D656AE61F349AC00F2942CAA78506B67AD5731DCBD3FBD7DF99B665BB5CF438ABB732E967D5798032AA196138CA22EBB36E4CFDA08BAFD00574556457F2FBF73197F0C64901ECDA9CACC76447A840040F439DC6CF3C39F75EBDDE9BDC840A37EB18CD5172B45ED3560CE17B</redirectLocation>
  <url>https://preproduccion.sge/login/login.jsp?site2pstoretoken=v1.4~CEF0A91F~9D960750E41BF1D0381B881FD442C7B9ECDB4AC6ADFBBBB39FE51D823B7213B39F32163B98F8C36134164E315A7F84D330D17DE57412A24E1796A2B46FFDD826B666E177B2D5005115E2FA45C5769486E4F8EC35D20369236DB8917786B3DF885F1FCB7615A3601D5AC305BD2B34D5D732950D50BAFD3B6E8E4C0AF82C30445D15AE57F6BCF2CBFDB9CE6A777D656AE61F349AC00F2942CAA78506B67AD5731DCBD3FBD7DF99B665BB5CF438ABB732E967D5798032AA196138CA22EBB36E4CFDA08BAFD00574556457F2FBF73197F0C64901ECDA9CACC76447A840040F439DC6CF3C39F75EBDDE9BDC840A37EB18CD5172B45ED3560CE17B&amp;p_error_code=&amp;p_submit_url=https%3A%2F%2Flogin-pre.sge%2Fsso%2Fauth&amp;p_cancel_url=https%3A%2F%2Fpreproduccion.sge&amp;ssousername=&amp;subscribername=</url>
</httpSample>
<httpSample t="188" lt="0" ts="1298632002421" s="true" lb="/gepa/scripts/scriptaculous/scriptaculous.js" rc="200" by="5068">
  <responseHeader class="java.lang.String">HTTP/1.0 200 OK
Date: Fri, 25 Feb 2011 11:06:42 GMT
Server: Oracle-Application-Server-10g/10.1.2.2.0 Oracle-HTTP-Server
Content-Length: 5068
Set-Cookie: JSESSIONID=e3e1c17881aaf56a26ec8b3de0eb2d1f4b378cfab46f86b0ab75fccd449ab85d.e38Ob3aOaheRe34Mb3qSax0Pahz0nR9Pq6XteP93; path=/login
Content-Type: text/html; charset=ISO-8859-1
</responseHeader>
  <requestHeader class="java.lang.String">Accept-Language: es-ES
Accept: */*
User-Agent: Mozilla/4.0 (compatible; MSIE 7.0; Windows NT 6.1; Trident/4.0; SLCC2; .NET CLR 2.0.50727; .NET CLR 3.5.30729; .NET CLR 3.0.30729; Media Center PC 6.0; MDDS; .NET4.0C)
Accept-Encoding: gzip, deflate
Referer: http://picasso:8888/gepa/ResultadoBusquedaAction.do?accion=gestionExp&amp;indice=0
</requestHeader>
  <cookies class="java.lang.String"></cookies>
  <method class="java.lang.String">GET</method>
  <queryString class="java.lang.String"></queryString>
  <redirectLocation class="java.lang.String">https://login-pre.sge/pls/orasso/orasso.wwsso_app_admin.ls_login?Site2pstoreToken=v1.4~CEF0A91F~9D960750E41BF1D0381B881FD442C7B9ECDB4AC6ADFBBBB39FE51D823B7213B39F32163B98F8C36134164E315A7F84D330D17DE57412A24E1796A2B46FFDD826B666E177B2D5005115E2FA45C5769486E4F8EC35D20369236DB8917786B3DF882B38B5968C2BB5CF921C6E516B6125D240FBF5145A10295CA4056E45A3DD96301A07E72C6D514E161125EAF3970FD26BE81A24EFE2FABE3FEA9D4F489FAE87343ABFFAF4FAE2E85DD8787B6D454C99F1EA02D28FA06C7341D22E6600092F4718421FEC2D6DD4541443E82B81E13EB16E50112CF821BEECAF39486CB378FD61DB8B3E0E99D7C689B95F68B75CF945E85F20769C9E7F348D4399D74D775EA16583FBCBFEA5CDA78AA64538D12271682649</redirectLocation>
  <url>https://preproduccion.sge/login/login.jsp?site2pstoretoken=v1.4~CEF0A91F~9D960750E41BF1D0381B881FD442C7B9ECDB4AC6ADFBBBB39FE51D823B7213B39F32163B98F8C36134164E315A7F84D330D17DE57412A24E1796A2B46FFDD826B666E177B2D5005115E2FA45C5769486E4F8EC35D20369236DB8917786B3DF882B38B5968C2BB5CF921C6E516B6125D240FBF5145A10295CA4056E45A3DD96301A07E72C6D514E161125EAF3970FD26BE81A24EFE2FABE3FEA9D4F489FAE87343ABFFAF4FAE2E85DD8787B6D454C99F1EA02D28FA06C7341D22E6600092F4718421FEC2D6DD4541443E82B81E13EB16E50112CF821BEECAF39486CB378FD61DB8B3E0E99D7C689B95F68B75CF945E85F20769C9E7F348D4399D74D775EA16583FBCBFEA5CDA78AA64538D12271682649&amp;p_error_code=&amp;p_submit_url=https%3A%2F%2Flogin-pre.sge%2Fsso%2Fauth&amp;p_cancel_url=https%3A%2F%2Fpreproduccion.sge&amp;ssousername=&amp;subscribername=</url>
</httpSample>
<httpSample t="187" lt="0" ts="1298632002609" s="true" lb="/gepa/ConexionAction.do" rc="200" by="5388">
  <responseHeader class="java.lang.String">HTTP/1.0 200 OK
Date: Fri, 25 Feb 2011 11:06:42 GMT
Server: Oracle-Application-Server-10g/10.1.2.2.0 Oracle-HTTP-Server
Content-Length: 5388
Set-Cookie: JSESSIONID=77f4c3cda9c0681c48c6e5e0715bd7463027d6ce61c9c34b35a2962aeb1830d3.e3eSbhiLaNyPe3yNbNyQc3qSai1BqBjKpPXxqAa; path=/login
Content-Type: text/html; charset=ISO-8859-1
</responseHeader>
  <requestHeader class="java.lang.String">Accept-Language: es
Accept: */*
User-Agent: Mozilla/4.0 (compatible; MSIE 7.0; Windows NT 6.1; Trident/4.0; SLCC2; .NET CLR 2.0.50727; .NET CLR 3.5.30729; .NET CLR 3.0.30729; Media Center PC 6.0; MDDS; .NET4.0C)
Accept-Encoding: gzip, deflate
</requestHeader>
  <cookies class="java.lang.String"></cookies>
  <method class="java.lang.String">GET</method>
  <queryString class="java.lang.String"></queryString>
  <redirectLocation class="java.lang.String">https://login-pre.sge/pls/orasso/orasso.wwsso_app_admin.ls_login?Site2pstoreToken=v1.4~CEF0A91F~9D960750E41BF1D0381B881FD442C7B9ECDB4AC6ADFBBBB39FE51D823B7213B39F32163B98F8C36134164E315A7F84D330D17DE57412A24E1796A2B46FFDD826B666E177B2D5005115E2FA45C5769486E4F8EC35D20369236DB8917786B3DF887D5C20E24A16BBE3E061C319321975B81C760918A381E976ACF92C55E74E208C5CA57820D8FB2132AF83F9658E0A2EB19CE953BD2CD209AF4FD86C40920AB1D0CCC1C16F7400EEED23F83971A6441F1BE4AEC0024AA59FDE88429AE52134B8CDE766BDFA50F42B3C88FB5CFE8AF5CC5CD2EBABC8FC4007B48BCCD6DB253E7974FB9652748A6DF8FA7DB8F0374C3393984F004615FDBABF414076AF6A59A787C10536ADBD1FF2CC2844EE28421A63FA563C870D569C1F3C42D65AA5198C667DC18D1A0E011A460C1CB45992A595CEBECDBF4A5E3CAF0929AB9F4FCC89C4F2096CA8D4CE3D81899A605AAC660E6ED452146F2F2C0A6FB707609F81A8F1D645EA18</redirectLocation>
  <url>https://preproduccion.sge/login/login.jsp?site2pstoretoken=v1.4~CEF0A91F~9D960750E41BF1D0381B881FD442C7B9ECDB4AC6ADFBBBB39FE51D823B7213B39F32163B98F8C36134164E315A7F84D330D17DE57412A24E1796A2B46FFDD826B666E177B2D5005115E2FA45C5769486E4F8EC35D20369236DB8917786B3DF887D5C20E24A16BBE3E061C319321975B81C760918A381E976ACF92C55E74E208C5CA57820D8FB2132AF83F9658E0A2EB19CE953BD2CD209AF4FD86C40920AB1D0CCC1C16F7400EEED23F83971A6441F1BE4AEC0024AA59FDE88429AE52134B8CDE766BDFA50F42B3C88FB5CFE8AF5CC5CD2EBABC8FC4007B48BCCD6DB253E7974FB9652748A6DF8FA7DB8F0374C3393984F004615FDBABF414076AF6A59A787C10536ADBD1FF2CC2844EE28421A63FA563C870D569C1F3C42D65AA5198C667DC18D1A0E011A460C1CB45992A595CEBECDBF4A5E3CAF0929AB9F4FCC89C4F2096CA8D4CE3D81899A605AAC660E6ED452146F2F2C0A6FB707609F81A8F1D645EA18&amp;p_error_code=&amp;p_submit_url=https%3A%2F%2Flogin-pre.sge%2Fsso%2Fauth&amp;p_cancel_url=https%3A%2F%2Fpreproduccion.sge&amp;ssousername=&amp;subscribername=</url>
</httpSample>
<httpSample t="188" lt="0" ts="1298632002796" s="true" lb="/gepa/scripts/scriptaculous/scriptaculous.js" rc="200" by="5068">
  <responseHeader class="java.lang.String">HTTP/1.0 200 OK
Date: Fri, 25 Feb 2011 11:06:42 GMT
Server: Oracle-Application-Server-10g/10.1.2.2.0 Oracle-HTTP-Server
Content-Length: 5068
Set-Cookie: JSESSIONID=c08e5a7e11ecac3c3b672ffe6a4aef301bac81923a888dfbbeff423c41b3f4cc.e38Ob3aOaheRe34Mb3qSax0Pahz0nR9Pq6XteP93; path=/login
Content-Type: text/html; charset=ISO-8859-1
</responseHeader>
  <requestHeader class="java.lang.String">Accept-Language: es-ES
Accept: */*
User-Agent: Mozilla/4.0 (compatible; MSIE 7.0; Windows NT 6.1; Trident/4.0; SLCC2; .NET CLR 2.0.50727; .NET CLR 3.5.30729; .NET CLR 3.0.30729; Media Center PC 6.0; MDDS; .NET4.0C)
Accept-Encoding: gzip, deflate
Referer: http://picasso:8888/gepa/ConexionAction.do?POSTDATA=variosPerfiles=true&amp;accion=iniciar&amp;codigoEntidad=DYS&amp;codigo=jcnegredo&amp;contrasenya=dysmatica&amp;rolSeleccionado=25
</requestHeader>
  <cookies class="java.lang.String"></cookies>
  <method class="java.lang.String">GET</method>
  <queryString class="java.lang.String"></queryString>
  <redirectLocation class="java.lang.String">https://login-pre.sge/pls/orasso/orasso.wwsso_app_admin.ls_login?Site2pstoreToken=v1.4~CEF0A91F~9D960750E41BF1D0381B881FD442C7B9ECDB4AC6ADFBBBB39FE51D823B7213B39F32163B98F8C36134164E315A7F84D330D17DE57412A24E1796A2B46FFDD826B666E177B2D5005115E2FA45C5769486E4F8EC35D20369236DB8917786B3DF882B38B5968C2BB5CF921C6E516B6125D240FBF5145A10295CA4056E45A3DD96301A07E72C6D514E161125EAF3970FD26BE81A24EFE2FABE3FEA9D4F489FAE87343ABFFAF4FAE2E85DD8787B6D454C99F1EA02D28FA06C7341D22E6600092F4718421FEC2D6DD4541443E82B81E13EB16E50112CF821BEECAF39486CB378FD61DB8B3E0E99D7C689B95F68B75CF945E85F20769C9E7F348D4399D74D775EA16583FBCBFEA5CDA78AA64538D12271682649</redirectLocation>
  <url>https://preproduccion.sge/login/login.jsp?site2pstoretoken=v1.4~CEF0A91F~9D960750E41BF1D0381B881FD442C7B9ECDB4AC6ADFBBBB39FE51D823B7213B39F32163B98F8C36134164E315A7F84D330D17DE57412A24E1796A2B46FFDD826B666E177B2D5005115E2FA45C5769486E4F8EC35D20369236DB8917786B3DF882B38B5968C2BB5CF921C6E516B6125D240FBF5145A10295CA4056E45A3DD96301A07E72C6D514E161125EAF3970FD26BE81A24EFE2FABE3FEA9D4F489FAE87343ABFFAF4FAE2E85DD8787B6D454C99F1EA02D28FA06C7341D22E6600092F4718421FEC2D6DD4541443E82B81E13EB16E50112CF821BEECAF39486CB378FD61DB8B3E0E99D7C689B95F68B75CF945E85F20769C9E7F348D4399D74D775EA16583FBCBFEA5CDA78AA64538D12271682649&amp;p_error_code=&amp;p_submit_url=https%3A%2F%2Flogin-pre.sge%2Fsso%2Fauth&amp;p_cancel_url=https%3A%2F%2Fpreproduccion.sge&amp;ssousername=&amp;subscribername=</url>
</httpSample>
<httpSample t="16" lt="16" ts="1298632002984" s="false" lb="/gepa/ConexionAction.do;jsessionid=eb634fe5b58b0bcb96508261e275709f9c8e236e3e15aeb347f0741aac2dda55" rc="500" by="778">
  <responseHeader class="java.lang.String">HTTP/1.0 500 Internal Server Error
Date: Fri, 25 Feb 2011 11:06:43 GMT
Server: Oracle-Application-Server-10g/10.1.2.2.0 Oracle-HTTP-Server
Content-Type: text/html; charset=iso-8859-1
</responseHeader>
  <requestHeader class="java.lang.String">Content-Type: application/x-www-form-urlencoded
Accept-Language: es-ES
Accept: image/jpeg, application/x-ms-application, image/gif, application/xaml+xml, image/pjpeg, application/x-ms-xbap, application/vnd.ms-powerpoint, application/vnd.ms-excel, application/msword, */*
User-Agent: Mozilla/4.0 (compatible; MSIE 7.0; Windows NT 6.1; Trident/4.0; SLCC2; .NET CLR 2.0.50727; .NET CLR 3.5.30729; .NET CLR 3.0.30729; Media Center PC 6.0; MDDS; .NET4.0C)
Accept-Encoding: gzip, deflate
Referer: http://picasso:8888/gepa/ConexionAction.do?POSTDATA=variosPerfiles=true&amp;accion=iniciar&amp;codigoEntidad=DYS&amp;codigo=jcnegredo&amp;contrasenya=dysmatica&amp;rolSeleccionado=25
Pragma: no-cache
</requestHeader>
  <cookies class="java.lang.String"></cookies>
  <method class="java.lang.String">POST</method>
  <queryString class="java.lang.String">variosPerfiles=true&amp;accion=seleccionarPerfil&amp;codigoEntidad=DYS&amp;rolSeleccionado=25</queryString>
  <url>https://preproduccion.sge:443/gepa/ConexionAction.do;jsessionid=eb634fe5b58b0bcb96508261e275709f9c8e236e3e15aeb347f0741aac2dda55</url>
</httpSample>
<httpSample t="203" lt="0" ts="1298632003000" s="true" lb="/gepa/scripts/scriptaculous/scriptaculous.js" rc="200" by="5068">
  <responseHeader class="java.lang.String">HTTP/1.0 200 OK
Date: Fri, 25 Feb 2011 11:06:43 GMT
Server: Oracle-Application-Server-10g/10.1.2.2.0 Oracle-HTTP-Server
Content-Length: 5068
Set-Cookie: JSESSIONID=c99ba9feb5f10dd662ad158bd6163fc82009113e78d53db38599477aeee02253.e38Ob3aOaheRe34Mb3qSax0Pahz0nR9Pq6XteP93; path=/login
Content-Type: text/html; charset=ISO-8859-1
</responseHeader>
  <requestHeader class="java.lang.String">Accept-Language: es-ES
Accept: */*
User-Agent: Mozilla/4.0 (compatible; MSIE 7.0; Windows NT 6.1; Trident/4.0; SLCC2; .NET CLR 2.0.50727; .NET CLR 3.5.30729; .NET CLR 3.0.30729; Media Center PC 6.0; MDDS; .NET4.0C)
Accept-Encoding: gzip, deflate
Referer: http://picasso:8888/gepa/ConexionAction.do;jsessionid=eb634fe5b58b0bcb96508261e275709f9c8e236e3e15aeb347f0741aac2dda55
</requestHeader>
  <cookies class="java.lang.String"></cookies>
  <method class="java.lang.String">GET</method>
  <queryString class="java.lang.String"></queryString>
  <redirectLocation class="java.lang.String">https://login-pre.sge/pls/orasso/orasso.wwsso_app_admin.ls_login?Site2pstoreToken=v1.4~CEF0A91F~D6DDD5645BC9F88FFED7FEC77FD9465CF5BE9A6BFAC287F712682248B8B2AA0A060B285896CFD2B3EDD799D33932B8466E86750372CFE0706938F79C5709D225551DCB54E3DCCEB9287B2340E550575A60FB51E18477ADF12BDEED097AFE048F20F837288AB9F6D7A658AAFFD120CB27C2D07CAADC69E3153A7FF9650D9507570BEDA38A5005425446CA0D5579977E669DD7D01962A4561289D07DD23B73912C675C5D495932D03ADC815ADA0A138DAA4712F5F9980308CBD4EC17FF5F89D8BE828C1601576D4CB8A97B744FEFF91DF31EC7064304CA8EF9DD7B08CFFFFABCE1AC80A7A546D3AD9E6147E9C3C4FD467E26C3EFCA53CD9FBB711700B1F1AD3D34CEF297DF26F23AF8D473BB21CC3B087A</redirectLocation>
  <url>https://preproduccion.sge/login/login.jsp?site2pstoretoken=v1.4~CEF0A91F~D6DDD5645BC9F88FFED7FEC77FD9465CF5BE9A6BFAC287F712682248B8B2AA0A060B285896CFD2B3EDD799D33932B8466E86750372CFE0706938F79C5709D225551DCB54E3DCCEB9287B2340E550575A60FB51E18477ADF12BDEED097AFE048F20F837288AB9F6D7A658AAFFD120CB27C2D07CAADC69E3153A7FF9650D9507570BEDA38A5005425446CA0D5579977E669DD7D01962A4561289D07DD23B73912C675C5D495932D03ADC815ADA0A138DAA4712F5F9980308CBD4EC17FF5F89D8BE828C1601576D4CB8A97B744FEFF91DF31EC7064304CA8EF9DD7B08CFFFFABCE1AC80A7A546D3AD9E6147E9C3C4FD467E26C3EFCA53CD9FBB711700B1F1AD3D34CEF297DF26F23AF8D473BB21CC3B087A&amp;p_error_code=&amp;p_submit_url=https%3A%2F%2Flogin-pre.sge%2Fsso%2Fauth&amp;p_cancel_url=https%3A%2F%2Fpreproduccion.sge&amp;ssousername=&amp;subscribername=</url>
</httpSample>
<httpSample t="125" lt="125" ts="1298632003203" s="false" lb="/gepa/BusquedaAction.do" rc="500" by="778">
  <responseHeader class="java.lang.String">HTTP/1.0 500 Internal Server Error
Date: Fri, 25 Feb 2011 11:06:43 GMT
Server: Oracle-Application-Server-10g/10.1.2.2.0 Oracle-HTTP-Server
Content-Type: text/html; charset=iso-8859-1
</responseHeader>
  <requestHeader class="java.lang.String">Content-Type: application/x-www-form-urlencoded
Accept-Language: es-ES
Accept: image/jpeg, application/x-ms-application, image/gif, application/xaml+xml, image/pjpeg, application/x-ms-xbap, application/vnd.ms-powerpoint, application/vnd.ms-excel, application/msword, */*
User-Agent: Mozilla/4.0 (compatible; MSIE 7.0; Windows NT 6.1; Trident/4.0; SLCC2; .NET CLR 2.0.50727; .NET CLR 3.5.30729; .NET CLR 3.0.30729; Media Center PC 6.0; MDDS; .NET4.0C)
Accept-Encoding: gzip, deflate
Referer: http://picasso:8888/gepa/ConexionAction.do;jsessionid=eb634fe5b58b0bcb96508261e275709f9c8e236e3e15aeb347f0741aac2dda55
Pragma: no-cache
</requestHeader>
  <cookies class="java.lang.String"></cookies>
  <method class="java.lang.String">POST</method>
  <queryString class="java.lang.String">accion=buscar&amp;modo=rapida&amp;avanzadaDesplegada=false&amp;descElemPesado=&amp;identificacionRapida=&amp;nombreRapida=&amp;apellido1Rapida=&amp;apellido2Rapida=&amp;anyoRapida=&amp;numeroRapida=&amp;desdeRapida=&amp;hastaRapida=&amp;tramiteRapida=-1&amp;estadoRapida=-1&amp;idBusqueda=-1&amp;idClases=26&amp;metaTipo0=STRING&amp;metaTipo1=STRING&amp;metaTipo2=LISTA&amp;metaTipo3=STRING&amp;metaTipo4=LISTA_PESADA&amp;metaTipo5=STRING&amp;metaTipo6=LISTA&amp;metaTipo7=STRING&amp;metaTipo8=STRING&amp;metaTipo9=STRING&amp;metaTipo10=STRING&amp;metaTipo11=STRING&amp;metaTipo12=STRING&amp;metaTipo13=LISTA&amp;metaTipo14=STRING&amp;metaTipo15=TIMESTAMP&amp;metaTipo16=TIMESTAMP&amp;metaTipo17=TIMESTAMP&amp;metaTipo18=LISTA&amp;metaTipo19=LISTA_PESADA&amp;metaTipo20=STRING&amp;metaTipo21=STRING&amp;metaTipo22=STRING&amp;metaTipo23=STRING&amp;metaTipo24=STRING&amp;metaTipo25=LISTA_PESADA&amp;metaTipo26=LISTA&amp;metaTipo27=STRING&amp;metaTipo28=LISTA&amp;metaTipo29=STRING&amp;metaTipo30=STRING&amp;metaTipo31=INTEGER&amp;metaTipo32=STRING&amp;metaTipo33=STRING&amp;metaTipo34=STRING&amp;metaTipo35=LISTA&amp;metaTipo36=LISTA&amp;metaTipo37=LISTA&amp;metaTipo38=STRING&amp;metaTipo39=SEPARADOR&amp;metaTipo40=BOOLEAN&amp;metaTipo41=STRING&amp;metaTipo42=STRING&amp;metaTipo43=STRING&amp;metaTipo44=LISTA&amp;metaTipo45=BOOLEAN&amp;metaTipo46=BOOLEAN&amp;metaTipo47=BOOLEAN&amp;metaTipo48=STRING&amp;metaTipo49=TIMESTAMP&amp;metaTipo50=TIMESTAMP&amp;metaTipo51=TIMESTAMP&amp;metaTipo52=TIMESTAMP&amp;metaTipo53=TIMESTAMP&amp;metaTipo54=TIMESTAMP&amp;metaTipo55=TIMESTAMP&amp;metaTipo56=TIMESTAMP&amp;metaTipo57=TIMESTAMP&amp;metaTipo58=TIMESTAMP&amp;metaTipo59=TIMESTAMP&amp;metaTipo60=TIMESTAMP&amp;metaTipo61=TIMESTAMP&amp;metaTipo62=TIMESTAMP&amp;metaTipo63=TIMESTAMP&amp;metaTipo64=LISTA&amp;metaTipo65=LISTA&amp;metaTipo66=LISTA&amp;metaTipo67=DOUBLE&amp;metaTipo68=DOUBLE&amp;metaTipo69=DOUBLE&amp;metaTipo70=DOUBLE&amp;metaTipo71=DOUBLE&amp;metaTipo72=DOUBLE&amp;metaTipo73=DOUBLE&amp;metaTipo74=BOOLEAN&amp;metaTipo75=LISTA&amp;metaTipo76=STRING&amp;metaTipo77=STRING&amp;metaTipo78=STRING&amp;metaTipo79=STRING&amp;metaTipo80=STRING&amp;metaTipo81=STRING&amp;metaTipo82=STRING&amp;metaTipo83=BOOLEAN&amp;metaTipo84=BOOLEAN&amp;metaTipo85=STRING&amp;metaTipo86=LISTA&amp;metaTipo87=LISTA&amp;metaTipo88=LISTA_PESADA&amp;metaTipo89=LISTA&amp;metaTipo90=LISTA&amp;metaTipo91=STRING&amp;metaTipo92=LISTA&amp;metaTipo93=STRING&amp;metaTipo94=STRING&amp;metaTipo95=LISTA&amp;metaTipo96=LISTA&amp;metaTipo97=LISTA&amp;metaTipo98=BOOLEAN&amp;metaTipo99=LISTA&amp;metaTipo100=BOOLEAN&amp;metaTipo101=LISTA&amp;metaTipo102=LISTA&amp;metaTipo103=BOOLEAN&amp;metaTipo104=BOOLEAN&amp;metaTipo105=LISTA&amp;metaTipo106=LISTA&amp;metaTipo107=LISTA&amp;metaTipo108=LISTA&amp;metaTipo109=LISTA&amp;metaTipo110=STRING&amp;metaTipo111=LISTA&amp;valor=&amp;valorPesado=&amp;lista37=-1&amp;lista36=-1&amp;lista35=-1&amp;lista99=-1&amp;lista109=-1&amp;lista66=-1&amp;lista98=-1&amp;lista108=-1&amp;lista65=-1&amp;lista97=-1&amp;lista107=-1&amp;lista64=-1&amp;lista96=-1&amp;lista106=-1&amp;lista95=-1&amp;lista105=-1&amp;lista104=-1&amp;lista92=-1&amp;lista103=-1&amp;lista102=-1&amp;lista90=-1&amp;lista101=-1&amp;lista100=-1&amp;lista28=-1&amp;lista26=-1&amp;lista89=-1&amp;lista87=-1&amp;lista86=-1&amp;lista6=-1&amp;lista84=-1&amp;lista83=-1&amp;lista2=-1&amp;lista18=-1&amp;lista47=-1&amp;lista46=-1&amp;lista13=-1&amp;lista45=-1&amp;lista44=-1&amp;lista75=-1&amp;lista74=-1&amp;lista40=-1&amp;lista111=-1</queryString>
  <url>https://preproduccion.sge:443/gepa/BusquedaAction.do</url>
</httpSample>
<httpSample t="187" lt="0" ts="1298632003328" s="true" lb="/gepa/scripts/scriptaculous/scriptaculous.js" rc="200" by="5068">
  <responseHeader class="java.lang.String">HTTP/1.0 200 OK
Date: Fri, 25 Feb 2011 11:06:43 GMT
Server: Oracle-Application-Server-10g/10.1.2.2.0 Oracle-HTTP-Server
Content-Length: 5068
Set-Cookie: JSESSIONID=2b5a07f058cd702edc911b4cc56836d5cecf015ab105b333c9c00e04b9775ece.e3eSbhiLaNyPe3yNbNyQc3qSai1BqBjKpPXxqAa; path=/login
Content-Type: text/html; charset=ISO-8859-1
</responseHeader>
  <requestHeader class="java.lang.String">Accept-Language: es-ES
Accept: */*
User-Agent: Mozilla/4.0 (compatible; MSIE 7.0; Windows NT 6.1; Trident/4.0; SLCC2; .NET CLR 2.0.50727; .NET CLR 3.5.30729; .NET CLR 3.0.30729; Media Center PC 6.0; MDDS; .NET4.0C)
Accept-Encoding: gzip, deflate
Referer: http://picasso:8888/gepa/BusquedaAction.do
</requestHeader>
  <cookies class="java.lang.String"></cookies>
  <method class="java.lang.String">GET</method>
  <queryString class="java.lang.String"></queryString>
  <redirectLocation class="java.lang.String">https://login-pre.sge/pls/orasso/orasso.wwsso_app_admin.ls_login?Site2pstoreToken=v1.4~CEF0A91F~D6DDD5645BC9F88FFED7FEC77FD9465CF5BE9A6BFAC287F712682248B8B2AA0A060B285896CFD2B3EDD799D33932B8466E86750372CFE0706938F79C5709D225551DCB54E3DCCEB9287B2340E550575A60FB51E18477ADF12BDEED097AFE048F20F837288AB9F6D7A658AAFFD120CB27C2D07CAADC69E3153A7FF9650D9507570BEDA38A5005425446CA0D5579977E669DD7D01962A4561289D07DD23B73912C675C5D495932D03ADC815ADA0A138DAA4712F5F9980308CBD4EC17FF5F89D8BE828C1601576D4CB8A97B744FEFF91DF31EC7064304CA8EF9DD7B08CFFFFABCE1AC80A7A546D3AD9E6147E9C3C4FD467E26C3EFCA53CD9FBB711700B1F1AD3D34CEF297DF26F23AF8D473BB21CC3B087A</redirectLocation>
  <url>https://preproduccion.sge/login/login.jsp?site2pstoretoken=v1.4~CEF0A91F~D6DDD5645BC9F88FFED7FEC77FD9465CF5BE9A6BFAC287F712682248B8B2AA0A060B285896CFD2B3EDD799D33932B8466E86750372CFE0706938F79C5709D225551DCB54E3DCCEB9287B2340E550575A60FB51E18477ADF12BDEED097AFE048F20F837288AB9F6D7A658AAFFD120CB27C2D07CAADC69E3153A7FF9650D9507570BEDA38A5005425446CA0D5579977E669DD7D01962A4561289D07DD23B73912C675C5D495932D03ADC815ADA0A138DAA4712F5F9980308CBD4EC17FF5F89D8BE828C1601576D4CB8A97B744FEFF91DF31EC7064304CA8EF9DD7B08CFFFFABCE1AC80A7A546D3AD9E6147E9C3C4FD467E26C3EFCA53CD9FBB711700B1F1AD3D34CEF297DF26F23AF8D473BB21CC3B087A&amp;p_error_code=&amp;p_submit_url=https%3A%2F%2Flogin-pre.sge%2Fsso%2Fauth&amp;p_cancel_url=https%3A%2F%2Fpreproduccion.sge&amp;ssousername=&amp;subscribername=</url>
</httpSample>
<httpSample t="188" lt="0" ts="1298632003515" s="true" lb="/gepa/ResultadoBusquedaAction.do" rc="200" by="5004">
  <responseHeader class="java.lang.String">HTTP/1.0 200 OK
Date: Fri, 25 Feb 2011 11:06:43 GMT
Server: Oracle-Application-Server-10g/10.1.2.2.0 Oracle-HTTP-Server
Content-Length: 5004
Set-Cookie: JSESSIONID=76c76af4c1b464a8e474ec97512123eccf455da9fe5b27f6f226e9ce72f31f0b.e38Ob3aOaheRe34Mb3qSax0Pahz0nR9Pq6XteP93; path=/login
Content-Type: text/html; charset=ISO-8859-1
</responseHeader>
  <requestHeader class="java.lang.String">Accept-Language: es-ES
Accept: image/jpeg, application/x-ms-application, image/gif, application/xaml+xml, image/pjpeg, application/x-ms-xbap, application/vnd.ms-powerpoint, application/vnd.ms-excel, application/msword, */*
User-Agent: Mozilla/4.0 (compatible; MSIE 7.0; Windows NT 6.1; Trident/4.0; SLCC2; .NET CLR 2.0.50727; .NET CLR 3.5.30729; .NET CLR 3.0.30729; Media Center PC 6.0; MDDS; .NET4.0C)
Accept-Encoding: gzip, deflate
Referer: http://picasso:8888/gepa/BusquedaAction.do
</requestHeader>
  <cookies class="java.lang.String"></cookies>
  <method class="java.lang.String">GET</method>
  <queryString class="java.lang.String"></queryString>
  <redirectLocation class="java.lang.String">https://login-pre.sge/pls/orasso/orasso.wwsso_app_admin.ls_login?Site2pstoreToken=v1.4~CEF0A91F~D6DDD5645BC9F88FFED7FEC77FD9465CF5BE9A6BFAC287F712682248B8B2AA0A060B285896CFD2B3EDD799D33932B8466E86750372CFE0706938F79C5709D225551DCB54E3DCCEB9287B2340E550575A60FB51E18477ADF12BDEED097AFE048F7D998A34E2BB410104A9F1F6DFC91B5FBDA4EF31035A417F38FD5DE56DD3D02455DAB849733FFB1329099B3BA65F8B5051B5A5CC3F97B9636EF86ED9FADF742A61D892DB6C71A635CAFF25A769EE55CDFA795014932DBC8ACB96B169E2E091E2F0AD2C014362E286372F46C6A4B9FB7BF3C04838155463BF93F90346CAFBF8CBF77DAEFF6EB28B443F0F7878283C6E0F6E678C8EC5DE02D07D522CCEE1BFE9C6</redirectLocation>
  <url>https://preproduccion.sge/login/login.jsp?site2pstoretoken=v1.4~CEF0A91F~D6DDD5645BC9F88FFED7FEC77FD9465CF5BE9A6BFAC287F712682248B8B2AA0A060B285896CFD2B3EDD799D33932B8466E86750372CFE0706938F79C5709D225551DCB54E3DCCEB9287B2340E550575A60FB51E18477ADF12BDEED097AFE048F7D998A34E2BB410104A9F1F6DFC91B5FBDA4EF31035A417F38FD5DE56DD3D02455DAB849733FFB1329099B3BA65F8B5051B5A5CC3F97B9636EF86ED9FADF742A61D892DB6C71A635CAFF25A769EE55CDFA795014932DBC8ACB96B169E2E091E2F0AD2C014362E286372F46C6A4B9FB7BF3C04838155463BF93F90346CAFBF8CBF77DAEFF6EB28B443F0F7878283C6E0F6E678C8EC5DE02D07D522CCEE1BFE9C6&amp;p_error_code=&amp;p_submit_url=https%3A%2F%2Flogin-pre.sge%2Fsso%2Fauth&amp;p_cancel_url=https%3A%2F%2Fpreproduccion.sge&amp;ssousername=&amp;subscribername=</url>
</httpSample>
<httpSample t="187" lt="0" ts="1298632003703" s="true" lb="/gepa/scripts/scriptaculous/scriptaculous.js" rc="200" by="5068">
  <responseHeader class="java.lang.String">HTTP/1.0 200 OK
Date: Fri, 25 Feb 2011 11:06:43 GMT
Server: Oracle-Application-Server-10g/10.1.2.2.0 Oracle-HTTP-Server
Content-Length: 5068
Set-Cookie: JSESSIONID=8055f4b4682bfb34430100483de894e35918e695f4727dea3ff353d38cffbdb4.e3eSbhiLaNyPe3yNbNyQc3qSai1BqBjKpPXxqAa; path=/login
Content-Type: text/html; charset=ISO-8859-1
</responseHeader>
  <requestHeader class="java.lang.String">Accept-Language: es-ES
Accept: */*
User-Agent: Mozilla/4.0 (compatible; MSIE 7.0; Windows NT 6.1; Trident/4.0; SLCC2; .NET CLR 2.0.50727; .NET CLR 3.5.30729; .NET CLR 3.0.30729; Media Center PC 6.0; MDDS; .NET4.0C)
Accept-Encoding: gzip, deflate
Referer: http://picasso:8888/gepa/ResultadoBusquedaAction.do?accion=gestionExp&amp;indice=0
</requestHeader>
  <cookies class="java.lang.String"></cookies>
  <method class="java.lang.String">GET</method>
  <queryString class="java.lang.String"></queryString>
  <redirectLocation class="java.lang.String">https://login-pre.sge/pls/orasso/orasso.wwsso_app_admin.ls_login?Site2pstoreToken=v1.4~CEF0A91F~D6DDD5645BC9F88FFED7FEC77FD9465CF5BE9A6BFAC287F712682248B8B2AA0A060B285896CFD2B3EDD799D33932B8466E86750372CFE0706938F79C5709D225551DCB54E3DCCEB9287B2340E550575A60FB51E18477ADF12BDEED097AFE048F20F837288AB9F6D7A658AAFFD120CB27C2D07CAADC69E3153A7FF9650D9507570BEDA38A5005425446CA0D5579977E669DD7D01962A4561289D07DD23B73912C675C5D495932D03ADC815ADA0A138DAA4712F5F9980308CBD4EC17FF5F89D8BE828C1601576D4CB8A97B744FEFF91DF31EC7064304CA8EF9DD7B08CFFFFABCE1AC80A7A546D3AD9E6147E9C3C4FD467E26C3EFCA53CD9FBB711700B1F1AD3D34CEF297DF26F23AF8D473BB21CC3B087A</redirectLocation>
  <url>https://preproduccion.sge/login/login.jsp?site2pstoretoken=v1.4~CEF0A91F~D6DDD5645BC9F88FFED7FEC77FD9465CF5BE9A6BFAC287F712682248B8B2AA0A060B285896CFD2B3EDD799D33932B8466E86750372CFE0706938F79C5709D225551DCB54E3DCCEB9287B2340E550575A60FB51E18477ADF12BDEED097AFE048F20F837288AB9F6D7A658AAFFD120CB27C2D07CAADC69E3153A7FF9650D9507570BEDA38A5005425446CA0D5579977E669DD7D01962A4561289D07DD23B73912C675C5D495932D03ADC815ADA0A138DAA4712F5F9980308CBD4EC17FF5F89D8BE828C1601576D4CB8A97B744FEFF91DF31EC7064304CA8EF9DD7B08CFFFFABCE1AC80A7A546D3AD9E6147E9C3C4FD467E26C3EFCA53CD9FBB711700B1F1AD3D34CEF297DF26F23AF8D473BB21CC3B087A&amp;p_error_code=&amp;p_submit_url=https%3A%2F%2Flogin-pre.sge%2Fsso%2Fauth&amp;p_cancel_url=https%3A%2F%2Fpreproduccion.sge&amp;ssousername=&amp;subscribername=</url>
</httpSample>
<httpSample t="188" lt="0" ts="1298632003890" s="true" lb="/gepa/ConexionAction.do" rc="200" by="5420">
  <responseHeader class="java.lang.String">HTTP/1.0 200 OK
Date: Fri, 25 Feb 2011 11:06:43 GMT
Server: Oracle-Application-Server-10g/10.1.2.2.0 Oracle-HTTP-Server
Content-Length: 5420
Set-Cookie: JSESSIONID=0dd9dfc0ab093412f62a27aafcf86e1bb854d345787f4d7cc3ba264cfb2465ee.e38Ob3aOaheRe34Mb3qSax0Pahz0nR9Pq6XteP93; path=/login
Content-Type: text/html; charset=ISO-8859-1
</responseHeader>
  <requestHeader class="java.lang.String">Accept-Language: es
Accept: */*
User-Agent: Mozilla/4.0 (compatible; MSIE 7.0; Windows NT 6.1; Trident/4.0; SLCC2; .NET CLR 2.0.50727; .NET CLR 3.5.30729; .NET CLR 3.0.30729; Media Center PC 6.0; MDDS; .NET4.0C)
Accept-Encoding: gzip, deflate
</requestHeader>
  <cookies class="java.lang.String"></cookies>
  <method class="java.lang.String">GET</method>
  <queryString class="java.lang.String"></queryString>
  <redirectLocation class="java.lang.String">https://login-pre.sge/pls/orasso/orasso.wwsso_app_admin.ls_login?Site2pstoreToken=v1.4~CEF0A91F~D6DDD5645BC9F88FFED7FEC77FD9465CF5BE9A6BFAC287F712682248B8B2AA0A060B285896CFD2B3EDD799D33932B8466E86750372CFE0706938F79C5709D225551DCB54E3DCCEB9287B2340E550575A60FB51E18477ADF12BDEED097AFE048F70BC1A04375B79FF6C68CF118E05664AB7A9E730755217DF0D974639C36C929E1D8E680CB62AB9CBB6CEA6881E8A2790F3BE351773196B981B8AEE4172C4885FB758F3323004A0CD00879CE99F8114CD2AB411945496ADFBF8F60C4BE0F3F25560BB3FAAA20EC5AFF7C5F3F6F5D86A102F17E31F0BECBA209583280EAE6B3D4E9B19187C2C021EBC6CA724E0DCF69D39E5642F53B5C2E97C9495B1F699F80014C851B519EADFDEAEF979C64C2ABA23BB66DE34E78A6E0071D2321BA463BB3BE33D7558117D3722148D9C2BDAE35586ADD236A1C13CF75F400A04098301FD295AD9938D7930D06D398B095B7C77D52AE8E258B55D1E202AF89DDC53198C23802E7F6BD21ABAC0A70C</redirectLocation>
  <url>https://preproduccion.sge/login/login.jsp?site2pstoretoken=v1.4~CEF0A91F~D6DDD5645BC9F88FFED7FEC77FD9465CF5BE9A6BFAC287F712682248B8B2AA0A060B285896CFD2B3EDD799D33932B8466E86750372CFE0706938F79C5709D225551DCB54E3DCCEB9287B2340E550575A60FB51E18477ADF12BDEED097AFE048F70BC1A04375B79FF6C68CF118E05664AB7A9E730755217DF0D974639C36C929E1D8E680CB62AB9CBB6CEA6881E8A2790F3BE351773196B981B8AEE4172C4885FB758F3323004A0CD00879CE99F8114CD2AB411945496ADFBF8F60C4BE0F3F25560BB3FAAA20EC5AFF7C5F3F6F5D86A102F17E31F0BECBA209583280EAE6B3D4E9B19187C2C021EBC6CA724E0DCF69D39E5642F53B5C2E97C9495B1F699F80014C851B519EADFDEAEF979C64C2ABA23BB66DE34E78A6E0071D2321BA463BB3BE33D7558117D3722148D9C2BDAE35586ADD236A1C13CF75F400A04098301FD295AD9938D7930D06D398B095B7C77D52AE8E258B55D1E202AF89DDC53198C23802E7F6BD21ABAC0A70C&amp;p_error_code=&amp;p_submit_url=https%3A%2F%2Flogin-pre.sge%2Fsso%2Fauth&amp;p_cancel_url=https%3A%2F%2Fpreproduccion.sge&amp;ssousername=&amp;subscribername=</url>
</httpSample>
<httpSample t="172" lt="0" ts="1298632004078" s="true" lb="/gepa/scripts/scriptaculous/scriptaculous.js" rc="200" by="5100">
  <responseHeader class="java.lang.String">HTTP/1.0 200 OK
Date: Fri, 25 Feb 2011 11:06:44 GMT
Server: Oracle-Application-Server-10g/10.1.2.2.0 Oracle-HTTP-Server
Content-Length: 5100
Set-Cookie: JSESSIONID=1d63d2c547ac3e63244d45947ba9a67beb7cf0920bd4b19e348fa60cfa0fbe00.e3eSbhiLaNyPe3yNbNyQc3qSai1BqBjKpPXxqAa; path=/login
Content-Type: text/html; charset=ISO-8859-1
</responseHeader>
  <requestHeader class="java.lang.String">Accept-Language: es-ES
Accept: */*
User-Agent: Mozilla/4.0 (compatible; MSIE 7.0; Windows NT 6.1; Trident/4.0; SLCC2; .NET CLR 2.0.50727; .NET CLR 3.5.30729; .NET CLR 3.0.30729; Media Center PC 6.0; MDDS; .NET4.0C)
Accept-Encoding: gzip, deflate
Referer: http://picasso:8888/gepa/ConexionAction.do?POSTDATA=variosPerfiles=true&amp;accion=iniciar&amp;codigoEntidad=DYS&amp;codigo=jcnegredo&amp;contrasenya=dysmatica&amp;rolSeleccionado=25
</requestHeader>
  <cookies class="java.lang.String"></cookies>
  <method class="java.lang.String">GET</method>
  <queryString class="java.lang.String"></queryString>
  <redirectLocation class="java.lang.String">https://login-pre.sge/pls/orasso/orasso.wwsso_app_admin.ls_login?Site2pstoreToken=v1.4~CEF0A91F~45966E4A10003AC04217F16E0F486AF5E683B02FB11A978BA4DC64DD72F5BCF45E16BD5861BC829C71C4D50479A4D7E03571FB1B6AF1881A4BD658DF1B286CABCCE6BF00FA76FF6C06AE1B129450BF39BE141794E692BA2CC00FE87B9B8BCE3C864AF7AC7CBC1DEED535004BEACB1EA87B5C125977DCE117835F239E9E742CF1E01298985004DC3A68AF6B375AD9589B4E26658A2D45B96EECBA0D31872DF11726FE1F8D887CA8E90701A4A4493B6BA91C05B85F24C32CC2292812DACF75026686FCE206E315F03FA751BD93DCF2A2BEC477BA48C13BEEE28A4B3FE4C04867049FFB28A8974590E69A6DDBDE74316823798AC4671E27EA73DD67DB75F6FD7835F02B76479498EECC0D0DD633B9DF2CC96C2F61226C686377</redirectLocation>
  <url>https://preproduccion.sge/login/login.jsp?site2pstoretoken=v1.4~CEF0A91F~45966E4A10003AC04217F16E0F486AF5E683B02FB11A978BA4DC64DD72F5BCF45E16BD5861BC829C71C4D50479A4D7E03571FB1B6AF1881A4BD658DF1B286CABCCE6BF00FA76FF6C06AE1B129450BF39BE141794E692BA2CC00FE87B9B8BCE3C864AF7AC7CBC1DEED535004BEACB1EA87B5C125977DCE117835F239E9E742CF1E01298985004DC3A68AF6B375AD9589B4E26658A2D45B96EECBA0D31872DF11726FE1F8D887CA8E90701A4A4493B6BA91C05B85F24C32CC2292812DACF75026686FCE206E315F03FA751BD93DCF2A2BEC477BA48C13BEEE28A4B3FE4C04867049FFB28A8974590E69A6DDBDE74316823798AC4671E27EA73DD67DB75F6FD7835F02B76479498EECC0D0DD633B9DF2CC96C2F61226C686377&amp;p_error_code=&amp;p_submit_url=https%3A%2F%2Flogin-pre.sge%2Fsso%2Fauth&amp;p_cancel_url=https%3A%2F%2Fpreproduccion.sge&amp;ssousername=&amp;subscribername=</url>
</httpSample>
<httpSample t="15" lt="15" ts="1298632004250" s="false" lb="/gepa/ConexionAction.do;jsessionid=eb634fe5b58b0bcb96508261e275709f9c8e236e3e15aeb347f0741aac2dda55" rc="500" by="778">
  <responseHeader class="java.lang.String">HTTP/1.0 500 Internal Server Error
Date: Fri, 25 Feb 2011 11:06:44 GMT
Server: Oracle-Application-Server-10g/10.1.2.2.0 Oracle-HTTP-Server
Content-Type: text/html; charset=iso-8859-1
</responseHeader>
  <requestHeader class="java.lang.String">Content-Type: application/x-www-form-urlencoded
Accept-Language: es-ES
Accept: image/jpeg, application/x-ms-application, image/gif, application/xaml+xml, image/pjpeg, application/x-ms-xbap, application/vnd.ms-powerpoint, application/vnd.ms-excel, application/msword, */*
User-Agent: Mozilla/4.0 (compatible; MSIE 7.0; Windows NT 6.1; Trident/4.0; SLCC2; .NET CLR 2.0.50727; .NET CLR 3.5.30729; .NET CLR 3.0.30729; Media Center PC 6.0; MDDS; .NET4.0C)
Accept-Encoding: gzip, deflate
Referer: http://picasso:8888/gepa/ConexionAction.do?POSTDATA=variosPerfiles=true&amp;accion=iniciar&amp;codigoEntidad=DYS&amp;codigo=jcnegredo&amp;contrasenya=dysmatica&amp;rolSeleccionado=25
Pragma: no-cache
</requestHeader>
  <cookies class="java.lang.String"></cookies>
  <method class="java.lang.String">POST</method>
  <queryString class="java.lang.String">variosPerfiles=true&amp;accion=seleccionarPerfil&amp;codigoEntidad=DYS&amp;rolSeleccionado=25</queryString>
  <url>https://preproduccion.sge:443/gepa/ConexionAction.do;jsessionid=eb634fe5b58b0bcb96508261e275709f9c8e236e3e15aeb347f0741aac2dda55</url>
</httpSample>
<httpSample t="219" lt="0" ts="1298632004265" s="true" lb="/gepa/scripts/scriptaculous/scriptaculous.js" rc="200" by="5100">
  <responseHeader class="java.lang.String">HTTP/1.0 200 OK
Date: Fri, 25 Feb 2011 11:06:44 GMT
Server: Oracle-Application-Server-10g/10.1.2.2.0 Oracle-HTTP-Server
Content-Length: 5100
Set-Cookie: JSESSIONID=54392fb1bec31ce1e124be7c4d4603fb4e402bad7508a79f01b5ed2465bc3bfe.e3eSbhiLaNyPe3yNbNyQc3qSai1BqBjKpPXxqAa; path=/login
Content-Type: text/html; charset=ISO-8859-1
</responseHeader>
  <requestHeader class="java.lang.String">Accept-Language: es-ES
Accept: */*
User-Agent: Mozilla/4.0 (compatible; MSIE 7.0; Windows NT 6.1; Trident/4.0; SLCC2; .NET CLR 2.0.50727; .NET CLR 3.5.30729; .NET CLR 3.0.30729; Media Center PC 6.0; MDDS; .NET4.0C)
Accept-Encoding: gzip, deflate
Referer: http://picasso:8888/gepa/ConexionAction.do;jsessionid=eb634fe5b58b0bcb96508261e275709f9c8e236e3e15aeb347f0741aac2dda55
</requestHeader>
  <cookies class="java.lang.String"></cookies>
  <method class="java.lang.String">GET</method>
  <queryString class="java.lang.String"></queryString>
  <redirectLocation class="java.lang.String">https://login-pre.sge/pls/orasso/orasso.wwsso_app_admin.ls_login?Site2pstoreToken=v1.4~CEF0A91F~45966E4A10003AC04217F16E0F486AF5E683B02FB11A978BA4DC64DD72F5BCF45E16BD5861BC829C71C4D50479A4D7E03571FB1B6AF1881A4BD658DF1B286CABCCE6BF00FA76FF6C06AE1B129450BF39BE141794E692BA2CC00FE87B9B8BCE3C864AF7AC7CBC1DEED535004BEACB1EA87B5C125977DCE117835F239E9E742CF1E01298985004DC3A68AF6B375AD9589B4E26658A2D45B96EECBA0D31872DF11726FE1F8D887CA8E90701A4A4493B6BA91C05B85F24C32CC2292812DACF75026686FCE206E315F03FA751BD93DCF2A2BEC477BA48C13BEEE28A4B3FE4C04867049FFB28A8974590E69A6DDBDE74316823798AC4671E27EA73DD67DB75F6FD7835F02B76479498EECC0D0DD633B9DF2CC96C2F61226C686377</redirectLocation>
  <url>https://preproduccion.sge/login/login.jsp?site2pstoretoken=v1.4~CEF0A91F~45966E4A10003AC04217F16E0F486AF5E683B02FB11A978BA4DC64DD72F5BCF45E16BD5861BC829C71C4D50479A4D7E03571FB1B6AF1881A4BD658DF1B286CABCCE6BF00FA76FF6C06AE1B129450BF39BE141794E692BA2CC00FE87B9B8BCE3C864AF7AC7CBC1DEED535004BEACB1EA87B5C125977DCE117835F239E9E742CF1E01298985004DC3A68AF6B375AD9589B4E26658A2D45B96EECBA0D31872DF11726FE1F8D887CA8E90701A4A4493B6BA91C05B85F24C32CC2292812DACF75026686FCE206E315F03FA751BD93DCF2A2BEC477BA48C13BEEE28A4B3FE4C04867049FFB28A8974590E69A6DDBDE74316823798AC4671E27EA73DD67DB75F6FD7835F02B76479498EECC0D0DD633B9DF2CC96C2F61226C686377&amp;p_error_code=&amp;p_submit_url=https%3A%2F%2Flogin-pre.sge%2Fsso%2Fauth&amp;p_cancel_url=https%3A%2F%2Fpreproduccion.sge&amp;ssousername=&amp;subscribername=</url>
</httpSample>
<httpSample t="125" lt="125" ts="1298632004484" s="false" lb="/gepa/BusquedaAction.do" rc="500" by="778">
  <responseHeader class="java.lang.String">HTTP/1.0 500 Internal Server Error
Date: Fri, 25 Feb 2011 11:06:44 GMT
Server: Oracle-Application-Server-10g/10.1.2.2.0 Oracle-HTTP-Server
Content-Type: text/html; charset=iso-8859-1
</responseHeader>
  <requestHeader class="java.lang.String">Content-Type: application/x-www-form-urlencoded
Accept-Language: es-ES
Accept: image/jpeg, application/x-ms-application, image/gif, application/xaml+xml, image/pjpeg, application/x-ms-xbap, application/vnd.ms-powerpoint, application/vnd.ms-excel, application/msword, */*
User-Agent: Mozilla/4.0 (compatible; MSIE 7.0; Windows NT 6.1; Trident/4.0; SLCC2; .NET CLR 2.0.50727; .NET CLR 3.5.30729; .NET CLR 3.0.30729; Media Center PC 6.0; MDDS; .NET4.0C)
Accept-Encoding: gzip, deflate
Referer: http://picasso:8888/gepa/ConexionAction.do;jsessionid=eb634fe5b58b0bcb96508261e275709f9c8e236e3e15aeb347f0741aac2dda55
Pragma: no-cache
</requestHeader>
  <cookies class="java.lang.String"></cookies>
  <method class="java.lang.String">POST</method>
  <queryString class="java.lang.String">accion=buscar&amp;modo=rapida&amp;avanzadaDesplegada=false&amp;descElemPesado=&amp;identificacionRapida=&amp;nombreRapida=&amp;apellido1Rapida=&amp;apellido2Rapida=&amp;anyoRapida=&amp;numeroRapida=&amp;desdeRapida=&amp;hastaRapida=&amp;tramiteRapida=-1&amp;estadoRapida=-1&amp;idBusqueda=-1&amp;idClases=26&amp;metaTipo0=STRING&amp;metaTipo1=STRING&amp;metaTipo2=LISTA&amp;metaTipo3=STRING&amp;metaTipo4=LISTA_PESADA&amp;metaTipo5=STRING&amp;metaTipo6=LISTA&amp;metaTipo7=STRING&amp;metaTipo8=STRING&amp;metaTipo9=STRING&amp;metaTipo10=STRING&amp;metaTipo11=STRING&amp;metaTipo12=STRING&amp;metaTipo13=LISTA&amp;metaTipo14=STRING&amp;metaTipo15=TIMESTAMP&amp;metaTipo16=TIMESTAMP&amp;metaTipo17=TIMESTAMP&amp;metaTipo18=LISTA&amp;metaTipo19=LISTA_PESADA&amp;metaTipo20=STRING&amp;metaTipo21=STRING&amp;metaTipo22=STRING&amp;metaTipo23=STRING&amp;metaTipo24=STRING&amp;metaTipo25=LISTA_PESADA&amp;metaTipo26=LISTA&amp;metaTipo27=STRING&amp;metaTipo28=LISTA&amp;metaTipo29=STRING&amp;metaTipo30=STRING&amp;metaTipo31=INTEGER&amp;metaTipo32=STRING&amp;metaTipo33=STRING&amp;metaTipo34=STRING&amp;metaTipo35=LISTA&amp;metaTipo36=LISTA&amp;metaTipo37=LISTA&amp;metaTipo38=STRING&amp;metaTipo39=SEPARADOR&amp;metaTipo40=BOOLEAN&amp;metaTipo41=STRING&amp;metaTipo42=STRING&amp;metaTipo43=STRING&amp;metaTipo44=LISTA&amp;metaTipo45=BOOLEAN&amp;metaTipo46=BOOLEAN&amp;metaTipo47=BOOLEAN&amp;metaTipo48=STRING&amp;metaTipo49=TIMESTAMP&amp;metaTipo50=TIMESTAMP&amp;metaTipo51=TIMESTAMP&amp;metaTipo52=TIMESTAMP&amp;metaTipo53=TIMESTAMP&amp;metaTipo54=TIMESTAMP&amp;metaTipo55=TIMESTAMP&amp;metaTipo56=TIMESTAMP&amp;metaTipo57=TIMESTAMP&amp;metaTipo58=TIMESTAMP&amp;metaTipo59=TIMESTAMP&amp;metaTipo60=TIMESTAMP&amp;metaTipo61=TIMESTAMP&amp;metaTipo62=TIMESTAMP&amp;metaTipo63=TIMESTAMP&amp;metaTipo64=LISTA&amp;metaTipo65=LISTA&amp;metaTipo66=LISTA&amp;metaTipo67=DOUBLE&amp;metaTipo68=DOUBLE&amp;metaTipo69=DOUBLE&amp;metaTipo70=DOUBLE&amp;metaTipo71=DOUBLE&amp;metaTipo72=DOUBLE&amp;metaTipo73=DOUBLE&amp;metaTipo74=BOOLEAN&amp;metaTipo75=LISTA&amp;metaTipo76=STRING&amp;metaTipo77=STRING&amp;metaTipo78=STRING&amp;metaTipo79=STRING&amp;metaTipo80=STRING&amp;metaTipo81=STRING&amp;metaTipo82=STRING&amp;metaTipo83=BOOLEAN&amp;metaTipo84=BOOLEAN&amp;metaTipo85=STRING&amp;metaTipo86=LISTA&amp;metaTipo87=LISTA&amp;metaTipo88=LISTA_PESADA&amp;metaTipo89=LISTA&amp;metaTipo90=LISTA&amp;metaTipo91=STRING&amp;metaTipo92=LISTA&amp;metaTipo93=STRING&amp;metaTipo94=STRING&amp;metaTipo95=LISTA&amp;metaTipo96=LISTA&amp;metaTipo97=LISTA&amp;metaTipo98=BOOLEAN&amp;metaTipo99=LISTA&amp;metaTipo100=BOOLEAN&amp;metaTipo101=LISTA&amp;metaTipo102=LISTA&amp;metaTipo103=BOOLEAN&amp;metaTipo104=BOOLEAN&amp;metaTipo105=LISTA&amp;metaTipo106=LISTA&amp;metaTipo107=LISTA&amp;metaTipo108=LISTA&amp;metaTipo109=LISTA&amp;metaTipo110=STRING&amp;metaTipo111=LISTA&amp;valor=&amp;valorPesado=&amp;lista37=-1&amp;lista36=-1&amp;lista35=-1&amp;lista99=-1&amp;lista109=-1&amp;lista66=-1&amp;lista98=-1&amp;lista108=-1&amp;lista65=-1&amp;lista97=-1&amp;lista107=-1&amp;lista64=-1&amp;lista96=-1&amp;lista106=-1&amp;lista95=-1&amp;lista105=-1&amp;lista104=-1&amp;lista92=-1&amp;lista103=-1&amp;lista102=-1&amp;lista90=-1&amp;lista101=-1&amp;lista100=-1&amp;lista28=-1&amp;lista26=-1&amp;lista89=-1&amp;lista87=-1&amp;lista86=-1&amp;lista6=-1&amp;lista84=-1&amp;lista83=-1&amp;lista2=-1&amp;lista18=-1&amp;lista47=-1&amp;lista46=-1&amp;lista13=-1&amp;lista45=-1&amp;lista44=-1&amp;lista75=-1&amp;lista74=-1&amp;lista40=-1&amp;lista111=-1</queryString>
  <url>https://preproduccion.sge:443/gepa/BusquedaAction.do</url>
</httpSample>
<httpSample t="187" lt="0" ts="1298632004609" s="true" lb="/gepa/scripts/scriptaculous/scriptaculous.js" rc="200" by="5100">
  <responseHeader class="java.lang.String">HTTP/1.0 200 OK
Date: Fri, 25 Feb 2011 11:06:44 GMT
Server: Oracle-Application-Server-10g/10.1.2.2.0 Oracle-HTTP-Server
Content-Length: 5100
Set-Cookie: JSESSIONID=dfdaa32041af241ceb5092de663db767228c7ac66cdbfc7569c5040caf7552dd.e38Ob3aOaheRe34Mb3qSax0Pahz0nR9Pq6XteP93; path=/login
Content-Type: text/html; charset=ISO-8859-1
</responseHeader>
  <requestHeader class="java.lang.String">Accept-Language: es-ES
Accept: */*
User-Agent: Mozilla/4.0 (compatible; MSIE 7.0; Windows NT 6.1; Trident/4.0; SLCC2; .NET CLR 2.0.50727; .NET CLR 3.5.30729; .NET CLR 3.0.30729; Media Center PC 6.0; MDDS; .NET4.0C)
Accept-Encoding: gzip, deflate
Referer: http://picasso:8888/gepa/BusquedaAction.do
</requestHeader>
  <cookies class="java.lang.String"></cookies>
  <method class="java.lang.String">GET</method>
  <queryString class="java.lang.String"></queryString>
  <redirectLocation class="java.lang.String">https://login-pre.sge/pls/orasso/orasso.wwsso_app_admin.ls_login?Site2pstoreToken=v1.4~CEF0A91F~45966E4A10003AC04217F16E0F486AF5E683B02FB11A978BA4DC64DD72F5BCF45E16BD5861BC829C71C4D50479A4D7E03571FB1B6AF1881A4BD658DF1B286CABCCE6BF00FA76FF6C06AE1B129450BF39BE141794E692BA2CC00FE87B9B8BCE3C864AF7AC7CBC1DEED535004BEACB1EA87B5C125977DCE117835F239E9E742CF1E01298985004DC3A68AF6B375AD9589B4E26658A2D45B96EECBA0D31872DF11726FE1F8D887CA8E90701A4A4493B6BA91C05B85F24C32CC2292812DACF75026686FCE206E315F03FA751BD93DCF2A2BEC477BA48C13BEEE28A4B3FE4C04867049FFB28A8974590E69A6DDBDE74316823798AC4671E27EA73DD67DB75F6FD7835F02B76479498EECC0D0DD633B9DF2CC96C2F61226C686377</redirectLocation>
  <url>https://preproduccion.sge/login/login.jsp?site2pstoretoken=v1.4~CEF0A91F~45966E4A10003AC04217F16E0F486AF5E683B02FB11A978BA4DC64DD72F5BCF45E16BD5861BC829C71C4D50479A4D7E03571FB1B6AF1881A4BD658DF1B286CABCCE6BF00FA76FF6C06AE1B129450BF39BE141794E692BA2CC00FE87B9B8BCE3C864AF7AC7CBC1DEED535004BEACB1EA87B5C125977DCE117835F239E9E742CF1E01298985004DC3A68AF6B375AD9589B4E26658A2D45B96EECBA0D31872DF11726FE1F8D887CA8E90701A4A4493B6BA91C05B85F24C32CC2292812DACF75026686FCE206E315F03FA751BD93DCF2A2BEC477BA48C13BEEE28A4B3FE4C04867049FFB28A8974590E69A6DDBDE74316823798AC4671E27EA73DD67DB75F6FD7835F02B76479498EECC0D0DD633B9DF2CC96C2F61226C686377&amp;p_error_code=&amp;p_submit_url=https%3A%2F%2Flogin-pre.sge%2Fsso%2Fauth&amp;p_cancel_url=https%3A%2F%2Fpreproduccion.sge&amp;ssousername=&amp;subscribername=</url>
</httpSample>
<httpSample t="188" lt="0" ts="1298632004796" s="true" lb="/gepa/ResultadoBusquedaAction.do" rc="200" by="5004">
  <responseHeader class="java.lang.String">HTTP/1.0 200 OK
Date: Fri, 25 Feb 2011 11:06:44 GMT
Server: Oracle-Application-Server-10g/10.1.2.2.0 Oracle-HTTP-Server
Content-Length: 5004
Set-Cookie: JSESSIONID=59c1da3c85a47d6c6e6335f42d6f3505c6da9443aed8b267d25ee36e463bedea.e3eSbhiLaNyPe3yNbNyQc3qSai1BqBjKpPXxqAa; path=/login
Content-Type: text/html; charset=ISO-8859-1
</responseHeader>
  <requestHeader class="java.lang.String">Accept-Language: es-ES
Accept: image/jpeg, application/x-ms-application, image/gif, application/xaml+xml, image/pjpeg, application/x-ms-xbap, application/vnd.ms-powerpoint, application/vnd.ms-excel, application/msword, */*
User-Agent: Mozilla/4.0 (compatible; MSIE 7.0; Windows NT 6.1; Trident/4.0; SLCC2; .NET CLR 2.0.50727; .NET CLR 3.5.30729; .NET CLR 3.0.30729; Media Center PC 6.0; MDDS; .NET4.0C)
Accept-Encoding: gzip, deflate
Referer: http://picasso:8888/gepa/BusquedaAction.do
</requestHeader>
  <cookies class="java.lang.String"></cookies>
  <method class="java.lang.String">GET</method>
  <queryString class="java.lang.String"></queryString>
  <redirectLocation class="java.lang.String">https://login-pre.sge/pls/orasso/orasso.wwsso_app_admin.ls_login?Site2pstoreToken=v1.4~CEF0A91F~45966E4A10003AC04217F16E0F486AF5E683B02FB11A978BA4DC64DD72F5BCF45E16BD5861BC829C71C4D50479A4D7E03571FB1B6AF1881A4BD658DF1B286CABCCE6BF00FA76FF6C06AE1B129450BF39BE141794E692BA2CC00FE87B9B8BCE3CC35EC1A600492F07BDF97D7E4F0FD99DD913F02A3A3157BD787F821CB3C53D49E1EC5AAB4DDD9D53E899EE4810A432AD010AA20FE68B46D64B3CC92283AB9D1A96306C49CB9CE57B50E25A756D408740251222C81C9E91304687923BD36F6BBF32E4C56165B77DF8EA98315C8E934DD89A4B8118CA9F19BADB5C7D83C5BF0856904CB278E7FAE17B6A8BAD8C328EC37399905FD5DE1F6A6BC690D75D888A09FD</redirectLocation>
  <url>https://preproduccion.sge/login/login.jsp?site2pstoretoken=v1.4~CEF0A91F~45966E4A10003AC04217F16E0F486AF5E683B02FB11A978BA4DC64DD72F5BCF45E16BD5861BC829C71C4D50479A4D7E03571FB1B6AF1881A4BD658DF1B286CABCCE6BF00FA76FF6C06AE1B129450BF39BE141794E692BA2CC00FE87B9B8BCE3CC35EC1A600492F07BDF97D7E4F0FD99DD913F02A3A3157BD787F821CB3C53D49E1EC5AAB4DDD9D53E899EE4810A432AD010AA20FE68B46D64B3CC92283AB9D1A96306C49CB9CE57B50E25A756D408740251222C81C9E91304687923BD36F6BBF32E4C56165B77DF8EA98315C8E934DD89A4B8118CA9F19BADB5C7D83C5BF0856904CB278E7FAE17B6A8BAD8C328EC37399905FD5DE1F6A6BC690D75D888A09FD&amp;p_error_code=&amp;p_submit_url=https%3A%2F%2Flogin-pre.sge%2Fsso%2Fauth&amp;p_cancel_url=https%3A%2F%2Fpreproduccion.sge&amp;ssousername=&amp;subscribername=</url>
</httpSample>
<httpSample t="187" lt="0" ts="1298632004984" s="true" lb="/gepa/scripts/scriptaculous/scriptaculous.js" rc="200" by="5100">
  <responseHeader class="java.lang.String">HTTP/1.0 200 OK
Date: Fri, 25 Feb 2011 11:06:45 GMT
Server: Oracle-Application-Server-10g/10.1.2.2.0 Oracle-HTTP-Server
Content-Length: 5100
Set-Cookie: JSESSIONID=f89058a22f6ca6d5395b3d56bc68921473dd52827b15c267d77e56dbbe1749df.e38Ob3aOaheRe34Mb3qSax0Pahz0nR9Pq6XteP93; path=/login
Content-Type: text/html; charset=ISO-8859-1
</responseHeader>
  <requestHeader class="java.lang.String">Accept-Language: es-ES
Accept: */*
User-Agent: Mozilla/4.0 (compatible; MSIE 7.0; Windows NT 6.1; Trident/4.0; SLCC2; .NET CLR 2.0.50727; .NET CLR 3.5.30729; .NET CLR 3.0.30729; Media Center PC 6.0; MDDS; .NET4.0C)
Accept-Encoding: gzip, deflate
Referer: http://picasso:8888/gepa/ResultadoBusquedaAction.do?accion=gestionExp&amp;indice=0
</requestHeader>
  <cookies class="java.lang.String"></cookies>
  <method class="java.lang.String">GET</method>
  <queryString class="java.lang.String"></queryString>
  <redirectLocation class="java.lang.String">https://login-pre.sge/pls/orasso/orasso.wwsso_app_admin.ls_login?Site2pstoreToken=v1.4~CEF0A91F~45966E4A10003AC04217F16E0F486AF5E683B02FB11A978BA4DC64DD72F5BCF45E16BD5861BC829C71C4D50479A4D7E03571FB1B6AF1881A4BD658DF1B286CABCCE6BF00FA76FF6C06AE1B129450BF39BE141794E692BA2CC00FE87B9B8BCE3C864AF7AC7CBC1DEED535004BEACB1EA87B5C125977DCE117835F239E9E742CF1E01298985004DC3A68AF6B375AD9589B4E26658A2D45B96EECBA0D31872DF11726FE1F8D887CA8E90701A4A4493B6BA91C05B85F24C32CC2292812DACF75026686FCE206E315F03FA751BD93DCF2A2BEC477BA48C13BEEE28A4B3FE4C04867049FFB28A8974590E69A6DDBDE74316823798AC4671E27EA73DD67DB75F6FD7835F02B76479498EECC0D0DD633B9DF2CC96C2F61226C686377</redirectLocation>
  <url>https://preproduccion.sge/login/login.jsp?site2pstoretoken=v1.4~CEF0A91F~45966E4A10003AC04217F16E0F486AF5E683B02FB11A978BA4DC64DD72F5BCF45E16BD5861BC829C71C4D50479A4D7E03571FB1B6AF1881A4BD658DF1B286CABCCE6BF00FA76FF6C06AE1B129450BF39BE141794E692BA2CC00FE87B9B8BCE3C864AF7AC7CBC1DEED535004BEACB1EA87B5C125977DCE117835F239E9E742CF1E01298985004DC3A68AF6B375AD9589B4E26658A2D45B96EECBA0D31872DF11726FE1F8D887CA8E90701A4A4493B6BA91C05B85F24C32CC2292812DACF75026686FCE206E315F03FA751BD93DCF2A2BEC477BA48C13BEEE28A4B3FE4C04867049FFB28A8974590E69A6DDBDE74316823798AC4671E27EA73DD67DB75F6FD7835F02B76479498EECC0D0DD633B9DF2CC96C2F61226C686377&amp;p_error_code=&amp;p_submit_url=https%3A%2F%2Flogin-pre.sge%2Fsso%2Fauth&amp;p_cancel_url=https%3A%2F%2Fpreproduccion.sge&amp;ssousername=&amp;subscribername=</url>
</httpSample>
<httpSample t="188" lt="0" ts="1298632005171" s="true" lb="/gepa/ConexionAction.do" rc="200" by="5388">
  <responseHeader class="java.lang.String">HTTP/1.0 200 OK
Date: Fri, 25 Feb 2011 11:06:45 GMT
Server: Oracle-Application-Server-10g/10.1.2.2.0 Oracle-HTTP-Server
Content-Length: 5388
Set-Cookie: JSESSIONID=594d6247dfe2080c039ba74cdaec5e5e361b7d4e306d6480341d8cea0ffc8b36.e3eSbhiLaNyPe3yNbNyQc3qSai1BqBjKpPXxqAa; path=/login
Content-Type: text/html; charset=ISO-8859-1
</responseHeader>
  <requestHeader class="java.lang.String">Accept-Language: es
Accept: */*
User-Agent: Mozilla/4.0 (compatible; MSIE 7.0; Windows NT 6.1; Trident/4.0; SLCC2; .NET CLR 2.0.50727; .NET CLR 3.5.30729; .NET CLR 3.0.30729; Media Center PC 6.0; MDDS; .NET4.0C)
Accept-Encoding: gzip, deflate
</requestHeader>
  <cookies class="java.lang.String"></cookies>
  <method class="java.lang.String">GET</method>
  <queryString class="java.lang.String"></queryString>
  <redirectLocation class="java.lang.String">https://login-pre.sge/pls/orasso/orasso.wwsso_app_admin.ls_login?Site2pstoreToken=v1.4~CEF0A91F~7D44F0B97887F2347104D07BCDB722E69462C53EEAF7972EE6419BCA5A3A1D9EA448D895F45167D2F7BFAA7940D1388406CDB4024A651D68881BF469CA1A7F950D488BC63A8F1ABFE28B324A0F7B3A72EF715298D6CA6F05D939CD91EBBB40AA7B982C62D771A62C9B04056EBD6827A006C626737018E9E882851B0E741A6F3EC73429A4CAF5E9DBFC3B1A5B4C3792EBAF26D162CE4DFF0CE1A1A04B92A14306008DD7A30ECDC8DF9BC3138C92DA0A6A0BCF5C6E742BA86BA941A81742D3B7A6A4C3DFD8F0D1DFC38FEC138B347EDF70F7702CB67CCD709363458942FB4809FB201D570144539765D676BD2CA65F578B99E356C5D31CB6443CA186E736EB627215648FEF5EFFBC516F7C84A9D1F1CF9641AABDCC8D8CA479E8BC63E0CA849BF6F2A36B481FF744BEE8CE69939A36976901567AA4D463CB4AD8BE543FC851ECFE4BA7F189B16554B2603722DD6A87F4F6EEA45452048150BF7C52637650A4C275</redirectLocation>
  <url>https://preproduccion.sge/login/login.jsp?site2pstoretoken=v1.4~CEF0A91F~7D44F0B97887F2347104D07BCDB722E69462C53EEAF7972EE6419BCA5A3A1D9EA448D895F45167D2F7BFAA7940D1388406CDB4024A651D68881BF469CA1A7F950D488BC63A8F1ABFE28B324A0F7B3A72EF715298D6CA6F05D939CD91EBBB40AA7B982C62D771A62C9B04056EBD6827A006C626737018E9E882851B0E741A6F3EC73429A4CAF5E9DBFC3B1A5B4C3792EBAF26D162CE4DFF0CE1A1A04B92A14306008DD7A30ECDC8DF9BC3138C92DA0A6A0BCF5C6E742BA86BA941A81742D3B7A6A4C3DFD8F0D1DFC38FEC138B347EDF70F7702CB67CCD709363458942FB4809FB201D570144539765D676BD2CA65F578B99E356C5D31CB6443CA186E736EB627215648FEF5EFFBC516F7C84A9D1F1CF9641AABDCC8D8CA479E8BC63E0CA849BF6F2A36B481FF744BEE8CE69939A36976901567AA4D463CB4AD8BE543FC851ECFE4BA7F189B16554B2603722DD6A87F4F6EEA45452048150BF7C52637650A4C275&amp;p_error_code=&amp;p_submit_url=https%3A%2F%2Flogin-pre.sge%2Fsso%2Fauth&amp;p_cancel_url=https%3A%2F%2Fpreproduccion.sge&amp;ssousername=&amp;subscribername=</url>
</httpSample>
<httpSample t="172" lt="0" ts="1298632005359" s="true" lb="/gepa/scripts/scriptaculous/scriptaculous.js" rc="200" by="5068">
  <responseHeader class="java.lang.String">HTTP/1.0 200 OK
Date: Fri, 25 Feb 2011 11:06:45 GMT
Server: Oracle-Application-Server-10g/10.1.2.2.0 Oracle-HTTP-Server
Content-Length: 5068
Set-Cookie: JSESSIONID=fe96465caf77caee57008e1896a26b5671b184c1be906ff17be8569bfebd4613.e38Ob3aOaheRe34Mb3qSax0Pahz0nR9Pq6XteP93; path=/login
Content-Type: text/html; charset=ISO-8859-1
</responseHeader>
  <requestHeader class="java.lang.String">Accept-Language: es-ES
Accept: */*
User-Agent: Mozilla/4.0 (compatible; MSIE 7.0; Windows NT 6.1; Trident/4.0; SLCC2; .NET CLR 2.0.50727; .NET CLR 3.5.30729; .NET CLR 3.0.30729; Media Center PC 6.0; MDDS; .NET4.0C)
Accept-Encoding: gzip, deflate
Referer: http://picasso:8888/gepa/ConexionAction.do?POSTDATA=variosPerfiles=true&amp;accion=iniciar&amp;codigoEntidad=DYS&amp;codigo=jcnegredo&amp;contrasenya=dysmatica&amp;rolSeleccionado=25
</requestHeader>
  <cookies class="java.lang.String"></cookies>
  <method class="java.lang.String">GET</method>
  <queryString class="java.lang.String"></queryString>
  <redirectLocation class="java.lang.String">https://login-pre.sge/pls/orasso/orasso.wwsso_app_admin.ls_login?Site2pstoreToken=v1.4~CEF0A91F~7D44F0B97887F2347104D07BCDB722E69462C53EEAF7972EE6419BCA5A3A1D9EA448D895F45167D2F7BFAA7940D1388406CDB4024A651D68881BF469CA1A7F950D488BC63A8F1ABFE28B324A0F7B3A72EF715298D6CA6F05D939CD91EBBB40AA33931A2D8AD5A5D63164A3578A34608CF215CF19596B8EF7FBAEB96A8EA12F4DAAFA10573005F7D9C2BDAE923F1C78E5C94DF98C0C39AC4285E5299D02EE9BDBCB219E1B7467D1B76AF83BFE02B4CFF21A4C92086A5D9CA2C981D7C4C413D59106B8A84BE65E933FCD13C58372A14B4FFE66AB43BE8CE0BB856D1675EE49AA2E5619B65D0E7ADD2AE2CD12FD8942D65A567E37FB633DB495703D5F3A4AB61AFCC35E893264B91FFBA2F2DA82276EE5F6</redirectLocation>
  <url>https://preproduccion.sge/login/login.jsp?site2pstoretoken=v1.4~CEF0A91F~7D44F0B97887F2347104D07BCDB722E69462C53EEAF7972EE6419BCA5A3A1D9EA448D895F45167D2F7BFAA7940D1388406CDB4024A651D68881BF469CA1A7F950D488BC63A8F1ABFE28B324A0F7B3A72EF715298D6CA6F05D939CD91EBBB40AA33931A2D8AD5A5D63164A3578A34608CF215CF19596B8EF7FBAEB96A8EA12F4DAAFA10573005F7D9C2BDAE923F1C78E5C94DF98C0C39AC4285E5299D02EE9BDBCB219E1B7467D1B76AF83BFE02B4CFF21A4C92086A5D9CA2C981D7C4C413D59106B8A84BE65E933FCD13C58372A14B4FFE66AB43BE8CE0BB856D1675EE49AA2E5619B65D0E7ADD2AE2CD12FD8942D65A567E37FB633DB495703D5F3A4AB61AFCC35E893264B91FFBA2F2DA82276EE5F6&amp;p_error_code=&amp;p_submit_url=https%3A%2F%2Flogin-pre.sge%2Fsso%2Fauth&amp;p_cancel_url=https%3A%2F%2Fpreproduccion.sge&amp;ssousername=&amp;subscribername=</url>
</httpSample>
<httpSample t="15" lt="15" ts="1298632005531" s="false" lb="/gepa/ConexionAction.do;jsessionid=eb634fe5b58b0bcb96508261e275709f9c8e236e3e15aeb347f0741aac2dda55" rc="500" by="778">
  <responseHeader class="java.lang.String">HTTP/1.0 500 Internal Server Error
Date: Fri, 25 Feb 2011 11:06:45 GMT
Server: Oracle-Application-Server-10g/10.1.2.2.0 Oracle-HTTP-Server
Content-Type: text/html; charset=iso-8859-1
</responseHeader>
  <requestHeader class="java.lang.String">Content-Type: application/x-www-form-urlencoded
Accept-Language: es-ES
Accept: image/jpeg, application/x-ms-application, image/gif, application/xaml+xml, image/pjpeg, application/x-ms-xbap, application/vnd.ms-powerpoint, application/vnd.ms-excel, application/msword, */*
User-Agent: Mozilla/4.0 (compatible; MSIE 7.0; Windows NT 6.1; Trident/4.0; SLCC2; .NET CLR 2.0.50727; .NET CLR 3.5.30729; .NET CLR 3.0.30729; Media Center PC 6.0; MDDS; .NET4.0C)
Accept-Encoding: gzip, deflate
Referer: http://picasso:8888/gepa/ConexionAction.do?POSTDATA=variosPerfiles=true&amp;accion=iniciar&amp;codigoEntidad=DYS&amp;codigo=jcnegredo&amp;contrasenya=dysmatica&amp;rolSeleccionado=25
Pragma: no-cache
</requestHeader>
  <cookies class="java.lang.String"></cookies>
  <method class="java.lang.String">POST</method>
  <queryString class="java.lang.String">variosPerfiles=true&amp;accion=seleccionarPerfil&amp;codigoEntidad=DYS&amp;rolSeleccionado=25</queryString>
  <url>https://preproduccion.sge:443/gepa/ConexionAction.do;jsessionid=eb634fe5b58b0bcb96508261e275709f9c8e236e3e15aeb347f0741aac2dda55</url>
</httpSample>
<httpSample t="188" lt="0" ts="1298632005562" s="true" lb="/gepa/scripts/scriptaculous/scriptaculous.js" rc="200" by="5068">
  <responseHeader class="java.lang.String">HTTP/1.0 200 OK
Date: Fri, 25 Feb 2011 11:06:45 GMT
Server: Oracle-Application-Server-10g/10.1.2.2.0 Oracle-HTTP-Server
Content-Length: 5068
Set-Cookie: JSESSIONID=77856de553322e45daa91f654cefca9c5a9069a980d7b318adf2463c1232a46d.e38Ob3aOaheRe34Mb3qSax0Pahz0nR9Pq6XteP93; path=/login
Content-Type: text/html; charset=ISO-8859-1
</responseHeader>
  <requestHeader class="java.lang.String">Accept-Language: es-ES
Accept: */*
User-Agent: Mozilla/4.0 (compatible; MSIE 7.0; Windows NT 6.1; Trident/4.0; SLCC2; .NET CLR 2.0.50727; .NET CLR 3.5.30729; .NET CLR 3.0.30729; Media Center PC 6.0; MDDS; .NET4.0C)
Accept-Encoding: gzip, deflate
Referer: http://picasso:8888/gepa/ConexionAction.do;jsessionid=eb634fe5b58b0bcb96508261e275709f9c8e236e3e15aeb347f0741aac2dda55
</requestHeader>
  <cookies class="java.lang.String"></cookies>
  <method class="java.lang.String">GET</method>
  <queryString class="java.lang.String"></queryString>
  <redirectLocation class="java.lang.String">https://login-pre.sge/pls/orasso/orasso.wwsso_app_admin.ls_login?Site2pstoreToken=v1.4~CEF0A91F~7D44F0B97887F2347104D07BCDB722E69462C53EEAF7972EE6419BCA5A3A1D9EA448D895F45167D2F7BFAA7940D1388406CDB4024A651D68881BF469CA1A7F950D488BC63A8F1ABFE28B324A0F7B3A72EF715298D6CA6F05D939CD91EBBB40AA33931A2D8AD5A5D63164A3578A34608CF215CF19596B8EF7FBAEB96A8EA12F4DAAFA10573005F7D9C2BDAE923F1C78E5C94DF98C0C39AC4285E5299D02EE9BDBCB219E1B7467D1B76AF83BFE02B4CFF21A4C92086A5D9CA2C981D7C4C413D59106B8A84BE65E933FCD13C58372A14B4FFE66AB43BE8CE0BB856D1675EE49AA2E5619B65D0E7ADD2AE2CD12FD8942D65A567E37FB633DB495703D5F3A4AB61AFCC35E893264B91FFBA2F2DA82276EE5F6</redirectLocation>
  <url>https://preproduccion.sge/login/login.jsp?site2pstoretoken=v1.4~CEF0A91F~7D44F0B97887F2347104D07BCDB722E69462C53EEAF7972EE6419BCA5A3A1D9EA448D895F45167D2F7BFAA7940D1388406CDB4024A651D68881BF469CA1A7F950D488BC63A8F1ABFE28B324A0F7B3A72EF715298D6CA6F05D939CD91EBBB40AA33931A2D8AD5A5D63164A3578A34608CF215CF19596B8EF7FBAEB96A8EA12F4DAAFA10573005F7D9C2BDAE923F1C78E5C94DF98C0C39AC4285E5299D02EE9BDBCB219E1B7467D1B76AF83BFE02B4CFF21A4C92086A5D9CA2C981D7C4C413D59106B8A84BE65E933FCD13C58372A14B4FFE66AB43BE8CE0BB856D1675EE49AA2E5619B65D0E7ADD2AE2CD12FD8942D65A567E37FB633DB495703D5F3A4AB61AFCC35E893264B91FFBA2F2DA82276EE5F6&amp;p_error_code=&amp;p_submit_url=https%3A%2F%2Flogin-pre.sge%2Fsso%2Fauth&amp;p_cancel_url=https%3A%2F%2Fpreproduccion.sge&amp;ssousername=&amp;subscribername=</url>
</httpSample>
<httpSample t="15" lt="15" ts="1298632005750" s="false" lb="/gepa/BusquedaAction.do" rc="500" by="778">
  <responseHeader class="java.lang.String">HTTP/1.0 500 Internal Server Error
Date: Fri, 25 Feb 2011 11:06:45 GMT
Server: Oracle-Application-Server-10g/10.1.2.2.0 Oracle-HTTP-Server
Content-Type: text/html; charset=iso-8859-1
</responseHeader>
  <requestHeader class="java.lang.String">Content-Type: application/x-www-form-urlencoded
Accept-Language: es-ES
Accept: image/jpeg, application/x-ms-application, image/gif, application/xaml+xml, image/pjpeg, application/x-ms-xbap, application/vnd.ms-powerpoint, application/vnd.ms-excel, application/msword, */*
User-Agent: Mozilla/4.0 (compatible; MSIE 7.0; Windows NT 6.1; Trident/4.0; SLCC2; .NET CLR 2.0.50727; .NET CLR 3.5.30729; .NET CLR 3.0.30729; Media Center PC 6.0; MDDS; .NET4.0C)
Accept-Encoding: gzip, deflate
Referer: http://picasso:8888/gepa/ConexionAction.do;jsessionid=eb634fe5b58b0bcb96508261e275709f9c8e236e3e15aeb347f0741aac2dda55
Pragma: no-cache
</requestHeader>
  <cookies class="java.lang.String"></cookies>
  <method class="java.lang.String">POST</method>
  <queryString class="java.lang.String">accion=buscar&amp;modo=rapida&amp;avanzadaDesplegada=false&amp;descElemPesado=&amp;identificacionRapida=&amp;nombreRapida=&amp;apellido1Rapida=&amp;apellido2Rapida=&amp;anyoRapida=&amp;numeroRapida=&amp;desdeRapida=&amp;hastaRapida=&amp;tramiteRapida=-1&amp;estadoRapida=-1&amp;idBusqueda=-1&amp;idClases=26&amp;metaTipo0=STRING&amp;metaTipo1=STRING&amp;metaTipo2=LISTA&amp;metaTipo3=STRING&amp;metaTipo4=LISTA_PESADA&amp;metaTipo5=STRING&amp;metaTipo6=LISTA&amp;metaTipo7=STRING&amp;metaTipo8=STRING&amp;metaTipo9=STRING&amp;metaTipo10=STRING&amp;metaTipo11=STRING&amp;metaTipo12=STRING&amp;metaTipo13=LISTA&amp;metaTipo14=STRING&amp;metaTipo15=TIMESTAMP&amp;metaTipo16=TIMESTAMP&amp;metaTipo17=TIMESTAMP&amp;metaTipo18=LISTA&amp;metaTipo19=LISTA_PESADA&amp;metaTipo20=STRING&amp;metaTipo21=STRING&amp;metaTipo22=STRING&amp;metaTipo23=STRING&amp;metaTipo24=STRING&amp;metaTipo25=LISTA_PESADA&amp;metaTipo26=LISTA&amp;metaTipo27=STRING&amp;metaTipo28=LISTA&amp;metaTipo29=STRING&amp;metaTipo30=STRING&amp;metaTipo31=INTEGER&amp;metaTipo32=STRING&amp;metaTipo33=STRING&amp;metaTipo34=STRING&amp;metaTipo35=LISTA&amp;metaTipo36=LISTA&amp;metaTipo37=LISTA&amp;metaTipo38=STRING&amp;metaTipo39=SEPARADOR&amp;metaTipo40=BOOLEAN&amp;metaTipo41=STRING&amp;metaTipo42=STRING&amp;metaTipo43=STRING&amp;metaTipo44=LISTA&amp;metaTipo45=BOOLEAN&amp;metaTipo46=BOOLEAN&amp;metaTipo47=BOOLEAN&amp;metaTipo48=STRING&amp;metaTipo49=TIMESTAMP&amp;metaTipo50=TIMESTAMP&amp;metaTipo51=TIMESTAMP&amp;metaTipo52=TIMESTAMP&amp;metaTipo53=TIMESTAMP&amp;metaTipo54=TIMESTAMP&amp;metaTipo55=TIMESTAMP&amp;metaTipo56=TIMESTAMP&amp;metaTipo57=TIMESTAMP&amp;metaTipo58=TIMESTAMP&amp;metaTipo59=TIMESTAMP&amp;metaTipo60=TIMESTAMP&amp;metaTipo61=TIMESTAMP&amp;metaTipo62=TIMESTAMP&amp;metaTipo63=TIMESTAMP&amp;metaTipo64=LISTA&amp;metaTipo65=LISTA&amp;metaTipo66=LISTA&amp;metaTipo67=DOUBLE&amp;metaTipo68=DOUBLE&amp;metaTipo69=DOUBLE&amp;metaTipo70=DOUBLE&amp;metaTipo71=DOUBLE&amp;metaTipo72=DOUBLE&amp;metaTipo73=DOUBLE&amp;metaTipo74=BOOLEAN&amp;metaTipo75=LISTA&amp;metaTipo76=STRING&amp;metaTipo77=STRING&amp;metaTipo78=STRING&amp;metaTipo79=STRING&amp;metaTipo80=STRING&amp;metaTipo81=STRING&amp;metaTipo82=STRING&amp;metaTipo83=BOOLEAN&amp;metaTipo84=BOOLEAN&amp;metaTipo85=STRING&amp;metaTipo86=LISTA&amp;metaTipo87=LISTA&amp;metaTipo88=LISTA_PESADA&amp;metaTipo89=LISTA&amp;metaTipo90=LISTA&amp;metaTipo91=STRING&amp;metaTipo92=LISTA&amp;metaTipo93=STRING&amp;metaTipo94=STRING&amp;metaTipo95=LISTA&amp;metaTipo96=LISTA&amp;metaTipo97=LISTA&amp;metaTipo98=BOOLEAN&amp;metaTipo99=LISTA&amp;metaTipo100=BOOLEAN&amp;metaTipo101=LISTA&amp;metaTipo102=LISTA&amp;metaTipo103=BOOLEAN&amp;metaTipo104=BOOLEAN&amp;metaTipo105=LISTA&amp;metaTipo106=LISTA&amp;metaTipo107=LISTA&amp;metaTipo108=LISTA&amp;metaTipo109=LISTA&amp;metaTipo110=STRING&amp;metaTipo111=LISTA&amp;valor=&amp;valorPesado=&amp;lista37=-1&amp;lista36=-1&amp;lista35=-1&amp;lista99=-1&amp;lista109=-1&amp;lista66=-1&amp;lista98=-1&amp;lista108=-1&amp;lista65=-1&amp;lista97=-1&amp;lista107=-1&amp;lista64=-1&amp;lista96=-1&amp;lista106=-1&amp;lista95=-1&amp;lista105=-1&amp;lista104=-1&amp;lista92=-1&amp;lista103=-1&amp;lista102=-1&amp;lista90=-1&amp;lista101=-1&amp;lista100=-1&amp;lista28=-1&amp;lista26=-1&amp;lista89=-1&amp;lista87=-1&amp;lista86=-1&amp;lista6=-1&amp;lista84=-1&amp;lista83=-1&amp;lista2=-1&amp;lista18=-1&amp;lista47=-1&amp;lista46=-1&amp;lista13=-1&amp;lista45=-1&amp;lista44=-1&amp;lista75=-1&amp;lista74=-1&amp;lista40=-1&amp;lista111=-1</queryString>
  <url>https://preproduccion.sge:443/gepa/BusquedaAction.do</url>
</httpSample>
<httpSample t="188" lt="0" ts="1298632005765" s="true" lb="/gepa/scripts/scriptaculous/scriptaculous.js" rc="200" by="5068">
  <responseHeader class="java.lang.String">HTTP/1.0 200 OK
Date: Fri, 25 Feb 2011 11:06:45 GMT
Server: Oracle-Application-Server-10g/10.1.2.2.0 Oracle-HTTP-Server
Content-Length: 5068
Set-Cookie: JSESSIONID=bbc370048248d647800ef9f274dada96b7e5b56a36b25a153c1f4d0d7a22ce37.e3eSbhiLaNyPe3yNbNyQc3qSai1BqBjKpPXxqAa; path=/login
Content-Type: text/html; charset=ISO-8859-1
</responseHeader>
  <requestHeader class="java.lang.String">Accept-Language: es-ES
Accept: */*
User-Agent: Mozilla/4.0 (compatible; MSIE 7.0; Windows NT 6.1; Trident/4.0; SLCC2; .NET CLR 2.0.50727; .NET CLR 3.5.30729; .NET CLR 3.0.30729; Media Center PC 6.0; MDDS; .NET4.0C)
Accept-Encoding: gzip, deflate
Referer: http://picasso:8888/gepa/BusquedaAction.do
</requestHeader>
  <cookies class="java.lang.String"></cookies>
  <method class="java.lang.String">GET</method>
  <queryString class="java.lang.String"></queryString>
  <redirectLocation class="java.lang.String">https://login-pre.sge/pls/orasso/orasso.wwsso_app_admin.ls_login?Site2pstoreToken=v1.4~CEF0A91F~7D44F0B97887F2347104D07BCDB722E69462C53EEAF7972EE6419BCA5A3A1D9EA448D895F45167D2F7BFAA7940D1388406CDB4024A651D68881BF469CA1A7F950D488BC63A8F1ABFE28B324A0F7B3A72EF715298D6CA6F05D939CD91EBBB40AA33931A2D8AD5A5D63164A3578A34608CF215CF19596B8EF7FBAEB96A8EA12F4DAAFA10573005F7D9C2BDAE923F1C78E5C94DF98C0C39AC4285E5299D02EE9BDBCB219E1B7467D1B76AF83BFE02B4CFF21A4C92086A5D9CA2C981D7C4C413D59106B8A84BE65E933FCD13C58372A14B4FFE66AB43BE8CE0BB856D1675EE49AA2E5619B65D0E7ADD2AE2CD12FD8942D65A567E37FB633DB495703D5F3A4AB61AFCC35E893264B91FFBA2F2DA82276EE5F6</redirectLocation>
  <url>https://preproduccion.sge/login/login.jsp?site2pstoretoken=v1.4~CEF0A91F~7D44F0B97887F2347104D07BCDB722E69462C53EEAF7972EE6419BCA5A3A1D9EA448D895F45167D2F7BFAA7940D1388406CDB4024A651D68881BF469CA1A7F950D488BC63A8F1ABFE28B324A0F7B3A72EF715298D6CA6F05D939CD91EBBB40AA33931A2D8AD5A5D63164A3578A34608CF215CF19596B8EF7FBAEB96A8EA12F4DAAFA10573005F7D9C2BDAE923F1C78E5C94DF98C0C39AC4285E5299D02EE9BDBCB219E1B7467D1B76AF83BFE02B4CFF21A4C92086A5D9CA2C981D7C4C413D59106B8A84BE65E933FCD13C58372A14B4FFE66AB43BE8CE0BB856D1675EE49AA2E5619B65D0E7ADD2AE2CD12FD8942D65A567E37FB633DB495703D5F3A4AB61AFCC35E893264B91FFBA2F2DA82276EE5F6&amp;p_error_code=&amp;p_submit_url=https%3A%2F%2Flogin-pre.sge%2Fsso%2Fauth&amp;p_cancel_url=https%3A%2F%2Fpreproduccion.sge&amp;ssousername=&amp;subscribername=</url>
</httpSample>
<httpSample t="218" lt="0" ts="1298632005953" s="true" lb="/gepa/ResultadoBusquedaAction.do" rc="200" by="4972">
  <responseHeader class="java.lang.String">HTTP/1.0 200 OK
Date: Fri, 25 Feb 2011 11:06:46 GMT
Server: Oracle-Application-Server-10g/10.1.2.2.0 Oracle-HTTP-Server
Content-Length: 4972
Set-Cookie: JSESSIONID=e7e4206636a92471b81b2a116fb1b15a8d6b2258ca0e429d95c621e4112c8b32.e38Ob3aOaheRe34Mb3qSax0Pahz0nR9Pq6XteP93; path=/login
Content-Type: text/html; charset=ISO-8859-1
</responseHeader>
  <requestHeader class="java.lang.String">Accept-Language: es-ES
Accept: image/jpeg, application/x-ms-application, image/gif, application/xaml+xml, image/pjpeg, application/x-ms-xbap, application/vnd.ms-powerpoint, application/vnd.ms-excel, application/msword, */*
User-Agent: Mozilla/4.0 (compatible; MSIE 7.0; Windows NT 6.1; Trident/4.0; SLCC2; .NET CLR 2.0.50727; .NET CLR 3.5.30729; .NET CLR 3.0.30729; Media Center PC 6.0; MDDS; .NET4.0C)
Accept-Encoding: gzip, deflate
Referer: http://picasso:8888/gepa/BusquedaAction.do
</requestHeader>
  <cookies class="java.lang.String"></cookies>
  <method class="java.lang.String">GET</method>
  <queryString class="java.lang.String"></queryString>
  <redirectLocation class="java.lang.String">https://login-pre.sge/pls/orasso/orasso.wwsso_app_admin.ls_login?Site2pstoreToken=v1.4~CEF0A91F~7D44F0B97887F2347104D07BCDB722E69462C53EEAF7972EE6419BCA5A3A1D9EA448D895F45167D2F7BFAA7940D1388406CDB4024A651D68881BF469CA1A7F950D488BC63A8F1ABFE28B324A0F7B3A72EF715298D6CA6F05D939CD91EBBB40AA6956C24B4BEF3181950F677DBB57762304BBB7765C5B493390556DA22F5DE03F3003881C42641D5CC8A2B99C29BF38422838DE5B3FE0AF880416668C2ECC5E8C44427EB9AC6967B017A1D7DE7A5BF451A138375C655C5619DD6142F254355C3D5DC84927C94F1DA2541DA5B178B7E6A970DA2FB3FDEDBA7D58AD874922D9C9B57A37DB3B7A843F99216BA59CF59A880CF5235D4B579CF48C</redirectLocation>
  <url>https://preproduccion.sge/login/login.jsp?site2pstoretoken=v1.4~CEF0A91F~7D44F0B97887F2347104D07BCDB722E69462C53EEAF7972EE6419BCA5A3A1D9EA448D895F45167D2F7BFAA7940D1388406CDB4024A651D68881BF469CA1A7F950D488BC63A8F1ABFE28B324A0F7B3A72EF715298D6CA6F05D939CD91EBBB40AA6956C24B4BEF3181950F677DBB57762304BBB7765C5B493390556DA22F5DE03F3003881C42641D5CC8A2B99C29BF38422838DE5B3FE0AF880416668C2ECC5E8C44427EB9AC6967B017A1D7DE7A5BF451A138375C655C5619DD6142F254355C3D5DC84927C94F1DA2541DA5B178B7E6A970DA2FB3FDEDBA7D58AD874922D9C9B57A37DB3B7A843F99216BA59CF59A880CF5235D4B579CF48C&amp;p_error_code=&amp;p_submit_url=https%3A%2F%2Flogin-pre.sge%2Fsso%2Fauth&amp;p_cancel_url=https%3A%2F%2Fpreproduccion.sge&amp;ssousername=&amp;subscribername=</url>
</httpSample>
<httpSample t="188" lt="0" ts="1298632006171" s="true" lb="/gepa/scripts/scriptaculous/scriptaculous.js" rc="200" by="5068">
  <responseHeader class="java.lang.String">HTTP/1.0 200 OK
Date: Fri, 25 Feb 2011 11:06:46 GMT
Server: Oracle-Application-Server-10g/10.1.2.2.0 Oracle-HTTP-Server
Content-Length: 5068
Set-Cookie: JSESSIONID=dbff3b9efe71d7e88d80c664e7900944dd982e9d147a850a4d5f87f6cb5e8d5b.e3eSbhiLaNyPe3yNbNyQc3qSai1BqBjKpPXxqAa; path=/login
Content-Type: text/html; charset=ISO-8859-1
</responseHeader>
  <requestHeader class="java.lang.String">Accept-Language: es-ES
Accept: */*
User-Agent: Mozilla/4.0 (compatible; MSIE 7.0; Windows NT 6.1; Trident/4.0; SLCC2; .NET CLR 2.0.50727; .NET CLR 3.5.30729; .NET CLR 3.0.30729; Media Center PC 6.0; MDDS; .NET4.0C)
Accept-Encoding: gzip, deflate
Referer: http://picasso:8888/gepa/ResultadoBusquedaAction.do?accion=gestionExp&amp;indice=0
</requestHeader>
  <cookies class="java.lang.String"></cookies>
  <method class="java.lang.String">GET</method>
  <queryString class="java.lang.String"></queryString>
  <redirectLocation class="java.lang.String">https://login-pre.sge/pls/orasso/orasso.wwsso_app_admin.ls_login?Site2pstoreToken=v1.4~CEF0A91F~DDEE876FA788BEA45E1C4AF7A3E727233B909442677DEED9775CFD4862CA75CF4EE53C86AAF3420C5BEF54A3B63649D36DA20EFFB67FCC66FC5F017A3935899BE2E965E7D158182BAEE118F9AF6DD7204DC46080B5A585183BF094921E3454A823CDDA0E99757F50F067D7E0943FD61546296BFB3294EB99B7C42158765D9C6A7C9E93F48E9E92ED41E8991B22E11CF92709FBC06FD8B7626DE26605D5434E5B8D6DF7E31D1787CD124C53CFD529A4F420541021A802A1960EA2F8239DC68D88DA862F879AE5F710398D4BDCDF32DED4410906FA195B6EFCF2E351202971484117D6924195D401922A6E75F20CB076B39E529A7D97C1F4866097FE64CA890683E89D1757EE9BA9F3391307CDE98FCC6A</redirectLocation>
  <url>https://preproduccion.sge/login/login.jsp?site2pstoretoken=v1.4~CEF0A91F~DDEE876FA788BEA45E1C4AF7A3E727233B909442677DEED9775CFD4862CA75CF4EE53C86AAF3420C5BEF54A3B63649D36DA20EFFB67FCC66FC5F017A3935899BE2E965E7D158182BAEE118F9AF6DD7204DC46080B5A585183BF094921E3454A823CDDA0E99757F50F067D7E0943FD61546296BFB3294EB99B7C42158765D9C6A7C9E93F48E9E92ED41E8991B22E11CF92709FBC06FD8B7626DE26605D5434E5B8D6DF7E31D1787CD124C53CFD529A4F420541021A802A1960EA2F8239DC68D88DA862F879AE5F710398D4BDCDF32DED4410906FA195B6EFCF2E351202971484117D6924195D401922A6E75F20CB076B39E529A7D97C1F4866097FE64CA890683E89D1757EE9BA9F3391307CDE98FCC6A&amp;p_error_code=&amp;p_submit_url=https%3A%2F%2Flogin-pre.sge%2Fsso%2Fauth&amp;p_cancel_url=https%3A%2F%2Fpreproduccion.sge&amp;ssousername=&amp;subscribername=</url>
</httpSample>
<httpSample t="187" lt="0" ts="1298632006359" s="true" lb="/gepa/ConexionAction.do" rc="200" by="5420">
  <responseHeader class="java.lang.String">HTTP/1.0 200 OK
Date: Fri, 25 Feb 2011 11:06:46 GMT
Server: Oracle-Application-Server-10g/10.1.2.2.0 Oracle-HTTP-Server
Content-Length: 5420
Set-Cookie: JSESSIONID=dc545f77926f94f6804032f6f353f08669be1c8904148fffa507436ad06d9881.e38Ob3aOaheRe34Mb3qSax0Pahz0nR9Pq6XteP93; path=/login
Content-Type: text/html; charset=ISO-8859-1
</responseHeader>
  <requestHeader class="java.lang.String">Accept-Language: es
Accept: */*
User-Agent: Mozilla/4.0 (compatible; MSIE 7.0; Windows NT 6.1; Trident/4.0; SLCC2; .NET CLR 2.0.50727; .NET CLR 3.5.30729; .NET CLR 3.0.30729; Media Center PC 6.0; MDDS; .NET4.0C)
Accept-Encoding: gzip, deflate
</requestHeader>
  <cookies class="java.lang.String"></cookies>
  <method class="java.lang.String">GET</method>
  <queryString class="java.lang.String"></queryString>
  <redirectLocation class="java.lang.String">https://login-pre.sge/pls/orasso/orasso.wwsso_app_admin.ls_login?Site2pstoreToken=v1.4~CEF0A91F~DDEE876FA788BEA45E1C4AF7A3E727233B909442677DEED9775CFD4862CA75CF4EE53C86AAF3420C5BEF54A3B63649D36DA20EFFB67FCC66FC5F017A3935899BE2E965E7D158182BAEE118F9AF6DD7204DC46080B5A585183BF094921E3454A8B860E64E97A7ABFE59BD80680F1ADC93FF7E9D2B10C8EE5BC25E0D4FEB910B451CF863E4B2666D878FD93808806A1926A3CD73F791F527C0388E81AE1EE92EBD081EC098190140DFCC8C0C2F617987B34D567BA1C574A37E6A9538F6BEED9C6144801DCA3356F84428028F7F8FE8BB865BDA56C9D085179B653521835DF01677934F03768944F5B05B18BED1F734962753F0123BA2B12BA8D8680561F88B7F4368CDF30AE9AB1E4255B19D0B59CD7965E5FF84F372BE167377E386E333B9FC7D045A6ED7A4F63B09CFE16E497B79C628EFC84531B73185B42C4A1B7D990BFF93D9902D23BC3E80A0B593B077402308D826882A66CFC1D2F6ED2C102EE502D9D1F0BDFB720D0CF2DE</redirectLocation>
  <url>https://preproduccion.sge/login/login.jsp?site2pstoretoken=v1.4~CEF0A91F~DDEE876FA788BEA45E1C4AF7A3E727233B909442677DEED9775CFD4862CA75CF4EE53C86AAF3420C5BEF54A3B63649D36DA20EFFB67FCC66FC5F017A3935899BE2E965E7D158182BAEE118F9AF6DD7204DC46080B5A585183BF094921E3454A8B860E64E97A7ABFE59BD80680F1ADC93FF7E9D2B10C8EE5BC25E0D4FEB910B451CF863E4B2666D878FD93808806A1926A3CD73F791F527C0388E81AE1EE92EBD081EC098190140DFCC8C0C2F617987B34D567BA1C574A37E6A9538F6BEED9C6144801DCA3356F84428028F7F8FE8BB865BDA56C9D085179B653521835DF01677934F03768944F5B05B18BED1F734962753F0123BA2B12BA8D8680561F88B7F4368CDF30AE9AB1E4255B19D0B59CD7965E5FF84F372BE167377E386E333B9FC7D045A6ED7A4F63B09CFE16E497B79C628EFC84531B73185B42C4A1B7D990BFF93D9902D23BC3E80A0B593B077402308D826882A66CFC1D2F6ED2C102EE502D9D1F0BDFB720D0CF2DE&amp;p_error_code=&amp;p_submit_url=https%3A%2F%2Flogin-pre.sge%2Fsso%2Fauth&amp;p_cancel_url=https%3A%2F%2Fpreproduccion.sge&amp;ssousername=&amp;subscribername=</url>
</httpSample>
<httpSample t="235" lt="0" ts="1298632006546" s="true" lb="/gepa/scripts/scriptaculous/scriptaculous.js" rc="200" by="5068">
  <responseHeader class="java.lang.String">HTTP/1.0 200 OK
Date: Fri, 25 Feb 2011 11:06:46 GMT
Server: Oracle-Application-Server-10g/10.1.2.2.0 Oracle-HTTP-Server
Content-Length: 5068
Set-Cookie: JSESSIONID=2b725282a32d29cdcf886a27183660ce877356c5a430edb314f1c1a7ab3fa53d.e3eSbhiLaNyPe3yNbNyQc3qSai1BqBjKpPXxqAa; path=/login
Content-Type: text/html; charset=ISO-8859-1
</responseHeader>
  <requestHeader class="java.lang.String">Accept-Language: es-ES
Accept: */*
User-Agent: Mozilla/4.0 (compatible; MSIE 7.0; Windows NT 6.1; Trident/4.0; SLCC2; .NET CLR 2.0.50727; .NET CLR 3.5.30729; .NET CLR 3.0.30729; Media Center PC 6.0; MDDS; .NET4.0C)
Accept-Encoding: gzip, deflate
Referer: http://picasso:8888/gepa/ConexionAction.do?POSTDATA=variosPerfiles=true&amp;accion=iniciar&amp;codigoEntidad=DYS&amp;codigo=jcnegredo&amp;contrasenya=dysmatica&amp;rolSeleccionado=25
</requestHeader>
  <cookies class="java.lang.String"></cookies>
  <method class="java.lang.String">GET</method>
  <queryString class="java.lang.String"></queryString>
  <redirectLocation class="java.lang.String">https://login-pre.sge/pls/orasso/orasso.wwsso_app_admin.ls_login?Site2pstoreToken=v1.4~CEF0A91F~DDEE876FA788BEA45E1C4AF7A3E727233B909442677DEED9775CFD4862CA75CF4EE53C86AAF3420C5BEF54A3B63649D36DA20EFFB67FCC66FC5F017A3935899BE2E965E7D158182BAEE118F9AF6DD7204DC46080B5A585183BF094921E3454A823CDDA0E99757F50F067D7E0943FD61546296BFB3294EB99B7C42158765D9C6A7C9E93F48E9E92ED41E8991B22E11CF92709FBC06FD8B7626DE26605D5434E5B8D6DF7E31D1787CD124C53CFD529A4F420541021A802A1960EA2F8239DC68D88DA862F879AE5F710398D4BDCDF32DED4410906FA195B6EFCF2E351202971484117D6924195D401922A6E75F20CB076B39E529A7D97C1F4866097FE64CA890683E89D1757EE9BA9F3391307CDE98FCC6A</redirectLocation>
  <url>https://preproduccion.sge/login/login.jsp?site2pstoretoken=v1.4~CEF0A91F~DDEE876FA788BEA45E1C4AF7A3E727233B909442677DEED9775CFD4862CA75CF4EE53C86AAF3420C5BEF54A3B63649D36DA20EFFB67FCC66FC5F017A3935899BE2E965E7D158182BAEE118F9AF6DD7204DC46080B5A585183BF094921E3454A823CDDA0E99757F50F067D7E0943FD61546296BFB3294EB99B7C42158765D9C6A7C9E93F48E9E92ED41E8991B22E11CF92709FBC06FD8B7626DE26605D5434E5B8D6DF7E31D1787CD124C53CFD529A4F420541021A802A1960EA2F8239DC68D88DA862F879AE5F710398D4BDCDF32DED4410906FA195B6EFCF2E351202971484117D6924195D401922A6E75F20CB076B39E529A7D97C1F4866097FE64CA890683E89D1757EE9BA9F3391307CDE98FCC6A&amp;p_error_code=&amp;p_submit_url=https%3A%2F%2Flogin-pre.sge%2Fsso%2Fauth&amp;p_cancel_url=https%3A%2F%2Fpreproduccion.sge&amp;ssousername=&amp;subscribername=</url>
</httpSample>
<httpSample t="15" lt="15" ts="1298632006781" s="false" lb="/gepa/ConexionAction.do;jsessionid=eb634fe5b58b0bcb96508261e275709f9c8e236e3e15aeb347f0741aac2dda55" rc="500" by="778">
  <responseHeader class="java.lang.String">HTTP/1.0 500 Internal Server Error
Date: Fri, 25 Feb 2011 11:06:46 GMT
Server: Oracle-Application-Server-10g/10.1.2.2.0 Oracle-HTTP-Server
Content-Type: text/html; charset=iso-8859-1
</responseHeader>
  <requestHeader class="java.lang.String">Content-Type: application/x-www-form-urlencoded
Accept-Language: es-ES
Accept: image/jpeg, application/x-ms-application, image/gif, application/xaml+xml, image/pjpeg, application/x-ms-xbap, application/vnd.ms-powerpoint, application/vnd.ms-excel, application/msword, */*
User-Agent: Mozilla/4.0 (compatible; MSIE 7.0; Windows NT 6.1; Trident/4.0; SLCC2; .NET CLR 2.0.50727; .NET CLR 3.5.30729; .NET CLR 3.0.30729; Media Center PC 6.0; MDDS; .NET4.0C)
Accept-Encoding: gzip, deflate
Referer: http://picasso:8888/gepa/ConexionAction.do?POSTDATA=variosPerfiles=true&amp;accion=iniciar&amp;codigoEntidad=DYS&amp;codigo=jcnegredo&amp;contrasenya=dysmatica&amp;rolSeleccionado=25
Pragma: no-cache
</requestHeader>
  <cookies class="java.lang.String"></cookies>
  <method class="java.lang.String">POST</method>
  <queryString class="java.lang.String">variosPerfiles=true&amp;accion=seleccionarPerfil&amp;codigoEntidad=DYS&amp;rolSeleccionado=25</queryString>
  <url>https://preproduccion.sge:443/gepa/ConexionAction.do;jsessionid=eb634fe5b58b0bcb96508261e275709f9c8e236e3e15aeb347f0741aac2dda55</url>
</httpSample>
<httpSample t="188" lt="0" ts="1298632006796" s="true" lb="/gepa/scripts/scriptaculous/scriptaculous.js" rc="200" by="5068">
  <responseHeader class="java.lang.String">HTTP/1.0 200 OK
Date: Fri, 25 Feb 2011 11:06:46 GMT
Server: Oracle-Application-Server-10g/10.1.2.2.0 Oracle-HTTP-Server
Content-Length: 5068
Set-Cookie: JSESSIONID=024e1adb21d6cacc71950211efc364d0d7e8965f3803bd4875549b6b3d2c02a7.e3eSbhiLaNyPe3yNbNyQc3qSai1BqBjKpPXxqAa; path=/login
Content-Type: text/html; charset=ISO-8859-1
</responseHeader>
  <requestHeader class="java.lang.String">Accept-Language: es-ES
Accept: */*
User-Agent: Mozilla/4.0 (compatible; MSIE 7.0; Windows NT 6.1; Trident/4.0; SLCC2; .NET CLR 2.0.50727; .NET CLR 3.5.30729; .NET CLR 3.0.30729; Media Center PC 6.0; MDDS; .NET4.0C)
Accept-Encoding: gzip, deflate
Referer: http://picasso:8888/gepa/ConexionAction.do;jsessionid=eb634fe5b58b0bcb96508261e275709f9c8e236e3e15aeb347f0741aac2dda55
</requestHeader>
  <cookies class="java.lang.String"></cookies>
  <method class="java.lang.String">GET</method>
  <queryString class="java.lang.String"></queryString>
  <redirectLocation class="java.lang.String">https://login-pre.sge/pls/orasso/orasso.wwsso_app_admin.ls_login?Site2pstoreToken=v1.4~CEF0A91F~DDEE876FA788BEA45E1C4AF7A3E727233B909442677DEED9775CFD4862CA75CF4EE53C86AAF3420C5BEF54A3B63649D36DA20EFFB67FCC66FC5F017A3935899BE2E965E7D158182BAEE118F9AF6DD7204DC46080B5A585183BF094921E3454A823CDDA0E99757F50F067D7E0943FD61546296BFB3294EB99B7C42158765D9C6A7C9E93F48E9E92ED41E8991B22E11CF92709FBC06FD8B7626DE26605D5434E5B8D6DF7E31D1787CD124C53CFD529A4F420541021A802A1960EA2F8239DC68D88DA862F879AE5F710398D4BDCDF32DED4410906FA195B6EFCF2E351202971484117D6924195D401922A6E75F20CB076B39E529A7D97C1F4866097FE64CA890683E89D1757EE9BA9F3391307CDE98FCC6A</redirectLocation>
  <url>https://preproduccion.sge/login/login.jsp?site2pstoretoken=v1.4~CEF0A91F~DDEE876FA788BEA45E1C4AF7A3E727233B909442677DEED9775CFD4862CA75CF4EE53C86AAF3420C5BEF54A3B63649D36DA20EFFB67FCC66FC5F017A3935899BE2E965E7D158182BAEE118F9AF6DD7204DC46080B5A585183BF094921E3454A823CDDA0E99757F50F067D7E0943FD61546296BFB3294EB99B7C42158765D9C6A7C9E93F48E9E92ED41E8991B22E11CF92709FBC06FD8B7626DE26605D5434E5B8D6DF7E31D1787CD124C53CFD529A4F420541021A802A1960EA2F8239DC68D88DA862F879AE5F710398D4BDCDF32DED4410906FA195B6EFCF2E351202971484117D6924195D401922A6E75F20CB076B39E529A7D97C1F4866097FE64CA890683E89D1757EE9BA9F3391307CDE98FCC6A&amp;p_error_code=&amp;p_submit_url=https%3A%2F%2Flogin-pre.sge%2Fsso%2Fauth&amp;p_cancel_url=https%3A%2F%2Fpreproduccion.sge&amp;ssousername=&amp;subscribername=</url>
</httpSample>
<httpSample t="15" lt="15" ts="1298632007000" s="false" lb="/gepa/BusquedaAction.do" rc="500" by="778">
  <responseHeader class="java.lang.String">HTTP/1.0 500 Internal Server Error
Date: Fri, 25 Feb 2011 11:06:47 GMT
Server: Oracle-Application-Server-10g/10.1.2.2.0 Oracle-HTTP-Server
Content-Type: text/html; charset=iso-8859-1
</responseHeader>
  <requestHeader class="java.lang.String">Content-Type: application/x-www-form-urlencoded
Accept-Language: es-ES
Accept: image/jpeg, application/x-ms-application, image/gif, application/xaml+xml, image/pjpeg, application/x-ms-xbap, application/vnd.ms-powerpoint, application/vnd.ms-excel, application/msword, */*
User-Agent: Mozilla/4.0 (compatible; MSIE 7.0; Windows NT 6.1; Trident/4.0; SLCC2; .NET CLR 2.0.50727; .NET CLR 3.5.30729; .NET CLR 3.0.30729; Media Center PC 6.0; MDDS; .NET4.0C)
Accept-Encoding: gzip, deflate
Referer: http://picasso:8888/gepa/ConexionAction.do;jsessionid=eb634fe5b58b0bcb96508261e275709f9c8e236e3e15aeb347f0741aac2dda55
Pragma: no-cache
</requestHeader>
  <cookies class="java.lang.String"></cookies>
  <method class="java.lang.String">POST</method>
  <queryString class="java.lang.String">accion=buscar&amp;modo=rapida&amp;avanzadaDesplegada=false&amp;descElemPesado=&amp;identificacionRapida=&amp;nombreRapida=&amp;apellido1Rapida=&amp;apellido2Rapida=&amp;anyoRapida=&amp;numeroRapida=&amp;desdeRapida=&amp;hastaRapida=&amp;tramiteRapida=-1&amp;estadoRapida=-1&amp;idBusqueda=-1&amp;idClases=26&amp;metaTipo0=STRING&amp;metaTipo1=STRING&amp;metaTipo2=LISTA&amp;metaTipo3=STRING&amp;metaTipo4=LISTA_PESADA&amp;metaTipo5=STRING&amp;metaTipo6=LISTA&amp;metaTipo7=STRING&amp;metaTipo8=STRING&amp;metaTipo9=STRING&amp;metaTipo10=STRING&amp;metaTipo11=STRING&amp;metaTipo12=STRING&amp;metaTipo13=LISTA&amp;metaTipo14=STRING&amp;metaTipo15=TIMESTAMP&amp;metaTipo16=TIMESTAMP&amp;metaTipo17=TIMESTAMP&amp;metaTipo18=LISTA&amp;metaTipo19=LISTA_PESADA&amp;metaTipo20=STRING&amp;metaTipo21=STRING&amp;metaTipo22=STRING&amp;metaTipo23=STRING&amp;metaTipo24=STRING&amp;metaTipo25=LISTA_PESADA&amp;metaTipo26=LISTA&amp;metaTipo27=STRING&amp;metaTipo28=LISTA&amp;metaTipo29=STRING&amp;metaTipo30=STRING&amp;metaTipo31=INTEGER&amp;metaTipo32=STRING&amp;metaTipo33=STRING&amp;metaTipo34=STRING&amp;metaTipo35=LISTA&amp;metaTipo36=LISTA&amp;metaTipo37=LISTA&amp;metaTipo38=STRING&amp;metaTipo39=SEPARADOR&amp;metaTipo40=BOOLEAN&amp;metaTipo41=STRING&amp;metaTipo42=STRING&amp;metaTipo43=STRING&amp;metaTipo44=LISTA&amp;metaTipo45=BOOLEAN&amp;metaTipo46=BOOLEAN&amp;metaTipo47=BOOLEAN&amp;metaTipo48=STRING&amp;metaTipo49=TIMESTAMP&amp;metaTipo50=TIMESTAMP&amp;metaTipo51=TIMESTAMP&amp;metaTipo52=TIMESTAMP&amp;metaTipo53=TIMESTAMP&amp;metaTipo54=TIMESTAMP&amp;metaTipo55=TIMESTAMP&amp;metaTipo56=TIMESTAMP&amp;metaTipo57=TIMESTAMP&amp;metaTipo58=TIMESTAMP&amp;metaTipo59=TIMESTAMP&amp;metaTipo60=TIMESTAMP&amp;metaTipo61=TIMESTAMP&amp;metaTipo62=TIMESTAMP&amp;metaTipo63=TIMESTAMP&amp;metaTipo64=LISTA&amp;metaTipo65=LISTA&amp;metaTipo66=LISTA&amp;metaTipo67=DOUBLE&amp;metaTipo68=DOUBLE&amp;metaTipo69=DOUBLE&amp;metaTipo70=DOUBLE&amp;metaTipo71=DOUBLE&amp;metaTipo72=DOUBLE&amp;metaTipo73=DOUBLE&amp;metaTipo74=BOOLEAN&amp;metaTipo75=LISTA&amp;metaTipo76=STRING&amp;metaTipo77=STRING&amp;metaTipo78=STRING&amp;metaTipo79=STRING&amp;metaTipo80=STRING&amp;metaTipo81=STRING&amp;metaTipo82=STRING&amp;metaTipo83=BOOLEAN&amp;metaTipo84=BOOLEAN&amp;metaTipo85=STRING&amp;metaTipo86=LISTA&amp;metaTipo87=LISTA&amp;metaTipo88=LISTA_PESADA&amp;metaTipo89=LISTA&amp;metaTipo90=LISTA&amp;metaTipo91=STRING&amp;metaTipo92=LISTA&amp;metaTipo93=STRING&amp;metaTipo94=STRING&amp;metaTipo95=LISTA&amp;metaTipo96=LISTA&amp;metaTipo97=LISTA&amp;metaTipo98=BOOLEAN&amp;metaTipo99=LISTA&amp;metaTipo100=BOOLEAN&amp;metaTipo101=LISTA&amp;metaTipo102=LISTA&amp;metaTipo103=BOOLEAN&amp;metaTipo104=BOOLEAN&amp;metaTipo105=LISTA&amp;metaTipo106=LISTA&amp;metaTipo107=LISTA&amp;metaTipo108=LISTA&amp;metaTipo109=LISTA&amp;metaTipo110=STRING&amp;metaTipo111=LISTA&amp;valor=&amp;valorPesado=&amp;lista37=-1&amp;lista36=-1&amp;lista35=-1&amp;lista99=-1&amp;lista109=-1&amp;lista66=-1&amp;lista98=-1&amp;lista108=-1&amp;lista65=-1&amp;lista97=-1&amp;lista107=-1&amp;lista64=-1&amp;lista96=-1&amp;lista106=-1&amp;lista95=-1&amp;lista105=-1&amp;lista104=-1&amp;lista92=-1&amp;lista103=-1&amp;lista102=-1&amp;lista90=-1&amp;lista101=-1&amp;lista100=-1&amp;lista28=-1&amp;lista26=-1&amp;lista89=-1&amp;lista87=-1&amp;lista86=-1&amp;lista6=-1&amp;lista84=-1&amp;lista83=-1&amp;lista2=-1&amp;lista18=-1&amp;lista47=-1&amp;lista46=-1&amp;lista13=-1&amp;lista45=-1&amp;lista44=-1&amp;lista75=-1&amp;lista74=-1&amp;lista40=-1&amp;lista111=-1</queryString>
  <url>https://preproduccion.sge:443/gepa/BusquedaAction.do</url>
</httpSample>
<httpSample t="188" lt="0" ts="1298632007015" s="true" lb="/gepa/scripts/scriptaculous/scriptaculous.js" rc="200" by="5100">
  <responseHeader class="java.lang.String">HTTP/1.0 200 OK
Date: Fri, 25 Feb 2011 11:06:47 GMT
Server: Oracle-Application-Server-10g/10.1.2.2.0 Oracle-HTTP-Server
Content-Length: 5100
Set-Cookie: JSESSIONID=9689784ad1ad81ffe36e76165eecc3d9b216fff6eda7f08210eb213ca78c987c.e38Ob3aOaheRe34Mb3qSax0Pahz0nR9Pq6XteP93; path=/login
Content-Type: text/html; charset=ISO-8859-1
</responseHeader>
  <requestHeader class="java.lang.String">Accept-Language: es-ES
Accept: */*
User-Agent: Mozilla/4.0 (compatible; MSIE 7.0; Windows NT 6.1; Trident/4.0; SLCC2; .NET CLR 2.0.50727; .NET CLR 3.5.30729; .NET CLR 3.0.30729; Media Center PC 6.0; MDDS; .NET4.0C)
Accept-Encoding: gzip, deflate
Referer: http://picasso:8888/gepa/BusquedaAction.do
</requestHeader>
  <cookies class="java.lang.String"></cookies>
  <method class="java.lang.String">GET</method>
  <queryString class="java.lang.String"></queryString>
  <redirectLocation class="java.lang.String">https://login-pre.sge/pls/orasso/orasso.wwsso_app_admin.ls_login?Site2pstoreToken=v1.4~CEF0A91F~20CF65C569A1C404AC64A9244FE0623EBA8AF0E76DED1023E3F58F19B425AAE3C319DD6B35132D543033DDD8452F01C0034600F995C2D2B29E0842ADF8BB228CB6B457E739C987F9F890EB8DE9D33408FB1DB7F8BA15F03EF4C420387A3B478ED89938708D2B6B41539BA985ADAF3603D870F2B66B1A6FD23CBDA90FA1D383E91EF9E984487DA956834710A6767EC26D2FA859DD8EDB95507C47AFE107EF31224F49672A14A036805DD12427A8CAFF63E3BB21639B6C21EE2726CE71D01CE17388624024449FAF8E8B0DC845960A3B7210E8EFEED448B39CDD179EB94A45474F33B4E2A81F09A24595D7A9097237523E37DAEA1080F03A0D188D982D9B7D7BC8AE2D440780FB8430809CDECA1B4B71573A2515E49F1FAA2E</redirectLocation>
  <url>https://preproduccion.sge/login/login.jsp?site2pstoretoken=v1.4~CEF0A91F~20CF65C569A1C404AC64A9244FE0623EBA8AF0E76DED1023E3F58F19B425AAE3C319DD6B35132D543033DDD8452F01C0034600F995C2D2B29E0842ADF8BB228CB6B457E739C987F9F890EB8DE9D33408FB1DB7F8BA15F03EF4C420387A3B478ED89938708D2B6B41539BA985ADAF3603D870F2B66B1A6FD23CBDA90FA1D383E91EF9E984487DA956834710A6767EC26D2FA859DD8EDB95507C47AFE107EF31224F49672A14A036805DD12427A8CAFF63E3BB21639B6C21EE2726CE71D01CE17388624024449FAF8E8B0DC845960A3B7210E8EFEED448B39CDD179EB94A45474F33B4E2A81F09A24595D7A9097237523E37DAEA1080F03A0D188D982D9B7D7BC8AE2D440780FB8430809CDECA1B4B71573A2515E49F1FAA2E&amp;p_error_code=&amp;p_submit_url=https%3A%2F%2Flogin-pre.sge%2Fsso%2Fauth&amp;p_cancel_url=https%3A%2F%2Fpreproduccion.sge&amp;ssousername=&amp;subscribername=</url>
</httpSample>
<httpSample t="187" lt="0" ts="1298632007203" s="true" lb="/gepa/ResultadoBusquedaAction.do" rc="200" by="5004">
  <responseHeader class="java.lang.String">HTTP/1.0 200 OK
Date: Fri, 25 Feb 2011 11:06:47 GMT
Server: Oracle-Application-Server-10g/10.1.2.2.0 Oracle-HTTP-Server
Content-Length: 5004
Set-Cookie: JSESSIONID=f2888c1829f95da66737bcef7f3f8c62273abc39f87584c1fcefc8f71a879c8c.e3eSbhiLaNyPe3yNbNyQc3qSai1BqBjKpPXxqAa; path=/login
Content-Type: text/html; charset=ISO-8859-1
</responseHeader>
  <requestHeader class="java.lang.String">Accept-Language: es-ES
Accept: image/jpeg, application/x-ms-application, image/gif, application/xaml+xml, image/pjpeg, application/x-ms-xbap, application/vnd.ms-powerpoint, application/vnd.ms-excel, application/msword, */*
User-Agent: Mozilla/4.0 (compatible; MSIE 7.0; Windows NT 6.1; Trident/4.0; SLCC2; .NET CLR 2.0.50727; .NET CLR 3.5.30729; .NET CLR 3.0.30729; Media Center PC 6.0; MDDS; .NET4.0C)
Accept-Encoding: gzip, deflate
Referer: http://picasso:8888/gepa/BusquedaAction.do
</requestHeader>
  <cookies class="java.lang.String"></cookies>
  <method class="java.lang.String">GET</method>
  <queryString class="java.lang.String"></queryString>
  <redirectLocation class="java.lang.String">https://login-pre.sge/pls/orasso/orasso.wwsso_app_admin.ls_login?Site2pstoreToken=v1.4~CEF0A91F~20CF65C569A1C404AC64A9244FE0623EBA8AF0E76DED1023E3F58F19B425AAE3C319DD6B35132D543033DDD8452F01C0034600F995C2D2B29E0842ADF8BB228CB6B457E739C987F9F890EB8DE9D33408FB1DB7F8BA15F03EF4C420387A3B478ED508979B9823861862DC3123B8CDBCB70636B06898E102CACDF75F851B33FAB18C61469478D9681D8E996D1BD3391468FF2E024BD7953527A5B9102FDE6332C3CAF67FC021613DD69470BF1C74E74339C37E11272965BDC45CFC51CB1262D4C54B1EA804704E07C5C4A919813FEB8479B36F1755976621429CF420A832BE5951A31238A25E469DA7D7AB129BEA2C187DD7986C75308A1C7169DD93E6282E7007</redirectLocation>
  <url>https://preproduccion.sge/login/login.jsp?site2pstoretoken=v1.4~CEF0A91F~20CF65C569A1C404AC64A9244FE0623EBA8AF0E76DED1023E3F58F19B425AAE3C319DD6B35132D543033DDD8452F01C0034600F995C2D2B29E0842ADF8BB228CB6B457E739C987F9F890EB8DE9D33408FB1DB7F8BA15F03EF4C420387A3B478ED508979B9823861862DC3123B8CDBCB70636B06898E102CACDF75F851B33FAB18C61469478D9681D8E996D1BD3391468FF2E024BD7953527A5B9102FDE6332C3CAF67FC021613DD69470BF1C74E74339C37E11272965BDC45CFC51CB1262D4C54B1EA804704E07C5C4A919813FEB8479B36F1755976621429CF420A832BE5951A31238A25E469DA7D7AB129BEA2C187DD7986C75308A1C7169DD93E6282E7007&amp;p_error_code=&amp;p_submit_url=https%3A%2F%2Flogin-pre.sge%2Fsso%2Fauth&amp;p_cancel_url=https%3A%2F%2Fpreproduccion.sge&amp;ssousername=&amp;subscribername=</url>
</httpSample>
<httpSample t="188" lt="0" ts="1298632007390" s="true" lb="/gepa/scripts/scriptaculous/scriptaculous.js" rc="200" by="5100">
  <responseHeader class="java.lang.String">HTTP/1.0 200 OK
Date: Fri, 25 Feb 2011 11:06:47 GMT
Server: Oracle-Application-Server-10g/10.1.2.2.0 Oracle-HTTP-Server
Content-Length: 5100
Set-Cookie: JSESSIONID=072cce89fe0fa89e210c35afacc3456f102b281b25c95f766f52f1bdc3270d6f.e38Ob3aOaheRe34Mb3qSax0Pahz0nR9Pq6XteP93; path=/login
Content-Type: text/html; charset=ISO-8859-1
</responseHeader>
  <requestHeader class="java.lang.String">Accept-Language: es-ES
Accept: */*
User-Agent: Mozilla/4.0 (compatible; MSIE 7.0; Windows NT 6.1; Trident/4.0; SLCC2; .NET CLR 2.0.50727; .NET CLR 3.5.30729; .NET CLR 3.0.30729; Media Center PC 6.0; MDDS; .NET4.0C)
Accept-Encoding: gzip, deflate
Referer: http://picasso:8888/gepa/ResultadoBusquedaAction.do?accion=gestionExp&amp;indice=0
</requestHeader>
  <cookies class="java.lang.String"></cookies>
  <method class="java.lang.String">GET</method>
  <queryString class="java.lang.String"></queryString>
  <redirectLocation class="java.lang.String">https://login-pre.sge/pls/orasso/orasso.wwsso_app_admin.ls_login?Site2pstoreToken=v1.4~CEF0A91F~20CF65C569A1C404AC64A9244FE0623EBA8AF0E76DED1023E3F58F19B425AAE3C319DD6B35132D543033DDD8452F01C0034600F995C2D2B29E0842ADF8BB228CB6B457E739C987F9F890EB8DE9D33408FB1DB7F8BA15F03EF4C420387A3B478ED89938708D2B6B41539BA985ADAF3603D870F2B66B1A6FD23CBDA90FA1D383E91EF9E984487DA956834710A6767EC26D2FA859DD8EDB95507C47AFE107EF31224F49672A14A036805DD12427A8CAFF63E3BB21639B6C21EE2726CE71D01CE17388624024449FAF8E8B0DC845960A3B7210E8EFEED448B39CDD179EB94A45474F33B4E2A81F09A24595D7A9097237523E37DAEA1080F03A0D188D982D9B7D7BC8AE2D440780FB8430809CDECA1B4B71573A2515E49F1FAA2E</redirectLocation>
  <url>https://preproduccion.sge/login/login.jsp?site2pstoretoken=v1.4~CEF0A91F~20CF65C569A1C404AC64A9244FE0623EBA8AF0E76DED1023E3F58F19B425AAE3C319DD6B35132D543033DDD8452F01C0034600F995C2D2B29E0842ADF8BB228CB6B457E739C987F9F890EB8DE9D33408FB1DB7F8BA15F03EF4C420387A3B478ED89938708D2B6B41539BA985ADAF3603D870F2B66B1A6FD23CBDA90FA1D383E91EF9E984487DA956834710A6767EC26D2FA859DD8EDB95507C47AFE107EF31224F49672A14A036805DD12427A8CAFF63E3BB21639B6C21EE2726CE71D01CE17388624024449FAF8E8B0DC845960A3B7210E8EFEED448B39CDD179EB94A45474F33B4E2A81F09A24595D7A9097237523E37DAEA1080F03A0D188D982D9B7D7BC8AE2D440780FB8430809CDECA1B4B71573A2515E49F1FAA2E&amp;p_error_code=&amp;p_submit_url=https%3A%2F%2Flogin-pre.sge%2Fsso%2Fauth&amp;p_cancel_url=https%3A%2F%2Fpreproduccion.sge&amp;ssousername=&amp;subscribername=</url>
</httpSample>
<httpSample t="172" lt="0" ts="1298632007593" s="true" lb="/gepa/ConexionAction.do" rc="200" by="5420">
  <responseHeader class="java.lang.String">HTTP/1.0 200 OK
Date: Fri, 25 Feb 2011 11:06:47 GMT
Server: Oracle-Application-Server-10g/10.1.2.2.0 Oracle-HTTP-Server
Content-Length: 5420
Set-Cookie: JSESSIONID=f44d570bfd4a81cc2fd8eb03d63e5395269c794102391321a85885bcb8a064e1.e3eSbhiLaNyPe3yNbNyQc3qSai1BqBjKpPXxqAa; path=/login
Content-Type: text/html; charset=ISO-8859-1
</responseHeader>
  <requestHeader class="java.lang.String">Accept-Language: es
Accept: */*
User-Agent: Mozilla/4.0 (compatible; MSIE 7.0; Windows NT 6.1; Trident/4.0; SLCC2; .NET CLR 2.0.50727; .NET CLR 3.5.30729; .NET CLR 3.0.30729; Media Center PC 6.0; MDDS; .NET4.0C)
Accept-Encoding: gzip, deflate
</requestHeader>
  <cookies class="java.lang.String"></cookies>
  <method class="java.lang.String">GET</method>
  <queryString class="java.lang.String"></queryString>
  <redirectLocation class="java.lang.String">https://login-pre.sge/pls/orasso/orasso.wwsso_app_admin.ls_login?Site2pstoreToken=v1.4~CEF0A91F~20CF65C569A1C404AC64A9244FE0623EBA8AF0E76DED1023E3F58F19B425AAE3C319DD6B35132D543033DDD8452F01C0034600F995C2D2B29E0842ADF8BB228CB6B457E739C987F9F890EB8DE9D33408FB1DB7F8BA15F03EF4C420387A3B478EB46D5615AF8809BEF04A2225F12233492559B183AA26CDCF1800D2C050B3F3A9FA33AB04ECFEF347A4DD33DA2F62A9D1C67B19E5A0EDD42AF47B0D45DA44A5D404ECCE4E49E93FF531434DEB215ED4557FC700F38A7ECAE93112124BE1E8BD2D73899D6EBB3BD5F18BDC68AE4770B0C0873C658AD3A2F6F7EDF5A0504949F3F491FCE28D4F84C96EF2F9B4448595A27C8081F0A4ECD7D604AC8BEEC4B6FB9BCB815AF505A023D195C1E726A789F3A6B17EF7D3DF51B081F26D246DD17605BA44CE499AE7D9FB48C8811DB9A980ACE0EF4027C73EBC14C4C941BB79E7002C67E92086D6A9B2BDD9CA8AC613200FE806FBD491CE873B16FE13021C39C2E82844E7A6F9DDF366B3DDAA</redirectLocation>
  <url>https://preproduccion.sge/login/login.jsp?site2pstoretoken=v1.4~CEF0A91F~20CF65C569A1C404AC64A9244FE0623EBA8AF0E76DED1023E3F58F19B425AAE3C319DD6B35132D543033DDD8452F01C0034600F995C2D2B29E0842ADF8BB228CB6B457E739C987F9F890EB8DE9D33408FB1DB7F8BA15F03EF4C420387A3B478EB46D5615AF8809BEF04A2225F12233492559B183AA26CDCF1800D2C050B3F3A9FA33AB04ECFEF347A4DD33DA2F62A9D1C67B19E5A0EDD42AF47B0D45DA44A5D404ECCE4E49E93FF531434DEB215ED4557FC700F38A7ECAE93112124BE1E8BD2D73899D6EBB3BD5F18BDC68AE4770B0C0873C658AD3A2F6F7EDF5A0504949F3F491FCE28D4F84C96EF2F9B4448595A27C8081F0A4ECD7D604AC8BEEC4B6FB9BCB815AF505A023D195C1E726A789F3A6B17EF7D3DF51B081F26D246DD17605BA44CE499AE7D9FB48C8811DB9A980ACE0EF4027C73EBC14C4C941BB79E7002C67E92086D6A9B2BDD9CA8AC613200FE806FBD491CE873B16FE13021C39C2E82844E7A6F9DDF366B3DDAA&amp;p_error_code=&amp;p_submit_url=https%3A%2F%2Flogin-pre.sge%2Fsso%2Fauth&amp;p_cancel_url=https%3A%2F%2Fpreproduccion.sge&amp;ssousername=&amp;subscribername=</url>
</httpSample>
<httpSample t="188" lt="0" ts="1298632007765" s="true" lb="/gepa/scripts/scriptaculous/scriptaculous.js" rc="200" by="5100">
  <responseHeader class="java.lang.String">HTTP/1.0 200 OK
Date: Fri, 25 Feb 2011 11:06:47 GMT
Server: Oracle-Application-Server-10g/10.1.2.2.0 Oracle-HTTP-Server
Content-Length: 5100
Set-Cookie: JSESSIONID=1850d1e1c5ae0bd3c5b7f4f52954d4f5b3af7c8fd20ac42708f834055298a351.e38Ob3aOaheRe34Mb3qSax0Pahz0nR9Pq6XteP93; path=/login
Content-Type: text/html; charset=ISO-8859-1
</responseHeader>
  <requestHeader class="java.lang.String">Accept-Language: es-ES
Accept: */*
User-Agent: Mozilla/4.0 (compatible; MSIE 7.0; Windows NT 6.1; Trident/4.0; SLCC2; .NET CLR 2.0.50727; .NET CLR 3.5.30729; .NET CLR 3.0.30729; Media Center PC 6.0; MDDS; .NET4.0C)
Accept-Encoding: gzip, deflate
Referer: http://picasso:8888/gepa/ConexionAction.do?POSTDATA=variosPerfiles=true&amp;accion=iniciar&amp;codigoEntidad=DYS&amp;codigo=jcnegredo&amp;contrasenya=dysmatica&amp;rolSeleccionado=25
</requestHeader>
  <cookies class="java.lang.String"></cookies>
  <method class="java.lang.String">GET</method>
  <queryString class="java.lang.String"></queryString>
  <redirectLocation class="java.lang.String">https://login-pre.sge/pls/orasso/orasso.wwsso_app_admin.ls_login?Site2pstoreToken=v1.4~CEF0A91F~20CF65C569A1C404AC64A9244FE0623EBA8AF0E76DED1023E3F58F19B425AAE3C319DD6B35132D543033DDD8452F01C0034600F995C2D2B29E0842ADF8BB228CB6B457E739C987F9F890EB8DE9D33408FB1DB7F8BA15F03EF4C420387A3B478ED89938708D2B6B41539BA985ADAF3603D870F2B66B1A6FD23CBDA90FA1D383E91EF9E984487DA956834710A6767EC26D2FA859DD8EDB95507C47AFE107EF31224F49672A14A036805DD12427A8CAFF63E3BB21639B6C21EE2726CE71D01CE17388624024449FAF8E8B0DC845960A3B7210E8EFEED448B39CDD179EB94A45474F33B4E2A81F09A24595D7A9097237523E37DAEA1080F03A0D188D982D9B7D7BC8AE2D440780FB8430809CDECA1B4B71573A2515E49F1FAA2E</redirectLocation>
  <url>https://preproduccion.sge/login/login.jsp?site2pstoretoken=v1.4~CEF0A91F~20CF65C569A1C404AC64A9244FE0623EBA8AF0E76DED1023E3F58F19B425AAE3C319DD6B35132D543033DDD8452F01C0034600F995C2D2B29E0842ADF8BB228CB6B457E739C987F9F890EB8DE9D33408FB1DB7F8BA15F03EF4C420387A3B478ED89938708D2B6B41539BA985ADAF3603D870F2B66B1A6FD23CBDA90FA1D383E91EF9E984487DA956834710A6767EC26D2FA859DD8EDB95507C47AFE107EF31224F49672A14A036805DD12427A8CAFF63E3BB21639B6C21EE2726CE71D01CE17388624024449FAF8E8B0DC845960A3B7210E8EFEED448B39CDD179EB94A45474F33B4E2A81F09A24595D7A9097237523E37DAEA1080F03A0D188D982D9B7D7BC8AE2D440780FB8430809CDECA1B4B71573A2515E49F1FAA2E&amp;p_error_code=&amp;p_submit_url=https%3A%2F%2Flogin-pre.sge%2Fsso%2Fauth&amp;p_cancel_url=https%3A%2F%2Fpreproduccion.sge&amp;ssousername=&amp;subscribername=</url>
</httpSample>
<httpSample t="15" lt="15" ts="1298632007953" s="false" lb="/gepa/ConexionAction.do;jsessionid=eb634fe5b58b0bcb96508261e275709f9c8e236e3e15aeb347f0741aac2dda55" rc="500" by="778">
  <responseHeader class="java.lang.String">HTTP/1.0 500 Internal Server Error
Date: Fri, 25 Feb 2011 11:06:47 GMT
Server: Oracle-Application-Server-10g/10.1.2.2.0 Oracle-HTTP-Server
Content-Type: text/html; charset=iso-8859-1
</responseHeader>
  <requestHeader class="java.lang.String">Content-Type: application/x-www-form-urlencoded
Accept-Language: es-ES
Accept: image/jpeg, application/x-ms-application, image/gif, application/xaml+xml, image/pjpeg, application/x-ms-xbap, application/vnd.ms-powerpoint, application/vnd.ms-excel, application/msword, */*
User-Agent: Mozilla/4.0 (compatible; MSIE 7.0; Windows NT 6.1; Trident/4.0; SLCC2; .NET CLR 2.0.50727; .NET CLR 3.5.30729; .NET CLR 3.0.30729; Media Center PC 6.0; MDDS; .NET4.0C)
Accept-Encoding: gzip, deflate
Referer: http://picasso:8888/gepa/ConexionAction.do?POSTDATA=variosPerfiles=true&amp;accion=iniciar&amp;codigoEntidad=DYS&amp;codigo=jcnegredo&amp;contrasenya=dysmatica&amp;rolSeleccionado=25
Pragma: no-cache
</requestHeader>
  <cookies class="java.lang.String"></cookies>
  <method class="java.lang.String">POST</method>
  <queryString class="java.lang.String">variosPerfiles=true&amp;accion=seleccionarPerfil&amp;codigoEntidad=DYS&amp;rolSeleccionado=25</queryString>
  <url>https://preproduccion.sge:443/gepa/ConexionAction.do;jsessionid=eb634fe5b58b0bcb96508261e275709f9c8e236e3e15aeb347f0741aac2dda55</url>
</httpSample>
<httpSample t="203" lt="0" ts="1298632007968" s="true" lb="/gepa/scripts/scriptaculous/scriptaculous.js" rc="200" by="5100">
  <responseHeader class="java.lang.String">HTTP/1.0 200 OK
Date: Fri, 25 Feb 2011 11:06:48 GMT
Server: Oracle-Application-Server-10g/10.1.2.2.0 Oracle-HTTP-Server
Content-Length: 5100
Set-Cookie: JSESSIONID=4c98b6408492c454f7cae9be902a701ec73a1076db3bae63fbe41b1a69cb4053.e38Ob3aOaheRe34Mb3qSax0Pahz0nR9Pq6XteP93; path=/login
Content-Type: text/html; charset=ISO-8859-1
</responseHeader>
  <requestHeader class="java.lang.String">Accept-Language: es-ES
Accept: */*
User-Agent: Mozilla/4.0 (compatible; MSIE 7.0; Windows NT 6.1; Trident/4.0; SLCC2; .NET CLR 2.0.50727; .NET CLR 3.5.30729; .NET CLR 3.0.30729; Media Center PC 6.0; MDDS; .NET4.0C)
Accept-Encoding: gzip, deflate
Referer: http://picasso:8888/gepa/ConexionAction.do;jsessionid=eb634fe5b58b0bcb96508261e275709f9c8e236e3e15aeb347f0741aac2dda55
</requestHeader>
  <cookies class="java.lang.String"></cookies>
  <method class="java.lang.String">GET</method>
  <queryString class="java.lang.String"></queryString>
  <redirectLocation class="java.lang.String">https://login-pre.sge/pls/orasso/orasso.wwsso_app_admin.ls_login?Site2pstoreToken=v1.4~CEF0A91F~20CF65C569A1C404AC64A9244FE0623EBA8AF0E76DED1023E3F58F19B425AAE3C319DD6B35132D543033DDD8452F01C0034600F995C2D2B29E0842ADF8BB228CB6B457E739C987F9F890EB8DE9D33408FB1DB7F8BA15F03EF4C420387A3B478ED89938708D2B6B41539BA985ADAF3603D870F2B66B1A6FD23CBDA90FA1D383E91EF9E984487DA956834710A6767EC26D2FA859DD8EDB95507C47AFE107EF31224F49672A14A036805DD12427A8CAFF63E3BB21639B6C21EE2726CE71D01CE17388624024449FAF8E8B0DC845960A3B7210E8EFEED448B39CDD179EB94A45474F33B4E2A81F09A24595D7A9097237523E37DAEA1080F03A0D188D982D9B7D7BC8AE2D440780FB8430809CDECA1B4B71573A2515E49F1FAA2E</redirectLocation>
  <url>https://preproduccion.sge/login/login.jsp?site2pstoretoken=v1.4~CEF0A91F~20CF65C569A1C404AC64A9244FE0623EBA8AF0E76DED1023E3F58F19B425AAE3C319DD6B35132D543033DDD8452F01C0034600F995C2D2B29E0842ADF8BB228CB6B457E739C987F9F890EB8DE9D33408FB1DB7F8BA15F03EF4C420387A3B478ED89938708D2B6B41539BA985ADAF3603D870F2B66B1A6FD23CBDA90FA1D383E91EF9E984487DA956834710A6767EC26D2FA859DD8EDB95507C47AFE107EF31224F49672A14A036805DD12427A8CAFF63E3BB21639B6C21EE2726CE71D01CE17388624024449FAF8E8B0DC845960A3B7210E8EFEED448B39CDD179EB94A45474F33B4E2A81F09A24595D7A9097237523E37DAEA1080F03A0D188D982D9B7D7BC8AE2D440780FB8430809CDECA1B4B71573A2515E49F1FAA2E&amp;p_error_code=&amp;p_submit_url=https%3A%2F%2Flogin-pre.sge%2Fsso%2Fauth&amp;p_cancel_url=https%3A%2F%2Fpreproduccion.sge&amp;ssousername=&amp;subscribername=</url>
</httpSample>
<httpSample t="16" lt="16" ts="1298632008171" s="false" lb="/gepa/BusquedaAction.do" rc="500" by="778">
  <responseHeader class="java.lang.String">HTTP/1.0 500 Internal Server Error
Date: Fri, 25 Feb 2011 11:06:48 GMT
Server: Oracle-Application-Server-10g/10.1.2.2.0 Oracle-HTTP-Server
Content-Type: text/html; charset=iso-8859-1
</responseHeader>
  <requestHeader class="java.lang.String">Content-Type: application/x-www-form-urlencoded
Accept-Language: es-ES
Accept: image/jpeg, application/x-ms-application, image/gif, application/xaml+xml, image/pjpeg, application/x-ms-xbap, application/vnd.ms-powerpoint, application/vnd.ms-excel, application/msword, */*
User-Agent: Mozilla/4.0 (compatible; MSIE 7.0; Windows NT 6.1; Trident/4.0; SLCC2; .NET CLR 2.0.50727; .NET CLR 3.5.30729; .NET CLR 3.0.30729; Media Center PC 6.0; MDDS; .NET4.0C)
Accept-Encoding: gzip, deflate
Referer: http://picasso:8888/gepa/ConexionAction.do;jsessionid=eb634fe5b58b0bcb96508261e275709f9c8e236e3e15aeb347f0741aac2dda55
Pragma: no-cache
</requestHeader>
  <cookies class="java.lang.String"></cookies>
  <method class="java.lang.String">POST</method>
  <queryString class="java.lang.String">accion=buscar&amp;modo=rapida&amp;avanzadaDesplegada=false&amp;descElemPesado=&amp;identificacionRapida=&amp;nombreRapida=&amp;apellido1Rapida=&amp;apellido2Rapida=&amp;anyoRapida=&amp;numeroRapida=&amp;desdeRapida=&amp;hastaRapida=&amp;tramiteRapida=-1&amp;estadoRapida=-1&amp;idBusqueda=-1&amp;idClases=26&amp;metaTipo0=STRING&amp;metaTipo1=STRING&amp;metaTipo2=LISTA&amp;metaTipo3=STRING&amp;metaTipo4=LISTA_PESADA&amp;metaTipo5=STRING&amp;metaTipo6=LISTA&amp;metaTipo7=STRING&amp;metaTipo8=STRING&amp;metaTipo9=STRING&amp;metaTipo10=STRING&amp;metaTipo11=STRING&amp;metaTipo12=STRING&amp;metaTipo13=LISTA&amp;metaTipo14=STRING&amp;metaTipo15=TIMESTAMP&amp;metaTipo16=TIMESTAMP&amp;metaTipo17=TIMESTAMP&amp;metaTipo18=LISTA&amp;metaTipo19=LISTA_PESADA&amp;metaTipo20=STRING&amp;metaTipo21=STRING&amp;metaTipo22=STRING&amp;metaTipo23=STRING&amp;metaTipo24=STRING&amp;metaTipo25=LISTA_PESADA&amp;metaTipo26=LISTA&amp;metaTipo27=STRING&amp;metaTipo28=LISTA&amp;metaTipo29=STRING&amp;metaTipo30=STRING&amp;metaTipo31=INTEGER&amp;metaTipo32=STRING&amp;metaTipo33=STRING&amp;metaTipo34=STRING&amp;metaTipo35=LISTA&amp;metaTipo36=LISTA&amp;metaTipo37=LISTA&amp;metaTipo38=STRING&amp;metaTipo39=SEPARADOR&amp;metaTipo40=BOOLEAN&amp;metaTipo41=STRING&amp;metaTipo42=STRING&amp;metaTipo43=STRING&amp;metaTipo44=LISTA&amp;metaTipo45=BOOLEAN&amp;metaTipo46=BOOLEAN&amp;metaTipo47=BOOLEAN&amp;metaTipo48=STRING&amp;metaTipo49=TIMESTAMP&amp;metaTipo50=TIMESTAMP&amp;metaTipo51=TIMESTAMP&amp;metaTipo52=TIMESTAMP&amp;metaTipo53=TIMESTAMP&amp;metaTipo54=TIMESTAMP&amp;metaTipo55=TIMESTAMP&amp;metaTipo56=TIMESTAMP&amp;metaTipo57=TIMESTAMP&amp;metaTipo58=TIMESTAMP&amp;metaTipo59=TIMESTAMP&amp;metaTipo60=TIMESTAMP&amp;metaTipo61=TIMESTAMP&amp;metaTipo62=TIMESTAMP&amp;metaTipo63=TIMESTAMP&amp;metaTipo64=LISTA&amp;metaTipo65=LISTA&amp;metaTipo66=LISTA&amp;metaTipo67=DOUBLE&amp;metaTipo68=DOUBLE&amp;metaTipo69=DOUBLE&amp;metaTipo70=DOUBLE&amp;metaTipo71=DOUBLE&amp;metaTipo72=DOUBLE&amp;metaTipo73=DOUBLE&amp;metaTipo74=BOOLEAN&amp;metaTipo75=LISTA&amp;metaTipo76=STRING&amp;metaTipo77=STRING&amp;metaTipo78=STRING&amp;metaTipo79=STRING&amp;metaTipo80=STRING&amp;metaTipo81=STRING&amp;metaTipo82=STRING&amp;metaTipo83=BOOLEAN&amp;metaTipo84=BOOLEAN&amp;metaTipo85=STRING&amp;metaTipo86=LISTA&amp;metaTipo87=LISTA&amp;metaTipo88=LISTA_PESADA&amp;metaTipo89=LISTA&amp;metaTipo90=LISTA&amp;metaTipo91=STRING&amp;metaTipo92=LISTA&amp;metaTipo93=STRING&amp;metaTipo94=STRING&amp;metaTipo95=LISTA&amp;metaTipo96=LISTA&amp;metaTipo97=LISTA&amp;metaTipo98=BOOLEAN&amp;metaTipo99=LISTA&amp;metaTipo100=BOOLEAN&amp;metaTipo101=LISTA&amp;metaTipo102=LISTA&amp;metaTipo103=BOOLEAN&amp;metaTipo104=BOOLEAN&amp;metaTipo105=LISTA&amp;metaTipo106=LISTA&amp;metaTipo107=LISTA&amp;metaTipo108=LISTA&amp;metaTipo109=LISTA&amp;metaTipo110=STRING&amp;metaTipo111=LISTA&amp;valor=&amp;valorPesado=&amp;lista37=-1&amp;lista36=-1&amp;lista35=-1&amp;lista99=-1&amp;lista109=-1&amp;lista66=-1&amp;lista98=-1&amp;lista108=-1&amp;lista65=-1&amp;lista97=-1&amp;lista107=-1&amp;lista64=-1&amp;lista96=-1&amp;lista106=-1&amp;lista95=-1&amp;lista105=-1&amp;lista104=-1&amp;lista92=-1&amp;lista103=-1&amp;lista102=-1&amp;lista90=-1&amp;lista101=-1&amp;lista100=-1&amp;lista28=-1&amp;lista26=-1&amp;lista89=-1&amp;lista87=-1&amp;lista86=-1&amp;lista6=-1&amp;lista84=-1&amp;lista83=-1&amp;lista2=-1&amp;lista18=-1&amp;lista47=-1&amp;lista46=-1&amp;lista13=-1&amp;lista45=-1&amp;lista44=-1&amp;lista75=-1&amp;lista74=-1&amp;lista40=-1&amp;lista111=-1</queryString>
  <url>https://preproduccion.sge:443/gepa/BusquedaAction.do</url>
</httpSample>
<httpSample t="188" lt="0" ts="1298632008187" s="true" lb="/gepa/scripts/scriptaculous/scriptaculous.js" rc="200" by="5068">
  <responseHeader class="java.lang.String">HTTP/1.0 200 OK
Date: Fri, 25 Feb 2011 11:06:48 GMT
Server: Oracle-Application-Server-10g/10.1.2.2.0 Oracle-HTTP-Server
Content-Length: 5068
Set-Cookie: JSESSIONID=71783935eb362adc6a96bcb00cf985f9c2982ca889eaaedc60237beef3f83e88.e3eSbhiLaNyPe3yNbNyQc3qSai1BqBjKpPXxqAa; path=/login
Content-Type: text/html; charset=ISO-8859-1
</responseHeader>
  <requestHeader class="java.lang.String">Accept-Language: es-ES
Accept: */*
User-Agent: Mozilla/4.0 (compatible; MSIE 7.0; Windows NT 6.1; Trident/4.0; SLCC2; .NET CLR 2.0.50727; .NET CLR 3.5.30729; .NET CLR 3.0.30729; Media Center PC 6.0; MDDS; .NET4.0C)
Accept-Encoding: gzip, deflate
Referer: http://picasso:8888/gepa/BusquedaAction.do
</requestHeader>
  <cookies class="java.lang.String"></cookies>
  <method class="java.lang.String">GET</method>
  <queryString class="java.lang.String"></queryString>
  <redirectLocation class="java.lang.String">https://login-pre.sge/pls/orasso/orasso.wwsso_app_admin.ls_login?Site2pstoreToken=v1.4~CEF0A91F~6C93D1DEAD7CD1E448FF21FB37446A61DB1203DDBD329F68D1F4324323B25E958372FFC443B44596597891BE704084C17D515F1556151FE64B5AE0057E4DB0D04570D31DD7F188E5F30920EC25DACB4140E1C70583DD8CAD8425732EF03FD7471190741415BD31DFBA057487EA387344C9F0B9DE2741C66AD4FA803A5B1493951816FCFA1927B8FCD09A947F189DB06DE51D097C15284530EDF004590EEE8DAF7B6A645B2B9ADF7514573C4A4B7E376FC1266E65C47B20B561B4158B44508C94BC51A3C61B9BA20DEE48D23F89E9A4937362756542F2AC7A7DF9258B3519EB590EEB7F5C29954531EEDA7053AF6EA7FF3A680FC5579E4D34C8F21EAFDE69C698EACF0EC5FCF72B072990AF128E05031F</redirectLocation>
  <url>https://preproduccion.sge/login/login.jsp?site2pstoretoken=v1.4~CEF0A91F~6C93D1DEAD7CD1E448FF21FB37446A61DB1203DDBD329F68D1F4324323B25E958372FFC443B44596597891BE704084C17D515F1556151FE64B5AE0057E4DB0D04570D31DD7F188E5F30920EC25DACB4140E1C70583DD8CAD8425732EF03FD7471190741415BD31DFBA057487EA387344C9F0B9DE2741C66AD4FA803A5B1493951816FCFA1927B8FCD09A947F189DB06DE51D097C15284530EDF004590EEE8DAF7B6A645B2B9ADF7514573C4A4B7E376FC1266E65C47B20B561B4158B44508C94BC51A3C61B9BA20DEE48D23F89E9A4937362756542F2AC7A7DF9258B3519EB590EEB7F5C29954531EEDA7053AF6EA7FF3A680FC5579E4D34C8F21EAFDE69C698EACF0EC5FCF72B072990AF128E05031F&amp;p_error_code=&amp;p_submit_url=https%3A%2F%2Flogin-pre.sge%2Fsso%2Fauth&amp;p_cancel_url=https%3A%2F%2Fpreproduccion.sge&amp;ssousername=&amp;subscribername=</url>
</httpSample>
<httpSample t="188" lt="0" ts="1298632008390" s="true" lb="/gepa/ResultadoBusquedaAction.do" rc="200" by="4972">
  <responseHeader class="java.lang.String">HTTP/1.0 200 OK
Date: Fri, 25 Feb 2011 11:06:48 GMT
Server: Oracle-Application-Server-10g/10.1.2.2.0 Oracle-HTTP-Server
Content-Length: 4972
Set-Cookie: JSESSIONID=c4aa196a4b98aa67bf2605753bb4c4adf15d95a8ea0810188bd7d5d9c53917df.e38Ob3aOaheRe34Mb3qSax0Pahz0nR9Pq6XteP93; path=/login
Content-Type: text/html; charset=ISO-8859-1
</responseHeader>
  <requestHeader class="java.lang.String">Accept-Language: es-ES
Accept: image/jpeg, application/x-ms-application, image/gif, application/xaml+xml, image/pjpeg, application/x-ms-xbap, application/vnd.ms-powerpoint, application/vnd.ms-excel, application/msword, */*
User-Agent: Mozilla/4.0 (compatible; MSIE 7.0; Windows NT 6.1; Trident/4.0; SLCC2; .NET CLR 2.0.50727; .NET CLR 3.5.30729; .NET CLR 3.0.30729; Media Center PC 6.0; MDDS; .NET4.0C)
Accept-Encoding: gzip, deflate
Referer: http://picasso:8888/gepa/BusquedaAction.do
</requestHeader>
  <cookies class="java.lang.String"></cookies>
  <method class="java.lang.String">GET</method>
  <queryString class="java.lang.String"></queryString>
  <redirectLocation class="java.lang.String">https://login-pre.sge/pls/orasso/orasso.wwsso_app_admin.ls_login?Site2pstoreToken=v1.4~CEF0A91F~6C93D1DEAD7CD1E448FF21FB37446A61DB1203DDBD329F68D1F4324323B25E958372FFC443B44596597891BE704084C17D515F1556151FE64B5AE0057E4DB0D04570D31DD7F188E5F30920EC25DACB4140E1C70583DD8CAD8425732EF03FD747944367F401ECDCAEBFA4B2A2BEDC0E13D9F013092824A8C2C0FF82A4DD0FD9F0AD10B135608C42061FCFE43F1832BEC35C97470EFB1607A937C0E5EC125A8F19AAE9036470102A62F2CD04B7DB1FBF20A90A3FE6764F442E31917F5A7B0D5922B94CEC2CD29EBF10089FEEE3D20D82AC016504297116735855821151CC69BC83F4B961D9631E53D0DFD1B15194AABB432CA18EC81310BEEA</redirectLocation>
  <url>https://preproduccion.sge/login/login.jsp?site2pstoretoken=v1.4~CEF0A91F~6C93D1DEAD7CD1E448FF21FB37446A61DB1203DDBD329F68D1F4324323B25E958372FFC443B44596597891BE704084C17D515F1556151FE64B5AE0057E4DB0D04570D31DD7F188E5F30920EC25DACB4140E1C70583DD8CAD8425732EF03FD747944367F401ECDCAEBFA4B2A2BEDC0E13D9F013092824A8C2C0FF82A4DD0FD9F0AD10B135608C42061FCFE43F1832BEC35C97470EFB1607A937C0E5EC125A8F19AAE9036470102A62F2CD04B7DB1FBF20A90A3FE6764F442E31917F5A7B0D5922B94CEC2CD29EBF10089FEEE3D20D82AC016504297116735855821151CC69BC83F4B961D9631E53D0DFD1B15194AABB432CA18EC81310BEEA&amp;p_error_code=&amp;p_submit_url=https%3A%2F%2Flogin-pre.sge%2Fsso%2Fauth&amp;p_cancel_url=https%3A%2F%2Fpreproduccion.sge&amp;ssousername=&amp;subscribername=</url>
</httpSample>
<httpSample t="187" lt="0" ts="1298632008578" s="true" lb="/gepa/scripts/scriptaculous/scriptaculous.js" rc="200" by="5068">
  <responseHeader class="java.lang.String">HTTP/1.0 200 OK
Date: Fri, 25 Feb 2011 11:06:48 GMT
Server: Oracle-Application-Server-10g/10.1.2.2.0 Oracle-HTTP-Server
Content-Length: 5068
Set-Cookie: JSESSIONID=db890799279c4c5fd283fe6af3d0aefc477af1b265924694ed285fb406454043.e3eSbhiLaNyPe3yNbNyQc3qSai1BqBjKpPXxqAa; path=/login
Content-Type: text/html; charset=ISO-8859-1
</responseHeader>
  <requestHeader class="java.lang.String">Accept-Language: es-ES
Accept: */*
User-Agent: Mozilla/4.0 (compatible; MSIE 7.0; Windows NT 6.1; Trident/4.0; SLCC2; .NET CLR 2.0.50727; .NET CLR 3.5.30729; .NET CLR 3.0.30729; Media Center PC 6.0; MDDS; .NET4.0C)
Accept-Encoding: gzip, deflate
Referer: http://picasso:8888/gepa/ResultadoBusquedaAction.do?accion=gestionExp&amp;indice=0
</requestHeader>
  <cookies class="java.lang.String"></cookies>
  <method class="java.lang.String">GET</method>
  <queryString class="java.lang.String"></queryString>
  <redirectLocation class="java.lang.String">https://login-pre.sge/pls/orasso/orasso.wwsso_app_admin.ls_login?Site2pstoreToken=v1.4~CEF0A91F~6C93D1DEAD7CD1E448FF21FB37446A61DB1203DDBD329F68D1F4324323B25E958372FFC443B44596597891BE704084C17D515F1556151FE64B5AE0057E4DB0D04570D31DD7F188E5F30920EC25DACB4140E1C70583DD8CAD8425732EF03FD7471190741415BD31DFBA057487EA387344C9F0B9DE2741C66AD4FA803A5B1493951816FCFA1927B8FCD09A947F189DB06DE51D097C15284530EDF004590EEE8DAF7B6A645B2B9ADF7514573C4A4B7E376FC1266E65C47B20B561B4158B44508C94BC51A3C61B9BA20DEE48D23F89E9A4937362756542F2AC7A7DF9258B3519EB590EEB7F5C29954531EEDA7053AF6EA7FF3A680FC5579E4D34C8F21EAFDE69C698EACF0EC5FCF72B072990AF128E05031F</redirectLocation>
  <url>https://preproduccion.sge/login/login.jsp?site2pstoretoken=v1.4~CEF0A91F~6C93D1DEAD7CD1E448FF21FB37446A61DB1203DDBD329F68D1F4324323B25E958372FFC443B44596597891BE704084C17D515F1556151FE64B5AE0057E4DB0D04570D31DD7F188E5F30920EC25DACB4140E1C70583DD8CAD8425732EF03FD7471190741415BD31DFBA057487EA387344C9F0B9DE2741C66AD4FA803A5B1493951816FCFA1927B8FCD09A947F189DB06DE51D097C15284530EDF004590EEE8DAF7B6A645B2B9ADF7514573C4A4B7E376FC1266E65C47B20B561B4158B44508C94BC51A3C61B9BA20DEE48D23F89E9A4937362756542F2AC7A7DF9258B3519EB590EEB7F5C29954531EEDA7053AF6EA7FF3A680FC5579E4D34C8F21EAFDE69C698EACF0EC5FCF72B072990AF128E05031F&amp;p_error_code=&amp;p_submit_url=https%3A%2F%2Flogin-pre.sge%2Fsso%2Fauth&amp;p_cancel_url=https%3A%2F%2Fpreproduccion.sge&amp;ssousername=&amp;subscribername=</url>
</httpSample>
<httpSample t="188" lt="0" ts="1298632008765" s="true" lb="/gepa/ConexionAction.do" rc="200" by="5388">
  <responseHeader class="java.lang.String">HTTP/1.0 200 OK
Date: Fri, 25 Feb 2011 11:06:48 GMT
Server: Oracle-Application-Server-10g/10.1.2.2.0 Oracle-HTTP-Server
Content-Length: 5388
Set-Cookie: JSESSIONID=9e88d412916d71d3e3d582b7b066bc6d0455769686736c6bfbbbeb3ab7027145.e38Ob3aOaheRe34Mb3qSax0Pahz0nR9Pq6XteP93; path=/login
Content-Type: text/html; charset=ISO-8859-1
</responseHeader>
  <requestHeader class="java.lang.String">Accept-Language: es
Accept: */*
User-Agent: Mozilla/4.0 (compatible; MSIE 7.0; Windows NT 6.1; Trident/4.0; SLCC2; .NET CLR 2.0.50727; .NET CLR 3.5.30729; .NET CLR 3.0.30729; Media Center PC 6.0; MDDS; .NET4.0C)
Accept-Encoding: gzip, deflate
</requestHeader>
  <cookies class="java.lang.String"></cookies>
  <method class="java.lang.String">GET</method>
  <queryString class="java.lang.String"></queryString>
  <redirectLocation class="java.lang.String">https://login-pre.sge/pls/orasso/orasso.wwsso_app_admin.ls_login?Site2pstoreToken=v1.4~CEF0A91F~6C93D1DEAD7CD1E448FF21FB37446A61DB1203DDBD329F68D1F4324323B25E958372FFC443B44596597891BE704084C17D515F1556151FE64B5AE0057E4DB0D04570D31DD7F188E5F30920EC25DACB4140E1C70583DD8CAD8425732EF03FD7477F10A41AA949FC9D3071A160827EA3EA299F4E6F4181E89FDF2F4CCA9074E9BC9AC172BAE869EC7E78377C61F4978D0C46C51D96BD8DBABD9609255644A44C211E79663900CBBE2F35E4947FD24C7194AD32447EA746E097DBCB00BE132E84B16E3859754F0A08AE407F03116C09230757C4E6B1BA88773BBDB52DB938014C6D2F2B097C894C148EB57C0767FD9D8486F6C3724BA2AE374DE1DB47511ADE67C75AE1A85704E670D9077C433A69A3A2B4C01C3A93B5E0F98B87B1818A21CF82F5B9EA40DF7C389B27DB135DD546F5A17CD39694A5C1753C70C20AFD3B55EEFF3572F99AD542B305B5F0709F85E0E3E6A07018D669F32D8E7F9E1CE62B0A323961</redirectLocation>
  <url>https://preproduccion.sge/login/login.jsp?site2pstoretoken=v1.4~CEF0A91F~6C93D1DEAD7CD1E448FF21FB37446A61DB1203DDBD329F68D1F4324323B25E958372FFC443B44596597891BE704084C17D515F1556151FE64B5AE0057E4DB0D04570D31DD7F188E5F30920EC25DACB4140E1C70583DD8CAD8425732EF03FD7477F10A41AA949FC9D3071A160827EA3EA299F4E6F4181E89FDF2F4CCA9074E9BC9AC172BAE869EC7E78377C61F4978D0C46C51D96BD8DBABD9609255644A44C211E79663900CBBE2F35E4947FD24C7194AD32447EA746E097DBCB00BE132E84B16E3859754F0A08AE407F03116C09230757C4E6B1BA88773BBDB52DB938014C6D2F2B097C894C148EB57C0767FD9D8486F6C3724BA2AE374DE1DB47511ADE67C75AE1A85704E670D9077C433A69A3A2B4C01C3A93B5E0F98B87B1818A21CF82F5B9EA40DF7C389B27DB135DD546F5A17CD39694A5C1753C70C20AFD3B55EEFF3572F99AD542B305B5F0709F85E0E3E6A07018D669F32D8E7F9E1CE62B0A323961&amp;p_error_code=&amp;p_submit_url=https%3A%2F%2Flogin-pre.sge%2Fsso%2Fauth&amp;p_cancel_url=https%3A%2F%2Fpreproduccion.sge&amp;ssousername=&amp;subscribername=</url>
</httpSample>
<httpSample t="187" lt="0" ts="1298632008953" s="true" lb="/gepa/scripts/scriptaculous/scriptaculous.js" rc="200" by="5068">
  <responseHeader class="java.lang.String">HTTP/1.0 200 OK
Date: Fri, 25 Feb 2011 11:06:49 GMT
Server: Oracle-Application-Server-10g/10.1.2.2.0 Oracle-HTTP-Server
Content-Length: 5068
Set-Cookie: JSESSIONID=831615ba34d266f61c524293d710b75624e0e8db62f66406abc52315583a2abc.e3eSbhiLaNyPe3yNbNyQc3qSai1BqBjKpPXxqAa; path=/login
Content-Type: text/html; charset=ISO-8859-1
</responseHeader>
  <requestHeader class="java.lang.String">Accept-Language: es-ES
Accept: */*
User-Agent: Mozilla/4.0 (compatible; MSIE 7.0; Windows NT 6.1; Trident/4.0; SLCC2; .NET CLR 2.0.50727; .NET CLR 3.5.30729; .NET CLR 3.0.30729; Media Center PC 6.0; MDDS; .NET4.0C)
Accept-Encoding: gzip, deflate
Referer: http://picasso:8888/gepa/ConexionAction.do?POSTDATA=variosPerfiles=true&amp;accion=iniciar&amp;codigoEntidad=DYS&amp;codigo=jcnegredo&amp;contrasenya=dysmatica&amp;rolSeleccionado=25
</requestHeader>
  <cookies class="java.lang.String"></cookies>
  <method class="java.lang.String">GET</method>
  <queryString class="java.lang.String"></queryString>
  <redirectLocation class="java.lang.String">https://login-pre.sge/pls/orasso/orasso.wwsso_app_admin.ls_login?Site2pstoreToken=v1.4~CEF0A91F~6C93D1DEAD7CD1E448FF21FB37446A61DB1203DDBD329F68D1F4324323B25E958372FFC443B44596597891BE704084C17D515F1556151FE64B5AE0057E4DB0D04570D31DD7F188E5F30920EC25DACB4140E1C70583DD8CAD8425732EF03FD7471190741415BD31DFBA057487EA387344C9F0B9DE2741C66AD4FA803A5B1493951816FCFA1927B8FCD09A947F189DB06DE51D097C15284530EDF004590EEE8DAF7B6A645B2B9ADF7514573C4A4B7E376FC1266E65C47B20B561B4158B44508C94BC51A3C61B9BA20DEE48D23F89E9A4937362756542F2AC7A7DF9258B3519EB590EEB7F5C29954531EEDA7053AF6EA7FF3A680FC5579E4D34C8F21EAFDE69C698EACF0EC5FCF72B072990AF128E05031F</redirectLocation>
  <url>https://preproduccion.sge/login/login.jsp?site2pstoretoken=v1.4~CEF0A91F~6C93D1DEAD7CD1E448FF21FB37446A61DB1203DDBD329F68D1F4324323B25E958372FFC443B44596597891BE704084C17D515F1556151FE64B5AE0057E4DB0D04570D31DD7F188E5F30920EC25DACB4140E1C70583DD8CAD8425732EF03FD7471190741415BD31DFBA057487EA387344C9F0B9DE2741C66AD4FA803A5B1493951816FCFA1927B8FCD09A947F189DB06DE51D097C15284530EDF004590EEE8DAF7B6A645B2B9ADF7514573C4A4B7E376FC1266E65C47B20B561B4158B44508C94BC51A3C61B9BA20DEE48D23F89E9A4937362756542F2AC7A7DF9258B3519EB590EEB7F5C29954531EEDA7053AF6EA7FF3A680FC5579E4D34C8F21EAFDE69C698EACF0EC5FCF72B072990AF128E05031F&amp;p_error_code=&amp;p_submit_url=https%3A%2F%2Flogin-pre.sge%2Fsso%2Fauth&amp;p_cancel_url=https%3A%2F%2Fpreproduccion.sge&amp;ssousername=&amp;subscribername=</url>
</httpSample>
<httpSample t="31" lt="31" ts="1298632009140" s="false" lb="/gepa/ConexionAction.do;jsessionid=eb634fe5b58b0bcb96508261e275709f9c8e236e3e15aeb347f0741aac2dda55" rc="500" by="778">
  <responseHeader class="java.lang.String">HTTP/1.0 500 Internal Server Error
Date: Fri, 25 Feb 2011 11:06:49 GMT
Server: Oracle-Application-Server-10g/10.1.2.2.0 Oracle-HTTP-Server
Content-Type: text/html; charset=iso-8859-1
</responseHeader>
  <requestHeader class="java.lang.String">Content-Type: application/x-www-form-urlencoded
Accept-Language: es-ES
Accept: image/jpeg, application/x-ms-application, image/gif, application/xaml+xml, image/pjpeg, application/x-ms-xbap, application/vnd.ms-powerpoint, application/vnd.ms-excel, application/msword, */*
User-Agent: Mozilla/4.0 (compatible; MSIE 7.0; Windows NT 6.1; Trident/4.0; SLCC2; .NET CLR 2.0.50727; .NET CLR 3.5.30729; .NET CLR 3.0.30729; Media Center PC 6.0; MDDS; .NET4.0C)
Accept-Encoding: gzip, deflate
Referer: http://picasso:8888/gepa/ConexionAction.do?POSTDATA=variosPerfiles=true&amp;accion=iniciar&amp;codigoEntidad=DYS&amp;codigo=jcnegredo&amp;contrasenya=dysmatica&amp;rolSeleccionado=25
Pragma: no-cache
</requestHeader>
  <cookies class="java.lang.String"></cookies>
  <method class="java.lang.String">POST</method>
  <queryString class="java.lang.String">variosPerfiles=true&amp;accion=seleccionarPerfil&amp;codigoEntidad=DYS&amp;rolSeleccionado=25</queryString>
  <url>https://preproduccion.sge:443/gepa/ConexionAction.do;jsessionid=eb634fe5b58b0bcb96508261e275709f9c8e236e3e15aeb347f0741aac2dda55</url>
</httpSample>
<httpSample t="172" lt="0" ts="1298632009171" s="true" lb="/gepa/scripts/scriptaculous/scriptaculous.js" rc="200" by="5068">
  <responseHeader class="java.lang.String">HTTP/1.0 200 OK
Date: Fri, 25 Feb 2011 11:06:49 GMT
Server: Oracle-Application-Server-10g/10.1.2.2.0 Oracle-HTTP-Server
Content-Length: 5068
Set-Cookie: JSESSIONID=d227799dbf931362b59c7187e7c689af11a3403b01bea978923084163d22ade5.e3eSbhiLaNyPe3yNbNyQc3qSai1BqBjKpPXxqAa; path=/login
Content-Type: text/html; charset=ISO-8859-1
</responseHeader>
  <requestHeader class="java.lang.String">Accept-Language: es-ES
Accept: */*
User-Agent: Mozilla/4.0 (compatible; MSIE 7.0; Windows NT 6.1; Trident/4.0; SLCC2; .NET CLR 2.0.50727; .NET CLR 3.5.30729; .NET CLR 3.0.30729; Media Center PC 6.0; MDDS; .NET4.0C)
Accept-Encoding: gzip, deflate
Referer: http://picasso:8888/gepa/ConexionAction.do;jsessionid=eb634fe5b58b0bcb96508261e275709f9c8e236e3e15aeb347f0741aac2dda55
</requestHeader>
  <cookies class="java.lang.String"></cookies>
  <method class="java.lang.String">GET</method>
  <queryString class="java.lang.String"></queryString>
  <redirectLocation class="java.lang.String">https://login-pre.sge/pls/orasso/orasso.wwsso_app_admin.ls_login?Site2pstoreToken=v1.4~CEF0A91F~1C760E958C24913FC572187FDAFCC466FF4336ED4901D03A4700BC1E5AF9680C303FB7B91FC3619704BC85DEBC80BAA8681D5FEDFAD3E6158B7F922D66A01111447802B9D4962E484A3B1DD5C571A2604D770208A3EBB83770323D532B383E3F702934321D559A8114C148EB8E1E1303BBA1E381FEC138C9342F027EAFF61A7553AE13AEA84598058269C5F9DAEA13AB7448488DC73901398756D90C4D1CB9D102ECDCE03549513D8568BD0B751B2D0796AB52C0FC5027947ABC45819F032FE14E9D79366AFCCB0DC50DD1B1EE803B00F11C30E46500DFDFB9125D46EF40E6A10B7CCE35AED958B85B5BE95EC44CBDA820A55868C8E6FFBB71B737A86CD31983AB1117C079FB2AFE55811816B345A57F</redirectLocation>
  <url>https://preproduccion.sge/login/login.jsp?site2pstoretoken=v1.4~CEF0A91F~1C760E958C24913FC572187FDAFCC466FF4336ED4901D03A4700BC1E5AF9680C303FB7B91FC3619704BC85DEBC80BAA8681D5FEDFAD3E6158B7F922D66A01111447802B9D4962E484A3B1DD5C571A2604D770208A3EBB83770323D532B383E3F702934321D559A8114C148EB8E1E1303BBA1E381FEC138C9342F027EAFF61A7553AE13AEA84598058269C5F9DAEA13AB7448488DC73901398756D90C4D1CB9D102ECDCE03549513D8568BD0B751B2D0796AB52C0FC5027947ABC45819F032FE14E9D79366AFCCB0DC50DD1B1EE803B00F11C30E46500DFDFB9125D46EF40E6A10B7CCE35AED958B85B5BE95EC44CBDA820A55868C8E6FFBB71B737A86CD31983AB1117C079FB2AFE55811816B345A57F&amp;p_error_code=&amp;p_submit_url=https%3A%2F%2Flogin-pre.sge%2Fsso%2Fauth&amp;p_cancel_url=https%3A%2F%2Fpreproduccion.sge&amp;ssousername=&amp;subscribername=</url>
</httpSample>
<httpSample t="16" lt="16" ts="1298632009343" s="false" lb="/gepa/BusquedaAction.do" rc="500" by="778">
  <responseHeader class="java.lang.String">HTTP/1.0 500 Internal Server Error
Date: Fri, 25 Feb 2011 11:06:49 GMT
Server: Oracle-Application-Server-10g/10.1.2.2.0 Oracle-HTTP-Server
Content-Type: text/html; charset=iso-8859-1
</responseHeader>
  <requestHeader class="java.lang.String">Content-Type: application/x-www-form-urlencoded
Accept-Language: es-ES
Accept: image/jpeg, application/x-ms-application, image/gif, application/xaml+xml, image/pjpeg, application/x-ms-xbap, application/vnd.ms-powerpoint, application/vnd.ms-excel, application/msword, */*
User-Agent: Mozilla/4.0 (compatible; MSIE 7.0; Windows NT 6.1; Trident/4.0; SLCC2; .NET CLR 2.0.50727; .NET CLR 3.5.30729; .NET CLR 3.0.30729; Media Center PC 6.0; MDDS; .NET4.0C)
Accept-Encoding: gzip, deflate
Referer: http://picasso:8888/gepa/ConexionAction.do;jsessionid=eb634fe5b58b0bcb96508261e275709f9c8e236e3e15aeb347f0741aac2dda55
Pragma: no-cache
</requestHeader>
  <cookies class="java.lang.String"></cookies>
  <method class="java.lang.String">POST</method>
  <queryString class="java.lang.String">accion=buscar&amp;modo=rapida&amp;avanzadaDesplegada=false&amp;descElemPesado=&amp;identificacionRapida=&amp;nombreRapida=&amp;apellido1Rapida=&amp;apellido2Rapida=&amp;anyoRapida=&amp;numeroRapida=&amp;desdeRapida=&amp;hastaRapida=&amp;tramiteRapida=-1&amp;estadoRapida=-1&amp;idBusqueda=-1&amp;idClases=26&amp;metaTipo0=STRING&amp;metaTipo1=STRING&amp;metaTipo2=LISTA&amp;metaTipo3=STRING&amp;metaTipo4=LISTA_PESADA&amp;metaTipo5=STRING&amp;metaTipo6=LISTA&amp;metaTipo7=STRING&amp;metaTipo8=STRING&amp;metaTipo9=STRING&amp;metaTipo10=STRING&amp;metaTipo11=STRING&amp;metaTipo12=STRING&amp;metaTipo13=LISTA&amp;metaTipo14=STRING&amp;metaTipo15=TIMESTAMP&amp;metaTipo16=TIMESTAMP&amp;metaTipo17=TIMESTAMP&amp;metaTipo18=LISTA&amp;metaTipo19=LISTA_PESADA&amp;metaTipo20=STRING&amp;metaTipo21=STRING&amp;metaTipo22=STRING&amp;metaTipo23=STRING&amp;metaTipo24=STRING&amp;metaTipo25=LISTA_PESADA&amp;metaTipo26=LISTA&amp;metaTipo27=STRING&amp;metaTipo28=LISTA&amp;metaTipo29=STRING&amp;metaTipo30=STRING&amp;metaTipo31=INTEGER&amp;metaTipo32=STRING&amp;metaTipo33=STRING&amp;metaTipo34=STRING&amp;metaTipo35=LISTA&amp;metaTipo36=LISTA&amp;metaTipo37=LISTA&amp;metaTipo38=STRING&amp;metaTipo39=SEPARADOR&amp;metaTipo40=BOOLEAN&amp;metaTipo41=STRING&amp;metaTipo42=STRING&amp;metaTipo43=STRING&amp;metaTipo44=LISTA&amp;metaTipo45=BOOLEAN&amp;metaTipo46=BOOLEAN&amp;metaTipo47=BOOLEAN&amp;metaTipo48=STRING&amp;metaTipo49=TIMESTAMP&amp;metaTipo50=TIMESTAMP&amp;metaTipo51=TIMESTAMP&amp;metaTipo52=TIMESTAMP&amp;metaTipo53=TIMESTAMP&amp;metaTipo54=TIMESTAMP&amp;metaTipo55=TIMESTAMP&amp;metaTipo56=TIMESTAMP&amp;metaTipo57=TIMESTAMP&amp;metaTipo58=TIMESTAMP&amp;metaTipo59=TIMESTAMP&amp;metaTipo60=TIMESTAMP&amp;metaTipo61=TIMESTAMP&amp;metaTipo62=TIMESTAMP&amp;metaTipo63=TIMESTAMP&amp;metaTipo64=LISTA&amp;metaTipo65=LISTA&amp;metaTipo66=LISTA&amp;metaTipo67=DOUBLE&amp;metaTipo68=DOUBLE&amp;metaTipo69=DOUBLE&amp;metaTipo70=DOUBLE&amp;metaTipo71=DOUBLE&amp;metaTipo72=DOUBLE&amp;metaTipo73=DOUBLE&amp;metaTipo74=BOOLEAN&amp;metaTipo75=LISTA&amp;metaTipo76=STRING&amp;metaTipo77=STRING&amp;metaTipo78=STRING&amp;metaTipo79=STRING&amp;metaTipo80=STRING&amp;metaTipo81=STRING&amp;metaTipo82=STRING&amp;metaTipo83=BOOLEAN&amp;metaTipo84=BOOLEAN&amp;metaTipo85=STRING&amp;metaTipo86=LISTA&amp;metaTipo87=LISTA&amp;metaTipo88=LISTA_PESADA&amp;metaTipo89=LISTA&amp;metaTipo90=LISTA&amp;metaTipo91=STRING&amp;metaTipo92=LISTA&amp;metaTipo93=STRING&amp;metaTipo94=STRING&amp;metaTipo95=LISTA&amp;metaTipo96=LISTA&amp;metaTipo97=LISTA&amp;metaTipo98=BOOLEAN&amp;metaTipo99=LISTA&amp;metaTipo100=BOOLEAN&amp;metaTipo101=LISTA&amp;metaTipo102=LISTA&amp;metaTipo103=BOOLEAN&amp;metaTipo104=BOOLEAN&amp;metaTipo105=LISTA&amp;metaTipo106=LISTA&amp;metaTipo107=LISTA&amp;metaTipo108=LISTA&amp;metaTipo109=LISTA&amp;metaTipo110=STRING&amp;metaTipo111=LISTA&amp;valor=&amp;valorPesado=&amp;lista37=-1&amp;lista36=-1&amp;lista35=-1&amp;lista99=-1&amp;lista109=-1&amp;lista66=-1&amp;lista98=-1&amp;lista108=-1&amp;lista65=-1&amp;lista97=-1&amp;lista107=-1&amp;lista64=-1&amp;lista96=-1&amp;lista106=-1&amp;lista95=-1&amp;lista105=-1&amp;lista104=-1&amp;lista92=-1&amp;lista103=-1&amp;lista102=-1&amp;lista90=-1&amp;lista101=-1&amp;lista100=-1&amp;lista28=-1&amp;lista26=-1&amp;lista89=-1&amp;lista87=-1&amp;lista86=-1&amp;lista6=-1&amp;lista84=-1&amp;lista83=-1&amp;lista2=-1&amp;lista18=-1&amp;lista47=-1&amp;lista46=-1&amp;lista13=-1&amp;lista45=-1&amp;lista44=-1&amp;lista75=-1&amp;lista74=-1&amp;lista40=-1&amp;lista111=-1</queryString>
  <url>https://preproduccion.sge:443/gepa/BusquedaAction.do</url>
</httpSample>
<httpSample t="187" lt="0" ts="1298632009359" s="true" lb="/gepa/scripts/scriptaculous/scriptaculous.js" rc="200" by="5068">
  <responseHeader class="java.lang.String">HTTP/1.0 200 OK
Date: Fri, 25 Feb 2011 11:06:49 GMT
Server: Oracle-Application-Server-10g/10.1.2.2.0 Oracle-HTTP-Server
Content-Length: 5068
Set-Cookie: JSESSIONID=51a903c6f26517d14a5b0dbbffbde5df74517603c2819fe65e8b6bfb52cf27be.e38Ob3aOaheRe34Mb3qSax0Pahz0nR9Pq6XteP93; path=/login
Content-Type: text/html; charset=ISO-8859-1
</responseHeader>
  <requestHeader class="java.lang.String">Accept-Language: es-ES
Accept: */*
User-Agent: Mozilla/4.0 (compatible; MSIE 7.0; Windows NT 6.1; Trident/4.0; SLCC2; .NET CLR 2.0.50727; .NET CLR 3.5.30729; .NET CLR 3.0.30729; Media Center PC 6.0; MDDS; .NET4.0C)
Accept-Encoding: gzip, deflate
Referer: http://picasso:8888/gepa/BusquedaAction.do
</requestHeader>
  <cookies class="java.lang.String"></cookies>
  <method class="java.lang.String">GET</method>
  <queryString class="java.lang.String"></queryString>
  <redirectLocation class="java.lang.String">https://login-pre.sge/pls/orasso/orasso.wwsso_app_admin.ls_login?Site2pstoreToken=v1.4~CEF0A91F~1C760E958C24913FC572187FDAFCC466FF4336ED4901D03A4700BC1E5AF9680C303FB7B91FC3619704BC85DEBC80BAA8681D5FEDFAD3E6158B7F922D66A01111447802B9D4962E484A3B1DD5C571A2604D770208A3EBB83770323D532B383E3F702934321D559A8114C148EB8E1E1303BBA1E381FEC138C9342F027EAFF61A7553AE13AEA84598058269C5F9DAEA13AB7448488DC73901398756D90C4D1CB9D102ECDCE03549513D8568BD0B751B2D0796AB52C0FC5027947ABC45819F032FE14E9D79366AFCCB0DC50DD1B1EE803B00F11C30E46500DFDFB9125D46EF40E6A10B7CCE35AED958B85B5BE95EC44CBDA820A55868C8E6FFBB71B737A86CD31983AB1117C079FB2AFE55811816B345A57F</redirectLocation>
  <url>https://preproduccion.sge/login/login.jsp?site2pstoretoken=v1.4~CEF0A91F~1C760E958C24913FC572187FDAFCC466FF4336ED4901D03A4700BC1E5AF9680C303FB7B91FC3619704BC85DEBC80BAA8681D5FEDFAD3E6158B7F922D66A01111447802B9D4962E484A3B1DD5C571A2604D770208A3EBB83770323D532B383E3F702934321D559A8114C148EB8E1E1303BBA1E381FEC138C9342F027EAFF61A7553AE13AEA84598058269C5F9DAEA13AB7448488DC73901398756D90C4D1CB9D102ECDCE03549513D8568BD0B751B2D0796AB52C0FC5027947ABC45819F032FE14E9D79366AFCCB0DC50DD1B1EE803B00F11C30E46500DFDFB9125D46EF40E6A10B7CCE35AED958B85B5BE95EC44CBDA820A55868C8E6FFBB71B737A86CD31983AB1117C079FB2AFE55811816B345A57F&amp;p_error_code=&amp;p_submit_url=https%3A%2F%2Flogin-pre.sge%2Fsso%2Fauth&amp;p_cancel_url=https%3A%2F%2Fpreproduccion.sge&amp;ssousername=&amp;subscribername=</url>
</httpSample>
<httpSample t="204" lt="0" ts="1298632009546" s="true" lb="/gepa/ResultadoBusquedaAction.do" rc="200" by="5004">
  <responseHeader class="java.lang.String">HTTP/1.0 200 OK
Date: Fri, 25 Feb 2011 11:06:49 GMT
Server: Oracle-Application-Server-10g/10.1.2.2.0 Oracle-HTTP-Server
Content-Length: 5004
Set-Cookie: JSESSIONID=e544bee78f70c9a15b21bac74315d8e292e5dfefb41e1aa189355a0d041e907a.e38Ob3aOaheRe34Mb3qSax0Pahz0nR9Pq6XteP93; path=/login
Content-Type: text/html; charset=ISO-8859-1
</responseHeader>
  <requestHeader class="java.lang.String">Accept-Language: es-ES
Accept: image/jpeg, application/x-ms-application, image/gif, application/xaml+xml, image/pjpeg, application/x-ms-xbap, application/vnd.ms-powerpoint, application/vnd.ms-excel, application/msword, */*
User-Agent: Mozilla/4.0 (compatible; MSIE 7.0; Windows NT 6.1; Trident/4.0; SLCC2; .NET CLR 2.0.50727; .NET CLR 3.5.30729; .NET CLR 3.0.30729; Media Center PC 6.0; MDDS; .NET4.0C)
Accept-Encoding: gzip, deflate
Referer: http://picasso:8888/gepa/BusquedaAction.do
</requestHeader>
  <cookies class="java.lang.String"></cookies>
  <method class="java.lang.String">GET</method>
  <queryString class="java.lang.String"></queryString>
  <redirectLocation class="java.lang.String">https://login-pre.sge/pls/orasso/orasso.wwsso_app_admin.ls_login?Site2pstoreToken=v1.4~CEF0A91F~1C760E958C24913FC572187FDAFCC466FF4336ED4901D03A4700BC1E5AF9680C303FB7B91FC3619704BC85DEBC80BAA8681D5FEDFAD3E6158B7F922D66A01111447802B9D4962E484A3B1DD5C571A2604D770208A3EBB83770323D532B383E3F5495E95315E2BC5549E7B13CB725CCBFE8E3A83DE476CB3FEE037ACD04FE550AAFCCA6C2FF0CCE87454C4996D44025BCD5CA40DFC90EDAD262FD3B3024F8DA28BC07BEA0F3165D2BD8C8C6A9B3B1BFE28297AA5A0AF98567F504749071C11D389648A1DC72E6FAACCAF1A67018884326B698B064CD71A53E6290D3F707EC9ED158F630EEEDB2B684D57E2BD6663A272C1EBD33BD97D2253F08F13FD48FC7524C</redirectLocation>
  <url>https://preproduccion.sge/login/login.jsp?site2pstoretoken=v1.4~CEF0A91F~1C760E958C24913FC572187FDAFCC466FF4336ED4901D03A4700BC1E5AF9680C303FB7B91FC3619704BC85DEBC80BAA8681D5FEDFAD3E6158B7F922D66A01111447802B9D4962E484A3B1DD5C571A2604D770208A3EBB83770323D532B383E3F5495E95315E2BC5549E7B13CB725CCBFE8E3A83DE476CB3FEE037ACD04FE550AAFCCA6C2FF0CCE87454C4996D44025BCD5CA40DFC90EDAD262FD3B3024F8DA28BC07BEA0F3165D2BD8C8C6A9B3B1BFE28297AA5A0AF98567F504749071C11D389648A1DC72E6FAACCAF1A67018884326B698B064CD71A53E6290D3F707EC9ED158F630EEEDB2B684D57E2BD6663A272C1EBD33BD97D2253F08F13FD48FC7524C&amp;p_error_code=&amp;p_submit_url=https%3A%2F%2Flogin-pre.sge%2Fsso%2Fauth&amp;p_cancel_url=https%3A%2F%2Fpreproduccion.sge&amp;ssousername=&amp;subscribername=</url>
</httpSample>
<httpSample t="187" lt="0" ts="1298632009750" s="true" lb="/gepa/scripts/scriptaculous/scriptaculous.js" rc="200" by="5068">
  <responseHeader class="java.lang.String">HTTP/1.0 200 OK
Date: Fri, 25 Feb 2011 11:06:49 GMT
Server: Oracle-Application-Server-10g/10.1.2.2.0 Oracle-HTTP-Server
Content-Length: 5068
Set-Cookie: JSESSIONID=03041762e8539b623b8f028e59af26d99ada1b4bc42c1d83ab5f98d0ad615758.e3eSbhiLaNyPe3yNbNyQc3qSai1BqBjKpPXxqAa; path=/login
Content-Type: text/html; charset=ISO-8859-1
</responseHeader>
  <requestHeader class="java.lang.String">Accept-Language: es-ES
Accept: */*
User-Agent: Mozilla/4.0 (compatible; MSIE 7.0; Windows NT 6.1; Trident/4.0; SLCC2; .NET CLR 2.0.50727; .NET CLR 3.5.30729; .NET CLR 3.0.30729; Media Center PC 6.0; MDDS; .NET4.0C)
Accept-Encoding: gzip, deflate
Referer: http://picasso:8888/gepa/ResultadoBusquedaAction.do?accion=gestionExp&amp;indice=0
</requestHeader>
  <cookies class="java.lang.String"></cookies>
  <method class="java.lang.String">GET</method>
  <queryString class="java.lang.String"></queryString>
  <redirectLocation class="java.lang.String">https://login-pre.sge/pls/orasso/orasso.wwsso_app_admin.ls_login?Site2pstoreToken=v1.4~CEF0A91F~1C760E958C24913FC572187FDAFCC466FF4336ED4901D03A4700BC1E5AF9680C303FB7B91FC3619704BC85DEBC80BAA8681D5FEDFAD3E6158B7F922D66A01111447802B9D4962E484A3B1DD5C571A2604D770208A3EBB83770323D532B383E3F702934321D559A8114C148EB8E1E1303BBA1E381FEC138C9342F027EAFF61A7553AE13AEA84598058269C5F9DAEA13AB7448488DC73901398756D90C4D1CB9D102ECDCE03549513D8568BD0B751B2D0796AB52C0FC5027947ABC45819F032FE14E9D79366AFCCB0DC50DD1B1EE803B00F11C30E46500DFDFB9125D46EF40E6A10B7CCE35AED958B85B5BE95EC44CBDA820A55868C8E6FFBB71B737A86CD31983AB1117C079FB2AFE55811816B345A57F</redirectLocation>
  <url>https://preproduccion.sge/login/login.jsp?site2pstoretoken=v1.4~CEF0A91F~1C760E958C24913FC572187FDAFCC466FF4336ED4901D03A4700BC1E5AF9680C303FB7B91FC3619704BC85DEBC80BAA8681D5FEDFAD3E6158B7F922D66A01111447802B9D4962E484A3B1DD5C571A2604D770208A3EBB83770323D532B383E3F702934321D559A8114C148EB8E1E1303BBA1E381FEC138C9342F027EAFF61A7553AE13AEA84598058269C5F9DAEA13AB7448488DC73901398756D90C4D1CB9D102ECDCE03549513D8568BD0B751B2D0796AB52C0FC5027947ABC45819F032FE14E9D79366AFCCB0DC50DD1B1EE803B00F11C30E46500DFDFB9125D46EF40E6A10B7CCE35AED958B85B5BE95EC44CBDA820A55868C8E6FFBB71B737A86CD31983AB1117C079FB2AFE55811816B345A57F&amp;p_error_code=&amp;p_submit_url=https%3A%2F%2Flogin-pre.sge%2Fsso%2Fauth&amp;p_cancel_url=https%3A%2F%2Fpreproduccion.sge&amp;ssousername=&amp;subscribername=</url>
</httpSample>
<httpSample t="172" lt="0" ts="1298632009937" s="true" lb="/gepa/ConexionAction.do" rc="200" by="5388">
  <responseHeader class="java.lang.String">HTTP/1.0 200 OK
Date: Fri, 25 Feb 2011 11:06:50 GMT
Server: Oracle-Application-Server-10g/10.1.2.2.0 Oracle-HTTP-Server
Content-Length: 5388
Set-Cookie: JSESSIONID=c0d2b805f2dd2cbbfeb8a5f8f809250b6d31e3fb5977160df2048a99f256c9a3.e38Ob3aOaheRe34Mb3qSax0Pahz0nR9Pq6XteP93; path=/login
Content-Type: text/html; charset=ISO-8859-1
</responseHeader>
  <requestHeader class="java.lang.String">Accept-Language: es
Accept: */*
User-Agent: Mozilla/4.0 (compatible; MSIE 7.0; Windows NT 6.1; Trident/4.0; SLCC2; .NET CLR 2.0.50727; .NET CLR 3.5.30729; .NET CLR 3.0.30729; Media Center PC 6.0; MDDS; .NET4.0C)
Accept-Encoding: gzip, deflate
</requestHeader>
  <cookies class="java.lang.String"></cookies>
  <method class="java.lang.String">GET</method>
  <queryString class="java.lang.String"></queryString>
  <redirectLocation class="java.lang.String">https://login-pre.sge/pls/orasso/orasso.wwsso_app_admin.ls_login?Site2pstoreToken=v1.4~CEF0A91F~1C760E958C24913FC572187FDAFCC466FF4336ED4901D03A4700BC1E5AF9680C303FB7B91FC3619704BC85DEBC80BAA8681D5FEDFAD3E6158B7F922D66A01111447802B9D4962E484A3B1DD5C571A2604D770208A3EBB83770323D532B383E3FD1D1FA31CC3C98003F7FE2A7C550E1FAB06F30CD2D7FDD8F067FFDC463C23A688AE6E6CC78034744DD192DF268B429B000AEA92C00775704AB4F29E428F3B9D73196CD3C56BCCEBD3ACD7B3E1B9F78CB1547E768E195D84E38183CE9E975A7602FCF89C4E7C9F6F2435BDCA8FFB134C21832A6F1F9E6A034EBA240C6CB1B9AB0F73A4804220F0264F49F5B32493D650D4732FC0E0086794E07DDB12E86FD14AFEA34573DB38E30029B23A64A4257499BDC834879BE7E603EF875813C845F6F948A8773BE5AA536900226F945F94A09853F91A2DB484569C4C66C76C476259B1B4D62A38111E70E274634DA0AB2E54EB8022C250D9E7F71082E5E2E67C8B31CD4</redirectLocation>
  <url>https://preproduccion.sge/login/login.jsp?site2pstoretoken=v1.4~CEF0A91F~1C760E958C24913FC572187FDAFCC466FF4336ED4901D03A4700BC1E5AF9680C303FB7B91FC3619704BC85DEBC80BAA8681D5FEDFAD3E6158B7F922D66A01111447802B9D4962E484A3B1DD5C571A2604D770208A3EBB83770323D532B383E3FD1D1FA31CC3C98003F7FE2A7C550E1FAB06F30CD2D7FDD8F067FFDC463C23A688AE6E6CC78034744DD192DF268B429B000AEA92C00775704AB4F29E428F3B9D73196CD3C56BCCEBD3ACD7B3E1B9F78CB1547E768E195D84E38183CE9E975A7602FCF89C4E7C9F6F2435BDCA8FFB134C21832A6F1F9E6A034EBA240C6CB1B9AB0F73A4804220F0264F49F5B32493D650D4732FC0E0086794E07DDB12E86FD14AFEA34573DB38E30029B23A64A4257499BDC834879BE7E603EF875813C845F6F948A8773BE5AA536900226F945F94A09853F91A2DB484569C4C66C76C476259B1B4D62A38111E70E274634DA0AB2E54EB8022C250D9E7F71082E5E2E67C8B31CD4&amp;p_error_code=&amp;p_submit_url=https%3A%2F%2Flogin-pre.sge%2Fsso%2Fauth&amp;p_cancel_url=https%3A%2F%2Fpreproduccion.sge&amp;ssousername=&amp;subscribername=</url>
</httpSample>
<httpSample t="187" lt="0" ts="1298632010125" s="true" lb="/gepa/scripts/scriptaculous/scriptaculous.js" rc="200" by="5100">
  <responseHeader class="java.lang.String">HTTP/1.0 200 OK
Date: Fri, 25 Feb 2011 11:06:50 GMT
Server: Oracle-Application-Server-10g/10.1.2.2.0 Oracle-HTTP-Server
Content-Length: 5100
Set-Cookie: JSESSIONID=f49669d7726f39a88a015c26a32b763cecb89ae482d5a03fff6c81dfbfbfa223.e3eSbhiLaNyPe3yNbNyQc3qSai1BqBjKpPXxqAa; path=/login
Content-Type: text/html; charset=ISO-8859-1
</responseHeader>
  <requestHeader class="java.lang.String">Accept-Language: es-ES
Accept: */*
User-Agent: Mozilla/4.0 (compatible; MSIE 7.0; Windows NT 6.1; Trident/4.0; SLCC2; .NET CLR 2.0.50727; .NET CLR 3.5.30729; .NET CLR 3.0.30729; Media Center PC 6.0; MDDS; .NET4.0C)
Accept-Encoding: gzip, deflate
Referer: http://picasso:8888/gepa/ConexionAction.do?POSTDATA=variosPerfiles=true&amp;accion=iniciar&amp;codigoEntidad=DYS&amp;codigo=jcnegredo&amp;contrasenya=dysmatica&amp;rolSeleccionado=25
</requestHeader>
  <cookies class="java.lang.String"></cookies>
  <method class="java.lang.String">GET</method>
  <queryString class="java.lang.String"></queryString>
  <redirectLocation class="java.lang.String">https://login-pre.sge/pls/orasso/orasso.wwsso_app_admin.ls_login?Site2pstoreToken=v1.4~CEF0A91F~D29DC24717441C392A75302A927A27F3F72F1C00C66286863C4A052B12BBBF3B9DC539F47C0D87EE4E8EC7ECA21D4246481D3B531BFE18F4DE5DAB0EC4E4D51574464BF75F0012311B494DD1849B60B76FF2E25533439F280B22196B39C93AAC134BDCCF594F2FD9A8E111DA45EF52CD90181C7B0DBEB3844EBE76B47D8366F36B2E07EC650F9F473BE1ECD5080784220AD31DA4695386BB723FC7765A5AF9FD146FED957BFFF0363F34EEA33E8ACE2D8BACA05D67AFAF12BC2089A9B20602A5F1447E680FA805057EEB5DA9DF9D9403924040D53A2F9CFCC9F16B0A657FEA3D981885DE56571469FC095678613779B21F3B755D8902986415B04DFF9541DD971850CCF3B464AF3161C5F886BFC8D0DF496907029BF933F3</redirectLocation>
  <url>https://preproduccion.sge/login/login.jsp?site2pstoretoken=v1.4~CEF0A91F~D29DC24717441C392A75302A927A27F3F72F1C00C66286863C4A052B12BBBF3B9DC539F47C0D87EE4E8EC7ECA21D4246481D3B531BFE18F4DE5DAB0EC4E4D51574464BF75F0012311B494DD1849B60B76FF2E25533439F280B22196B39C93AAC134BDCCF594F2FD9A8E111DA45EF52CD90181C7B0DBEB3844EBE76B47D8366F36B2E07EC650F9F473BE1ECD5080784220AD31DA4695386BB723FC7765A5AF9FD146FED957BFFF0363F34EEA33E8ACE2D8BACA05D67AFAF12BC2089A9B20602A5F1447E680FA805057EEB5DA9DF9D9403924040D53A2F9CFCC9F16B0A657FEA3D981885DE56571469FC095678613779B21F3B755D8902986415B04DFF9541DD971850CCF3B464AF3161C5F886BFC8D0DF496907029BF933F3&amp;p_error_code=&amp;p_submit_url=https%3A%2F%2Flogin-pre.sge%2Fsso%2Fauth&amp;p_cancel_url=https%3A%2F%2Fpreproduccion.sge&amp;ssousername=&amp;subscribername=</url>
</httpSample>
<httpSample t="16" lt="16" ts="1298632010312" s="false" lb="/gepa/ConexionAction.do;jsessionid=eb634fe5b58b0bcb96508261e275709f9c8e236e3e15aeb347f0741aac2dda55" rc="500" by="778">
  <responseHeader class="java.lang.String">HTTP/1.0 500 Internal Server Error
Date: Fri, 25 Feb 2011 11:06:50 GMT
Server: Oracle-Application-Server-10g/10.1.2.2.0 Oracle-HTTP-Server
Content-Type: text/html; charset=iso-8859-1
</responseHeader>
  <requestHeader class="java.lang.String">Content-Type: application/x-www-form-urlencoded
Accept-Language: es-ES
Accept: image/jpeg, application/x-ms-application, image/gif, application/xaml+xml, image/pjpeg, application/x-ms-xbap, application/vnd.ms-powerpoint, application/vnd.ms-excel, application/msword, */*
User-Agent: Mozilla/4.0 (compatible; MSIE 7.0; Windows NT 6.1; Trident/4.0; SLCC2; .NET CLR 2.0.50727; .NET CLR 3.5.30729; .NET CLR 3.0.30729; Media Center PC 6.0; MDDS; .NET4.0C)
Accept-Encoding: gzip, deflate
Referer: http://picasso:8888/gepa/ConexionAction.do?POSTDATA=variosPerfiles=true&amp;accion=iniciar&amp;codigoEntidad=DYS&amp;codigo=jcnegredo&amp;contrasenya=dysmatica&amp;rolSeleccionado=25
Pragma: no-cache
</requestHeader>
  <cookies class="java.lang.String"></cookies>
  <method class="java.lang.String">POST</method>
  <queryString class="java.lang.String">variosPerfiles=true&amp;accion=seleccionarPerfil&amp;codigoEntidad=DYS&amp;rolSeleccionado=25</queryString>
  <url>https://preproduccion.sge:443/gepa/ConexionAction.do;jsessionid=eb634fe5b58b0bcb96508261e275709f9c8e236e3e15aeb347f0741aac2dda55</url>
</httpSample>
<httpSample t="188" lt="0" ts="1298632010343" s="true" lb="/gepa/scripts/scriptaculous/scriptaculous.js" rc="200" by="5100">
  <responseHeader class="java.lang.String">HTTP/1.0 200 OK
Date: Fri, 25 Feb 2011 11:06:50 GMT
Server: Oracle-Application-Server-10g/10.1.2.2.0 Oracle-HTTP-Server
Content-Length: 5100
Set-Cookie: JSESSIONID=1e1f21210280b2834200053032e189d5b7b4f5cde108b003c1b60fd5935f4dd8.e3eSbhiLaNyPe3yNbNyQc3qSai1BqBjKpPXxqAa; path=/login
Content-Type: text/html; charset=ISO-8859-1
</responseHeader>
  <requestHeader class="java.lang.String">Accept-Language: es-ES
Accept: */*
User-Agent: Mozilla/4.0 (compatible; MSIE 7.0; Windows NT 6.1; Trident/4.0; SLCC2; .NET CLR 2.0.50727; .NET CLR 3.5.30729; .NET CLR 3.0.30729; Media Center PC 6.0; MDDS; .NET4.0C)
Accept-Encoding: gzip, deflate
Referer: http://picasso:8888/gepa/ConexionAction.do;jsessionid=eb634fe5b58b0bcb96508261e275709f9c8e236e3e15aeb347f0741aac2dda55
</requestHeader>
  <cookies class="java.lang.String"></cookies>
  <method class="java.lang.String">GET</method>
  <queryString class="java.lang.String"></queryString>
  <redirectLocation class="java.lang.String">https://login-pre.sge/pls/orasso/orasso.wwsso_app_admin.ls_login?Site2pstoreToken=v1.4~CEF0A91F~D29DC24717441C392A75302A927A27F3F72F1C00C66286863C4A052B12BBBF3B9DC539F47C0D87EE4E8EC7ECA21D4246481D3B531BFE18F4DE5DAB0EC4E4D51574464BF75F0012311B494DD1849B60B76FF2E25533439F280B22196B39C93AAC134BDCCF594F2FD9A8E111DA45EF52CD90181C7B0DBEB3844EBE76B47D8366F36B2E07EC650F9F473BE1ECD5080784220AD31DA4695386BB723FC7765A5AF9FD146FED957BFFF0363F34EEA33E8ACE2D8BACA05D67AFAF12BC2089A9B20602A5F1447E680FA805057EEB5DA9DF9D9403924040D53A2F9CFCC9F16B0A657FEA3D981885DE56571469FC095678613779B21F3B755D8902986415B04DFF9541DD971850CCF3B464AF3161C5F886BFC8D0DF496907029BF933F3</redirectLocation>
  <url>https://preproduccion.sge/login/login.jsp?site2pstoretoken=v1.4~CEF0A91F~D29DC24717441C392A75302A927A27F3F72F1C00C66286863C4A052B12BBBF3B9DC539F47C0D87EE4E8EC7ECA21D4246481D3B531BFE18F4DE5DAB0EC4E4D51574464BF75F0012311B494DD1849B60B76FF2E25533439F280B22196B39C93AAC134BDCCF594F2FD9A8E111DA45EF52CD90181C7B0DBEB3844EBE76B47D8366F36B2E07EC650F9F473BE1ECD5080784220AD31DA4695386BB723FC7765A5AF9FD146FED957BFFF0363F34EEA33E8ACE2D8BACA05D67AFAF12BC2089A9B20602A5F1447E680FA805057EEB5DA9DF9D9403924040D53A2F9CFCC9F16B0A657FEA3D981885DE56571469FC095678613779B21F3B755D8902986415B04DFF9541DD971850CCF3B464AF3161C5F886BFC8D0DF496907029BF933F3&amp;p_error_code=&amp;p_submit_url=https%3A%2F%2Flogin-pre.sge%2Fsso%2Fauth&amp;p_cancel_url=https%3A%2F%2Fpreproduccion.sge&amp;ssousername=&amp;subscribername=</url>
</httpSample>

<httpSample t="282" lt="0" ts="1298632611882" s="true" lb="/gepa/ConexionAction.do" rc="200" by="5388">
  <responseHeader class="java.lang.String">HTTP/1.0 200 OK
Date: Fri, 25 Feb 2011 11:16:52 GMT
Server: Oracle-Application-Server-10g/10.1.2.2.0 Oracle-HTTP-Server
Content-Length: 5388
Set-Cookie: JSESSIONID=544f26dfc593f4f89f6f397c38e0186be75f822505e9e3cd73d71976b91070fb.e38Ob3aOaheRe34Mb3qSax0Pahz0nR9Pq6XteP93; path=/login
Content-Type: text/html; charset=ISO-8859-1
</responseHeader>
  <requestHeader class="java.lang.String">Accept-Language: es
Accept: */*
User-Agent: Mozilla/4.0 (compatible; MSIE 7.0; Windows NT 6.1; Trident/4.0; SLCC2; .NET CLR 2.0.50727; .NET CLR 3.5.30729; .NET CLR 3.0.30729; Media Center PC 6.0; MDDS; .NET4.0C)
Accept-Encoding: gzip, deflate
</requestHeader>
  <cookies class="java.lang.String"></cookies>
  <method class="java.lang.String">GET</method>
  <queryString class="java.lang.String"></queryString>
  <redirectLocation class="java.lang.String">https://login-pre.sge/pls/orasso/orasso.wwsso_app_admin.ls_login?Site2pstoreToken=v1.4~CEF0A91F~82DCEB57F42418D9424C3393802C7E7A784BA6413BDFF212DBBE5A4F66F57C738CF554860455E911227ADB42519079C0C2CF3214CC90805EFBF591A58B1034984060F80F4284675A512B09793823CAE7563BE99FBFD758DB7219A7C7CD9EC6840E6BB8E503D0085C69F8F56C54E6EE7150C5821F4410A0FF8FD1580583D36AC66DD7000A1A1A4220541BB17E1A2F033D587609B9755262D8AFA4F7CBF91200FD21BBF9BCC0C102DEF1AE3ED789E87C5172DD8104076D32C1146FA0A943A18DDC52B5E855E64D07E599FFB91A0A6CA9C620AE758F470102411448BBF7307BABD1DB09B086660AFD2CE760C1DB52C1377BE38A0906B0C6B98874144AA547A8AF7797997155DCE7AAA44D70AAAAAABCC326860EFB4116F52E2E5FBAE38F15A3E9F225E75DFBE7926157B8404492B8B4A46DACC530A6F19AC5700A8E2C62C9BB3989529C798AB34F9BE4EAB7C5FF1FB3C89AD324F1BBD94F92361B5E609357B0C3FC</redirectLocation>
  <url>https://preproduccion.sge/login/login.jsp?site2pstoretoken=v1.4~CEF0A91F~82DCEB57F42418D9424C3393802C7E7A784BA6413BDFF212DBBE5A4F66F57C738CF554860455E911227ADB42519079C0C2CF3214CC90805EFBF591A58B1034984060F80F4284675A512B09793823CAE7563BE99FBFD758DB7219A7C7CD9EC6840E6BB8E503D0085C69F8F56C54E6EE7150C5821F4410A0FF8FD1580583D36AC66DD7000A1A1A4220541BB17E1A2F033D587609B9755262D8AFA4F7CBF91200FD21BBF9BCC0C102DEF1AE3ED789E87C5172DD8104076D32C1146FA0A943A18DDC52B5E855E64D07E599FFB91A0A6CA9C620AE758F470102411448BBF7307BABD1DB09B086660AFD2CE760C1DB52C1377BE38A0906B0C6B98874144AA547A8AF7797997155DCE7AAA44D70AAAAAABCC326860EFB4116F52E2E5FBAE38F15A3E9F225E75DFBE7926157B8404492B8B4A46DACC530A6F19AC5700A8E2C62C9BB3989529C798AB34F9BE4EAB7C5FF1FB3C89AD324F1BBD94F92361B5E609357B0C3FC&amp;p_error_code=&amp;p_submit_url=https%3A%2F%2Flogin-pre.sge%2Fsso%2Fauth&amp;p_cancel_url=https%3A%2F%2Fpreproduccion.sge&amp;ssousername=&amp;subscribername=</url>
</httpSample>
<httpSample t="171" lt="0" ts="1298632612164" s="true" lb="/gepa/scripts/scriptaculous/scriptaculous.js" rc="200" by="5068">
  <responseHeader class="java.lang.String">HTTP/1.0 200 OK
Date: Fri, 25 Feb 2011 11:16:52 GMT
Server: Oracle-Application-Server-10g/10.1.2.2.0 Oracle-HTTP-Server
Content-Length: 5068
Set-Cookie: JSESSIONID=c8145525f503c96d26fc2a1671248b39a7e111a64169994c8ebdae1097676f88.e3eSbhiLaNyPe3yNbNyQc3qSai1BqBjKpPXxqAa; path=/login
Content-Type: text/html; charset=ISO-8859-1
</responseHeader>
  <requestHeader class="java.lang.String">Accept-Language: es-ES
Accept: */*
User-Agent: Mozilla/4.0 (compatible; MSIE 7.0; Windows NT 6.1; Trident/4.0; SLCC2; .NET CLR 2.0.50727; .NET CLR 3.5.30729; .NET CLR 3.0.30729; Media Center PC 6.0; MDDS; .NET4.0C)
Accept-Encoding: gzip, deflate
Referer: http://picasso:8888/gepa/ConexionAction.do?POSTDATA=variosPerfiles=true&amp;accion=iniciar&amp;codigoEntidad=DYS&amp;codigo=jcnegredo&amp;contrasenya=dysmatica&amp;rolSeleccionado=25
</requestHeader>
  <cookies class="java.lang.String"></cookies>
  <method class="java.lang.String">GET</method>
  <queryString class="java.lang.String"></queryString>
  <redirectLocation class="java.lang.String">https://login-pre.sge/pls/orasso/orasso.wwsso_app_admin.ls_login?Site2pstoreToken=v1.4~CEF0A91F~185AC13CCEF11450AEF33C5373A285FDF08DEE19DE098C68EB5FA91AB5B498B8298C04E9C44348FEEC1D5B9891B0FBBDC7708D8B826A43D322434A003AFB9E61E83173AA576708FB1F6BA17C0F464DE66E343AB776E7D45AD245F654ADABB6CBDC608B819722195EECA438287B1D867984418C9D254A1EB74B5D577484B678CA255457F60D7D98F558B0605F9207A43F31E1FB01C75C5C095C07E7D88957B37D3C45EB96F048EA8251F49B020F401D182588055C307B17F3833F62E9C1EF4A13CEA7975BBC603D37E4574C2E4729F3B5E599C833C20C4862A28B9D5221EA0E801816DB02746CD541C43238ED784B88027C99044FE0243BFC8DB56987CF20788099B53737CC39E4A2CE720C726D27A6E4</redirectLocation>
  <url>https://preproduccion.sge/login/login.jsp?site2pstoretoken=v1.4~CEF0A91F~185AC13CCEF11450AEF33C5373A285FDF08DEE19DE098C68EB5FA91AB5B498B8298C04E9C44348FEEC1D5B9891B0FBBDC7708D8B826A43D322434A003AFB9E61E83173AA576708FB1F6BA17C0F464DE66E343AB776E7D45AD245F654ADABB6CBDC608B819722195EECA438287B1D867984418C9D254A1EB74B5D577484B678CA255457F60D7D98F558B0605F9207A43F31E1FB01C75C5C095C07E7D88957B37D3C45EB96F048EA8251F49B020F401D182588055C307B17F3833F62E9C1EF4A13CEA7975BBC603D37E4574C2E4729F3B5E599C833C20C4862A28B9D5221EA0E801816DB02746CD541C43238ED784B88027C99044FE0243BFC8DB56987CF20788099B53737CC39E4A2CE720C726D27A6E4&amp;p_error_code=&amp;p_submit_url=https%3A%2F%2Flogin-pre.sge%2Fsso%2Fauth&amp;p_cancel_url=https%3A%2F%2Fpreproduccion.sge&amp;ssousername=&amp;subscribername=</url>
</httpSample>
<httpSample t="32" lt="32" ts="1298632612335" s="false" lb="/gepa/ConexionAction.do;jsessionid=eb634fe5b58b0bcb96508261e275709f9c8e236e3e15aeb347f0741aac2dda55" rc="500" by="778">
  <responseHeader class="java.lang.String">HTTP/1.0 500 Internal Server Error
Date: Fri, 25 Feb 2011 11:16:52 GMT
Server: Oracle-Application-Server-10g/10.1.2.2.0 Oracle-HTTP-Server
Content-Type: text/html; charset=iso-8859-1
</responseHeader>
  <requestHeader class="java.lang.String">Content-Type: application/x-www-form-urlencoded
Accept-Language: es-ES
Accept: image/jpeg, application/x-ms-application, image/gif, application/xaml+xml, image/pjpeg, application/x-ms-xbap, application/vnd.ms-powerpoint, application/vnd.ms-excel, application/msword, */*
User-Agent: Mozilla/4.0 (compatible; MSIE 7.0; Windows NT 6.1; Trident/4.0; SLCC2; .NET CLR 2.0.50727; .NET CLR 3.5.30729; .NET CLR 3.0.30729; Media Center PC 6.0; MDDS; .NET4.0C)
Accept-Encoding: gzip, deflate
Referer: http://picasso:8888/gepa/ConexionAction.do?POSTDATA=variosPerfiles=true&amp;accion=iniciar&amp;codigoEntidad=DYS&amp;codigo=jcnegredo&amp;contrasenya=dysmatica&amp;rolSeleccionado=25
Pragma: no-cache
</requestHeader>
  <cookies class="java.lang.String"></cookies>
  <method class="java.lang.String">POST</method>
  <queryString class="java.lang.String">variosPerfiles=true&amp;accion=seleccionarPerfil&amp;codigoEntidad=DYS&amp;rolSeleccionado=25</queryString>
  <url>https://preproduccion.sge:443/gepa/ConexionAction.do;jsessionid=eb634fe5b58b0bcb96508261e275709f9c8e236e3e15aeb347f0741aac2dda55</url>
</httpSample>
<httpSample t="203" lt="0" ts="1298632612367" s="true" lb="/gepa/scripts/scriptaculous/scriptaculous.js" rc="200" by="5068">
  <responseHeader class="java.lang.String">HTTP/1.0 200 OK
Date: Fri, 25 Feb 2011 11:16:52 GMT
Server: Oracle-Application-Server-10g/10.1.2.2.0 Oracle-HTTP-Server
Content-Length: 5068
Set-Cookie: JSESSIONID=ac223f2a1eed4b1a1fcc39c6be1843d084b56137c3dc3ac7089cc503441f1d0e.e38Ob3aOaheRe34Mb3qSax0Pahz0nR9Pq6XteP93; path=/login
Content-Type: text/html; charset=ISO-8859-1
</responseHeader>
  <requestHeader class="java.lang.String">Accept-Language: es-ES
Accept: */*
User-Agent: Mozilla/4.0 (compatible; MSIE 7.0; Windows NT 6.1; Trident/4.0; SLCC2; .NET CLR 2.0.50727; .NET CLR 3.5.30729; .NET CLR 3.0.30729; Media Center PC 6.0; MDDS; .NET4.0C)
Accept-Encoding: gzip, deflate
Referer: http://picasso:8888/gepa/ConexionAction.do;jsessionid=eb634fe5b58b0bcb96508261e275709f9c8e236e3e15aeb347f0741aac2dda55
</requestHeader>
  <cookies class="java.lang.String"></cookies>
  <method class="java.lang.String">GET</method>
  <queryString class="java.lang.String"></queryString>
  <redirectLocation class="java.lang.String">https://login-pre.sge/pls/orasso/orasso.wwsso_app_admin.ls_login?Site2pstoreToken=v1.4~CEF0A91F~185AC13CCEF11450AEF33C5373A285FDF08DEE19DE098C68EB5FA91AB5B498B8298C04E9C44348FEEC1D5B9891B0FBBDC7708D8B826A43D322434A003AFB9E61E83173AA576708FB1F6BA17C0F464DE66E343AB776E7D45AD245F654ADABB6CBDC608B819722195EECA438287B1D867984418C9D254A1EB74B5D577484B678CA255457F60D7D98F558B0605F9207A43F31E1FB01C75C5C095C07E7D88957B37D3C45EB96F048EA8251F49B020F401D182588055C307B17F3833F62E9C1EF4A13CEA7975BBC603D37E4574C2E4729F3B5E599C833C20C4862A28B9D5221EA0E801816DB02746CD541C43238ED784B88027C99044FE0243BFC8DB56987CF20788099B53737CC39E4A2CE720C726D27A6E4</redirectLocation>
  <url>https://preproduccion.sge/login/login.jsp?site2pstoretoken=v1.4~CEF0A91F~185AC13CCEF11450AEF33C5373A285FDF08DEE19DE098C68EB5FA91AB5B498B8298C04E9C44348FEEC1D5B9891B0FBBDC7708D8B826A43D322434A003AFB9E61E83173AA576708FB1F6BA17C0F464DE66E343AB776E7D45AD245F654ADABB6CBDC608B819722195EECA438287B1D867984418C9D254A1EB74B5D577484B678CA255457F60D7D98F558B0605F9207A43F31E1FB01C75C5C095C07E7D88957B37D3C45EB96F048EA8251F49B020F401D182588055C307B17F3833F62E9C1EF4A13CEA7975BBC603D37E4574C2E4729F3B5E599C833C20C4862A28B9D5221EA0E801816DB02746CD541C43238ED784B88027C99044FE0243BFC8DB56987CF20788099B53737CC39E4A2CE720C726D27A6E4&amp;p_error_code=&amp;p_submit_url=https%3A%2F%2Flogin-pre.sge%2Fsso%2Fauth&amp;p_cancel_url=https%3A%2F%2Fpreproduccion.sge&amp;ssousername=&amp;subscribername=</url>
</httpSample>
<httpSample t="15" lt="15" ts="1298632612570" s="false" lb="/gepa/BusquedaAction.do" rc="500" by="778">
  <responseHeader class="java.lang.String">HTTP/1.0 500 Internal Server Error
Date: Fri, 25 Feb 2011 11:16:52 GMT
Server: Oracle-Application-Server-10g/10.1.2.2.0 Oracle-HTTP-Server
Content-Type: text/html; charset=iso-8859-1
</responseHeader>
  <requestHeader class="java.lang.String">Content-Type: application/x-www-form-urlencoded
Accept-Language: es-ES
Accept: image/jpeg, application/x-ms-application, image/gif, application/xaml+xml, image/pjpeg, application/x-ms-xbap, application/vnd.ms-powerpoint, application/vnd.ms-excel, application/msword, */*
User-Agent: Mozilla/4.0 (compatible; MSIE 7.0; Windows NT 6.1; Trident/4.0; SLCC2; .NET CLR 2.0.50727; .NET CLR 3.5.30729; .NET CLR 3.0.30729; Media Center PC 6.0; MDDS; .NET4.0C)
Accept-Encoding: gzip, deflate
Referer: http://picasso:8888/gepa/ConexionAction.do;jsessionid=eb634fe5b58b0bcb96508261e275709f9c8e236e3e15aeb347f0741aac2dda55
Pragma: no-cache
</requestHeader>
  <cookies class="java.lang.String"></cookies>
  <method class="java.lang.String">POST</method>
  <queryString class="java.lang.String">accion=buscar&amp;modo=rapida&amp;avanzadaDesplegada=false&amp;descElemPesado=&amp;identificacionRapida=&amp;nombreRapida=&amp;apellido1Rapida=&amp;apellido2Rapida=&amp;anyoRapida=&amp;numeroRapida=&amp;desdeRapida=&amp;hastaRapida=&amp;tramiteRapida=-1&amp;estadoRapida=-1&amp;idBusqueda=-1&amp;idClases=26&amp;metaTipo0=STRING&amp;metaTipo1=STRING&amp;metaTipo2=LISTA&amp;metaTipo3=STRING&amp;metaTipo4=LISTA_PESADA&amp;metaTipo5=STRING&amp;metaTipo6=LISTA&amp;metaTipo7=STRING&amp;metaTipo8=STRING&amp;metaTipo9=STRING&amp;metaTipo10=STRING&amp;metaTipo11=STRING&amp;metaTipo12=STRING&amp;metaTipo13=LISTA&amp;metaTipo14=STRING&amp;metaTipo15=TIMESTAMP&amp;metaTipo16=TIMESTAMP&amp;metaTipo17=TIMESTAMP&amp;metaTipo18=LISTA&amp;metaTipo19=LISTA_PESADA&amp;metaTipo20=STRING&amp;metaTipo21=STRING&amp;metaTipo22=STRING&amp;metaTipo23=STRING&amp;metaTipo24=STRING&amp;metaTipo25=LISTA_PESADA&amp;metaTipo26=LISTA&amp;metaTipo27=STRING&amp;metaTipo28=LISTA&amp;metaTipo29=STRING&amp;metaTipo30=STRING&amp;metaTipo31=INTEGER&amp;metaTipo32=STRING&amp;metaTipo33=STRING&amp;metaTipo34=STRING&amp;metaTipo35=LISTA&amp;metaTipo36=LISTA&amp;metaTipo37=LISTA&amp;metaTipo38=STRING&amp;metaTipo39=SEPARADOR&amp;metaTipo40=BOOLEAN&amp;metaTipo41=STRING&amp;metaTipo42=STRING&amp;metaTipo43=STRING&amp;metaTipo44=LISTA&amp;metaTipo45=BOOLEAN&amp;metaTipo46=BOOLEAN&amp;metaTipo47=BOOLEAN&amp;metaTipo48=STRING&amp;metaTipo49=TIMESTAMP&amp;metaTipo50=TIMESTAMP&amp;metaTipo51=TIMESTAMP&amp;metaTipo52=TIMESTAMP&amp;metaTipo53=TIMESTAMP&amp;metaTipo54=TIMESTAMP&amp;metaTipo55=TIMESTAMP&amp;metaTipo56=TIMESTAMP&amp;metaTipo57=TIMESTAMP&amp;metaTipo58=TIMESTAMP&amp;metaTipo59=TIMESTAMP&amp;metaTipo60=TIMESTAMP&amp;metaTipo61=TIMESTAMP&amp;metaTipo62=TIMESTAMP&amp;metaTipo63=TIMESTAMP&amp;metaTipo64=LISTA&amp;metaTipo65=LISTA&amp;metaTipo66=LISTA&amp;metaTipo67=DOUBLE&amp;metaTipo68=DOUBLE&amp;metaTipo69=DOUBLE&amp;metaTipo70=DOUBLE&amp;metaTipo71=DOUBLE&amp;metaTipo72=DOUBLE&amp;metaTipo73=DOUBLE&amp;metaTipo74=BOOLEAN&amp;metaTipo75=LISTA&amp;metaTipo76=STRING&amp;metaTipo77=STRING&amp;metaTipo78=STRING&amp;metaTipo79=STRING&amp;metaTipo80=STRING&amp;metaTipo81=STRING&amp;metaTipo82=STRING&amp;metaTipo83=BOOLEAN&amp;metaTipo84=BOOLEAN&amp;metaTipo85=STRING&amp;metaTipo86=LISTA&amp;metaTipo87=LISTA&amp;metaTipo88=LISTA_PESADA&amp;metaTipo89=LISTA&amp;metaTipo90=LISTA&amp;metaTipo91=STRING&amp;metaTipo92=LISTA&amp;metaTipo93=STRING&amp;metaTipo94=STRING&amp;metaTipo95=LISTA&amp;metaTipo96=LISTA&amp;metaTipo97=LISTA&amp;metaTipo98=BOOLEAN&amp;metaTipo99=LISTA&amp;metaTipo100=BOOLEAN&amp;metaTipo101=LISTA&amp;metaTipo102=LISTA&amp;metaTipo103=BOOLEAN&amp;metaTipo104=BOOLEAN&amp;metaTipo105=LISTA&amp;metaTipo106=LISTA&amp;metaTipo107=LISTA&amp;metaTipo108=LISTA&amp;metaTipo109=LISTA&amp;metaTipo110=STRING&amp;metaTipo111=LISTA&amp;valor=&amp;valorPesado=&amp;lista37=-1&amp;lista36=-1&amp;lista35=-1&amp;lista99=-1&amp;lista109=-1&amp;lista66=-1&amp;lista98=-1&amp;lista108=-1&amp;lista65=-1&amp;lista97=-1&amp;lista107=-1&amp;lista64=-1&amp;lista96=-1&amp;lista106=-1&amp;lista95=-1&amp;lista105=-1&amp;lista104=-1&amp;lista92=-1&amp;lista103=-1&amp;lista102=-1&amp;lista90=-1&amp;lista101=-1&amp;lista100=-1&amp;lista28=-1&amp;lista26=-1&amp;lista89=-1&amp;lista87=-1&amp;lista86=-1&amp;lista6=-1&amp;lista84=-1&amp;lista83=-1&amp;lista2=-1&amp;lista18=-1&amp;lista47=-1&amp;lista46=-1&amp;lista13=-1&amp;lista45=-1&amp;lista44=-1&amp;lista75=-1&amp;lista74=-1&amp;lista40=-1&amp;lista111=-1</queryString>
  <url>https://preproduccion.sge:443/gepa/BusquedaAction.do</url>
</httpSample>
<httpSample t="188" lt="0" ts="1298632612585" s="true" lb="/gepa/scripts/scriptaculous/scriptaculous.js" rc="200" by="5068">
  <responseHeader class="java.lang.String">HTTP/1.0 200 OK
Date: Fri, 25 Feb 2011 11:16:52 GMT
Server: Oracle-Application-Server-10g/10.1.2.2.0 Oracle-HTTP-Server
Content-Length: 5068
Set-Cookie: JSESSIONID=df6af5dc66908f83f27c19ddf0eae8a6f3e6df8c84f8a4160cf5e06cb0fcd583.e3eSbhiLaNyPe3yNbNyQc3qSai1BqBjKpPXxqAa; path=/login
Content-Type: text/html; charset=ISO-8859-1
</responseHeader>
  <requestHeader class="java.lang.String">Accept-Language: es-ES
Accept: */*
User-Agent: Mozilla/4.0 (compatible; MSIE 7.0; Windows NT 6.1; Trident/4.0; SLCC2; .NET CLR 2.0.50727; .NET CLR 3.5.30729; .NET CLR 3.0.30729; Media Center PC 6.0; MDDS; .NET4.0C)
Accept-Encoding: gzip, deflate
Referer: http://picasso:8888/gepa/BusquedaAction.do
</requestHeader>
  <cookies class="java.lang.String"></cookies>
  <method class="java.lang.String">GET</method>
  <queryString class="java.lang.String"></queryString>
  <redirectLocation class="java.lang.String">https://login-pre.sge/pls/orasso/orasso.wwsso_app_admin.ls_login?Site2pstoreToken=v1.4~CEF0A91F~185AC13CCEF11450AEF33C5373A285FDF08DEE19DE098C68EB5FA91AB5B498B8298C04E9C44348FEEC1D5B9891B0FBBDC7708D8B826A43D322434A003AFB9E61E83173AA576708FB1F6BA17C0F464DE66E343AB776E7D45AD245F654ADABB6CBDC608B819722195EECA438287B1D867984418C9D254A1EB74B5D577484B678CA255457F60D7D98F558B0605F9207A43F31E1FB01C75C5C095C07E7D88957B37D3C45EB96F048EA8251F49B020F401D182588055C307B17F3833F62E9C1EF4A13CEA7975BBC603D37E4574C2E4729F3B5E599C833C20C4862A28B9D5221EA0E801816DB02746CD541C43238ED784B88027C99044FE0243BFC8DB56987CF20788099B53737CC39E4A2CE720C726D27A6E4</redirectLocation>
  <url>https://preproduccion.sge/login/login.jsp?site2pstoretoken=v1.4~CEF0A91F~185AC13CCEF11450AEF33C5373A285FDF08DEE19DE098C68EB5FA91AB5B498B8298C04E9C44348FEEC1D5B9891B0FBBDC7708D8B826A43D322434A003AFB9E61E83173AA576708FB1F6BA17C0F464DE66E343AB776E7D45AD245F654ADABB6CBDC608B819722195EECA438287B1D867984418C9D254A1EB74B5D577484B678CA255457F60D7D98F558B0605F9207A43F31E1FB01C75C5C095C07E7D88957B37D3C45EB96F048EA8251F49B020F401D182588055C307B17F3833F62E9C1EF4A13CEA7975BBC603D37E4574C2E4729F3B5E599C833C20C4862A28B9D5221EA0E801816DB02746CD541C43238ED784B88027C99044FE0243BFC8DB56987CF20788099B53737CC39E4A2CE720C726D27A6E4&amp;p_error_code=&amp;p_submit_url=https%3A%2F%2Flogin-pre.sge%2Fsso%2Fauth&amp;p_cancel_url=https%3A%2F%2Fpreproduccion.sge&amp;ssousername=&amp;subscribername=</url>
</httpSample>
<httpSample t="187" lt="0" ts="1298632612773" s="true" lb="/gepa/ResultadoBusquedaAction.do" rc="200" by="5004">
  <responseHeader class="java.lang.String">HTTP/1.0 200 OK
Date: Fri, 25 Feb 2011 11:16:52 GMT
Server: Oracle-Application-Server-10g/10.1.2.2.0 Oracle-HTTP-Server
Content-Length: 5004
Set-Cookie: JSESSIONID=6acbbe801b4c162b65d14e74dcdcd175a911792071beedbc3097b25958c6a734.e38Ob3aOaheRe34Mb3qSax0Pahz0nR9Pq6XteP93; path=/login
Content-Type: text/html; charset=ISO-8859-1
</responseHeader>
  <requestHeader class="java.lang.String">Accept-Language: es-ES
Accept: image/jpeg, application/x-ms-application, image/gif, application/xaml+xml, image/pjpeg, application/x-ms-xbap, application/vnd.ms-powerpoint, application/vnd.ms-excel, application/msword, */*
User-Agent: Mozilla/4.0 (compatible; MSIE 7.0; Windows NT 6.1; Trident/4.0; SLCC2; .NET CLR 2.0.50727; .NET CLR 3.5.30729; .NET CLR 3.0.30729; Media Center PC 6.0; MDDS; .NET4.0C)
Accept-Encoding: gzip, deflate
Referer: http://picasso:8888/gepa/BusquedaAction.do
</requestHeader>
  <cookies class="java.lang.String"></cookies>
  <method class="java.lang.String">GET</method>
  <queryString class="java.lang.String"></queryString>
  <redirectLocation class="java.lang.String">https://login-pre.sge/pls/orasso/orasso.wwsso_app_admin.ls_login?Site2pstoreToken=v1.4~CEF0A91F~185AC13CCEF11450AEF33C5373A285FDF08DEE19DE098C68EB5FA91AB5B498B8298C04E9C44348FEEC1D5B9891B0FBBDC7708D8B826A43D322434A003AFB9E61E83173AA576708FB1F6BA17C0F464DE66E343AB776E7D45AD245F654ADABB6CB34F002EB94ED4B5B27F03BAFC9EC5BD0584F36121F658D9F85D43F93F8784F2938D5810201DDD885D41CF1FBEC0888B9C369AD8A45581691BC07FC7710393F3325579258B76721E2E747FF5293B9E7E25A18A08078CB579E4A6E1A7EEFD1EA06169B739681676F6C3AD07CDBDB4ED865BECD67F9AC9645E356C925700054CF969C2768BB71678FA1E5F669A9A20A8947843E4EB7EF12D47C879D98072023267D</redirectLocation>
  <url>https://preproduccion.sge/login/login.jsp?site2pstoretoken=v1.4~CEF0A91F~185AC13CCEF11450AEF33C5373A285FDF08DEE19DE098C68EB5FA91AB5B498B8298C04E9C44348FEEC1D5B9891B0FBBDC7708D8B826A43D322434A003AFB9E61E83173AA576708FB1F6BA17C0F464DE66E343AB776E7D45AD245F654ADABB6CB34F002EB94ED4B5B27F03BAFC9EC5BD0584F36121F658D9F85D43F93F8784F2938D5810201DDD885D41CF1FBEC0888B9C369AD8A45581691BC07FC7710393F3325579258B76721E2E747FF5293B9E7E25A18A08078CB579E4A6E1A7EEFD1EA06169B739681676F6C3AD07CDBDB4ED865BECD67F9AC9645E356C925700054CF969C2768BB71678FA1E5F669A9A20A8947843E4EB7EF12D47C879D98072023267D&amp;p_error_code=&amp;p_submit_url=https%3A%2F%2Flogin-pre.sge%2Fsso%2Fauth&amp;p_cancel_url=https%3A%2F%2Fpreproduccion.sge&amp;ssousername=&amp;subscribername=</url>
</httpSample>
<httpSample t="188" lt="0" ts="1298632612960" s="true" lb="/gepa/scripts/scriptaculous/scriptaculous.js" rc="200" by="5068">
  <responseHeader class="java.lang.String">HTTP/1.0 200 OK
Date: Fri, 25 Feb 2011 11:16:53 GMT
Server: Oracle-Application-Server-10g/10.1.2.2.0 Oracle-HTTP-Server
Content-Length: 5068
Set-Cookie: JSESSIONID=ead080c08392a5980ba17c11cabb401a50e3794c8e461a3e881347741ed5033a.e3eSbhiLaNyPe3yNbNyQc3qSai1BqBjKpPXxqAa; path=/login
Content-Type: text/html; charset=ISO-8859-1
</responseHeader>
  <requestHeader class="java.lang.String">Accept-Language: es-ES
Accept: */*
User-Agent: Mozilla/4.0 (compatible; MSIE 7.0; Windows NT 6.1; Trident/4.0; SLCC2; .NET CLR 2.0.50727; .NET CLR 3.5.30729; .NET CLR 3.0.30729; Media Center PC 6.0; MDDS; .NET4.0C)
Accept-Encoding: gzip, deflate
Referer: http://picasso:8888/gepa/ResultadoBusquedaAction.do?accion=gestionExp&amp;indice=0
</requestHeader>
  <cookies class="java.lang.String"></cookies>
  <method class="java.lang.String">GET</method>
  <queryString class="java.lang.String"></queryString>
  <redirectLocation class="java.lang.String">https://login-pre.sge/pls/orasso/orasso.wwsso_app_admin.ls_login?Site2pstoreToken=v1.4~CEF0A91F~185AC13CCEF11450AEF33C5373A285FDF08DEE19DE098C68EB5FA91AB5B498B8298C04E9C44348FEEC1D5B9891B0FBBDC7708D8B826A43D322434A003AFB9E61E83173AA576708FB1F6BA17C0F464DE66E343AB776E7D45AD245F654ADABB6CBDC608B819722195EECA438287B1D867984418C9D254A1EB74B5D577484B678CA255457F60D7D98F558B0605F9207A43F31E1FB01C75C5C095C07E7D88957B37D3C45EB96F048EA8251F49B020F401D182588055C307B17F3833F62E9C1EF4A13CEA7975BBC603D37E4574C2E4729F3B5E599C833C20C4862A28B9D5221EA0E801816DB02746CD541C43238ED784B88027C99044FE0243BFC8DB56987CF20788099B53737CC39E4A2CE720C726D27A6E4</redirectLocation>
  <url>https://preproduccion.sge/login/login.jsp?site2pstoretoken=v1.4~CEF0A91F~185AC13CCEF11450AEF33C5373A285FDF08DEE19DE098C68EB5FA91AB5B498B8298C04E9C44348FEEC1D5B9891B0FBBDC7708D8B826A43D322434A003AFB9E61E83173AA576708FB1F6BA17C0F464DE66E343AB776E7D45AD245F654ADABB6CBDC608B819722195EECA438287B1D867984418C9D254A1EB74B5D577484B678CA255457F60D7D98F558B0605F9207A43F31E1FB01C75C5C095C07E7D88957B37D3C45EB96F048EA8251F49B020F401D182588055C307B17F3833F62E9C1EF4A13CEA7975BBC603D37E4574C2E4729F3B5E599C833C20C4862A28B9D5221EA0E801816DB02746CD541C43238ED784B88027C99044FE0243BFC8DB56987CF20788099B53737CC39E4A2CE720C726D27A6E4&amp;p_error_code=&amp;p_submit_url=https%3A%2F%2Flogin-pre.sge%2Fsso%2Fauth&amp;p_cancel_url=https%3A%2F%2Fpreproduccion.sge&amp;ssousername=&amp;subscribername=</url>
</httpSample>
<httpSample t="187" lt="0" ts="1298632613148" s="true" lb="/gepa/ConexionAction.do" rc="200" by="5388">
  <responseHeader class="java.lang.String">HTTP/1.0 200 OK
Date: Fri, 25 Feb 2011 11:16:53 GMT
Server: Oracle-Application-Server-10g/10.1.2.2.0 Oracle-HTTP-Server
Content-Length: 5388
Set-Cookie: JSESSIONID=91e95a8657f21a0c79a068d2abfbd7565ca92d04d15a42fa651a482d1f967a9e.e38Ob3aOaheRe34Mb3qSax0Pahz0nR9Pq6XteP93; path=/login
Content-Type: text/html; charset=ISO-8859-1
</responseHeader>
  <requestHeader class="java.lang.String">Accept-Language: es
Accept: */*
User-Agent: Mozilla/4.0 (compatible; MSIE 7.0; Windows NT 6.1; Trident/4.0; SLCC2; .NET CLR 2.0.50727; .NET CLR 3.5.30729; .NET CLR 3.0.30729; Media Center PC 6.0; MDDS; .NET4.0C)
Accept-Encoding: gzip, deflate
</requestHeader>
  <cookies class="java.lang.String"></cookies>
  <method class="java.lang.String">GET</method>
  <queryString class="java.lang.String"></queryString>
  <redirectLocation class="java.lang.String">https://login-pre.sge/pls/orasso/orasso.wwsso_app_admin.ls_login?Site2pstoreToken=v1.4~CEF0A91F~91539F1133B460FDB7CDA18A312C4FF902889E8EB9E8CD8B4E002AFFBC6DC978F9D65D1CF9256D868AFF7C33C68664DE4AB984F1F49618660D88D5DF998B13A0E6E1BE8B0239730AF4A59146DF5A3D20FEB936F61804AE8F58FB13CA88C47C2B4D79FBADBF346553E5D943AA176A58128E28739502B24136790F7542DB6558FFCB87A982E6FBA9B24086FE05E989234093A137111D611A4D54740D0E8088922B91F7610A107151FA9DBB063BFB8529099789F680DBEF92E43EB2F0BE951E878D14E5099BCB9377354A7DD5F541303F697A63D70C241FFF482CE5F8CE3D43DFD0B9B8487278F049AC2216728BA2F485B0D98C4F8CF33F1C8965A7C219DDCABA50DCAF25B8B732B45339412A4D766E8912FEE9499182FA1AD69876363D377EA172E292A82E3F93FCD1AE1819CF2EE5458FD76BDC182326A2E42E71F877290CC62AFD4B96B735BD274FC22C58F1F53C1C1FFBC330C9E3A96138D92A08A53AC0F48A</redirectLocation>
  <url>https://preproduccion.sge/login/login.jsp?site2pstoretoken=v1.4~CEF0A91F~91539F1133B460FDB7CDA18A312C4FF902889E8EB9E8CD8B4E002AFFBC6DC978F9D65D1CF9256D868AFF7C33C68664DE4AB984F1F49618660D88D5DF998B13A0E6E1BE8B0239730AF4A59146DF5A3D20FEB936F61804AE8F58FB13CA88C47C2B4D79FBADBF346553E5D943AA176A58128E28739502B24136790F7542DB6558FFCB87A982E6FBA9B24086FE05E989234093A137111D611A4D54740D0E8088922B91F7610A107151FA9DBB063BFB8529099789F680DBEF92E43EB2F0BE951E878D14E5099BCB9377354A7DD5F541303F697A63D70C241FFF482CE5F8CE3D43DFD0B9B8487278F049AC2216728BA2F485B0D98C4F8CF33F1C8965A7C219DDCABA50DCAF25B8B732B45339412A4D766E8912FEE9499182FA1AD69876363D377EA172E292A82E3F93FCD1AE1819CF2EE5458FD76BDC182326A2E42E71F877290CC62AFD4B96B735BD274FC22C58F1F53C1C1FFBC330C9E3A96138D92A08A53AC0F48A&amp;p_error_code=&amp;p_submit_url=https%3A%2F%2Flogin-pre.sge%2Fsso%2Fauth&amp;p_cancel_url=https%3A%2F%2Fpreproduccion.sge&amp;ssousername=&amp;subscribername=</url>
</httpSample>
<httpSample t="188" lt="0" ts="1298632613335" s="true" lb="/gepa/scripts/scriptaculous/scriptaculous.js" rc="200" by="5068">
  <responseHeader class="java.lang.String">HTTP/1.0 200 OK
Date: Fri, 25 Feb 2011 11:16:53 GMT
Server: Oracle-Application-Server-10g/10.1.2.2.0 Oracle-HTTP-Server
Content-Length: 5068
Set-Cookie: JSESSIONID=5a96e32a8d9db60f518a7147a2eea9c52b0ccdbf0b106853cc51c2c46268206d.e3eSbhiLaNyPe3yNbNyQc3qSai1BqBjKpPXxqAa; path=/login
Content-Type: text/html; charset=ISO-8859-1
</responseHeader>
  <requestHeader class="java.lang.String">Accept-Language: es-ES
Accept: */*
User-Agent: Mozilla/4.0 (compatible; MSIE 7.0; Windows NT 6.1; Trident/4.0; SLCC2; .NET CLR 2.0.50727; .NET CLR 3.5.30729; .NET CLR 3.0.30729; Media Center PC 6.0; MDDS; .NET4.0C)
Accept-Encoding: gzip, deflate
Referer: http://picasso:8888/gepa/ConexionAction.do?POSTDATA=variosPerfiles=true&amp;accion=iniciar&amp;codigoEntidad=DYS&amp;codigo=jcnegredo&amp;contrasenya=dysmatica&amp;rolSeleccionado=25
</requestHeader>
  <cookies class="java.lang.String"></cookies>
  <method class="java.lang.String">GET</method>
  <queryString class="java.lang.String"></queryString>
  <redirectLocation class="java.lang.String">https://login-pre.sge/pls/orasso/orasso.wwsso_app_admin.ls_login?Site2pstoreToken=v1.4~CEF0A91F~91539F1133B460FDB7CDA18A312C4FF902889E8EB9E8CD8B4E002AFFBC6DC978F9D65D1CF9256D868AFF7C33C68664DE4AB984F1F49618660D88D5DF998B13A0E6E1BE8B0239730AF4A59146DF5A3D20FEB936F61804AE8F58FB13CA88C47C2B060DDF34B7A8FD0EC50536178B56BBFB6EAFA7EDC108D005BBB5B1458CCFC3103E274163FC02D456ADDCCB45C013EDFC3C71CE3ED88C6D0F77F9D6A05FB5F3D46D6C1EF2033CEEB17B45F3AAF3D3C126E812C9A76DE528A763C573D9F51CE2BA7B142274C72B63E277B6202A9D7ADE2F5EC650614B18AD6ECC44BBED31D0C8E05F092E387F02158F07B8D308E08E9391D4287EC27FC4A5D0DCC8D362826493EDEFFACA88744EE634FEF98EB8387F3DF7</redirectLocation>
  <url>https://preproduccion.sge/login/login.jsp?site2pstoretoken=v1.4~CEF0A91F~91539F1133B460FDB7CDA18A312C4FF902889E8EB9E8CD8B4E002AFFBC6DC978F9D65D1CF9256D868AFF7C33C68664DE4AB984F1F49618660D88D5DF998B13A0E6E1BE8B0239730AF4A59146DF5A3D20FEB936F61804AE8F58FB13CA88C47C2B060DDF34B7A8FD0EC50536178B56BBFB6EAFA7EDC108D005BBB5B1458CCFC3103E274163FC02D456ADDCCB45C013EDFC3C71CE3ED88C6D0F77F9D6A05FB5F3D46D6C1EF2033CEEB17B45F3AAF3D3C126E812C9A76DE528A763C573D9F51CE2BA7B142274C72B63E277B6202A9D7ADE2F5EC650614B18AD6ECC44BBED31D0C8E05F092E387F02158F07B8D308E08E9391D4287EC27FC4A5D0DCC8D362826493EDEFFACA88744EE634FEF98EB8387F3DF7&amp;p_error_code=&amp;p_submit_url=https%3A%2F%2Flogin-pre.sge%2Fsso%2Fauth&amp;p_cancel_url=https%3A%2F%2Fpreproduccion.sge&amp;ssousername=&amp;subscribername=</url>
</httpSample>
<httpSample t="16" lt="16" ts="1298632613523" s="false" lb="/gepa/ConexionAction.do;jsessionid=eb634fe5b58b0bcb96508261e275709f9c8e236e3e15aeb347f0741aac2dda55" rc="500" by="778">
  <responseHeader class="java.lang.String">HTTP/1.0 500 Internal Server Error
Date: Fri, 25 Feb 2011 11:16:53 GMT
Server: Oracle-Application-Server-10g/10.1.2.2.0 Oracle-HTTP-Server
Content-Type: text/html; charset=iso-8859-1
</responseHeader>
  <requestHeader class="java.lang.String">Content-Type: application/x-www-form-urlencoded
Accept-Language: es-ES
Accept: image/jpeg, application/x-ms-application, image/gif, application/xaml+xml, image/pjpeg, application/x-ms-xbap, application/vnd.ms-powerpoint, application/vnd.ms-excel, application/msword, */*
User-Agent: Mozilla/4.0 (compatible; MSIE 7.0; Windows NT 6.1; Trident/4.0; SLCC2; .NET CLR 2.0.50727; .NET CLR 3.5.30729; .NET CLR 3.0.30729; Media Center PC 6.0; MDDS; .NET4.0C)
Accept-Encoding: gzip, deflate
Referer: http://picasso:8888/gepa/ConexionAction.do?POSTDATA=variosPerfiles=true&amp;accion=iniciar&amp;codigoEntidad=DYS&amp;codigo=jcnegredo&amp;contrasenya=dysmatica&amp;rolSeleccionado=25
Pragma: no-cache
</requestHeader>
  <cookies class="java.lang.String"></cookies>
  <method class="java.lang.String">POST</method>
  <queryString class="java.lang.String">variosPerfiles=true&amp;accion=seleccionarPerfil&amp;codigoEntidad=DYS&amp;rolSeleccionado=25</queryString>
  <url>https://preproduccion.sge:443/gepa/ConexionAction.do;jsessionid=eb634fe5b58b0bcb96508261e275709f9c8e236e3e15aeb347f0741aac2dda55</url>
</httpSample>
<httpSample t="187" lt="0" ts="1298632613539" s="true" lb="/gepa/scripts/scriptaculous/scriptaculous.js" rc="200" by="5068">
  <responseHeader class="java.lang.String">HTTP/1.0 200 OK
Date: Fri, 25 Feb 2011 11:16:53 GMT
Server: Oracle-Application-Server-10g/10.1.2.2.0 Oracle-HTTP-Server
Content-Length: 5068
Set-Cookie: JSESSIONID=14dbbe5753ef78a9e3eedf2c26875d6333625a4c15770d1fe7279880878dcea0.e38Ob3aOaheRe34Mb3qSax0Pahz0nR9Pq6XteP93; path=/login
Content-Type: text/html; charset=ISO-8859-1
</responseHeader>
  <requestHeader class="java.lang.String">Accept-Language: es-ES
Accept: */*
User-Agent: Mozilla/4.0 (compatible; MSIE 7.0; Windows NT 6.1; Trident/4.0; SLCC2; .NET CLR 2.0.50727; .NET CLR 3.5.30729; .NET CLR 3.0.30729; Media Center PC 6.0; MDDS; .NET4.0C)
Accept-Encoding: gzip, deflate
Referer: http://picasso:8888/gepa/ConexionAction.do;jsessionid=eb634fe5b58b0bcb96508261e275709f9c8e236e3e15aeb347f0741aac2dda55
</requestHeader>
  <cookies class="java.lang.String"></cookies>
  <method class="java.lang.String">GET</method>
  <queryString class="java.lang.String"></queryString>
  <redirectLocation class="java.lang.String">https://login-pre.sge/pls/orasso/orasso.wwsso_app_admin.ls_login?Site2pstoreToken=v1.4~CEF0A91F~91539F1133B460FDB7CDA18A312C4FF902889E8EB9E8CD8B4E002AFFBC6DC978F9D65D1CF9256D868AFF7C33C68664DE4AB984F1F49618660D88D5DF998B13A0E6E1BE8B0239730AF4A59146DF5A3D20FEB936F61804AE8F58FB13CA88C47C2B060DDF34B7A8FD0EC50536178B56BBFB6EAFA7EDC108D005BBB5B1458CCFC3103E274163FC02D456ADDCCB45C013EDFC3C71CE3ED88C6D0F77F9D6A05FB5F3D46D6C1EF2033CEEB17B45F3AAF3D3C126E812C9A76DE528A763C573D9F51CE2BA7B142274C72B63E277B6202A9D7ADE2F5EC650614B18AD6ECC44BBED31D0C8E05F092E387F02158F07B8D308E08E9391D4287EC27FC4A5D0DCC8D362826493EDEFFACA88744EE634FEF98EB8387F3DF7</redirectLocation>
  <url>https://preproduccion.sge/login/login.jsp?site2pstoretoken=v1.4~CEF0A91F~91539F1133B460FDB7CDA18A312C4FF902889E8EB9E8CD8B4E002AFFBC6DC978F9D65D1CF9256D868AFF7C33C68664DE4AB984F1F49618660D88D5DF998B13A0E6E1BE8B0239730AF4A59146DF5A3D20FEB936F61804AE8F58FB13CA88C47C2B060DDF34B7A8FD0EC50536178B56BBFB6EAFA7EDC108D005BBB5B1458CCFC3103E274163FC02D456ADDCCB45C013EDFC3C71CE3ED88C6D0F77F9D6A05FB5F3D46D6C1EF2033CEEB17B45F3AAF3D3C126E812C9A76DE528A763C573D9F51CE2BA7B142274C72B63E277B6202A9D7ADE2F5EC650614B18AD6ECC44BBED31D0C8E05F092E387F02158F07B8D308E08E9391D4287EC27FC4A5D0DCC8D362826493EDEFFACA88744EE634FEF98EB8387F3DF7&amp;p_error_code=&amp;p_submit_url=https%3A%2F%2Flogin-pre.sge%2Fsso%2Fauth&amp;p_cancel_url=https%3A%2F%2Fpreproduccion.sge&amp;ssousername=&amp;subscribername=</url>
</httpSample>
<httpSample t="16" lt="16" ts="1298632613726" s="false" lb="/gepa/BusquedaAction.do" rc="500" by="778">
  <responseHeader class="java.lang.String">HTTP/1.0 500 Internal Server Error
Date: Fri, 25 Feb 2011 11:16:53 GMT
Server: Oracle-Application-Server-10g/10.1.2.2.0 Oracle-HTTP-Server
Content-Type: text/html; charset=iso-8859-1
</responseHeader>
  <requestHeader class="java.lang.String">Content-Type: application/x-www-form-urlencoded
Accept-Language: es-ES
Accept: image/jpeg, application/x-ms-application, image/gif, application/xaml+xml, image/pjpeg, application/x-ms-xbap, application/vnd.ms-powerpoint, application/vnd.ms-excel, application/msword, */*
User-Agent: Mozilla/4.0 (compatible; MSIE 7.0; Windows NT 6.1; Trident/4.0; SLCC2; .NET CLR 2.0.50727; .NET CLR 3.5.30729; .NET CLR 3.0.30729; Media Center PC 6.0; MDDS; .NET4.0C)
Accept-Encoding: gzip, deflate
Referer: http://picasso:8888/gepa/ConexionAction.do;jsessionid=eb634fe5b58b0bcb96508261e275709f9c8e236e3e15aeb347f0741aac2dda55
Pragma: no-cache
</requestHeader>
  <cookies class="java.lang.String"></cookies>
  <method class="java.lang.String">POST</method>
  <queryString class="java.lang.String">accion=buscar&amp;modo=rapida&amp;avanzadaDesplegada=false&amp;descElemPesado=&amp;identificacionRapida=&amp;nombreRapida=&amp;apellido1Rapida=&amp;apellido2Rapida=&amp;anyoRapida=&amp;numeroRapida=&amp;desdeRapida=&amp;hastaRapida=&amp;tramiteRapida=-1&amp;estadoRapida=-1&amp;idBusqueda=-1&amp;idClases=26&amp;metaTipo0=STRING&amp;metaTipo1=STRING&amp;metaTipo2=LISTA&amp;metaTipo3=STRING&amp;metaTipo4=LISTA_PESADA&amp;metaTipo5=STRING&amp;metaTipo6=LISTA&amp;metaTipo7=STRING&amp;metaTipo8=STRING&amp;metaTipo9=STRING&amp;metaTipo10=STRING&amp;metaTipo11=STRING&amp;metaTipo12=STRING&amp;metaTipo13=LISTA&amp;metaTipo14=STRING&amp;metaTipo15=TIMESTAMP&amp;metaTipo16=TIMESTAMP&amp;metaTipo17=TIMESTAMP&amp;metaTipo18=LISTA&amp;metaTipo19=LISTA_PESADA&amp;metaTipo20=STRING&amp;metaTipo21=STRING&amp;metaTipo22=STRING&amp;metaTipo23=STRING&amp;metaTipo24=STRING&amp;metaTipo25=LISTA_PESADA&amp;metaTipo26=LISTA&amp;metaTipo27=STRING&amp;metaTipo28=LISTA&amp;metaTipo29=STRING&amp;metaTipo30=STRING&amp;metaTipo31=INTEGER&amp;metaTipo32=STRING&amp;metaTipo33=STRING&amp;metaTipo34=STRING&amp;metaTipo35=LISTA&amp;metaTipo36=LISTA&amp;metaTipo37=LISTA&amp;metaTipo38=STRING&amp;metaTipo39=SEPARADOR&amp;metaTipo40=BOOLEAN&amp;metaTipo41=STRING&amp;metaTipo42=STRING&amp;metaTipo43=STRING&amp;metaTipo44=LISTA&amp;metaTipo45=BOOLEAN&amp;metaTipo46=BOOLEAN&amp;metaTipo47=BOOLEAN&amp;metaTipo48=STRING&amp;metaTipo49=TIMESTAMP&amp;metaTipo50=TIMESTAMP&amp;metaTipo51=TIMESTAMP&amp;metaTipo52=TIMESTAMP&amp;metaTipo53=TIMESTAMP&amp;metaTipo54=TIMESTAMP&amp;metaTipo55=TIMESTAMP&amp;metaTipo56=TIMESTAMP&amp;metaTipo57=TIMESTAMP&amp;metaTipo58=TIMESTAMP&amp;metaTipo59=TIMESTAMP&amp;metaTipo60=TIMESTAMP&amp;metaTipo61=TIMESTAMP&amp;metaTipo62=TIMESTAMP&amp;metaTipo63=TIMESTAMP&amp;metaTipo64=LISTA&amp;metaTipo65=LISTA&amp;metaTipo66=LISTA&amp;metaTipo67=DOUBLE&amp;metaTipo68=DOUBLE&amp;metaTipo69=DOUBLE&amp;metaTipo70=DOUBLE&amp;metaTipo71=DOUBLE&amp;metaTipo72=DOUBLE&amp;metaTipo73=DOUBLE&amp;metaTipo74=BOOLEAN&amp;metaTipo75=LISTA&amp;metaTipo76=STRING&amp;metaTipo77=STRING&amp;metaTipo78=STRING&amp;metaTipo79=STRING&amp;metaTipo80=STRING&amp;metaTipo81=STRING&amp;metaTipo82=STRING&amp;metaTipo83=BOOLEAN&amp;metaTipo84=BOOLEAN&amp;metaTipo85=STRING&amp;metaTipo86=LISTA&amp;metaTipo87=LISTA&amp;metaTipo88=LISTA_PESADA&amp;metaTipo89=LISTA&amp;metaTipo90=LISTA&amp;metaTipo91=STRING&amp;metaTipo92=LISTA&amp;metaTipo93=STRING&amp;metaTipo94=STRING&amp;metaTipo95=LISTA&amp;metaTipo96=LISTA&amp;metaTipo97=LISTA&amp;metaTipo98=BOOLEAN&amp;metaTipo99=LISTA&amp;metaTipo100=BOOLEAN&amp;metaTipo101=LISTA&amp;metaTipo102=LISTA&amp;metaTipo103=BOOLEAN&amp;metaTipo104=BOOLEAN&amp;metaTipo105=LISTA&amp;metaTipo106=LISTA&amp;metaTipo107=LISTA&amp;metaTipo108=LISTA&amp;metaTipo109=LISTA&amp;metaTipo110=STRING&amp;metaTipo111=LISTA&amp;valor=&amp;valorPesado=&amp;lista37=-1&amp;lista36=-1&amp;lista35=-1&amp;lista99=-1&amp;lista109=-1&amp;lista66=-1&amp;lista98=-1&amp;lista108=-1&amp;lista65=-1&amp;lista97=-1&amp;lista107=-1&amp;lista64=-1&amp;lista96=-1&amp;lista106=-1&amp;lista95=-1&amp;lista105=-1&amp;lista104=-1&amp;lista92=-1&amp;lista103=-1&amp;lista102=-1&amp;lista90=-1&amp;lista101=-1&amp;lista100=-1&amp;lista28=-1&amp;lista26=-1&amp;lista89=-1&amp;lista87=-1&amp;lista86=-1&amp;lista6=-1&amp;lista84=-1&amp;lista83=-1&amp;lista2=-1&amp;lista18=-1&amp;lista47=-1&amp;lista46=-1&amp;lista13=-1&amp;lista45=-1&amp;lista44=-1&amp;lista75=-1&amp;lista74=-1&amp;lista40=-1&amp;lista111=-1</queryString>
  <url>https://preproduccion.sge:443/gepa/BusquedaAction.do</url>
</httpSample>
<httpSample t="187" lt="0" ts="1298632613742" s="true" lb="/gepa/scripts/scriptaculous/scriptaculous.js" rc="200" by="5068">
  <responseHeader class="java.lang.String">HTTP/1.0 200 OK
Date: Fri, 25 Feb 2011 11:16:53 GMT
Server: Oracle-Application-Server-10g/10.1.2.2.0 Oracle-HTTP-Server
Content-Length: 5068
Set-Cookie: JSESSIONID=7518a0add85d925be80b80adf9c1db003a82d17095213f189579aa3061376a4f.e3eSbhiLaNyPe3yNbNyQc3qSai1BqBjKpPXxqAa; path=/login
Content-Type: text/html; charset=ISO-8859-1
</responseHeader>
  <requestHeader class="java.lang.String">Accept-Language: es-ES
Accept: */*
User-Agent: Mozilla/4.0 (compatible; MSIE 7.0; Windows NT 6.1; Trident/4.0; SLCC2; .NET CLR 2.0.50727; .NET CLR 3.5.30729; .NET CLR 3.0.30729; Media Center PC 6.0; MDDS; .NET4.0C)
Accept-Encoding: gzip, deflate
Referer: http://picasso:8888/gepa/BusquedaAction.do
</requestHeader>
  <cookies class="java.lang.String"></cookies>
  <method class="java.lang.String">GET</method>
  <queryString class="java.lang.String"></queryString>
  <redirectLocation class="java.lang.String">https://login-pre.sge/pls/orasso/orasso.wwsso_app_admin.ls_login?Site2pstoreToken=v1.4~CEF0A91F~91539F1133B460FDB7CDA18A312C4FF902889E8EB9E8CD8B4E002AFFBC6DC978F9D65D1CF9256D868AFF7C33C68664DE4AB984F1F49618660D88D5DF998B13A0E6E1BE8B0239730AF4A59146DF5A3D20FEB936F61804AE8F58FB13CA88C47C2B060DDF34B7A8FD0EC50536178B56BBFB6EAFA7EDC108D005BBB5B1458CCFC3103E274163FC02D456ADDCCB45C013EDFC3C71CE3ED88C6D0F77F9D6A05FB5F3D46D6C1EF2033CEEB17B45F3AAF3D3C126E812C9A76DE528A763C573D9F51CE2BA7B142274C72B63E277B6202A9D7ADE2F5EC650614B18AD6ECC44BBED31D0C8E05F092E387F02158F07B8D308E08E9391D4287EC27FC4A5D0DCC8D362826493EDEFFACA88744EE634FEF98EB8387F3DF7</redirectLocation>
  <url>https://preproduccion.sge/login/login.jsp?site2pstoretoken=v1.4~CEF0A91F~91539F1133B460FDB7CDA18A312C4FF902889E8EB9E8CD8B4E002AFFBC6DC978F9D65D1CF9256D868AFF7C33C68664DE4AB984F1F49618660D88D5DF998B13A0E6E1BE8B0239730AF4A59146DF5A3D20FEB936F61804AE8F58FB13CA88C47C2B060DDF34B7A8FD0EC50536178B56BBFB6EAFA7EDC108D005BBB5B1458CCFC3103E274163FC02D456ADDCCB45C013EDFC3C71CE3ED88C6D0F77F9D6A05FB5F3D46D6C1EF2033CEEB17B45F3AAF3D3C126E812C9A76DE528A763C573D9F51CE2BA7B142274C72B63E277B6202A9D7ADE2F5EC650614B18AD6ECC44BBED31D0C8E05F092E387F02158F07B8D308E08E9391D4287EC27FC4A5D0DCC8D362826493EDEFFACA88744EE634FEF98EB8387F3DF7&amp;p_error_code=&amp;p_submit_url=https%3A%2F%2Flogin-pre.sge%2Fsso%2Fauth&amp;p_cancel_url=https%3A%2F%2Fpreproduccion.sge&amp;ssousername=&amp;subscribername=</url>
</httpSample>
<httpSample t="188" lt="0" ts="1298632613929" s="true" lb="/gepa/ResultadoBusquedaAction.do" rc="200" by="4972">
  <responseHeader class="java.lang.String">HTTP/1.0 200 OK
Date: Fri, 25 Feb 2011 11:16:54 GMT
Server: Oracle-Application-Server-10g/10.1.2.2.0 Oracle-HTTP-Server
Content-Length: 4972
Set-Cookie: JSESSIONID=9bfebc0901f606b9830e629bb439afd02b85b79b0bd6407c143145e42c4eb765.e38Ob3aOaheRe34Mb3qSax0Pahz0nR9Pq6XteP93; path=/login
Content-Type: text/html; charset=ISO-8859-1
</responseHeader>
  <requestHeader class="java.lang.String">Accept-Language: es-ES
Accept: image/jpeg, application/x-ms-application, image/gif, application/xaml+xml, image/pjpeg, application/x-ms-xbap, application/vnd.ms-powerpoint, application/vnd.ms-excel, application/msword, */*
User-Agent: Mozilla/4.0 (compatible; MSIE 7.0; Windows NT 6.1; Trident/4.0; SLCC2; .NET CLR 2.0.50727; .NET CLR 3.5.30729; .NET CLR 3.0.30729; Media Center PC 6.0; MDDS; .NET4.0C)
Accept-Encoding: gzip, deflate
Referer: http://picasso:8888/gepa/BusquedaAction.do
</requestHeader>
  <cookies class="java.lang.String"></cookies>
  <method class="java.lang.String">GET</method>
  <queryString class="java.lang.String"></queryString>
  <redirectLocation class="java.lang.String">https://login-pre.sge/pls/orasso/orasso.wwsso_app_admin.ls_login?Site2pstoreToken=v1.4~CEF0A91F~91539F1133B460FDB7CDA18A312C4FF902889E8EB9E8CD8B4E002AFFBC6DC978F9D65D1CF9256D868AFF7C33C68664DE4AB984F1F49618660D88D5DF998B13A0E6E1BE8B0239730AF4A59146DF5A3D20FEB936F61804AE8F58FB13CA88C47C2BC469C082E05C6CD5179AF6306115E674278BB99CB22608647C5AD991152DEC3546CA6DA1585B53CF30F53D3540230D1CB66911EBA81F6382920FADA1CAEFA869CA101345F5B2D65C29A0B8A7C709B794924A813C9DED7EA731914E8512EFB31AED2657C2E7EFD04A42AB5624A7ED4C1106F1E93B56F156C085B28AA21184288C67737F02CEC068F983FEAEBDFDB5238BE515B8CF2981C0F6</redirectLocation>
  <url>https://preproduccion.sge/login/login.jsp?site2pstoretoken=v1.4~CEF0A91F~91539F1133B460FDB7CDA18A312C4FF902889E8EB9E8CD8B4E002AFFBC6DC978F9D65D1CF9256D868AFF7C33C68664DE4AB984F1F49618660D88D5DF998B13A0E6E1BE8B0239730AF4A59146DF5A3D20FEB936F61804AE8F58FB13CA88C47C2BC469C082E05C6CD5179AF6306115E674278BB99CB22608647C5AD991152DEC3546CA6DA1585B53CF30F53D3540230D1CB66911EBA81F6382920FADA1CAEFA869CA101345F5B2D65C29A0B8A7C709B794924A813C9DED7EA731914E8512EFB31AED2657C2E7EFD04A42AB5624A7ED4C1106F1E93B56F156C085B28AA21184288C67737F02CEC068F983FEAEBDFDB5238BE515B8CF2981C0F6&amp;p_error_code=&amp;p_submit_url=https%3A%2F%2Flogin-pre.sge%2Fsso%2Fauth&amp;p_cancel_url=https%3A%2F%2Fpreproduccion.sge&amp;ssousername=&amp;subscribername=</url>
</httpSample>
<httpSample t="187" lt="0" ts="1298632614117" s="true" lb="/gepa/scripts/scriptaculous/scriptaculous.js" rc="200" by="5068">
  <responseHeader class="java.lang.String">HTTP/1.0 200 OK
Date: Fri, 25 Feb 2011 11:16:54 GMT
Server: Oracle-Application-Server-10g/10.1.2.2.0 Oracle-HTTP-Server
Content-Length: 5068
Set-Cookie: JSESSIONID=53a734c833773de680e37b50012e1900b0a6c6506af909c0556ce45d8a799275.e3eSbhiLaNyPe3yNbNyQc3qSai1BqBjKpPXxqAa; path=/login
Content-Type: text/html; charset=ISO-8859-1
</responseHeader>
  <requestHeader class="java.lang.String">Accept-Language: es-ES
Accept: */*
User-Agent: Mozilla/4.0 (compatible; MSIE 7.0; Windows NT 6.1; Trident/4.0; SLCC2; .NET CLR 2.0.50727; .NET CLR 3.5.30729; .NET CLR 3.0.30729; Media Center PC 6.0; MDDS; .NET4.0C)
Accept-Encoding: gzip, deflate
Referer: http://picasso:8888/gepa/ResultadoBusquedaAction.do?accion=gestionExp&amp;indice=0
</requestHeader>
  <cookies class="java.lang.String"></cookies>
  <method class="java.lang.String">GET</method>
  <queryString class="java.lang.String"></queryString>
  <redirectLocation class="java.lang.String">https://login-pre.sge/pls/orasso/orasso.wwsso_app_admin.ls_login?Site2pstoreToken=v1.4~CEF0A91F~692248156EC5BE8504C36B2B10F36CDEF81662F6100A2C4DF7330F3ABF7045EBFDABD6C19766CB51EC4D7C0429CFB9B78A0810DCEE9063EFF1805EC8A1FF9AB99867D634FA097D631C03E46F3CDB48F03FF1F55DDA58C14AAB71154E83822FD7080F97297E84FAD2A677CC0BCFD61E7C9CAB6D66987AA0034F622FBE55D62AF0E8B910E97C2CADCE548B76FFA5DAF1676D4A96860038A30F8DEBD44E9FD9091FB7C6CC36695F544928044BD1035FE13843692EA746AC1D34BCBADEAF52FA84FA187802C0C03BAA602C500D4B453413630F5EE66B14733930034775851CB4DB203CAD9450A8306E6F80196FC9FCF15EF7BE9613031A169EA20BD9074DC8E6D0A267FD3F125F6E25CF09189F9C8B452CCC</redirectLocation>
  <url>https://preproduccion.sge/login/login.jsp?site2pstoretoken=v1.4~CEF0A91F~692248156EC5BE8504C36B2B10F36CDEF81662F6100A2C4DF7330F3ABF7045EBFDABD6C19766CB51EC4D7C0429CFB9B78A0810DCEE9063EFF1805EC8A1FF9AB99867D634FA097D631C03E46F3CDB48F03FF1F55DDA58C14AAB71154E83822FD7080F97297E84FAD2A677CC0BCFD61E7C9CAB6D66987AA0034F622FBE55D62AF0E8B910E97C2CADCE548B76FFA5DAF1676D4A96860038A30F8DEBD44E9FD9091FB7C6CC36695F544928044BD1035FE13843692EA746AC1D34BCBADEAF52FA84FA187802C0C03BAA602C500D4B453413630F5EE66B14733930034775851CB4DB203CAD9450A8306E6F80196FC9FCF15EF7BE9613031A169EA20BD9074DC8E6D0A267FD3F125F6E25CF09189F9C8B452CCC&amp;p_error_code=&amp;p_submit_url=https%3A%2F%2Flogin-pre.sge%2Fsso%2Fauth&amp;p_cancel_url=https%3A%2F%2Fpreproduccion.sge&amp;ssousername=&amp;subscribername=</url>
</httpSample>
<httpSample t="188" lt="0" ts="1298632614304" s="true" lb="/gepa/ConexionAction.do" rc="200" by="5388">
  <responseHeader class="java.lang.String">HTTP/1.0 200 OK
Date: Fri, 25 Feb 2011 11:16:54 GMT
Server: Oracle-Application-Server-10g/10.1.2.2.0 Oracle-HTTP-Server
Content-Length: 5388
Set-Cookie: JSESSIONID=8d39870ca88544c2d45cf4ba2f82abddd4134ef3d354c423757b15f1c79830e8.e38Ob3aOaheRe34Mb3qSax0Pahz0nR9Pq6XteP93; path=/login
Content-Type: text/html; charset=ISO-8859-1
</responseHeader>
  <requestHeader class="java.lang.String">Accept-Language: es
Accept: */*
User-Agent: Mozilla/4.0 (compatible; MSIE 7.0; Windows NT 6.1; Trident/4.0; SLCC2; .NET CLR 2.0.50727; .NET CLR 3.5.30729; .NET CLR 3.0.30729; Media Center PC 6.0; MDDS; .NET4.0C)
Accept-Encoding: gzip, deflate
</requestHeader>
  <cookies class="java.lang.String"></cookies>
  <method class="java.lang.String">GET</method>
  <queryString class="java.lang.String"></queryString>
  <redirectLocation class="java.lang.String">https://login-pre.sge/pls/orasso/orasso.wwsso_app_admin.ls_login?Site2pstoreToken=v1.4~CEF0A91F~692248156EC5BE8504C36B2B10F36CDEF81662F6100A2C4DF7330F3ABF7045EBFDABD6C19766CB51EC4D7C0429CFB9B78A0810DCEE9063EFF1805EC8A1FF9AB99867D634FA097D631C03E46F3CDB48F03FF1F55DDA58C14AAB71154E83822FD7608E71DDE875D3B49B98D5C83491A07412C307249A75A987DBB71377D0AB1B0D8F62D09760CB53C841AC3F2EC26178EF6D4236DED6C3FBFB5CCB8F3DC46CAF90335CA3C7EBD347E57A58BF6489F9EC968EBEAAE12A61B09510FF8C4C53530DA275D570B45250BFD097E58981E7D46D1902EE2946577C2D78196C0017ECDD85C8CC927BD25149985C9B61EAFEFA94AAF70D5D7BC9F939792AAFB3AAC5BB31FC0A391D728048248BDA3FFDBFDBC9EF4E08D81EC6ED945F9F667D9A70486D355112F7EA696DDC94C1BBCD2D8567B2E13EE45DCC610C3A1DF279CEE6AD4AE6285A87A5C44C11ACFEFFA804CA44D2D356124CB028DFA25478D8232FCD1D86572F8179</redirectLocation>
  <url>https://preproduccion.sge/login/login.jsp?site2pstoretoken=v1.4~CEF0A91F~692248156EC5BE8504C36B2B10F36CDEF81662F6100A2C4DF7330F3ABF7045EBFDABD6C19766CB51EC4D7C0429CFB9B78A0810DCEE9063EFF1805EC8A1FF9AB99867D634FA097D631C03E46F3CDB48F03FF1F55DDA58C14AAB71154E83822FD7608E71DDE875D3B49B98D5C83491A07412C307249A75A987DBB71377D0AB1B0D8F62D09760CB53C841AC3F2EC26178EF6D4236DED6C3FBFB5CCB8F3DC46CAF90335CA3C7EBD347E57A58BF6489F9EC968EBEAAE12A61B09510FF8C4C53530DA275D570B45250BFD097E58981E7D46D1902EE2946577C2D78196C0017ECDD85C8CC927BD25149985C9B61EAFEFA94AAF70D5D7BC9F939792AAFB3AAC5BB31FC0A391D728048248BDA3FFDBFDBC9EF4E08D81EC6ED945F9F667D9A70486D355112F7EA696DDC94C1BBCD2D8567B2E13EE45DCC610C3A1DF279CEE6AD4AE6285A87A5C44C11ACFEFFA804CA44D2D356124CB028DFA25478D8232FCD1D86572F8179&amp;p_error_code=&amp;p_submit_url=https%3A%2F%2Flogin-pre.sge%2Fsso%2Fauth&amp;p_cancel_url=https%3A%2F%2Fpreproduccion.sge&amp;ssousername=&amp;subscribername=</url>
</httpSample>
<httpSample t="187" lt="0" ts="1298632614492" s="true" lb="/gepa/scripts/scriptaculous/scriptaculous.js" rc="200" by="5068">
  <responseHeader class="java.lang.String">HTTP/1.0 200 OK
Date: Fri, 25 Feb 2011 11:16:54 GMT
Server: Oracle-Application-Server-10g/10.1.2.2.0 Oracle-HTTP-Server
Content-Length: 5068
Set-Cookie: JSESSIONID=511df07f1a2c3d25b6a2a1cfc7fbaac15356673770b5c5944f92a8a7ef1ed3d5.e3eSbhiLaNyPe3yNbNyQc3qSai1BqBjKpPXxqAa; path=/login
Content-Type: text/html; charset=ISO-8859-1
</responseHeader>
  <requestHeader class="java.lang.String">Accept-Language: es-ES
Accept: */*
User-Agent: Mozilla/4.0 (compatible; MSIE 7.0; Windows NT 6.1; Trident/4.0; SLCC2; .NET CLR 2.0.50727; .NET CLR 3.5.30729; .NET CLR 3.0.30729; Media Center PC 6.0; MDDS; .NET4.0C)
Accept-Encoding: gzip, deflate
Referer: http://picasso:8888/gepa/ConexionAction.do?POSTDATA=variosPerfiles=true&amp;accion=iniciar&amp;codigoEntidad=DYS&amp;codigo=jcnegredo&amp;contrasenya=dysmatica&amp;rolSeleccionado=25
</requestHeader>
  <cookies class="java.lang.String"></cookies>
  <method class="java.lang.String">GET</method>
  <queryString class="java.lang.String"></queryString>
  <redirectLocation class="java.lang.String">https://login-pre.sge/pls/orasso/orasso.wwsso_app_admin.ls_login?Site2pstoreToken=v1.4~CEF0A91F~692248156EC5BE8504C36B2B10F36CDEF81662F6100A2C4DF7330F3ABF7045EBFDABD6C19766CB51EC4D7C0429CFB9B78A0810DCEE9063EFF1805EC8A1FF9AB99867D634FA097D631C03E46F3CDB48F03FF1F55DDA58C14AAB71154E83822FD7080F97297E84FAD2A677CC0BCFD61E7C9CAB6D66987AA0034F622FBE55D62AF0E8B910E97C2CADCE548B76FFA5DAF1676D4A96860038A30F8DEBD44E9FD9091FB7C6CC36695F544928044BD1035FE13843692EA746AC1D34BCBADEAF52FA84FA187802C0C03BAA602C500D4B453413630F5EE66B14733930034775851CB4DB203CAD9450A8306E6F80196FC9FCF15EF7BE9613031A169EA20BD9074DC8E6D0A267FD3F125F6E25CF09189F9C8B452CCC</redirectLocation>
  <url>https://preproduccion.sge/login/login.jsp?site2pstoretoken=v1.4~CEF0A91F~692248156EC5BE8504C36B2B10F36CDEF81662F6100A2C4DF7330F3ABF7045EBFDABD6C19766CB51EC4D7C0429CFB9B78A0810DCEE9063EFF1805EC8A1FF9AB99867D634FA097D631C03E46F3CDB48F03FF1F55DDA58C14AAB71154E83822FD7080F97297E84FAD2A677CC0BCFD61E7C9CAB6D66987AA0034F622FBE55D62AF0E8B910E97C2CADCE548B76FFA5DAF1676D4A96860038A30F8DEBD44E9FD9091FB7C6CC36695F544928044BD1035FE13843692EA746AC1D34BCBADEAF52FA84FA187802C0C03BAA602C500D4B453413630F5EE66B14733930034775851CB4DB203CAD9450A8306E6F80196FC9FCF15EF7BE9613031A169EA20BD9074DC8E6D0A267FD3F125F6E25CF09189F9C8B452CCC&amp;p_error_code=&amp;p_submit_url=https%3A%2F%2Flogin-pre.sge%2Fsso%2Fauth&amp;p_cancel_url=https%3A%2F%2Fpreproduccion.sge&amp;ssousername=&amp;subscribername=</url>
</httpSample>
<httpSample t="16" lt="16" ts="1298632614679" s="false" lb="/gepa/ConexionAction.do;jsessionid=eb634fe5b58b0bcb96508261e275709f9c8e236e3e15aeb347f0741aac2dda55" rc="500" by="778">
  <responseHeader class="java.lang.String">HTTP/1.0 500 Internal Server Error
Date: Fri, 25 Feb 2011 11:16:54 GMT
Server: Oracle-Application-Server-10g/10.1.2.2.0 Oracle-HTTP-Server
Content-Type: text/html; charset=iso-8859-1
</responseHeader>
  <requestHeader class="java.lang.String">Content-Type: application/x-www-form-urlencoded
Accept-Language: es-ES
Accept: image/jpeg, application/x-ms-application, image/gif, application/xaml+xml, image/pjpeg, application/x-ms-xbap, application/vnd.ms-powerpoint, application/vnd.ms-excel, application/msword, */*
User-Agent: Mozilla/4.0 (compatible; MSIE 7.0; Windows NT 6.1; Trident/4.0; SLCC2; .NET CLR 2.0.50727; .NET CLR 3.5.30729; .NET CLR 3.0.30729; Media Center PC 6.0; MDDS; .NET4.0C)
Accept-Encoding: gzip, deflate
Referer: http://picasso:8888/gepa/ConexionAction.do?POSTDATA=variosPerfiles=true&amp;accion=iniciar&amp;codigoEntidad=DYS&amp;codigo=jcnegredo&amp;contrasenya=dysmatica&amp;rolSeleccionado=25
Pragma: no-cache
</requestHeader>
  <cookies class="java.lang.String"></cookies>
  <method class="java.lang.String">POST</method>
  <queryString class="java.lang.String">variosPerfiles=true&amp;accion=seleccionarPerfil&amp;codigoEntidad=DYS&amp;rolSeleccionado=25</queryString>
  <url>https://preproduccion.sge:443/gepa/ConexionAction.do;jsessionid=eb634fe5b58b0bcb96508261e275709f9c8e236e3e15aeb347f0741aac2dda55</url>
</httpSample>
<httpSample t="187" lt="0" ts="1298632614695" s="true" lb="/gepa/scripts/scriptaculous/scriptaculous.js" rc="200" by="5068">
  <responseHeader class="java.lang.String">HTTP/1.0 200 OK
Date: Fri, 25 Feb 2011 11:16:54 GMT
Server: Oracle-Application-Server-10g/10.1.2.2.0 Oracle-HTTP-Server
Content-Length: 5068
Set-Cookie: JSESSIONID=2aeb2398020c7f0b0fc9e5e204130027b7857157d0edcc231a9492837ecb29aa.e38Ob3aOaheRe34Mb3qSax0Pahz0nR9Pq6XteP93; path=/login
Content-Type: text/html; charset=ISO-8859-1
</responseHeader>
  <requestHeader class="java.lang.String">Accept-Language: es-ES
Accept: */*
User-Agent: Mozilla/4.0 (compatible; MSIE 7.0; Windows NT 6.1; Trident/4.0; SLCC2; .NET CLR 2.0.50727; .NET CLR 3.5.30729; .NET CLR 3.0.30729; Media Center PC 6.0; MDDS; .NET4.0C)
Accept-Encoding: gzip, deflate
Referer: http://picasso:8888/gepa/ConexionAction.do;jsessionid=eb634fe5b58b0bcb96508261e275709f9c8e236e3e15aeb347f0741aac2dda55
</requestHeader>
  <cookies class="java.lang.String"></cookies>
  <method class="java.lang.String">GET</method>
  <queryString class="java.lang.String"></queryString>
  <redirectLocation class="java.lang.String">https://login-pre.sge/pls/orasso/orasso.wwsso_app_admin.ls_login?Site2pstoreToken=v1.4~CEF0A91F~692248156EC5BE8504C36B2B10F36CDEF81662F6100A2C4DF7330F3ABF7045EBFDABD6C19766CB51EC4D7C0429CFB9B78A0810DCEE9063EFF1805EC8A1FF9AB99867D634FA097D631C03E46F3CDB48F03FF1F55DDA58C14AAB71154E83822FD7080F97297E84FAD2A677CC0BCFD61E7C9CAB6D66987AA0034F622FBE55D62AF0E8B910E97C2CADCE548B76FFA5DAF1676D4A96860038A30F8DEBD44E9FD9091FB7C6CC36695F544928044BD1035FE13843692EA746AC1D34BCBADEAF52FA84FA187802C0C03BAA602C500D4B453413630F5EE66B14733930034775851CB4DB203CAD9450A8306E6F80196FC9FCF15EF7BE9613031A169EA20BD9074DC8E6D0A267FD3F125F6E25CF09189F9C8B452CCC</redirectLocation>
  <url>https://preproduccion.sge/login/login.jsp?site2pstoretoken=v1.4~CEF0A91F~692248156EC5BE8504C36B2B10F36CDEF81662F6100A2C4DF7330F3ABF7045EBFDABD6C19766CB51EC4D7C0429CFB9B78A0810DCEE9063EFF1805EC8A1FF9AB99867D634FA097D631C03E46F3CDB48F03FF1F55DDA58C14AAB71154E83822FD7080F97297E84FAD2A677CC0BCFD61E7C9CAB6D66987AA0034F622FBE55D62AF0E8B910E97C2CADCE548B76FFA5DAF1676D4A96860038A30F8DEBD44E9FD9091FB7C6CC36695F544928044BD1035FE13843692EA746AC1D34BCBADEAF52FA84FA187802C0C03BAA602C500D4B453413630F5EE66B14733930034775851CB4DB203CAD9450A8306E6F80196FC9FCF15EF7BE9613031A169EA20BD9074DC8E6D0A267FD3F125F6E25CF09189F9C8B452CCC&amp;p_error_code=&amp;p_submit_url=https%3A%2F%2Flogin-pre.sge%2Fsso%2Fauth&amp;p_cancel_url=https%3A%2F%2Fpreproduccion.sge&amp;ssousername=&amp;subscribername=</url>
</httpSample>
<httpSample t="16" lt="16" ts="1298632614882" s="false" lb="/gepa/BusquedaAction.do" rc="500" by="778">
  <responseHeader class="java.lang.String">HTTP/1.0 500 Internal Server Error
Date: Fri, 25 Feb 2011 11:16:54 GMT
Server: Oracle-Application-Server-10g/10.1.2.2.0 Oracle-HTTP-Server
Content-Type: text/html; charset=iso-8859-1
</responseHeader>
  <requestHeader class="java.lang.String">Content-Type: application/x-www-form-urlencoded
Accept-Language: es-ES
Accept: image/jpeg, application/x-ms-application, image/gif, application/xaml+xml, image/pjpeg, application/x-ms-xbap, application/vnd.ms-powerpoint, application/vnd.ms-excel, application/msword, */*
User-Agent: Mozilla/4.0 (compatible; MSIE 7.0; Windows NT 6.1; Trident/4.0; SLCC2; .NET CLR 2.0.50727; .NET CLR 3.5.30729; .NET CLR 3.0.30729; Media Center PC 6.0; MDDS; .NET4.0C)
Accept-Encoding: gzip, deflate
Referer: http://picasso:8888/gepa/ConexionAction.do;jsessionid=eb634fe5b58b0bcb96508261e275709f9c8e236e3e15aeb347f0741aac2dda55
Pragma: no-cache
</requestHeader>
  <cookies class="java.lang.String"></cookies>
  <method class="java.lang.String">POST</method>
  <queryString class="java.lang.String">accion=buscar&amp;modo=rapida&amp;avanzadaDesplegada=false&amp;descElemPesado=&amp;identificacionRapida=&amp;nombreRapida=&amp;apellido1Rapida=&amp;apellido2Rapida=&amp;anyoRapida=&amp;numeroRapida=&amp;desdeRapida=&amp;hastaRapida=&amp;tramiteRapida=-1&amp;estadoRapida=-1&amp;idBusqueda=-1&amp;idClases=26&amp;metaTipo0=STRING&amp;metaTipo1=STRING&amp;metaTipo2=LISTA&amp;metaTipo3=STRING&amp;metaTipo4=LISTA_PESADA&amp;metaTipo5=STRING&amp;metaTipo6=LISTA&amp;metaTipo7=STRING&amp;metaTipo8=STRING&amp;metaTipo9=STRING&amp;metaTipo10=STRING&amp;metaTipo11=STRING&amp;metaTipo12=STRING&amp;metaTipo13=LISTA&amp;metaTipo14=STRING&amp;metaTipo15=TIMESTAMP&amp;metaTipo16=TIMESTAMP&amp;metaTipo17=TIMESTAMP&amp;metaTipo18=LISTA&amp;metaTipo19=LISTA_PESADA&amp;metaTipo20=STRING&amp;metaTipo21=STRING&amp;metaTipo22=STRING&amp;metaTipo23=STRING&amp;metaTipo24=STRING&amp;metaTipo25=LISTA_PESADA&amp;metaTipo26=LISTA&amp;metaTipo27=STRING&amp;metaTipo28=LISTA&amp;metaTipo29=STRING&amp;metaTipo30=STRING&amp;metaTipo31=INTEGER&amp;metaTipo32=STRING&amp;metaTipo33=STRING&amp;metaTipo34=STRING&amp;metaTipo35=LISTA&amp;metaTipo36=LISTA&amp;metaTipo37=LISTA&amp;metaTipo38=STRING&amp;metaTipo39=SEPARADOR&amp;metaTipo40=BOOLEAN&amp;metaTipo41=STRING&amp;metaTipo42=STRING&amp;metaTipo43=STRING&amp;metaTipo44=LISTA&amp;metaTipo45=BOOLEAN&amp;metaTipo46=BOOLEAN&amp;metaTipo47=BOOLEAN&amp;metaTipo48=STRING&amp;metaTipo49=TIMESTAMP&amp;metaTipo50=TIMESTAMP&amp;metaTipo51=TIMESTAMP&amp;metaTipo52=TIMESTAMP&amp;metaTipo53=TIMESTAMP&amp;metaTipo54=TIMESTAMP&amp;metaTipo55=TIMESTAMP&amp;metaTipo56=TIMESTAMP&amp;metaTipo57=TIMESTAMP&amp;metaTipo58=TIMESTAMP&amp;metaTipo59=TIMESTAMP&amp;metaTipo60=TIMESTAMP&amp;metaTipo61=TIMESTAMP&amp;metaTipo62=TIMESTAMP&amp;metaTipo63=TIMESTAMP&amp;metaTipo64=LISTA&amp;metaTipo65=LISTA&amp;metaTipo66=LISTA&amp;metaTipo67=DOUBLE&amp;metaTipo68=DOUBLE&amp;metaTipo69=DOUBLE&amp;metaTipo70=DOUBLE&amp;metaTipo71=DOUBLE&amp;metaTipo72=DOUBLE&amp;metaTipo73=DOUBLE&amp;metaTipo74=BOOLEAN&amp;metaTipo75=LISTA&amp;metaTipo76=STRING&amp;metaTipo77=STRING&amp;metaTipo78=STRING&amp;metaTipo79=STRING&amp;metaTipo80=STRING&amp;metaTipo81=STRING&amp;metaTipo82=STRING&amp;metaTipo83=BOOLEAN&amp;metaTipo84=BOOLEAN&amp;metaTipo85=STRING&amp;metaTipo86=LISTA&amp;metaTipo87=LISTA&amp;metaTipo88=LISTA_PESADA&amp;metaTipo89=LISTA&amp;metaTipo90=LISTA&amp;metaTipo91=STRING&amp;metaTipo92=LISTA&amp;metaTipo93=STRING&amp;metaTipo94=STRING&amp;metaTipo95=LISTA&amp;metaTipo96=LISTA&amp;metaTipo97=LISTA&amp;metaTipo98=BOOLEAN&amp;metaTipo99=LISTA&amp;metaTipo100=BOOLEAN&amp;metaTipo101=LISTA&amp;metaTipo102=LISTA&amp;metaTipo103=BOOLEAN&amp;metaTipo104=BOOLEAN&amp;metaTipo105=LISTA&amp;metaTipo106=LISTA&amp;metaTipo107=LISTA&amp;metaTipo108=LISTA&amp;metaTipo109=LISTA&amp;metaTipo110=STRING&amp;metaTipo111=LISTA&amp;valor=&amp;valorPesado=&amp;lista37=-1&amp;lista36=-1&amp;lista35=-1&amp;lista99=-1&amp;lista109=-1&amp;lista66=-1&amp;lista98=-1&amp;lista108=-1&amp;lista65=-1&amp;lista97=-1&amp;lista107=-1&amp;lista64=-1&amp;lista96=-1&amp;lista106=-1&amp;lista95=-1&amp;lista105=-1&amp;lista104=-1&amp;lista92=-1&amp;lista103=-1&amp;lista102=-1&amp;lista90=-1&amp;lista101=-1&amp;lista100=-1&amp;lista28=-1&amp;lista26=-1&amp;lista89=-1&amp;lista87=-1&amp;lista86=-1&amp;lista6=-1&amp;lista84=-1&amp;lista83=-1&amp;lista2=-1&amp;lista18=-1&amp;lista47=-1&amp;lista46=-1&amp;lista13=-1&amp;lista45=-1&amp;lista44=-1&amp;lista75=-1&amp;lista74=-1&amp;lista40=-1&amp;lista111=-1</queryString>
  <url>https://preproduccion.sge:443/gepa/BusquedaAction.do</url>
</httpSample>
<httpSample t="172" lt="0" ts="1298632614898" s="true" lb="/gepa/scripts/scriptaculous/scriptaculous.js" rc="200" by="5068">
  <responseHeader class="java.lang.String">HTTP/1.0 200 OK
Date: Fri, 25 Feb 2011 11:16:54 GMT
Server: Oracle-Application-Server-10g/10.1.2.2.0 Oracle-HTTP-Server
Content-Length: 5068
Set-Cookie: JSESSIONID=86ea2fa7959fadcacefc4ab5f5d620ecf0e2652c97ff947f2a02235c4bc82b40.e3eSbhiLaNyPe3yNbNyQc3qSai1BqBjKpPXxqAa; path=/login
Content-Type: text/html; charset=ISO-8859-1
</responseHeader>
  <requestHeader class="java.lang.String">Accept-Language: es-ES
Accept: */*
User-Agent: Mozilla/4.0 (compatible; MSIE 7.0; Windows NT 6.1; Trident/4.0; SLCC2; .NET CLR 2.0.50727; .NET CLR 3.5.30729; .NET CLR 3.0.30729; Media Center PC 6.0; MDDS; .NET4.0C)
Accept-Encoding: gzip, deflate
Referer: http://picasso:8888/gepa/BusquedaAction.do
</requestHeader>
  <cookies class="java.lang.String"></cookies>
  <method class="java.lang.String">GET</method>
  <queryString class="java.lang.String"></queryString>
  <redirectLocation class="java.lang.String">https://login-pre.sge/pls/orasso/orasso.wwsso_app_admin.ls_login?Site2pstoreToken=v1.4~CEF0A91F~692248156EC5BE8504C36B2B10F36CDEF81662F6100A2C4DF7330F3ABF7045EBFDABD6C19766CB51EC4D7C0429CFB9B78A0810DCEE9063EFF1805EC8A1FF9AB99867D634FA097D631C03E46F3CDB48F03FF1F55DDA58C14AAB71154E83822FD7080F97297E84FAD2A677CC0BCFD61E7C9CAB6D66987AA0034F622FBE55D62AF0E8B910E97C2CADCE548B76FFA5DAF1676D4A96860038A30F8DEBD44E9FD9091FB7C6CC36695F544928044BD1035FE13843692EA746AC1D34BCBADEAF52FA84FA187802C0C03BAA602C500D4B453413630F5EE66B14733930034775851CB4DB203CAD9450A8306E6F80196FC9FCF15EF7BE9613031A169EA20BD9074DC8E6D0A267FD3F125F6E25CF09189F9C8B452CCC</redirectLocation>
  <url>https://preproduccion.sge/login/login.jsp?site2pstoretoken=v1.4~CEF0A91F~692248156EC5BE8504C36B2B10F36CDEF81662F6100A2C4DF7330F3ABF7045EBFDABD6C19766CB51EC4D7C0429CFB9B78A0810DCEE9063EFF1805EC8A1FF9AB99867D634FA097D631C03E46F3CDB48F03FF1F55DDA58C14AAB71154E83822FD7080F97297E84FAD2A677CC0BCFD61E7C9CAB6D66987AA0034F622FBE55D62AF0E8B910E97C2CADCE548B76FFA5DAF1676D4A96860038A30F8DEBD44E9FD9091FB7C6CC36695F544928044BD1035FE13843692EA746AC1D34BCBADEAF52FA84FA187802C0C03BAA602C500D4B453413630F5EE66B14733930034775851CB4DB203CAD9450A8306E6F80196FC9FCF15EF7BE9613031A169EA20BD9074DC8E6D0A267FD3F125F6E25CF09189F9C8B452CCC&amp;p_error_code=&amp;p_submit_url=https%3A%2F%2Flogin-pre.sge%2Fsso%2Fauth&amp;p_cancel_url=https%3A%2F%2Fpreproduccion.sge&amp;ssousername=&amp;subscribername=</url>
</httpSample>
<httpSample t="187" lt="0" ts="1298632615070" s="true" lb="/gepa/ResultadoBusquedaAction.do" rc="200" by="5004">
  <responseHeader class="java.lang.String">HTTP/1.0 200 OK
Date: Fri, 25 Feb 2011 11:16:55 GMT
Server: Oracle-Application-Server-10g/10.1.2.2.0 Oracle-HTTP-Server
Content-Length: 5004
Set-Cookie: JSESSIONID=2ad604f2c21f4adda1aa86e98c241076d37fd1e6c82919898af15a7dbee1c32e.e38Ob3aOaheRe34Mb3qSax0Pahz0nR9Pq6XteP93; path=/login
Content-Type: text/html; charset=ISO-8859-1
</responseHeader>
  <requestHeader class="java.lang.String">Accept-Language: es-ES
Accept: image/jpeg, application/x-ms-application, image/gif, application/xaml+xml, image/pjpeg, application/x-ms-xbap, application/vnd.ms-powerpoint, application/vnd.ms-excel, application/msword, */*
User-Agent: Mozilla/4.0 (compatible; MSIE 7.0; Windows NT 6.1; Trident/4.0; SLCC2; .NET CLR 2.0.50727; .NET CLR 3.5.30729; .NET CLR 3.0.30729; Media Center PC 6.0; MDDS; .NET4.0C)
Accept-Encoding: gzip, deflate
Referer: http://picasso:8888/gepa/BusquedaAction.do
</requestHeader>
  <cookies class="java.lang.String"></cookies>
  <method class="java.lang.String">GET</method>
  <queryString class="java.lang.String"></queryString>
  <redirectLocation class="java.lang.String">https://login-pre.sge/pls/orasso/orasso.wwsso_app_admin.ls_login?Site2pstoreToken=v1.4~CEF0A91F~386350EC7E1B25AEAC19D4557F477B6BACB2ED90CEF6B7936BC4D7FD8B6079810214D1D4114D192EF8AE4646DFBF484340662C4A0025C2F7B915045EE8CF640EB3BA743CA04E811E22201A26E58BA707869C5509B7A14ED53404438EF77603FA086BFC9E1B914E25EE85BE6CC00A7A58C0AE28F41BD9CDCA1795CFC2DD09B3291EBC7B02C849549D5831BEAEDD6AAF93728A406ED6BC3069AEF011116F8E9E6D6B949A2421A5600BECE5C9C8AD866317E390A8CB39443DA92635D21105218F34A215EBAA438DD564B2CFDDFCDAE46A9207221AEFDEAE28DB137042FC24740434D28438A322A46BA4A8DC64880D99C7C84CA13A2861D5B900263B53021DF4B0DC</redirectLocation>
  <url>https://preproduccion.sge/login/login.jsp?site2pstoretoken=v1.4~CEF0A91F~386350EC7E1B25AEAC19D4557F477B6BACB2ED90CEF6B7936BC4D7FD8B6079810214D1D4114D192EF8AE4646DFBF484340662C4A0025C2F7B915045EE8CF640EB3BA743CA04E811E22201A26E58BA707869C5509B7A14ED53404438EF77603FA086BFC9E1B914E25EE85BE6CC00A7A58C0AE28F41BD9CDCA1795CFC2DD09B3291EBC7B02C849549D5831BEAEDD6AAF93728A406ED6BC3069AEF011116F8E9E6D6B949A2421A5600BECE5C9C8AD866317E390A8CB39443DA92635D21105218F34A215EBAA438DD564B2CFDDFCDAE46A9207221AEFDEAE28DB137042FC24740434D28438A322A46BA4A8DC64880D99C7C84CA13A2861D5B900263B53021DF4B0DC&amp;p_error_code=&amp;p_submit_url=https%3A%2F%2Flogin-pre.sge%2Fsso%2Fauth&amp;p_cancel_url=https%3A%2F%2Fpreproduccion.sge&amp;ssousername=&amp;subscribername=</url>
</httpSample>
<httpSample t="188" lt="0" ts="1298632615257" s="true" lb="/gepa/scripts/scriptaculous/scriptaculous.js" rc="200" by="5068">
  <responseHeader class="java.lang.String">HTTP/1.0 200 OK
Date: Fri, 25 Feb 2011 11:16:55 GMT
Server: Oracle-Application-Server-10g/10.1.2.2.0 Oracle-HTTP-Server
Content-Length: 5068
Set-Cookie: JSESSIONID=88d2fecf92c7f841800f4941cc11f0ff44eef5799f3cdcea967aa0e8dae405b2.e3eSbhiLaNyPe3yNbNyQc3qSai1BqBjKpPXxqAa; path=/login
Content-Type: text/html; charset=ISO-8859-1
</responseHeader>
  <requestHeader class="java.lang.String">Accept-Language: es-ES
Accept: */*
User-Agent: Mozilla/4.0 (compatible; MSIE 7.0; Windows NT 6.1; Trident/4.0; SLCC2; .NET CLR 2.0.50727; .NET CLR 3.5.30729; .NET CLR 3.0.30729; Media Center PC 6.0; MDDS; .NET4.0C)
Accept-Encoding: gzip, deflate
Referer: http://picasso:8888/gepa/ResultadoBusquedaAction.do?accion=gestionExp&amp;indice=0
</requestHeader>
  <cookies class="java.lang.String"></cookies>
  <method class="java.lang.String">GET</method>
  <queryString class="java.lang.String"></queryString>
  <redirectLocation class="java.lang.String">https://login-pre.sge/pls/orasso/orasso.wwsso_app_admin.ls_login?Site2pstoreToken=v1.4~CEF0A91F~386350EC7E1B25AEAC19D4557F477B6BACB2ED90CEF6B7936BC4D7FD8B6079810214D1D4114D192EF8AE4646DFBF484340662C4A0025C2F7B915045EE8CF640EB3BA743CA04E811E22201A26E58BA707869C5509B7A14ED53404438EF77603FA08C3C8718BC6993B927CF61FE5CBDA6B0A9A371F331B6A231BBFE95105801C0003166B6A36A850989F43857EB99700079E4C25E24C45518AA924E499E60E12961E8FA024E98138A7460DDBFC5A898A7FAEC0F47CCCE39F42DE57450147F09B22CFF45016F8C94CC7414FEACEEB514C4E05D42C7179654A6B735D7C46B8D07D3DA8632F5B8D0BC85775BAB635996BCDC2E96084425E32FDDB89206A02EF327D6BB501946D93F4F0DD985C66740416A126</redirectLocation>
  <url>https://preproduccion.sge/login/login.jsp?site2pstoretoken=v1.4~CEF0A91F~386350EC7E1B25AEAC19D4557F477B6BACB2ED90CEF6B7936BC4D7FD8B6079810214D1D4114D192EF8AE4646DFBF484340662C4A0025C2F7B915045EE8CF640EB3BA743CA04E811E22201A26E58BA707869C5509B7A14ED53404438EF77603FA08C3C8718BC6993B927CF61FE5CBDA6B0A9A371F331B6A231BBFE95105801C0003166B6A36A850989F43857EB99700079E4C25E24C45518AA924E499E60E12961E8FA024E98138A7460DDBFC5A898A7FAEC0F47CCCE39F42DE57450147F09B22CFF45016F8C94CC7414FEACEEB514C4E05D42C7179654A6B735D7C46B8D07D3DA8632F5B8D0BC85775BAB635996BCDC2E96084425E32FDDB89206A02EF327D6BB501946D93F4F0DD985C66740416A126&amp;p_error_code=&amp;p_submit_url=https%3A%2F%2Flogin-pre.sge%2Fsso%2Fauth&amp;p_cancel_url=https%3A%2F%2Fpreproduccion.sge&amp;ssousername=&amp;subscribername=</url>
</httpSample>
<httpSample t="187" lt="0" ts="1298632615445" s="true" lb="/gepa/ConexionAction.do" rc="200" by="5420">
  <responseHeader class="java.lang.String">HTTP/1.0 200 OK
Date: Fri, 25 Feb 2011 11:16:55 GMT
Server: Oracle-Application-Server-10g/10.1.2.2.0 Oracle-HTTP-Server
Content-Length: 5420
Set-Cookie: JSESSIONID=bcb2970049289529dc512436c3cd0dadecbd03cde605a85b2683a58473bab326.e38Ob3aOaheRe34Mb3qSax0Pahz0nR9Pq6XteP93; path=/login
Content-Type: text/html; charset=ISO-8859-1
</responseHeader>
  <requestHeader class="java.lang.String">Accept-Language: es
Accept: */*
User-Agent: Mozilla/4.0 (compatible; MSIE 7.0; Windows NT 6.1; Trident/4.0; SLCC2; .NET CLR 2.0.50727; .NET CLR 3.5.30729; .NET CLR 3.0.30729; Media Center PC 6.0; MDDS; .NET4.0C)
Accept-Encoding: gzip, deflate
</requestHeader>
  <cookies class="java.lang.String"></cookies>
  <method class="java.lang.String">GET</method>
  <queryString class="java.lang.String"></queryString>
  <redirectLocation class="java.lang.String">https://login-pre.sge/pls/orasso/orasso.wwsso_app_admin.ls_login?Site2pstoreToken=v1.4~CEF0A91F~386350EC7E1B25AEAC19D4557F477B6BACB2ED90CEF6B7936BC4D7FD8B6079810214D1D4114D192EF8AE4646DFBF484340662C4A0025C2F7B915045EE8CF640EB3BA743CA04E811E22201A26E58BA707869C5509B7A14ED53404438EF77603FA8673B1D7CB46DC84CD7F4971D7A97E76F4822D9F05B426202471D73BEE3BFC7C04B28E1F9BBB9DADC2E6265408A0C91BE764B7E830B57BD0E8F5B9C69CC952C03DE92AEAF54E4B1E2ADE0036A05FFAD0F76999AA59564B6E8D0D5A3708C824921C9AB02435ABA203BC9C1EFD1F49944D112001F5AFD30F597C8E73C2E062717CF7F3751BB95C0D4AFE57FFE1F872988286AAC65B46E013CD1C92141921AE3F7582537EB440E1B8A35618EA553B44F15061266BB2C6F109D383331B1252EC6B5128EDB2915B22A16A0742D08E1A97B517F3BA97988848976E1F2BCBD7DDDB44589BD8AF131BA17F30A34A824275F92E33F0830BB6AA18D45F50279C95252702383840AF3749574CFE</redirectLocation>
  <url>https://preproduccion.sge/login/login.jsp?site2pstoretoken=v1.4~CEF0A91F~386350EC7E1B25AEAC19D4557F477B6BACB2ED90CEF6B7936BC4D7FD8B6079810214D1D4114D192EF8AE4646DFBF484340662C4A0025C2F7B915045EE8CF640EB3BA743CA04E811E22201A26E58BA707869C5509B7A14ED53404438EF77603FA8673B1D7CB46DC84CD7F4971D7A97E76F4822D9F05B426202471D73BEE3BFC7C04B28E1F9BBB9DADC2E6265408A0C91BE764B7E830B57BD0E8F5B9C69CC952C03DE92AEAF54E4B1E2ADE0036A05FFAD0F76999AA59564B6E8D0D5A3708C824921C9AB02435ABA203BC9C1EFD1F49944D112001F5AFD30F597C8E73C2E062717CF7F3751BB95C0D4AFE57FFE1F872988286AAC65B46E013CD1C92141921AE3F7582537EB440E1B8A35618EA553B44F15061266BB2C6F109D383331B1252EC6B5128EDB2915B22A16A0742D08E1A97B517F3BA97988848976E1F2BCBD7DDDB44589BD8AF131BA17F30A34A824275F92E33F0830BB6AA18D45F50279C95252702383840AF3749574CFE&amp;p_error_code=&amp;p_submit_url=https%3A%2F%2Flogin-pre.sge%2Fsso%2Fauth&amp;p_cancel_url=https%3A%2F%2Fpreproduccion.sge&amp;ssousername=&amp;subscribername=</url>
</httpSample>
<httpSample t="188" lt="0" ts="1298632615632" s="true" lb="/gepa/scripts/scriptaculous/scriptaculous.js" rc="200" by="5068">
  <responseHeader class="java.lang.String">HTTP/1.0 200 OK
Date: Fri, 25 Feb 2011 11:16:55 GMT
Server: Oracle-Application-Server-10g/10.1.2.2.0 Oracle-HTTP-Server
Content-Length: 5068
Set-Cookie: JSESSIONID=bfaeeab7aa3223e851f82ed1aec1d50a179189af03d971adfc51b4e1910d9755.e3eSbhiLaNyPe3yNbNyQc3qSai1BqBjKpPXxqAa; path=/login
Content-Type: text/html; charset=ISO-8859-1
</responseHeader>
  <requestHeader class="java.lang.String">Accept-Language: es-ES
Accept: */*
User-Agent: Mozilla/4.0 (compatible; MSIE 7.0; Windows NT 6.1; Trident/4.0; SLCC2; .NET CLR 2.0.50727; .NET CLR 3.5.30729; .NET CLR 3.0.30729; Media Center PC 6.0; MDDS; .NET4.0C)
Accept-Encoding: gzip, deflate
Referer: http://picasso:8888/gepa/ConexionAction.do?POSTDATA=variosPerfiles=true&amp;accion=iniciar&amp;codigoEntidad=DYS&amp;codigo=jcnegredo&amp;contrasenya=dysmatica&amp;rolSeleccionado=25
</requestHeader>
  <cookies class="java.lang.String"></cookies>
  <method class="java.lang.String">GET</method>
  <queryString class="java.lang.String"></queryString>
  <redirectLocation class="java.lang.String">https://login-pre.sge/pls/orasso/orasso.wwsso_app_admin.ls_login?Site2pstoreToken=v1.4~CEF0A91F~386350EC7E1B25AEAC19D4557F477B6BACB2ED90CEF6B7936BC4D7FD8B6079810214D1D4114D192EF8AE4646DFBF484340662C4A0025C2F7B915045EE8CF640EB3BA743CA04E811E22201A26E58BA707869C5509B7A14ED53404438EF77603FA08C3C8718BC6993B927CF61FE5CBDA6B0A9A371F331B6A231BBFE95105801C0003166B6A36A850989F43857EB99700079E4C25E24C45518AA924E499E60E12961E8FA024E98138A7460DDBFC5A898A7FAEC0F47CCCE39F42DE57450147F09B22CFF45016F8C94CC7414FEACEEB514C4E05D42C7179654A6B735D7C46B8D07D3DA8632F5B8D0BC85775BAB635996BCDC2E96084425E32FDDB89206A02EF327D6BB501946D93F4F0DD985C66740416A126</redirectLocation>
  <url>https://preproduccion.sge/login/login.jsp?site2pstoretoken=v1.4~CEF0A91F~386350EC7E1B25AEAC19D4557F477B6BACB2ED90CEF6B7936BC4D7FD8B6079810214D1D4114D192EF8AE4646DFBF484340662C4A0025C2F7B915045EE8CF640EB3BA743CA04E811E22201A26E58BA707869C5509B7A14ED53404438EF77603FA08C3C8718BC6993B927CF61FE5CBDA6B0A9A371F331B6A231BBFE95105801C0003166B6A36A850989F43857EB99700079E4C25E24C45518AA924E499E60E12961E8FA024E98138A7460DDBFC5A898A7FAEC0F47CCCE39F42DE57450147F09B22CFF45016F8C94CC7414FEACEEB514C4E05D42C7179654A6B735D7C46B8D07D3DA8632F5B8D0BC85775BAB635996BCDC2E96084425E32FDDB89206A02EF327D6BB501946D93F4F0DD985C66740416A126&amp;p_error_code=&amp;p_submit_url=https%3A%2F%2Flogin-pre.sge%2Fsso%2Fauth&amp;p_cancel_url=https%3A%2F%2Fpreproduccion.sge&amp;ssousername=&amp;subscribername=</url>
</httpSample>
<httpSample t="31" lt="31" ts="1298632615820" s="false" lb="/gepa/ConexionAction.do;jsessionid=eb634fe5b58b0bcb96508261e275709f9c8e236e3e15aeb347f0741aac2dda55" rc="500" by="778">
  <responseHeader class="java.lang.String">HTTP/1.0 500 Internal Server Error
Date: Fri, 25 Feb 2011 11:16:55 GMT
Server: Oracle-Application-Server-10g/10.1.2.2.0 Oracle-HTTP-Server
Content-Type: text/html; charset=iso-8859-1
</responseHeader>
  <requestHeader class="java.lang.String">Content-Type: application/x-www-form-urlencoded
Accept-Language: es-ES
Accept: image/jpeg, application/x-ms-application, image/gif, application/xaml+xml, image/pjpeg, application/x-ms-xbap, application/vnd.ms-powerpoint, application/vnd.ms-excel, application/msword, */*
User-Agent: Mozilla/4.0 (compatible; MSIE 7.0; Windows NT 6.1; Trident/4.0; SLCC2; .NET CLR 2.0.50727; .NET CLR 3.5.30729; .NET CLR 3.0.30729; Media Center PC 6.0; MDDS; .NET4.0C)
Accept-Encoding: gzip, deflate
Referer: http://picasso:8888/gepa/ConexionAction.do?POSTDATA=variosPerfiles=true&amp;accion=iniciar&amp;codigoEntidad=DYS&amp;codigo=jcnegredo&amp;contrasenya=dysmatica&amp;rolSeleccionado=25
Pragma: no-cache
</requestHeader>
  <cookies class="java.lang.String"></cookies>
  <method class="java.lang.String">POST</method>
  <queryString class="java.lang.String">variosPerfiles=true&amp;accion=seleccionarPerfil&amp;codigoEntidad=DYS&amp;rolSeleccionado=25</queryString>
  <url>https://preproduccion.sge:443/gepa/ConexionAction.do;jsessionid=eb634fe5b58b0bcb96508261e275709f9c8e236e3e15aeb347f0741aac2dda55</url>
</httpSample>
<httpSample t="172" lt="0" ts="1298632615851" s="true" lb="/gepa/scripts/scriptaculous/scriptaculous.js" rc="200" by="5068">
  <responseHeader class="java.lang.String">HTTP/1.0 200 OK
Date: Fri, 25 Feb 2011 11:16:55 GMT
Server: Oracle-Application-Server-10g/10.1.2.2.0 Oracle-HTTP-Server
Content-Length: 5068
Set-Cookie: JSESSIONID=0baa271c55d007342665cb67053ffb43e8aefec51eaf0d5410830712ec61d4c0.e3eSbhiLaNyPe3yNbNyQc3qSai1BqBjKpPXxqAa; path=/login
Content-Type: text/html; charset=ISO-8859-1
</responseHeader>
  <requestHeader class="java.lang.String">Accept-Language: es-ES
Accept: */*
User-Agent: Mozilla/4.0 (compatible; MSIE 7.0; Windows NT 6.1; Trident/4.0; SLCC2; .NET CLR 2.0.50727; .NET CLR 3.5.30729; .NET CLR 3.0.30729; Media Center PC 6.0; MDDS; .NET4.0C)
Accept-Encoding: gzip, deflate
Referer: http://picasso:8888/gepa/ConexionAction.do;jsessionid=eb634fe5b58b0bcb96508261e275709f9c8e236e3e15aeb347f0741aac2dda55
</requestHeader>
  <cookies class="java.lang.String"></cookies>
  <method class="java.lang.String">GET</method>
  <queryString class="java.lang.String"></queryString>
  <redirectLocation class="java.lang.String">https://login-pre.sge/pls/orasso/orasso.wwsso_app_admin.ls_login?Site2pstoreToken=v1.4~CEF0A91F~386350EC7E1B25AEAC19D4557F477B6BACB2ED90CEF6B7936BC4D7FD8B6079810214D1D4114D192EF8AE4646DFBF484340662C4A0025C2F7B915045EE8CF640EB3BA743CA04E811E22201A26E58BA707869C5509B7A14ED53404438EF77603FA08C3C8718BC6993B927CF61FE5CBDA6B0A9A371F331B6A231BBFE95105801C0003166B6A36A850989F43857EB99700079E4C25E24C45518AA924E499E60E12961E8FA024E98138A7460DDBFC5A898A7FAEC0F47CCCE39F42DE57450147F09B22CFF45016F8C94CC7414FEACEEB514C4E05D42C7179654A6B735D7C46B8D07D3DA8632F5B8D0BC85775BAB635996BCDC2E96084425E32FDDB89206A02EF327D6BB501946D93F4F0DD985C66740416A126</redirectLocation>
  <url>https://preproduccion.sge/login/login.jsp?site2pstoretoken=v1.4~CEF0A91F~386350EC7E1B25AEAC19D4557F477B6BACB2ED90CEF6B7936BC4D7FD8B6079810214D1D4114D192EF8AE4646DFBF484340662C4A0025C2F7B915045EE8CF640EB3BA743CA04E811E22201A26E58BA707869C5509B7A14ED53404438EF77603FA08C3C8718BC6993B927CF61FE5CBDA6B0A9A371F331B6A231BBFE95105801C0003166B6A36A850989F43857EB99700079E4C25E24C45518AA924E499E60E12961E8FA024E98138A7460DDBFC5A898A7FAEC0F47CCCE39F42DE57450147F09B22CFF45016F8C94CC7414FEACEEB514C4E05D42C7179654A6B735D7C46B8D07D3DA8632F5B8D0BC85775BAB635996BCDC2E96084425E32FDDB89206A02EF327D6BB501946D93F4F0DD985C66740416A126&amp;p_error_code=&amp;p_submit_url=https%3A%2F%2Flogin-pre.sge%2Fsso%2Fauth&amp;p_cancel_url=https%3A%2F%2Fpreproduccion.sge&amp;ssousername=&amp;subscribername=</url>
</httpSample>
<httpSample t="15" lt="15" ts="1298632616039" s="false" lb="/gepa/BusquedaAction.do" rc="500" by="778">
  <responseHeader class="java.lang.String">HTTP/1.0 500 Internal Server Error
Date: Fri, 25 Feb 2011 11:16:56 GMT
Server: Oracle-Application-Server-10g/10.1.2.2.0 Oracle-HTTP-Server
Content-Type: text/html; charset=iso-8859-1
</responseHeader>
  <requestHeader class="java.lang.String">Content-Type: application/x-www-form-urlencoded
Accept-Language: es-ES
Accept: image/jpeg, application/x-ms-application, image/gif, application/xaml+xml, image/pjpeg, application/x-ms-xbap, application/vnd.ms-powerpoint, application/vnd.ms-excel, application/msword, */*
User-Agent: Mozilla/4.0 (compatible; MSIE 7.0; Windows NT 6.1; Trident/4.0; SLCC2; .NET CLR 2.0.50727; .NET CLR 3.5.30729; .NET CLR 3.0.30729; Media Center PC 6.0; MDDS; .NET4.0C)
Accept-Encoding: gzip, deflate
Referer: http://picasso:8888/gepa/ConexionAction.do;jsessionid=eb634fe5b58b0bcb96508261e275709f9c8e236e3e15aeb347f0741aac2dda55
Pragma: no-cache
</requestHeader>
  <cookies class="java.lang.String"></cookies>
  <method class="java.lang.String">POST</method>
  <queryString class="java.lang.String">accion=buscar&amp;modo=rapida&amp;avanzadaDesplegada=false&amp;descElemPesado=&amp;identificacionRapida=&amp;nombreRapida=&amp;apellido1Rapida=&amp;apellido2Rapida=&amp;anyoRapida=&amp;numeroRapida=&amp;desdeRapida=&amp;hastaRapida=&amp;tramiteRapida=-1&amp;estadoRapida=-1&amp;idBusqueda=-1&amp;idClases=26&amp;metaTipo0=STRING&amp;metaTipo1=STRING&amp;metaTipo2=LISTA&amp;metaTipo3=STRING&amp;metaTipo4=LISTA_PESADA&amp;metaTipo5=STRING&amp;metaTipo6=LISTA&amp;metaTipo7=STRING&amp;metaTipo8=STRING&amp;metaTipo9=STRING&amp;metaTipo10=STRING&amp;metaTipo11=STRING&amp;metaTipo12=STRING&amp;metaTipo13=LISTA&amp;metaTipo14=STRING&amp;metaTipo15=TIMESTAMP&amp;metaTipo16=TIMESTAMP&amp;metaTipo17=TIMESTAMP&amp;metaTipo18=LISTA&amp;metaTipo19=LISTA_PESADA&amp;metaTipo20=STRING&amp;metaTipo21=STRING&amp;metaTipo22=STRING&amp;metaTipo23=STRING&amp;metaTipo24=STRING&amp;metaTipo25=LISTA_PESADA&amp;metaTipo26=LISTA&amp;metaTipo27=STRING&amp;metaTipo28=LISTA&amp;metaTipo29=STRING&amp;metaTipo30=STRING&amp;metaTipo31=INTEGER&amp;metaTipo32=STRING&amp;metaTipo33=STRING&amp;metaTipo34=STRING&amp;metaTipo35=LISTA&amp;metaTipo36=LISTA&amp;metaTipo37=LISTA&amp;metaTipo38=STRING&amp;metaTipo39=SEPARADOR&amp;metaTipo40=BOOLEAN&amp;metaTipo41=STRING&amp;metaTipo42=STRING&amp;metaTipo43=STRING&amp;metaTipo44=LISTA&amp;metaTipo45=BOOLEAN&amp;metaTipo46=BOOLEAN&amp;metaTipo47=BOOLEAN&amp;metaTipo48=STRING&amp;metaTipo49=TIMESTAMP&amp;metaTipo50=TIMESTAMP&amp;metaTipo51=TIMESTAMP&amp;metaTipo52=TIMESTAMP&amp;metaTipo53=TIMESTAMP&amp;metaTipo54=TIMESTAMP&amp;metaTipo55=TIMESTAMP&amp;metaTipo56=TIMESTAMP&amp;metaTipo57=TIMESTAMP&amp;metaTipo58=TIMESTAMP&amp;metaTipo59=TIMESTAMP&amp;metaTipo60=TIMESTAMP&amp;metaTipo61=TIMESTAMP&amp;metaTipo62=TIMESTAMP&amp;metaTipo63=TIMESTAMP&amp;metaTipo64=LISTA&amp;metaTipo65=LISTA&amp;metaTipo66=LISTA&amp;metaTipo67=DOUBLE&amp;metaTipo68=DOUBLE&amp;metaTipo69=DOUBLE&amp;metaTipo70=DOUBLE&amp;metaTipo71=DOUBLE&amp;metaTipo72=DOUBLE&amp;metaTipo73=DOUBLE&amp;metaTipo74=BOOLEAN&amp;metaTipo75=LISTA&amp;metaTipo76=STRING&amp;metaTipo77=STRING&amp;metaTipo78=STRING&amp;metaTipo79=STRING&amp;metaTipo80=STRING&amp;metaTipo81=STRING&amp;metaTipo82=STRING&amp;metaTipo83=BOOLEAN&amp;metaTipo84=BOOLEAN&amp;metaTipo85=STRING&amp;metaTipo86=LISTA&amp;metaTipo87=LISTA&amp;metaTipo88=LISTA_PESADA&amp;metaTipo89=LISTA&amp;metaTipo90=LISTA&amp;metaTipo91=STRING&amp;metaTipo92=LISTA&amp;metaTipo93=STRING&amp;metaTipo94=STRING&amp;metaTipo95=LISTA&amp;metaTipo96=LISTA&amp;metaTipo97=LISTA&amp;metaTipo98=BOOLEAN&amp;metaTipo99=LISTA&amp;metaTipo100=BOOLEAN&amp;metaTipo101=LISTA&amp;metaTipo102=LISTA&amp;metaTipo103=BOOLEAN&amp;metaTipo104=BOOLEAN&amp;metaTipo105=LISTA&amp;metaTipo106=LISTA&amp;metaTipo107=LISTA&amp;metaTipo108=LISTA&amp;metaTipo109=LISTA&amp;metaTipo110=STRING&amp;metaTipo111=LISTA&amp;valor=&amp;valorPesado=&amp;lista37=-1&amp;lista36=-1&amp;lista35=-1&amp;lista99=-1&amp;lista109=-1&amp;lista66=-1&amp;lista98=-1&amp;lista108=-1&amp;lista65=-1&amp;lista97=-1&amp;lista107=-1&amp;lista64=-1&amp;lista96=-1&amp;lista106=-1&amp;lista95=-1&amp;lista105=-1&amp;lista104=-1&amp;lista92=-1&amp;lista103=-1&amp;lista102=-1&amp;lista90=-1&amp;lista101=-1&amp;lista100=-1&amp;lista28=-1&amp;lista26=-1&amp;lista89=-1&amp;lista87=-1&amp;lista86=-1&amp;lista6=-1&amp;lista84=-1&amp;lista83=-1&amp;lista2=-1&amp;lista18=-1&amp;lista47=-1&amp;lista46=-1&amp;lista13=-1&amp;lista45=-1&amp;lista44=-1&amp;lista75=-1&amp;lista74=-1&amp;lista40=-1&amp;lista111=-1</queryString>
  <url>https://preproduccion.sge:443/gepa/BusquedaAction.do</url>
</httpSample>
<httpSample t="188" lt="0" ts="1298632616054" s="true" lb="/gepa/scripts/scriptaculous/scriptaculous.js" rc="200" by="5068">
  <responseHeader class="java.lang.String">HTTP/1.0 200 OK
Date: Fri, 25 Feb 2011 11:16:56 GMT
Server: Oracle-Application-Server-10g/10.1.2.2.0 Oracle-HTTP-Server
Content-Length: 5068
Set-Cookie: JSESSIONID=4e8743892725b9de3c9f44f95acc52a6f3a27b5a5def0828f45d27855f76fbd5.e38Ob3aOaheRe34Mb3qSax0Pahz0nR9Pq6XteP93; path=/login
Content-Type: text/html; charset=ISO-8859-1
</responseHeader>
  <requestHeader class="java.lang.String">Accept-Language: es-ES
Accept: */*
User-Agent: Mozilla/4.0 (compatible; MSIE 7.0; Windows NT 6.1; Trident/4.0; SLCC2; .NET CLR 2.0.50727; .NET CLR 3.5.30729; .NET CLR 3.0.30729; Media Center PC 6.0; MDDS; .NET4.0C)
Accept-Encoding: gzip, deflate
Referer: http://picasso:8888/gepa/BusquedaAction.do
</requestHeader>
  <cookies class="java.lang.String"></cookies>
  <method class="java.lang.String">GET</method>
  <queryString class="java.lang.String"></queryString>
  <redirectLocation class="java.lang.String">https://login-pre.sge/pls/orasso/orasso.wwsso_app_admin.ls_login?Site2pstoreToken=v1.4~CEF0A91F~06A2787C51F002A972F70A35F6F50C14F1D243675EBD147EAE6FF376F45440EBFC582A6D15B4340789E7F30B20B39DE5C6307242E3ACE58A9974D0383F484C3DB33A84D756813F0CA5C1509D51BFB124B247FF61C1F4C7EB1ACA414F26C684367D529F75B8D6FC2181137A6357D9B7A9418D95D68FFEBD52B710BDA976149E9E201788AF7E03980105CC9C0973931D981FDC470811AFA80B8572926C4EB69D42607A51CD899F0A566F9E9B690DCA7F07F13CDE11CBE0F04723D2408250CE7D5439D153E535E7799354C429341C6DA43965C1D0EA18B1CB31B0D2B0986A30EFB01CA03F88D42CC8EEFA369CA35E4DECB68B1A462D8042F5F5B7479797FD8FE760E99C09044D9A6CE757B166192328D1D7</redirectLocation>
  <url>https://preproduccion.sge/login/login.jsp?site2pstoretoken=v1.4~CEF0A91F~06A2787C51F002A972F70A35F6F50C14F1D243675EBD147EAE6FF376F45440EBFC582A6D15B4340789E7F30B20B39DE5C6307242E3ACE58A9974D0383F484C3DB33A84D756813F0CA5C1509D51BFB124B247FF61C1F4C7EB1ACA414F26C684367D529F75B8D6FC2181137A6357D9B7A9418D95D68FFEBD52B710BDA976149E9E201788AF7E03980105CC9C0973931D981FDC470811AFA80B8572926C4EB69D42607A51CD899F0A566F9E9B690DCA7F07F13CDE11CBE0F04723D2408250CE7D5439D153E535E7799354C429341C6DA43965C1D0EA18B1CB31B0D2B0986A30EFB01CA03F88D42CC8EEFA369CA35E4DECB68B1A462D8042F5F5B7479797FD8FE760E99C09044D9A6CE757B166192328D1D7&amp;p_error_code=&amp;p_submit_url=https%3A%2F%2Flogin-pre.sge%2Fsso%2Fauth&amp;p_cancel_url=https%3A%2F%2Fpreproduccion.sge&amp;ssousername=&amp;subscribername=</url>
</httpSample>
<httpSample t="187" lt="0" ts="1298632616242" s="true" lb="/gepa/ResultadoBusquedaAction.do" rc="200" by="4972">
  <responseHeader class="java.lang.String">HTTP/1.0 200 OK
Date: Fri, 25 Feb 2011 11:16:56 GMT
Server: Oracle-Application-Server-10g/10.1.2.2.0 Oracle-HTTP-Server
Content-Length: 4972
Set-Cookie: JSESSIONID=59af8398681b8fba4e09d371e09923af4423141f9ac563cec2731230e077f5f9.e3eSbhiLaNyPe3yNbNyQc3qSai1BqBjKpPXxqAa; path=/login
Content-Type: text/html; charset=ISO-8859-1
</responseHeader>
  <requestHeader class="java.lang.String">Accept-Language: es-ES
Accept: image/jpeg, application/x-ms-application, image/gif, application/xaml+xml, image/pjpeg, application/x-ms-xbap, application/vnd.ms-powerpoint, application/vnd.ms-excel, application/msword, */*
User-Agent: Mozilla/4.0 (compatible; MSIE 7.0; Windows NT 6.1; Trident/4.0; SLCC2; .NET CLR 2.0.50727; .NET CLR 3.5.30729; .NET CLR 3.0.30729; Media Center PC 6.0; MDDS; .NET4.0C)
Accept-Encoding: gzip, deflate
Referer: http://picasso:8888/gepa/BusquedaAction.do
</requestHeader>
  <cookies class="java.lang.String"></cookies>
  <method class="java.lang.String">GET</method>
  <queryString class="java.lang.String"></queryString>
  <redirectLocation class="java.lang.String">https://login-pre.sge/pls/orasso/orasso.wwsso_app_admin.ls_login?Site2pstoreToken=v1.4~CEF0A91F~06A2787C51F002A972F70A35F6F50C14F1D243675EBD147EAE6FF376F45440EBFC582A6D15B4340789E7F30B20B39DE5C6307242E3ACE58A9974D0383F484C3DB33A84D756813F0CA5C1509D51BFB124B247FF61C1F4C7EB1ACA414F26C68436D4C0B2F58BF2C2D71DB18DA6F1C29CD8BF46CE2E7CD17316BB4B69291AE0AD1BC58BE5ABB3951D87B13D9AA7038174544E61513605D50184AC21B5EF968B0C8D3D481729A19C0C059B3E16DA2DD01127AB9573AD884657C65BE4C2AECE5EB71A369233AB7F2E5693DD7F6EA9B58B668AF14C7FFC1559C15EF9F53E6B7C5836E4D8A45E3A0C9629623E329A959380BEDFABF1B56C6655774D</redirectLocation>
  <url>https://preproduccion.sge/login/login.jsp?site2pstoretoken=v1.4~CEF0A91F~06A2787C51F002A972F70A35F6F50C14F1D243675EBD147EAE6FF376F45440EBFC582A6D15B4340789E7F30B20B39DE5C6307242E3ACE58A9974D0383F484C3DB33A84D756813F0CA5C1509D51BFB124B247FF61C1F4C7EB1ACA414F26C68436D4C0B2F58BF2C2D71DB18DA6F1C29CD8BF46CE2E7CD17316BB4B69291AE0AD1BC58BE5ABB3951D87B13D9AA7038174544E61513605D50184AC21B5EF968B0C8D3D481729A19C0C059B3E16DA2DD01127AB9573AD884657C65BE4C2AECE5EB71A369233AB7F2E5693DD7F6EA9B58B668AF14C7FFC1559C15EF9F53E6B7C5836E4D8A45E3A0C9629623E329A959380BEDFABF1B56C6655774D&amp;p_error_code=&amp;p_submit_url=https%3A%2F%2Flogin-pre.sge%2Fsso%2Fauth&amp;p_cancel_url=https%3A%2F%2Fpreproduccion.sge&amp;ssousername=&amp;subscribername=</url>
</httpSample>
<httpSample t="172" lt="0" ts="1298632616429" s="true" lb="/gepa/scripts/scriptaculous/scriptaculous.js" rc="200" by="5068">
  <responseHeader class="java.lang.String">HTTP/1.0 200 OK
Date: Fri, 25 Feb 2011 11:16:56 GMT
Server: Oracle-Application-Server-10g/10.1.2.2.0 Oracle-HTTP-Server
Content-Length: 5068
Set-Cookie: JSESSIONID=583d5d5bd42bc826d2874781d35532d7d50bda41722d366c337d15b4def21331.e38Ob3aOaheRe34Mb3qSax0Pahz0nR9Pq6XteP93; path=/login
Content-Type: text/html; charset=ISO-8859-1
</responseHeader>
  <requestHeader class="java.lang.String">Accept-Language: es-ES
Accept: */*
User-Agent: Mozilla/4.0 (compatible; MSIE 7.0; Windows NT 6.1; Trident/4.0; SLCC2; .NET CLR 2.0.50727; .NET CLR 3.5.30729; .NET CLR 3.0.30729; Media Center PC 6.0; MDDS; .NET4.0C)
Accept-Encoding: gzip, deflate
Referer: http://picasso:8888/gepa/ResultadoBusquedaAction.do?accion=gestionExp&amp;indice=0
</requestHeader>
  <cookies class="java.lang.String"></cookies>
  <method class="java.lang.String">GET</method>
  <queryString class="java.lang.String"></queryString>
  <redirectLocation class="java.lang.String">https://login-pre.sge/pls/orasso/orasso.wwsso_app_admin.ls_login?Site2pstoreToken=v1.4~CEF0A91F~06A2787C51F002A972F70A35F6F50C14F1D243675EBD147EAE6FF376F45440EBFC582A6D15B4340789E7F30B20B39DE5C6307242E3ACE58A9974D0383F484C3DB33A84D756813F0CA5C1509D51BFB124B247FF61C1F4C7EB1ACA414F26C684367D529F75B8D6FC2181137A6357D9B7A9418D95D68FFEBD52B710BDA976149E9E201788AF7E03980105CC9C0973931D981FDC470811AFA80B8572926C4EB69D42607A51CD899F0A566F9E9B690DCA7F07F13CDE11CBE0F04723D2408250CE7D5439D153E535E7799354C429341C6DA43965C1D0EA18B1CB31B0D2B0986A30EFB01CA03F88D42CC8EEFA369CA35E4DECB68B1A462D8042F5F5B7479797FD8FE760E99C09044D9A6CE757B166192328D1D7</redirectLocation>
  <url>https://preproduccion.sge/login/login.jsp?site2pstoretoken=v1.4~CEF0A91F~06A2787C51F002A972F70A35F6F50C14F1D243675EBD147EAE6FF376F45440EBFC582A6D15B4340789E7F30B20B39DE5C6307242E3ACE58A9974D0383F484C3DB33A84D756813F0CA5C1509D51BFB124B247FF61C1F4C7EB1ACA414F26C684367D529F75B8D6FC2181137A6357D9B7A9418D95D68FFEBD52B710BDA976149E9E201788AF7E03980105CC9C0973931D981FDC470811AFA80B8572926C4EB69D42607A51CD899F0A566F9E9B690DCA7F07F13CDE11CBE0F04723D2408250CE7D5439D153E535E7799354C429341C6DA43965C1D0EA18B1CB31B0D2B0986A30EFB01CA03F88D42CC8EEFA369CA35E4DECB68B1A462D8042F5F5B7479797FD8FE760E99C09044D9A6CE757B166192328D1D7&amp;p_error_code=&amp;p_submit_url=https%3A%2F%2Flogin-pre.sge%2Fsso%2Fauth&amp;p_cancel_url=https%3A%2F%2Fpreproduccion.sge&amp;ssousername=&amp;subscribername=</url>
</httpSample>
<httpSample t="188" lt="0" ts="1298632616601" s="true" lb="/gepa/ConexionAction.do" rc="200" by="5388">
  <responseHeader class="java.lang.String">HTTP/1.0 200 OK
Date: Fri, 25 Feb 2011 11:16:56 GMT
Server: Oracle-Application-Server-10g/10.1.2.2.0 Oracle-HTTP-Server
Content-Length: 5388
Set-Cookie: JSESSIONID=05a728b45ca3667107e9800a3156f10b761a0c16870b5935949f742ff3369164.e3eSbhiLaNyPe3yNbNyQc3qSai1BqBjKpPXxqAa; path=/login
Content-Type: text/html; charset=ISO-8859-1
</responseHeader>
  <requestHeader class="java.lang.String">Accept-Language: es
Accept: */*
User-Agent: Mozilla/4.0 (compatible; MSIE 7.0; Windows NT 6.1; Trident/4.0; SLCC2; .NET CLR 2.0.50727; .NET CLR 3.5.30729; .NET CLR 3.0.30729; Media Center PC 6.0; MDDS; .NET4.0C)
Accept-Encoding: gzip, deflate
</requestHeader>
  <cookies class="java.lang.String"></cookies>
  <method class="java.lang.String">GET</method>
  <queryString class="java.lang.String"></queryString>
  <redirectLocation class="java.lang.String">https://login-pre.sge/pls/orasso/orasso.wwsso_app_admin.ls_login?Site2pstoreToken=v1.4~CEF0A91F~06A2787C51F002A972F70A35F6F50C14F1D243675EBD147EAE6FF376F45440EBFC582A6D15B4340789E7F30B20B39DE5C6307242E3ACE58A9974D0383F484C3DB33A84D756813F0CA5C1509D51BFB124B247FF61C1F4C7EB1ACA414F26C6843698C7B249ECCBF05802D1E9A8FF138E189A80ED02C9E9FEB6F14E22FD37929E65F6FBB47F2942512704D45F59E3BE973DD09EA06E03E96FC7BFCC536A3B4050250827BCBD574801F252054A9D8E2FB9C586F7FD4B160224A35F740E6E5871037234624C47DC3139F899F1EDD59546CEF6613536511FABF9E54403667137D71EFD46E7AA1211C252A2F1148CEE9F53B57F1B576CA24D8D966E59F074A17C9CCB782A9B69F687F47E66E0AD0DFFD789FAB734E4936EFA31649C6F3C3DF279DCE3D0822006D9508515427CA8573D1974CC9D882162B077D12C2494FCE71BA0710ADDE6113AFF66B664338CA81E88E251279B5FF82D6EC5BBD4F813C08321DA075C49</redirectLocation>
  <url>https://preproduccion.sge/login/login.jsp?site2pstoretoken=v1.4~CEF0A91F~06A2787C51F002A972F70A35F6F50C14F1D243675EBD147EAE6FF376F45440EBFC582A6D15B4340789E7F30B20B39DE5C6307242E3ACE58A9974D0383F484C3DB33A84D756813F0CA5C1509D51BFB124B247FF61C1F4C7EB1ACA414F26C6843698C7B249ECCBF05802D1E9A8FF138E189A80ED02C9E9FEB6F14E22FD37929E65F6FBB47F2942512704D45F59E3BE973DD09EA06E03E96FC7BFCC536A3B4050250827BCBD574801F252054A9D8E2FB9C586F7FD4B160224A35F740E6E5871037234624C47DC3139F899F1EDD59546CEF6613536511FABF9E54403667137D71EFD46E7AA1211C252A2F1148CEE9F53B57F1B576CA24D8D966E59F074A17C9CCB782A9B69F687F47E66E0AD0DFFD789FAB734E4936EFA31649C6F3C3DF279DCE3D0822006D9508515427CA8573D1974CC9D882162B077D12C2494FCE71BA0710ADDE6113AFF66B664338CA81E88E251279B5FF82D6EC5BBD4F813C08321DA075C49&amp;p_error_code=&amp;p_submit_url=https%3A%2F%2Flogin-pre.sge%2Fsso%2Fauth&amp;p_cancel_url=https%3A%2F%2Fpreproduccion.sge&amp;ssousername=&amp;subscribername=</url>
</httpSample>
<httpSample t="171" lt="0" ts="1298632616789" s="true" lb="/gepa/scripts/scriptaculous/scriptaculous.js" rc="200" by="5068">
  <responseHeader class="java.lang.String">HTTP/1.0 200 OK
Date: Fri, 25 Feb 2011 11:16:56 GMT
Server: Oracle-Application-Server-10g/10.1.2.2.0 Oracle-HTTP-Server
Content-Length: 5068
Set-Cookie: JSESSIONID=820099e65699dda83f8ff85a23fdcc4378bee6bc141624ee6e5992b91d40840e.e38Ob3aOaheRe34Mb3qSax0Pahz0nR9Pq6XteP93; path=/login
Content-Type: text/html; charset=ISO-8859-1
</responseHeader>
  <requestHeader class="java.lang.String">Accept-Language: es-ES
Accept: */*
User-Agent: Mozilla/4.0 (compatible; MSIE 7.0; Windows NT 6.1; Trident/4.0; SLCC2; .NET CLR 2.0.50727; .NET CLR 3.5.30729; .NET CLR 3.0.30729; Media Center PC 6.0; MDDS; .NET4.0C)
Accept-Encoding: gzip, deflate
Referer: http://picasso:8888/gepa/ConexionAction.do?POSTDATA=variosPerfiles=true&amp;accion=iniciar&amp;codigoEntidad=DYS&amp;codigo=jcnegredo&amp;contrasenya=dysmatica&amp;rolSeleccionado=25
</requestHeader>
  <cookies class="java.lang.String"></cookies>
  <method class="java.lang.String">GET</method>
  <queryString class="java.lang.String"></queryString>
  <redirectLocation class="java.lang.String">https://login-pre.sge/pls/orasso/orasso.wwsso_app_admin.ls_login?Site2pstoreToken=v1.4~CEF0A91F~06A2787C51F002A972F70A35F6F50C14F1D243675EBD147EAE6FF376F45440EBFC582A6D15B4340789E7F30B20B39DE5C6307242E3ACE58A9974D0383F484C3DB33A84D756813F0CA5C1509D51BFB124B247FF61C1F4C7EB1ACA414F26C684367D529F75B8D6FC2181137A6357D9B7A9418D95D68FFEBD52B710BDA976149E9E201788AF7E03980105CC9C0973931D981FDC470811AFA80B8572926C4EB69D42607A51CD899F0A566F9E9B690DCA7F07F13CDE11CBE0F04723D2408250CE7D5439D153E535E7799354C429341C6DA43965C1D0EA18B1CB31B0D2B0986A30EFB01CA03F88D42CC8EEFA369CA35E4DECB68B1A462D8042F5F5B7479797FD8FE760E99C09044D9A6CE757B166192328D1D7</redirectLocation>
  <url>https://preproduccion.sge/login/login.jsp?site2pstoretoken=v1.4~CEF0A91F~06A2787C51F002A972F70A35F6F50C14F1D243675EBD147EAE6FF376F45440EBFC582A6D15B4340789E7F30B20B39DE5C6307242E3ACE58A9974D0383F484C3DB33A84D756813F0CA5C1509D51BFB124B247FF61C1F4C7EB1ACA414F26C684367D529F75B8D6FC2181137A6357D9B7A9418D95D68FFEBD52B710BDA976149E9E201788AF7E03980105CC9C0973931D981FDC470811AFA80B8572926C4EB69D42607A51CD899F0A566F9E9B690DCA7F07F13CDE11CBE0F04723D2408250CE7D5439D153E535E7799354C429341C6DA43965C1D0EA18B1CB31B0D2B0986A30EFB01CA03F88D42CC8EEFA369CA35E4DECB68B1A462D8042F5F5B7479797FD8FE760E99C09044D9A6CE757B166192328D1D7&amp;p_error_code=&amp;p_submit_url=https%3A%2F%2Flogin-pre.sge%2Fsso%2Fauth&amp;p_cancel_url=https%3A%2F%2Fpreproduccion.sge&amp;ssousername=&amp;subscribername=</url>
</httpSample>
<httpSample t="16" lt="16" ts="1298632616960" s="false" lb="/gepa/ConexionAction.do;jsessionid=eb634fe5b58b0bcb96508261e275709f9c8e236e3e15aeb347f0741aac2dda55" rc="500" by="778">
  <responseHeader class="java.lang.String">HTTP/1.0 500 Internal Server Error
Date: Fri, 25 Feb 2011 11:16:56 GMT
Server: Oracle-Application-Server-10g/10.1.2.2.0 Oracle-HTTP-Server
Content-Type: text/html; charset=iso-8859-1
</responseHeader>
  <requestHeader class="java.lang.String">Content-Type: application/x-www-form-urlencoded
Accept-Language: es-ES
Accept: image/jpeg, application/x-ms-application, image/gif, application/xaml+xml, image/pjpeg, application/x-ms-xbap, application/vnd.ms-powerpoint, application/vnd.ms-excel, application/msword, */*
User-Agent: Mozilla/4.0 (compatible; MSIE 7.0; Windows NT 6.1; Trident/4.0; SLCC2; .NET CLR 2.0.50727; .NET CLR 3.5.30729; .NET CLR 3.0.30729; Media Center PC 6.0; MDDS; .NET4.0C)
Accept-Encoding: gzip, deflate
Referer: http://picasso:8888/gepa/ConexionAction.do?POSTDATA=variosPerfiles=true&amp;accion=iniciar&amp;codigoEntidad=DYS&amp;codigo=jcnegredo&amp;contrasenya=dysmatica&amp;rolSeleccionado=25
Pragma: no-cache
</requestHeader>
  <cookies class="java.lang.String"></cookies>
  <method class="java.lang.String">POST</method>
  <queryString class="java.lang.String">variosPerfiles=true&amp;accion=seleccionarPerfil&amp;codigoEntidad=DYS&amp;rolSeleccionado=25</queryString>
  <url>https://preproduccion.sge:443/gepa/ConexionAction.do;jsessionid=eb634fe5b58b0bcb96508261e275709f9c8e236e3e15aeb347f0741aac2dda55</url>
</httpSample>
<httpSample t="188" lt="0" ts="1298632616976" s="true" lb="/gepa/scripts/scriptaculous/scriptaculous.js" rc="200" by="5068">
  <responseHeader class="java.lang.String">HTTP/1.0 200 OK
Date: Fri, 25 Feb 2011 11:16:57 GMT
Server: Oracle-Application-Server-10g/10.1.2.2.0 Oracle-HTTP-Server
Content-Length: 5068
Set-Cookie: JSESSIONID=c4ad7b9bbb45aa7058901d9df52e287e4bd14d4f4dbd82cfab0b82a910f565a1.e38Ob3aOaheRe34Mb3qSax0Pahz0nR9Pq6XteP93; path=/login
Content-Type: text/html; charset=ISO-8859-1
</responseHeader>
  <requestHeader class="java.lang.String">Accept-Language: es-ES
Accept: */*
User-Agent: Mozilla/4.0 (compatible; MSIE 7.0; Windows NT 6.1; Trident/4.0; SLCC2; .NET CLR 2.0.50727; .NET CLR 3.5.30729; .NET CLR 3.0.30729; Media Center PC 6.0; MDDS; .NET4.0C)
Accept-Encoding: gzip, deflate
Referer: http://picasso:8888/gepa/ConexionAction.do;jsessionid=eb634fe5b58b0bcb96508261e275709f9c8e236e3e15aeb347f0741aac2dda55
</requestHeader>
  <cookies class="java.lang.String"></cookies>
  <method class="java.lang.String">GET</method>
  <queryString class="java.lang.String"></queryString>
  <redirectLocation class="java.lang.String">https://login-pre.sge/pls/orasso/orasso.wwsso_app_admin.ls_login?Site2pstoreToken=v1.4~CEF0A91F~06A2787C51F002A972F70A35F6F50C14F1D243675EBD147EAE6FF376F45440EBFC582A6D15B4340789E7F30B20B39DE5C6307242E3ACE58A9974D0383F484C3DB33A84D756813F0CA5C1509D51BFB124B247FF61C1F4C7EB1ACA414F26C684367D529F75B8D6FC2181137A6357D9B7A9418D95D68FFEBD52B710BDA976149E9E201788AF7E03980105CC9C0973931D981FDC470811AFA80B8572926C4EB69D42607A51CD899F0A566F9E9B690DCA7F07F13CDE11CBE0F04723D2408250CE7D5439D153E535E7799354C429341C6DA43965C1D0EA18B1CB31B0D2B0986A30EFB01CA03F88D42CC8EEFA369CA35E4DECB68B1A462D8042F5F5B7479797FD8FE760E99C09044D9A6CE757B166192328D1D7</redirectLocation>
  <url>https://preproduccion.sge/login/login.jsp?site2pstoretoken=v1.4~CEF0A91F~06A2787C51F002A972F70A35F6F50C14F1D243675EBD147EAE6FF376F45440EBFC582A6D15B4340789E7F30B20B39DE5C6307242E3ACE58A9974D0383F484C3DB33A84D756813F0CA5C1509D51BFB124B247FF61C1F4C7EB1ACA414F26C684367D529F75B8D6FC2181137A6357D9B7A9418D95D68FFEBD52B710BDA976149E9E201788AF7E03980105CC9C0973931D981FDC470811AFA80B8572926C4EB69D42607A51CD899F0A566F9E9B690DCA7F07F13CDE11CBE0F04723D2408250CE7D5439D153E535E7799354C429341C6DA43965C1D0EA18B1CB31B0D2B0986A30EFB01CA03F88D42CC8EEFA369CA35E4DECB68B1A462D8042F5F5B7479797FD8FE760E99C09044D9A6CE757B166192328D1D7&amp;p_error_code=&amp;p_submit_url=https%3A%2F%2Flogin-pre.sge%2Fsso%2Fauth&amp;p_cancel_url=https%3A%2F%2Fpreproduccion.sge&amp;ssousername=&amp;subscribername=</url>
</httpSample>
<httpSample t="125" lt="125" ts="1298632617164" s="false" lb="/gepa/BusquedaAction.do" rc="500" by="778">
  <responseHeader class="java.lang.String">HTTP/1.0 500 Internal Server Error
Date: Fri, 25 Feb 2011 11:16:57 GMT
Server: Oracle-Application-Server-10g/10.1.2.2.0 Oracle-HTTP-Server
Content-Type: text/html; charset=iso-8859-1
</responseHeader>
  <requestHeader class="java.lang.String">Content-Type: application/x-www-form-urlencoded
Accept-Language: es-ES
Accept: image/jpeg, application/x-ms-application, image/gif, application/xaml+xml, image/pjpeg, application/x-ms-xbap, application/vnd.ms-powerpoint, application/vnd.ms-excel, application/msword, */*
User-Agent: Mozilla/4.0 (compatible; MSIE 7.0; Windows NT 6.1; Trident/4.0; SLCC2; .NET CLR 2.0.50727; .NET CLR 3.5.30729; .NET CLR 3.0.30729; Media Center PC 6.0; MDDS; .NET4.0C)
Accept-Encoding: gzip, deflate
Referer: http://picasso:8888/gepa/ConexionAction.do;jsessionid=eb634fe5b58b0bcb96508261e275709f9c8e236e3e15aeb347f0741aac2dda55
Pragma: no-cache
</requestHeader>
  <cookies class="java.lang.String"></cookies>
  <method class="java.lang.String">POST</method>
  <queryString class="java.lang.String">accion=buscar&amp;modo=rapida&amp;avanzadaDesplegada=false&amp;descElemPesado=&amp;identificacionRapida=&amp;nombreRapida=&amp;apellido1Rapida=&amp;apellido2Rapida=&amp;anyoRapida=&amp;numeroRapida=&amp;desdeRapida=&amp;hastaRapida=&amp;tramiteRapida=-1&amp;estadoRapida=-1&amp;idBusqueda=-1&amp;idClases=26&amp;metaTipo0=STRING&amp;metaTipo1=STRING&amp;metaTipo2=LISTA&amp;metaTipo3=STRING&amp;metaTipo4=LISTA_PESADA&amp;metaTipo5=STRING&amp;metaTipo6=LISTA&amp;metaTipo7=STRING&amp;metaTipo8=STRING&amp;metaTipo9=STRING&amp;metaTipo10=STRING&amp;metaTipo11=STRING&amp;metaTipo12=STRING&amp;metaTipo13=LISTA&amp;metaTipo14=STRING&amp;metaTipo15=TIMESTAMP&amp;metaTipo16=TIMESTAMP&amp;metaTipo17=TIMESTAMP&amp;metaTipo18=LISTA&amp;metaTipo19=LISTA_PESADA&amp;metaTipo20=STRING&amp;metaTipo21=STRING&amp;metaTipo22=STRING&amp;metaTipo23=STRING&amp;metaTipo24=STRING&amp;metaTipo25=LISTA_PESADA&amp;metaTipo26=LISTA&amp;metaTipo27=STRING&amp;metaTipo28=LISTA&amp;metaTipo29=STRING&amp;metaTipo30=STRING&amp;metaTipo31=INTEGER&amp;metaTipo32=STRING&amp;metaTipo33=STRING&amp;metaTipo34=STRING&amp;metaTipo35=LISTA&amp;metaTipo36=LISTA&amp;metaTipo37=LISTA&amp;metaTipo38=STRING&amp;metaTipo39=SEPARADOR&amp;metaTipo40=BOOLEAN&amp;metaTipo41=STRING&amp;metaTipo42=STRING&amp;metaTipo43=STRING&amp;metaTipo44=LISTA&amp;metaTipo45=BOOLEAN&amp;metaTipo46=BOOLEAN&amp;metaTipo47=BOOLEAN&amp;metaTipo48=STRING&amp;metaTipo49=TIMESTAMP&amp;metaTipo50=TIMESTAMP&amp;metaTipo51=TIMESTAMP&amp;metaTipo52=TIMESTAMP&amp;metaTipo53=TIMESTAMP&amp;metaTipo54=TIMESTAMP&amp;metaTipo55=TIMESTAMP&amp;metaTipo56=TIMESTAMP&amp;metaTipo57=TIMESTAMP&amp;metaTipo58=TIMESTAMP&amp;metaTipo59=TIMESTAMP&amp;metaTipo60=TIMESTAMP&amp;metaTipo61=TIMESTAMP&amp;metaTipo62=TIMESTAMP&amp;metaTipo63=TIMESTAMP&amp;metaTipo64=LISTA&amp;metaTipo65=LISTA&amp;metaTipo66=LISTA&amp;metaTipo67=DOUBLE&amp;metaTipo68=DOUBLE&amp;metaTipo69=DOUBLE&amp;metaTipo70=DOUBLE&amp;metaTipo71=DOUBLE&amp;metaTipo72=DOUBLE&amp;metaTipo73=DOUBLE&amp;metaTipo74=BOOLEAN&amp;metaTipo75=LISTA&amp;metaTipo76=STRING&amp;metaTipo77=STRING&amp;metaTipo78=STRING&amp;metaTipo79=STRING&amp;metaTipo80=STRING&amp;metaTipo81=STRING&amp;metaTipo82=STRING&amp;metaTipo83=BOOLEAN&amp;metaTipo84=BOOLEAN&amp;metaTipo85=STRING&amp;metaTipo86=LISTA&amp;metaTipo87=LISTA&amp;metaTipo88=LISTA_PESADA&amp;metaTipo89=LISTA&amp;metaTipo90=LISTA&amp;metaTipo91=STRING&amp;metaTipo92=LISTA&amp;metaTipo93=STRING&amp;metaTipo94=STRING&amp;metaTipo95=LISTA&amp;metaTipo96=LISTA&amp;metaTipo97=LISTA&amp;metaTipo98=BOOLEAN&amp;metaTipo99=LISTA&amp;metaTipo100=BOOLEAN&amp;metaTipo101=LISTA&amp;metaTipo102=LISTA&amp;metaTipo103=BOOLEAN&amp;metaTipo104=BOOLEAN&amp;metaTipo105=LISTA&amp;metaTipo106=LISTA&amp;metaTipo107=LISTA&amp;metaTipo108=LISTA&amp;metaTipo109=LISTA&amp;metaTipo110=STRING&amp;metaTipo111=LISTA&amp;valor=&amp;valorPesado=&amp;lista37=-1&amp;lista36=-1&amp;lista35=-1&amp;lista99=-1&amp;lista109=-1&amp;lista66=-1&amp;lista98=-1&amp;lista108=-1&amp;lista65=-1&amp;lista97=-1&amp;lista107=-1&amp;lista64=-1&amp;lista96=-1&amp;lista106=-1&amp;lista95=-1&amp;lista105=-1&amp;lista104=-1&amp;lista92=-1&amp;lista103=-1&amp;lista102=-1&amp;lista90=-1&amp;lista101=-1&amp;lista100=-1&amp;lista28=-1&amp;lista26=-1&amp;lista89=-1&amp;lista87=-1&amp;lista86=-1&amp;lista6=-1&amp;lista84=-1&amp;lista83=-1&amp;lista2=-1&amp;lista18=-1&amp;lista47=-1&amp;lista46=-1&amp;lista13=-1&amp;lista45=-1&amp;lista44=-1&amp;lista75=-1&amp;lista74=-1&amp;lista40=-1&amp;lista111=-1</queryString>
  <url>https://preproduccion.sge:443/gepa/BusquedaAction.do</url>
</httpSample>
<httpSample t="234" lt="0" ts="1298632617289" s="true" lb="/gepa/scripts/scriptaculous/scriptaculous.js" rc="200" by="5068">
  <responseHeader class="java.lang.String">HTTP/1.0 200 OK
Date: Fri, 25 Feb 2011 11:16:57 GMT
Server: Oracle-Application-Server-10g/10.1.2.2.0 Oracle-HTTP-Server
Content-Length: 5068
Set-Cookie: JSESSIONID=401f2ae5fa397a3099ff9b8bb17843bbb09c632490640130a38c7a5bdd1b2066.e3eSbhiLaNyPe3yNbNyQc3qSai1BqBjKpPXxqAa; path=/login
Content-Type: text/html; charset=ISO-8859-1
</responseHeader>
  <requestHeader class="java.lang.String">Accept-Language: es-ES
Accept: */*
User-Agent: Mozilla/4.0 (compatible; MSIE 7.0; Windows NT 6.1; Trident/4.0; SLCC2; .NET CLR 2.0.50727; .NET CLR 3.5.30729; .NET CLR 3.0.30729; Media Center PC 6.0; MDDS; .NET4.0C)
Accept-Encoding: gzip, deflate
Referer: http://picasso:8888/gepa/BusquedaAction.do
</requestHeader>
  <cookies class="java.lang.String"></cookies>
  <method class="java.lang.String">GET</method>
  <queryString class="java.lang.String"></queryString>
  <redirectLocation class="java.lang.String">https://login-pre.sge/pls/orasso/orasso.wwsso_app_admin.ls_login?Site2pstoreToken=v1.4~CEF0A91F~F0A554D4756FAE9C9113203C51951BF741F5A5C1CD914FBA3073A0498D82725A43E836FAC74CB1E504E7C574DE343AA4B2AD6806CB8E812D4C644937A0BB2A2AEF3539080E8CD6512B51A42AB236BBC9E6FB35E3A42C1156AA1E6F70162167C9122C22721CD9A0714D4F2269F678DF31DEA792E73D6EF6E21374F1FC9F588AD7EEE473EEA3F862D2FFD3AD1C37BA8EA0C756DF9BEBAF103CA6684DF639B3603FEA0CD06FB07528184475E55198E3EF34E56A634394575C4BD600AEA89719138B144D28FAA8624CA1530C1777D40097269DE76AAA9A14A654AB269486413CB5BDE0149467FE9AC1E2038B8271379B5C7C523634F7EAAB8FC49B4A4AB7208B0111839449D9B40F0454978E973DC8451EE7</redirectLocation>
  <url>https://preproduccion.sge/login/login.jsp?site2pstoretoken=v1.4~CEF0A91F~F0A554D4756FAE9C9113203C51951BF741F5A5C1CD914FBA3073A0498D82725A43E836FAC74CB1E504E7C574DE343AA4B2AD6806CB8E812D4C644937A0BB2A2AEF3539080E8CD6512B51A42AB236BBC9E6FB35E3A42C1156AA1E6F70162167C9122C22721CD9A0714D4F2269F678DF31DEA792E73D6EF6E21374F1FC9F588AD7EEE473EEA3F862D2FFD3AD1C37BA8EA0C756DF9BEBAF103CA6684DF639B3603FEA0CD06FB07528184475E55198E3EF34E56A634394575C4BD600AEA89719138B144D28FAA8624CA1530C1777D40097269DE76AAA9A14A654AB269486413CB5BDE0149467FE9AC1E2038B8271379B5C7C523634F7EAAB8FC49B4A4AB7208B0111839449D9B40F0454978E973DC8451EE7&amp;p_error_code=&amp;p_submit_url=https%3A%2F%2Flogin-pre.sge%2Fsso%2Fauth&amp;p_cancel_url=https%3A%2F%2Fpreproduccion.sge&amp;ssousername=&amp;subscribername=</url>
</httpSample>
<httpSample t="202" lt="0" ts="1298632617555" s="true" lb="/gepa/ResultadoBusquedaAction.do" rc="200" by="5004">
  <responseHeader class="java.lang.String">HTTP/1.0 200 OK
Date: Fri, 25 Feb 2011 11:16:57 GMT
Server: Oracle-Application-Server-10g/10.1.2.2.0 Oracle-HTTP-Server
Content-Length: 5004
Set-Cookie: JSESSIONID=712269eee20c93ec1701047d4efeef0cb643be100e284582346347f5708935b8.e38Ob3aOaheRe34Mb3qSax0Pahz0nR9Pq6XteP93; path=/login
Content-Type: text/html; charset=ISO-8859-1
</responseHeader>
  <requestHeader class="java.lang.String">Accept-Language: es-ES
Accept: image/jpeg, application/x-ms-application, image/gif, application/xaml+xml, image/pjpeg, application/x-ms-xbap, application/vnd.ms-powerpoint, application/vnd.ms-excel, application/msword, */*
User-Agent: Mozilla/4.0 (compatible; MSIE 7.0; Windows NT 6.1; Trident/4.0; SLCC2; .NET CLR 2.0.50727; .NET CLR 3.5.30729; .NET CLR 3.0.30729; Media Center PC 6.0; MDDS; .NET4.0C)
Accept-Encoding: gzip, deflate
Referer: http://picasso:8888/gepa/BusquedaAction.do
</requestHeader>
  <cookies class="java.lang.String"></cookies>
  <method class="java.lang.String">GET</method>
  <queryString class="java.lang.String"></queryString>
  <redirectLocation class="java.lang.String">https://login-pre.sge/pls/orasso/orasso.wwsso_app_admin.ls_login?Site2pstoreToken=v1.4~CEF0A91F~F0A554D4756FAE9C9113203C51951BF741F5A5C1CD914FBA3073A0498D82725A43E836FAC74CB1E504E7C574DE343AA4B2AD6806CB8E812D4C644937A0BB2A2AEF3539080E8CD6512B51A42AB236BBC9E6FB35E3A42C1156AA1E6F70162167C94CFC61B324B77B54DDBB0C8F164D3DC441D572E1F50C7ADBE78D85732D71F1CC869D19FB85FEA1E4AC976A83EF3C8C027A37C064DC97F9FD106A08B7B5D4D6D91F3BCFE4BF6C48A17A8CFB4F4E5F5717A7BE4EC7E1F3DC63B721B9438FD89B2C940B71BA41DFA285B7F6DA3F0857595A48BBF5E2DCD26BCF0918D4343412528620B5ECC0DB1FEB6905259B20F461C06586015381525323864C823BFE27B07BD0</redirectLocation>
  <url>https://preproduccion.sge/login/login.jsp?site2pstoretoken=v1.4~CEF0A91F~F0A554D4756FAE9C9113203C51951BF741F5A5C1CD914FBA3073A0498D82725A43E836FAC74CB1E504E7C574DE343AA4B2AD6806CB8E812D4C644937A0BB2A2AEF3539080E8CD6512B51A42AB236BBC9E6FB35E3A42C1156AA1E6F70162167C94CFC61B324B77B54DDBB0C8F164D3DC441D572E1F50C7ADBE78D85732D71F1CC869D19FB85FEA1E4AC976A83EF3C8C027A37C064DC97F9FD106A08B7B5D4D6D91F3BCFE4BF6C48A17A8CFB4F4E5F5717A7BE4EC7E1F3DC63B721B9438FD89B2C940B71BA41DFA285B7F6DA3F0857595A48BBF5E2DCD26BCF0918D4343412528620B5ECC0DB1FEB6905259B20F461C06586015381525323864C823BFE27B07BD0&amp;p_error_code=&amp;p_submit_url=https%3A%2F%2Flogin-pre.sge%2Fsso%2Fauth&amp;p_cancel_url=https%3A%2F%2Fpreproduccion.sge&amp;ssousername=&amp;subscribername=</url>
</httpSample>
<httpSample t="188" lt="0" ts="1298632617757" s="true" lb="/gepa/scripts/scriptaculous/scriptaculous.js" rc="200" by="5068">
  <responseHeader class="java.lang.String">HTTP/1.0 200 OK
Date: Fri, 25 Feb 2011 11:16:57 GMT
Server: Oracle-Application-Server-10g/10.1.2.2.0 Oracle-HTTP-Server
Content-Length: 5068
Set-Cookie: JSESSIONID=0db29d1bd334d776a4dff3074bb8a8f81be35f082f29c4c167861886c6793a03.e3eSbhiLaNyPe3yNbNyQc3qSai1BqBjKpPXxqAa; path=/login
Content-Type: text/html; charset=ISO-8859-1
</responseHeader>
  <requestHeader class="java.lang.String">Accept-Language: es-ES
Accept: */*
User-Agent: Mozilla/4.0 (compatible; MSIE 7.0; Windows NT 6.1; Trident/4.0; SLCC2; .NET CLR 2.0.50727; .NET CLR 3.5.30729; .NET CLR 3.0.30729; Media Center PC 6.0; MDDS; .NET4.0C)
Accept-Encoding: gzip, deflate
Referer: http://picasso:8888/gepa/ResultadoBusquedaAction.do?accion=gestionExp&amp;indice=0
</requestHeader>
  <cookies class="java.lang.String"></cookies>
  <method class="java.lang.String">GET</method>
  <queryString class="java.lang.String"></queryString>
  <redirectLocation class="java.lang.String">https://login-pre.sge/pls/orasso/orasso.wwsso_app_admin.ls_login?Site2pstoreToken=v1.4~CEF0A91F~F0A554D4756FAE9C9113203C51951BF741F5A5C1CD914FBA3073A0498D82725A43E836FAC74CB1E504E7C574DE343AA4B2AD6806CB8E812D4C644937A0BB2A2AEF3539080E8CD6512B51A42AB236BBC9E6FB35E3A42C1156AA1E6F70162167C9122C22721CD9A0714D4F2269F678DF31DEA792E73D6EF6E21374F1FC9F588AD7EEE473EEA3F862D2FFD3AD1C37BA8EA0C756DF9BEBAF103CA6684DF639B3603FEA0CD06FB07528184475E55198E3EF34E56A634394575C4BD600AEA89719138B144D28FAA8624CA1530C1777D40097269DE76AAA9A14A654AB269486413CB5BDE0149467FE9AC1E2038B8271379B5C7C523634F7EAAB8FC49B4A4AB7208B0111839449D9B40F0454978E973DC8451EE7</redirectLocation>
  <url>https://preproduccion.sge/login/login.jsp?site2pstoretoken=v1.4~CEF0A91F~F0A554D4756FAE9C9113203C51951BF741F5A5C1CD914FBA3073A0498D82725A43E836FAC74CB1E504E7C574DE343AA4B2AD6806CB8E812D4C644937A0BB2A2AEF3539080E8CD6512B51A42AB236BBC9E6FB35E3A42C1156AA1E6F70162167C9122C22721CD9A0714D4F2269F678DF31DEA792E73D6EF6E21374F1FC9F588AD7EEE473EEA3F862D2FFD3AD1C37BA8EA0C756DF9BEBAF103CA6684DF639B3603FEA0CD06FB07528184475E55198E3EF34E56A634394575C4BD600AEA89719138B144D28FAA8624CA1530C1777D40097269DE76AAA9A14A654AB269486413CB5BDE0149467FE9AC1E2038B8271379B5C7C523634F7EAAB8FC49B4A4AB7208B0111839449D9B40F0454978E973DC8451EE7&amp;p_error_code=&amp;p_submit_url=https%3A%2F%2Flogin-pre.sge%2Fsso%2Fauth&amp;p_cancel_url=https%3A%2F%2Fpreproduccion.sge&amp;ssousername=&amp;subscribername=</url>
</httpSample>
<httpSample t="187" lt="0" ts="1298632617945" s="true" lb="/gepa/ConexionAction.do" rc="200" by="5388">
  <responseHeader class="java.lang.String">HTTP/1.0 200 OK
Date: Fri, 25 Feb 2011 11:16:58 GMT
Server: Oracle-Application-Server-10g/10.1.2.2.0 Oracle-HTTP-Server
Content-Length: 5388
Set-Cookie: JSESSIONID=d37aeb334601adb11005d30bb38ec0b202a12080a7ca28178b482295f2c0bf2c.e38Ob3aOaheRe34Mb3qSax0Pahz0nR9Pq6XteP93; path=/login
Content-Type: text/html; charset=ISO-8859-1
</responseHeader>
  <requestHeader class="java.lang.String">Accept-Language: es
Accept: */*
User-Agent: Mozilla/4.0 (compatible; MSIE 7.0; Windows NT 6.1; Trident/4.0; SLCC2; .NET CLR 2.0.50727; .NET CLR 3.5.30729; .NET CLR 3.0.30729; Media Center PC 6.0; MDDS; .NET4.0C)
Accept-Encoding: gzip, deflate
</requestHeader>
  <cookies class="java.lang.String"></cookies>
  <method class="java.lang.String">GET</method>
  <queryString class="java.lang.String"></queryString>
  <redirectLocation class="java.lang.String">https://login-pre.sge/pls/orasso/orasso.wwsso_app_admin.ls_login?Site2pstoreToken=v1.4~CEF0A91F~F0A554D4756FAE9C9113203C51951BF741F5A5C1CD914FBA3073A0498D82725A43E836FAC74CB1E504E7C574DE343AA4B2AD6806CB8E812D4C644937A0BB2A2AEF3539080E8CD6512B51A42AB236BBC9E6FB35E3A42C1156AA1E6F70162167C93FAC0826F26D840C1D6E698C7C3EEC8C7E22A3EF3CBDB815D6034B64C857C898A32C1A3439EF1C743731AD0BA3E782D8591542816B88AFC5AD1F66AF7A9A62D0D82EE7770617EB0DDB3431476BC58FD433BE64535B733F90B9BC2A38594F737AED8859ABEE2A4185BA5CDEED2F5D6F1F8C7C030FF43084A1E00DDE82DC5258F5EF7C25143A00523030D845F760D73618F5B638BD4222AEB4FCBA69B2FE416F4CA41D9DE45A3FA93B37F5A0B346AB1BE681D4B79AC6375F71A97ABC45466A8FE1FB864FAA2935AF753711053180E2EB27E3044CC9726E2C58137A4C7B4F1555A264902F58BDFC92394CF2D8DB3FE8ABF7AD10F018612CCC5FDACAD39F2EEED5F7</redirectLocation>
  <url>https://preproduccion.sge/login/login.jsp?site2pstoretoken=v1.4~CEF0A91F~F0A554D4756FAE9C9113203C51951BF741F5A5C1CD914FBA3073A0498D82725A43E836FAC74CB1E504E7C574DE343AA4B2AD6806CB8E812D4C644937A0BB2A2AEF3539080E8CD6512B51A42AB236BBC9E6FB35E3A42C1156AA1E6F70162167C93FAC0826F26D840C1D6E698C7C3EEC8C7E22A3EF3CBDB815D6034B64C857C898A32C1A3439EF1C743731AD0BA3E782D8591542816B88AFC5AD1F66AF7A9A62D0D82EE7770617EB0DDB3431476BC58FD433BE64535B733F90B9BC2A38594F737AED8859ABEE2A4185BA5CDEED2F5D6F1F8C7C030FF43084A1E00DDE82DC5258F5EF7C25143A00523030D845F760D73618F5B638BD4222AEB4FCBA69B2FE416F4CA41D9DE45A3FA93B37F5A0B346AB1BE681D4B79AC6375F71A97ABC45466A8FE1FB864FAA2935AF753711053180E2EB27E3044CC9726E2C58137A4C7B4F1555A264902F58BDFC92394CF2D8DB3FE8ABF7AD10F018612CCC5FDACAD39F2EEED5F7&amp;p_error_code=&amp;p_submit_url=https%3A%2F%2Flogin-pre.sge%2Fsso%2Fauth&amp;p_cancel_url=https%3A%2F%2Fpreproduccion.sge&amp;ssousername=&amp;subscribername=</url>
</httpSample>
<httpSample t="172" lt="0" ts="1298632618132" s="true" lb="/gepa/scripts/scriptaculous/scriptaculous.js" rc="200" by="5068">
  <responseHeader class="java.lang.String">HTTP/1.0 200 OK
Date: Fri, 25 Feb 2011 11:16:58 GMT
Server: Oracle-Application-Server-10g/10.1.2.2.0 Oracle-HTTP-Server
Content-Length: 5068
Set-Cookie: JSESSIONID=ce9bafec1d760bddb597df3e6c7465a3d3870e58d581275f9dcb21b8a7ceea9e.e3eSbhiLaNyPe3yNbNyQc3qSai1BqBjKpPXxqAa; path=/login
Content-Type: text/html; charset=ISO-8859-1
</responseHeader>
  <requestHeader class="java.lang.String">Accept-Language: es-ES
Accept: */*
User-Agent: Mozilla/4.0 (compatible; MSIE 7.0; Windows NT 6.1; Trident/4.0; SLCC2; .NET CLR 2.0.50727; .NET CLR 3.5.30729; .NET CLR 3.0.30729; Media Center PC 6.0; MDDS; .NET4.0C)
Accept-Encoding: gzip, deflate
Referer: http://picasso:8888/gepa/ConexionAction.do?POSTDATA=variosPerfiles=true&amp;accion=iniciar&amp;codigoEntidad=DYS&amp;codigo=jcnegredo&amp;contrasenya=dysmatica&amp;rolSeleccionado=25
</requestHeader>
  <cookies class="java.lang.String"></cookies>
  <method class="java.lang.String">GET</method>
  <queryString class="java.lang.String"></queryString>
  <redirectLocation class="java.lang.String">https://login-pre.sge/pls/orasso/orasso.wwsso_app_admin.ls_login?Site2pstoreToken=v1.4~CEF0A91F~12664E231E884E9CCD5080FB8B8B4E214E5442389C9118DDDCB2782608A77CEEB74E7439F0DDC6EE8D55BA1C35E0A2F2C25E6D52F75CAA07D2EFE748E63CD2FDA1D1EC077711C61C830DBB28BA1B686F11E30F0FA24339D44AA7BA8328AD0234A66F801F8EB9DF926812963CB7951B5B8C18ADC9E18257C4C3A79830235B8CA23CC28C857D9F094E3856F4DC0816D53313E4F8D6D92A0FCA5D84B40408C2C90A29283964999B6FEFAD714FA20CB5470F86B148349C46A24F3FDD34524B55675EEA298E6048C2F9E8F729B77CE65F75419484EB2C7F62A584318F2EB8BB91A42ACA73B67EAA8E1985A5680F5F0A6977A7DAA4AC85FDA776E0A27790ECA3DC389250AF71D3253206824DB5DA739520956A</redirectLocation>
  <url>https://preproduccion.sge/login/login.jsp?site2pstoretoken=v1.4~CEF0A91F~12664E231E884E9CCD5080FB8B8B4E214E5442389C9118DDDCB2782608A77CEEB74E7439F0DDC6EE8D55BA1C35E0A2F2C25E6D52F75CAA07D2EFE748E63CD2FDA1D1EC077711C61C830DBB28BA1B686F11E30F0FA24339D44AA7BA8328AD0234A66F801F8EB9DF926812963CB7951B5B8C18ADC9E18257C4C3A79830235B8CA23CC28C857D9F094E3856F4DC0816D53313E4F8D6D92A0FCA5D84B40408C2C90A29283964999B6FEFAD714FA20CB5470F86B148349C46A24F3FDD34524B55675EEA298E6048C2F9E8F729B77CE65F75419484EB2C7F62A584318F2EB8BB91A42ACA73B67EAA8E1985A5680F5F0A6977A7DAA4AC85FDA776E0A27790ECA3DC389250AF71D3253206824DB5DA739520956A&amp;p_error_code=&amp;p_submit_url=https%3A%2F%2Flogin-pre.sge%2Fsso%2Fauth&amp;p_cancel_url=https%3A%2F%2Fpreproduccion.sge&amp;ssousername=&amp;subscribername=</url>
</httpSample>
<httpSample t="16" lt="16" ts="1298632618304" s="false" lb="/gepa/ConexionAction.do;jsessionid=eb634fe5b58b0bcb96508261e275709f9c8e236e3e15aeb347f0741aac2dda55" rc="500" by="778">
  <responseHeader class="java.lang.String">HTTP/1.0 500 Internal Server Error
Date: Fri, 25 Feb 2011 11:16:58 GMT
Server: Oracle-Application-Server-10g/10.1.2.2.0 Oracle-HTTP-Server
Content-Type: text/html; charset=iso-8859-1
</responseHeader>
  <requestHeader class="java.lang.String">Content-Type: application/x-www-form-urlencoded
Accept-Language: es-ES
Accept: image/jpeg, application/x-ms-application, image/gif, application/xaml+xml, image/pjpeg, application/x-ms-xbap, application/vnd.ms-powerpoint, application/vnd.ms-excel, application/msword, */*
User-Agent: Mozilla/4.0 (compatible; MSIE 7.0; Windows NT 6.1; Trident/4.0; SLCC2; .NET CLR 2.0.50727; .NET CLR 3.5.30729; .NET CLR 3.0.30729; Media Center PC 6.0; MDDS; .NET4.0C)
Accept-Encoding: gzip, deflate
Referer: http://picasso:8888/gepa/ConexionAction.do?POSTDATA=variosPerfiles=true&amp;accion=iniciar&amp;codigoEntidad=DYS&amp;codigo=jcnegredo&amp;contrasenya=dysmatica&amp;rolSeleccionado=25
Pragma: no-cache
</requestHeader>
  <cookies class="java.lang.String"></cookies>
  <method class="java.lang.String">POST</method>
  <queryString class="java.lang.String">variosPerfiles=true&amp;accion=seleccionarPerfil&amp;codigoEntidad=DYS&amp;rolSeleccionado=25</queryString>
  <url>https://preproduccion.sge:443/gepa/ConexionAction.do;jsessionid=eb634fe5b58b0bcb96508261e275709f9c8e236e3e15aeb347f0741aac2dda55</url>
</httpSample>
<httpSample t="187" lt="0" ts="1298632618320" s="true" lb="/gepa/scripts/scriptaculous/scriptaculous.js" rc="200" by="5068">
  <responseHeader class="java.lang.String">HTTP/1.0 200 OK
Date: Fri, 25 Feb 2011 11:16:58 GMT
Server: Oracle-Application-Server-10g/10.1.2.2.0 Oracle-HTTP-Server
Content-Length: 5068
Set-Cookie: JSESSIONID=352b7bbcb4ecd6b9ece21c079b7d1574ebf78e71fa4e5df7429bcfa60bb7d76d.e3eSbhiLaNyPe3yNbNyQc3qSai1BqBjKpPXxqAa; path=/login
Content-Type: text/html; charset=ISO-8859-1
</responseHeader>
  <requestHeader class="java.lang.String">Accept-Language: es-ES
Accept: */*
User-Agent: Mozilla/4.0 (compatible; MSIE 7.0; Windows NT 6.1; Trident/4.0; SLCC2; .NET CLR 2.0.50727; .NET CLR 3.5.30729; .NET CLR 3.0.30729; Media Center PC 6.0; MDDS; .NET4.0C)
Accept-Encoding: gzip, deflate
Referer: http://picasso:8888/gepa/ConexionAction.do;jsessionid=eb634fe5b58b0bcb96508261e275709f9c8e236e3e15aeb347f0741aac2dda55
</requestHeader>
  <cookies class="java.lang.String"></cookies>
  <method class="java.lang.String">GET</method>
  <queryString class="java.lang.String"></queryString>
  <redirectLocation class="java.lang.String">https://login-pre.sge/pls/orasso/orasso.wwsso_app_admin.ls_login?Site2pstoreToken=v1.4~CEF0A91F~12664E231E884E9CCD5080FB8B8B4E214E5442389C9118DDDCB2782608A77CEEB74E7439F0DDC6EE8D55BA1C35E0A2F2C25E6D52F75CAA07D2EFE748E63CD2FDA1D1EC077711C61C830DBB28BA1B686F11E30F0FA24339D44AA7BA8328AD0234A66F801F8EB9DF926812963CB7951B5B8C18ADC9E18257C4C3A79830235B8CA23CC28C857D9F094E3856F4DC0816D53313E4F8D6D92A0FCA5D84B40408C2C90A29283964999B6FEFAD714FA20CB5470F86B148349C46A24F3FDD34524B55675EEA298E6048C2F9E8F729B77CE65F75419484EB2C7F62A584318F2EB8BB91A42ACA73B67EAA8E1985A5680F5F0A6977A7DAA4AC85FDA776E0A27790ECA3DC389250AF71D3253206824DB5DA739520956A</redirectLocation>
  <url>https://preproduccion.sge/login/login.jsp?site2pstoretoken=v1.4~CEF0A91F~12664E231E884E9CCD5080FB8B8B4E214E5442389C9118DDDCB2782608A77CEEB74E7439F0DDC6EE8D55BA1C35E0A2F2C25E6D52F75CAA07D2EFE748E63CD2FDA1D1EC077711C61C830DBB28BA1B686F11E30F0FA24339D44AA7BA8328AD0234A66F801F8EB9DF926812963CB7951B5B8C18ADC9E18257C4C3A79830235B8CA23CC28C857D9F094E3856F4DC0816D53313E4F8D6D92A0FCA5D84B40408C2C90A29283964999B6FEFAD714FA20CB5470F86B148349C46A24F3FDD34524B55675EEA298E6048C2F9E8F729B77CE65F75419484EB2C7F62A584318F2EB8BB91A42ACA73B67EAA8E1985A5680F5F0A6977A7DAA4AC85FDA776E0A27790ECA3DC389250AF71D3253206824DB5DA739520956A&amp;p_error_code=&amp;p_submit_url=https%3A%2F%2Flogin-pre.sge%2Fsso%2Fauth&amp;p_cancel_url=https%3A%2F%2Fpreproduccion.sge&amp;ssousername=&amp;subscribername=</url>
</httpSample>
<httpSample t="16" lt="16" ts="1298632618507" s="false" lb="/gepa/BusquedaAction.do" rc="500" by="778">
  <responseHeader class="java.lang.String">HTTP/1.0 500 Internal Server Error
Date: Fri, 25 Feb 2011 11:16:58 GMT
Server: Oracle-Application-Server-10g/10.1.2.2.0 Oracle-HTTP-Server
Content-Type: text/html; charset=iso-8859-1
</responseHeader>
  <requestHeader class="java.lang.String">Content-Type: application/x-www-form-urlencoded
Accept-Language: es-ES
Accept: image/jpeg, application/x-ms-application, image/gif, application/xaml+xml, image/pjpeg, application/x-ms-xbap, application/vnd.ms-powerpoint, application/vnd.ms-excel, application/msword, */*
User-Agent: Mozilla/4.0 (compatible; MSIE 7.0; Windows NT 6.1; Trident/4.0; SLCC2; .NET CLR 2.0.50727; .NET CLR 3.5.30729; .NET CLR 3.0.30729; Media Center PC 6.0; MDDS; .NET4.0C)
Accept-Encoding: gzip, deflate
Referer: http://picasso:8888/gepa/ConexionAction.do;jsessionid=eb634fe5b58b0bcb96508261e275709f9c8e236e3e15aeb347f0741aac2dda55
Pragma: no-cache
</requestHeader>
  <cookies class="java.lang.String"></cookies>
  <method class="java.lang.String">POST</method>
  <queryString class="java.lang.String">accion=buscar&amp;modo=rapida&amp;avanzadaDesplegada=false&amp;descElemPesado=&amp;identificacionRapida=&amp;nombreRapida=&amp;apellido1Rapida=&amp;apellido2Rapida=&amp;anyoRapida=&amp;numeroRapida=&amp;desdeRapida=&amp;hastaRapida=&amp;tramiteRapida=-1&amp;estadoRapida=-1&amp;idBusqueda=-1&amp;idClases=26&amp;metaTipo0=STRING&amp;metaTipo1=STRING&amp;metaTipo2=LISTA&amp;metaTipo3=STRING&amp;metaTipo4=LISTA_PESADA&amp;metaTipo5=STRING&amp;metaTipo6=LISTA&amp;metaTipo7=STRING&amp;metaTipo8=STRING&amp;metaTipo9=STRING&amp;metaTipo10=STRING&amp;metaTipo11=STRING&amp;metaTipo12=STRING&amp;metaTipo13=LISTA&amp;metaTipo14=STRING&amp;metaTipo15=TIMESTAMP&amp;metaTipo16=TIMESTAMP&amp;metaTipo17=TIMESTAMP&amp;metaTipo18=LISTA&amp;metaTipo19=LISTA_PESADA&amp;metaTipo20=STRING&amp;metaTipo21=STRING&amp;metaTipo22=STRING&amp;metaTipo23=STRING&amp;metaTipo24=STRING&amp;metaTipo25=LISTA_PESADA&amp;metaTipo26=LISTA&amp;metaTipo27=STRING&amp;metaTipo28=LISTA&amp;metaTipo29=STRING&amp;metaTipo30=STRING&amp;metaTipo31=INTEGER&amp;metaTipo32=STRING&amp;metaTipo33=STRING&amp;metaTipo34=STRING&amp;metaTipo35=LISTA&amp;metaTipo36=LISTA&amp;metaTipo37=LISTA&amp;metaTipo38=STRING&amp;metaTipo39=SEPARADOR&amp;metaTipo40=BOOLEAN&amp;metaTipo41=STRING&amp;metaTipo42=STRING&amp;metaTipo43=STRING&amp;metaTipo44=LISTA&amp;metaTipo45=BOOLEAN&amp;metaTipo46=BOOLEAN&amp;metaTipo47=BOOLEAN&amp;metaTipo48=STRING&amp;metaTipo49=TIMESTAMP&amp;metaTipo50=TIMESTAMP&amp;metaTipo51=TIMESTAMP&amp;metaTipo52=TIMESTAMP&amp;metaTipo53=TIMESTAMP&amp;metaTipo54=TIMESTAMP&amp;metaTipo55=TIMESTAMP&amp;metaTipo56=TIMESTAMP&amp;metaTipo57=TIMESTAMP&amp;metaTipo58=TIMESTAMP&amp;metaTipo59=TIMESTAMP&amp;metaTipo60=TIMESTAMP&amp;metaTipo61=TIMESTAMP&amp;metaTipo62=TIMESTAMP&amp;metaTipo63=TIMESTAMP&amp;metaTipo64=LISTA&amp;metaTipo65=LISTA&amp;metaTipo66=LISTA&amp;metaTipo67=DOUBLE&amp;metaTipo68=DOUBLE&amp;metaTipo69=DOUBLE&amp;metaTipo70=DOUBLE&amp;metaTipo71=DOUBLE&amp;metaTipo72=DOUBLE&amp;metaTipo73=DOUBLE&amp;metaTipo74=BOOLEAN&amp;metaTipo75=LISTA&amp;metaTipo76=STRING&amp;metaTipo77=STRING&amp;metaTipo78=STRING&amp;metaTipo79=STRING&amp;metaTipo80=STRING&amp;metaTipo81=STRING&amp;metaTipo82=STRING&amp;metaTipo83=BOOLEAN&amp;metaTipo84=BOOLEAN&amp;metaTipo85=STRING&amp;metaTipo86=LISTA&amp;metaTipo87=LISTA&amp;metaTipo88=LISTA_PESADA&amp;metaTipo89=LISTA&amp;metaTipo90=LISTA&amp;metaTipo91=STRING&amp;metaTipo92=LISTA&amp;metaTipo93=STRING&amp;metaTipo94=STRING&amp;metaTipo95=LISTA&amp;metaTipo96=LISTA&amp;metaTipo97=LISTA&amp;metaTipo98=BOOLEAN&amp;metaTipo99=LISTA&amp;metaTipo100=BOOLEAN&amp;metaTipo101=LISTA&amp;metaTipo102=LISTA&amp;metaTipo103=BOOLEAN&amp;metaTipo104=BOOLEAN&amp;metaTipo105=LISTA&amp;metaTipo106=LISTA&amp;metaTipo107=LISTA&amp;metaTipo108=LISTA&amp;metaTipo109=LISTA&amp;metaTipo110=STRING&amp;metaTipo111=LISTA&amp;valor=&amp;valorPesado=&amp;lista37=-1&amp;lista36=-1&amp;lista35=-1&amp;lista99=-1&amp;lista109=-1&amp;lista66=-1&amp;lista98=-1&amp;lista108=-1&amp;lista65=-1&amp;lista97=-1&amp;lista107=-1&amp;lista64=-1&amp;lista96=-1&amp;lista106=-1&amp;lista95=-1&amp;lista105=-1&amp;lista104=-1&amp;lista92=-1&amp;lista103=-1&amp;lista102=-1&amp;lista90=-1&amp;lista101=-1&amp;lista100=-1&amp;lista28=-1&amp;lista26=-1&amp;lista89=-1&amp;lista87=-1&amp;lista86=-1&amp;lista6=-1&amp;lista84=-1&amp;lista83=-1&amp;lista2=-1&amp;lista18=-1&amp;lista47=-1&amp;lista46=-1&amp;lista13=-1&amp;lista45=-1&amp;lista44=-1&amp;lista75=-1&amp;lista74=-1&amp;lista40=-1&amp;lista111=-1</queryString>
  <url>https://preproduccion.sge:443/gepa/BusquedaAction.do</url>
</httpSample>
<httpSample t="187" lt="0" ts="1298632618539" s="true" lb="/gepa/scripts/scriptaculous/scriptaculous.js" rc="200" by="5068">
  <responseHeader class="java.lang.String">HTTP/1.0 200 OK
Date: Fri, 25 Feb 2011 11:16:58 GMT
Server: Oracle-Application-Server-10g/10.1.2.2.0 Oracle-HTTP-Server
Content-Length: 5068
Set-Cookie: JSESSIONID=aad5f1c677853732914a2ea629a25de998011bc04e2a7c351da0ecbd915c73d3.e38Ob3aOaheRe34Mb3qSax0Pahz0nR9Pq6XteP93; path=/login
Content-Type: text/html; charset=ISO-8859-1
</responseHeader>
  <requestHeader class="java.lang.String">Accept-Language: es-ES
Accept: */*
User-Agent: Mozilla/4.0 (compatible; MSIE 7.0; Windows NT 6.1; Trident/4.0; SLCC2; .NET CLR 2.0.50727; .NET CLR 3.5.30729; .NET CLR 3.0.30729; Media Center PC 6.0; MDDS; .NET4.0C)
Accept-Encoding: gzip, deflate
Referer: http://picasso:8888/gepa/BusquedaAction.do
</requestHeader>
  <cookies class="java.lang.String"></cookies>
  <method class="java.lang.String">GET</method>
  <queryString class="java.lang.String"></queryString>
  <redirectLocation class="java.lang.String">https://login-pre.sge/pls/orasso/orasso.wwsso_app_admin.ls_login?Site2pstoreToken=v1.4~CEF0A91F~12664E231E884E9CCD5080FB8B8B4E214E5442389C9118DDDCB2782608A77CEEB74E7439F0DDC6EE8D55BA1C35E0A2F2C25E6D52F75CAA07D2EFE748E63CD2FDA1D1EC077711C61C830DBB28BA1B686F11E30F0FA24339D44AA7BA8328AD0234A66F801F8EB9DF926812963CB7951B5B8C18ADC9E18257C4C3A79830235B8CA23CC28C857D9F094E3856F4DC0816D53313E4F8D6D92A0FCA5D84B40408C2C90A29283964999B6FEFAD714FA20CB5470F86B148349C46A24F3FDD34524B55675EEA298E6048C2F9E8F729B77CE65F75419484EB2C7F62A584318F2EB8BB91A42ACA73B67EAA8E1985A5680F5F0A6977A7DAA4AC85FDA776E0A27790ECA3DC389250AF71D3253206824DB5DA739520956A</redirectLocation>
  <url>https://preproduccion.sge/login/login.jsp?site2pstoretoken=v1.4~CEF0A91F~12664E231E884E9CCD5080FB8B8B4E214E5442389C9118DDDCB2782608A77CEEB74E7439F0DDC6EE8D55BA1C35E0A2F2C25E6D52F75CAA07D2EFE748E63CD2FDA1D1EC077711C61C830DBB28BA1B686F11E30F0FA24339D44AA7BA8328AD0234A66F801F8EB9DF926812963CB7951B5B8C18ADC9E18257C4C3A79830235B8CA23CC28C857D9F094E3856F4DC0816D53313E4F8D6D92A0FCA5D84B40408C2C90A29283964999B6FEFAD714FA20CB5470F86B148349C46A24F3FDD34524B55675EEA298E6048C2F9E8F729B77CE65F75419484EB2C7F62A584318F2EB8BB91A42ACA73B67EAA8E1985A5680F5F0A6977A7DAA4AC85FDA776E0A27790ECA3DC389250AF71D3253206824DB5DA739520956A&amp;p_error_code=&amp;p_submit_url=https%3A%2F%2Flogin-pre.sge%2Fsso%2Fauth&amp;p_cancel_url=https%3A%2F%2Fpreproduccion.sge&amp;ssousername=&amp;subscribername=</url>
</httpSample>
<httpSample t="188" lt="0" ts="1298632618726" s="true" lb="/gepa/ResultadoBusquedaAction.do" rc="200" by="5004">
  <responseHeader class="java.lang.String">HTTP/1.0 200 OK
Date: Fri, 25 Feb 2011 11:16:58 GMT
Server: Oracle-Application-Server-10g/10.1.2.2.0 Oracle-HTTP-Server
Content-Length: 5004
Set-Cookie: JSESSIONID=9e0d645c24fdcc57db99080c3c7095334e4c25193eb196ed4b52e2f5a6ba7c20.e3eSbhiLaNyPe3yNbNyQc3qSai1BqBjKpPXxqAa; path=/login
Content-Type: text/html; charset=ISO-8859-1
</responseHeader>
  <requestHeader class="java.lang.String">Accept-Language: es-ES
Accept: image/jpeg, application/x-ms-application, image/gif, application/xaml+xml, image/pjpeg, application/x-ms-xbap, application/vnd.ms-powerpoint, application/vnd.ms-excel, application/msword, */*
User-Agent: Mozilla/4.0 (compatible; MSIE 7.0; Windows NT 6.1; Trident/4.0; SLCC2; .NET CLR 2.0.50727; .NET CLR 3.5.30729; .NET CLR 3.0.30729; Media Center PC 6.0; MDDS; .NET4.0C)
Accept-Encoding: gzip, deflate
Referer: http://picasso:8888/gepa/BusquedaAction.do
</requestHeader>
  <cookies class="java.lang.String"></cookies>
  <method class="java.lang.String">GET</method>
  <queryString class="java.lang.String"></queryString>
  <redirectLocation class="java.lang.String">https://login-pre.sge/pls/orasso/orasso.wwsso_app_admin.ls_login?Site2pstoreToken=v1.4~CEF0A91F~12664E231E884E9CCD5080FB8B8B4E214E5442389C9118DDDCB2782608A77CEEB74E7439F0DDC6EE8D55BA1C35E0A2F2C25E6D52F75CAA07D2EFE748E63CD2FDA1D1EC077711C61C830DBB28BA1B686F11E30F0FA24339D44AA7BA8328AD0234004C6CCA59310C6A980C6CE8503824743959DDE16247C25C695E51725A9CFAD6106AA27B938722DFC769A5070815A42E0719AE859646FB1F0C56089CB22B4012683A67C344E379C59F93965040C46FFDCA6FA58D4633386EB7F5B6E81C1AD9866E9045EB283FAE9C4F206750673363E1A32050FF6BC3034B5A00E62A4BEFF9EF6D2ABDBD2B184630FB9CB30F8B8B9FE99752F5E773ED61B5E952D522E81D934F</redirectLocation>
  <url>https://preproduccion.sge/login/login.jsp?site2pstoretoken=v1.4~CEF0A91F~12664E231E884E9CCD5080FB8B8B4E214E5442389C9118DDDCB2782608A77CEEB74E7439F0DDC6EE8D55BA1C35E0A2F2C25E6D52F75CAA07D2EFE748E63CD2FDA1D1EC077711C61C830DBB28BA1B686F11E30F0FA24339D44AA7BA8328AD0234004C6CCA59310C6A980C6CE8503824743959DDE16247C25C695E51725A9CFAD6106AA27B938722DFC769A5070815A42E0719AE859646FB1F0C56089CB22B4012683A67C344E379C59F93965040C46FFDCA6FA58D4633386EB7F5B6E81C1AD9866E9045EB283FAE9C4F206750673363E1A32050FF6BC3034B5A00E62A4BEFF9EF6D2ABDBD2B184630FB9CB30F8B8B9FE99752F5E773ED61B5E952D522E81D934F&amp;p_error_code=&amp;p_submit_url=https%3A%2F%2Flogin-pre.sge%2Fsso%2Fauth&amp;p_cancel_url=https%3A%2F%2Fpreproduccion.sge&amp;ssousername=&amp;subscribername=</url>
</httpSample>
<httpSample t="172" lt="0" ts="1298632618914" s="true" lb="/gepa/scripts/scriptaculous/scriptaculous.js" rc="200" by="5068">
  <responseHeader class="java.lang.String">HTTP/1.0 200 OK
Date: Fri, 25 Feb 2011 11:16:58 GMT
Server: Oracle-Application-Server-10g/10.1.2.2.0 Oracle-HTTP-Server
Content-Length: 5068
Set-Cookie: JSESSIONID=8bad99643e7beb3e45b59ba8497506d5b23808a3df1b5148b5eada964675e4ca.e38Ob3aOaheRe34Mb3qSax0Pahz0nR9Pq6XteP93; path=/login
Content-Type: text/html; charset=ISO-8859-1
</responseHeader>
  <requestHeader class="java.lang.String">Accept-Language: es-ES
Accept: */*
User-Agent: Mozilla/4.0 (compatible; MSIE 7.0; Windows NT 6.1; Trident/4.0; SLCC2; .NET CLR 2.0.50727; .NET CLR 3.5.30729; .NET CLR 3.0.30729; Media Center PC 6.0; MDDS; .NET4.0C)
Accept-Encoding: gzip, deflate
Referer: http://picasso:8888/gepa/ResultadoBusquedaAction.do?accion=gestionExp&amp;indice=0
</requestHeader>
  <cookies class="java.lang.String"></cookies>
  <method class="java.lang.String">GET</method>
  <queryString class="java.lang.String"></queryString>
  <redirectLocation class="java.lang.String">https://login-pre.sge/pls/orasso/orasso.wwsso_app_admin.ls_login?Site2pstoreToken=v1.4~CEF0A91F~12664E231E884E9CCD5080FB8B8B4E214E5442389C9118DDDCB2782608A77CEEB74E7439F0DDC6EE8D55BA1C35E0A2F2C25E6D52F75CAA07D2EFE748E63CD2FDA1D1EC077711C61C830DBB28BA1B686F11E30F0FA24339D44AA7BA8328AD0234A66F801F8EB9DF926812963CB7951B5B8C18ADC9E18257C4C3A79830235B8CA23CC28C857D9F094E3856F4DC0816D53313E4F8D6D92A0FCA5D84B40408C2C90A29283964999B6FEFAD714FA20CB5470F86B148349C46A24F3FDD34524B55675EEA298E6048C2F9E8F729B77CE65F75419484EB2C7F62A584318F2EB8BB91A42ACA73B67EAA8E1985A5680F5F0A6977A7DAA4AC85FDA776E0A27790ECA3DC389250AF71D3253206824DB5DA739520956A</redirectLocation>
  <url>https://preproduccion.sge/login/login.jsp?site2pstoretoken=v1.4~CEF0A91F~12664E231E884E9CCD5080FB8B8B4E214E5442389C9118DDDCB2782608A77CEEB74E7439F0DDC6EE8D55BA1C35E0A2F2C25E6D52F75CAA07D2EFE748E63CD2FDA1D1EC077711C61C830DBB28BA1B686F11E30F0FA24339D44AA7BA8328AD0234A66F801F8EB9DF926812963CB7951B5B8C18ADC9E18257C4C3A79830235B8CA23CC28C857D9F094E3856F4DC0816D53313E4F8D6D92A0FCA5D84B40408C2C90A29283964999B6FEFAD714FA20CB5470F86B148349C46A24F3FDD34524B55675EEA298E6048C2F9E8F729B77CE65F75419484EB2C7F62A584318F2EB8BB91A42ACA73B67EAA8E1985A5680F5F0A6977A7DAA4AC85FDA776E0A27790ECA3DC389250AF71D3253206824DB5DA739520956A&amp;p_error_code=&amp;p_submit_url=https%3A%2F%2Flogin-pre.sge%2Fsso%2Fauth&amp;p_cancel_url=https%3A%2F%2Fpreproduccion.sge&amp;ssousername=&amp;subscribername=</url>
</httpSample>
<httpSample t="218" lt="0" ts="1298632619086" s="true" lb="/gepa/ConexionAction.do" rc="200" by="5388">
  <responseHeader class="java.lang.String">HTTP/1.0 200 OK
Date: Fri, 25 Feb 2011 11:16:59 GMT
Server: Oracle-Application-Server-10g/10.1.2.2.0 Oracle-HTTP-Server
Content-Length: 5388
Set-Cookie: JSESSIONID=1a32bde23cdfb5363165f517744be04ec421b4f2c1415eb699610c108d68eae9.e3eSbhiLaNyPe3yNbNyQc3qSai1BqBjKpPXxqAa; path=/login
Content-Type: text/html; charset=ISO-8859-1
</responseHeader>
  <requestHeader class="java.lang.String">Accept-Language: es
Accept: */*
User-Agent: Mozilla/4.0 (compatible; MSIE 7.0; Windows NT 6.1; Trident/4.0; SLCC2; .NET CLR 2.0.50727; .NET CLR 3.5.30729; .NET CLR 3.0.30729; Media Center PC 6.0; MDDS; .NET4.0C)
Accept-Encoding: gzip, deflate
</requestHeader>
  <cookies class="java.lang.String"></cookies>
  <method class="java.lang.String">GET</method>
  <queryString class="java.lang.String"></queryString>
  <redirectLocation class="java.lang.String">https://login-pre.sge/pls/orasso/orasso.wwsso_app_admin.ls_login?Site2pstoreToken=v1.4~CEF0A91F~CAE5EA38E43A37CDC55655A2D296FA95A64992C44C82DD22F0CA19FDEEEE1C3EF9008DFA66BECA07630CD23DB04FBA8CBAA082D9309085B379B69D4D0D4E4F52DBEFA059AB1D804A00D882D6326CEBB4F18A1292B55488A0A1031416B7CDCC7EECB57DC2264F0769DE77DC5D726F9EB89A80751A918F5B451F309EA47299FC8B22577E55963ADDB790AA59E7F93678FF17640E2C24CE3C774087F7D1B36EA64302EA56B7355701F3BC8BE5648D99C34A009958EDB5AB26551FAC9B41C899ED632B3DA05688728EA3D23F7AE963437B8C9FA3D8062A80004D4C39F386EB8742649BB7D04BF901A417C01104A6A6B7F0F14686EE22462BB1AA291B4CAE78109011B0707F0F6D6CEAAEFD5AB037B3165D3E8F41897477E5122D10DCF3EBE44E223D15E408C81C3D5ECF57A0F287022F420492843E9E9A9521D66081774675A55D6EE713BB14FC0231F6B69396C14724FA90E82753163404CDAA2A8E84D3FE9ED1E7</redirectLocation>
  <url>https://preproduccion.sge/login/login.jsp?site2pstoretoken=v1.4~CEF0A91F~CAE5EA38E43A37CDC55655A2D296FA95A64992C44C82DD22F0CA19FDEEEE1C3EF9008DFA66BECA07630CD23DB04FBA8CBAA082D9309085B379B69D4D0D4E4F52DBEFA059AB1D804A00D882D6326CEBB4F18A1292B55488A0A1031416B7CDCC7EECB57DC2264F0769DE77DC5D726F9EB89A80751A918F5B451F309EA47299FC8B22577E55963ADDB790AA59E7F93678FF17640E2C24CE3C774087F7D1B36EA64302EA56B7355701F3BC8BE5648D99C34A009958EDB5AB26551FAC9B41C899ED632B3DA05688728EA3D23F7AE963437B8C9FA3D8062A80004D4C39F386EB8742649BB7D04BF901A417C01104A6A6B7F0F14686EE22462BB1AA291B4CAE78109011B0707F0F6D6CEAAEFD5AB037B3165D3E8F41897477E5122D10DCF3EBE44E223D15E408C81C3D5ECF57A0F287022F420492843E9E9A9521D66081774675A55D6EE713BB14FC0231F6B69396C14724FA90E82753163404CDAA2A8E84D3FE9ED1E7&amp;p_error_code=&amp;p_submit_url=https%3A%2F%2Flogin-pre.sge%2Fsso%2Fauth&amp;p_cancel_url=https%3A%2F%2Fpreproduccion.sge&amp;ssousername=&amp;subscribername=</url>
</httpSample>
<httpSample t="188" lt="0" ts="1298632619304" s="true" lb="/gepa/scripts/scriptaculous/scriptaculous.js" rc="200" by="5068">
  <responseHeader class="java.lang.String">HTTP/1.0 200 OK
Date: Fri, 25 Feb 2011 11:16:59 GMT
Server: Oracle-Application-Server-10g/10.1.2.2.0 Oracle-HTTP-Server
Content-Length: 5068
Set-Cookie: JSESSIONID=d84c2b3f22184de77079183d0f2a3fb96c5b27c3cc52f097007ce2954bc25eea.e38Ob3aOaheRe34Mb3qSax0Pahz0nR9Pq6XteP93; path=/login
Content-Type: text/html; charset=ISO-8859-1
</responseHeader>
  <requestHeader class="java.lang.String">Accept-Language: es-ES
Accept: */*
User-Agent: Mozilla/4.0 (compatible; MSIE 7.0; Windows NT 6.1; Trident/4.0; SLCC2; .NET CLR 2.0.50727; .NET CLR 3.5.30729; .NET CLR 3.0.30729; Media Center PC 6.0; MDDS; .NET4.0C)
Accept-Encoding: gzip, deflate
Referer: http://picasso:8888/gepa/ConexionAction.do?POSTDATA=variosPerfiles=true&amp;accion=iniciar&amp;codigoEntidad=DYS&amp;codigo=jcnegredo&amp;contrasenya=dysmatica&amp;rolSeleccionado=25
</requestHeader>
  <cookies class="java.lang.String"></cookies>
  <method class="java.lang.String">GET</method>
  <queryString class="java.lang.String"></queryString>
  <redirectLocation class="java.lang.String">https://login-pre.sge/pls/orasso/orasso.wwsso_app_admin.ls_login?Site2pstoreToken=v1.4~CEF0A91F~CAE5EA38E43A37CDC55655A2D296FA95A64992C44C82DD22F0CA19FDEEEE1C3EF9008DFA66BECA07630CD23DB04FBA8CBAA082D9309085B379B69D4D0D4E4F52DBEFA059AB1D804A00D882D6326CEBB4F18A1292B55488A0E9273642B6AAF4DE4ED2027FC762AC51152CD2B3268D96E47F87F14F155850564A5F3CBDB39087FBA59DC7F669B03F60424D7DAD2E87C73F84A94824F310C157A7948215936B96374D7D163237FAEA9FF1BD8CFEBE2792770C6311247E376A7CFAC30AEE50765C1EE328AE74C67006BFCE1BB1277F461487B77D361D1EA556FE5F217CDAD4AA04A8FCDD787F0CA24F72A2B4DB904BF4960F842314AD0CED57CB0660CB8B307247BC422CEF6A214EDB353E59EFD137ECA205</redirectLocation>
  <url>https://preproduccion.sge/login/login.jsp?site2pstoretoken=v1.4~CEF0A91F~CAE5EA38E43A37CDC55655A2D296FA95A64992C44C82DD22F0CA19FDEEEE1C3EF9008DFA66BECA07630CD23DB04FBA8CBAA082D9309085B379B69D4D0D4E4F52DBEFA059AB1D804A00D882D6326CEBB4F18A1292B55488A0E9273642B6AAF4DE4ED2027FC762AC51152CD2B3268D96E47F87F14F155850564A5F3CBDB39087FBA59DC7F669B03F60424D7DAD2E87C73F84A94824F310C157A7948215936B96374D7D163237FAEA9FF1BD8CFEBE2792770C6311247E376A7CFAC30AEE50765C1EE328AE74C67006BFCE1BB1277F461487B77D361D1EA556FE5F217CDAD4AA04A8FCDD787F0CA24F72A2B4DB904BF4960F842314AD0CED57CB0660CB8B307247BC422CEF6A214EDB353E59EFD137ECA205&amp;p_error_code=&amp;p_submit_url=https%3A%2F%2Flogin-pre.sge%2Fsso%2Fauth&amp;p_cancel_url=https%3A%2F%2Fpreproduccion.sge&amp;ssousername=&amp;subscribername=</url>
</httpSample>
<httpSample t="15" lt="15" ts="1298632619492" s="false" lb="/gepa/ConexionAction.do;jsessionid=eb634fe5b58b0bcb96508261e275709f9c8e236e3e15aeb347f0741aac2dda55" rc="500" by="778">
  <responseHeader class="java.lang.String">HTTP/1.0 500 Internal Server Error
Date: Fri, 25 Feb 2011 11:16:59 GMT
Server: Oracle-Application-Server-10g/10.1.2.2.0 Oracle-HTTP-Server
Content-Type: text/html; charset=iso-8859-1
</responseHeader>
  <requestHeader class="java.lang.String">Content-Type: application/x-www-form-urlencoded
Accept-Language: es-ES
Accept: image/jpeg, application/x-ms-application, image/gif, application/xaml+xml, image/pjpeg, application/x-ms-xbap, application/vnd.ms-powerpoint, application/vnd.ms-excel, application/msword, */*
User-Agent: Mozilla/4.0 (compatible; MSIE 7.0; Windows NT 6.1; Trident/4.0; SLCC2; .NET CLR 2.0.50727; .NET CLR 3.5.30729; .NET CLR 3.0.30729; Media Center PC 6.0; MDDS; .NET4.0C)
Accept-Encoding: gzip, deflate
Referer: http://picasso:8888/gepa/ConexionAction.do?POSTDATA=variosPerfiles=true&amp;accion=iniciar&amp;codigoEntidad=DYS&amp;codigo=jcnegredo&amp;contrasenya=dysmatica&amp;rolSeleccionado=25
Pragma: no-cache
</requestHeader>
  <cookies class="java.lang.String"></cookies>
  <method class="java.lang.String">POST</method>
  <queryString class="java.lang.String">variosPerfiles=true&amp;accion=seleccionarPerfil&amp;codigoEntidad=DYS&amp;rolSeleccionado=25</queryString>
  <url>https://preproduccion.sge:443/gepa/ConexionAction.do;jsessionid=eb634fe5b58b0bcb96508261e275709f9c8e236e3e15aeb347f0741aac2dda55</url>
</httpSample>
<httpSample t="188" lt="0" ts="1298632619507" s="true" lb="/gepa/scripts/scriptaculous/scriptaculous.js" rc="200" by="5068">
  <responseHeader class="java.lang.String">HTTP/1.0 200 OK
Date: Fri, 25 Feb 2011 11:16:59 GMT
Server: Oracle-Application-Server-10g/10.1.2.2.0 Oracle-HTTP-Server
Content-Length: 5068
Set-Cookie: JSESSIONID=7befd841ca4340f8043193819d0f6e21334490d7b6be144f63e1efc91cee981c.e38Ob3aOaheRe34Mb3qSax0Pahz0nR9Pq6XteP93; path=/login
Content-Type: text/html; charset=ISO-8859-1
</responseHeader>
  <requestHeader class="java.lang.String">Accept-Language: es-ES
Accept: */*
User-Agent: Mozilla/4.0 (compatible; MSIE 7.0; Windows NT 6.1; Trident/4.0; SLCC2; .NET CLR 2.0.50727; .NET CLR 3.5.30729; .NET CLR 3.0.30729; Media Center PC 6.0; MDDS; .NET4.0C)
Accept-Encoding: gzip, deflate
Referer: http://picasso:8888/gepa/ConexionAction.do;jsessionid=eb634fe5b58b0bcb96508261e275709f9c8e236e3e15aeb347f0741aac2dda55
</requestHeader>
  <cookies class="java.lang.String"></cookies>
  <method class="java.lang.String">GET</method>
  <queryString class="java.lang.String"></queryString>
  <redirectLocation class="java.lang.String">https://login-pre.sge/pls/orasso/orasso.wwsso_app_admin.ls_login?Site2pstoreToken=v1.4~CEF0A91F~CAE5EA38E43A37CDC55655A2D296FA95A64992C44C82DD22F0CA19FDEEEE1C3EF9008DFA66BECA07630CD23DB04FBA8CBAA082D9309085B379B69D4D0D4E4F52DBEFA059AB1D804A00D882D6326CEBB4F18A1292B55488A0E9273642B6AAF4DE4ED2027FC762AC51152CD2B3268D96E47F87F14F155850564A5F3CBDB39087FBA59DC7F669B03F60424D7DAD2E87C73F84A94824F310C157A7948215936B96374D7D163237FAEA9FF1BD8CFEBE2792770C6311247E376A7CFAC30AEE50765C1EE328AE74C67006BFCE1BB1277F461487B77D361D1EA556FE5F217CDAD4AA04A8FCDD787F0CA24F72A2B4DB904BF4960F842314AD0CED57CB0660CB8B307247BC422CEF6A214EDB353E59EFD137ECA205</redirectLocation>
  <url>https://preproduccion.sge/login/login.jsp?site2pstoretoken=v1.4~CEF0A91F~CAE5EA38E43A37CDC55655A2D296FA95A64992C44C82DD22F0CA19FDEEEE1C3EF9008DFA66BECA07630CD23DB04FBA8CBAA082D9309085B379B69D4D0D4E4F52DBEFA059AB1D804A00D882D6326CEBB4F18A1292B55488A0E9273642B6AAF4DE4ED2027FC762AC51152CD2B3268D96E47F87F14F155850564A5F3CBDB39087FBA59DC7F669B03F60424D7DAD2E87C73F84A94824F310C157A7948215936B96374D7D163237FAEA9FF1BD8CFEBE2792770C6311247E376A7CFAC30AEE50765C1EE328AE74C67006BFCE1BB1277F461487B77D361D1EA556FE5F217CDAD4AA04A8FCDD787F0CA24F72A2B4DB904BF4960F842314AD0CED57CB0660CB8B307247BC422CEF6A214EDB353E59EFD137ECA205&amp;p_error_code=&amp;p_submit_url=https%3A%2F%2Flogin-pre.sge%2Fsso%2Fauth&amp;p_cancel_url=https%3A%2F%2Fpreproduccion.sge&amp;ssousername=&amp;subscribername=</url>
</httpSample>
<httpSample t="16" lt="16" ts="1298632619695" s="false" lb="/gepa/BusquedaAction.do" rc="500" by="778">
  <responseHeader class="java.lang.String">HTTP/1.0 500 Internal Server Error
Date: Fri, 25 Feb 2011 11:16:59 GMT
Server: Oracle-Application-Server-10g/10.1.2.2.0 Oracle-HTTP-Server
Content-Type: text/html; charset=iso-8859-1
</responseHeader>
  <requestHeader class="java.lang.String">Content-Type: application/x-www-form-urlencoded
Accept-Language: es-ES
Accept: image/jpeg, application/x-ms-application, image/gif, application/xaml+xml, image/pjpeg, application/x-ms-xbap, application/vnd.ms-powerpoint, application/vnd.ms-excel, application/msword, */*
User-Agent: Mozilla/4.0 (compatible; MSIE 7.0; Windows NT 6.1; Trident/4.0; SLCC2; .NET CLR 2.0.50727; .NET CLR 3.5.30729; .NET CLR 3.0.30729; Media Center PC 6.0; MDDS; .NET4.0C)
Accept-Encoding: gzip, deflate
Referer: http://picasso:8888/gepa/ConexionAction.do;jsessionid=eb634fe5b58b0bcb96508261e275709f9c8e236e3e15aeb347f0741aac2dda55
Pragma: no-cache
</requestHeader>
  <cookies class="java.lang.String"></cookies>
  <method class="java.lang.String">POST</method>
  <queryString class="java.lang.String">accion=buscar&amp;modo=rapida&amp;avanzadaDesplegada=false&amp;descElemPesado=&amp;identificacionRapida=&amp;nombreRapida=&amp;apellido1Rapida=&amp;apellido2Rapida=&amp;anyoRapida=&amp;numeroRapida=&amp;desdeRapida=&amp;hastaRapida=&amp;tramiteRapida=-1&amp;estadoRapida=-1&amp;idBusqueda=-1&amp;idClases=26&amp;metaTipo0=STRING&amp;metaTipo1=STRING&amp;metaTipo2=LISTA&amp;metaTipo3=STRING&amp;metaTipo4=LISTA_PESADA&amp;metaTipo5=STRING&amp;metaTipo6=LISTA&amp;metaTipo7=STRING&amp;metaTipo8=STRING&amp;metaTipo9=STRING&amp;metaTipo10=STRING&amp;metaTipo11=STRING&amp;metaTipo12=STRING&amp;metaTipo13=LISTA&amp;metaTipo14=STRING&amp;metaTipo15=TIMESTAMP&amp;metaTipo16=TIMESTAMP&amp;metaTipo17=TIMESTAMP&amp;metaTipo18=LISTA&amp;metaTipo19=LISTA_PESADA&amp;metaTipo20=STRING&amp;metaTipo21=STRING&amp;metaTipo22=STRING&amp;metaTipo23=STRING&amp;metaTipo24=STRING&amp;metaTipo25=LISTA_PESADA&amp;metaTipo26=LISTA&amp;metaTipo27=STRING&amp;metaTipo28=LISTA&amp;metaTipo29=STRING&amp;metaTipo30=STRING&amp;metaTipo31=INTEGER&amp;metaTipo32=STRING&amp;metaTipo33=STRING&amp;metaTipo34=STRING&amp;metaTipo35=LISTA&amp;metaTipo36=LISTA&amp;metaTipo37=LISTA&amp;metaTipo38=STRING&amp;metaTipo39=SEPARADOR&amp;metaTipo40=BOOLEAN&amp;metaTipo41=STRING&amp;metaTipo42=STRING&amp;metaTipo43=STRING&amp;metaTipo44=LISTA&amp;metaTipo45=BOOLEAN&amp;metaTipo46=BOOLEAN&amp;metaTipo47=BOOLEAN&amp;metaTipo48=STRING&amp;metaTipo49=TIMESTAMP&amp;metaTipo50=TIMESTAMP&amp;metaTipo51=TIMESTAMP&amp;metaTipo52=TIMESTAMP&amp;metaTipo53=TIMESTAMP&amp;metaTipo54=TIMESTAMP&amp;metaTipo55=TIMESTAMP&amp;metaTipo56=TIMESTAMP&amp;metaTipo57=TIMESTAMP&amp;metaTipo58=TIMESTAMP&amp;metaTipo59=TIMESTAMP&amp;metaTipo60=TIMESTAMP&amp;metaTipo61=TIMESTAMP&amp;metaTipo62=TIMESTAMP&amp;metaTipo63=TIMESTAMP&amp;metaTipo64=LISTA&amp;metaTipo65=LISTA&amp;metaTipo66=LISTA&amp;metaTipo67=DOUBLE&amp;metaTipo68=DOUBLE&amp;metaTipo69=DOUBLE&amp;metaTipo70=DOUBLE&amp;metaTipo71=DOUBLE&amp;metaTipo72=DOUBLE&amp;metaTipo73=DOUBLE&amp;metaTipo74=BOOLEAN&amp;metaTipo75=LISTA&amp;metaTipo76=STRING&amp;metaTipo77=STRING&amp;metaTipo78=STRING&amp;metaTipo79=STRING&amp;metaTipo80=STRING&amp;metaTipo81=STRING&amp;metaTipo82=STRING&amp;metaTipo83=BOOLEAN&amp;metaTipo84=BOOLEAN&amp;metaTipo85=STRING&amp;metaTipo86=LISTA&amp;metaTipo87=LISTA&amp;metaTipo88=LISTA_PESADA&amp;metaTipo89=LISTA&amp;metaTipo90=LISTA&amp;metaTipo91=STRING&amp;metaTipo92=LISTA&amp;metaTipo93=STRING&amp;metaTipo94=STRING&amp;metaTipo95=LISTA&amp;metaTipo96=LISTA&amp;metaTipo97=LISTA&amp;metaTipo98=BOOLEAN&amp;metaTipo99=LISTA&amp;metaTipo100=BOOLEAN&amp;metaTipo101=LISTA&amp;metaTipo102=LISTA&amp;metaTipo103=BOOLEAN&amp;metaTipo104=BOOLEAN&amp;metaTipo105=LISTA&amp;metaTipo106=LISTA&amp;metaTipo107=LISTA&amp;metaTipo108=LISTA&amp;metaTipo109=LISTA&amp;metaTipo110=STRING&amp;metaTipo111=LISTA&amp;valor=&amp;valorPesado=&amp;lista37=-1&amp;lista36=-1&amp;lista35=-1&amp;lista99=-1&amp;lista109=-1&amp;lista66=-1&amp;lista98=-1&amp;lista108=-1&amp;lista65=-1&amp;lista97=-1&amp;lista107=-1&amp;lista64=-1&amp;lista96=-1&amp;lista106=-1&amp;lista95=-1&amp;lista105=-1&amp;lista104=-1&amp;lista92=-1&amp;lista103=-1&amp;lista102=-1&amp;lista90=-1&amp;lista101=-1&amp;lista100=-1&amp;lista28=-1&amp;lista26=-1&amp;lista89=-1&amp;lista87=-1&amp;lista86=-1&amp;lista6=-1&amp;lista84=-1&amp;lista83=-1&amp;lista2=-1&amp;lista18=-1&amp;lista47=-1&amp;lista46=-1&amp;lista13=-1&amp;lista45=-1&amp;lista44=-1&amp;lista75=-1&amp;lista74=-1&amp;lista40=-1&amp;lista111=-1</queryString>
  <url>https://preproduccion.sge:443/gepa/BusquedaAction.do</url>
</httpSample>
<httpSample t="203" lt="0" ts="1298632619711" s="true" lb="/gepa/scripts/scriptaculous/scriptaculous.js" rc="200" by="5068">
  <responseHeader class="java.lang.String">HTTP/1.0 200 OK
Date: Fri, 25 Feb 2011 11:16:59 GMT
Server: Oracle-Application-Server-10g/10.1.2.2.0 Oracle-HTTP-Server
Content-Length: 5068
Set-Cookie: JSESSIONID=b89b702837da9ab676bc0b97e156230bfd0d9ea76867768a93031c68ed697285.e3eSbhiLaNyPe3yNbNyQc3qSai1BqBjKpPXxqAa; path=/login
Content-Type: text/html; charset=ISO-8859-1
</responseHeader>
  <requestHeader class="java.lang.String">Accept-Language: es-ES
Accept: */*
User-Agent: Mozilla/4.0 (compatible; MSIE 7.0; Windows NT 6.1; Trident/4.0; SLCC2; .NET CLR 2.0.50727; .NET CLR 3.5.30729; .NET CLR 3.0.30729; Media Center PC 6.0; MDDS; .NET4.0C)
Accept-Encoding: gzip, deflate
Referer: http://picasso:8888/gepa/BusquedaAction.do
</requestHeader>
  <cookies class="java.lang.String"></cookies>
  <method class="java.lang.String">GET</method>
  <queryString class="java.lang.String"></queryString>
  <redirectLocation class="java.lang.String">https://login-pre.sge/pls/orasso/orasso.wwsso_app_admin.ls_login?Site2pstoreToken=v1.4~CEF0A91F~CAE5EA38E43A37CDC55655A2D296FA95A64992C44C82DD22F0CA19FDEEEE1C3EF9008DFA66BECA07630CD23DB04FBA8CBAA082D9309085B379B69D4D0D4E4F52DBEFA059AB1D804A00D882D6326CEBB4F18A1292B55488A0E9273642B6AAF4DE4ED2027FC762AC51152CD2B3268D96E47F87F14F155850564A5F3CBDB39087FBA59DC7F669B03F60424D7DAD2E87C73F84A94824F310C157A7948215936B96374D7D163237FAEA9FF1BD8CFEBE2792770C6311247E376A7CFAC30AEE50765C1EE328AE74C67006BFCE1BB1277F461487B77D361D1EA556FE5F217CDAD4AA04A8FCDD787F0CA24F72A2B4DB904BF4960F842314AD0CED57CB0660CB8B307247BC422CEF6A214EDB353E59EFD137ECA205</redirectLocation>
  <url>https://preproduccion.sge/login/login.jsp?site2pstoretoken=v1.4~CEF0A91F~CAE5EA38E43A37CDC55655A2D296FA95A64992C44C82DD22F0CA19FDEEEE1C3EF9008DFA66BECA07630CD23DB04FBA8CBAA082D9309085B379B69D4D0D4E4F52DBEFA059AB1D804A00D882D6326CEBB4F18A1292B55488A0E9273642B6AAF4DE4ED2027FC762AC51152CD2B3268D96E47F87F14F155850564A5F3CBDB39087FBA59DC7F669B03F60424D7DAD2E87C73F84A94824F310C157A7948215936B96374D7D163237FAEA9FF1BD8CFEBE2792770C6311247E376A7CFAC30AEE50765C1EE328AE74C67006BFCE1BB1277F461487B77D361D1EA556FE5F217CDAD4AA04A8FCDD787F0CA24F72A2B4DB904BF4960F842314AD0CED57CB0660CB8B307247BC422CEF6A214EDB353E59EFD137ECA205&amp;p_error_code=&amp;p_submit_url=https%3A%2F%2Flogin-pre.sge%2Fsso%2Fauth&amp;p_cancel_url=https%3A%2F%2Fpreproduccion.sge&amp;ssousername=&amp;subscribername=</url>
</httpSample>
<httpSample t="187" lt="0" ts="1298632619914" s="true" lb="/gepa/ResultadoBusquedaAction.do" rc="200" by="4972">
  <responseHeader class="java.lang.String">HTTP/1.0 200 OK
Date: Fri, 25 Feb 2011 11:16:59 GMT
Server: Oracle-Application-Server-10g/10.1.2.2.0 Oracle-HTTP-Server
Content-Length: 4972
Set-Cookie: JSESSIONID=3827c92f4fb11f3d9feaf518f15dbaf5947cbdf10d1171a4fc5db9efb187c979.e38Ob3aOaheRe34Mb3qSax0Pahz0nR9Pq6XteP93; path=/login
Content-Type: text/html; charset=ISO-8859-1
</responseHeader>
  <requestHeader class="java.lang.String">Accept-Language: es-ES
Accept: image/jpeg, application/x-ms-application, image/gif, application/xaml+xml, image/pjpeg, application/x-ms-xbap, application/vnd.ms-powerpoint, application/vnd.ms-excel, application/msword, */*
User-Agent: Mozilla/4.0 (compatible; MSIE 7.0; Windows NT 6.1; Trident/4.0; SLCC2; .NET CLR 2.0.50727; .NET CLR 3.5.30729; .NET CLR 3.0.30729; Media Center PC 6.0; MDDS; .NET4.0C)
Accept-Encoding: gzip, deflate
Referer: http://picasso:8888/gepa/BusquedaAction.do
</requestHeader>
  <cookies class="java.lang.String"></cookies>
  <method class="java.lang.String">GET</method>
  <queryString class="java.lang.String"></queryString>
  <redirectLocation class="java.lang.String">https://login-pre.sge/pls/orasso/orasso.wwsso_app_admin.ls_login?Site2pstoreToken=v1.4~CEF0A91F~CAE5EA38E43A37CDC55655A2D296FA95A64992C44C82DD22F0CA19FDEEEE1C3EF9008DFA66BECA07630CD23DB04FBA8CBAA082D9309085B379B69D4D0D4E4F52DBEFA059AB1D804A00D882D6326CEBB4F18A1292B55488A01A72A03A30A3670D6F106112D77FECC10F555D37CD2F61DCF7D8CAD6FD1406AE1D998E76E3655AD04B191D08917A4809D3BEBC6EC5247C8E272B76B4B5D4E13F61D74BF0BAB0D4C7383AA1ACBA54D90CEC5514CB2B01E59E5F47A747B1D7AE26A0FBA9E08BCE61D9EDEBC71C6B65DE2F1B904B8E0ADF403AC9AA1A414CD8C38AA8B6EF795CBC65CBC77E3F27BE54BF07E5FDC185CFE42BEB55ED2084F73B948E</redirectLocation>
  <url>https://preproduccion.sge/login/login.jsp?site2pstoretoken=v1.4~CEF0A91F~CAE5EA38E43A37CDC55655A2D296FA95A64992C44C82DD22F0CA19FDEEEE1C3EF9008DFA66BECA07630CD23DB04FBA8CBAA082D9309085B379B69D4D0D4E4F52DBEFA059AB1D804A00D882D6326CEBB4F18A1292B55488A01A72A03A30A3670D6F106112D77FECC10F555D37CD2F61DCF7D8CAD6FD1406AE1D998E76E3655AD04B191D08917A4809D3BEBC6EC5247C8E272B76B4B5D4E13F61D74BF0BAB0D4C7383AA1ACBA54D90CEC5514CB2B01E59E5F47A747B1D7AE26A0FBA9E08BCE61D9EDEBC71C6B65DE2F1B904B8E0ADF403AC9AA1A414CD8C38AA8B6EF795CBC65CBC77E3F27BE54BF07E5FDC185CFE42BEB55ED2084F73B948E&amp;p_error_code=&amp;p_submit_url=https%3A%2F%2Flogin-pre.sge%2Fsso%2Fauth&amp;p_cancel_url=https%3A%2F%2Fpreproduccion.sge&amp;ssousername=&amp;subscribername=</url>
</httpSample>
<httpSample t="188" lt="0" ts="1298632620101" s="true" lb="/gepa/scripts/scriptaculous/scriptaculous.js" rc="200" by="5068">
  <responseHeader class="java.lang.String">HTTP/1.0 200 OK
Date: Fri, 25 Feb 2011 11:17:00 GMT
Server: Oracle-Application-Server-10g/10.1.2.2.0 Oracle-HTTP-Server
Content-Length: 5068
Set-Cookie: JSESSIONID=3c98ceebee172fa6b27c33aba38dad0923947a57286ade9eb40d584b20fd2482.e3eSbhiLaNyPe3yNbNyQc3qSai1BqBjKpPXxqAa; path=/login
Content-Type: text/html; charset=ISO-8859-1
</responseHeader>
  <requestHeader class="java.lang.String">Accept-Language: es-ES
Accept: */*
User-Agent: Mozilla/4.0 (compatible; MSIE 7.0; Windows NT 6.1; Trident/4.0; SLCC2; .NET CLR 2.0.50727; .NET CLR 3.5.30729; .NET CLR 3.0.30729; Media Center PC 6.0; MDDS; .NET4.0C)
Accept-Encoding: gzip, deflate
Referer: http://picasso:8888/gepa/ResultadoBusquedaAction.do?accion=gestionExp&amp;indice=0
</requestHeader>
  <cookies class="java.lang.String"></cookies>
  <method class="java.lang.String">GET</method>
  <queryString class="java.lang.String"></queryString>
  <redirectLocation class="java.lang.String">https://login-pre.sge/pls/orasso/orasso.wwsso_app_admin.ls_login?Site2pstoreToken=v1.4~CEF0A91F~3BEED02EF4A1AE8286A316ED27267FC70A17093A9A2441964910C57C61DF3E8DFA6276E3C78FA729E13FDA5EC4CBA87DB16BD7E30DD1B1C83BBF37CA74B1CE44C0C4403F1B0AE43A12F29A68030CCB277B466153D69B576CA3A6D4FFF6F471409FC7B1A18CAC16BFCD24712A7626C0CAD67BFCF76EF4B40A3E327D5B114252E6DB9128763AC53E410CAF155BD5545D85208809B850A739F0AB0F7CBB041B3E6769CB1F34271407465A45DB9B11942991E8C15535B3C7DFC9BE4EEE7FCD03F2A1BC20C3688E15041EA734FA2099D4522AB9B615F59CB9DAD1973EE30ABDCDBF97542F64B478DBD78E1B573A75D6922985661E9D8F1E3704FB3A4D80AF4FDFAE495E67BC33BAD2F9C0148DBBB59321F6F1</redirectLocation>
  <url>https://preproduccion.sge/login/login.jsp?site2pstoretoken=v1.4~CEF0A91F~3BEED02EF4A1AE8286A316ED27267FC70A17093A9A2441964910C57C61DF3E8DFA6276E3C78FA729E13FDA5EC4CBA87DB16BD7E30DD1B1C83BBF37CA74B1CE44C0C4403F1B0AE43A12F29A68030CCB277B466153D69B576CA3A6D4FFF6F471409FC7B1A18CAC16BFCD24712A7626C0CAD67BFCF76EF4B40A3E327D5B114252E6DB9128763AC53E410CAF155BD5545D85208809B850A739F0AB0F7CBB041B3E6769CB1F34271407465A45DB9B11942991E8C15535B3C7DFC9BE4EEE7FCD03F2A1BC20C3688E15041EA734FA2099D4522AB9B615F59CB9DAD1973EE30ABDCDBF97542F64B478DBD78E1B573A75D6922985661E9D8F1E3704FB3A4D80AF4FDFAE495E67BC33BAD2F9C0148DBBB59321F6F1&amp;p_error_code=&amp;p_submit_url=https%3A%2F%2Flogin-pre.sge%2Fsso%2Fauth&amp;p_cancel_url=https%3A%2F%2Fpreproduccion.sge&amp;ssousername=&amp;subscribername=</url>
</httpSample>
<httpSample t="187" lt="0" ts="1298632620289" s="true" lb="/gepa/ConexionAction.do" rc="200" by="5388">
  <responseHeader class="java.lang.String">HTTP/1.0 200 OK
Date: Fri, 25 Feb 2011 11:17:00 GMT
Server: Oracle-Application-Server-10g/10.1.2.2.0 Oracle-HTTP-Server
Content-Length: 5388
Set-Cookie: JSESSIONID=1709797cf48c1265c1072069c42babcc0851fedc1ed766016b47e446d759305d.e38Ob3aOaheRe34Mb3qSax0Pahz0nR9Pq6XteP93; path=/login
Content-Type: text/html; charset=ISO-8859-1
</responseHeader>
  <requestHeader class="java.lang.String">Accept-Language: es
Accept: */*
User-Agent: Mozilla/4.0 (compatible; MSIE 7.0; Windows NT 6.1; Trident/4.0; SLCC2; .NET CLR 2.0.50727; .NET CLR 3.5.30729; .NET CLR 3.0.30729; Media Center PC 6.0; MDDS; .NET4.0C)
Accept-Encoding: gzip, deflate
</requestHeader>
  <cookies class="java.lang.String"></cookies>
  <method class="java.lang.String">GET</method>
  <queryString class="java.lang.String"></queryString>
  <redirectLocation class="java.lang.String">https://login-pre.sge/pls/orasso/orasso.wwsso_app_admin.ls_login?Site2pstoreToken=v1.4~CEF0A91F~3BEED02EF4A1AE8286A316ED27267FC70A17093A9A2441964910C57C61DF3E8DFA6276E3C78FA729E13FDA5EC4CBA87DB16BD7E30DD1B1C83BBF37CA74B1CE44C0C4403F1B0AE43A12F29A68030CCB277B466153D69B576CA3A6D4FFF6F47140A28A23BB8E0AF0F49E7A5682BC2427823B74BB7446873C7599E91F59DDE4C36E60C8CD0A522DF88C0E3A6C298475753E6096D9CCC28A7AD8ABF40A97DBFC4E7DF27FD5B93ED98A49AE481BB9B58F116F4084C29358E4D2CF5AF7938E123B3CEA440636178FD907E57CA19670C8AB4FA2375A38DC86F29AE80060B4A11346EAF92EC2106E83B28F69FE1EFADB65417DC6E51659A01EFF7C574B198EA5FFBE67A78799B98CBBDF935CC8851B8B9F8ADAA582DB8585523C2AEB77F272F558046C4D725413CFE7E36D44642EE71F021C4026E3091E615B7ACDE33B4055AD5632CBE8C32FC3EA1C00FC4FFE153A75A9B9F4A98AECDB62EB12AAABC256D2CEC846C59A</redirectLocation>
  <url>https://preproduccion.sge/login/login.jsp?site2pstoretoken=v1.4~CEF0A91F~3BEED02EF4A1AE8286A316ED27267FC70A17093A9A2441964910C57C61DF3E8DFA6276E3C78FA729E13FDA5EC4CBA87DB16BD7E30DD1B1C83BBF37CA74B1CE44C0C4403F1B0AE43A12F29A68030CCB277B466153D69B576CA3A6D4FFF6F47140A28A23BB8E0AF0F49E7A5682BC2427823B74BB7446873C7599E91F59DDE4C36E60C8CD0A522DF88C0E3A6C298475753E6096D9CCC28A7AD8ABF40A97DBFC4E7DF27FD5B93ED98A49AE481BB9B58F116F4084C29358E4D2CF5AF7938E123B3CEA440636178FD907E57CA19670C8AB4FA2375A38DC86F29AE80060B4A11346EAF92EC2106E83B28F69FE1EFADB65417DC6E51659A01EFF7C574B198EA5FFBE67A78799B98CBBDF935CC8851B8B9F8ADAA582DB8585523C2AEB77F272F558046C4D725413CFE7E36D44642EE71F021C4026E3091E615B7ACDE33B4055AD5632CBE8C32FC3EA1C00FC4FFE153A75A9B9F4A98AECDB62EB12AAABC256D2CEC846C59A&amp;p_error_code=&amp;p_submit_url=https%3A%2F%2Flogin-pre.sge%2Fsso%2Fauth&amp;p_cancel_url=https%3A%2F%2Fpreproduccion.sge&amp;ssousername=&amp;subscribername=</url>
</httpSample>
<httpSample t="188" lt="0" ts="1298632620476" s="true" lb="/gepa/scripts/scriptaculous/scriptaculous.js" rc="200" by="5068">
  <responseHeader class="java.lang.String">HTTP/1.0 200 OK
Date: Fri, 25 Feb 2011 11:17:00 GMT
Server: Oracle-Application-Server-10g/10.1.2.2.0 Oracle-HTTP-Server
Content-Length: 5068
Set-Cookie: JSESSIONID=9f2587aace586fe1668394e6feb590abd3a4e2bec5c0a26436abd8df1d8bfe6f.e3eSbhiLaNyPe3yNbNyQc3qSai1BqBjKpPXxqAa; path=/login
Content-Type: text/html; charset=ISO-8859-1
</responseHeader>
  <requestHeader class="java.lang.String">Accept-Language: es-ES
Accept: */*
User-Agent: Mozilla/4.0 (compatible; MSIE 7.0; Windows NT 6.1; Trident/4.0; SLCC2; .NET CLR 2.0.50727; .NET CLR 3.5.30729; .NET CLR 3.0.30729; Media Center PC 6.0; MDDS; .NET4.0C)
Accept-Encoding: gzip, deflate
Referer: http://picasso:8888/gepa/ConexionAction.do?POSTDATA=variosPerfiles=true&amp;accion=iniciar&amp;codigoEntidad=DYS&amp;codigo=jcnegredo&amp;contrasenya=dysmatica&amp;rolSeleccionado=25
</requestHeader>
  <cookies class="java.lang.String"></cookies>
  <method class="java.lang.String">GET</method>
  <queryString class="java.lang.String"></queryString>
  <redirectLocation class="java.lang.String">https://login-pre.sge/pls/orasso/orasso.wwsso_app_admin.ls_login?Site2pstoreToken=v1.4~CEF0A91F~3BEED02EF4A1AE8286A316ED27267FC70A17093A9A2441964910C57C61DF3E8DFA6276E3C78FA729E13FDA5EC4CBA87DB16BD7E30DD1B1C83BBF37CA74B1CE44C0C4403F1B0AE43A12F29A68030CCB277B466153D69B576CA3A6D4FFF6F471409FC7B1A18CAC16BFCD24712A7626C0CAD67BFCF76EF4B40A3E327D5B114252E6DB9128763AC53E410CAF155BD5545D85208809B850A739F0AB0F7CBB041B3E6769CB1F34271407465A45DB9B11942991E8C15535B3C7DFC9BE4EEE7FCD03F2A1BC20C3688E15041EA734FA2099D4522AB9B615F59CB9DAD1973EE30ABDCDBF97542F64B478DBD78E1B573A75D6922985661E9D8F1E3704FB3A4D80AF4FDFAE495E67BC33BAD2F9C0148DBBB59321F6F1</redirectLocation>
  <url>https://preproduccion.sge/login/login.jsp?site2pstoretoken=v1.4~CEF0A91F~3BEED02EF4A1AE8286A316ED27267FC70A17093A9A2441964910C57C61DF3E8DFA6276E3C78FA729E13FDA5EC4CBA87DB16BD7E30DD1B1C83BBF37CA74B1CE44C0C4403F1B0AE43A12F29A68030CCB277B466153D69B576CA3A6D4FFF6F471409FC7B1A18CAC16BFCD24712A7626C0CAD67BFCF76EF4B40A3E327D5B114252E6DB9128763AC53E410CAF155BD5545D85208809B850A739F0AB0F7CBB041B3E6769CB1F34271407465A45DB9B11942991E8C15535B3C7DFC9BE4EEE7FCD03F2A1BC20C3688E15041EA734FA2099D4522AB9B615F59CB9DAD1973EE30ABDCDBF97542F64B478DBD78E1B573A75D6922985661E9D8F1E3704FB3A4D80AF4FDFAE495E67BC33BAD2F9C0148DBBB59321F6F1&amp;p_error_code=&amp;p_submit_url=https%3A%2F%2Flogin-pre.sge%2Fsso%2Fauth&amp;p_cancel_url=https%3A%2F%2Fpreproduccion.sge&amp;ssousername=&amp;subscribername=</url>
</httpSample>
<httpSample t="15" lt="15" ts="1298632620664" s="false" lb="/gepa/ConexionAction.do;jsessionid=eb634fe5b58b0bcb96508261e275709f9c8e236e3e15aeb347f0741aac2dda55" rc="500" by="778">
  <responseHeader class="java.lang.String">HTTP/1.0 500 Internal Server Error
Date: Fri, 25 Feb 2011 11:17:00 GMT
Server: Oracle-Application-Server-10g/10.1.2.2.0 Oracle-HTTP-Server
Content-Type: text/html; charset=iso-8859-1
</responseHeader>
  <requestHeader class="java.lang.String">Content-Type: application/x-www-form-urlencoded
Accept-Language: es-ES
Accept: image/jpeg, application/x-ms-application, image/gif, application/xaml+xml, image/pjpeg, application/x-ms-xbap, application/vnd.ms-powerpoint, application/vnd.ms-excel, application/msword, */*
User-Agent: Mozilla/4.0 (compatible; MSIE 7.0; Windows NT 6.1; Trident/4.0; SLCC2; .NET CLR 2.0.50727; .NET CLR 3.5.30729; .NET CLR 3.0.30729; Media Center PC 6.0; MDDS; .NET4.0C)
Accept-Encoding: gzip, deflate
Referer: http://picasso:8888/gepa/ConexionAction.do?POSTDATA=variosPerfiles=true&amp;accion=iniciar&amp;codigoEntidad=DYS&amp;codigo=jcnegredo&amp;contrasenya=dysmatica&amp;rolSeleccionado=25
Pragma: no-cache
</requestHeader>
  <cookies class="java.lang.String"></cookies>
  <method class="java.lang.String">POST</method>
  <queryString class="java.lang.String">variosPerfiles=true&amp;accion=seleccionarPerfil&amp;codigoEntidad=DYS&amp;rolSeleccionado=25</queryString>
  <url>https://preproduccion.sge:443/gepa/ConexionAction.do;jsessionid=eb634fe5b58b0bcb96508261e275709f9c8e236e3e15aeb347f0741aac2dda55</url>
</httpSample>
<httpSample t="188" lt="0" ts="1298632620679" s="true" lb="/gepa/scripts/scriptaculous/scriptaculous.js" rc="200" by="5068">
  <responseHeader class="java.lang.String">HTTP/1.0 200 OK
Date: Fri, 25 Feb 2011 11:17:00 GMT
Server: Oracle-Application-Server-10g/10.1.2.2.0 Oracle-HTTP-Server
Content-Length: 5068
Set-Cookie: JSESSIONID=049efe92fb18dd4cd303b04d389400307d4b5cd1cc665b7c1790a9d920ecf0dc.e3eSbhiLaNyPe3yNbNyQc3qSai1BqBjKpPXxqAa; path=/login
Content-Type: text/html; charset=ISO-8859-1
</responseHeader>
  <requestHeader class="java.lang.String">Accept-Language: es-ES
Accept: */*
User-Agent: Mozilla/4.0 (compatible; MSIE 7.0; Windows NT 6.1; Trident/4.0; SLCC2; .NET CLR 2.0.50727; .NET CLR 3.5.30729; .NET CLR 3.0.30729; Media Center PC 6.0; MDDS; .NET4.0C)
Accept-Encoding: gzip, deflate
Referer: http://picasso:8888/gepa/ConexionAction.do;jsessionid=eb634fe5b58b0bcb96508261e275709f9c8e236e3e15aeb347f0741aac2dda55
</requestHeader>
  <cookies class="java.lang.String"></cookies>
  <method class="java.lang.String">GET</method>
  <queryString class="java.lang.String"></queryString>
  <redirectLocation class="java.lang.String">https://login-pre.sge/pls/orasso/orasso.wwsso_app_admin.ls_login?Site2pstoreToken=v1.4~CEF0A91F~3BEED02EF4A1AE8286A316ED27267FC70A17093A9A2441964910C57C61DF3E8DFA6276E3C78FA729E13FDA5EC4CBA87DB16BD7E30DD1B1C83BBF37CA74B1CE44C0C4403F1B0AE43A12F29A68030CCB277B466153D69B576CA3A6D4FFF6F471409FC7B1A18CAC16BFCD24712A7626C0CAD67BFCF76EF4B40A3E327D5B114252E6DB9128763AC53E410CAF155BD5545D85208809B850A739F0AB0F7CBB041B3E6769CB1F34271407465A45DB9B11942991E8C15535B3C7DFC9BE4EEE7FCD03F2A1BC20C3688E15041EA734FA2099D4522AB9B615F59CB9DAD1973EE30ABDCDBF97542F64B478DBD78E1B573A75D6922985661E9D8F1E3704FB3A4D80AF4FDFAE495E67BC33BAD2F9C0148DBBB59321F6F1</redirectLocation>
  <url>https://preproduccion.sge/login/login.jsp?site2pstoretoken=v1.4~CEF0A91F~3BEED02EF4A1AE8286A316ED27267FC70A17093A9A2441964910C57C61DF3E8DFA6276E3C78FA729E13FDA5EC4CBA87DB16BD7E30DD1B1C83BBF37CA74B1CE44C0C4403F1B0AE43A12F29A68030CCB277B466153D69B576CA3A6D4FFF6F471409FC7B1A18CAC16BFCD24712A7626C0CAD67BFCF76EF4B40A3E327D5B114252E6DB9128763AC53E410CAF155BD5545D85208809B850A739F0AB0F7CBB041B3E6769CB1F34271407465A45DB9B11942991E8C15535B3C7DFC9BE4EEE7FCD03F2A1BC20C3688E15041EA734FA2099D4522AB9B615F59CB9DAD1973EE30ABDCDBF97542F64B478DBD78E1B573A75D6922985661E9D8F1E3704FB3A4D80AF4FDFAE495E67BC33BAD2F9C0148DBBB59321F6F1&amp;p_error_code=&amp;p_submit_url=https%3A%2F%2Flogin-pre.sge%2Fsso%2Fauth&amp;p_cancel_url=https%3A%2F%2Fpreproduccion.sge&amp;ssousername=&amp;subscribername=</url>
</httpSample>
<httpSample t="15" lt="15" ts="1298632620867" s="false" lb="/gepa/BusquedaAction.do" rc="500" by="778">
  <responseHeader class="java.lang.String">HTTP/1.0 500 Internal Server Error
Date: Fri, 25 Feb 2011 11:17:00 GMT
Server: Oracle-Application-Server-10g/10.1.2.2.0 Oracle-HTTP-Server
Content-Type: text/html; charset=iso-8859-1
</responseHeader>
  <requestHeader class="java.lang.String">Content-Type: application/x-www-form-urlencoded
Accept-Language: es-ES
Accept: image/jpeg, application/x-ms-application, image/gif, application/xaml+xml, image/pjpeg, application/x-ms-xbap, application/vnd.ms-powerpoint, application/vnd.ms-excel, application/msword, */*
User-Agent: Mozilla/4.0 (compatible; MSIE 7.0; Windows NT 6.1; Trident/4.0; SLCC2; .NET CLR 2.0.50727; .NET CLR 3.5.30729; .NET CLR 3.0.30729; Media Center PC 6.0; MDDS; .NET4.0C)
Accept-Encoding: gzip, deflate
Referer: http://picasso:8888/gepa/ConexionAction.do;jsessionid=eb634fe5b58b0bcb96508261e275709f9c8e236e3e15aeb347f0741aac2dda55
Pragma: no-cache
</requestHeader>
  <cookies class="java.lang.String"></cookies>
  <method class="java.lang.String">POST</method>
  <queryString class="java.lang.String">accion=buscar&amp;modo=rapida&amp;avanzadaDesplegada=false&amp;descElemPesado=&amp;identificacionRapida=&amp;nombreRapida=&amp;apellido1Rapida=&amp;apellido2Rapida=&amp;anyoRapida=&amp;numeroRapida=&amp;desdeRapida=&amp;hastaRapida=&amp;tramiteRapida=-1&amp;estadoRapida=-1&amp;idBusqueda=-1&amp;idClases=26&amp;metaTipo0=STRING&amp;metaTipo1=STRING&amp;metaTipo2=LISTA&amp;metaTipo3=STRING&amp;metaTipo4=LISTA_PESADA&amp;metaTipo5=STRING&amp;metaTipo6=LISTA&amp;metaTipo7=STRING&amp;metaTipo8=STRING&amp;metaTipo9=STRING&amp;metaTipo10=STRING&amp;metaTipo11=STRING&amp;metaTipo12=STRING&amp;metaTipo13=LISTA&amp;metaTipo14=STRING&amp;metaTipo15=TIMESTAMP&amp;metaTipo16=TIMESTAMP&amp;metaTipo17=TIMESTAMP&amp;metaTipo18=LISTA&amp;metaTipo19=LISTA_PESADA&amp;metaTipo20=STRING&amp;metaTipo21=STRING&amp;metaTipo22=STRING&amp;metaTipo23=STRING&amp;metaTipo24=STRING&amp;metaTipo25=LISTA_PESADA&amp;metaTipo26=LISTA&amp;metaTipo27=STRING&amp;metaTipo28=LISTA&amp;metaTipo29=STRING&amp;metaTipo30=STRING&amp;metaTipo31=INTEGER&amp;metaTipo32=STRING&amp;metaTipo33=STRING&amp;metaTipo34=STRING&amp;metaTipo35=LISTA&amp;metaTipo36=LISTA&amp;metaTipo37=LISTA&amp;metaTipo38=STRING&amp;metaTipo39=SEPARADOR&amp;metaTipo40=BOOLEAN&amp;metaTipo41=STRING&amp;metaTipo42=STRING&amp;metaTipo43=STRING&amp;metaTipo44=LISTA&amp;metaTipo45=BOOLEAN&amp;metaTipo46=BOOLEAN&amp;metaTipo47=BOOLEAN&amp;metaTipo48=STRING&amp;metaTipo49=TIMESTAMP&amp;metaTipo50=TIMESTAMP&amp;metaTipo51=TIMESTAMP&amp;metaTipo52=TIMESTAMP&amp;metaTipo53=TIMESTAMP&amp;metaTipo54=TIMESTAMP&amp;metaTipo55=TIMESTAMP&amp;metaTipo56=TIMESTAMP&amp;metaTipo57=TIMESTAMP&amp;metaTipo58=TIMESTAMP&amp;metaTipo59=TIMESTAMP&amp;metaTipo60=TIMESTAMP&amp;metaTipo61=TIMESTAMP&amp;metaTipo62=TIMESTAMP&amp;metaTipo63=TIMESTAMP&amp;metaTipo64=LISTA&amp;metaTipo65=LISTA&amp;metaTipo66=LISTA&amp;metaTipo67=DOUBLE&amp;metaTipo68=DOUBLE&amp;metaTipo69=DOUBLE&amp;metaTipo70=DOUBLE&amp;metaTipo71=DOUBLE&amp;metaTipo72=DOUBLE&amp;metaTipo73=DOUBLE&amp;metaTipo74=BOOLEAN&amp;metaTipo75=LISTA&amp;metaTipo76=STRING&amp;metaTipo77=STRING&amp;metaTipo78=STRING&amp;metaTipo79=STRING&amp;metaTipo80=STRING&amp;metaTipo81=STRING&amp;metaTipo82=STRING&amp;metaTipo83=BOOLEAN&amp;metaTipo84=BOOLEAN&amp;metaTipo85=STRING&amp;metaTipo86=LISTA&amp;metaTipo87=LISTA&amp;metaTipo88=LISTA_PESADA&amp;metaTipo89=LISTA&amp;metaTipo90=LISTA&amp;metaTipo91=STRING&amp;metaTipo92=LISTA&amp;metaTipo93=STRING&amp;metaTipo94=STRING&amp;metaTipo95=LISTA&amp;metaTipo96=LISTA&amp;metaTipo97=LISTA&amp;metaTipo98=BOOLEAN&amp;metaTipo99=LISTA&amp;metaTipo100=BOOLEAN&amp;metaTipo101=LISTA&amp;metaTipo102=LISTA&amp;metaTipo103=BOOLEAN&amp;metaTipo104=BOOLEAN&amp;metaTipo105=LISTA&amp;metaTipo106=LISTA&amp;metaTipo107=LISTA&amp;metaTipo108=LISTA&amp;metaTipo109=LISTA&amp;metaTipo110=STRING&amp;metaTipo111=LISTA&amp;valor=&amp;valorPesado=&amp;lista37=-1&amp;lista36=-1&amp;lista35=-1&amp;lista99=-1&amp;lista109=-1&amp;lista66=-1&amp;lista98=-1&amp;lista108=-1&amp;lista65=-1&amp;lista97=-1&amp;lista107=-1&amp;lista64=-1&amp;lista96=-1&amp;lista106=-1&amp;lista95=-1&amp;lista105=-1&amp;lista104=-1&amp;lista92=-1&amp;lista103=-1&amp;lista102=-1&amp;lista90=-1&amp;lista101=-1&amp;lista100=-1&amp;lista28=-1&amp;lista26=-1&amp;lista89=-1&amp;lista87=-1&amp;lista86=-1&amp;lista6=-1&amp;lista84=-1&amp;lista83=-1&amp;lista2=-1&amp;lista18=-1&amp;lista47=-1&amp;lista46=-1&amp;lista13=-1&amp;lista45=-1&amp;lista44=-1&amp;lista75=-1&amp;lista74=-1&amp;lista40=-1&amp;lista111=-1</queryString>
  <url>https://preproduccion.sge:443/gepa/BusquedaAction.do</url>
</httpSample>
<httpSample t="188" lt="0" ts="1298632620882" s="true" lb="/gepa/scripts/scriptaculous/scriptaculous.js" rc="200" by="5068">
  <responseHeader class="java.lang.String">HTTP/1.0 200 OK
Date: Fri, 25 Feb 2011 11:17:00 GMT
Server: Oracle-Application-Server-10g/10.1.2.2.0 Oracle-HTTP-Server
Content-Length: 5068
Set-Cookie: JSESSIONID=37140aa00c76a9946862d5254ebe136fb6711b8531f7c04638c8ca3b55d42c84.e38Ob3aOaheRe34Mb3qSax0Pahz0nR9Pq6XteP93; path=/login
Content-Type: text/html; charset=ISO-8859-1
</responseHeader>
  <requestHeader class="java.lang.String">Accept-Language: es-ES
Accept: */*
User-Agent: Mozilla/4.0 (compatible; MSIE 7.0; Windows NT 6.1; Trident/4.0; SLCC2; .NET CLR 2.0.50727; .NET CLR 3.5.30729; .NET CLR 3.0.30729; Media Center PC 6.0; MDDS; .NET4.0C)
Accept-Encoding: gzip, deflate
Referer: http://picasso:8888/gepa/BusquedaAction.do
</requestHeader>
  <cookies class="java.lang.String"></cookies>
  <method class="java.lang.String">GET</method>
  <queryString class="java.lang.String"></queryString>
  <redirectLocation class="java.lang.String">https://login-pre.sge/pls/orasso/orasso.wwsso_app_admin.ls_login?Site2pstoreToken=v1.4~CEF0A91F~3BEED02EF4A1AE8286A316ED27267FC70A17093A9A2441964910C57C61DF3E8DFA6276E3C78FA729E13FDA5EC4CBA87DB16BD7E30DD1B1C83BBF37CA74B1CE44C0C4403F1B0AE43A12F29A68030CCB277B466153D69B576CA3A6D4FFF6F471409FC7B1A18CAC16BFCD24712A7626C0CAD67BFCF76EF4B40A3E327D5B114252E6DB9128763AC53E410CAF155BD5545D85208809B850A739F0AB0F7CBB041B3E6769CB1F34271407465A45DB9B11942991E8C15535B3C7DFC9BE4EEE7FCD03F2A1BC20C3688E15041EA734FA2099D4522AB9B615F59CB9DAD1973EE30ABDCDBF97542F64B478DBD78E1B573A75D6922985661E9D8F1E3704FB3A4D80AF4FDFAE495E67BC33BAD2F9C0148DBBB59321F6F1</redirectLocation>
  <url>https://preproduccion.sge/login/login.jsp?site2pstoretoken=v1.4~CEF0A91F~3BEED02EF4A1AE8286A316ED27267FC70A17093A9A2441964910C57C61DF3E8DFA6276E3C78FA729E13FDA5EC4CBA87DB16BD7E30DD1B1C83BBF37CA74B1CE44C0C4403F1B0AE43A12F29A68030CCB277B466153D69B576CA3A6D4FFF6F471409FC7B1A18CAC16BFCD24712A7626C0CAD67BFCF76EF4B40A3E327D5B114252E6DB9128763AC53E410CAF155BD5545D85208809B850A739F0AB0F7CBB041B3E6769CB1F34271407465A45DB9B11942991E8C15535B3C7DFC9BE4EEE7FCD03F2A1BC20C3688E15041EA734FA2099D4522AB9B615F59CB9DAD1973EE30ABDCDBF97542F64B478DBD78E1B573A75D6922985661E9D8F1E3704FB3A4D80AF4FDFAE495E67BC33BAD2F9C0148DBBB59321F6F1&amp;p_error_code=&amp;p_submit_url=https%3A%2F%2Flogin-pre.sge%2Fsso%2Fauth&amp;p_cancel_url=https%3A%2F%2Fpreproduccion.sge&amp;ssousername=&amp;subscribername=</url>
</httpSample>
<httpSample t="203" lt="0" ts="1298632621070" s="true" lb="/gepa/ResultadoBusquedaAction.do" rc="200" by="5004">
  <responseHeader class="java.lang.String">HTTP/1.0 200 OK
Date: Fri, 25 Feb 2011 11:17:01 GMT
Server: Oracle-Application-Server-10g/10.1.2.2.0 Oracle-HTTP-Server
Content-Length: 5004
Set-Cookie: JSESSIONID=6937a6852fc437cd1a1aae7a1beed54dbe7c9c8656dfa6a29eb3e111daab4b62.e3eSbhiLaNyPe3yNbNyQc3qSai1BqBjKpPXxqAa; path=/login
Content-Type: text/html; charset=ISO-8859-1
</responseHeader>
  <requestHeader class="java.lang.String">Accept-Language: es-ES
Accept: image/jpeg, application/x-ms-application, image/gif, application/xaml+xml, image/pjpeg, application/x-ms-xbap, application/vnd.ms-powerpoint, application/vnd.ms-excel, application/msword, */*
User-Agent: Mozilla/4.0 (compatible; MSIE 7.0; Windows NT 6.1; Trident/4.0; SLCC2; .NET CLR 2.0.50727; .NET CLR 3.5.30729; .NET CLR 3.0.30729; Media Center PC 6.0; MDDS; .NET4.0C)
Accept-Encoding: gzip, deflate
Referer: http://picasso:8888/gepa/BusquedaAction.do
</requestHeader>
  <cookies class="java.lang.String"></cookies>
  <method class="java.lang.String">GET</method>
  <queryString class="java.lang.String"></queryString>
  <redirectLocation class="java.lang.String">https://login-pre.sge/pls/orasso/orasso.wwsso_app_admin.ls_login?Site2pstoreToken=v1.4~CEF0A91F~FF617E708BC38C35273D1AF128ECEF6E5A49CB7B84C4123ABE9F8143EEEF9D152B8663CA7CC3B4937B5158E9944FD40081C636DA07BF8C95496CC568F6E03E645BD9380E4C210E34681617D3744A0854B0B7EF1F366C8A227EB81EAA0BC00512B12908A814B4E1327AC5E460F70646F9C82E2A2D47ACF0F11EB3F5F365C3113E88F4A79C6CC6405EBDE46C15B626978926223E2CB0FC9891A26C8EBBD3E1D2F0F183FA27B6A1B87395D03A4282A9CA2CB1E1ADC70B6D38C0018C3BEF70F5D43843EE4F66C4CFE1046FBCAEC97612B67A0695F4615D5F2E924432F51EA11DC9AA91C4D465E4EE856493B3282C6617592D17A314617DC164E5A4EC77B8FC2759C8</redirectLocation>
  <url>https://preproduccion.sge/login/login.jsp?site2pstoretoken=v1.4~CEF0A91F~FF617E708BC38C35273D1AF128ECEF6E5A49CB7B84C4123ABE9F8143EEEF9D152B8663CA7CC3B4937B5158E9944FD40081C636DA07BF8C95496CC568F6E03E645BD9380E4C210E34681617D3744A0854B0B7EF1F366C8A227EB81EAA0BC00512B12908A814B4E1327AC5E460F70646F9C82E2A2D47ACF0F11EB3F5F365C3113E88F4A79C6CC6405EBDE46C15B626978926223E2CB0FC9891A26C8EBBD3E1D2F0F183FA27B6A1B87395D03A4282A9CA2CB1E1ADC70B6D38C0018C3BEF70F5D43843EE4F66C4CFE1046FBCAEC97612B67A0695F4615D5F2E924432F51EA11DC9AA91C4D465E4EE856493B3282C6617592D17A314617DC164E5A4EC77B8FC2759C8&amp;p_error_code=&amp;p_submit_url=https%3A%2F%2Flogin-pre.sge%2Fsso%2Fauth&amp;p_cancel_url=https%3A%2F%2Fpreproduccion.sge&amp;ssousername=&amp;subscribername=</url>
</httpSample>
<httpSample t="188" lt="0" ts="1298632621273" s="true" lb="/gepa/scripts/scriptaculous/scriptaculous.js" rc="200" by="5068">
  <responseHeader class="java.lang.String">HTTP/1.0 200 OK
Date: Fri, 25 Feb 2011 11:17:01 GMT
Server: Oracle-Application-Server-10g/10.1.2.2.0 Oracle-HTTP-Server
Content-Length: 5068
Set-Cookie: JSESSIONID=e4c16891d08b5a67cd091438b2c21f290373e48885b0af2c521992f5e64bcace.e38Ob3aOaheRe34Mb3qSax0Pahz0nR9Pq6XteP93; path=/login
Content-Type: text/html; charset=ISO-8859-1
</responseHeader>
  <requestHeader class="java.lang.String">Accept-Language: es-ES
Accept: */*
User-Agent: Mozilla/4.0 (compatible; MSIE 7.0; Windows NT 6.1; Trident/4.0; SLCC2; .NET CLR 2.0.50727; .NET CLR 3.5.30729; .NET CLR 3.0.30729; Media Center PC 6.0; MDDS; .NET4.0C)
Accept-Encoding: gzip, deflate
Referer: http://picasso:8888/gepa/ResultadoBusquedaAction.do?accion=gestionExp&amp;indice=0
</requestHeader>
  <cookies class="java.lang.String"></cookies>
  <method class="java.lang.String">GET</method>
  <queryString class="java.lang.String"></queryString>
  <redirectLocation class="java.lang.String">https://login-pre.sge/pls/orasso/orasso.wwsso_app_admin.ls_login?Site2pstoreToken=v1.4~CEF0A91F~FF617E708BC38C35273D1AF128ECEF6E5A49CB7B84C4123ABE9F8143EEEF9D152B8663CA7CC3B4937B5158E9944FD40081C636DA07BF8C95496CC568F6E03E645BD9380E4C210E34681617D3744A0854B0B7EF1F366C8A227EB81EAA0BC00512E9F4FE4D0324CFDBFB827251432989E2AB7361F762C81A3FEB2A90DED9F1250F3E734490F6EECD97D96932732C679159C2E809DB284EF5AC2AEEF1A62D9E56182197C3D8496BAE7B2A3312C66B3341966D1B55D2FE6A17E444D9EE3D45C73772AD2507AB58D75215D6D283775C7B740C15A1F0898F948993148B76D33C1F84E2962D7B205D04A0AF2E57CB989632234A2D0466DC3259A4D1FF5CCE8E9574101577B9A459C0E0CE600959C3C731ACF483</redirectLocation>
  <url>https://preproduccion.sge/login/login.jsp?site2pstoretoken=v1.4~CEF0A91F~FF617E708BC38C35273D1AF128ECEF6E5A49CB7B84C4123ABE9F8143EEEF9D152B8663CA7CC3B4937B5158E9944FD40081C636DA07BF8C95496CC568F6E03E645BD9380E4C210E34681617D3744A0854B0B7EF1F366C8A227EB81EAA0BC00512E9F4FE4D0324CFDBFB827251432989E2AB7361F762C81A3FEB2A90DED9F1250F3E734490F6EECD97D96932732C679159C2E809DB284EF5AC2AEEF1A62D9E56182197C3D8496BAE7B2A3312C66B3341966D1B55D2FE6A17E444D9EE3D45C73772AD2507AB58D75215D6D283775C7B740C15A1F0898F948993148B76D33C1F84E2962D7B205D04A0AF2E57CB989632234A2D0466DC3259A4D1FF5CCE8E9574101577B9A459C0E0CE600959C3C731ACF483&amp;p_error_code=&amp;p_submit_url=https%3A%2F%2Flogin-pre.sge%2Fsso%2Fauth&amp;p_cancel_url=https%3A%2F%2Fpreproduccion.sge&amp;ssousername=&amp;subscribername=</url>
</httpSample>
<httpSample t="188" lt="0" ts="1298632621476" s="true" lb="/gepa/ConexionAction.do" rc="200" by="5420">
  <responseHeader class="java.lang.String">HTTP/1.0 200 OK
Date: Fri, 25 Feb 2011 11:17:01 GMT
Server: Oracle-Application-Server-10g/10.1.2.2.0 Oracle-HTTP-Server
Content-Length: 5420
Set-Cookie: JSESSIONID=a0a9bd2a83bb4ad5b8cee19f39e8167f6fd1ddb72e756c0901acc0034a352471.e3eSbhiLaNyPe3yNbNyQc3qSai1BqBjKpPXxqAa; path=/login
Content-Type: text/html; charset=ISO-8859-1
</responseHeader>
  <requestHeader class="java.lang.String">Accept-Language: es
Accept: */*
User-Agent: Mozilla/4.0 (compatible; MSIE 7.0; Windows NT 6.1; Trident/4.0; SLCC2; .NET CLR 2.0.50727; .NET CLR 3.5.30729; .NET CLR 3.0.30729; Media Center PC 6.0; MDDS; .NET4.0C)
Accept-Encoding: gzip, deflate
</requestHeader>
  <cookies class="java.lang.String"></cookies>
  <method class="java.lang.String">GET</method>
  <queryString class="java.lang.String"></queryString>
  <redirectLocation class="java.lang.String">https://login-pre.sge/pls/orasso/orasso.wwsso_app_admin.ls_login?Site2pstoreToken=v1.4~CEF0A91F~FF617E708BC38C35273D1AF128ECEF6E5A49CB7B84C4123ABE9F8143EEEF9D152B8663CA7CC3B4937B5158E9944FD40081C636DA07BF8C95496CC568F6E03E645BD9380E4C210E34681617D3744A0854B0B7EF1F366C8A227EB81EAA0BC00512A35755C18603D33D8A861EB8676E62F3AD4393B5850602FE37F241CE3B404962D76E7971B3679760C5903D3F0EEE14B873EA0A704264478FB9AAB7ED31DA2EDDCCFB887A28A93E2A600282323FF0ABCE56624B9AD5D9D8AD356656474DCC1A3263C4F3C2326AB15C1B34AA97F5BEE808F1CB2FCF8DA761D166BEEB0967DCDD0FFC4D4142F87D2B00F8ACEC44FDFACE8BB73BC4DBADDE4D64DF5F7E49CF7DF4AA5E57A20B2E17ABE8DE5BED7BB2DBB9C8493D9DEDFD2A53B6377CD3FE25129D02ABE962BA106725701F71564D6D505922CC8423FC1922F9E5E022F5DACD2C35713BA56968153E969DF42DFFFC6DB35A9D224F2496CAD3BACBF7EC4C17ED111B328A0C1F8A3E7E62D4</redirectLocation>
  <url>https://preproduccion.sge/login/login.jsp?site2pstoretoken=v1.4~CEF0A91F~FF617E708BC38C35273D1AF128ECEF6E5A49CB7B84C4123ABE9F8143EEEF9D152B8663CA7CC3B4937B5158E9944FD40081C636DA07BF8C95496CC568F6E03E645BD9380E4C210E34681617D3744A0854B0B7EF1F366C8A227EB81EAA0BC00512A35755C18603D33D8A861EB8676E62F3AD4393B5850602FE37F241CE3B404962D76E7971B3679760C5903D3F0EEE14B873EA0A704264478FB9AAB7ED31DA2EDDCCFB887A28A93E2A600282323FF0ABCE56624B9AD5D9D8AD356656474DCC1A3263C4F3C2326AB15C1B34AA97F5BEE808F1CB2FCF8DA761D166BEEB0967DCDD0FFC4D4142F87D2B00F8ACEC44FDFACE8BB73BC4DBADDE4D64DF5F7E49CF7DF4AA5E57A20B2E17ABE8DE5BED7BB2DBB9C8493D9DEDFD2A53B6377CD3FE25129D02ABE962BA106725701F71564D6D505922CC8423FC1922F9E5E022F5DACD2C35713BA56968153E969DF42DFFFC6DB35A9D224F2496CAD3BACBF7EC4C17ED111B328A0C1F8A3E7E62D4&amp;p_error_code=&amp;p_submit_url=https%3A%2F%2Flogin-pre.sge%2Fsso%2Fauth&amp;p_cancel_url=https%3A%2F%2Fpreproduccion.sge&amp;ssousername=&amp;subscribername=</url>
</httpSample>
<httpSample t="187" lt="0" ts="1298632621664" s="true" lb="/gepa/scripts/scriptaculous/scriptaculous.js" rc="200" by="5068">
  <responseHeader class="java.lang.String">HTTP/1.0 200 OK
Date: Fri, 25 Feb 2011 11:17:01 GMT
Server: Oracle-Application-Server-10g/10.1.2.2.0 Oracle-HTTP-Server
Content-Length: 5068
Set-Cookie: JSESSIONID=0cb3fe060368b0e65cd12a3c980c3ee79dd8b6744bcedf49c3758e025ebcb50b.e38Ob3aOaheRe34Mb3qSax0Pahz0nR9Pq6XteP93; path=/login
Content-Type: text/html; charset=ISO-8859-1
</responseHeader>
  <requestHeader class="java.lang.String">Accept-Language: es-ES
Accept: */*
User-Agent: Mozilla/4.0 (compatible; MSIE 7.0; Windows NT 6.1; Trident/4.0; SLCC2; .NET CLR 2.0.50727; .NET CLR 3.5.30729; .NET CLR 3.0.30729; Media Center PC 6.0; MDDS; .NET4.0C)
Accept-Encoding: gzip, deflate
Referer: http://picasso:8888/gepa/ConexionAction.do?POSTDATA=variosPerfiles=true&amp;accion=iniciar&amp;codigoEntidad=DYS&amp;codigo=jcnegredo&amp;contrasenya=dysmatica&amp;rolSeleccionado=25
</requestHeader>
  <cookies class="java.lang.String"></cookies>
  <method class="java.lang.String">GET</method>
  <queryString class="java.lang.String"></queryString>
  <redirectLocation class="java.lang.String">https://login-pre.sge/pls/orasso/orasso.wwsso_app_admin.ls_login?Site2pstoreToken=v1.4~CEF0A91F~FF617E708BC38C35273D1AF128ECEF6E5A49CB7B84C4123ABE9F8143EEEF9D152B8663CA7CC3B4937B5158E9944FD40081C636DA07BF8C95496CC568F6E03E645BD9380E4C210E34681617D3744A0854B0B7EF1F366C8A227EB81EAA0BC00512E9F4FE4D0324CFDBFB827251432989E2AB7361F762C81A3FEB2A90DED9F1250F3E734490F6EECD97D96932732C679159C2E809DB284EF5AC2AEEF1A62D9E56182197C3D8496BAE7B2A3312C66B3341966D1B55D2FE6A17E444D9EE3D45C73772AD2507AB58D75215D6D283775C7B740C15A1F0898F948993148B76D33C1F84E2962D7B205D04A0AF2E57CB989632234A2D0466DC3259A4D1FF5CCE8E9574101577B9A459C0E0CE600959C3C731ACF483</redirectLocation>
  <url>https://preproduccion.sge/login/login.jsp?site2pstoretoken=v1.4~CEF0A91F~FF617E708BC38C35273D1AF128ECEF6E5A49CB7B84C4123ABE9F8143EEEF9D152B8663CA7CC3B4937B5158E9944FD40081C636DA07BF8C95496CC568F6E03E645BD9380E4C210E34681617D3744A0854B0B7EF1F366C8A227EB81EAA0BC00512E9F4FE4D0324CFDBFB827251432989E2AB7361F762C81A3FEB2A90DED9F1250F3E734490F6EECD97D96932732C679159C2E809DB284EF5AC2AEEF1A62D9E56182197C3D8496BAE7B2A3312C66B3341966D1B55D2FE6A17E444D9EE3D45C73772AD2507AB58D75215D6D283775C7B740C15A1F0898F948993148B76D33C1F84E2962D7B205D04A0AF2E57CB989632234A2D0466DC3259A4D1FF5CCE8E9574101577B9A459C0E0CE600959C3C731ACF483&amp;p_error_code=&amp;p_submit_url=https%3A%2F%2Flogin-pre.sge%2Fsso%2Fauth&amp;p_cancel_url=https%3A%2F%2Fpreproduccion.sge&amp;ssousername=&amp;subscribername=</url>
</httpSample>
<httpSample t="16" lt="16" ts="1298632621851" s="false" lb="/gepa/ConexionAction.do;jsessionid=eb634fe5b58b0bcb96508261e275709f9c8e236e3e15aeb347f0741aac2dda55" rc="500" by="778">
  <responseHeader class="java.lang.String">HTTP/1.0 500 Internal Server Error
Date: Fri, 25 Feb 2011 11:17:01 GMT
Server: Oracle-Application-Server-10g/10.1.2.2.0 Oracle-HTTP-Server
Content-Type: text/html; charset=iso-8859-1
</responseHeader>
  <requestHeader class="java.lang.String">Content-Type: application/x-www-form-urlencoded
Accept-Language: es-ES
Accept: image/jpeg, application/x-ms-application, image/gif, application/xaml+xml, image/pjpeg, application/x-ms-xbap, application/vnd.ms-powerpoint, application/vnd.ms-excel, application/msword, */*
User-Agent: Mozilla/4.0 (compatible; MSIE 7.0; Windows NT 6.1; Trident/4.0; SLCC2; .NET CLR 2.0.50727; .NET CLR 3.5.30729; .NET CLR 3.0.30729; Media Center PC 6.0; MDDS; .NET4.0C)
Accept-Encoding: gzip, deflate
Referer: http://picasso:8888/gepa/ConexionAction.do?POSTDATA=variosPerfiles=true&amp;accion=iniciar&amp;codigoEntidad=DYS&amp;codigo=jcnegredo&amp;contrasenya=dysmatica&amp;rolSeleccionado=25
Pragma: no-cache
</requestHeader>
  <cookies class="java.lang.String"></cookies>
  <method class="java.lang.String">POST</method>
  <queryString class="java.lang.String">variosPerfiles=true&amp;accion=seleccionarPerfil&amp;codigoEntidad=DYS&amp;rolSeleccionado=25</queryString>
  <url>https://preproduccion.sge:443/gepa/ConexionAction.do;jsessionid=eb634fe5b58b0bcb96508261e275709f9c8e236e3e15aeb347f0741aac2dda55</url>
</httpSample>
<httpSample t="172" lt="0" ts="1298632621882" s="true" lb="/gepa/scripts/scriptaculous/scriptaculous.js" rc="200" by="5068">
  <responseHeader class="java.lang.String">HTTP/1.0 200 OK
Date: Fri, 25 Feb 2011 11:17:01 GMT
Server: Oracle-Application-Server-10g/10.1.2.2.0 Oracle-HTTP-Server
Content-Length: 5068
Set-Cookie: JSESSIONID=291d77c0694f238d4044c1deb7f92fba0560a1cbbbd8bae32261380c01ef79ab.e38Ob3aOaheRe34Mb3qSax0Pahz0nR9Pq6XteP93; path=/login
Content-Type: text/html; charset=ISO-8859-1
</responseHeader>
  <requestHeader class="java.lang.String">Accept-Language: es-ES
Accept: */*
User-Agent: Mozilla/4.0 (compatible; MSIE 7.0; Windows NT 6.1; Trident/4.0; SLCC2; .NET CLR 2.0.50727; .NET CLR 3.5.30729; .NET CLR 3.0.30729; Media Center PC 6.0; MDDS; .NET4.0C)
Accept-Encoding: gzip, deflate
Referer: http://picasso:8888/gepa/ConexionAction.do;jsessionid=eb634fe5b58b0bcb96508261e275709f9c8e236e3e15aeb347f0741aac2dda55
</requestHeader>
  <cookies class="java.lang.String"></cookies>
  <method class="java.lang.String">GET</method>
  <queryString class="java.lang.String"></queryString>
  <redirectLocation class="java.lang.String">https://login-pre.sge/pls/orasso/orasso.wwsso_app_admin.ls_login?Site2pstoreToken=v1.4~CEF0A91F~FF617E708BC38C35273D1AF128ECEF6E5A49CB7B84C4123ABE9F8143EEEF9D152B8663CA7CC3B4937B5158E9944FD40081C636DA07BF8C95496CC568F6E03E645BD9380E4C210E34681617D3744A0854B0B7EF1F366C8A227EB81EAA0BC00512E9F4FE4D0324CFDBFB827251432989E2AB7361F762C81A3FEB2A90DED9F1250F3E734490F6EECD97D96932732C679159C2E809DB284EF5AC2AEEF1A62D9E56182197C3D8496BAE7B2A3312C66B3341966D1B55D2FE6A17E444D9EE3D45C73772AD2507AB58D75215D6D283775C7B740C15A1F0898F948993148B76D33C1F84E2962D7B205D04A0AF2E57CB989632234A2D0466DC3259A4D1FF5CCE8E9574101577B9A459C0E0CE600959C3C731ACF483</redirectLocation>
  <url>https://preproduccion.sge/login/login.jsp?site2pstoretoken=v1.4~CEF0A91F~FF617E708BC38C35273D1AF128ECEF6E5A49CB7B84C4123ABE9F8143EEEF9D152B8663CA7CC3B4937B5158E9944FD40081C636DA07BF8C95496CC568F6E03E645BD9380E4C210E34681617D3744A0854B0B7EF1F366C8A227EB81EAA0BC00512E9F4FE4D0324CFDBFB827251432989E2AB7361F762C81A3FEB2A90DED9F1250F3E734490F6EECD97D96932732C679159C2E809DB284EF5AC2AEEF1A62D9E56182197C3D8496BAE7B2A3312C66B3341966D1B55D2FE6A17E444D9EE3D45C73772AD2507AB58D75215D6D283775C7B740C15A1F0898F948993148B76D33C1F84E2962D7B205D04A0AF2E57CB989632234A2D0466DC3259A4D1FF5CCE8E9574101577B9A459C0E0CE600959C3C731ACF483&amp;p_error_code=&amp;p_submit_url=https%3A%2F%2Flogin-pre.sge%2Fsso%2Fauth&amp;p_cancel_url=https%3A%2F%2Fpreproduccion.sge&amp;ssousername=&amp;subscribername=</url>
</httpSample>
<httpSample t="16" lt="16" ts="1298632622054" s="false" lb="/gepa/BusquedaAction.do" rc="500" by="778">
  <responseHeader class="java.lang.String">HTTP/1.0 500 Internal Server Error
Date: Fri, 25 Feb 2011 11:17:02 GMT
Server: Oracle-Application-Server-10g/10.1.2.2.0 Oracle-HTTP-Server
Content-Type: text/html; charset=iso-8859-1
</responseHeader>
  <requestHeader class="java.lang.String">Content-Type: application/x-www-form-urlencoded
Accept-Language: es-ES
Accept: image/jpeg, application/x-ms-application, image/gif, application/xaml+xml, image/pjpeg, application/x-ms-xbap, application/vnd.ms-powerpoint, application/vnd.ms-excel, application/msword, */*
User-Agent: Mozilla/4.0 (compatible; MSIE 7.0; Windows NT 6.1; Trident/4.0; SLCC2; .NET CLR 2.0.50727; .NET CLR 3.5.30729; .NET CLR 3.0.30729; Media Center PC 6.0; MDDS; .NET4.0C)
Accept-Encoding: gzip, deflate
Referer: http://picasso:8888/gepa/ConexionAction.do;jsessionid=eb634fe5b58b0bcb96508261e275709f9c8e236e3e15aeb347f0741aac2dda55
Pragma: no-cache
</requestHeader>
  <cookies class="java.lang.String"></cookies>
  <method class="java.lang.String">POST</method>
  <queryString class="java.lang.String">accion=buscar&amp;modo=rapida&amp;avanzadaDesplegada=false&amp;descElemPesado=&amp;identificacionRapida=&amp;nombreRapida=&amp;apellido1Rapida=&amp;apellido2Rapida=&amp;anyoRapida=&amp;numeroRapida=&amp;desdeRapida=&amp;hastaRapida=&amp;tramiteRapida=-1&amp;estadoRapida=-1&amp;idBusqueda=-1&amp;idClases=26&amp;metaTipo0=STRING&amp;metaTipo1=STRING&amp;metaTipo2=LISTA&amp;metaTipo3=STRING&amp;metaTipo4=LISTA_PESADA&amp;metaTipo5=STRING&amp;metaTipo6=LISTA&amp;metaTipo7=STRING&amp;metaTipo8=STRING&amp;metaTipo9=STRING&amp;metaTipo10=STRING&amp;metaTipo11=STRING&amp;metaTipo12=STRING&amp;metaTipo13=LISTA&amp;metaTipo14=STRING&amp;metaTipo15=TIMESTAMP&amp;metaTipo16=TIMESTAMP&amp;metaTipo17=TIMESTAMP&amp;metaTipo18=LISTA&amp;metaTipo19=LISTA_PESADA&amp;metaTipo20=STRING&amp;metaTipo21=STRING&amp;metaTipo22=STRING&amp;metaTipo23=STRING&amp;metaTipo24=STRING&amp;metaTipo25=LISTA_PESADA&amp;metaTipo26=LISTA&amp;metaTipo27=STRING&amp;metaTipo28=LISTA&amp;metaTipo29=STRING&amp;metaTipo30=STRING&amp;metaTipo31=INTEGER&amp;metaTipo32=STRING&amp;metaTipo33=STRING&amp;metaTipo34=STRING&amp;metaTipo35=LISTA&amp;metaTipo36=LISTA&amp;metaTipo37=LISTA&amp;metaTipo38=STRING&amp;metaTipo39=SEPARADOR&amp;metaTipo40=BOOLEAN&amp;metaTipo41=STRING&amp;metaTipo42=STRING&amp;metaTipo43=STRING&amp;metaTipo44=LISTA&amp;metaTipo45=BOOLEAN&amp;metaTipo46=BOOLEAN&amp;metaTipo47=BOOLEAN&amp;metaTipo48=STRING&amp;metaTipo49=TIMESTAMP&amp;metaTipo50=TIMESTAMP&amp;metaTipo51=TIMESTAMP&amp;metaTipo52=TIMESTAMP&amp;metaTipo53=TIMESTAMP&amp;metaTipo54=TIMESTAMP&amp;metaTipo55=TIMESTAMP&amp;metaTipo56=TIMESTAMP&amp;metaTipo57=TIMESTAMP&amp;metaTipo58=TIMESTAMP&amp;metaTipo59=TIMESTAMP&amp;metaTipo60=TIMESTAMP&amp;metaTipo61=TIMESTAMP&amp;metaTipo62=TIMESTAMP&amp;metaTipo63=TIMESTAMP&amp;metaTipo64=LISTA&amp;metaTipo65=LISTA&amp;metaTipo66=LISTA&amp;metaTipo67=DOUBLE&amp;metaTipo68=DOUBLE&amp;metaTipo69=DOUBLE&amp;metaTipo70=DOUBLE&amp;metaTipo71=DOUBLE&amp;metaTipo72=DOUBLE&amp;metaTipo73=DOUBLE&amp;metaTipo74=BOOLEAN&amp;metaTipo75=LISTA&amp;metaTipo76=STRING&amp;metaTipo77=STRING&amp;metaTipo78=STRING&amp;metaTipo79=STRING&amp;metaTipo80=STRING&amp;metaTipo81=STRING&amp;metaTipo82=STRING&amp;metaTipo83=BOOLEAN&amp;metaTipo84=BOOLEAN&amp;metaTipo85=STRING&amp;metaTipo86=LISTA&amp;metaTipo87=LISTA&amp;metaTipo88=LISTA_PESADA&amp;metaTipo89=LISTA&amp;metaTipo90=LISTA&amp;metaTipo91=STRING&amp;metaTipo92=LISTA&amp;metaTipo93=STRING&amp;metaTipo94=STRING&amp;metaTipo95=LISTA&amp;metaTipo96=LISTA&amp;metaTipo97=LISTA&amp;metaTipo98=BOOLEAN&amp;metaTipo99=LISTA&amp;metaTipo100=BOOLEAN&amp;metaTipo101=LISTA&amp;metaTipo102=LISTA&amp;metaTipo103=BOOLEAN&amp;metaTipo104=BOOLEAN&amp;metaTipo105=LISTA&amp;metaTipo106=LISTA&amp;metaTipo107=LISTA&amp;metaTipo108=LISTA&amp;metaTipo109=LISTA&amp;metaTipo110=STRING&amp;metaTipo111=LISTA&amp;valor=&amp;valorPesado=&amp;lista37=-1&amp;lista36=-1&amp;lista35=-1&amp;lista99=-1&amp;lista109=-1&amp;lista66=-1&amp;lista98=-1&amp;lista108=-1&amp;lista65=-1&amp;lista97=-1&amp;lista107=-1&amp;lista64=-1&amp;lista96=-1&amp;lista106=-1&amp;lista95=-1&amp;lista105=-1&amp;lista104=-1&amp;lista92=-1&amp;lista103=-1&amp;lista102=-1&amp;lista90=-1&amp;lista101=-1&amp;lista100=-1&amp;lista28=-1&amp;lista26=-1&amp;lista89=-1&amp;lista87=-1&amp;lista86=-1&amp;lista6=-1&amp;lista84=-1&amp;lista83=-1&amp;lista2=-1&amp;lista18=-1&amp;lista47=-1&amp;lista46=-1&amp;lista13=-1&amp;lista45=-1&amp;lista44=-1&amp;lista75=-1&amp;lista74=-1&amp;lista40=-1&amp;lista111=-1</queryString>
  <url>https://preproduccion.sge:443/gepa/BusquedaAction.do</url>
</httpSample>
<httpSample t="187" lt="0" ts="1298632622070" s="true" lb="/gepa/scripts/scriptaculous/scriptaculous.js" rc="200" by="5068">
  <responseHeader class="java.lang.String">HTTP/1.0 200 OK
Date: Fri, 25 Feb 2011 11:17:02 GMT
Server: Oracle-Application-Server-10g/10.1.2.2.0 Oracle-HTTP-Server
Content-Length: 5068
Set-Cookie: JSESSIONID=c7ac164e4d79af22b60c2f89f5708d950470076fab0a02e7b0a755407eb89c37.e3eSbhiLaNyPe3yNbNyQc3qSai1BqBjKpPXxqAa; path=/login
Content-Type: text/html; charset=ISO-8859-1
</responseHeader>
  <requestHeader class="java.lang.String">Accept-Language: es-ES
Accept: */*
User-Agent: Mozilla/4.0 (compatible; MSIE 7.0; Windows NT 6.1; Trident/4.0; SLCC2; .NET CLR 2.0.50727; .NET CLR 3.5.30729; .NET CLR 3.0.30729; Media Center PC 6.0; MDDS; .NET4.0C)
Accept-Encoding: gzip, deflate
Referer: http://picasso:8888/gepa/BusquedaAction.do
</requestHeader>
  <cookies class="java.lang.String"></cookies>
  <method class="java.lang.String">GET</method>
  <queryString class="java.lang.String"></queryString>
  <redirectLocation class="java.lang.String">https://login-pre.sge/pls/orasso/orasso.wwsso_app_admin.ls_login?Site2pstoreToken=v1.4~CEF0A91F~C7A865277767F6F73B581E11775195A5F0DA983F6C5EDB8D2DD25BC38C003E4C2B6A49B18B0CAAF17A26410D77E21DB178241E9A3579160C67599441E90FE79ED8C70EB65A5DE32412F019D7608E4BD00CA28D3EE99E0704FEC8A51D2BCC05E3E74E3B160D6FF7E91EC51A2EDC47B6D92A777A63BB4276DABC07B0471240E11F26E4EC73EA2513426B3B9ECA241285752E1F1112F9A48E2E8E6D2E522E8239AA97A7707C6F99C51D2EBB5710A8D2F97FA484128349792157DA348E9DF3D039A76D10DEE039C76EBBA3862922A608EAD9F0FF3564140F1B25EF701352FC1F6716DDB0092DA9D5F11E2B22DB136BCAE9DE2577017692C7A79C6D361B7569391F2C2FFBDFE482323F90C488C64509DC6BDD</redirectLocation>
  <url>https://preproduccion.sge/login/login.jsp?site2pstoretoken=v1.4~CEF0A91F~C7A865277767F6F73B581E11775195A5F0DA983F6C5EDB8D2DD25BC38C003E4C2B6A49B18B0CAAF17A26410D77E21DB178241E9A3579160C67599441E90FE79ED8C70EB65A5DE32412F019D7608E4BD00CA28D3EE99E0704FEC8A51D2BCC05E3E74E3B160D6FF7E91EC51A2EDC47B6D92A777A63BB4276DABC07B0471240E11F26E4EC73EA2513426B3B9ECA241285752E1F1112F9A48E2E8E6D2E522E8239AA97A7707C6F99C51D2EBB5710A8D2F97FA484128349792157DA348E9DF3D039A76D10DEE039C76EBBA3862922A608EAD9F0FF3564140F1B25EF701352FC1F6716DDB0092DA9D5F11E2B22DB136BCAE9DE2577017692C7A79C6D361B7569391F2C2FFBDFE482323F90C488C64509DC6BDD&amp;p_error_code=&amp;p_submit_url=https%3A%2F%2Flogin-pre.sge%2Fsso%2Fauth&amp;p_cancel_url=https%3A%2F%2Fpreproduccion.sge&amp;ssousername=&amp;subscribername=</url>
</httpSample>
<httpSample t="188" lt="0" ts="1298632622257" s="true" lb="/gepa/ResultadoBusquedaAction.do" rc="200" by="4972">
  <responseHeader class="java.lang.String">HTTP/1.0 200 OK
Date: Fri, 25 Feb 2011 11:17:02 GMT
Server: Oracle-Application-Server-10g/10.1.2.2.0 Oracle-HTTP-Server
Content-Length: 4972
Set-Cookie: JSESSIONID=884cefdd2e1a8732b04b2f1f1bdd44f15c4c7724d126c6c2078f7808faa4f49c.e38Ob3aOaheRe34Mb3qSax0Pahz0nR9Pq6XteP93; path=/login
Content-Type: text/html; charset=ISO-8859-1
</responseHeader>
  <requestHeader class="java.lang.String">Accept-Language: es-ES
Accept: image/jpeg, application/x-ms-application, image/gif, application/xaml+xml, image/pjpeg, application/x-ms-xbap, application/vnd.ms-powerpoint, application/vnd.ms-excel, application/msword, */*
User-Agent: Mozilla/4.0 (compatible; MSIE 7.0; Windows NT 6.1; Trident/4.0; SLCC2; .NET CLR 2.0.50727; .NET CLR 3.5.30729; .NET CLR 3.0.30729; Media Center PC 6.0; MDDS; .NET4.0C)
Accept-Encoding: gzip, deflate
Referer: http://picasso:8888/gepa/BusquedaAction.do
</requestHeader>
  <cookies class="java.lang.String"></cookies>
  <method class="java.lang.String">GET</method>
  <queryString class="java.lang.String"></queryString>
  <redirectLocation class="java.lang.String">https://login-pre.sge/pls/orasso/orasso.wwsso_app_admin.ls_login?Site2pstoreToken=v1.4~CEF0A91F~C7A865277767F6F73B581E11775195A5F0DA983F6C5EDB8D2DD25BC38C003E4C2B6A49B18B0CAAF17A26410D77E21DB178241E9A3579160C67599441E90FE79ED8C70EB65A5DE32412F019D7608E4BD00CA28D3EE99E070456EFE6B54063F1B0BEB9D4D10B3C53292491B0E1B75FAE6DA3A2EED02CE5D095ED69BE70D56C34C5CC0E6DBED2F5B4D42E401DADC3DFE3CE2C82208DFA0BE74E065A01F61522B3E591AB7978C32121454D32AB67A958EABE779E554FB00CBA0AD433B746C03C009F20DF4D62391D7EDA332C33859E15CEE2F141A0A819642DD68552942726BB23B8971D4FB8E50E391903ED059D8D2E1C1CEA338C2699A0B7DE</redirectLocation>
  <url>https://preproduccion.sge/login/login.jsp?site2pstoretoken=v1.4~CEF0A91F~C7A865277767F6F73B581E11775195A5F0DA983F6C5EDB8D2DD25BC38C003E4C2B6A49B18B0CAAF17A26410D77E21DB178241E9A3579160C67599441E90FE79ED8C70EB65A5DE32412F019D7608E4BD00CA28D3EE99E070456EFE6B54063F1B0BEB9D4D10B3C53292491B0E1B75FAE6DA3A2EED02CE5D095ED69BE70D56C34C5CC0E6DBED2F5B4D42E401DADC3DFE3CE2C82208DFA0BE74E065A01F61522B3E591AB7978C32121454D32AB67A958EABE779E554FB00CBA0AD433B746C03C009F20DF4D62391D7EDA332C33859E15CEE2F141A0A819642DD68552942726BB23B8971D4FB8E50E391903ED059D8D2E1C1CEA338C2699A0B7DE&amp;p_error_code=&amp;p_submit_url=https%3A%2F%2Flogin-pre.sge%2Fsso%2Fauth&amp;p_cancel_url=https%3A%2F%2Fpreproduccion.sge&amp;ssousername=&amp;subscribername=</url>
</httpSample>
<httpSample t="187" lt="0" ts="1298632622445" s="true" lb="/gepa/scripts/scriptaculous/scriptaculous.js" rc="200" by="5068">
  <responseHeader class="java.lang.String">HTTP/1.0 200 OK
Date: Fri, 25 Feb 2011 11:17:02 GMT
Server: Oracle-Application-Server-10g/10.1.2.2.0 Oracle-HTTP-Server
Content-Length: 5068
Set-Cookie: JSESSIONID=701f5248bd2ccf261dda4b3590066a5f775120d9982e53be41a11d345c7fd57f.e3eSbhiLaNyPe3yNbNyQc3qSai1BqBjKpPXxqAa; path=/login
Content-Type: text/html; charset=ISO-8859-1
</responseHeader>
  <requestHeader class="java.lang.String">Accept-Language: es-ES
Accept: */*
User-Agent: Mozilla/4.0 (compatible; MSIE 7.0; Windows NT 6.1; Trident/4.0; SLCC2; .NET CLR 2.0.50727; .NET CLR 3.5.30729; .NET CLR 3.0.30729; Media Center PC 6.0; MDDS; .NET4.0C)
Accept-Encoding: gzip, deflate
Referer: http://picasso:8888/gepa/ResultadoBusquedaAction.do?accion=gestionExp&amp;indice=0
</requestHeader>
  <cookies class="java.lang.String"></cookies>
  <method class="java.lang.String">GET</method>
  <queryString class="java.lang.String"></queryString>
  <redirectLocation class="java.lang.String">https://login-pre.sge/pls/orasso/orasso.wwsso_app_admin.ls_login?Site2pstoreToken=v1.4~CEF0A91F~C7A865277767F6F73B581E11775195A5F0DA983F6C5EDB8D2DD25BC38C003E4C2B6A49B18B0CAAF17A26410D77E21DB178241E9A3579160C67599441E90FE79ED8C70EB65A5DE32412F019D7608E4BD00CA28D3EE99E0704FEC8A51D2BCC05E3E74E3B160D6FF7E91EC51A2EDC47B6D92A777A63BB4276DABC07B0471240E11F26E4EC73EA2513426B3B9ECA241285752E1F1112F9A48E2E8E6D2E522E8239AA97A7707C6F99C51D2EBB5710A8D2F97FA484128349792157DA348E9DF3D039A76D10DEE039C76EBBA3862922A608EAD9F0FF3564140F1B25EF701352FC1F6716DDB0092DA9D5F11E2B22DB136BCAE9DE2577017692C7A79C6D361B7569391F2C2FFBDFE482323F90C488C64509DC6BDD</redirectLocation>
  <url>https://preproduccion.sge/login/login.jsp?site2pstoretoken=v1.4~CEF0A91F~C7A865277767F6F73B581E11775195A5F0DA983F6C5EDB8D2DD25BC38C003E4C2B6A49B18B0CAAF17A26410D77E21DB178241E9A3579160C67599441E90FE79ED8C70EB65A5DE32412F019D7608E4BD00CA28D3EE99E0704FEC8A51D2BCC05E3E74E3B160D6FF7E91EC51A2EDC47B6D92A777A63BB4276DABC07B0471240E11F26E4EC73EA2513426B3B9ECA241285752E1F1112F9A48E2E8E6D2E522E8239AA97A7707C6F99C51D2EBB5710A8D2F97FA484128349792157DA348E9DF3D039A76D10DEE039C76EBBA3862922A608EAD9F0FF3564140F1B25EF701352FC1F6716DDB0092DA9D5F11E2B22DB136BCAE9DE2577017692C7A79C6D361B7569391F2C2FFBDFE482323F90C488C64509DC6BDD&amp;p_error_code=&amp;p_submit_url=https%3A%2F%2Flogin-pre.sge%2Fsso%2Fauth&amp;p_cancel_url=https%3A%2F%2Fpreproduccion.sge&amp;ssousername=&amp;subscribername=</url>
</httpSample>
<httpSample t="188" lt="0" ts="1298632622632" s="true" lb="/gepa/ConexionAction.do" rc="200" by="5388">
  <responseHeader class="java.lang.String">HTTP/1.0 200 OK
Date: Fri, 25 Feb 2011 11:17:02 GMT
Server: Oracle-Application-Server-10g/10.1.2.2.0 Oracle-HTTP-Server
Content-Length: 5388
Set-Cookie: JSESSIONID=9e17d3474ffdf509f875effb079b5de49b5146c50bb54f0072d26fa1387d18cb.e38Ob3aOaheRe34Mb3qSax0Pahz0nR9Pq6XteP93; path=/login
Content-Type: text/html; charset=ISO-8859-1
</responseHeader>
  <requestHeader class="java.lang.String">Accept-Language: es
Accept: */*
User-Agent: Mozilla/4.0 (compatible; MSIE 7.0; Windows NT 6.1; Trident/4.0; SLCC2; .NET CLR 2.0.50727; .NET CLR 3.5.30729; .NET CLR 3.0.30729; Media Center PC 6.0; MDDS; .NET4.0C)
Accept-Encoding: gzip, deflate
</requestHeader>
  <cookies class="java.lang.String"></cookies>
  <method class="java.lang.String">GET</method>
  <queryString class="java.lang.String"></queryString>
  <redirectLocation class="java.lang.String">https://login-pre.sge/pls/orasso/orasso.wwsso_app_admin.ls_login?Site2pstoreToken=v1.4~CEF0A91F~C7A865277767F6F73B581E11775195A5F0DA983F6C5EDB8D2DD25BC38C003E4C2B6A49B18B0CAAF17A26410D77E21DB178241E9A3579160C67599441E90FE79ED8C70EB65A5DE32412F019D7608E4BD00CA28D3EE99E0704A00CEE0E84908C494E5E8FDF65C638E53FF333D2F14DFB63863FFA640249210E2D3CE99BB01618845406C469DC9B4E208960EA724F4E6874322A16DCB1BB1D1819AC9887E6FEBB64644FE4F28F88AD5941656553D5B94468667CA487A7493AAE4FCB081CA9F36ABD0A7CB22F9BC99FAF1B43812185344122A15513BC47650D9835520CEB0657C230F78A5C26B8414BF2D0C8A1052C8DC9337F14F17D2A6D4A3D04DBB741E32F20770007F9A76DE36ED503F23A8C02A94525D6BEE12E2B2FCDC4315C65A55E190144B165C6C050A51461AEAB6D8C05F02B7EB18F736E51A99D8C5DB5EE3E58F61F97BBAFE80123AC442DE31B3178F5088E42275A7C3F4D35CF8B5924A03899B36863</redirectLocation>
  <url>https://preproduccion.sge/login/login.jsp?site2pstoretoken=v1.4~CEF0A91F~C7A865277767F6F73B581E11775195A5F0DA983F6C5EDB8D2DD25BC38C003E4C2B6A49B18B0CAAF17A26410D77E21DB178241E9A3579160C67599441E90FE79ED8C70EB65A5DE32412F019D7608E4BD00CA28D3EE99E0704A00CEE0E84908C494E5E8FDF65C638E53FF333D2F14DFB63863FFA640249210E2D3CE99BB01618845406C469DC9B4E208960EA724F4E6874322A16DCB1BB1D1819AC9887E6FEBB64644FE4F28F88AD5941656553D5B94468667CA487A7493AAE4FCB081CA9F36ABD0A7CB22F9BC99FAF1B43812185344122A15513BC47650D9835520CEB0657C230F78A5C26B8414BF2D0C8A1052C8DC9337F14F17D2A6D4A3D04DBB741E32F20770007F9A76DE36ED503F23A8C02A94525D6BEE12E2B2FCDC4315C65A55E190144B165C6C050A51461AEAB6D8C05F02B7EB18F736E51A99D8C5DB5EE3E58F61F97BBAFE80123AC442DE31B3178F5088E42275A7C3F4D35CF8B5924A03899B36863&amp;p_error_code=&amp;p_submit_url=https%3A%2F%2Flogin-pre.sge%2Fsso%2Fauth&amp;p_cancel_url=https%3A%2F%2Fpreproduccion.sge&amp;ssousername=&amp;subscribername=</url>
</httpSample>
<httpSample t="203" lt="0" ts="1298632622820" s="true" lb="/gepa/scripts/scriptaculous/scriptaculous.js" rc="200" by="5068">
  <responseHeader class="java.lang.String">HTTP/1.0 200 OK
Date: Fri, 25 Feb 2011 11:17:02 GMT
Server: Oracle-Application-Server-10g/10.1.2.2.0 Oracle-HTTP-Server
Content-Length: 5068
Set-Cookie: JSESSIONID=9722030f901cce19073a652a0071e9770096004a81b42b5e411dd5dbf91005b4.e3eSbhiLaNyPe3yNbNyQc3qSai1BqBjKpPXxqAa; path=/login
Content-Type: text/html; charset=ISO-8859-1
</responseHeader>
  <requestHeader class="java.lang.String">Accept-Language: es-ES
Accept: */*
User-Agent: Mozilla/4.0 (compatible; MSIE 7.0; Windows NT 6.1; Trident/4.0; SLCC2; .NET CLR 2.0.50727; .NET CLR 3.5.30729; .NET CLR 3.0.30729; Media Center PC 6.0; MDDS; .NET4.0C)
Accept-Encoding: gzip, deflate
Referer: http://picasso:8888/gepa/ConexionAction.do?POSTDATA=variosPerfiles=true&amp;accion=iniciar&amp;codigoEntidad=DYS&amp;codigo=jcnegredo&amp;contrasenya=dysmatica&amp;rolSeleccionado=25
</requestHeader>
  <cookies class="java.lang.String"></cookies>
  <method class="java.lang.String">GET</method>
  <queryString class="java.lang.String"></queryString>
  <redirectLocation class="java.lang.String">https://login-pre.sge/pls/orasso/orasso.wwsso_app_admin.ls_login?Site2pstoreToken=v1.4~CEF0A91F~C7A865277767F6F73B581E11775195A5F0DA983F6C5EDB8D2DD25BC38C003E4C2B6A49B18B0CAAF17A26410D77E21DB178241E9A3579160C67599441E90FE79ED8C70EB65A5DE32412F019D7608E4BD00CA28D3EE99E0704FEC8A51D2BCC05E3E74E3B160D6FF7E91EC51A2EDC47B6D92A777A63BB4276DABC07B0471240E11F26E4EC73EA2513426B3B9ECA241285752E1F1112F9A48E2E8E6D2E522E8239AA97A7707C6F99C51D2EBB5710A8D2F97FA484128349792157DA348E9DF3D039A76D10DEE039C76EBBA3862922A608EAD9F0FF3564140F1B25EF701352FC1F6716DDB0092DA9D5F11E2B22DB136BCAE9DE2577017692C7A79C6D361B7569391F2C2FFBDFE482323F90C488C64509DC6BDD</redirectLocation>
  <url>https://preproduccion.sge/login/login.jsp?site2pstoretoken=v1.4~CEF0A91F~C7A865277767F6F73B581E11775195A5F0DA983F6C5EDB8D2DD25BC38C003E4C2B6A49B18B0CAAF17A26410D77E21DB178241E9A3579160C67599441E90FE79ED8C70EB65A5DE32412F019D7608E4BD00CA28D3EE99E0704FEC8A51D2BCC05E3E74E3B160D6FF7E91EC51A2EDC47B6D92A777A63BB4276DABC07B0471240E11F26E4EC73EA2513426B3B9ECA241285752E1F1112F9A48E2E8E6D2E522E8239AA97A7707C6F99C51D2EBB5710A8D2F97FA484128349792157DA348E9DF3D039A76D10DEE039C76EBBA3862922A608EAD9F0FF3564140F1B25EF701352FC1F6716DDB0092DA9D5F11E2B22DB136BCAE9DE2577017692C7A79C6D361B7569391F2C2FFBDFE482323F90C488C64509DC6BDD&amp;p_error_code=&amp;p_submit_url=https%3A%2F%2Flogin-pre.sge%2Fsso%2Fauth&amp;p_cancel_url=https%3A%2F%2Fpreproduccion.sge&amp;ssousername=&amp;subscribername=</url>
</httpSample>
<httpSample t="16" lt="16" ts="1298632623023" s="false" lb="/gepa/ConexionAction.do;jsessionid=eb634fe5b58b0bcb96508261e275709f9c8e236e3e15aeb347f0741aac2dda55" rc="500" by="778">
  <responseHeader class="java.lang.String">HTTP/1.0 500 Internal Server Error
Date: Fri, 25 Feb 2011 11:17:03 GMT
Server: Oracle-Application-Server-10g/10.1.2.2.0 Oracle-HTTP-Server
Content-Type: text/html; charset=iso-8859-1
</responseHeader>
  <requestHeader class="java.lang.String">Content-Type: application/x-www-form-urlencoded
Accept-Language: es-ES
Accept: image/jpeg, application/x-ms-application, image/gif, application/xaml+xml, image/pjpeg, application/x-ms-xbap, application/vnd.ms-powerpoint, application/vnd.ms-excel, application/msword, */*
User-Agent: Mozilla/4.0 (compatible; MSIE 7.0; Windows NT 6.1; Trident/4.0; SLCC2; .NET CLR 2.0.50727; .NET CLR 3.5.30729; .NET CLR 3.0.30729; Media Center PC 6.0; MDDS; .NET4.0C)
Accept-Encoding: gzip, deflate
Referer: http://picasso:8888/gepa/ConexionAction.do?POSTDATA=variosPerfiles=true&amp;accion=iniciar&amp;codigoEntidad=DYS&amp;codigo=jcnegredo&amp;contrasenya=dysmatica&amp;rolSeleccionado=25
Pragma: no-cache
</requestHeader>
  <cookies class="java.lang.String"></cookies>
  <method class="java.lang.String">POST</method>
  <queryString class="java.lang.String">variosPerfiles=true&amp;accion=seleccionarPerfil&amp;codigoEntidad=DYS&amp;rolSeleccionado=25</queryString>
  <url>https://preproduccion.sge:443/gepa/ConexionAction.do;jsessionid=eb634fe5b58b0bcb96508261e275709f9c8e236e3e15aeb347f0741aac2dda55</url>
</httpSample>
<httpSample t="187" lt="0" ts="1298632623039" s="true" lb="/gepa/scripts/scriptaculous/scriptaculous.js" rc="200" by="5068">
  <responseHeader class="java.lang.String">HTTP/1.0 200 OK
Date: Fri, 25 Feb 2011 11:17:03 GMT
Server: Oracle-Application-Server-10g/10.1.2.2.0 Oracle-HTTP-Server
Content-Length: 5068
Set-Cookie: JSESSIONID=cb237cef66ba6c399670b0a100e3dccf4522dac3d11c0108215c73bdefbe209c.e3eSbhiLaNyPe3yNbNyQc3qSai1BqBjKpPXxqAa; path=/login
Content-Type: text/html; charset=ISO-8859-1
</responseHeader>
  <requestHeader class="java.lang.String">Accept-Language: es-ES
Accept: */*
User-Agent: Mozilla/4.0 (compatible; MSIE 7.0; Windows NT 6.1; Trident/4.0; SLCC2; .NET CLR 2.0.50727; .NET CLR 3.5.30729; .NET CLR 3.0.30729; Media Center PC 6.0; MDDS; .NET4.0C)
Accept-Encoding: gzip, deflate
Referer: http://picasso:8888/gepa/ConexionAction.do;jsessionid=eb634fe5b58b0bcb96508261e275709f9c8e236e3e15aeb347f0741aac2dda55
</requestHeader>
  <cookies class="java.lang.String"></cookies>
  <method class="java.lang.String">GET</method>
  <queryString class="java.lang.String"></queryString>
  <redirectLocation class="java.lang.String">https://login-pre.sge/pls/orasso/orasso.wwsso_app_admin.ls_login?Site2pstoreToken=v1.4~CEF0A91F~42FD32EB79D585400F807E78E3BD485D4EFDFF5181F5972BC36D87325A95CC1D597B8B130A9D7A177248B3E42BB6B24414F0F1B39049E0650E6858BA4DFDCF68F0A254F439A6CD281E643D33E1375080241E72ABB637EA6B1A901D0A8DEA402785785BD2C1829382D7E448821EE956A742C8F9282F00DE467E21789810DF40059C5172A2BB16B90E2E5154B09A8782CEB95AFAEF8D941D5311FF87D2CAD5CE6C0D2CD1AF00AE75DE8778F23007714D05BB8F960E3018712A542BACCCF67A4E356E48D267E67D16D98D156FB7FFFB541DF0A2F6C8C073730F6A4353C0FDD5A47ED338DCF449257A4EB97AA60AB4D8885DA00B4810585CCCB79BBC91A47412F69E6A76EF26A33C079C03E90E27AE945C92</redirectLocation>
  <url>https://preproduccion.sge/login/login.jsp?site2pstoretoken=v1.4~CEF0A91F~42FD32EB79D585400F807E78E3BD485D4EFDFF5181F5972BC36D87325A95CC1D597B8B130A9D7A177248B3E42BB6B24414F0F1B39049E0650E6858BA4DFDCF68F0A254F439A6CD281E643D33E1375080241E72ABB637EA6B1A901D0A8DEA402785785BD2C1829382D7E448821EE956A742C8F9282F00DE467E21789810DF40059C5172A2BB16B90E2E5154B09A8782CEB95AFAEF8D941D5311FF87D2CAD5CE6C0D2CD1AF00AE75DE8778F23007714D05BB8F960E3018712A542BACCCF67A4E356E48D267E67D16D98D156FB7FFFB541DF0A2F6C8C073730F6A4353C0FDD5A47ED338DCF449257A4EB97AA60AB4D8885DA00B4810585CCCB79BBC91A47412F69E6A76EF26A33C079C03E90E27AE945C92&amp;p_error_code=&amp;p_submit_url=https%3A%2F%2Flogin-pre.sge%2Fsso%2Fauth&amp;p_cancel_url=https%3A%2F%2Fpreproduccion.sge&amp;ssousername=&amp;subscribername=</url>
</httpSample>
<httpSample t="16" lt="16" ts="1298632623226" s="false" lb="/gepa/BusquedaAction.do" rc="500" by="778">
  <responseHeader class="java.lang.String">HTTP/1.0 500 Internal Server Error
Date: Fri, 25 Feb 2011 11:17:03 GMT
Server: Oracle-Application-Server-10g/10.1.2.2.0 Oracle-HTTP-Server
Content-Type: text/html; charset=iso-8859-1
</responseHeader>
  <requestHeader class="java.lang.String">Content-Type: application/x-www-form-urlencoded
Accept-Language: es-ES
Accept: image/jpeg, application/x-ms-application, image/gif, application/xaml+xml, image/pjpeg, application/x-ms-xbap, application/vnd.ms-powerpoint, application/vnd.ms-excel, application/msword, */*
User-Agent: Mozilla/4.0 (compatible; MSIE 7.0; Windows NT 6.1; Trident/4.0; SLCC2; .NET CLR 2.0.50727; .NET CLR 3.5.30729; .NET CLR 3.0.30729; Media Center PC 6.0; MDDS; .NET4.0C)
Accept-Encoding: gzip, deflate
Referer: http://picasso:8888/gepa/ConexionAction.do;jsessionid=eb634fe5b58b0bcb96508261e275709f9c8e236e3e15aeb347f0741aac2dda55
Pragma: no-cache
</requestHeader>
  <cookies class="java.lang.String"></cookies>
  <method class="java.lang.String">POST</method>
  <queryString class="java.lang.String">accion=buscar&amp;modo=rapida&amp;avanzadaDesplegada=false&amp;descElemPesado=&amp;identificacionRapida=&amp;nombreRapida=&amp;apellido1Rapida=&amp;apellido2Rapida=&amp;anyoRapida=&amp;numeroRapida=&amp;desdeRapida=&amp;hastaRapida=&amp;tramiteRapida=-1&amp;estadoRapida=-1&amp;idBusqueda=-1&amp;idClases=26&amp;metaTipo0=STRING&amp;metaTipo1=STRING&amp;metaTipo2=LISTA&amp;metaTipo3=STRING&amp;metaTipo4=LISTA_PESADA&amp;metaTipo5=STRING&amp;metaTipo6=LISTA&amp;metaTipo7=STRING&amp;metaTipo8=STRING&amp;metaTipo9=STRING&amp;metaTipo10=STRING&amp;metaTipo11=STRING&amp;metaTipo12=STRING&amp;metaTipo13=LISTA&amp;metaTipo14=STRING&amp;metaTipo15=TIMESTAMP&amp;metaTipo16=TIMESTAMP&amp;metaTipo17=TIMESTAMP&amp;metaTipo18=LISTA&amp;metaTipo19=LISTA_PESADA&amp;metaTipo20=STRING&amp;metaTipo21=STRING&amp;metaTipo22=STRING&amp;metaTipo23=STRING&amp;metaTipo24=STRING&amp;metaTipo25=LISTA_PESADA&amp;metaTipo26=LISTA&amp;metaTipo27=STRING&amp;metaTipo28=LISTA&amp;metaTipo29=STRING&amp;metaTipo30=STRING&amp;metaTipo31=INTEGER&amp;metaTipo32=STRING&amp;metaTipo33=STRING&amp;metaTipo34=STRING&amp;metaTipo35=LISTA&amp;metaTipo36=LISTA&amp;metaTipo37=LISTA&amp;metaTipo38=STRING&amp;metaTipo39=SEPARADOR&amp;metaTipo40=BOOLEAN&amp;metaTipo41=STRING&amp;metaTipo42=STRING&amp;metaTipo43=STRING&amp;metaTipo44=LISTA&amp;metaTipo45=BOOLEAN&amp;metaTipo46=BOOLEAN&amp;metaTipo47=BOOLEAN&amp;metaTipo48=STRING&amp;metaTipo49=TIMESTAMP&amp;metaTipo50=TIMESTAMP&amp;metaTipo51=TIMESTAMP&amp;metaTipo52=TIMESTAMP&amp;metaTipo53=TIMESTAMP&amp;metaTipo54=TIMESTAMP&amp;metaTipo55=TIMESTAMP&amp;metaTipo56=TIMESTAMP&amp;metaTipo57=TIMESTAMP&amp;metaTipo58=TIMESTAMP&amp;metaTipo59=TIMESTAMP&amp;metaTipo60=TIMESTAMP&amp;metaTipo61=TIMESTAMP&amp;metaTipo62=TIMESTAMP&amp;metaTipo63=TIMESTAMP&amp;metaTipo64=LISTA&amp;metaTipo65=LISTA&amp;metaTipo66=LISTA&amp;metaTipo67=DOUBLE&amp;metaTipo68=DOUBLE&amp;metaTipo69=DOUBLE&amp;metaTipo70=DOUBLE&amp;metaTipo71=DOUBLE&amp;metaTipo72=DOUBLE&amp;metaTipo73=DOUBLE&amp;metaTipo74=BOOLEAN&amp;metaTipo75=LISTA&amp;metaTipo76=STRING&amp;metaTipo77=STRING&amp;metaTipo78=STRING&amp;metaTipo79=STRING&amp;metaTipo80=STRING&amp;metaTipo81=STRING&amp;metaTipo82=STRING&amp;metaTipo83=BOOLEAN&amp;metaTipo84=BOOLEAN&amp;metaTipo85=STRING&amp;metaTipo86=LISTA&amp;metaTipo87=LISTA&amp;metaTipo88=LISTA_PESADA&amp;metaTipo89=LISTA&amp;metaTipo90=LISTA&amp;metaTipo91=STRING&amp;metaTipo92=LISTA&amp;metaTipo93=STRING&amp;metaTipo94=STRING&amp;metaTipo95=LISTA&amp;metaTipo96=LISTA&amp;metaTipo97=LISTA&amp;metaTipo98=BOOLEAN&amp;metaTipo99=LISTA&amp;metaTipo100=BOOLEAN&amp;metaTipo101=LISTA&amp;metaTipo102=LISTA&amp;metaTipo103=BOOLEAN&amp;metaTipo104=BOOLEAN&amp;metaTipo105=LISTA&amp;metaTipo106=LISTA&amp;metaTipo107=LISTA&amp;metaTipo108=LISTA&amp;metaTipo109=LISTA&amp;metaTipo110=STRING&amp;metaTipo111=LISTA&amp;valor=&amp;valorPesado=&amp;lista37=-1&amp;lista36=-1&amp;lista35=-1&amp;lista99=-1&amp;lista109=-1&amp;lista66=-1&amp;lista98=-1&amp;lista108=-1&amp;lista65=-1&amp;lista97=-1&amp;lista107=-1&amp;lista64=-1&amp;lista96=-1&amp;lista106=-1&amp;lista95=-1&amp;lista105=-1&amp;lista104=-1&amp;lista92=-1&amp;lista103=-1&amp;lista102=-1&amp;lista90=-1&amp;lista101=-1&amp;lista100=-1&amp;lista28=-1&amp;lista26=-1&amp;lista89=-1&amp;lista87=-1&amp;lista86=-1&amp;lista6=-1&amp;lista84=-1&amp;lista83=-1&amp;lista2=-1&amp;lista18=-1&amp;lista47=-1&amp;lista46=-1&amp;lista13=-1&amp;lista45=-1&amp;lista44=-1&amp;lista75=-1&amp;lista74=-1&amp;lista40=-1&amp;lista111=-1</queryString>
  <url>https://preproduccion.sge:443/gepa/BusquedaAction.do</url>
</httpSample>
<httpSample t="203" lt="0" ts="1298632623242" s="true" lb="/gepa/scripts/scriptaculous/scriptaculous.js" rc="200" by="5068">
  <responseHeader class="java.lang.String">HTTP/1.0 200 OK
Date: Fri, 25 Feb 2011 11:17:03 GMT
Server: Oracle-Application-Server-10g/10.1.2.2.0 Oracle-HTTP-Server
Content-Length: 5068
Set-Cookie: JSESSIONID=eab87c752349ede7f79d80a04fe4066fd2c003a209210f66f681aab9733adb38.e38Ob3aOaheRe34Mb3qSax0Pahz0nR9Pq6XteP93; path=/login
Content-Type: text/html; charset=ISO-8859-1
</responseHeader>
  <requestHeader class="java.lang.String">Accept-Language: es-ES
Accept: */*
User-Agent: Mozilla/4.0 (compatible; MSIE 7.0; Windows NT 6.1; Trident/4.0; SLCC2; .NET CLR 2.0.50727; .NET CLR 3.5.30729; .NET CLR 3.0.30729; Media Center PC 6.0; MDDS; .NET4.0C)
Accept-Encoding: gzip, deflate
Referer: http://picasso:8888/gepa/BusquedaAction.do
</requestHeader>
  <cookies class="java.lang.String"></cookies>
  <method class="java.lang.String">GET</method>
  <queryString class="java.lang.String"></queryString>
  <redirectLocation class="java.lang.String">https://login-pre.sge/pls/orasso/orasso.wwsso_app_admin.ls_login?Site2pstoreToken=v1.4~CEF0A91F~42FD32EB79D585400F807E78E3BD485D4EFDFF5181F5972BC36D87325A95CC1D597B8B130A9D7A177248B3E42BB6B24414F0F1B39049E0650E6858BA4DFDCF68F0A254F439A6CD281E643D33E1375080241E72ABB637EA6B1A901D0A8DEA402785785BD2C1829382D7E448821EE956A742C8F9282F00DE467E21789810DF40059C5172A2BB16B90E2E5154B09A8782CEB95AFAEF8D941D5311FF87D2CAD5CE6C0D2CD1AF00AE75DE8778F23007714D05BB8F960E3018712A542BACCCF67A4E356E48D267E67D16D98D156FB7FFFB541DF0A2F6C8C073730F6A4353C0FDD5A47ED338DCF449257A4EB97AA60AB4D8885DA00B4810585CCCB79BBC91A47412F69E6A76EF26A33C079C03E90E27AE945C92</redirectLocation>
  <url>https://preproduccion.sge/login/login.jsp?site2pstoretoken=v1.4~CEF0A91F~42FD32EB79D585400F807E78E3BD485D4EFDFF5181F5972BC36D87325A95CC1D597B8B130A9D7A177248B3E42BB6B24414F0F1B39049E0650E6858BA4DFDCF68F0A254F439A6CD281E643D33E1375080241E72ABB637EA6B1A901D0A8DEA402785785BD2C1829382D7E448821EE956A742C8F9282F00DE467E21789810DF40059C5172A2BB16B90E2E5154B09A8782CEB95AFAEF8D941D5311FF87D2CAD5CE6C0D2CD1AF00AE75DE8778F23007714D05BB8F960E3018712A542BACCCF67A4E356E48D267E67D16D98D156FB7FFFB541DF0A2F6C8C073730F6A4353C0FDD5A47ED338DCF449257A4EB97AA60AB4D8885DA00B4810585CCCB79BBC91A47412F69E6A76EF26A33C079C03E90E27AE945C92&amp;p_error_code=&amp;p_submit_url=https%3A%2F%2Flogin-pre.sge%2Fsso%2Fauth&amp;p_cancel_url=https%3A%2F%2Fpreproduccion.sge&amp;ssousername=&amp;subscribername=</url>
</httpSample>
<httpSample t="187" lt="0" ts="1298632623445" s="true" lb="/gepa/ResultadoBusquedaAction.do" rc="200" by="5004">
  <responseHeader class="java.lang.String">HTTP/1.0 200 OK
Date: Fri, 25 Feb 2011 11:17:03 GMT
Server: Oracle-Application-Server-10g/10.1.2.2.0 Oracle-HTTP-Server
Content-Length: 5004
Set-Cookie: JSESSIONID=5d5719e3e73d0819b370d19ae6e562ce3fe6684ad29413c9de25082818ec66a5.e3eSbhiLaNyPe3yNbNyQc3qSai1BqBjKpPXxqAa; path=/login
Content-Type: text/html; charset=ISO-8859-1
</responseHeader>
  <requestHeader class="java.lang.String">Accept-Language: es-ES
Accept: image/jpeg, application/x-ms-application, image/gif, application/xaml+xml, image/pjpeg, application/x-ms-xbap, application/vnd.ms-powerpoint, application/vnd.ms-excel, application/msword, */*
User-Agent: Mozilla/4.0 (compatible; MSIE 7.0; Windows NT 6.1; Trident/4.0; SLCC2; .NET CLR 2.0.50727; .NET CLR 3.5.30729; .NET CLR 3.0.30729; Media Center PC 6.0; MDDS; .NET4.0C)
Accept-Encoding: gzip, deflate
Referer: http://picasso:8888/gepa/BusquedaAction.do
</requestHeader>
  <cookies class="java.lang.String"></cookies>
  <method class="java.lang.String">GET</method>
  <queryString class="java.lang.String"></queryString>
  <redirectLocation class="java.lang.String">https://login-pre.sge/pls/orasso/orasso.wwsso_app_admin.ls_login?Site2pstoreToken=v1.4~CEF0A91F~42FD32EB79D585400F807E78E3BD485D4EFDFF5181F5972BC36D87325A95CC1D597B8B130A9D7A177248B3E42BB6B24414F0F1B39049E0650E6858BA4DFDCF68F0A254F439A6CD281E643D33E1375080241E72ABB637EA6B1A901D0A8DEA402718A09FBCDB8293153173B640DFBCFBB8A0E78A4F16CDDA7FB8F30A324D72FB75C07D19CEE2051AA32A5FB8A30195A79CCC4F74BDDDB378E9CC1ECC709100747F56B04DB49ED0CB09062248F07E673D8A024A05A3082CAAE22F94B4C621DFB3BDFE50B98A2214A1F068AC6BCAEA492BA997E0B1D1632A62AF914D0A514364292E2686BBD98E79B720E6FB3E1604B2BDD6E817FD1E3746075E3AA3BC4A7998EB3B</redirectLocation>
  <url>https://preproduccion.sge/login/login.jsp?site2pstoretoken=v1.4~CEF0A91F~42FD32EB79D585400F807E78E3BD485D4EFDFF5181F5972BC36D87325A95CC1D597B8B130A9D7A177248B3E42BB6B24414F0F1B39049E0650E6858BA4DFDCF68F0A254F439A6CD281E643D33E1375080241E72ABB637EA6B1A901D0A8DEA402718A09FBCDB8293153173B640DFBCFBB8A0E78A4F16CDDA7FB8F30A324D72FB75C07D19CEE2051AA32A5FB8A30195A79CCC4F74BDDDB378E9CC1ECC709100747F56B04DB49ED0CB09062248F07E673D8A024A05A3082CAAE22F94B4C621DFB3BDFE50B98A2214A1F068AC6BCAEA492BA997E0B1D1632A62AF914D0A514364292E2686BBD98E79B720E6FB3E1604B2BDD6E817FD1E3746075E3AA3BC4A7998EB3B&amp;p_error_code=&amp;p_submit_url=https%3A%2F%2Flogin-pre.sge%2Fsso%2Fauth&amp;p_cancel_url=https%3A%2F%2Fpreproduccion.sge&amp;ssousername=&amp;subscribername=</url>
</httpSample>
<httpSample t="188" lt="0" ts="1298632623632" s="true" lb="/gepa/scripts/scriptaculous/scriptaculous.js" rc="200" by="5068">
  <responseHeader class="java.lang.String">HTTP/1.0 200 OK
Date: Fri, 25 Feb 2011 11:17:03 GMT
Server: Oracle-Application-Server-10g/10.1.2.2.0 Oracle-HTTP-Server
Content-Length: 5068
Set-Cookie: JSESSIONID=cf7afda1be04d605a9a06c86f92ab1c60bbb43d077667e491d8a2dfa7a9a8e64.e38Ob3aOaheRe34Mb3qSax0Pahz0nR9Pq6XteP93; path=/login
Content-Type: text/html; charset=ISO-8859-1
</responseHeader>
  <requestHeader class="java.lang.String">Accept-Language: es-ES
Accept: */*
User-Agent: Mozilla/4.0 (compatible; MSIE 7.0; Windows NT 6.1; Trident/4.0; SLCC2; .NET CLR 2.0.50727; .NET CLR 3.5.30729; .NET CLR 3.0.30729; Media Center PC 6.0; MDDS; .NET4.0C)
Accept-Encoding: gzip, deflate
Referer: http://picasso:8888/gepa/ResultadoBusquedaAction.do?accion=gestionExp&amp;indice=0
</requestHeader>
  <cookies class="java.lang.String"></cookies>
  <method class="java.lang.String">GET</method>
  <queryString class="java.lang.String"></queryString>
  <redirectLocation class="java.lang.String">https://login-pre.sge/pls/orasso/orasso.wwsso_app_admin.ls_login?Site2pstoreToken=v1.4~CEF0A91F~42FD32EB79D585400F807E78E3BD485D4EFDFF5181F5972BC36D87325A95CC1D597B8B130A9D7A177248B3E42BB6B24414F0F1B39049E0650E6858BA4DFDCF68F0A254F439A6CD281E643D33E1375080241E72ABB637EA6B1A901D0A8DEA402785785BD2C1829382D7E448821EE956A742C8F9282F00DE467E21789810DF40059C5172A2BB16B90E2E5154B09A8782CEB95AFAEF8D941D5311FF87D2CAD5CE6C0D2CD1AF00AE75DE8778F23007714D05BB8F960E3018712A542BACCCF67A4E356E48D267E67D16D98D156FB7FFFB541DF0A2F6C8C073730F6A4353C0FDD5A47ED338DCF449257A4EB97AA60AB4D8885DA00B4810585CCCB79BBC91A47412F69E6A76EF26A33C079C03E90E27AE945C92</redirectLocation>
  <url>https://preproduccion.sge/login/login.jsp?site2pstoretoken=v1.4~CEF0A91F~42FD32EB79D585400F807E78E3BD485D4EFDFF5181F5972BC36D87325A95CC1D597B8B130A9D7A177248B3E42BB6B24414F0F1B39049E0650E6858BA4DFDCF68F0A254F439A6CD281E643D33E1375080241E72ABB637EA6B1A901D0A8DEA402785785BD2C1829382D7E448821EE956A742C8F9282F00DE467E21789810DF40059C5172A2BB16B90E2E5154B09A8782CEB95AFAEF8D941D5311FF87D2CAD5CE6C0D2CD1AF00AE75DE8778F23007714D05BB8F960E3018712A542BACCCF67A4E356E48D267E67D16D98D156FB7FFFB541DF0A2F6C8C073730F6A4353C0FDD5A47ED338DCF449257A4EB97AA60AB4D8885DA00B4810585CCCB79BBC91A47412F69E6A76EF26A33C079C03E90E27AE945C92&amp;p_error_code=&amp;p_submit_url=https%3A%2F%2Flogin-pre.sge%2Fsso%2Fauth&amp;p_cancel_url=https%3A%2F%2Fpreproduccion.sge&amp;ssousername=&amp;subscribername=</url>
</httpSample>
<httpSample t="203" lt="0" ts="1298632623820" s="true" lb="/gepa/ConexionAction.do" rc="200" by="5388">
  <responseHeader class="java.lang.String">HTTP/1.0 200 OK
Date: Fri, 25 Feb 2011 11:17:03 GMT
Server: Oracle-Application-Server-10g/10.1.2.2.0 Oracle-HTTP-Server
Content-Length: 5388
Set-Cookie: JSESSIONID=a0045efd5f8a98a5640e6aed5928f00dca0fbbe851f1b9e3ff18f3da09e762be.e3eSbhiLaNyPe3yNbNyQc3qSai1BqBjKpPXxqAa; path=/login
Content-Type: text/html; charset=ISO-8859-1
</responseHeader>
  <requestHeader class="java.lang.String">Accept-Language: es
Accept: */*
User-Agent: Mozilla/4.0 (compatible; MSIE 7.0; Windows NT 6.1; Trident/4.0; SLCC2; .NET CLR 2.0.50727; .NET CLR 3.5.30729; .NET CLR 3.0.30729; Media Center PC 6.0; MDDS; .NET4.0C)
Accept-Encoding: gzip, deflate
</requestHeader>
  <cookies class="java.lang.String"></cookies>
  <method class="java.lang.String">GET</method>
  <queryString class="java.lang.String"></queryString>
  <redirectLocation class="java.lang.String">https://login-pre.sge/pls/orasso/orasso.wwsso_app_admin.ls_login?Site2pstoreToken=v1.4~CEF0A91F~42FD32EB79D585400F807E78E3BD485D4EFDFF5181F5972BC36D87325A95CC1D597B8B130A9D7A177248B3E42BB6B24414F0F1B39049E0650E6858BA4DFDCF68F0A254F439A6CD281E643D33E1375080241E72ABB637EA6B1A901D0A8DEA40270B9C30A062D83EB677C26AEBB0F3AAC9FB8F1F18793CDFA7D08D369EF14B513F62636F879F93BD044982961F0744ADA0DB05B64F9D7F27450BBED059C2C40AE53DF42AFB21AAE266F27331C743B12DEE1C536F4C5F7B05D5F5D0247537449AFA46B22549D8186F88A7A7503B77B6036C36BC3E2431CE89285F76A749CD224B8C3AED7F50717BA54E825E7D192C34C4897D1C6B61FC3A9F37DFE0E6F155773BBB0C281949CC75B608F76BA719A461AFCCD3156BC8AB105D348D04C671357C06517BED26D32D3D62B676A94C5BCE170EF209984D3C19C92E92206D98808ACC5CFC81F1E53F7FD029C3E4C030A6E731C71341E29B35F7F4685D6A19745A9CF1ABB3</redirectLocation>
  <url>https://preproduccion.sge/login/login.jsp?site2pstoretoken=v1.4~CEF0A91F~42FD32EB79D585400F807E78E3BD485D4EFDFF5181F5972BC36D87325A95CC1D597B8B130A9D7A177248B3E42BB6B24414F0F1B39049E0650E6858BA4DFDCF68F0A254F439A6CD281E643D33E1375080241E72ABB637EA6B1A901D0A8DEA40270B9C30A062D83EB677C26AEBB0F3AAC9FB8F1F18793CDFA7D08D369EF14B513F62636F879F93BD044982961F0744ADA0DB05B64F9D7F27450BBED059C2C40AE53DF42AFB21AAE266F27331C743B12DEE1C536F4C5F7B05D5F5D0247537449AFA46B22549D8186F88A7A7503B77B6036C36BC3E2431CE89285F76A749CD224B8C3AED7F50717BA54E825E7D192C34C4897D1C6B61FC3A9F37DFE0E6F155773BBB0C281949CC75B608F76BA719A461AFCCD3156BC8AB105D348D04C671357C06517BED26D32D3D62B676A94C5BCE170EF209984D3C19C92E92206D98808ACC5CFC81F1E53F7FD029C3E4C030A6E731C71341E29B35F7F4685D6A19745A9CF1ABB3&amp;p_error_code=&amp;p_submit_url=https%3A%2F%2Flogin-pre.sge%2Fsso%2Fauth&amp;p_cancel_url=https%3A%2F%2Fpreproduccion.sge&amp;ssousername=&amp;subscribername=</url>
</httpSample>
<httpSample t="188" lt="0" ts="1298632624023" s="true" lb="/gepa/scripts/scriptaculous/scriptaculous.js" rc="200" by="5068">
  <responseHeader class="java.lang.String">HTTP/1.0 200 OK
Date: Fri, 25 Feb 2011 11:17:04 GMT
Server: Oracle-Application-Server-10g/10.1.2.2.0 Oracle-HTTP-Server
Content-Length: 5068
Set-Cookie: JSESSIONID=57b2b3993880b62c05b4d2cf842bd99915079d0c6c9af177698a06a4f470efc9.e38Ob3aOaheRe34Mb3qSax0Pahz0nR9Pq6XteP93; path=/login
Content-Type: text/html; charset=ISO-8859-1
</responseHeader>
  <requestHeader class="java.lang.String">Accept-Language: es-ES
Accept: */*
User-Agent: Mozilla/4.0 (compatible; MSIE 7.0; Windows NT 6.1; Trident/4.0; SLCC2; .NET CLR 2.0.50727; .NET CLR 3.5.30729; .NET CLR 3.0.30729; Media Center PC 6.0; MDDS; .NET4.0C)
Accept-Encoding: gzip, deflate
Referer: http://picasso:8888/gepa/ConexionAction.do?POSTDATA=variosPerfiles=true&amp;accion=iniciar&amp;codigoEntidad=DYS&amp;codigo=jcnegredo&amp;contrasenya=dysmatica&amp;rolSeleccionado=25
</requestHeader>
  <cookies class="java.lang.String"></cookies>
  <method class="java.lang.String">GET</method>
  <queryString class="java.lang.String"></queryString>
  <redirectLocation class="java.lang.String">https://login-pre.sge/pls/orasso/orasso.wwsso_app_admin.ls_login?Site2pstoreToken=v1.4~CEF0A91F~4F09AEAD169C2B811B773253CA6DB5567C87DCED955D68CE139488C7E984069FA4DAF4EA8E7E3D454C6946CE5EB64671E655A568FBF48DF72F79C24FB38840F1B21B625040AC196690C4A50858338C250C3E30AFCE1543291786334AD0036907C3CD23A28B122F413C8DDAC20C543D0E2BAB3A3FC218E1D810B8174A91CC7DD173DDDE8525A84C7B8F8C01725438CF8D2F456A3AD84AA95A5072F76A5EF96932FCEB753D53998D952026980CB43602071C9336A949F2412363A1761DA05A6A8A51EF09E0EA876253E59EA401FCE2E0ACF1A5F50391C144E31A948C4CC0D4AD1D8B0CE227B172CBABF38988799F6955F15E41BB3D4BB565CEDBD7A2682B29DB4DC01367784F6E75788CE47D62131E7864</redirectLocation>
  <url>https://preproduccion.sge/login/login.jsp?site2pstoretoken=v1.4~CEF0A91F~4F09AEAD169C2B811B773253CA6DB5567C87DCED955D68CE139488C7E984069FA4DAF4EA8E7E3D454C6946CE5EB64671E655A568FBF48DF72F79C24FB38840F1B21B625040AC196690C4A50858338C250C3E30AFCE1543291786334AD0036907C3CD23A28B122F413C8DDAC20C543D0E2BAB3A3FC218E1D810B8174A91CC7DD173DDDE8525A84C7B8F8C01725438CF8D2F456A3AD84AA95A5072F76A5EF96932FCEB753D53998D952026980CB43602071C9336A949F2412363A1761DA05A6A8A51EF09E0EA876253E59EA401FCE2E0ACF1A5F50391C144E31A948C4CC0D4AD1D8B0CE227B172CBABF38988799F6955F15E41BB3D4BB565CEDBD7A2682B29DB4DC01367784F6E75788CE47D62131E7864&amp;p_error_code=&amp;p_submit_url=https%3A%2F%2Flogin-pre.sge%2Fsso%2Fauth&amp;p_cancel_url=https%3A%2F%2Fpreproduccion.sge&amp;ssousername=&amp;subscribername=</url>
</httpSample>
<httpSample t="16" lt="16" ts="1298632624226" s="false" lb="/gepa/ConexionAction.do;jsessionid=eb634fe5b58b0bcb96508261e275709f9c8e236e3e15aeb347f0741aac2dda55" rc="500" by="778">
  <responseHeader class="java.lang.String">HTTP/1.0 500 Internal Server Error
Date: Fri, 25 Feb 2011 11:17:04 GMT
Server: Oracle-Application-Server-10g/10.1.2.2.0 Oracle-HTTP-Server
Content-Type: text/html; charset=iso-8859-1
</responseHeader>
  <requestHeader class="java.lang.String">Content-Type: application/x-www-form-urlencoded
Accept-Language: es-ES
Accept: image/jpeg, application/x-ms-application, image/gif, application/xaml+xml, image/pjpeg, application/x-ms-xbap, application/vnd.ms-powerpoint, application/vnd.ms-excel, application/msword, */*
User-Agent: Mozilla/4.0 (compatible; MSIE 7.0; Windows NT 6.1; Trident/4.0; SLCC2; .NET CLR 2.0.50727; .NET CLR 3.5.30729; .NET CLR 3.0.30729; Media Center PC 6.0; MDDS; .NET4.0C)
Accept-Encoding: gzip, deflate
Referer: http://picasso:8888/gepa/ConexionAction.do?POSTDATA=variosPerfiles=true&amp;accion=iniciar&amp;codigoEntidad=DYS&amp;codigo=jcnegredo&amp;contrasenya=dysmatica&amp;rolSeleccionado=25
Pragma: no-cache
</requestHeader>
  <cookies class="java.lang.String"></cookies>
  <method class="java.lang.String">POST</method>
  <queryString class="java.lang.String">variosPerfiles=true&amp;accion=seleccionarPerfil&amp;codigoEntidad=DYS&amp;rolSeleccionado=25</queryString>
  <url>https://preproduccion.sge:443/gepa/ConexionAction.do;jsessionid=eb634fe5b58b0bcb96508261e275709f9c8e236e3e15aeb347f0741aac2dda55</url>
</httpSample>
<httpSample t="203" lt="0" ts="1298632624242" s="true" lb="/gepa/scripts/scriptaculous/scriptaculous.js" rc="200" by="5068">
  <responseHeader class="java.lang.String">HTTP/1.0 200 OK
Date: Fri, 25 Feb 2011 11:17:04 GMT
Server: Oracle-Application-Server-10g/10.1.2.2.0 Oracle-HTTP-Server
Content-Length: 5068
Set-Cookie: JSESSIONID=c466266349ee8fe3d767b8724f273a46df64d6f7d89118a2b5f29d8d968cf86e.e38Ob3aOaheRe34Mb3qSax0Pahz0nR9Pq6XteP93; path=/login
Content-Type: text/html; charset=ISO-8859-1
</responseHeader>
  <requestHeader class="java.lang.String">Accept-Language: es-ES
Accept: */*
User-Agent: Mozilla/4.0 (compatible; MSIE 7.0; Windows NT 6.1; Trident/4.0; SLCC2; .NET CLR 2.0.50727; .NET CLR 3.5.30729; .NET CLR 3.0.30729; Media Center PC 6.0; MDDS; .NET4.0C)
Accept-Encoding: gzip, deflate
Referer: http://picasso:8888/gepa/ConexionAction.do;jsessionid=eb634fe5b58b0bcb96508261e275709f9c8e236e3e15aeb347f0741aac2dda55
</requestHeader>
  <cookies class="java.lang.String"></cookies>
  <method class="java.lang.String">GET</method>
  <queryString class="java.lang.String"></queryString>
  <redirectLocation class="java.lang.String">https://login-pre.sge/pls/orasso/orasso.wwsso_app_admin.ls_login?Site2pstoreToken=v1.4~CEF0A91F~4F09AEAD169C2B811B773253CA6DB5567C87DCED955D68CE139488C7E984069FA4DAF4EA8E7E3D454C6946CE5EB64671E655A568FBF48DF72F79C24FB38840F1B21B625040AC196690C4A50858338C250C3E30AFCE1543291786334AD0036907C3CD23A28B122F413C8DDAC20C543D0E2BAB3A3FC218E1D810B8174A91CC7DD173DDDE8525A84C7B8F8C01725438CF8D2F456A3AD84AA95A5072F76A5EF96932FCEB753D53998D952026980CB43602071C9336A949F2412363A1761DA05A6A8A51EF09E0EA876253E59EA401FCE2E0ACF1A5F50391C144E31A948C4CC0D4AD1D8B0CE227B172CBABF38988799F6955F15E41BB3D4BB565CEDBD7A2682B29DB4DC01367784F6E75788CE47D62131E7864</redirectLocation>
  <url>https://preproduccion.sge/login/login.jsp?site2pstoretoken=v1.4~CEF0A91F~4F09AEAD169C2B811B773253CA6DB5567C87DCED955D68CE139488C7E984069FA4DAF4EA8E7E3D454C6946CE5EB64671E655A568FBF48DF72F79C24FB38840F1B21B625040AC196690C4A50858338C250C3E30AFCE1543291786334AD0036907C3CD23A28B122F413C8DDAC20C543D0E2BAB3A3FC218E1D810B8174A91CC7DD173DDDE8525A84C7B8F8C01725438CF8D2F456A3AD84AA95A5072F76A5EF96932FCEB753D53998D952026980CB43602071C9336A949F2412363A1761DA05A6A8A51EF09E0EA876253E59EA401FCE2E0ACF1A5F50391C144E31A948C4CC0D4AD1D8B0CE227B172CBABF38988799F6955F15E41BB3D4BB565CEDBD7A2682B29DB4DC01367784F6E75788CE47D62131E7864&amp;p_error_code=&amp;p_submit_url=https%3A%2F%2Flogin-pre.sge%2Fsso%2Fauth&amp;p_cancel_url=https%3A%2F%2Fpreproduccion.sge&amp;ssousername=&amp;subscribername=</url>
</httpSample>
<httpSample t="16" lt="16" ts="1298632624445" s="false" lb="/gepa/BusquedaAction.do" rc="500" by="778">
  <responseHeader class="java.lang.String">HTTP/1.0 500 Internal Server Error
Date: Fri, 25 Feb 2011 11:17:04 GMT
Server: Oracle-Application-Server-10g/10.1.2.2.0 Oracle-HTTP-Server
Content-Type: text/html; charset=iso-8859-1
</responseHeader>
  <requestHeader class="java.lang.String">Content-Type: application/x-www-form-urlencoded
Accept-Language: es-ES
Accept: image/jpeg, application/x-ms-application, image/gif, application/xaml+xml, image/pjpeg, application/x-ms-xbap, application/vnd.ms-powerpoint, application/vnd.ms-excel, application/msword, */*
User-Agent: Mozilla/4.0 (compatible; MSIE 7.0; Windows NT 6.1; Trident/4.0; SLCC2; .NET CLR 2.0.50727; .NET CLR 3.5.30729; .NET CLR 3.0.30729; Media Center PC 6.0; MDDS; .NET4.0C)
Accept-Encoding: gzip, deflate
Referer: http://picasso:8888/gepa/ConexionAction.do;jsessionid=eb634fe5b58b0bcb96508261e275709f9c8e236e3e15aeb347f0741aac2dda55
Pragma: no-cache
</requestHeader>
  <cookies class="java.lang.String"></cookies>
  <method class="java.lang.String">POST</method>
  <queryString class="java.lang.String">accion=buscar&amp;modo=rapida&amp;avanzadaDesplegada=false&amp;descElemPesado=&amp;identificacionRapida=&amp;nombreRapida=&amp;apellido1Rapida=&amp;apellido2Rapida=&amp;anyoRapida=&amp;numeroRapida=&amp;desdeRapida=&amp;hastaRapida=&amp;tramiteRapida=-1&amp;estadoRapida=-1&amp;idBusqueda=-1&amp;idClases=26&amp;metaTipo0=STRING&amp;metaTipo1=STRING&amp;metaTipo2=LISTA&amp;metaTipo3=STRING&amp;metaTipo4=LISTA_PESADA&amp;metaTipo5=STRING&amp;metaTipo6=LISTA&amp;metaTipo7=STRING&amp;metaTipo8=STRING&amp;metaTipo9=STRING&amp;metaTipo10=STRING&amp;metaTipo11=STRING&amp;metaTipo12=STRING&amp;metaTipo13=LISTA&amp;metaTipo14=STRING&amp;metaTipo15=TIMESTAMP&amp;metaTipo16=TIMESTAMP&amp;metaTipo17=TIMESTAMP&amp;metaTipo18=LISTA&amp;metaTipo19=LISTA_PESADA&amp;metaTipo20=STRING&amp;metaTipo21=STRING&amp;metaTipo22=STRING&amp;metaTipo23=STRING&amp;metaTipo24=STRING&amp;metaTipo25=LISTA_PESADA&amp;metaTipo26=LISTA&amp;metaTipo27=STRING&amp;metaTipo28=LISTA&amp;metaTipo29=STRING&amp;metaTipo30=STRING&amp;metaTipo31=INTEGER&amp;metaTipo32=STRING&amp;metaTipo33=STRING&amp;metaTipo34=STRING&amp;metaTipo35=LISTA&amp;metaTipo36=LISTA&amp;metaTipo37=LISTA&amp;metaTipo38=STRING&amp;metaTipo39=SEPARADOR&amp;metaTipo40=BOOLEAN&amp;metaTipo41=STRING&amp;metaTipo42=STRING&amp;metaTipo43=STRING&amp;metaTipo44=LISTA&amp;metaTipo45=BOOLEAN&amp;metaTipo46=BOOLEAN&amp;metaTipo47=BOOLEAN&amp;metaTipo48=STRING&amp;metaTipo49=TIMESTAMP&amp;metaTipo50=TIMESTAMP&amp;metaTipo51=TIMESTAMP&amp;metaTipo52=TIMESTAMP&amp;metaTipo53=TIMESTAMP&amp;metaTipo54=TIMESTAMP&amp;metaTipo55=TIMESTAMP&amp;metaTipo56=TIMESTAMP&amp;metaTipo57=TIMESTAMP&amp;metaTipo58=TIMESTAMP&amp;metaTipo59=TIMESTAMP&amp;metaTipo60=TIMESTAMP&amp;metaTipo61=TIMESTAMP&amp;metaTipo62=TIMESTAMP&amp;metaTipo63=TIMESTAMP&amp;metaTipo64=LISTA&amp;metaTipo65=LISTA&amp;metaTipo66=LISTA&amp;metaTipo67=DOUBLE&amp;metaTipo68=DOUBLE&amp;metaTipo69=DOUBLE&amp;metaTipo70=DOUBLE&amp;metaTipo71=DOUBLE&amp;metaTipo72=DOUBLE&amp;metaTipo73=DOUBLE&amp;metaTipo74=BOOLEAN&amp;metaTipo75=LISTA&amp;metaTipo76=STRING&amp;metaTipo77=STRING&amp;metaTipo78=STRING&amp;metaTipo79=STRING&amp;metaTipo80=STRING&amp;metaTipo81=STRING&amp;metaTipo82=STRING&amp;metaTipo83=BOOLEAN&amp;metaTipo84=BOOLEAN&amp;metaTipo85=STRING&amp;metaTipo86=LISTA&amp;metaTipo87=LISTA&amp;metaTipo88=LISTA_PESADA&amp;metaTipo89=LISTA&amp;metaTipo90=LISTA&amp;metaTipo91=STRING&amp;metaTipo92=LISTA&amp;metaTipo93=STRING&amp;metaTipo94=STRING&amp;metaTipo95=LISTA&amp;metaTipo96=LISTA&amp;metaTipo97=LISTA&amp;metaTipo98=BOOLEAN&amp;metaTipo99=LISTA&amp;metaTipo100=BOOLEAN&amp;metaTipo101=LISTA&amp;metaTipo102=LISTA&amp;metaTipo103=BOOLEAN&amp;metaTipo104=BOOLEAN&amp;metaTipo105=LISTA&amp;metaTipo106=LISTA&amp;metaTipo107=LISTA&amp;metaTipo108=LISTA&amp;metaTipo109=LISTA&amp;metaTipo110=STRING&amp;metaTipo111=LISTA&amp;valor=&amp;valorPesado=&amp;lista37=-1&amp;lista36=-1&amp;lista35=-1&amp;lista99=-1&amp;lista109=-1&amp;lista66=-1&amp;lista98=-1&amp;lista108=-1&amp;lista65=-1&amp;lista97=-1&amp;lista107=-1&amp;lista64=-1&amp;lista96=-1&amp;lista106=-1&amp;lista95=-1&amp;lista105=-1&amp;lista104=-1&amp;lista92=-1&amp;lista103=-1&amp;lista102=-1&amp;lista90=-1&amp;lista101=-1&amp;lista100=-1&amp;lista28=-1&amp;lista26=-1&amp;lista89=-1&amp;lista87=-1&amp;lista86=-1&amp;lista6=-1&amp;lista84=-1&amp;lista83=-1&amp;lista2=-1&amp;lista18=-1&amp;lista47=-1&amp;lista46=-1&amp;lista13=-1&amp;lista45=-1&amp;lista44=-1&amp;lista75=-1&amp;lista74=-1&amp;lista40=-1&amp;lista111=-1</queryString>
  <url>https://preproduccion.sge:443/gepa/BusquedaAction.do</url>
</httpSample>
<httpSample t="187" lt="0" ts="1298632624461" s="true" lb="/gepa/scripts/scriptaculous/scriptaculous.js" rc="200" by="5068">
  <responseHeader class="java.lang.String">HTTP/1.0 200 OK
Date: Fri, 25 Feb 2011 11:17:04 GMT
Server: Oracle-Application-Server-10g/10.1.2.2.0 Oracle-HTTP-Server
Content-Length: 5068
Set-Cookie: JSESSIONID=668475bea9877221bc6532087b073244f3aee5c3fe128b9da38e9788f30b8328.e3eSbhiLaNyPe3yNbNyQc3qSai1BqBjKpPXxqAa; path=/login
Content-Type: text/html; charset=ISO-8859-1
</responseHeader>
  <requestHeader class="java.lang.String">Accept-Language: es-ES
Accept: */*
User-Agent: Mozilla/4.0 (compatible; MSIE 7.0; Windows NT 6.1; Trident/4.0; SLCC2; .NET CLR 2.0.50727; .NET CLR 3.5.30729; .NET CLR 3.0.30729; Media Center PC 6.0; MDDS; .NET4.0C)
Accept-Encoding: gzip, deflate
Referer: http://picasso:8888/gepa/BusquedaAction.do
</requestHeader>
  <cookies class="java.lang.String"></cookies>
  <method class="java.lang.String">GET</method>
  <queryString class="java.lang.String"></queryString>
  <redirectLocation class="java.lang.String">https://login-pre.sge/pls/orasso/orasso.wwsso_app_admin.ls_login?Site2pstoreToken=v1.4~CEF0A91F~4F09AEAD169C2B811B773253CA6DB5567C87DCED955D68CE139488C7E984069FA4DAF4EA8E7E3D454C6946CE5EB64671E655A568FBF48DF72F79C24FB38840F1B21B625040AC196690C4A50858338C250C3E30AFCE1543291786334AD0036907C3CD23A28B122F413C8DDAC20C543D0E2BAB3A3FC218E1D810B8174A91CC7DD173DDDE8525A84C7B8F8C01725438CF8D2F456A3AD84AA95A5072F76A5EF96932FCEB753D53998D952026980CB43602071C9336A949F2412363A1761DA05A6A8A51EF09E0EA876253E59EA401FCE2E0ACF1A5F50391C144E31A948C4CC0D4AD1D8B0CE227B172CBABF38988799F6955F15E41BB3D4BB565CEDBD7A2682B29DB4DC01367784F6E75788CE47D62131E7864</redirectLocation>
  <url>https://preproduccion.sge/login/login.jsp?site2pstoretoken=v1.4~CEF0A91F~4F09AEAD169C2B811B773253CA6DB5567C87DCED955D68CE139488C7E984069FA4DAF4EA8E7E3D454C6946CE5EB64671E655A568FBF48DF72F79C24FB38840F1B21B625040AC196690C4A50858338C250C3E30AFCE1543291786334AD0036907C3CD23A28B122F413C8DDAC20C543D0E2BAB3A3FC218E1D810B8174A91CC7DD173DDDE8525A84C7B8F8C01725438CF8D2F456A3AD84AA95A5072F76A5EF96932FCEB753D53998D952026980CB43602071C9336A949F2412363A1761DA05A6A8A51EF09E0EA876253E59EA401FCE2E0ACF1A5F50391C144E31A948C4CC0D4AD1D8B0CE227B172CBABF38988799F6955F15E41BB3D4BB565CEDBD7A2682B29DB4DC01367784F6E75788CE47D62131E7864&amp;p_error_code=&amp;p_submit_url=https%3A%2F%2Flogin-pre.sge%2Fsso%2Fauth&amp;p_cancel_url=https%3A%2F%2Fpreproduccion.sge&amp;ssousername=&amp;subscribername=</url>
</httpSample>
<httpSample t="188" lt="0" ts="1298632624648" s="true" lb="/gepa/ResultadoBusquedaAction.do" rc="200" by="5004">
  <responseHeader class="java.lang.String">HTTP/1.0 200 OK
Date: Fri, 25 Feb 2011 11:17:04 GMT
Server: Oracle-Application-Server-10g/10.1.2.2.0 Oracle-HTTP-Server
Content-Length: 5004
Set-Cookie: JSESSIONID=b0297a25218cbcd42e8d702e0110337cff427e348baf993b467560f16d10cce2.e38Ob3aOaheRe34Mb3qSax0Pahz0nR9Pq6XteP93; path=/login
Content-Type: text/html; charset=ISO-8859-1
</responseHeader>
  <requestHeader class="java.lang.String">Accept-Language: es-ES
Accept: image/jpeg, application/x-ms-application, image/gif, application/xaml+xml, image/pjpeg, application/x-ms-xbap, application/vnd.ms-powerpoint, application/vnd.ms-excel, application/msword, */*
User-Agent: Mozilla/4.0 (compatible; MSIE 7.0; Windows NT 6.1; Trident/4.0; SLCC2; .NET CLR 2.0.50727; .NET CLR 3.5.30729; .NET CLR 3.0.30729; Media Center PC 6.0; MDDS; .NET4.0C)
Accept-Encoding: gzip, deflate
Referer: http://picasso:8888/gepa/BusquedaAction.do
</requestHeader>
  <cookies class="java.lang.String"></cookies>
  <method class="java.lang.String">GET</method>
  <queryString class="java.lang.String"></queryString>
  <redirectLocation class="java.lang.String">https://login-pre.sge/pls/orasso/orasso.wwsso_app_admin.ls_login?Site2pstoreToken=v1.4~CEF0A91F~4F09AEAD169C2B811B773253CA6DB5567C87DCED955D68CE139488C7E984069FA4DAF4EA8E7E3D454C6946CE5EB64671E655A568FBF48DF72F79C24FB38840F1B21B625040AC196690C4A50858338C250C3E30AFCE1543291786334AD00369077D281B1B15DCF0E5175A9BCEF1D98E96611A7943F15997D4ABA0BBB479F6513D8281762027165FA2949F62A0735173A4ACFCA1C97D0ECCD89B4571BE8AC640418EEDB1948E841BB7861E79D60E0C0E27F93E88EE7C87C0DC72E0E180DE3C7743E8709A2DE88EB34734F018B03D603C2C0972CF24768CC6F0058AEDB570510BF0E28008F1056CDC757C3573F0A58C23317E07A6C7986AE0A49C99740150598DEF</redirectLocation>
  <url>https://preproduccion.sge/login/login.jsp?site2pstoretoken=v1.4~CEF0A91F~4F09AEAD169C2B811B773253CA6DB5567C87DCED955D68CE139488C7E984069FA4DAF4EA8E7E3D454C6946CE5EB64671E655A568FBF48DF72F79C24FB38840F1B21B625040AC196690C4A50858338C250C3E30AFCE1543291786334AD00369077D281B1B15DCF0E5175A9BCEF1D98E96611A7943F15997D4ABA0BBB479F6513D8281762027165FA2949F62A0735173A4ACFCA1C97D0ECCD89B4571BE8AC640418EEDB1948E841BB7861E79D60E0C0E27F93E88EE7C87C0DC72E0E180DE3C7743E8709A2DE88EB34734F018B03D603C2C0972CF24768CC6F0058AEDB570510BF0E28008F1056CDC757C3573F0A58C23317E07A6C7986AE0A49C99740150598DEF&amp;p_error_code=&amp;p_submit_url=https%3A%2F%2Flogin-pre.sge%2Fsso%2Fauth&amp;p_cancel_url=https%3A%2F%2Fpreproduccion.sge&amp;ssousername=&amp;subscribername=</url>
</httpSample>
<httpSample t="203" lt="0" ts="1298632624836" s="true" lb="/gepa/scripts/scriptaculous/scriptaculous.js" rc="200" by="5068">
  <responseHeader class="java.lang.String">HTTP/1.0 200 OK
Date: Fri, 25 Feb 2011 11:17:04 GMT
Server: Oracle-Application-Server-10g/10.1.2.2.0 Oracle-HTTP-Server
Content-Length: 5068
Set-Cookie: JSESSIONID=80eba8c81a9b5017246f7953ed5ff1c2aeb7935a5ef60b99d64bc81818ab6fba.e3eSbhiLaNyPe3yNbNyQc3qSai1BqBjKpPXxqAa; path=/login
Content-Type: text/html; charset=ISO-8859-1
</responseHeader>
  <requestHeader class="java.lang.String">Accept-Language: es-ES
Accept: */*
User-Agent: Mozilla/4.0 (compatible; MSIE 7.0; Windows NT 6.1; Trident/4.0; SLCC2; .NET CLR 2.0.50727; .NET CLR 3.5.30729; .NET CLR 3.0.30729; Media Center PC 6.0; MDDS; .NET4.0C)
Accept-Encoding: gzip, deflate
Referer: http://picasso:8888/gepa/ResultadoBusquedaAction.do?accion=gestionExp&amp;indice=0
</requestHeader>
  <cookies class="java.lang.String"></cookies>
  <method class="java.lang.String">GET</method>
  <queryString class="java.lang.String"></queryString>
  <redirectLocation class="java.lang.String">https://login-pre.sge/pls/orasso/orasso.wwsso_app_admin.ls_login?Site2pstoreToken=v1.4~CEF0A91F~4F09AEAD169C2B811B773253CA6DB5567C87DCED955D68CE139488C7E984069FA4DAF4EA8E7E3D454C6946CE5EB64671E655A568FBF48DF72F79C24FB38840F1B21B625040AC196690C4A50858338C250C3E30AFCE1543291786334AD0036907C3CD23A28B122F413C8DDAC20C543D0E2BAB3A3FC218E1D810B8174A91CC7DD173DDDE8525A84C7B8F8C01725438CF8D2F456A3AD84AA95A5072F76A5EF96932FCEB753D53998D952026980CB43602071C9336A949F2412363A1761DA05A6A8A51EF09E0EA876253E59EA401FCE2E0ACF1A5F50391C144E31A948C4CC0D4AD1D8B0CE227B172CBABF38988799F6955F15E41BB3D4BB565CEDBD7A2682B29DB4DC01367784F6E75788CE47D62131E7864</redirectLocation>
  <url>https://preproduccion.sge/login/login.jsp?site2pstoretoken=v1.4~CEF0A91F~4F09AEAD169C2B811B773253CA6DB5567C87DCED955D68CE139488C7E984069FA4DAF4EA8E7E3D454C6946CE5EB64671E655A568FBF48DF72F79C24FB38840F1B21B625040AC196690C4A50858338C250C3E30AFCE1543291786334AD0036907C3CD23A28B122F413C8DDAC20C543D0E2BAB3A3FC218E1D810B8174A91CC7DD173DDDE8525A84C7B8F8C01725438CF8D2F456A3AD84AA95A5072F76A5EF96932FCEB753D53998D952026980CB43602071C9336A949F2412363A1761DA05A6A8A51EF09E0EA876253E59EA401FCE2E0ACF1A5F50391C144E31A948C4CC0D4AD1D8B0CE227B172CBABF38988799F6955F15E41BB3D4BB565CEDBD7A2682B29DB4DC01367784F6E75788CE47D62131E7864&amp;p_error_code=&amp;p_submit_url=https%3A%2F%2Flogin-pre.sge%2Fsso%2Fauth&amp;p_cancel_url=https%3A%2F%2Fpreproduccion.sge&amp;ssousername=&amp;subscribername=</url>
</httpSample>
<httpSample t="187" lt="0" ts="1298632625039" s="true" lb="/gepa/ConexionAction.do" rc="200" by="5388">
  <responseHeader class="java.lang.String">HTTP/1.0 200 OK
Date: Fri, 25 Feb 2011 11:17:05 GMT
Server: Oracle-Application-Server-10g/10.1.2.2.0 Oracle-HTTP-Server
Content-Length: 5388
Set-Cookie: JSESSIONID=4dd7228a74ed76ddb50eb1df83144b693d2054fe23d417ab172e80327cbc0673.e38Ob3aOaheRe34Mb3qSax0Pahz0nR9Pq6XteP93; path=/login
Content-Type: text/html; charset=ISO-8859-1
</responseHeader>
  <requestHeader class="java.lang.String">Accept-Language: es
Accept: */*
User-Agent: Mozilla/4.0 (compatible; MSIE 7.0; Windows NT 6.1; Trident/4.0; SLCC2; .NET CLR 2.0.50727; .NET CLR 3.5.30729; .NET CLR 3.0.30729; Media Center PC 6.0; MDDS; .NET4.0C)
Accept-Encoding: gzip, deflate
</requestHeader>
  <cookies class="java.lang.String"></cookies>
  <method class="java.lang.String">GET</method>
  <queryString class="java.lang.String"></queryString>
  <redirectLocation class="java.lang.String">https://login-pre.sge/pls/orasso/orasso.wwsso_app_admin.ls_login?Site2pstoreToken=v1.4~CEF0A91F~650445AFE72EAA1B745983A686E22D599DCF8A99AE860FA19D6B7CBB7917409352ABD87D956DD101C6DC4AA1283667E56CFEDFB7EC0D8AA54C4BE68A20039560F45A856342090E88185331BE6CC545A864BF25B2905080954272245C38A161190107DA94AE49E5726D3955C1D641E8298E883917FAE7834670C663D27BFE91FC13A0CD4ACB2E11E3F7F4B70C826B8D522047B5315DECA3BBCA706FF65A78DFE9FCD4A8B777625815FB6384B0B54847627D2FFBF200B662C53700D62A5723CA6F4D4D0B2660277C0BA1D5322D8B1FEF990B7075677BD1EE0BA82BAD3A557005AF4FF85E549BCA02C0F61CAFAD22C8EAB71A66B2BB1442290692908BE295F1D07ECE7FC9130FCA9FAFF77A4686C13EF7EF0374689E52FBFEB6F61F7FD354E6C5A33CD2F08AEA1E294F826BC0888978762AA60EF57036FA57E78E85870FA8F668F4217D48ECCBAF3E9D8B48466F2D8B26DA0229C3558241D36077F47A28FCE2F9D9</redirectLocation>
  <url>https://preproduccion.sge/login/login.jsp?site2pstoretoken=v1.4~CEF0A91F~650445AFE72EAA1B745983A686E22D599DCF8A99AE860FA19D6B7CBB7917409352ABD87D956DD101C6DC4AA1283667E56CFEDFB7EC0D8AA54C4BE68A20039560F45A856342090E88185331BE6CC545A864BF25B2905080954272245C38A161190107DA94AE49E5726D3955C1D641E8298E883917FAE7834670C663D27BFE91FC13A0CD4ACB2E11E3F7F4B70C826B8D522047B5315DECA3BBCA706FF65A78DFE9FCD4A8B777625815FB6384B0B54847627D2FFBF200B662C53700D62A5723CA6F4D4D0B2660277C0BA1D5322D8B1FEF990B7075677BD1EE0BA82BAD3A557005AF4FF85E549BCA02C0F61CAFAD22C8EAB71A66B2BB1442290692908BE295F1D07ECE7FC9130FCA9FAFF77A4686C13EF7EF0374689E52FBFEB6F61F7FD354E6C5A33CD2F08AEA1E294F826BC0888978762AA60EF57036FA57E78E85870FA8F668F4217D48ECCBAF3E9D8B48466F2D8B26DA0229C3558241D36077F47A28FCE2F9D9&amp;p_error_code=&amp;p_submit_url=https%3A%2F%2Flogin-pre.sge%2Fsso%2Fauth&amp;p_cancel_url=https%3A%2F%2Fpreproduccion.sge&amp;ssousername=&amp;subscribername=</url>
</httpSample>
<httpSample t="172" lt="0" ts="1298632625226" s="true" lb="/gepa/scripts/scriptaculous/scriptaculous.js" rc="200" by="5068">
  <responseHeader class="java.lang.String">HTTP/1.0 200 OK
Date: Fri, 25 Feb 2011 11:17:05 GMT
Server: Oracle-Application-Server-10g/10.1.2.2.0 Oracle-HTTP-Server
Content-Length: 5068
Set-Cookie: JSESSIONID=bb19a03cb44f43ad0262bd015068f299883f8bbd2dcd15d242d76c0d46926f65.e3eSbhiLaNyPe3yNbNyQc3qSai1BqBjKpPXxqAa; path=/login
Content-Type: text/html; charset=ISO-8859-1
</responseHeader>
  <requestHeader class="java.lang.String">Accept-Language: es-ES
Accept: */*
User-Agent: Mozilla/4.0 (compatible; MSIE 7.0; Windows NT 6.1; Trident/4.0; SLCC2; .NET CLR 2.0.50727; .NET CLR 3.5.30729; .NET CLR 3.0.30729; Media Center PC 6.0; MDDS; .NET4.0C)
Accept-Encoding: gzip, deflate
Referer: http://picasso:8888/gepa/ConexionAction.do?POSTDATA=variosPerfiles=true&amp;accion=iniciar&amp;codigoEntidad=DYS&amp;codigo=jcnegredo&amp;contrasenya=dysmatica&amp;rolSeleccionado=25
</requestHeader>
  <cookies class="java.lang.String"></cookies>
  <method class="java.lang.String">GET</method>
  <queryString class="java.lang.String"></queryString>
  <redirectLocation class="java.lang.String">https://login-pre.sge/pls/orasso/orasso.wwsso_app_admin.ls_login?Site2pstoreToken=v1.4~CEF0A91F~650445AFE72EAA1B745983A686E22D599DCF8A99AE860FA19D6B7CBB7917409352ABD87D956DD101C6DC4AA1283667E56CFEDFB7EC0D8AA54C4BE68A20039560F45A856342090E88185331BE6CC545A864BF25B2905080959C3F49A904332099237DB9CDC747AB02934781BF7E5CA4C427C3DEFB4F077253EE2BD5623D723507392A1A55B8383C4DADC8B42B132F2DB684056DFECF8B33EABC8FBA74798608D39F5D1A76C4FCB3AA4D578E897F84F33CB52F77A60AC093B9C0748E28DBBBB294F1ABF8C91F0AE87B560B4688B56237BEDF9DD3706BD31D436D6BF191DD2BB74E57CCE2231B72C7BB76307C156E6EE708CB8A9E8BB23BA8AF03ED7858D9C754F6B19A8DE6F47C25A5C8B21C9BC6FDDB36</redirectLocation>
  <url>https://preproduccion.sge/login/login.jsp?site2pstoretoken=v1.4~CEF0A91F~650445AFE72EAA1B745983A686E22D599DCF8A99AE860FA19D6B7CBB7917409352ABD87D956DD101C6DC4AA1283667E56CFEDFB7EC0D8AA54C4BE68A20039560F45A856342090E88185331BE6CC545A864BF25B2905080959C3F49A904332099237DB9CDC747AB02934781BF7E5CA4C427C3DEFB4F077253EE2BD5623D723507392A1A55B8383C4DADC8B42B132F2DB684056DFECF8B33EABC8FBA74798608D39F5D1A76C4FCB3AA4D578E897F84F33CB52F77A60AC093B9C0748E28DBBBB294F1ABF8C91F0AE87B560B4688B56237BEDF9DD3706BD31D436D6BF191DD2BB74E57CCE2231B72C7BB76307C156E6EE708CB8A9E8BB23BA8AF03ED7858D9C754F6B19A8DE6F47C25A5C8B21C9BC6FDDB36&amp;p_error_code=&amp;p_submit_url=https%3A%2F%2Flogin-pre.sge%2Fsso%2Fauth&amp;p_cancel_url=https%3A%2F%2Fpreproduccion.sge&amp;ssousername=&amp;subscribername=</url>
</httpSample>
<httpSample t="15" lt="15" ts="1298632625414" s="false" lb="/gepa/ConexionAction.do;jsessionid=eb634fe5b58b0bcb96508261e275709f9c8e236e3e15aeb347f0741aac2dda55" rc="500" by="778">
  <responseHeader class="java.lang.String">HTTP/1.0 500 Internal Server Error
Date: Fri, 25 Feb 2011 11:17:05 GMT
Server: Oracle-Application-Server-10g/10.1.2.2.0 Oracle-HTTP-Server
Content-Type: text/html; charset=iso-8859-1
</responseHeader>
  <requestHeader class="java.lang.String">Content-Type: application/x-www-form-urlencoded
Accept-Language: es-ES
Accept: image/jpeg, application/x-ms-application, image/gif, application/xaml+xml, image/pjpeg, application/x-ms-xbap, application/vnd.ms-powerpoint, application/vnd.ms-excel, application/msword, */*
User-Agent: Mozilla/4.0 (compatible; MSIE 7.0; Windows NT 6.1; Trident/4.0; SLCC2; .NET CLR 2.0.50727; .NET CLR 3.5.30729; .NET CLR 3.0.30729; Media Center PC 6.0; MDDS; .NET4.0C)
Accept-Encoding: gzip, deflate
Referer: http://picasso:8888/gepa/ConexionAction.do?POSTDATA=variosPerfiles=true&amp;accion=iniciar&amp;codigoEntidad=DYS&amp;codigo=jcnegredo&amp;contrasenya=dysmatica&amp;rolSeleccionado=25
Pragma: no-cache
</requestHeader>
  <cookies class="java.lang.String"></cookies>
  <method class="java.lang.String">POST</method>
  <queryString class="java.lang.String">variosPerfiles=true&amp;accion=seleccionarPerfil&amp;codigoEntidad=DYS&amp;rolSeleccionado=25</queryString>
  <url>https://preproduccion.sge:443/gepa/ConexionAction.do;jsessionid=eb634fe5b58b0bcb96508261e275709f9c8e236e3e15aeb347f0741aac2dda55</url>
</httpSample>
<httpSample t="172" lt="0" ts="1298632625429" s="true" lb="/gepa/scripts/scriptaculous/scriptaculous.js" rc="200" by="5068">
  <responseHeader class="java.lang.String">HTTP/1.0 200 OK
Date: Fri, 25 Feb 2011 11:17:05 GMT
Server: Oracle-Application-Server-10g/10.1.2.2.0 Oracle-HTTP-Server
Content-Length: 5068
Set-Cookie: JSESSIONID=1c40394efe2724f141146afc62dd3f38bae1b97f135b59085c4bc050b06aec5e.e3eSbhiLaNyPe3yNbNyQc3qSai1BqBjKpPXxqAa; path=/login
Content-Type: text/html; charset=ISO-8859-1
</responseHeader>
  <requestHeader class="java.lang.String">Accept-Language: es-ES
Accept: */*
User-Agent: Mozilla/4.0 (compatible; MSIE 7.0; Windows NT 6.1; Trident/4.0; SLCC2; .NET CLR 2.0.50727; .NET CLR 3.5.30729; .NET CLR 3.0.30729; Media Center PC 6.0; MDDS; .NET4.0C)
Accept-Encoding: gzip, deflate
Referer: http://picasso:8888/gepa/ConexionAction.do;jsessionid=eb634fe5b58b0bcb96508261e275709f9c8e236e3e15aeb347f0741aac2dda55
</requestHeader>
  <cookies class="java.lang.String"></cookies>
  <method class="java.lang.String">GET</method>
  <queryString class="java.lang.String"></queryString>
  <redirectLocation class="java.lang.String">https://login-pre.sge/pls/orasso/orasso.wwsso_app_admin.ls_login?Site2pstoreToken=v1.4~CEF0A91F~650445AFE72EAA1B745983A686E22D599DCF8A99AE860FA19D6B7CBB7917409352ABD87D956DD101C6DC4AA1283667E56CFEDFB7EC0D8AA54C4BE68A20039560F45A856342090E88185331BE6CC545A864BF25B2905080959C3F49A904332099237DB9CDC747AB02934781BF7E5CA4C427C3DEFB4F077253EE2BD5623D723507392A1A55B8383C4DADC8B42B132F2DB684056DFECF8B33EABC8FBA74798608D39F5D1A76C4FCB3AA4D578E897F84F33CB52F77A60AC093B9C0748E28DBBBB294F1ABF8C91F0AE87B560B4688B56237BEDF9DD3706BD31D436D6BF191DD2BB74E57CCE2231B72C7BB76307C156E6EE708CB8A9E8BB23BA8AF03ED7858D9C754F6B19A8DE6F47C25A5C8B21C9BC6FDDB36</redirectLocation>
  <url>https://preproduccion.sge/login/login.jsp?site2pstoretoken=v1.4~CEF0A91F~650445AFE72EAA1B745983A686E22D599DCF8A99AE860FA19D6B7CBB7917409352ABD87D956DD101C6DC4AA1283667E56CFEDFB7EC0D8AA54C4BE68A20039560F45A856342090E88185331BE6CC545A864BF25B2905080959C3F49A904332099237DB9CDC747AB02934781BF7E5CA4C427C3DEFB4F077253EE2BD5623D723507392A1A55B8383C4DADC8B42B132F2DB684056DFECF8B33EABC8FBA74798608D39F5D1A76C4FCB3AA4D578E897F84F33CB52F77A60AC093B9C0748E28DBBBB294F1ABF8C91F0AE87B560B4688B56237BEDF9DD3706BD31D436D6BF191DD2BB74E57CCE2231B72C7BB76307C156E6EE708CB8A9E8BB23BA8AF03ED7858D9C754F6B19A8DE6F47C25A5C8B21C9BC6FDDB36&amp;p_error_code=&amp;p_submit_url=https%3A%2F%2Flogin-pre.sge%2Fsso%2Fauth&amp;p_cancel_url=https%3A%2F%2Fpreproduccion.sge&amp;ssousername=&amp;subscribername=</url>
</httpSample>
<httpSample t="16" lt="16" ts="1298632625601" s="false" lb="/gepa/BusquedaAction.do" rc="500" by="778">
  <responseHeader class="java.lang.String">HTTP/1.0 500 Internal Server Error
Date: Fri, 25 Feb 2011 11:17:05 GMT
Server: Oracle-Application-Server-10g/10.1.2.2.0 Oracle-HTTP-Server
Content-Type: text/html; charset=iso-8859-1
</responseHeader>
  <requestHeader class="java.lang.String">Content-Type: application/x-www-form-urlencoded
Accept-Language: es-ES
Accept: image/jpeg, application/x-ms-application, image/gif, application/xaml+xml, image/pjpeg, application/x-ms-xbap, application/vnd.ms-powerpoint, application/vnd.ms-excel, application/msword, */*
User-Agent: Mozilla/4.0 (compatible; MSIE 7.0; Windows NT 6.1; Trident/4.0; SLCC2; .NET CLR 2.0.50727; .NET CLR 3.5.30729; .NET CLR 3.0.30729; Media Center PC 6.0; MDDS; .NET4.0C)
Accept-Encoding: gzip, deflate
Referer: http://picasso:8888/gepa/ConexionAction.do;jsessionid=eb634fe5b58b0bcb96508261e275709f9c8e236e3e15aeb347f0741aac2dda55
Pragma: no-cache
</requestHeader>
  <cookies class="java.lang.String"></cookies>
  <method class="java.lang.String">POST</method>
  <queryString class="java.lang.String">accion=buscar&amp;modo=rapida&amp;avanzadaDesplegada=false&amp;descElemPesado=&amp;identificacionRapida=&amp;nombreRapida=&amp;apellido1Rapida=&amp;apellido2Rapida=&amp;anyoRapida=&amp;numeroRapida=&amp;desdeRapida=&amp;hastaRapida=&amp;tramiteRapida=-1&amp;estadoRapida=-1&amp;idBusqueda=-1&amp;idClases=26&amp;metaTipo0=STRING&amp;metaTipo1=STRING&amp;metaTipo2=LISTA&amp;metaTipo3=STRING&amp;metaTipo4=LISTA_PESADA&amp;metaTipo5=STRING&amp;metaTipo6=LISTA&amp;metaTipo7=STRING&amp;metaTipo8=STRING&amp;metaTipo9=STRING&amp;metaTipo10=STRING&amp;metaTipo11=STRING&amp;metaTipo12=STRING&amp;metaTipo13=LISTA&amp;metaTipo14=STRING&amp;metaTipo15=TIMESTAMP&amp;metaTipo16=TIMESTAMP&amp;metaTipo17=TIMESTAMP&amp;metaTipo18=LISTA&amp;metaTipo19=LISTA_PESADA&amp;metaTipo20=STRING&amp;metaTipo21=STRING&amp;metaTipo22=STRING&amp;metaTipo23=STRING&amp;metaTipo24=STRING&amp;metaTipo25=LISTA_PESADA&amp;metaTipo26=LISTA&amp;metaTipo27=STRING&amp;metaTipo28=LISTA&amp;metaTipo29=STRING&amp;metaTipo30=STRING&amp;metaTipo31=INTEGER&amp;metaTipo32=STRING&amp;metaTipo33=STRING&amp;metaTipo34=STRING&amp;metaTipo35=LISTA&amp;metaTipo36=LISTA&amp;metaTipo37=LISTA&amp;metaTipo38=STRING&amp;metaTipo39=SEPARADOR&amp;metaTipo40=BOOLEAN&amp;metaTipo41=STRING&amp;metaTipo42=STRING&amp;metaTipo43=STRING&amp;metaTipo44=LISTA&amp;metaTipo45=BOOLEAN&amp;metaTipo46=BOOLEAN&amp;metaTipo47=BOOLEAN&amp;metaTipo48=STRING&amp;metaTipo49=TIMESTAMP&amp;metaTipo50=TIMESTAMP&amp;metaTipo51=TIMESTAMP&amp;metaTipo52=TIMESTAMP&amp;metaTipo53=TIMESTAMP&amp;metaTipo54=TIMESTAMP&amp;metaTipo55=TIMESTAMP&amp;metaTipo56=TIMESTAMP&amp;metaTipo57=TIMESTAMP&amp;metaTipo58=TIMESTAMP&amp;metaTipo59=TIMESTAMP&amp;metaTipo60=TIMESTAMP&amp;metaTipo61=TIMESTAMP&amp;metaTipo62=TIMESTAMP&amp;metaTipo63=TIMESTAMP&amp;metaTipo64=LISTA&amp;metaTipo65=LISTA&amp;metaTipo66=LISTA&amp;metaTipo67=DOUBLE&amp;metaTipo68=DOUBLE&amp;metaTipo69=DOUBLE&amp;metaTipo70=DOUBLE&amp;metaTipo71=DOUBLE&amp;metaTipo72=DOUBLE&amp;metaTipo73=DOUBLE&amp;metaTipo74=BOOLEAN&amp;metaTipo75=LISTA&amp;metaTipo76=STRING&amp;metaTipo77=STRING&amp;metaTipo78=STRING&amp;metaTipo79=STRING&amp;metaTipo80=STRING&amp;metaTipo81=STRING&amp;metaTipo82=STRING&amp;metaTipo83=BOOLEAN&amp;metaTipo84=BOOLEAN&amp;metaTipo85=STRING&amp;metaTipo86=LISTA&amp;metaTipo87=LISTA&amp;metaTipo88=LISTA_PESADA&amp;metaTipo89=LISTA&amp;metaTipo90=LISTA&amp;metaTipo91=STRING&amp;metaTipo92=LISTA&amp;metaTipo93=STRING&amp;metaTipo94=STRING&amp;metaTipo95=LISTA&amp;metaTipo96=LISTA&amp;metaTipo97=LISTA&amp;metaTipo98=BOOLEAN&amp;metaTipo99=LISTA&amp;metaTipo100=BOOLEAN&amp;metaTipo101=LISTA&amp;metaTipo102=LISTA&amp;metaTipo103=BOOLEAN&amp;metaTipo104=BOOLEAN&amp;metaTipo105=LISTA&amp;metaTipo106=LISTA&amp;metaTipo107=LISTA&amp;metaTipo108=LISTA&amp;metaTipo109=LISTA&amp;metaTipo110=STRING&amp;metaTipo111=LISTA&amp;valor=&amp;valorPesado=&amp;lista37=-1&amp;lista36=-1&amp;lista35=-1&amp;lista99=-1&amp;lista109=-1&amp;lista66=-1&amp;lista98=-1&amp;lista108=-1&amp;lista65=-1&amp;lista97=-1&amp;lista107=-1&amp;lista64=-1&amp;lista96=-1&amp;lista106=-1&amp;lista95=-1&amp;lista105=-1&amp;lista104=-1&amp;lista92=-1&amp;lista103=-1&amp;lista102=-1&amp;lista90=-1&amp;lista101=-1&amp;lista100=-1&amp;lista28=-1&amp;lista26=-1&amp;lista89=-1&amp;lista87=-1&amp;lista86=-1&amp;lista6=-1&amp;lista84=-1&amp;lista83=-1&amp;lista2=-1&amp;lista18=-1&amp;lista47=-1&amp;lista46=-1&amp;lista13=-1&amp;lista45=-1&amp;lista44=-1&amp;lista75=-1&amp;lista74=-1&amp;lista40=-1&amp;lista111=-1</queryString>
  <url>https://preproduccion.sge:443/gepa/BusquedaAction.do</url>
</httpSample>
<httpSample t="187" lt="0" ts="1298632625617" s="true" lb="/gepa/scripts/scriptaculous/scriptaculous.js" rc="200" by="5068">
  <responseHeader class="java.lang.String">HTTP/1.0 200 OK
Date: Fri, 25 Feb 2011 11:17:05 GMT
Server: Oracle-Application-Server-10g/10.1.2.2.0 Oracle-HTTP-Server
Content-Length: 5068
Set-Cookie: JSESSIONID=5139564726d0703bf106d6a52cd0903dcdf766b386ec1efb343feab1adb49952.e38Ob3aOaheRe34Mb3qSax0Pahz0nR9Pq6XteP93; path=/login
Content-Type: text/html; charset=ISO-8859-1
</responseHeader>
  <requestHeader class="java.lang.String">Accept-Language: es-ES
Accept: */*
User-Agent: Mozilla/4.0 (compatible; MSIE 7.0; Windows NT 6.1; Trident/4.0; SLCC2; .NET CLR 2.0.50727; .NET CLR 3.5.30729; .NET CLR 3.0.30729; Media Center PC 6.0; MDDS; .NET4.0C)
Accept-Encoding: gzip, deflate
Referer: http://picasso:8888/gepa/BusquedaAction.do
</requestHeader>
  <cookies class="java.lang.String"></cookies>
  <method class="java.lang.String">GET</method>
  <queryString class="java.lang.String"></queryString>
  <redirectLocation class="java.lang.String">https://login-pre.sge/pls/orasso/orasso.wwsso_app_admin.ls_login?Site2pstoreToken=v1.4~CEF0A91F~650445AFE72EAA1B745983A686E22D599DCF8A99AE860FA19D6B7CBB7917409352ABD87D956DD101C6DC4AA1283667E56CFEDFB7EC0D8AA54C4BE68A20039560F45A856342090E88185331BE6CC545A864BF25B2905080959C3F49A904332099237DB9CDC747AB02934781BF7E5CA4C427C3DEFB4F077253EE2BD5623D723507392A1A55B8383C4DADC8B42B132F2DB684056DFECF8B33EABC8FBA74798608D39F5D1A76C4FCB3AA4D578E897F84F33CB52F77A60AC093B9C0748E28DBBBB294F1ABF8C91F0AE87B560B4688B56237BEDF9DD3706BD31D436D6BF191DD2BB74E57CCE2231B72C7BB76307C156E6EE708CB8A9E8BB23BA8AF03ED7858D9C754F6B19A8DE6F47C25A5C8B21C9BC6FDDB36</redirectLocation>
  <url>https://preproduccion.sge/login/login.jsp?site2pstoretoken=v1.4~CEF0A91F~650445AFE72EAA1B745983A686E22D599DCF8A99AE860FA19D6B7CBB7917409352ABD87D956DD101C6DC4AA1283667E56CFEDFB7EC0D8AA54C4BE68A20039560F45A856342090E88185331BE6CC545A864BF25B2905080959C3F49A904332099237DB9CDC747AB02934781BF7E5CA4C427C3DEFB4F077253EE2BD5623D723507392A1A55B8383C4DADC8B42B132F2DB684056DFECF8B33EABC8FBA74798608D39F5D1A76C4FCB3AA4D578E897F84F33CB52F77A60AC093B9C0748E28DBBBB294F1ABF8C91F0AE87B560B4688B56237BEDF9DD3706BD31D436D6BF191DD2BB74E57CCE2231B72C7BB76307C156E6EE708CB8A9E8BB23BA8AF03ED7858D9C754F6B19A8DE6F47C25A5C8B21C9BC6FDDB36&amp;p_error_code=&amp;p_submit_url=https%3A%2F%2Flogin-pre.sge%2Fsso%2Fauth&amp;p_cancel_url=https%3A%2F%2Fpreproduccion.sge&amp;ssousername=&amp;subscribername=</url>
</httpSample>
<httpSample t="188" lt="0" ts="1298632625804" s="true" lb="/gepa/ResultadoBusquedaAction.do" rc="200" by="4972">
  <responseHeader class="java.lang.String">HTTP/1.0 200 OK
Date: Fri, 25 Feb 2011 11:17:05 GMT
Server: Oracle-Application-Server-10g/10.1.2.2.0 Oracle-HTTP-Server
Content-Length: 4972
Set-Cookie: JSESSIONID=89dc5d4ae037d9567e901cd32eeb2251622eaec6e6475e14c68be5ffea9bdde8.e3eSbhiLaNyPe3yNbNyQc3qSai1BqBjKpPXxqAa; path=/login
Content-Type: text/html; charset=ISO-8859-1
</responseHeader>
  <requestHeader class="java.lang.String">Accept-Language: es-ES
Accept: image/jpeg, application/x-ms-application, image/gif, application/xaml+xml, image/pjpeg, application/x-ms-xbap, application/vnd.ms-powerpoint, application/vnd.ms-excel, application/msword, */*
User-Agent: Mozilla/4.0 (compatible; MSIE 7.0; Windows NT 6.1; Trident/4.0; SLCC2; .NET CLR 2.0.50727; .NET CLR 3.5.30729; .NET CLR 3.0.30729; Media Center PC 6.0; MDDS; .NET4.0C)
Accept-Encoding: gzip, deflate
Referer: http://picasso:8888/gepa/BusquedaAction.do
</requestHeader>
  <cookies class="java.lang.String"></cookies>
  <method class="java.lang.String">GET</method>
  <queryString class="java.lang.String"></queryString>
  <redirectLocation class="java.lang.String">https://login-pre.sge/pls/orasso/orasso.wwsso_app_admin.ls_login?Site2pstoreToken=v1.4~CEF0A91F~650445AFE72EAA1B745983A686E22D599DCF8A99AE860FA19D6B7CBB7917409352ABD87D956DD101C6DC4AA1283667E56CFEDFB7EC0D8AA54C4BE68A20039560F45A856342090E88185331BE6CC545A864BF25B2905080958444187D6EE38EB330EFD392BF103A71FF63A4CC62BAC06ECA68417401538FE5E7E488D3034A835828A38ED56F88B5A5BD55FCDFD75A3FFE2DA8348F878A76844FDFCE82BB959FDD7A5780A59CB943E836BFB8DB5A602EA97C1017AB33AEDE4350C0D2FF461BB0927674BABFD53B0814EF0D36CFFADC4430CC220B6B945B377022FD5929F08330F1976DC1A8F20CC4D19AFC761520D00959059CB540999384FF</redirectLocation>
  <url>https://preproduccion.sge/login/login.jsp?site2pstoretoken=v1.4~CEF0A91F~650445AFE72EAA1B745983A686E22D599DCF8A99AE860FA19D6B7CBB7917409352ABD87D956DD101C6DC4AA1283667E56CFEDFB7EC0D8AA54C4BE68A20039560F45A856342090E88185331BE6CC545A864BF25B2905080958444187D6EE38EB330EFD392BF103A71FF63A4CC62BAC06ECA68417401538FE5E7E488D3034A835828A38ED56F88B5A5BD55FCDFD75A3FFE2DA8348F878A76844FDFCE82BB959FDD7A5780A59CB943E836BFB8DB5A602EA97C1017AB33AEDE4350C0D2FF461BB0927674BABFD53B0814EF0D36CFFADC4430CC220B6B945B377022FD5929F08330F1976DC1A8F20CC4D19AFC761520D00959059CB540999384FF&amp;p_error_code=&amp;p_submit_url=https%3A%2F%2Flogin-pre.sge%2Fsso%2Fauth&amp;p_cancel_url=https%3A%2F%2Fpreproduccion.sge&amp;ssousername=&amp;subscribername=</url>
</httpSample>
<httpSample t="219" lt="0" ts="1298632625992" s="true" lb="/gepa/scripts/scriptaculous/scriptaculous.js" rc="200" by="5068">
  <responseHeader class="java.lang.String">HTTP/1.0 200 OK
Date: Fri, 25 Feb 2011 11:17:06 GMT
Server: Oracle-Application-Server-10g/10.1.2.2.0 Oracle-HTTP-Server
Content-Length: 5068
Set-Cookie: JSESSIONID=17ced1a7e9a56a0aa344fa5314c47f2ee2713f464cc70127ae89cc6b5e90fabc.e38Ob3aOaheRe34Mb3qSax0Pahz0nR9Pq6XteP93; path=/login
Content-Type: text/html; charset=ISO-8859-1
</responseHeader>
  <requestHeader class="java.lang.String">Accept-Language: es-ES
Accept: */*
User-Agent: Mozilla/4.0 (compatible; MSIE 7.0; Windows NT 6.1; Trident/4.0; SLCC2; .NET CLR 2.0.50727; .NET CLR 3.5.30729; .NET CLR 3.0.30729; Media Center PC 6.0; MDDS; .NET4.0C)
Accept-Encoding: gzip, deflate
Referer: http://picasso:8888/gepa/ResultadoBusquedaAction.do?accion=gestionExp&amp;indice=0
</requestHeader>
  <cookies class="java.lang.String"></cookies>
  <method class="java.lang.String">GET</method>
  <queryString class="java.lang.String"></queryString>
  <redirectLocation class="java.lang.String">https://login-pre.sge/pls/orasso/orasso.wwsso_app_admin.ls_login?Site2pstoreToken=v1.4~CEF0A91F~9B1C6288A9CCC4B521264E14402190136141917B12C12729CBC34E30E1B9E936087740B1F5C0C942380A1C86EB142E7EFCA4617E2FEA37117836B7273684DB2A1BDAF2A3B471665BEE67AA4B4A1450EF8ECD205730B90EA1755A5BBEB9E9CEACC380DCCCA2D8F324C22C1F2BA95E8FD42F05B5F41E82EFE3283296FBECD773D13BC9B6EC0FC4E3FA7A3E2A3C2BDB39681F272B20A1EBBDD97A2AA603072C1589BB16A1C8063C4E75DF3AED30ADCA2B051CCAB4510B37D16923BFC072D6517A9FD727F0F233B066CC44C9F00644AB83F36426508E01E162494B97F884E0F738371A5EEBD85FBE258E6524FE8F9DD5A2FB1A175863E4BE446933412CD2C473D0EF4E32E60FF74BAA4CF30F1965C667690E</redirectLocation>
  <url>https://preproduccion.sge/login/login.jsp?site2pstoretoken=v1.4~CEF0A91F~9B1C6288A9CCC4B521264E14402190136141917B12C12729CBC34E30E1B9E936087740B1F5C0C942380A1C86EB142E7EFCA4617E2FEA37117836B7273684DB2A1BDAF2A3B471665BEE67AA4B4A1450EF8ECD205730B90EA1755A5BBEB9E9CEACC380DCCCA2D8F324C22C1F2BA95E8FD42F05B5F41E82EFE3283296FBECD773D13BC9B6EC0FC4E3FA7A3E2A3C2BDB39681F272B20A1EBBDD97A2AA603072C1589BB16A1C8063C4E75DF3AED30ADCA2B051CCAB4510B37D16923BFC072D6517A9FD727F0F233B066CC44C9F00644AB83F36426508E01E162494B97F884E0F738371A5EEBD85FBE258E6524FE8F9DD5A2FB1A175863E4BE446933412CD2C473D0EF4E32E60FF74BAA4CF30F1965C667690E&amp;p_error_code=&amp;p_submit_url=https%3A%2F%2Flogin-pre.sge%2Fsso%2Fauth&amp;p_cancel_url=https%3A%2F%2Fpreproduccion.sge&amp;ssousername=&amp;subscribername=</url>
</httpSample>

<httpSample t="187" lt="0" ts="1298632635789" s="true" lb="/gepa/ConexionAction.do" rc="200" by="5388">
  <responseHeader class="java.lang.String">HTTP/1.0 200 OK
Date: Fri, 25 Feb 2011 11:17:15 GMT
Server: Oracle-Application-Server-10g/10.1.2.2.0 Oracle-HTTP-Server
Content-Length: 5388
Set-Cookie: JSESSIONID=4bc357f845ebe3a74400535ebb3ce8fef5bc9d8c6fa3b778f371f52f9e886cf3.e3eSbhiLaNyPe3yNbNyQc3qSai1BqBjKpPXxqAa; path=/login
Content-Type: text/html; charset=ISO-8859-1
</responseHeader>
  <requestHeader class="java.lang.String">Accept-Language: es
Accept: */*
User-Agent: Mozilla/4.0 (compatible; MSIE 7.0; Windows NT 6.1; Trident/4.0; SLCC2; .NET CLR 2.0.50727; .NET CLR 3.5.30729; .NET CLR 3.0.30729; Media Center PC 6.0; MDDS; .NET4.0C)
Accept-Encoding: gzip, deflate
</requestHeader>
  <cookies class="java.lang.String"></cookies>
  <method class="java.lang.String">GET</method>
  <queryString class="java.lang.String"></queryString>
  <redirectLocation class="java.lang.String">https://login-pre.sge/pls/orasso/orasso.wwsso_app_admin.ls_login?Site2pstoreToken=v1.4~CEF0A91F~F24A32AA3B26D1F4F4C9802F2E30587E4F2F7EB72C865CB52EDD9841DE8E82E38C59EA130282F975BFA3815637308391EB06551007FE7F212CABED29A54EADF5D1AB78A1289DCA6B4289D1E19677EB4E6EBC6BE44719DDC9765F6D4394C7214DF226CE705FCFB1115D143F1CC5ACAF473D0692442BB1831D20BDC2C2AE02375E207FEC8AAB1D68C5BD398DD658CA2C0E2A98672403330B338BAF5783661119B6BE76A92BD79380A9133813883B4FF1DF0D40F1F302D9181D5D16EF299B3DA47E30DE3EC41850DBD01E032AA1AADE64A73FF09354B76F77017D0F71B6F9D6BA722127966D0ED3E631BECE079754E7E5C014B74D06D3C1D3D4ED682B25CF96A2F26EC9FEC8B0BA812151945D9D825FF9091DE9DCBF2C289F56D0ACA653916B9304E3EBC2B93653DFB415294C692B1A308CB4A8BD930BF64B76109E35B2148A4A23BA6F517D0A264D2181A3FF0A654BE6EA7BF3FEE01D47776195B36DD9BE2C559B</redirectLocation>
  <url>https://preproduccion.sge/login/login.jsp?site2pstoretoken=v1.4~CEF0A91F~F24A32AA3B26D1F4F4C9802F2E30587E4F2F7EB72C865CB52EDD9841DE8E82E38C59EA130282F975BFA3815637308391EB06551007FE7F212CABED29A54EADF5D1AB78A1289DCA6B4289D1E19677EB4E6EBC6BE44719DDC9765F6D4394C7214DF226CE705FCFB1115D143F1CC5ACAF473D0692442BB1831D20BDC2C2AE02375E207FEC8AAB1D68C5BD398DD658CA2C0E2A98672403330B338BAF5783661119B6BE76A92BD79380A9133813883B4FF1DF0D40F1F302D9181D5D16EF299B3DA47E30DE3EC41850DBD01E032AA1AADE64A73FF09354B76F77017D0F71B6F9D6BA722127966D0ED3E631BECE079754E7E5C014B74D06D3C1D3D4ED682B25CF96A2F26EC9FEC8B0BA812151945D9D825FF9091DE9DCBF2C289F56D0ACA653916B9304E3EBC2B93653DFB415294C692B1A308CB4A8BD930BF64B76109E35B2148A4A23BA6F517D0A264D2181A3FF0A654BE6EA7BF3FEE01D47776195B36DD9BE2C559B&amp;p_error_code=&amp;p_submit_url=https%3A%2F%2Flogin-pre.sge%2Fsso%2Fauth&amp;p_cancel_url=https%3A%2F%2Fpreproduccion.sge&amp;ssousername=&amp;subscribername=</url>
</httpSample>
<httpSample t="187" lt="0" ts="1298632635992" s="true" lb="/gepa/scripts/scriptaculous/scriptaculous.js" rc="200" by="5068">
  <responseHeader class="java.lang.String">HTTP/1.0 200 OK
Date: Fri, 25 Feb 2011 11:17:16 GMT
Server: Oracle-Application-Server-10g/10.1.2.2.0 Oracle-HTTP-Server
Content-Length: 5068
Set-Cookie: JSESSIONID=61b0c0cde4c422a099fe41259e4ba2754f0686a2df1de139841e22950c99b4c8.e38Ob3aOaheRe34Mb3qSax0Pahz0nR9Pq6XteP93; path=/login
Content-Type: text/html; charset=ISO-8859-1
</responseHeader>
  <requestHeader class="java.lang.String">Accept-Language: es-ES
Accept: */*
User-Agent: Mozilla/4.0 (compatible; MSIE 7.0; Windows NT 6.1; Trident/4.0; SLCC2; .NET CLR 2.0.50727; .NET CLR 3.5.30729; .NET CLR 3.0.30729; Media Center PC 6.0; MDDS; .NET4.0C)
Accept-Encoding: gzip, deflate
Referer: http://picasso:8888/gepa/ConexionAction.do?POSTDATA=variosPerfiles=true&amp;accion=iniciar&amp;codigoEntidad=DYS&amp;codigo=jcnegredo&amp;contrasenya=dysmatica&amp;rolSeleccionado=25
</requestHeader>
  <cookies class="java.lang.String"></cookies>
  <method class="java.lang.String">GET</method>
  <queryString class="java.lang.String"></queryString>
  <redirectLocation class="java.lang.String">https://login-pre.sge/pls/orasso/orasso.wwsso_app_admin.ls_login?Site2pstoreToken=v1.4~CEF0A91F~F24A32AA3B26D1F4F4C9802F2E30587E4F2F7EB72C865CB52EDD9841DE8E82E38C59EA130282F975BFA3815637308391EB06551007FE7F212CABED29A54EADF5D1AB78A1289DCA6B4289D1E19677EB4E6EBC6BE44719DDC9765F6D4394C7214D9DE8F324653845EF99EA01108297C8B01A46CE005187FF3726576950521F17F7D4AFC5F2AE47F2E55728461066DFBDADFBB3A23B0666D52D1BA0304B5E96FE5359147435F67170D88F95C8E7822F015C64F6235689B4F40EDF512147B77EED240997E7850C4A3C35B790C6863CDD376CF156F69A5BC9BC22399B553E172242C1617A954F4A48B23100EAA6D49FDC213CF7CDE3E4FF17D0E58C2735995C28ACF5ACE568B01AD3A8DD705307AFB95B845D</redirectLocation>
  <url>https://preproduccion.sge/login/login.jsp?site2pstoretoken=v1.4~CEF0A91F~F24A32AA3B26D1F4F4C9802F2E30587E4F2F7EB72C865CB52EDD9841DE8E82E38C59EA130282F975BFA3815637308391EB06551007FE7F212CABED29A54EADF5D1AB78A1289DCA6B4289D1E19677EB4E6EBC6BE44719DDC9765F6D4394C7214D9DE8F324653845EF99EA01108297C8B01A46CE005187FF3726576950521F17F7D4AFC5F2AE47F2E55728461066DFBDADFBB3A23B0666D52D1BA0304B5E96FE5359147435F67170D88F95C8E7822F015C64F6235689B4F40EDF512147B77EED240997E7850C4A3C35B790C6863CDD376CF156F69A5BC9BC22399B553E172242C1617A954F4A48B23100EAA6D49FDC213CF7CDE3E4FF17D0E58C2735995C28ACF5ACE568B01AD3A8DD705307AFB95B845D&amp;p_error_code=&amp;p_submit_url=https%3A%2F%2Flogin-pre.sge%2Fsso%2Fauth&amp;p_cancel_url=https%3A%2F%2Fpreproduccion.sge&amp;ssousername=&amp;subscribername=</url>
</httpSample>
<httpSample t="0" lt="0" ts="1298632636179" s="false" lb="/gepa/ConexionAction.do;jsessionid=eb634fe5b58b0bcb96508261e275709f9c8e236e3e15aeb347f0741aac2dda55" rc="500" by="778">
  <responseHeader class="java.lang.String">HTTP/1.0 500 Internal Server Error
Date: Fri, 25 Feb 2011 11:17:16 GMT
Server: Oracle-Application-Server-10g/10.1.2.2.0 Oracle-HTTP-Server
Content-Type: text/html; charset=iso-8859-1
</responseHeader>
  <requestHeader class="java.lang.String">Content-Type: application/x-www-form-urlencoded
Accept-Language: es-ES
Accept: image/jpeg, application/x-ms-application, image/gif, application/xaml+xml, image/pjpeg, application/x-ms-xbap, application/vnd.ms-powerpoint, application/vnd.ms-excel, application/msword, */*
User-Agent: Mozilla/4.0 (compatible; MSIE 7.0; Windows NT 6.1; Trident/4.0; SLCC2; .NET CLR 2.0.50727; .NET CLR 3.5.30729; .NET CLR 3.0.30729; Media Center PC 6.0; MDDS; .NET4.0C)
Accept-Encoding: gzip, deflate
Referer: http://picasso:8888/gepa/ConexionAction.do?POSTDATA=variosPerfiles=true&amp;accion=iniciar&amp;codigoEntidad=DYS&amp;codigo=jcnegredo&amp;contrasenya=dysmatica&amp;rolSeleccionado=25
Pragma: no-cache
</requestHeader>
  <cookies class="java.lang.String"></cookies>
  <method class="java.lang.String">POST</method>
  <queryString class="java.lang.String">variosPerfiles=true&amp;accion=seleccionarPerfil&amp;codigoEntidad=DYS&amp;rolSeleccionado=25</queryString>
  <url>https://preproduccion.sge:443/gepa/ConexionAction.do;jsessionid=eb634fe5b58b0bcb96508261e275709f9c8e236e3e15aeb347f0741aac2dda55</url>
</httpSample>
<httpSample t="188" lt="0" ts="1298632636195" s="true" lb="/gepa/scripts/scriptaculous/scriptaculous.js" rc="200" by="5068">
  <responseHeader class="java.lang.String">HTTP/1.0 200 OK
Date: Fri, 25 Feb 2011 11:17:16 GMT
Server: Oracle-Application-Server-10g/10.1.2.2.0 Oracle-HTTP-Server
Content-Length: 5068
Set-Cookie: JSESSIONID=25420e36b480dbc20137b257a92af006c7f9f85f1c25e4f4cd4e0138ce02d23d.e38Ob3aOaheRe34Mb3qSax0Pahz0nR9Pq6XteP93; path=/login
Content-Type: text/html; charset=ISO-8859-1
</responseHeader>
  <requestHeader class="java.lang.String">Accept-Language: es-ES
Accept: */*
User-Agent: Mozilla/4.0 (compatible; MSIE 7.0; Windows NT 6.1; Trident/4.0; SLCC2; .NET CLR 2.0.50727; .NET CLR 3.5.30729; .NET CLR 3.0.30729; Media Center PC 6.0; MDDS; .NET4.0C)
Accept-Encoding: gzip, deflate
Referer: http://picasso:8888/gepa/ConexionAction.do;jsessionid=eb634fe5b58b0bcb96508261e275709f9c8e236e3e15aeb347f0741aac2dda55
</requestHeader>
  <cookies class="java.lang.String"></cookies>
  <method class="java.lang.String">GET</method>
  <queryString class="java.lang.String"></queryString>
  <redirectLocation class="java.lang.String">https://login-pre.sge/pls/orasso/orasso.wwsso_app_admin.ls_login?Site2pstoreToken=v1.4~CEF0A91F~A2267B179A3E6A959029B520D7EF1131023482689637499D3F229936F5E484D02F938A93A3F0578675B6956F90378B8449B9688CA9A0355F55143C7FCC240CD168611425898657B632BB88EAAFB19859D02D5DDEB3063F8DE9EA007DBD32B42EF020F6AF446D59ECEC0415ADC26083F5098D662F82ACB481EE6E0A2BC45BA317CD51EFA49AA931517401DB0178101E4E5073EAFA91E85A98BFAD67CAFC12946CF363CCF09529E23E1DDDCDAECB9E3886846BE738073A66F65B633DECCBF66C4B81628677A06E65F83281D30DCF365A2F4B9200B96BA8A918240024B2C3BB5F9480B6AFCFDE634A46C422192A5D0D4C46273492326A1EE4A025661847B5D32CD83DAC43219A4E750B934279BDDBC90117</redirectLocation>
  <url>https://preproduccion.sge/login/login.jsp?site2pstoretoken=v1.4~CEF0A91F~A2267B179A3E6A959029B520D7EF1131023482689637499D3F229936F5E484D02F938A93A3F0578675B6956F90378B8449B9688CA9A0355F55143C7FCC240CD168611425898657B632BB88EAAFB19859D02D5DDEB3063F8DE9EA007DBD32B42EF020F6AF446D59ECEC0415ADC26083F5098D662F82ACB481EE6E0A2BC45BA317CD51EFA49AA931517401DB0178101E4E5073EAFA91E85A98BFAD67CAFC12946CF363CCF09529E23E1DDDCDAECB9E3886846BE738073A66F65B633DECCBF66C4B81628677A06E65F83281D30DCF365A2F4B9200B96BA8A918240024B2C3BB5F9480B6AFCFDE634A46C422192A5D0D4C46273492326A1EE4A025661847B5D32CD83DAC43219A4E750B934279BDDBC90117&amp;p_error_code=&amp;p_submit_url=https%3A%2F%2Flogin-pre.sge%2Fsso%2Fauth&amp;p_cancel_url=https%3A%2F%2Fpreproduccion.sge&amp;ssousername=&amp;subscribername=</url>
</httpSample>
<httpSample t="15" lt="15" ts="1298632636383" s="false" lb="/gepa/BusquedaAction.do" rc="500" by="778">
  <responseHeader class="java.lang.String">HTTP/1.0 500 Internal Server Error
Date: Fri, 25 Feb 2011 11:17:16 GMT
Server: Oracle-Application-Server-10g/10.1.2.2.0 Oracle-HTTP-Server
Content-Type: text/html; charset=iso-8859-1
</responseHeader>
  <requestHeader class="java.lang.String">Content-Type: application/x-www-form-urlencoded
Accept-Language: es-ES
Accept: image/jpeg, application/x-ms-application, image/gif, application/xaml+xml, image/pjpeg, application/x-ms-xbap, application/vnd.ms-powerpoint, application/vnd.ms-excel, application/msword, */*
User-Agent: Mozilla/4.0 (compatible; MSIE 7.0; Windows NT 6.1; Trident/4.0; SLCC2; .NET CLR 2.0.50727; .NET CLR 3.5.30729; .NET CLR 3.0.30729; Media Center PC 6.0; MDDS; .NET4.0C)
Accept-Encoding: gzip, deflate
Referer: http://picasso:8888/gepa/ConexionAction.do;jsessionid=eb634fe5b58b0bcb96508261e275709f9c8e236e3e15aeb347f0741aac2dda55
Pragma: no-cache
</requestHeader>
  <cookies class="java.lang.String"></cookies>
  <method class="java.lang.String">POST</method>
  <queryString class="java.lang.String">accion=buscar&amp;modo=rapida&amp;avanzadaDesplegada=false&amp;descElemPesado=&amp;identificacionRapida=&amp;nombreRapida=&amp;apellido1Rapida=&amp;apellido2Rapida=&amp;anyoRapida=&amp;numeroRapida=&amp;desdeRapida=&amp;hastaRapida=&amp;tramiteRapida=-1&amp;estadoRapida=-1&amp;idBusqueda=-1&amp;idClases=26&amp;metaTipo0=STRING&amp;metaTipo1=STRING&amp;metaTipo2=LISTA&amp;metaTipo3=STRING&amp;metaTipo4=LISTA_PESADA&amp;metaTipo5=STRING&amp;metaTipo6=LISTA&amp;metaTipo7=STRING&amp;metaTipo8=STRING&amp;metaTipo9=STRING&amp;metaTipo10=STRING&amp;metaTipo11=STRING&amp;metaTipo12=STRING&amp;metaTipo13=LISTA&amp;metaTipo14=STRING&amp;metaTipo15=TIMESTAMP&amp;metaTipo16=TIMESTAMP&amp;metaTipo17=TIMESTAMP&amp;metaTipo18=LISTA&amp;metaTipo19=LISTA_PESADA&amp;metaTipo20=STRING&amp;metaTipo21=STRING&amp;metaTipo22=STRING&amp;metaTipo23=STRING&amp;metaTipo24=STRING&amp;metaTipo25=LISTA_PESADA&amp;metaTipo26=LISTA&amp;metaTipo27=STRING&amp;metaTipo28=LISTA&amp;metaTipo29=STRING&amp;metaTipo30=STRING&amp;metaTipo31=INTEGER&amp;metaTipo32=STRING&amp;metaTipo33=STRING&amp;metaTipo34=STRING&amp;metaTipo35=LISTA&amp;metaTipo36=LISTA&amp;metaTipo37=LISTA&amp;metaTipo38=STRING&amp;metaTipo39=SEPARADOR&amp;metaTipo40=BOOLEAN&amp;metaTipo41=STRING&amp;metaTipo42=STRING&amp;metaTipo43=STRING&amp;metaTipo44=LISTA&amp;metaTipo45=BOOLEAN&amp;metaTipo46=BOOLEAN&amp;metaTipo47=BOOLEAN&amp;metaTipo48=STRING&amp;metaTipo49=TIMESTAMP&amp;metaTipo50=TIMESTAMP&amp;metaTipo51=TIMESTAMP&amp;metaTipo52=TIMESTAMP&amp;metaTipo53=TIMESTAMP&amp;metaTipo54=TIMESTAMP&amp;metaTipo55=TIMESTAMP&amp;metaTipo56=TIMESTAMP&amp;metaTipo57=TIMESTAMP&amp;metaTipo58=TIMESTAMP&amp;metaTipo59=TIMESTAMP&amp;metaTipo60=TIMESTAMP&amp;metaTipo61=TIMESTAMP&amp;metaTipo62=TIMESTAMP&amp;metaTipo63=TIMESTAMP&amp;metaTipo64=LISTA&amp;metaTipo65=LISTA&amp;metaTipo66=LISTA&amp;metaTipo67=DOUBLE&amp;metaTipo68=DOUBLE&amp;metaTipo69=DOUBLE&amp;metaTipo70=DOUBLE&amp;metaTipo71=DOUBLE&amp;metaTipo72=DOUBLE&amp;metaTipo73=DOUBLE&amp;metaTipo74=BOOLEAN&amp;metaTipo75=LISTA&amp;metaTipo76=STRING&amp;metaTipo77=STRING&amp;metaTipo78=STRING&amp;metaTipo79=STRING&amp;metaTipo80=STRING&amp;metaTipo81=STRING&amp;metaTipo82=STRING&amp;metaTipo83=BOOLEAN&amp;metaTipo84=BOOLEAN&amp;metaTipo85=STRING&amp;metaTipo86=LISTA&amp;metaTipo87=LISTA&amp;metaTipo88=LISTA_PESADA&amp;metaTipo89=LISTA&amp;metaTipo90=LISTA&amp;metaTipo91=STRING&amp;metaTipo92=LISTA&amp;metaTipo93=STRING&amp;metaTipo94=STRING&amp;metaTipo95=LISTA&amp;metaTipo96=LISTA&amp;metaTipo97=LISTA&amp;metaTipo98=BOOLEAN&amp;metaTipo99=LISTA&amp;metaTipo100=BOOLEAN&amp;metaTipo101=LISTA&amp;metaTipo102=LISTA&amp;metaTipo103=BOOLEAN&amp;metaTipo104=BOOLEAN&amp;metaTipo105=LISTA&amp;metaTipo106=LISTA&amp;metaTipo107=LISTA&amp;metaTipo108=LISTA&amp;metaTipo109=LISTA&amp;metaTipo110=STRING&amp;metaTipo111=LISTA&amp;valor=&amp;valorPesado=&amp;lista37=-1&amp;lista36=-1&amp;lista35=-1&amp;lista99=-1&amp;lista109=-1&amp;lista66=-1&amp;lista98=-1&amp;lista108=-1&amp;lista65=-1&amp;lista97=-1&amp;lista107=-1&amp;lista64=-1&amp;lista96=-1&amp;lista106=-1&amp;lista95=-1&amp;lista105=-1&amp;lista104=-1&amp;lista92=-1&amp;lista103=-1&amp;lista102=-1&amp;lista90=-1&amp;lista101=-1&amp;lista100=-1&amp;lista28=-1&amp;lista26=-1&amp;lista89=-1&amp;lista87=-1&amp;lista86=-1&amp;lista6=-1&amp;lista84=-1&amp;lista83=-1&amp;lista2=-1&amp;lista18=-1&amp;lista47=-1&amp;lista46=-1&amp;lista13=-1&amp;lista45=-1&amp;lista44=-1&amp;lista75=-1&amp;lista74=-1&amp;lista40=-1&amp;lista111=-1</queryString>
  <url>https://preproduccion.sge:443/gepa/BusquedaAction.do</url>
</httpSample>
<httpSample t="156" lt="0" ts="1298632636414" s="true" lb="/gepa/scripts/scriptaculous/scriptaculous.js" rc="200" by="5068">
  <responseHeader class="java.lang.String">HTTP/1.0 200 OK
Date: Fri, 25 Feb 2011 11:17:16 GMT
Server: Oracle-Application-Server-10g/10.1.2.2.0 Oracle-HTTP-Server
Content-Length: 5068
Set-Cookie: JSESSIONID=0cec44df54133d0c2988c95743d36930214cee0901c118fef7d7b8cf558555e4.e3eSbhiLaNyPe3yNbNyQc3qSai1BqBjKpPXxqAa; path=/login
Content-Type: text/html; charset=ISO-8859-1
</responseHeader>
  <requestHeader class="java.lang.String">Accept-Language: es-ES
Accept: */*
User-Agent: Mozilla/4.0 (compatible; MSIE 7.0; Windows NT 6.1; Trident/4.0; SLCC2; .NET CLR 2.0.50727; .NET CLR 3.5.30729; .NET CLR 3.0.30729; Media Center PC 6.0; MDDS; .NET4.0C)
Accept-Encoding: gzip, deflate
Referer: http://picasso:8888/gepa/BusquedaAction.do
</requestHeader>
  <cookies class="java.lang.String"></cookies>
  <method class="java.lang.String">GET</method>
  <queryString class="java.lang.String"></queryString>
  <redirectLocation class="java.lang.String">https://login-pre.sge/pls/orasso/orasso.wwsso_app_admin.ls_login?Site2pstoreToken=v1.4~CEF0A91F~A2267B179A3E6A959029B520D7EF1131023482689637499D3F229936F5E484D02F938A93A3F0578675B6956F90378B8449B9688CA9A0355F55143C7FCC240CD168611425898657B632BB88EAAFB19859D02D5DDEB3063F8DE9EA007DBD32B42EF020F6AF446D59ECEC0415ADC26083F5098D662F82ACB481EE6E0A2BC45BA317CD51EFA49AA931517401DB0178101E4E5073EAFA91E85A98BFAD67CAFC12946CF363CCF09529E23E1DDDCDAECB9E3886846BE738073A66F65B633DECCBF66C4B81628677A06E65F83281D30DCF365A2F4B9200B96BA8A918240024B2C3BB5F9480B6AFCFDE634A46C422192A5D0D4C46273492326A1EE4A025661847B5D32CD83DAC43219A4E750B934279BDDBC90117</redirectLocation>
  <url>https://preproduccion.sge/login/login.jsp?site2pstoretoken=v1.4~CEF0A91F~A2267B179A3E6A959029B520D7EF1131023482689637499D3F229936F5E484D02F938A93A3F0578675B6956F90378B8449B9688CA9A0355F55143C7FCC240CD168611425898657B632BB88EAAFB19859D02D5DDEB3063F8DE9EA007DBD32B42EF020F6AF446D59ECEC0415ADC26083F5098D662F82ACB481EE6E0A2BC45BA317CD51EFA49AA931517401DB0178101E4E5073EAFA91E85A98BFAD67CAFC12946CF363CCF09529E23E1DDDCDAECB9E3886846BE738073A66F65B633DECCBF66C4B81628677A06E65F83281D30DCF365A2F4B9200B96BA8A918240024B2C3BB5F9480B6AFCFDE634A46C422192A5D0D4C46273492326A1EE4A025661847B5D32CD83DAC43219A4E750B934279BDDBC90117&amp;p_error_code=&amp;p_submit_url=https%3A%2F%2Flogin-pre.sge%2Fsso%2Fauth&amp;p_cancel_url=https%3A%2F%2Fpreproduccion.sge&amp;ssousername=&amp;subscribername=</url>
</httpSample>
<httpSample t="203" lt="0" ts="1298632636570" s="true" lb="/gepa/ResultadoBusquedaAction.do" rc="200" by="5004">
  <responseHeader class="java.lang.String">HTTP/1.0 200 OK
Date: Fri, 25 Feb 2011 11:17:16 GMT
Server: Oracle-Application-Server-10g/10.1.2.2.0 Oracle-HTTP-Server
Content-Length: 5004
Set-Cookie: JSESSIONID=6f89c2852bc75dda15612a7ee9202f91afcc6c4ec57b78a751dfb2973c000912.e38Ob3aOaheRe34Mb3qSax0Pahz0nR9Pq6XteP93; path=/login
Content-Type: text/html; charset=ISO-8859-1
</responseHeader>
  <requestHeader class="java.lang.String">Accept-Language: es-ES
Accept: image/jpeg, application/x-ms-application, image/gif, application/xaml+xml, image/pjpeg, application/x-ms-xbap, application/vnd.ms-powerpoint, application/vnd.ms-excel, application/msword, */*
User-Agent: Mozilla/4.0 (compatible; MSIE 7.0; Windows NT 6.1; Trident/4.0; SLCC2; .NET CLR 2.0.50727; .NET CLR 3.5.30729; .NET CLR 3.0.30729; Media Center PC 6.0; MDDS; .NET4.0C)
Accept-Encoding: gzip, deflate
Referer: http://picasso:8888/gepa/BusquedaAction.do
</requestHeader>
  <cookies class="java.lang.String"></cookies>
  <method class="java.lang.String">GET</method>
  <queryString class="java.lang.String"></queryString>
  <redirectLocation class="java.lang.String">https://login-pre.sge/pls/orasso/orasso.wwsso_app_admin.ls_login?Site2pstoreToken=v1.4~CEF0A91F~A2267B179A3E6A959029B520D7EF1131023482689637499D3F229936F5E484D02F938A93A3F0578675B6956F90378B8449B9688CA9A0355F55143C7FCC240CD168611425898657B632BB88EAAFB19859D02D5DDEB3063F8DE9EA007DBD32B42E32C72129874F64D2A0D408E236E884410F48B054FFDB2CB3012DB2B858FCE09F2FEB37B80BEF356E3BFED66457317D94B41F77A9F940DE1A604F5D753B2B14E007222CAF2893881416D775C908E84A3F5523FA15A75FB89B93D88B1BE71FBCC7A4ECF5D4096731A06C648A58C618E0BC43AE7B7CD3D47E6035C9645C815839DD0971A2FC84EFD9703E986C8A0A0A67960422A7414CC24EC7C4E7EAB144BBCC39</redirectLocation>
  <url>https://preproduccion.sge/login/login.jsp?site2pstoretoken=v1.4~CEF0A91F~A2267B179A3E6A959029B520D7EF1131023482689637499D3F229936F5E484D02F938A93A3F0578675B6956F90378B8449B9688CA9A0355F55143C7FCC240CD168611425898657B632BB88EAAFB19859D02D5DDEB3063F8DE9EA007DBD32B42E32C72129874F64D2A0D408E236E884410F48B054FFDB2CB3012DB2B858FCE09F2FEB37B80BEF356E3BFED66457317D94B41F77A9F940DE1A604F5D753B2B14E007222CAF2893881416D775C908E84A3F5523FA15A75FB89B93D88B1BE71FBCC7A4ECF5D4096731A06C648A58C618E0BC43AE7B7CD3D47E6035C9645C815839DD0971A2FC84EFD9703E986C8A0A0A67960422A7414CC24EC7C4E7EAB144BBCC39&amp;p_error_code=&amp;p_submit_url=https%3A%2F%2Flogin-pre.sge%2Fsso%2Fauth&amp;p_cancel_url=https%3A%2F%2Fpreproduccion.sge&amp;ssousername=&amp;subscribername=</url>
</httpSample>
<httpSample t="188" lt="0" ts="1298632636773" s="true" lb="/gepa/scripts/scriptaculous/scriptaculous.js" rc="200" by="5068">
  <responseHeader class="java.lang.String">HTTP/1.0 200 OK
Date: Fri, 25 Feb 2011 11:17:16 GMT
Server: Oracle-Application-Server-10g/10.1.2.2.0 Oracle-HTTP-Server
Content-Length: 5068
Set-Cookie: JSESSIONID=d087bb7f5b98c1a0b9da5fe2df7fe529336f3756c669fc72334581dd3d733ca9.e3eSbhiLaNyPe3yNbNyQc3qSai1BqBjKpPXxqAa; path=/login
Content-Type: text/html; charset=ISO-8859-1
</responseHeader>
  <requestHeader class="java.lang.String">Accept-Language: es-ES
Accept: */*
User-Agent: Mozilla/4.0 (compatible; MSIE 7.0; Windows NT 6.1; Trident/4.0; SLCC2; .NET CLR 2.0.50727; .NET CLR 3.5.30729; .NET CLR 3.0.30729; Media Center PC 6.0; MDDS; .NET4.0C)
Accept-Encoding: gzip, deflate
Referer: http://picasso:8888/gepa/ResultadoBusquedaAction.do?accion=gestionExp&amp;indice=0
</requestHeader>
  <cookies class="java.lang.String"></cookies>
  <method class="java.lang.String">GET</method>
  <queryString class="java.lang.String"></queryString>
  <redirectLocation class="java.lang.String">https://login-pre.sge/pls/orasso/orasso.wwsso_app_admin.ls_login?Site2pstoreToken=v1.4~CEF0A91F~A2267B179A3E6A959029B520D7EF1131023482689637499D3F229936F5E484D02F938A93A3F0578675B6956F90378B8449B9688CA9A0355F55143C7FCC240CD168611425898657B632BB88EAAFB19859D02D5DDEB3063F8DE9EA007DBD32B42EF020F6AF446D59ECEC0415ADC26083F5098D662F82ACB481EE6E0A2BC45BA317CD51EFA49AA931517401DB0178101E4E5073EAFA91E85A98BFAD67CAFC12946CF363CCF09529E23E1DDDCDAECB9E3886846BE738073A66F65B633DECCBF66C4B81628677A06E65F83281D30DCF365A2F4B9200B96BA8A918240024B2C3BB5F9480B6AFCFDE634A46C422192A5D0D4C46273492326A1EE4A025661847B5D32CD83DAC43219A4E750B934279BDDBC90117</redirectLocation>
  <url>https://preproduccion.sge/login/login.jsp?site2pstoretoken=v1.4~CEF0A91F~A2267B179A3E6A959029B520D7EF1131023482689637499D3F229936F5E484D02F938A93A3F0578675B6956F90378B8449B9688CA9A0355F55143C7FCC240CD168611425898657B632BB88EAAFB19859D02D5DDEB3063F8DE9EA007DBD32B42EF020F6AF446D59ECEC0415ADC26083F5098D662F82ACB481EE6E0A2BC45BA317CD51EFA49AA931517401DB0178101E4E5073EAFA91E85A98BFAD67CAFC12946CF363CCF09529E23E1DDDCDAECB9E3886846BE738073A66F65B633DECCBF66C4B81628677A06E65F83281D30DCF365A2F4B9200B96BA8A918240024B2C3BB5F9480B6AFCFDE634A46C422192A5D0D4C46273492326A1EE4A025661847B5D32CD83DAC43219A4E750B934279BDDBC90117&amp;p_error_code=&amp;p_submit_url=https%3A%2F%2Flogin-pre.sge%2Fsso%2Fauth&amp;p_cancel_url=https%3A%2F%2Fpreproduccion.sge&amp;ssousername=&amp;subscribername=</url>
</httpSample>
<httpSample t="172" lt="0" ts="1298632636961" s="true" lb="/gepa/ConexionAction.do" rc="200" by="5420">
  <responseHeader class="java.lang.String">HTTP/1.0 200 OK
Date: Fri, 25 Feb 2011 11:17:17 GMT
Server: Oracle-Application-Server-10g/10.1.2.2.0 Oracle-HTTP-Server
Content-Length: 5420
Set-Cookie: JSESSIONID=5bed08e65fd96f2e85c3d586c218802b9cb014e0e2b5c0f93c15620f47e954ef.e38Ob3aOaheRe34Mb3qSax0Pahz0nR9Pq6XteP93; path=/login
Content-Type: text/html; charset=ISO-8859-1
</responseHeader>
  <requestHeader class="java.lang.String">Accept-Language: es
Accept: */*
User-Agent: Mozilla/4.0 (compatible; MSIE 7.0; Windows NT 6.1; Trident/4.0; SLCC2; .NET CLR 2.0.50727; .NET CLR 3.5.30729; .NET CLR 3.0.30729; Media Center PC 6.0; MDDS; .NET4.0C)
Accept-Encoding: gzip, deflate
</requestHeader>
  <cookies class="java.lang.String"></cookies>
  <method class="java.lang.String">GET</method>
  <queryString class="java.lang.String"></queryString>
  <redirectLocation class="java.lang.String">https://login-pre.sge/pls/orasso/orasso.wwsso_app_admin.ls_login?Site2pstoreToken=v1.4~CEF0A91F~A2267B179A3E6A959029B520D7EF1131023482689637499D3F229936F5E484D02F938A93A3F0578675B6956F90378B8449B9688CA9A0355F55143C7FCC240CD168611425898657B632BB88EAAFB19859D02D5DDEB3063F8DE9EA007DBD32B42E55EC2AC97F72528F0A287FDF58763A487049AAC212127A0BD95C05A19AED136F3007F03D7F5853E75E9E67183055F1DE64DAA4CC5700C39D3F735FCF3453BBD471AEE23E0297F00F43D731F870781AAD44193F3B8FF48759E1F06D6A4E3F7FE0E318B603F5992067D992CBA20B20F2E0F28725407A52B8470A007290C9F4F9F9219B765FF103D947CB711AF1E2D904E0B8F08E5CD2D3E113C7310A8F7A0FB1A92E8FF805493D9D3437541A260AEBF69B912E349C7FD8470D77906766A0B859A9E1BFE9A49BCD5246BA84C95B9CB30877A403A9BF8BCA579B7774734EDB07406454522999BC95EE7FE1E700712AE25E30406211DF0FB33E7D11FC932320083BFCA7C60394EF36C058</redirectLocation>
  <url>https://preproduccion.sge/login/login.jsp?site2pstoretoken=v1.4~CEF0A91F~A2267B179A3E6A959029B520D7EF1131023482689637499D3F229936F5E484D02F938A93A3F0578675B6956F90378B8449B9688CA9A0355F55143C7FCC240CD168611425898657B632BB88EAAFB19859D02D5DDEB3063F8DE9EA007DBD32B42E55EC2AC97F72528F0A287FDF58763A487049AAC212127A0BD95C05A19AED136F3007F03D7F5853E75E9E67183055F1DE64DAA4CC5700C39D3F735FCF3453BBD471AEE23E0297F00F43D731F870781AAD44193F3B8FF48759E1F06D6A4E3F7FE0E318B603F5992067D992CBA20B20F2E0F28725407A52B8470A007290C9F4F9F9219B765FF103D947CB711AF1E2D904E0B8F08E5CD2D3E113C7310A8F7A0FB1A92E8FF805493D9D3437541A260AEBF69B912E349C7FD8470D77906766A0B859A9E1BFE9A49BCD5246BA84C95B9CB30877A403A9BF8BCA579B7774734EDB07406454522999BC95EE7FE1E700712AE25E30406211DF0FB33E7D11FC932320083BFCA7C60394EF36C058&amp;p_error_code=&amp;p_submit_url=https%3A%2F%2Flogin-pre.sge%2Fsso%2Fauth&amp;p_cancel_url=https%3A%2F%2Fpreproduccion.sge&amp;ssousername=&amp;subscribername=</url>
</httpSample>
<httpSample t="218" lt="0" ts="1298632637133" s="true" lb="/gepa/scripts/scriptaculous/scriptaculous.js" rc="200" by="5100">
  <responseHeader class="java.lang.String">HTTP/1.0 200 OK
Date: Fri, 25 Feb 2011 11:17:17 GMT
Server: Oracle-Application-Server-10g/10.1.2.2.0 Oracle-HTTP-Server
Content-Length: 5100
Set-Cookie: JSESSIONID=516eca6abb8f75007243331821c35ea692cd32eb0c6f616418f2298494930b8e.e3eSbhiLaNyPe3yNbNyQc3qSai1BqBjKpPXxqAa; path=/login
Content-Type: text/html; charset=ISO-8859-1
</responseHeader>
  <requestHeader class="java.lang.String">Accept-Language: es-ES
Accept: */*
User-Agent: Mozilla/4.0 (compatible; MSIE 7.0; Windows NT 6.1; Trident/4.0; SLCC2; .NET CLR 2.0.50727; .NET CLR 3.5.30729; .NET CLR 3.0.30729; Media Center PC 6.0; MDDS; .NET4.0C)
Accept-Encoding: gzip, deflate
Referer: http://picasso:8888/gepa/ConexionAction.do?POSTDATA=variosPerfiles=true&amp;accion=iniciar&amp;codigoEntidad=DYS&amp;codigo=jcnegredo&amp;contrasenya=dysmatica&amp;rolSeleccionado=25
</requestHeader>
  <cookies class="java.lang.String"></cookies>
  <method class="java.lang.String">GET</method>
  <queryString class="java.lang.String"></queryString>
  <redirectLocation class="java.lang.String">https://login-pre.sge/pls/orasso/orasso.wwsso_app_admin.ls_login?Site2pstoreToken=v1.4~CEF0A91F~FF0CE5DD3C0F83DECFCF8A061BF5A4DC3F819334C528FCE07DA653B943887504F3873AEEE9C3F6639A34B71D421DC2548C7AE5B7237552523DECA1B3070402BEB600C8832AFE3D8C9068CA28AC0A11FB0FDB07130BCB9C5C7DAD368AAF1DE0F39AF0F7C4E1A450C969DE6B021F922439FBB890E7BEE08E04FFD4E2CF63F82E540A1DA02FF8CD14DA9ECD58086122DC197D1AF14A2346E8073E66469928827AA02F0C4DBA291DF88EC65FD6D6E8B14BCEF8D4E1B4C44F36C6E750D235D27B5EEB43767868AD68360388CB504067B7229467D27CB527AF13090FAB56181BC4B818D6AE9D043FC95A121ADF0028AD3FA8C5C8B2636760B98B3B7C6E549278CED59D60465F9462FAB7668D4EF0907804BADAC6D056E199A3F442</redirectLocation>
  <url>https://preproduccion.sge/login/login.jsp?site2pstoretoken=v1.4~CEF0A91F~FF0CE5DD3C0F83DECFCF8A061BF5A4DC3F819334C528FCE07DA653B943887504F3873AEEE9C3F6639A34B71D421DC2548C7AE5B7237552523DECA1B3070402BEB600C8832AFE3D8C9068CA28AC0A11FB0FDB07130BCB9C5C7DAD368AAF1DE0F39AF0F7C4E1A450C969DE6B021F922439FBB890E7BEE08E04FFD4E2CF63F82E540A1DA02FF8CD14DA9ECD58086122DC197D1AF14A2346E8073E66469928827AA02F0C4DBA291DF88EC65FD6D6E8B14BCEF8D4E1B4C44F36C6E750D235D27B5EEB43767868AD68360388CB504067B7229467D27CB527AF13090FAB56181BC4B818D6AE9D043FC95A121ADF0028AD3FA8C5C8B2636760B98B3B7C6E549278CED59D60465F9462FAB7668D4EF0907804BADAC6D056E199A3F442&amp;p_error_code=&amp;p_submit_url=https%3A%2F%2Flogin-pre.sge%2Fsso%2Fauth&amp;p_cancel_url=https%3A%2F%2Fpreproduccion.sge&amp;ssousername=&amp;subscribername=</url>
</httpSample>
<httpSample t="32" lt="32" ts="1298632637351" s="false" lb="/gepa/ConexionAction.do;jsessionid=eb634fe5b58b0bcb96508261e275709f9c8e236e3e15aeb347f0741aac2dda55" rc="500" by="778">
  <responseHeader class="java.lang.String">HTTP/1.0 500 Internal Server Error
Date: Fri, 25 Feb 2011 11:17:17 GMT
Server: Oracle-Application-Server-10g/10.1.2.2.0 Oracle-HTTP-Server
Content-Type: text/html; charset=iso-8859-1
</responseHeader>
  <requestHeader class="java.lang.String">Content-Type: application/x-www-form-urlencoded
Accept-Language: es-ES
Accept: image/jpeg, application/x-ms-application, image/gif, application/xaml+xml, image/pjpeg, application/x-ms-xbap, application/vnd.ms-powerpoint, application/vnd.ms-excel, application/msword, */*
User-Agent: Mozilla/4.0 (compatible; MSIE 7.0; Windows NT 6.1; Trident/4.0; SLCC2; .NET CLR 2.0.50727; .NET CLR 3.5.30729; .NET CLR 3.0.30729; Media Center PC 6.0; MDDS; .NET4.0C)
Accept-Encoding: gzip, deflate
Referer: http://picasso:8888/gepa/ConexionAction.do?POSTDATA=variosPerfiles=true&amp;accion=iniciar&amp;codigoEntidad=DYS&amp;codigo=jcnegredo&amp;contrasenya=dysmatica&amp;rolSeleccionado=25
Pragma: no-cache
</requestHeader>
  <cookies class="java.lang.String"></cookies>
  <method class="java.lang.String">POST</method>
  <queryString class="java.lang.String">variosPerfiles=true&amp;accion=seleccionarPerfil&amp;codigoEntidad=DYS&amp;rolSeleccionado=25</queryString>
  <url>https://preproduccion.sge:443/gepa/ConexionAction.do;jsessionid=eb634fe5b58b0bcb96508261e275709f9c8e236e3e15aeb347f0741aac2dda55</url>
</httpSample>
<httpSample t="203" lt="0" ts="1298632637383" s="true" lb="/gepa/scripts/scriptaculous/scriptaculous.js" rc="200" by="5100">
  <responseHeader class="java.lang.String">HTTP/1.0 200 OK
Date: Fri, 25 Feb 2011 11:17:17 GMT
Server: Oracle-Application-Server-10g/10.1.2.2.0 Oracle-HTTP-Server
Content-Length: 5100
Set-Cookie: JSESSIONID=d053f4e5a5a082b7593e32a579e585f86240f87eedb856f6a37e414806645e9b.e3eSbhiLaNyPe3yNbNyQc3qSai1BqBjKpPXxqAa; path=/login
Content-Type: text/html; charset=ISO-8859-1
</responseHeader>
  <requestHeader class="java.lang.String">Accept-Language: es-ES
Accept: */*
User-Agent: Mozilla/4.0 (compatible; MSIE 7.0; Windows NT 6.1; Trident/4.0; SLCC2; .NET CLR 2.0.50727; .NET CLR 3.5.30729; .NET CLR 3.0.30729; Media Center PC 6.0; MDDS; .NET4.0C)
Accept-Encoding: gzip, deflate
Referer: http://picasso:8888/gepa/ConexionAction.do;jsessionid=eb634fe5b58b0bcb96508261e275709f9c8e236e3e15aeb347f0741aac2dda55
</requestHeader>
  <cookies class="java.lang.String"></cookies>
  <method class="java.lang.String">GET</method>
  <queryString class="java.lang.String"></queryString>
  <redirectLocation class="java.lang.String">https://login-pre.sge/pls/orasso/orasso.wwsso_app_admin.ls_login?Site2pstoreToken=v1.4~CEF0A91F~FF0CE5DD3C0F83DECFCF8A061BF5A4DC3F819334C528FCE07DA653B943887504F3873AEEE9C3F6639A34B71D421DC2548C7AE5B7237552523DECA1B3070402BEB600C8832AFE3D8C9068CA28AC0A11FB0FDB07130BCB9C5C7DAD368AAF1DE0F39AF0F7C4E1A450C969DE6B021F922439FBB890E7BEE08E04FFD4E2CF63F82E540A1DA02FF8CD14DA9ECD58086122DC197D1AF14A2346E8073E66469928827AA02F0C4DBA291DF88EC65FD6D6E8B14BCEF8D4E1B4C44F36C6E750D235D27B5EEB43767868AD68360388CB504067B7229467D27CB527AF13090FAB56181BC4B818D6AE9D043FC95A121ADF0028AD3FA8C5C8B2636760B98B3B7C6E549278CED59D60465F9462FAB7668D4EF0907804BADAC6D056E199A3F442</redirectLocation>
  <url>https://preproduccion.sge/login/login.jsp?site2pstoretoken=v1.4~CEF0A91F~FF0CE5DD3C0F83DECFCF8A061BF5A4DC3F819334C528FCE07DA653B943887504F3873AEEE9C3F6639A34B71D421DC2548C7AE5B7237552523DECA1B3070402BEB600C8832AFE3D8C9068CA28AC0A11FB0FDB07130BCB9C5C7DAD368AAF1DE0F39AF0F7C4E1A450C969DE6B021F922439FBB890E7BEE08E04FFD4E2CF63F82E540A1DA02FF8CD14DA9ECD58086122DC197D1AF14A2346E8073E66469928827AA02F0C4DBA291DF88EC65FD6D6E8B14BCEF8D4E1B4C44F36C6E750D235D27B5EEB43767868AD68360388CB504067B7229467D27CB527AF13090FAB56181BC4B818D6AE9D043FC95A121ADF0028AD3FA8C5C8B2636760B98B3B7C6E549278CED59D60465F9462FAB7668D4EF0907804BADAC6D056E199A3F442&amp;p_error_code=&amp;p_submit_url=https%3A%2F%2Flogin-pre.sge%2Fsso%2Fauth&amp;p_cancel_url=https%3A%2F%2Fpreproduccion.sge&amp;ssousername=&amp;subscribername=</url>
</httpSample>
<httpSample t="15" lt="15" ts="1298632637586" s="false" lb="/gepa/BusquedaAction.do" rc="500" by="778">
  <responseHeader class="java.lang.String">HTTP/1.0 500 Internal Server Error
Date: Fri, 25 Feb 2011 11:17:17 GMT
Server: Oracle-Application-Server-10g/10.1.2.2.0 Oracle-HTTP-Server
Content-Type: text/html; charset=iso-8859-1
</responseHeader>
  <requestHeader class="java.lang.String">Content-Type: application/x-www-form-urlencoded
Accept-Language: es-ES
Accept: image/jpeg, application/x-ms-application, image/gif, application/xaml+xml, image/pjpeg, application/x-ms-xbap, application/vnd.ms-powerpoint, application/vnd.ms-excel, application/msword, */*
User-Agent: Mozilla/4.0 (compatible; MSIE 7.0; Windows NT 6.1; Trident/4.0; SLCC2; .NET CLR 2.0.50727; .NET CLR 3.5.30729; .NET CLR 3.0.30729; Media Center PC 6.0; MDDS; .NET4.0C)
Accept-Encoding: gzip, deflate
Referer: http://picasso:8888/gepa/ConexionAction.do;jsessionid=eb634fe5b58b0bcb96508261e275709f9c8e236e3e15aeb347f0741aac2dda55
Pragma: no-cache
</requestHeader>
  <cookies class="java.lang.String"></cookies>
  <method class="java.lang.String">POST</method>
  <queryString class="java.lang.String">accion=buscar&amp;modo=rapida&amp;avanzadaDesplegada=false&amp;descElemPesado=&amp;identificacionRapida=&amp;nombreRapida=&amp;apellido1Rapida=&amp;apellido2Rapida=&amp;anyoRapida=&amp;numeroRapida=&amp;desdeRapida=&amp;hastaRapida=&amp;tramiteRapida=-1&amp;estadoRapida=-1&amp;idBusqueda=-1&amp;idClases=26&amp;metaTipo0=STRING&amp;metaTipo1=STRING&amp;metaTipo2=LISTA&amp;metaTipo3=STRING&amp;metaTipo4=LISTA_PESADA&amp;metaTipo5=STRING&amp;metaTipo6=LISTA&amp;metaTipo7=STRING&amp;metaTipo8=STRING&amp;metaTipo9=STRING&amp;metaTipo10=STRING&amp;metaTipo11=STRING&amp;metaTipo12=STRING&amp;metaTipo13=LISTA&amp;metaTipo14=STRING&amp;metaTipo15=TIMESTAMP&amp;metaTipo16=TIMESTAMP&amp;metaTipo17=TIMESTAMP&amp;metaTipo18=LISTA&amp;metaTipo19=LISTA_PESADA&amp;metaTipo20=STRING&amp;metaTipo21=STRING&amp;metaTipo22=STRING&amp;metaTipo23=STRING&amp;metaTipo24=STRING&amp;metaTipo25=LISTA_PESADA&amp;metaTipo26=LISTA&amp;metaTipo27=STRING&amp;metaTipo28=LISTA&amp;metaTipo29=STRING&amp;metaTipo30=STRING&amp;metaTipo31=INTEGER&amp;metaTipo32=STRING&amp;metaTipo33=STRING&amp;metaTipo34=STRING&amp;metaTipo35=LISTA&amp;metaTipo36=LISTA&amp;metaTipo37=LISTA&amp;metaTipo38=STRING&amp;metaTipo39=SEPARADOR&amp;metaTipo40=BOOLEAN&amp;metaTipo41=STRING&amp;metaTipo42=STRING&amp;metaTipo43=STRING&amp;metaTipo44=LISTA&amp;metaTipo45=BOOLEAN&amp;metaTipo46=BOOLEAN&amp;metaTipo47=BOOLEAN&amp;metaTipo48=STRING&amp;metaTipo49=TIMESTAMP&amp;metaTipo50=TIMESTAMP&amp;metaTipo51=TIMESTAMP&amp;metaTipo52=TIMESTAMP&amp;metaTipo53=TIMESTAMP&amp;metaTipo54=TIMESTAMP&amp;metaTipo55=TIMESTAMP&amp;metaTipo56=TIMESTAMP&amp;metaTipo57=TIMESTAMP&amp;metaTipo58=TIMESTAMP&amp;metaTipo59=TIMESTAMP&amp;metaTipo60=TIMESTAMP&amp;metaTipo61=TIMESTAMP&amp;metaTipo62=TIMESTAMP&amp;metaTipo63=TIMESTAMP&amp;metaTipo64=LISTA&amp;metaTipo65=LISTA&amp;metaTipo66=LISTA&amp;metaTipo67=DOUBLE&amp;metaTipo68=DOUBLE&amp;metaTipo69=DOUBLE&amp;metaTipo70=DOUBLE&amp;metaTipo71=DOUBLE&amp;metaTipo72=DOUBLE&amp;metaTipo73=DOUBLE&amp;metaTipo74=BOOLEAN&amp;metaTipo75=LISTA&amp;metaTipo76=STRING&amp;metaTipo77=STRING&amp;metaTipo78=STRING&amp;metaTipo79=STRING&amp;metaTipo80=STRING&amp;metaTipo81=STRING&amp;metaTipo82=STRING&amp;metaTipo83=BOOLEAN&amp;metaTipo84=BOOLEAN&amp;metaTipo85=STRING&amp;metaTipo86=LISTA&amp;metaTipo87=LISTA&amp;metaTipo88=LISTA_PESADA&amp;metaTipo89=LISTA&amp;metaTipo90=LISTA&amp;metaTipo91=STRING&amp;metaTipo92=LISTA&amp;metaTipo93=STRING&amp;metaTipo94=STRING&amp;metaTipo95=LISTA&amp;metaTipo96=LISTA&amp;metaTipo97=LISTA&amp;metaTipo98=BOOLEAN&amp;metaTipo99=LISTA&amp;metaTipo100=BOOLEAN&amp;metaTipo101=LISTA&amp;metaTipo102=LISTA&amp;metaTipo103=BOOLEAN&amp;metaTipo104=BOOLEAN&amp;metaTipo105=LISTA&amp;metaTipo106=LISTA&amp;metaTipo107=LISTA&amp;metaTipo108=LISTA&amp;metaTipo109=LISTA&amp;metaTipo110=STRING&amp;metaTipo111=LISTA&amp;valor=&amp;valorPesado=&amp;lista37=-1&amp;lista36=-1&amp;lista35=-1&amp;lista99=-1&amp;lista109=-1&amp;lista66=-1&amp;lista98=-1&amp;lista108=-1&amp;lista65=-1&amp;lista97=-1&amp;lista107=-1&amp;lista64=-1&amp;lista96=-1&amp;lista106=-1&amp;lista95=-1&amp;lista105=-1&amp;lista104=-1&amp;lista92=-1&amp;lista103=-1&amp;lista102=-1&amp;lista90=-1&amp;lista101=-1&amp;lista100=-1&amp;lista28=-1&amp;lista26=-1&amp;lista89=-1&amp;lista87=-1&amp;lista86=-1&amp;lista6=-1&amp;lista84=-1&amp;lista83=-1&amp;lista2=-1&amp;lista18=-1&amp;lista47=-1&amp;lista46=-1&amp;lista13=-1&amp;lista45=-1&amp;lista44=-1&amp;lista75=-1&amp;lista74=-1&amp;lista40=-1&amp;lista111=-1</queryString>
  <url>https://preproduccion.sge:443/gepa/BusquedaAction.do</url>
</httpSample>
<httpSample t="188" lt="0" ts="1298632637601" s="true" lb="/gepa/scripts/scriptaculous/scriptaculous.js" rc="200" by="5100">
  <responseHeader class="java.lang.String">HTTP/1.0 200 OK
Date: Fri, 25 Feb 2011 11:17:17 GMT
Server: Oracle-Application-Server-10g/10.1.2.2.0 Oracle-HTTP-Server
Content-Length: 5100
Set-Cookie: JSESSIONID=348477c5f08d09d151f41775f6d022a3eb5e4e24809925a5f5c43bd5f0973200.e38Ob3aOaheRe34Mb3qSax0Pahz0nR9Pq6XteP93; path=/login
Content-Type: text/html; charset=ISO-8859-1
</responseHeader>
  <requestHeader class="java.lang.String">Accept-Language: es-ES
Accept: */*
User-Agent: Mozilla/4.0 (compatible; MSIE 7.0; Windows NT 6.1; Trident/4.0; SLCC2; .NET CLR 2.0.50727; .NET CLR 3.5.30729; .NET CLR 3.0.30729; Media Center PC 6.0; MDDS; .NET4.0C)
Accept-Encoding: gzip, deflate
Referer: http://picasso:8888/gepa/BusquedaAction.do
</requestHeader>
  <cookies class="java.lang.String"></cookies>
  <method class="java.lang.String">GET</method>
  <queryString class="java.lang.String"></queryString>
  <redirectLocation class="java.lang.String">https://login-pre.sge/pls/orasso/orasso.wwsso_app_admin.ls_login?Site2pstoreToken=v1.4~CEF0A91F~FF0CE5DD3C0F83DECFCF8A061BF5A4DC3F819334C528FCE07DA653B943887504F3873AEEE9C3F6639A34B71D421DC2548C7AE5B7237552523DECA1B3070402BEB600C8832AFE3D8C9068CA28AC0A11FB0FDB07130BCB9C5C7DAD368AAF1DE0F39AF0F7C4E1A450C969DE6B021F922439FBB890E7BEE08E04FFD4E2CF63F82E540A1DA02FF8CD14DA9ECD58086122DC197D1AF14A2346E8073E66469928827AA02F0C4DBA291DF88EC65FD6D6E8B14BCEF8D4E1B4C44F36C6E750D235D27B5EEB43767868AD68360388CB504067B7229467D27CB527AF13090FAB56181BC4B818D6AE9D043FC95A121ADF0028AD3FA8C5C8B2636760B98B3B7C6E549278CED59D60465F9462FAB7668D4EF0907804BADAC6D056E199A3F442</redirectLocation>
  <url>https://preproduccion.sge/login/login.jsp?site2pstoretoken=v1.4~CEF0A91F~FF0CE5DD3C0F83DECFCF8A061BF5A4DC3F819334C528FCE07DA653B943887504F3873AEEE9C3F6639A34B71D421DC2548C7AE5B7237552523DECA1B3070402BEB600C8832AFE3D8C9068CA28AC0A11FB0FDB07130BCB9C5C7DAD368AAF1DE0F39AF0F7C4E1A450C969DE6B021F922439FBB890E7BEE08E04FFD4E2CF63F82E540A1DA02FF8CD14DA9ECD58086122DC197D1AF14A2346E8073E66469928827AA02F0C4DBA291DF88EC65FD6D6E8B14BCEF8D4E1B4C44F36C6E750D235D27B5EEB43767868AD68360388CB504067B7229467D27CB527AF13090FAB56181BC4B818D6AE9D043FC95A121ADF0028AD3FA8C5C8B2636760B98B3B7C6E549278CED59D60465F9462FAB7668D4EF0907804BADAC6D056E199A3F442&amp;p_error_code=&amp;p_submit_url=https%3A%2F%2Flogin-pre.sge%2Fsso%2Fauth&amp;p_cancel_url=https%3A%2F%2Fpreproduccion.sge&amp;ssousername=&amp;subscribername=</url>
</httpSample>
<httpSample t="187" lt="0" ts="1298632637789" s="true" lb="/gepa/ResultadoBusquedaAction.do" rc="200" by="5004">
  <responseHeader class="java.lang.String">HTTP/1.0 200 OK
Date: Fri, 25 Feb 2011 11:17:17 GMT
Server: Oracle-Application-Server-10g/10.1.2.2.0 Oracle-HTTP-Server
Content-Length: 5004
Set-Cookie: JSESSIONID=c6b8c4e734a9bde4264d5bb148a4518ad1625bc9891389ed19faf1902d9a68ea.e3eSbhiLaNyPe3yNbNyQc3qSai1BqBjKpPXxqAa; path=/login
Content-Type: text/html; charset=ISO-8859-1
</responseHeader>
  <requestHeader class="java.lang.String">Accept-Language: es-ES
Accept: image/jpeg, application/x-ms-application, image/gif, application/xaml+xml, image/pjpeg, application/x-ms-xbap, application/vnd.ms-powerpoint, application/vnd.ms-excel, application/msword, */*
User-Agent: Mozilla/4.0 (compatible; MSIE 7.0; Windows NT 6.1; Trident/4.0; SLCC2; .NET CLR 2.0.50727; .NET CLR 3.5.30729; .NET CLR 3.0.30729; Media Center PC 6.0; MDDS; .NET4.0C)
Accept-Encoding: gzip, deflate
Referer: http://picasso:8888/gepa/BusquedaAction.do
</requestHeader>
  <cookies class="java.lang.String"></cookies>
  <method class="java.lang.String">GET</method>
  <queryString class="java.lang.String"></queryString>
  <redirectLocation class="java.lang.String">https://login-pre.sge/pls/orasso/orasso.wwsso_app_admin.ls_login?Site2pstoreToken=v1.4~CEF0A91F~FF0CE5DD3C0F83DECFCF8A061BF5A4DC3F819334C528FCE07DA653B943887504F3873AEEE9C3F6639A34B71D421DC2548C7AE5B7237552523DECA1B3070402BEB600C8832AFE3D8C9068CA28AC0A11FB0FDB07130BCB9C5C7DAD368AAF1DE0F327A82BB083028D08F143B656DCD13A0C24A4FAF18C3818D18E6DB6327E4E0529E952208556AFA333463937ACA6F4AD5744D0E26C88C81D7A074C4FC6BED45FCE72855788403921F6142E46B383CB9463C8660C4E1AA515C95B9DE286A774C68FCADA2A04DE68997C2A11834EAA4D4530A7A35F10006E59DF3F156A34463CB6509BFBA8E905F2147BDEB9B6245EC6DB2CF4270718EA55C07C0E120FAC0DD62836</redirectLocation>
  <url>https://preproduccion.sge/login/login.jsp?site2pstoretoken=v1.4~CEF0A91F~FF0CE5DD3C0F83DECFCF8A061BF5A4DC3F819334C528FCE07DA653B943887504F3873AEEE9C3F6639A34B71D421DC2548C7AE5B7237552523DECA1B3070402BEB600C8832AFE3D8C9068CA28AC0A11FB0FDB07130BCB9C5C7DAD368AAF1DE0F327A82BB083028D08F143B656DCD13A0C24A4FAF18C3818D18E6DB6327E4E0529E952208556AFA333463937ACA6F4AD5744D0E26C88C81D7A074C4FC6BED45FCE72855788403921F6142E46B383CB9463C8660C4E1AA515C95B9DE286A774C68FCADA2A04DE68997C2A11834EAA4D4530A7A35F10006E59DF3F156A34463CB6509BFBA8E905F2147BDEB9B6245EC6DB2CF4270718EA55C07C0E120FAC0DD62836&amp;p_error_code=&amp;p_submit_url=https%3A%2F%2Flogin-pre.sge%2Fsso%2Fauth&amp;p_cancel_url=https%3A%2F%2Fpreproduccion.sge&amp;ssousername=&amp;subscribername=</url>
</httpSample>
<httpSample t="204" lt="0" ts="1298632637976" s="true" lb="/gepa/scripts/scriptaculous/scriptaculous.js" rc="200" by="5100">
  <responseHeader class="java.lang.String">HTTP/1.0 200 OK
Date: Fri, 25 Feb 2011 11:17:18 GMT
Server: Oracle-Application-Server-10g/10.1.2.2.0 Oracle-HTTP-Server
Content-Length: 5100
Set-Cookie: JSESSIONID=5b4ad2251f0207723025ad0b429db78d0fed2d7391d34fe76c1329e4d9d0e874.e38Ob3aOaheRe34Mb3qSax0Pahz0nR9Pq6XteP93; path=/login
Content-Type: text/html; charset=ISO-8859-1
</responseHeader>
  <requestHeader class="java.lang.String">Accept-Language: es-ES
Accept: */*
User-Agent: Mozilla/4.0 (compatible; MSIE 7.0; Windows NT 6.1; Trident/4.0; SLCC2; .NET CLR 2.0.50727; .NET CLR 3.5.30729; .NET CLR 3.0.30729; Media Center PC 6.0; MDDS; .NET4.0C)
Accept-Encoding: gzip, deflate
Referer: http://picasso:8888/gepa/ResultadoBusquedaAction.do?accion=gestionExp&amp;indice=0
</requestHeader>
  <cookies class="java.lang.String"></cookies>
  <method class="java.lang.String">GET</method>
  <queryString class="java.lang.String"></queryString>
  <redirectLocation class="java.lang.String">https://login-pre.sge/pls/orasso/orasso.wwsso_app_admin.ls_login?Site2pstoreToken=v1.4~CEF0A91F~FF0CE5DD3C0F83DECFCF8A061BF5A4DC3F819334C528FCE07DA653B943887504F3873AEEE9C3F6639A34B71D421DC2548C7AE5B7237552523DECA1B3070402BEB600C8832AFE3D8C9068CA28AC0A11FB0FDB07130BCB9C5C7DAD368AAF1DE0F39AF0F7C4E1A450C969DE6B021F922439FBB890E7BEE08E04FFD4E2CF63F82E540A1DA02FF8CD14DA9ECD58086122DC197D1AF14A2346E8073E66469928827AA02F0C4DBA291DF88EC65FD6D6E8B14BCEF8D4E1B4C44F36C6E750D235D27B5EEB43767868AD68360388CB504067B7229467D27CB527AF13090FAB56181BC4B818D6AE9D043FC95A121ADF0028AD3FA8C5C8B2636760B98B3B7C6E549278CED59D60465F9462FAB7668D4EF0907804BADAC6D056E199A3F442</redirectLocation>
  <url>https://preproduccion.sge/login/login.jsp?site2pstoretoken=v1.4~CEF0A91F~FF0CE5DD3C0F83DECFCF8A061BF5A4DC3F819334C528FCE07DA653B943887504F3873AEEE9C3F6639A34B71D421DC2548C7AE5B7237552523DECA1B3070402BEB600C8832AFE3D8C9068CA28AC0A11FB0FDB07130BCB9C5C7DAD368AAF1DE0F39AF0F7C4E1A450C969DE6B021F922439FBB890E7BEE08E04FFD4E2CF63F82E540A1DA02FF8CD14DA9ECD58086122DC197D1AF14A2346E8073E66469928827AA02F0C4DBA291DF88EC65FD6D6E8B14BCEF8D4E1B4C44F36C6E750D235D27B5EEB43767868AD68360388CB504067B7229467D27CB527AF13090FAB56181BC4B818D6AE9D043FC95A121ADF0028AD3FA8C5C8B2636760B98B3B7C6E549278CED59D60465F9462FAB7668D4EF0907804BADAC6D056E199A3F442&amp;p_error_code=&amp;p_submit_url=https%3A%2F%2Flogin-pre.sge%2Fsso%2Fauth&amp;p_cancel_url=https%3A%2F%2Fpreproduccion.sge&amp;ssousername=&amp;subscribername=</url>
</httpSample>
<httpSample t="172" lt="0" ts="1298632638195" s="true" lb="/gepa/ConexionAction.do" rc="200" by="5388">
  <responseHeader class="java.lang.String">HTTP/1.0 200 OK
Date: Fri, 25 Feb 2011 11:17:18 GMT
Server: Oracle-Application-Server-10g/10.1.2.2.0 Oracle-HTTP-Server
Content-Length: 5388
Set-Cookie: JSESSIONID=acf59ef9ead98092a66f00c46f3c51d51310ae0fc44df1cc39d4d1ce7b38028c.e3eSbhiLaNyPe3yNbNyQc3qSai1BqBjKpPXxqAa; path=/login
Content-Type: text/html; charset=ISO-8859-1
</responseHeader>
  <requestHeader class="java.lang.String">Accept-Language: es
Accept: */*
User-Agent: Mozilla/4.0 (compatible; MSIE 7.0; Windows NT 6.1; Trident/4.0; SLCC2; .NET CLR 2.0.50727; .NET CLR 3.5.30729; .NET CLR 3.0.30729; Media Center PC 6.0; MDDS; .NET4.0C)
Accept-Encoding: gzip, deflate
</requestHeader>
  <cookies class="java.lang.String"></cookies>
  <method class="java.lang.String">GET</method>
  <queryString class="java.lang.String"></queryString>
  <redirectLocation class="java.lang.String">https://login-pre.sge/pls/orasso/orasso.wwsso_app_admin.ls_login?Site2pstoreToken=v1.4~CEF0A91F~FC791E24EEC32B7B437C7A210821B952C80FBAEDDD505D073EA1BA6EC5CBDE36B825EB8F9836D223A64FE7F137CFE4BA27AD955BF1A9C186336EE76205637F04B8E6D6A6D7AF105AC4F28F0D396FA4F798904FB53B865AA2B29E92DE936072F0B2AB938A50AB736E5374753CFF5D74B2D99E36C1E857E1955E232A22374D5023EE31C96C45A1D514D87DE72308BB7C430CDEC132FEFF34493A4D9F061ECF0BE2965998BB3800F1C3DA61A9EB8AB3CC787BE65EC1B80F70F7F6E0B00E8564526E67D01061341D233C894297431A862BF7595880CBE80DA6B0E19D63A6FFADED76DABC1C6CEBAD623A9413C95AFDFB92A31155A74F52AD8E54C2512B999832718C78BB8A310A1FF74509678853605795E08C0A127F72CDE2F358FCC095A2FB4CC3515C2E78A2EAADA897D10F7835843363816B631EFFE6FE45DA333058AC994E1C0FB4A2AF5970AB2A178ABD5D354B5262B6EF90F9E703468B9BD24F34CA8F3130</redirectLocation>
  <url>https://preproduccion.sge/login/login.jsp?site2pstoretoken=v1.4~CEF0A91F~FC791E24EEC32B7B437C7A210821B952C80FBAEDDD505D073EA1BA6EC5CBDE36B825EB8F9836D223A64FE7F137CFE4BA27AD955BF1A9C186336EE76205637F04B8E6D6A6D7AF105AC4F28F0D396FA4F798904FB53B865AA2B29E92DE936072F0B2AB938A50AB736E5374753CFF5D74B2D99E36C1E857E1955E232A22374D5023EE31C96C45A1D514D87DE72308BB7C430CDEC132FEFF34493A4D9F061ECF0BE2965998BB3800F1C3DA61A9EB8AB3CC787BE65EC1B80F70F7F6E0B00E8564526E67D01061341D233C894297431A862BF7595880CBE80DA6B0E19D63A6FFADED76DABC1C6CEBAD623A9413C95AFDFB92A31155A74F52AD8E54C2512B999832718C78BB8A310A1FF74509678853605795E08C0A127F72CDE2F358FCC095A2FB4CC3515C2E78A2EAADA897D10F7835843363816B631EFFE6FE45DA333058AC994E1C0FB4A2AF5970AB2A178ABD5D354B5262B6EF90F9E703468B9BD24F34CA8F3130&amp;p_error_code=&amp;p_submit_url=https%3A%2F%2Flogin-pre.sge%2Fsso%2Fauth&amp;p_cancel_url=https%3A%2F%2Fpreproduccion.sge&amp;ssousername=&amp;subscribername=</url>
</httpSample>
<httpSample t="172" lt="0" ts="1298632638367" s="true" lb="/gepa/scripts/scriptaculous/scriptaculous.js" rc="200" by="5068">
  <responseHeader class="java.lang.String">HTTP/1.0 200 OK
Date: Fri, 25 Feb 2011 11:17:18 GMT
Server: Oracle-Application-Server-10g/10.1.2.2.0 Oracle-HTTP-Server
Content-Length: 5068
Set-Cookie: JSESSIONID=9491f10004476aa3ee3807f3a13e77023ceddeaa8e4e1524821e3936dfa38b9f.e38Ob3aOaheRe34Mb3qSax0Pahz0nR9Pq6XteP93; path=/login
Content-Type: text/html; charset=ISO-8859-1
</responseHeader>
  <requestHeader class="java.lang.String">Accept-Language: es-ES
Accept: */*
User-Agent: Mozilla/4.0 (compatible; MSIE 7.0; Windows NT 6.1; Trident/4.0; SLCC2; .NET CLR 2.0.50727; .NET CLR 3.5.30729; .NET CLR 3.0.30729; Media Center PC 6.0; MDDS; .NET4.0C)
Accept-Encoding: gzip, deflate
Referer: http://picasso:8888/gepa/ConexionAction.do?POSTDATA=variosPerfiles=true&amp;accion=iniciar&amp;codigoEntidad=DYS&amp;codigo=jcnegredo&amp;contrasenya=dysmatica&amp;rolSeleccionado=25
</requestHeader>
  <cookies class="java.lang.String"></cookies>
  <method class="java.lang.String">GET</method>
  <queryString class="java.lang.String"></queryString>
  <redirectLocation class="java.lang.String">https://login-pre.sge/pls/orasso/orasso.wwsso_app_admin.ls_login?Site2pstoreToken=v1.4~CEF0A91F~FC791E24EEC32B7B437C7A210821B952C80FBAEDDD505D073EA1BA6EC5CBDE36B825EB8F9836D223A64FE7F137CFE4BA27AD955BF1A9C186336EE76205637F04B8E6D6A6D7AF105AC4F28F0D396FA4F798904FB53B865AA2B29E92DE936072F0316B7BCBFBC04A0C1443086A10FA0F26942AFDF5478F066E3A7E662D76D929A133824EC0AECA48E1442B311BBB9229ECD3E93E1FD394CCC43E6BC7284DEEA71E50894811D5481E088A8169ACECEF3C0CA1260B023E8326487ACEB22ECF61B32B05D3AA883C026403A2F02DF6AA40D47C66E5A384E8E0A785DFEC0309D590C1739BB004DED1EC5EBEB04D2E453902CA28C09D7CF5602376BE7BD3ADABE8DC9E8C51890DF5CDA2CBCAB4B5EDA040D401BD</redirectLocation>
  <url>https://preproduccion.sge/login/login.jsp?site2pstoretoken=v1.4~CEF0A91F~FC791E24EEC32B7B437C7A210821B952C80FBAEDDD505D073EA1BA6EC5CBDE36B825EB8F9836D223A64FE7F137CFE4BA27AD955BF1A9C186336EE76205637F04B8E6D6A6D7AF105AC4F28F0D396FA4F798904FB53B865AA2B29E92DE936072F0316B7BCBFBC04A0C1443086A10FA0F26942AFDF5478F066E3A7E662D76D929A133824EC0AECA48E1442B311BBB9229ECD3E93E1FD394CCC43E6BC7284DEEA71E50894811D5481E088A8169ACECEF3C0CA1260B023E8326487ACEB22ECF61B32B05D3AA883C026403A2F02DF6AA40D47C66E5A384E8E0A785DFEC0309D590C1739BB004DED1EC5EBEB04D2E453902CA28C09D7CF5602376BE7BD3ADABE8DC9E8C51890DF5CDA2CBCAB4B5EDA040D401BD&amp;p_error_code=&amp;p_submit_url=https%3A%2F%2Flogin-pre.sge%2Fsso%2Fauth&amp;p_cancel_url=https%3A%2F%2Fpreproduccion.sge&amp;ssousername=&amp;subscribername=</url>
</httpSample>
<httpSample t="16" lt="16" ts="1298632638539" s="false" lb="/gepa/ConexionAction.do;jsessionid=eb634fe5b58b0bcb96508261e275709f9c8e236e3e15aeb347f0741aac2dda55" rc="500" by="778">
  <responseHeader class="java.lang.String">HTTP/1.0 500 Internal Server Error
Date: Fri, 25 Feb 2011 11:17:18 GMT
Server: Oracle-Application-Server-10g/10.1.2.2.0 Oracle-HTTP-Server
Content-Type: text/html; charset=iso-8859-1
</responseHeader>
  <requestHeader class="java.lang.String">Content-Type: application/x-www-form-urlencoded
Accept-Language: es-ES
Accept: image/jpeg, application/x-ms-application, image/gif, application/xaml+xml, image/pjpeg, application/x-ms-xbap, application/vnd.ms-powerpoint, application/vnd.ms-excel, application/msword, */*
User-Agent: Mozilla/4.0 (compatible; MSIE 7.0; Windows NT 6.1; Trident/4.0; SLCC2; .NET CLR 2.0.50727; .NET CLR 3.5.30729; .NET CLR 3.0.30729; Media Center PC 6.0; MDDS; .NET4.0C)
Accept-Encoding: gzip, deflate
Referer: http://picasso:8888/gepa/ConexionAction.do?POSTDATA=variosPerfiles=true&amp;accion=iniciar&amp;codigoEntidad=DYS&amp;codigo=jcnegredo&amp;contrasenya=dysmatica&amp;rolSeleccionado=25
Pragma: no-cache
</requestHeader>
  <cookies class="java.lang.String"></cookies>
  <method class="java.lang.String">POST</method>
  <queryString class="java.lang.String">variosPerfiles=true&amp;accion=seleccionarPerfil&amp;codigoEntidad=DYS&amp;rolSeleccionado=25</queryString>
  <url>https://preproduccion.sge:443/gepa/ConexionAction.do;jsessionid=eb634fe5b58b0bcb96508261e275709f9c8e236e3e15aeb347f0741aac2dda55</url>
</httpSample>
<httpSample t="187" lt="0" ts="1298632638555" s="true" lb="/gepa/scripts/scriptaculous/scriptaculous.js" rc="200" by="5068">
  <responseHeader class="java.lang.String">HTTP/1.0 200 OK
Date: Fri, 25 Feb 2011 11:17:18 GMT
Server: Oracle-Application-Server-10g/10.1.2.2.0 Oracle-HTTP-Server
Content-Length: 5068
Set-Cookie: JSESSIONID=0ae4036e8f71c5ed48ec68acb25a0e2cc8710269b414f408113f9a2df57f3ff0.e38Ob3aOaheRe34Mb3qSax0Pahz0nR9Pq6XteP93; path=/login
Content-Type: text/html; charset=ISO-8859-1
</responseHeader>
  <requestHeader class="java.lang.String">Accept-Language: es-ES
Accept: */*
User-Agent: Mozilla/4.0 (compatible; MSIE 7.0; Windows NT 6.1; Trident/4.0; SLCC2; .NET CLR 2.0.50727; .NET CLR 3.5.30729; .NET CLR 3.0.30729; Media Center PC 6.0; MDDS; .NET4.0C)
Accept-Encoding: gzip, deflate
Referer: http://picasso:8888/gepa/ConexionAction.do;jsessionid=eb634fe5b58b0bcb96508261e275709f9c8e236e3e15aeb347f0741aac2dda55
</requestHeader>
  <cookies class="java.lang.String"></cookies>
  <method class="java.lang.String">GET</method>
  <queryString class="java.lang.String"></queryString>
  <redirectLocation class="java.lang.String">https://login-pre.sge/pls/orasso/orasso.wwsso_app_admin.ls_login?Site2pstoreToken=v1.4~CEF0A91F~FC791E24EEC32B7B437C7A210821B952C80FBAEDDD505D073EA1BA6EC5CBDE36B825EB8F9836D223A64FE7F137CFE4BA27AD955BF1A9C186336EE76205637F04B8E6D6A6D7AF105AC4F28F0D396FA4F798904FB53B865AA2B29E92DE936072F0316B7BCBFBC04A0C1443086A10FA0F26942AFDF5478F066E3A7E662D76D929A133824EC0AECA48E1442B311BBB9229ECD3E93E1FD394CCC43E6BC7284DEEA71E50894811D5481E088A8169ACECEF3C0CA1260B023E8326487ACEB22ECF61B32B05D3AA883C026403A2F02DF6AA40D47C66E5A384E8E0A785DFEC0309D590C1739BB004DED1EC5EBEB04D2E453902CA28C09D7CF5602376BE7BD3ADABE8DC9E8C51890DF5CDA2CBCAB4B5EDA040D401BD</redirectLocation>
  <url>https://preproduccion.sge/login/login.jsp?site2pstoretoken=v1.4~CEF0A91F~FC791E24EEC32B7B437C7A210821B952C80FBAEDDD505D073EA1BA6EC5CBDE36B825EB8F9836D223A64FE7F137CFE4BA27AD955BF1A9C186336EE76205637F04B8E6D6A6D7AF105AC4F28F0D396FA4F798904FB53B865AA2B29E92DE936072F0316B7BCBFBC04A0C1443086A10FA0F26942AFDF5478F066E3A7E662D76D929A133824EC0AECA48E1442B311BBB9229ECD3E93E1FD394CCC43E6BC7284DEEA71E50894811D5481E088A8169ACECEF3C0CA1260B023E8326487ACEB22ECF61B32B05D3AA883C026403A2F02DF6AA40D47C66E5A384E8E0A785DFEC0309D590C1739BB004DED1EC5EBEB04D2E453902CA28C09D7CF5602376BE7BD3ADABE8DC9E8C51890DF5CDA2CBCAB4B5EDA040D401BD&amp;p_error_code=&amp;p_submit_url=https%3A%2F%2Flogin-pre.sge%2Fsso%2Fauth&amp;p_cancel_url=https%3A%2F%2Fpreproduccion.sge&amp;ssousername=&amp;subscribername=</url>
</httpSample>
<httpSample t="16" lt="16" ts="1298632638742" s="false" lb="/gepa/BusquedaAction.do" rc="500" by="778">
  <responseHeader class="java.lang.String">HTTP/1.0 500 Internal Server Error
Date: Fri, 25 Feb 2011 11:17:18 GMT
Server: Oracle-Application-Server-10g/10.1.2.2.0 Oracle-HTTP-Server
Content-Type: text/html; charset=iso-8859-1
</responseHeader>
  <requestHeader class="java.lang.String">Content-Type: application/x-www-form-urlencoded
Accept-Language: es-ES
Accept: image/jpeg, application/x-ms-application, image/gif, application/xaml+xml, image/pjpeg, application/x-ms-xbap, application/vnd.ms-powerpoint, application/vnd.ms-excel, application/msword, */*
User-Agent: Mozilla/4.0 (compatible; MSIE 7.0; Windows NT 6.1; Trident/4.0; SLCC2; .NET CLR 2.0.50727; .NET CLR 3.5.30729; .NET CLR 3.0.30729; Media Center PC 6.0; MDDS; .NET4.0C)
Accept-Encoding: gzip, deflate
Referer: http://picasso:8888/gepa/ConexionAction.do;jsessionid=eb634fe5b58b0bcb96508261e275709f9c8e236e3e15aeb347f0741aac2dda55
Pragma: no-cache
</requestHeader>
  <cookies class="java.lang.String"></cookies>
  <method class="java.lang.String">POST</method>
  <queryString class="java.lang.String">accion=buscar&amp;modo=rapida&amp;avanzadaDesplegada=false&amp;descElemPesado=&amp;identificacionRapida=&amp;nombreRapida=&amp;apellido1Rapida=&amp;apellido2Rapida=&amp;anyoRapida=&amp;numeroRapida=&amp;desdeRapida=&amp;hastaRapida=&amp;tramiteRapida=-1&amp;estadoRapida=-1&amp;idBusqueda=-1&amp;idClases=26&amp;metaTipo0=STRING&amp;metaTipo1=STRING&amp;metaTipo2=LISTA&amp;metaTipo3=STRING&amp;metaTipo4=LISTA_PESADA&amp;metaTipo5=STRING&amp;metaTipo6=LISTA&amp;metaTipo7=STRING&amp;metaTipo8=STRING&amp;metaTipo9=STRING&amp;metaTipo10=STRING&amp;metaTipo11=STRING&amp;metaTipo12=STRING&amp;metaTipo13=LISTA&amp;metaTipo14=STRING&amp;metaTipo15=TIMESTAMP&amp;metaTipo16=TIMESTAMP&amp;metaTipo17=TIMESTAMP&amp;metaTipo18=LISTA&amp;metaTipo19=LISTA_PESADA&amp;metaTipo20=STRING&amp;metaTipo21=STRING&amp;metaTipo22=STRING&amp;metaTipo23=STRING&amp;metaTipo24=STRING&amp;metaTipo25=LISTA_PESADA&amp;metaTipo26=LISTA&amp;metaTipo27=STRING&amp;metaTipo28=LISTA&amp;metaTipo29=STRING&amp;metaTipo30=STRING&amp;metaTipo31=INTEGER&amp;metaTipo32=STRING&amp;metaTipo33=STRING&amp;metaTipo34=STRING&amp;metaTipo35=LISTA&amp;metaTipo36=LISTA&amp;metaTipo37=LISTA&amp;metaTipo38=STRING&amp;metaTipo39=SEPARADOR&amp;metaTipo40=BOOLEAN&amp;metaTipo41=STRING&amp;metaTipo42=STRING&amp;metaTipo43=STRING&amp;metaTipo44=LISTA&amp;metaTipo45=BOOLEAN&amp;metaTipo46=BOOLEAN&amp;metaTipo47=BOOLEAN&amp;metaTipo48=STRING&amp;metaTipo49=TIMESTAMP&amp;metaTipo50=TIMESTAMP&amp;metaTipo51=TIMESTAMP&amp;metaTipo52=TIMESTAMP&amp;metaTipo53=TIMESTAMP&amp;metaTipo54=TIMESTAMP&amp;metaTipo55=TIMESTAMP&amp;metaTipo56=TIMESTAMP&amp;metaTipo57=TIMESTAMP&amp;metaTipo58=TIMESTAMP&amp;metaTipo59=TIMESTAMP&amp;metaTipo60=TIMESTAMP&amp;metaTipo61=TIMESTAMP&amp;metaTipo62=TIMESTAMP&amp;metaTipo63=TIMESTAMP&amp;metaTipo64=LISTA&amp;metaTipo65=LISTA&amp;metaTipo66=LISTA&amp;metaTipo67=DOUBLE&amp;metaTipo68=DOUBLE&amp;metaTipo69=DOUBLE&amp;metaTipo70=DOUBLE&amp;metaTipo71=DOUBLE&amp;metaTipo72=DOUBLE&amp;metaTipo73=DOUBLE&amp;metaTipo74=BOOLEAN&amp;metaTipo75=LISTA&amp;metaTipo76=STRING&amp;metaTipo77=STRING&amp;metaTipo78=STRING&amp;metaTipo79=STRING&amp;metaTipo80=STRING&amp;metaTipo81=STRING&amp;metaTipo82=STRING&amp;metaTipo83=BOOLEAN&amp;metaTipo84=BOOLEAN&amp;metaTipo85=STRING&amp;metaTipo86=LISTA&amp;metaTipo87=LISTA&amp;metaTipo88=LISTA_PESADA&amp;metaTipo89=LISTA&amp;metaTipo90=LISTA&amp;metaTipo91=STRING&amp;metaTipo92=LISTA&amp;metaTipo93=STRING&amp;metaTipo94=STRING&amp;metaTipo95=LISTA&amp;metaTipo96=LISTA&amp;metaTipo97=LISTA&amp;metaTipo98=BOOLEAN&amp;metaTipo99=LISTA&amp;metaTipo100=BOOLEAN&amp;metaTipo101=LISTA&amp;metaTipo102=LISTA&amp;metaTipo103=BOOLEAN&amp;metaTipo104=BOOLEAN&amp;metaTipo105=LISTA&amp;metaTipo106=LISTA&amp;metaTipo107=LISTA&amp;metaTipo108=LISTA&amp;metaTipo109=LISTA&amp;metaTipo110=STRING&amp;metaTipo111=LISTA&amp;valor=&amp;valorPesado=&amp;lista37=-1&amp;lista36=-1&amp;lista35=-1&amp;lista99=-1&amp;lista109=-1&amp;lista66=-1&amp;lista98=-1&amp;lista108=-1&amp;lista65=-1&amp;lista97=-1&amp;lista107=-1&amp;lista64=-1&amp;lista96=-1&amp;lista106=-1&amp;lista95=-1&amp;lista105=-1&amp;lista104=-1&amp;lista92=-1&amp;lista103=-1&amp;lista102=-1&amp;lista90=-1&amp;lista101=-1&amp;lista100=-1&amp;lista28=-1&amp;lista26=-1&amp;lista89=-1&amp;lista87=-1&amp;lista86=-1&amp;lista6=-1&amp;lista84=-1&amp;lista83=-1&amp;lista2=-1&amp;lista18=-1&amp;lista47=-1&amp;lista46=-1&amp;lista13=-1&amp;lista45=-1&amp;lista44=-1&amp;lista75=-1&amp;lista74=-1&amp;lista40=-1&amp;lista111=-1</queryString>
  <url>https://preproduccion.sge:443/gepa/BusquedaAction.do</url>
</httpSample>
<httpSample t="187" lt="0" ts="1298632638758" s="true" lb="/gepa/scripts/scriptaculous/scriptaculous.js" rc="200" by="5068">
  <responseHeader class="java.lang.String">HTTP/1.0 200 OK
Date: Fri, 25 Feb 2011 11:17:18 GMT
Server: Oracle-Application-Server-10g/10.1.2.2.0 Oracle-HTTP-Server
Content-Length: 5068
Set-Cookie: JSESSIONID=6c15ed743fbe2a1117f3d5572e1aa5a094c12f07390c5dd98a00d10588a07ccc.e3eSbhiLaNyPe3yNbNyQc3qSai1BqBjKpPXxqAa; path=/login
Content-Type: text/html; charset=ISO-8859-1
</responseHeader>
  <requestHeader class="java.lang.String">Accept-Language: es-ES
Accept: */*
User-Agent: Mozilla/4.0 (compatible; MSIE 7.0; Windows NT 6.1; Trident/4.0; SLCC2; .NET CLR 2.0.50727; .NET CLR 3.5.30729; .NET CLR 3.0.30729; Media Center PC 6.0; MDDS; .NET4.0C)
Accept-Encoding: gzip, deflate
Referer: http://picasso:8888/gepa/BusquedaAction.do
</requestHeader>
  <cookies class="java.lang.String"></cookies>
  <method class="java.lang.String">GET</method>
  <queryString class="java.lang.String"></queryString>
  <redirectLocation class="java.lang.String">https://login-pre.sge/pls/orasso/orasso.wwsso_app_admin.ls_login?Site2pstoreToken=v1.4~CEF0A91F~FC791E24EEC32B7B437C7A210821B952C80FBAEDDD505D073EA1BA6EC5CBDE36B825EB8F9836D223A64FE7F137CFE4BA27AD955BF1A9C186336EE76205637F04B8E6D6A6D7AF105AC4F28F0D396FA4F798904FB53B865AA2B29E92DE936072F0316B7BCBFBC04A0C1443086A10FA0F26942AFDF5478F066E3A7E662D76D929A133824EC0AECA48E1442B311BBB9229ECD3E93E1FD394CCC43E6BC7284DEEA71E50894811D5481E088A8169ACECEF3C0CA1260B023E8326487ACEB22ECF61B32B05D3AA883C026403A2F02DF6AA40D47C66E5A384E8E0A785DFEC0309D590C1739BB004DED1EC5EBEB04D2E453902CA28C09D7CF5602376BE7BD3ADABE8DC9E8C51890DF5CDA2CBCAB4B5EDA040D401BD</redirectLocation>
  <url>https://preproduccion.sge/login/login.jsp?site2pstoretoken=v1.4~CEF0A91F~FC791E24EEC32B7B437C7A210821B952C80FBAEDDD505D073EA1BA6EC5CBDE36B825EB8F9836D223A64FE7F137CFE4BA27AD955BF1A9C186336EE76205637F04B8E6D6A6D7AF105AC4F28F0D396FA4F798904FB53B865AA2B29E92DE936072F0316B7BCBFBC04A0C1443086A10FA0F26942AFDF5478F066E3A7E662D76D929A133824EC0AECA48E1442B311BBB9229ECD3E93E1FD394CCC43E6BC7284DEEA71E50894811D5481E088A8169ACECEF3C0CA1260B023E8326487ACEB22ECF61B32B05D3AA883C026403A2F02DF6AA40D47C66E5A384E8E0A785DFEC0309D590C1739BB004DED1EC5EBEB04D2E453902CA28C09D7CF5602376BE7BD3ADABE8DC9E8C51890DF5CDA2CBCAB4B5EDA040D401BD&amp;p_error_code=&amp;p_submit_url=https%3A%2F%2Flogin-pre.sge%2Fsso%2Fauth&amp;p_cancel_url=https%3A%2F%2Fpreproduccion.sge&amp;ssousername=&amp;subscribername=</url>
</httpSample>
<httpSample t="172" lt="0" ts="1298632638961" s="true" lb="/gepa/ResultadoBusquedaAction.do" rc="200" by="4972">
  <responseHeader class="java.lang.String">HTTP/1.0 200 OK
Date: Fri, 25 Feb 2011 11:17:19 GMT
Server: Oracle-Application-Server-10g/10.1.2.2.0 Oracle-HTTP-Server
Content-Length: 4972
Set-Cookie: JSESSIONID=bcec58687c95614e49c5c503a3f49ce4d1d7a706a385e7c625275b797f371359.e38Ob3aOaheRe34Mb3qSax0Pahz0nR9Pq6XteP93; path=/login
Content-Type: text/html; charset=ISO-8859-1
</responseHeader>
  <requestHeader class="java.lang.String">Accept-Language: es-ES
Accept: image/jpeg, application/x-ms-application, image/gif, application/xaml+xml, image/pjpeg, application/x-ms-xbap, application/vnd.ms-powerpoint, application/vnd.ms-excel, application/msword, */*
User-Agent: Mozilla/4.0 (compatible; MSIE 7.0; Windows NT 6.1; Trident/4.0; SLCC2; .NET CLR 2.0.50727; .NET CLR 3.5.30729; .NET CLR 3.0.30729; Media Center PC 6.0; MDDS; .NET4.0C)
Accept-Encoding: gzip, deflate
Referer: http://picasso:8888/gepa/BusquedaAction.do
</requestHeader>
  <cookies class="java.lang.String"></cookies>
  <method class="java.lang.String">GET</method>
  <queryString class="java.lang.String"></queryString>
  <redirectLocation class="java.lang.String">https://login-pre.sge/pls/orasso/orasso.wwsso_app_admin.ls_login?Site2pstoreToken=v1.4~CEF0A91F~FC791E24EEC32B7B437C7A210821B952C80FBAEDDD505D073EA1BA6EC5CBDE36B825EB8F9836D223A64FE7F137CFE4BA27AD955BF1A9C186336EE76205637F04B8E6D6A6D7AF105AC4F28F0D396FA4F798904FB53B865AA2B29E92DE936072F0B7EED81F1BC1EB9F0EAFCE787F25BCC48E643274AD0A9BA92E5AB56CDF00A836B71CC2BF5963E40D0FA37E4B8BC50CAE63B8F8D9E658311AB74DEAA99761BE684D16AA8C5993ADE70482ADF4C8E3DFB476220397F58B5E8DF00F2D817DB68148D4D3E81E9E6BAD7506FA5EAEA00564107B79FE84CF2EB88D6E6B80E65135A6524C98CB58B89545427B244002A40048B36EDE265C16B6731C</redirectLocation>
  <url>https://preproduccion.sge/login/login.jsp?site2pstoretoken=v1.4~CEF0A91F~FC791E24EEC32B7B437C7A210821B952C80FBAEDDD505D073EA1BA6EC5CBDE36B825EB8F9836D223A64FE7F137CFE4BA27AD955BF1A9C186336EE76205637F04B8E6D6A6D7AF105AC4F28F0D396FA4F798904FB53B865AA2B29E92DE936072F0B7EED81F1BC1EB9F0EAFCE787F25BCC48E643274AD0A9BA92E5AB56CDF00A836B71CC2BF5963E40D0FA37E4B8BC50CAE63B8F8D9E658311AB74DEAA99761BE684D16AA8C5993ADE70482ADF4C8E3DFB476220397F58B5E8DF00F2D817DB68148D4D3E81E9E6BAD7506FA5EAEA00564107B79FE84CF2EB88D6E6B80E65135A6524C98CB58B89545427B244002A40048B36EDE265C16B6731C&amp;p_error_code=&amp;p_submit_url=https%3A%2F%2Flogin-pre.sge%2Fsso%2Fauth&amp;p_cancel_url=https%3A%2F%2Fpreproduccion.sge&amp;ssousername=&amp;subscribername=</url>
</httpSample>
<httpSample t="172" lt="0" ts="1298632639133" s="true" lb="/gepa/scripts/scriptaculous/scriptaculous.js" rc="200" by="5068">
  <responseHeader class="java.lang.String">HTTP/1.0 200 OK
Date: Fri, 25 Feb 2011 11:17:19 GMT
Server: Oracle-Application-Server-10g/10.1.2.2.0 Oracle-HTTP-Server
Content-Length: 5068
Set-Cookie: JSESSIONID=f5dcd7e7d501e265d3a9c45c0f5c22889c0fafa6de8aa3462dbff623049d10c4.e3eSbhiLaNyPe3yNbNyQc3qSai1BqBjKpPXxqAa; path=/login
Content-Type: text/html; charset=ISO-8859-1
</responseHeader>
  <requestHeader class="java.lang.String">Accept-Language: es-ES
Accept: */*
User-Agent: Mozilla/4.0 (compatible; MSIE 7.0; Windows NT 6.1; Trident/4.0; SLCC2; .NET CLR 2.0.50727; .NET CLR 3.5.30729; .NET CLR 3.0.30729; Media Center PC 6.0; MDDS; .NET4.0C)
Accept-Encoding: gzip, deflate
Referer: http://picasso:8888/gepa/ResultadoBusquedaAction.do?accion=gestionExp&amp;indice=0
</requestHeader>
  <cookies class="java.lang.String"></cookies>
  <method class="java.lang.String">GET</method>
  <queryString class="java.lang.String"></queryString>
  <redirectLocation class="java.lang.String">https://login-pre.sge/pls/orasso/orasso.wwsso_app_admin.ls_login?Site2pstoreToken=v1.4~CEF0A91F~94A6D698167F75A13BA6ED13127BC00C0BFFEEB5E1B1A027A13E6C509DC6DBCDEC6E69CC5625315A874BF057D90FE4AFDFB188A7ADF66C9E8EB044321181E6B13CF0C729C7EE0269E300959D050E27F6B065C85952B83B1202A48DF0FBAA410AA2A700B090128399F3999D1FBA4FCC4589F3CF44872067C78BDB6661959ABBA5AC769A134B3D65444B3B3B33EC47153B90FF8451B70E6291FE087B402A13685F9F43BAECD32107D95D34B5C49B2686152997075537BE36927DCECA63679C74964771F1FDD6B9E37A0A918EE7F5DC6D53BC935DBB627ED156C00664FC745FFDBD084186EE0E587B6DBD05D7ABC276B16B853D583E35C44A6404B83935AA51330A60913F2CD35F8CD6162638C2CCDA2B2D</redirectLocation>
  <url>https://preproduccion.sge/login/login.jsp?site2pstoretoken=v1.4~CEF0A91F~94A6D698167F75A13BA6ED13127BC00C0BFFEEB5E1B1A027A13E6C509DC6DBCDEC6E69CC5625315A874BF057D90FE4AFDFB188A7ADF66C9E8EB044321181E6B13CF0C729C7EE0269E300959D050E27F6B065C85952B83B1202A48DF0FBAA410AA2A700B090128399F3999D1FBA4FCC4589F3CF44872067C78BDB6661959ABBA5AC769A134B3D65444B3B3B33EC47153B90FF8451B70E6291FE087B402A13685F9F43BAECD32107D95D34B5C49B2686152997075537BE36927DCECA63679C74964771F1FDD6B9E37A0A918EE7F5DC6D53BC935DBB627ED156C00664FC745FFDBD084186EE0E587B6DBD05D7ABC276B16B853D583E35C44A6404B83935AA51330A60913F2CD35F8CD6162638C2CCDA2B2D&amp;p_error_code=&amp;p_submit_url=https%3A%2F%2Flogin-pre.sge%2Fsso%2Fauth&amp;p_cancel_url=https%3A%2F%2Fpreproduccion.sge&amp;ssousername=&amp;subscribername=</url>
</httpSample>
<httpSample t="187" lt="0" ts="1298632639305" s="true" lb="/gepa/ConexionAction.do" rc="200" by="5388">
  <responseHeader class="java.lang.String">HTTP/1.0 200 OK
Date: Fri, 25 Feb 2011 11:17:19 GMT
Server: Oracle-Application-Server-10g/10.1.2.2.0 Oracle-HTTP-Server
Content-Length: 5388
Set-Cookie: JSESSIONID=d93a49b72bf7c8889f831df829b0b11c078efbdc8e36bf4eb9feb38a75fd58ca.e38Ob3aOaheRe34Mb3qSax0Pahz0nR9Pq6XteP93; path=/login
Content-Type: text/html; charset=ISO-8859-1
</responseHeader>
  <requestHeader class="java.lang.String">Accept-Language: es
Accept: */*
User-Agent: Mozilla/4.0 (compatible; MSIE 7.0; Windows NT 6.1; Trident/4.0; SLCC2; .NET CLR 2.0.50727; .NET CLR 3.5.30729; .NET CLR 3.0.30729; Media Center PC 6.0; MDDS; .NET4.0C)
Accept-Encoding: gzip, deflate
</requestHeader>
  <cookies class="java.lang.String"></cookies>
  <method class="java.lang.String">GET</method>
  <queryString class="java.lang.String"></queryString>
  <redirectLocation class="java.lang.String">https://login-pre.sge/pls/orasso/orasso.wwsso_app_admin.ls_login?Site2pstoreToken=v1.4~CEF0A91F~94A6D698167F75A13BA6ED13127BC00C0BFFEEB5E1B1A027A13E6C509DC6DBCDEC6E69CC5625315A874BF057D90FE4AFDFB188A7ADF66C9E8EB044321181E6B13CF0C729C7EE0269E300959D050E27F6B065C85952B83B1202A48DF0FBAA410A296212F6788FE58B2BBA5F32C9FFFD153DAAB12E128CC81ABC7A9D91E4511103F971CB3BE600F7BC16CF000F3D88F306B1C3E20843B1114D7CC2DE64B6C34C4AD18B6091D068F374EA4932B02F2B5E95B49983E5888DBD89F999C6BFAFB7EFA24CF3378952B7F648EDF0BDA8FAD24F7060F84BE6202B4FC2662A685A3A9F2BC03E80E2E054E397867952CD7A02F02A5DD27818B6BD2D483BC4E0A7C4C2D0238E6B41D1F810500BFFDFAB9A6C8AFFBD1582EF43D54C299D8A677BB21E17BD8E5EB5A03ED88E7B54E4C1AF21722767CEBFD0EE340E5900A0ED4854D535904ED22805FF449F77F6159DB8BF1D78EE9D6214BE01FD533878419E4B3600C09126541A</redirectLocation>
  <url>https://preproduccion.sge/login/login.jsp?site2pstoretoken=v1.4~CEF0A91F~94A6D698167F75A13BA6ED13127BC00C0BFFEEB5E1B1A027A13E6C509DC6DBCDEC6E69CC5625315A874BF057D90FE4AFDFB188A7ADF66C9E8EB044321181E6B13CF0C729C7EE0269E300959D050E27F6B065C85952B83B1202A48DF0FBAA410A296212F6788FE58B2BBA5F32C9FFFD153DAAB12E128CC81ABC7A9D91E4511103F971CB3BE600F7BC16CF000F3D88F306B1C3E20843B1114D7CC2DE64B6C34C4AD18B6091D068F374EA4932B02F2B5E95B49983E5888DBD89F999C6BFAFB7EFA24CF3378952B7F648EDF0BDA8FAD24F7060F84BE6202B4FC2662A685A3A9F2BC03E80E2E054E397867952CD7A02F02A5DD27818B6BD2D483BC4E0A7C4C2D0238E6B41D1F810500BFFDFAB9A6C8AFFBD1582EF43D54C299D8A677BB21E17BD8E5EB5A03ED88E7B54E4C1AF21722767CEBFD0EE340E5900A0ED4854D535904ED22805FF449F77F6159DB8BF1D78EE9D6214BE01FD533878419E4B3600C09126541A&amp;p_error_code=&amp;p_submit_url=https%3A%2F%2Flogin-pre.sge%2Fsso%2Fauth&amp;p_cancel_url=https%3A%2F%2Fpreproduccion.sge&amp;ssousername=&amp;subscribername=</url>
</httpSample>
<httpSample t="219" lt="0" ts="1298632639492" s="true" lb="/gepa/scripts/scriptaculous/scriptaculous.js" rc="200" by="5068">
  <responseHeader class="java.lang.String">HTTP/1.0 200 OK
Date: Fri, 25 Feb 2011 11:17:19 GMT
Server: Oracle-Application-Server-10g/10.1.2.2.0 Oracle-HTTP-Server
Content-Length: 5068
Set-Cookie: JSESSIONID=23713cec2db95cd426cc13dfaff695d7d3704dc099b425c2cd26dc8f8392278c.e3eSbhiLaNyPe3yNbNyQc3qSai1BqBjKpPXxqAa; path=/login
Content-Type: text/html; charset=ISO-8859-1
</responseHeader>
  <requestHeader class="java.lang.String">Accept-Language: es-ES
Accept: */*
User-Agent: Mozilla/4.0 (compatible; MSIE 7.0; Windows NT 6.1; Trident/4.0; SLCC2; .NET CLR 2.0.50727; .NET CLR 3.5.30729; .NET CLR 3.0.30729; Media Center PC 6.0; MDDS; .NET4.0C)
Accept-Encoding: gzip, deflate
Referer: http://picasso:8888/gepa/ConexionAction.do?POSTDATA=variosPerfiles=true&amp;accion=iniciar&amp;codigoEntidad=DYS&amp;codigo=jcnegredo&amp;contrasenya=dysmatica&amp;rolSeleccionado=25
</requestHeader>
  <cookies class="java.lang.String"></cookies>
  <method class="java.lang.String">GET</method>
  <queryString class="java.lang.String"></queryString>
  <redirectLocation class="java.lang.String">https://login-pre.sge/pls/orasso/orasso.wwsso_app_admin.ls_login?Site2pstoreToken=v1.4~CEF0A91F~94A6D698167F75A13BA6ED13127BC00C0BFFEEB5E1B1A027A13E6C509DC6DBCDEC6E69CC5625315A874BF057D90FE4AFDFB188A7ADF66C9E8EB044321181E6B13CF0C729C7EE0269E300959D050E27F6B065C85952B83B1202A48DF0FBAA410AA2A700B090128399F3999D1FBA4FCC4589F3CF44872067C78BDB6661959ABBA5AC769A134B3D65444B3B3B33EC47153B90FF8451B70E6291FE087B402A13685F9F43BAECD32107D95D34B5C49B2686152997075537BE36927DCECA63679C74964771F1FDD6B9E37A0A918EE7F5DC6D53BC935DBB627ED156C00664FC745FFDBD084186EE0E587B6DBD05D7ABC276B16B853D583E35C44A6404B83935AA51330A60913F2CD35F8CD6162638C2CCDA2B2D</redirectLocation>
  <url>https://preproduccion.sge/login/login.jsp?site2pstoretoken=v1.4~CEF0A91F~94A6D698167F75A13BA6ED13127BC00C0BFFEEB5E1B1A027A13E6C509DC6DBCDEC6E69CC5625315A874BF057D90FE4AFDFB188A7ADF66C9E8EB044321181E6B13CF0C729C7EE0269E300959D050E27F6B065C85952B83B1202A48DF0FBAA410AA2A700B090128399F3999D1FBA4FCC4589F3CF44872067C78BDB6661959ABBA5AC769A134B3D65444B3B3B33EC47153B90FF8451B70E6291FE087B402A13685F9F43BAECD32107D95D34B5C49B2686152997075537BE36927DCECA63679C74964771F1FDD6B9E37A0A918EE7F5DC6D53BC935DBB627ED156C00664FC745FFDBD084186EE0E587B6DBD05D7ABC276B16B853D583E35C44A6404B83935AA51330A60913F2CD35F8CD6162638C2CCDA2B2D&amp;p_error_code=&amp;p_submit_url=https%3A%2F%2Flogin-pre.sge%2Fsso%2Fauth&amp;p_cancel_url=https%3A%2F%2Fpreproduccion.sge&amp;ssousername=&amp;subscribername=</url>
</httpSample>
<httpSample t="15" lt="15" ts="1298632639711" s="false" lb="/gepa/ConexionAction.do;jsessionid=eb634fe5b58b0bcb96508261e275709f9c8e236e3e15aeb347f0741aac2dda55" rc="500" by="778">
  <responseHeader class="java.lang.String">HTTP/1.0 500 Internal Server Error
Date: Fri, 25 Feb 2011 11:17:19 GMT
Server: Oracle-Application-Server-10g/10.1.2.2.0 Oracle-HTTP-Server
Content-Type: text/html; charset=iso-8859-1
</responseHeader>
  <requestHeader class="java.lang.String">Content-Type: application/x-www-form-urlencoded
Accept-Language: es-ES
Accept: image/jpeg, application/x-ms-application, image/gif, application/xaml+xml, image/pjpeg, application/x-ms-xbap, application/vnd.ms-powerpoint, application/vnd.ms-excel, application/msword, */*
User-Agent: Mozilla/4.0 (compatible; MSIE 7.0; Windows NT 6.1; Trident/4.0; SLCC2; .NET CLR 2.0.50727; .NET CLR 3.5.30729; .NET CLR 3.0.30729; Media Center PC 6.0; MDDS; .NET4.0C)
Accept-Encoding: gzip, deflate
Referer: http://picasso:8888/gepa/ConexionAction.do?POSTDATA=variosPerfiles=true&amp;accion=iniciar&amp;codigoEntidad=DYS&amp;codigo=jcnegredo&amp;contrasenya=dysmatica&amp;rolSeleccionado=25
Pragma: no-cache
</requestHeader>
  <cookies class="java.lang.String"></cookies>
  <method class="java.lang.String">POST</method>
  <queryString class="java.lang.String">variosPerfiles=true&amp;accion=seleccionarPerfil&amp;codigoEntidad=DYS&amp;rolSeleccionado=25</queryString>
  <url>https://preproduccion.sge:443/gepa/ConexionAction.do;jsessionid=eb634fe5b58b0bcb96508261e275709f9c8e236e3e15aeb347f0741aac2dda55</url>
</httpSample>
<httpSample t="188" lt="0" ts="1298632639726" s="true" lb="/gepa/scripts/scriptaculous/scriptaculous.js" rc="200" by="5068">
  <responseHeader class="java.lang.String">HTTP/1.0 200 OK
Date: Fri, 25 Feb 2011 11:17:19 GMT
Server: Oracle-Application-Server-10g/10.1.2.2.0 Oracle-HTTP-Server
Content-Length: 5068
Set-Cookie: JSESSIONID=91eeac446445f25fea9c94544a34b37460775fa3a1b934f0e65749cdfa0d7eea.e3eSbhiLaNyPe3yNbNyQc3qSai1BqBjKpPXxqAa; path=/login
Content-Type: text/html; charset=ISO-8859-1
</responseHeader>
  <requestHeader class="java.lang.String">Accept-Language: es-ES
Accept: */*
User-Agent: Mozilla/4.0 (compatible; MSIE 7.0; Windows NT 6.1; Trident/4.0; SLCC2; .NET CLR 2.0.50727; .NET CLR 3.5.30729; .NET CLR 3.0.30729; Media Center PC 6.0; MDDS; .NET4.0C)
Accept-Encoding: gzip, deflate
Referer: http://picasso:8888/gepa/ConexionAction.do;jsessionid=eb634fe5b58b0bcb96508261e275709f9c8e236e3e15aeb347f0741aac2dda55
</requestHeader>
  <cookies class="java.lang.String"></cookies>
  <method class="java.lang.String">GET</method>
  <queryString class="java.lang.String"></queryString>
  <redirectLocation class="java.lang.String">https://login-pre.sge/pls/orasso/orasso.wwsso_app_admin.ls_login?Site2pstoreToken=v1.4~CEF0A91F~94A6D698167F75A13BA6ED13127BC00C0BFFEEB5E1B1A027A13E6C509DC6DBCDEC6E69CC5625315A874BF057D90FE4AFDFB188A7ADF66C9E8EB044321181E6B13CF0C729C7EE0269E300959D050E27F6B065C85952B83B1202A48DF0FBAA410AA2A700B090128399F3999D1FBA4FCC4589F3CF44872067C78BDB6661959ABBA5AC769A134B3D65444B3B3B33EC47153B90FF8451B70E6291FE087B402A13685F9F43BAECD32107D95D34B5C49B2686152997075537BE36927DCECA63679C74964771F1FDD6B9E37A0A918EE7F5DC6D53BC935DBB627ED156C00664FC745FFDBD084186EE0E587B6DBD05D7ABC276B16B853D583E35C44A6404B83935AA51330A60913F2CD35F8CD6162638C2CCDA2B2D</redirectLocation>
  <url>https://preproduccion.sge/login/login.jsp?site2pstoretoken=v1.4~CEF0A91F~94A6D698167F75A13BA6ED13127BC00C0BFFEEB5E1B1A027A13E6C509DC6DBCDEC6E69CC5625315A874BF057D90FE4AFDFB188A7ADF66C9E8EB044321181E6B13CF0C729C7EE0269E300959D050E27F6B065C85952B83B1202A48DF0FBAA410AA2A700B090128399F3999D1FBA4FCC4589F3CF44872067C78BDB6661959ABBA5AC769A134B3D65444B3B3B33EC47153B90FF8451B70E6291FE087B402A13685F9F43BAECD32107D95D34B5C49B2686152997075537BE36927DCECA63679C74964771F1FDD6B9E37A0A918EE7F5DC6D53BC935DBB627ED156C00664FC745FFDBD084186EE0E587B6DBD05D7ABC276B16B853D583E35C44A6404B83935AA51330A60913F2CD35F8CD6162638C2CCDA2B2D&amp;p_error_code=&amp;p_submit_url=https%3A%2F%2Flogin-pre.sge%2Fsso%2Fauth&amp;p_cancel_url=https%3A%2F%2Fpreproduccion.sge&amp;ssousername=&amp;subscribername=</url>
</httpSample>
<httpSample t="16" lt="16" ts="1298632639914" s="false" lb="/gepa/BusquedaAction.do" rc="500" by="778">
  <responseHeader class="java.lang.String">HTTP/1.0 500 Internal Server Error
Date: Fri, 25 Feb 2011 11:17:19 GMT
Server: Oracle-Application-Server-10g/10.1.2.2.0 Oracle-HTTP-Server
Content-Type: text/html; charset=iso-8859-1
</responseHeader>
  <requestHeader class="java.lang.String">Content-Type: application/x-www-form-urlencoded
Accept-Language: es-ES
Accept: image/jpeg, application/x-ms-application, image/gif, application/xaml+xml, image/pjpeg, application/x-ms-xbap, application/vnd.ms-powerpoint, application/vnd.ms-excel, application/msword, */*
User-Agent: Mozilla/4.0 (compatible; MSIE 7.0; Windows NT 6.1; Trident/4.0; SLCC2; .NET CLR 2.0.50727; .NET CLR 3.5.30729; .NET CLR 3.0.30729; Media Center PC 6.0; MDDS; .NET4.0C)
Accept-Encoding: gzip, deflate
Referer: http://picasso:8888/gepa/ConexionAction.do;jsessionid=eb634fe5b58b0bcb96508261e275709f9c8e236e3e15aeb347f0741aac2dda55
Pragma: no-cache
</requestHeader>
  <cookies class="java.lang.String"></cookies>
  <method class="java.lang.String">POST</method>
  <queryString class="java.lang.String">accion=buscar&amp;modo=rapida&amp;avanzadaDesplegada=false&amp;descElemPesado=&amp;identificacionRapida=&amp;nombreRapida=&amp;apellido1Rapida=&amp;apellido2Rapida=&amp;anyoRapida=&amp;numeroRapida=&amp;desdeRapida=&amp;hastaRapida=&amp;tramiteRapida=-1&amp;estadoRapida=-1&amp;idBusqueda=-1&amp;idClases=26&amp;metaTipo0=STRING&amp;metaTipo1=STRING&amp;metaTipo2=LISTA&amp;metaTipo3=STRING&amp;metaTipo4=LISTA_PESADA&amp;metaTipo5=STRING&amp;metaTipo6=LISTA&amp;metaTipo7=STRING&amp;metaTipo8=STRING&amp;metaTipo9=STRING&amp;metaTipo10=STRING&amp;metaTipo11=STRING&amp;metaTipo12=STRING&amp;metaTipo13=LISTA&amp;metaTipo14=STRING&amp;metaTipo15=TIMESTAMP&amp;metaTipo16=TIMESTAMP&amp;metaTipo17=TIMESTAMP&amp;metaTipo18=LISTA&amp;metaTipo19=LISTA_PESADA&amp;metaTipo20=STRING&amp;metaTipo21=STRING&amp;metaTipo22=STRING&amp;metaTipo23=STRING&amp;metaTipo24=STRING&amp;metaTipo25=LISTA_PESADA&amp;metaTipo26=LISTA&amp;metaTipo27=STRING&amp;metaTipo28=LISTA&amp;metaTipo29=STRING&amp;metaTipo30=STRING&amp;metaTipo31=INTEGER&amp;metaTipo32=STRING&amp;metaTipo33=STRING&amp;metaTipo34=STRING&amp;metaTipo35=LISTA&amp;metaTipo36=LISTA&amp;metaTipo37=LISTA&amp;metaTipo38=STRING&amp;metaTipo39=SEPARADOR&amp;metaTipo40=BOOLEAN&amp;metaTipo41=STRING&amp;metaTipo42=STRING&amp;metaTipo43=STRING&amp;metaTipo44=LISTA&amp;metaTipo45=BOOLEAN&amp;metaTipo46=BOOLEAN&amp;metaTipo47=BOOLEAN&amp;metaTipo48=STRING&amp;metaTipo49=TIMESTAMP&amp;metaTipo50=TIMESTAMP&amp;metaTipo51=TIMESTAMP&amp;metaTipo52=TIMESTAMP&amp;metaTipo53=TIMESTAMP&amp;metaTipo54=TIMESTAMP&amp;metaTipo55=TIMESTAMP&amp;metaTipo56=TIMESTAMP&amp;metaTipo57=TIMESTAMP&amp;metaTipo58=TIMESTAMP&amp;metaTipo59=TIMESTAMP&amp;metaTipo60=TIMESTAMP&amp;metaTipo61=TIMESTAMP&amp;metaTipo62=TIMESTAMP&amp;metaTipo63=TIMESTAMP&amp;metaTipo64=LISTA&amp;metaTipo65=LISTA&amp;metaTipo66=LISTA&amp;metaTipo67=DOUBLE&amp;metaTipo68=DOUBLE&amp;metaTipo69=DOUBLE&amp;metaTipo70=DOUBLE&amp;metaTipo71=DOUBLE&amp;metaTipo72=DOUBLE&amp;metaTipo73=DOUBLE&amp;metaTipo74=BOOLEAN&amp;metaTipo75=LISTA&amp;metaTipo76=STRING&amp;metaTipo77=STRING&amp;metaTipo78=STRING&amp;metaTipo79=STRING&amp;metaTipo80=STRING&amp;metaTipo81=STRING&amp;metaTipo82=STRING&amp;metaTipo83=BOOLEAN&amp;metaTipo84=BOOLEAN&amp;metaTipo85=STRING&amp;metaTipo86=LISTA&amp;metaTipo87=LISTA&amp;metaTipo88=LISTA_PESADA&amp;metaTipo89=LISTA&amp;metaTipo90=LISTA&amp;metaTipo91=STRING&amp;metaTipo92=LISTA&amp;metaTipo93=STRING&amp;metaTipo94=STRING&amp;metaTipo95=LISTA&amp;metaTipo96=LISTA&amp;metaTipo97=LISTA&amp;metaTipo98=BOOLEAN&amp;metaTipo99=LISTA&amp;metaTipo100=BOOLEAN&amp;metaTipo101=LISTA&amp;metaTipo102=LISTA&amp;metaTipo103=BOOLEAN&amp;metaTipo104=BOOLEAN&amp;metaTipo105=LISTA&amp;metaTipo106=LISTA&amp;metaTipo107=LISTA&amp;metaTipo108=LISTA&amp;metaTipo109=LISTA&amp;metaTipo110=STRING&amp;metaTipo111=LISTA&amp;valor=&amp;valorPesado=&amp;lista37=-1&amp;lista36=-1&amp;lista35=-1&amp;lista99=-1&amp;lista109=-1&amp;lista66=-1&amp;lista98=-1&amp;lista108=-1&amp;lista65=-1&amp;lista97=-1&amp;lista107=-1&amp;lista64=-1&amp;lista96=-1&amp;lista106=-1&amp;lista95=-1&amp;lista105=-1&amp;lista104=-1&amp;lista92=-1&amp;lista103=-1&amp;lista102=-1&amp;lista90=-1&amp;lista101=-1&amp;lista100=-1&amp;lista28=-1&amp;lista26=-1&amp;lista89=-1&amp;lista87=-1&amp;lista86=-1&amp;lista6=-1&amp;lista84=-1&amp;lista83=-1&amp;lista2=-1&amp;lista18=-1&amp;lista47=-1&amp;lista46=-1&amp;lista13=-1&amp;lista45=-1&amp;lista44=-1&amp;lista75=-1&amp;lista74=-1&amp;lista40=-1&amp;lista111=-1</queryString>
  <url>https://preproduccion.sge:443/gepa/BusquedaAction.do</url>
</httpSample>
<httpSample t="171" lt="0" ts="1298632639930" s="true" lb="/gepa/scripts/scriptaculous/scriptaculous.js" rc="200" by="5068">
  <responseHeader class="java.lang.String">HTTP/1.0 200 OK
Date: Fri, 25 Feb 2011 11:17:19 GMT
Server: Oracle-Application-Server-10g/10.1.2.2.0 Oracle-HTTP-Server
Content-Length: 5068
Set-Cookie: JSESSIONID=d518d9eb03107f932efc382f775b9be1a7e6952bbbaed4be9188b9062e50f607.e38Ob3aOaheRe34Mb3qSax0Pahz0nR9Pq6XteP93; path=/login
Content-Type: text/html; charset=ISO-8859-1
</responseHeader>
  <requestHeader class="java.lang.String">Accept-Language: es-ES
Accept: */*
User-Agent: Mozilla/4.0 (compatible; MSIE 7.0; Windows NT 6.1; Trident/4.0; SLCC2; .NET CLR 2.0.50727; .NET CLR 3.5.30729; .NET CLR 3.0.30729; Media Center PC 6.0; MDDS; .NET4.0C)
Accept-Encoding: gzip, deflate
Referer: http://picasso:8888/gepa/BusquedaAction.do
</requestHeader>
  <cookies class="java.lang.String"></cookies>
  <method class="java.lang.String">GET</method>
  <queryString class="java.lang.String"></queryString>
  <redirectLocation class="java.lang.String">https://login-pre.sge/pls/orasso/orasso.wwsso_app_admin.ls_login?Site2pstoreToken=v1.4~CEF0A91F~94A6D698167F75A13BA6ED13127BC00C0BFFEEB5E1B1A027A13E6C509DC6DBCDEC6E69CC5625315A874BF057D90FE4AFDFB188A7ADF66C9E8EB044321181E6B13CF0C729C7EE0269E300959D050E27F6B065C85952B83B1202A48DF0FBAA410AA2A700B090128399F3999D1FBA4FCC4589F3CF44872067C78BDB6661959ABBA5AC769A134B3D65444B3B3B33EC47153B90FF8451B70E6291FE087B402A13685F9F43BAECD32107D95D34B5C49B2686152997075537BE36927DCECA63679C74964771F1FDD6B9E37A0A918EE7F5DC6D53BC935DBB627ED156C00664FC745FFDBD084186EE0E587B6DBD05D7ABC276B16B853D583E35C44A6404B83935AA51330A60913F2CD35F8CD6162638C2CCDA2B2D</redirectLocation>
  <url>https://preproduccion.sge/login/login.jsp?site2pstoretoken=v1.4~CEF0A91F~94A6D698167F75A13BA6ED13127BC00C0BFFEEB5E1B1A027A13E6C509DC6DBCDEC6E69CC5625315A874BF057D90FE4AFDFB188A7ADF66C9E8EB044321181E6B13CF0C729C7EE0269E300959D050E27F6B065C85952B83B1202A48DF0FBAA410AA2A700B090128399F3999D1FBA4FCC4589F3CF44872067C78BDB6661959ABBA5AC769A134B3D65444B3B3B33EC47153B90FF8451B70E6291FE087B402A13685F9F43BAECD32107D95D34B5C49B2686152997075537BE36927DCECA63679C74964771F1FDD6B9E37A0A918EE7F5DC6D53BC935DBB627ED156C00664FC745FFDBD084186EE0E587B6DBD05D7ABC276B16B853D583E35C44A6404B83935AA51330A60913F2CD35F8CD6162638C2CCDA2B2D&amp;p_error_code=&amp;p_submit_url=https%3A%2F%2Flogin-pre.sge%2Fsso%2Fauth&amp;p_cancel_url=https%3A%2F%2Fpreproduccion.sge&amp;ssousername=&amp;subscribername=</url>
</httpSample>
<httpSample t="188" lt="0" ts="1298632640101" s="true" lb="/gepa/ResultadoBusquedaAction.do" rc="200" by="5004">
  <responseHeader class="java.lang.String">HTTP/1.0 200 OK
Date: Fri, 25 Feb 2011 11:17:20 GMT
Server: Oracle-Application-Server-10g/10.1.2.2.0 Oracle-HTTP-Server
Content-Length: 5004
Set-Cookie: JSESSIONID=45ecdbd441dbff1c5971c5846b4db8bcf63648abe33f2c2e86d1dac28f89a18d.e3eSbhiLaNyPe3yNbNyQc3qSai1BqBjKpPXxqAa; path=/login
Content-Type: text/html; charset=ISO-8859-1
</responseHeader>
  <requestHeader class="java.lang.String">Accept-Language: es-ES
Accept: image/jpeg, application/x-ms-application, image/gif, application/xaml+xml, image/pjpeg, application/x-ms-xbap, application/vnd.ms-powerpoint, application/vnd.ms-excel, application/msword, */*
User-Agent: Mozilla/4.0 (compatible; MSIE 7.0; Windows NT 6.1; Trident/4.0; SLCC2; .NET CLR 2.0.50727; .NET CLR 3.5.30729; .NET CLR 3.0.30729; Media Center PC 6.0; MDDS; .NET4.0C)
Accept-Encoding: gzip, deflate
Referer: http://picasso:8888/gepa/BusquedaAction.do
</requestHeader>
  <cookies class="java.lang.String"></cookies>
  <method class="java.lang.String">GET</method>
  <queryString class="java.lang.String"></queryString>
  <redirectLocation class="java.lang.String">https://login-pre.sge/pls/orasso/orasso.wwsso_app_admin.ls_login?Site2pstoreToken=v1.4~CEF0A91F~263568C6602C77DE670C0BEFD91D325C8F00FB3141C4CE5A40E61882747993A07FE4DCC023F21C29A246B05418A336343B83D2E83372D18C92AF19EFE79AEC08A3B5B891E96F120AFAD36A9D78BC78D0CC6C6B62CAD07D6AC9DD4CDD94079A87DFD1FFEFE8B5BFE53A8DDCE875BD5BEE802177EAC8F437ADA726CD96BE9C7BED0CCD09928D2B7192C5715BF6BEBAD48B76644F379E510303D96E376879E637D2D8E9874EA8721A4A796D0AC59BDED2C3D4C8A6BABE6003EEFF8549FE9928E126339E12BD1E1B282362E69B3036A31029F9A07DE04F1C493F76B4287AF3BD34D69A93DDFB7AF31475DAA6CE1F6185A57425397C238AABA7DE24B33FF4127A0C1A</redirectLocation>
  <url>https://preproduccion.sge/login/login.jsp?site2pstoretoken=v1.4~CEF0A91F~263568C6602C77DE670C0BEFD91D325C8F00FB3141C4CE5A40E61882747993A07FE4DCC023F21C29A246B05418A336343B83D2E83372D18C92AF19EFE79AEC08A3B5B891E96F120AFAD36A9D78BC78D0CC6C6B62CAD07D6AC9DD4CDD94079A87DFD1FFEFE8B5BFE53A8DDCE875BD5BEE802177EAC8F437ADA726CD96BE9C7BED0CCD09928D2B7192C5715BF6BEBAD48B76644F379E510303D96E376879E637D2D8E9874EA8721A4A796D0AC59BDED2C3D4C8A6BABE6003EEFF8549FE9928E126339E12BD1E1B282362E69B3036A31029F9A07DE04F1C493F76B4287AF3BD34D69A93DDFB7AF31475DAA6CE1F6185A57425397C238AABA7DE24B33FF4127A0C1A&amp;p_error_code=&amp;p_submit_url=https%3A%2F%2Flogin-pre.sge%2Fsso%2Fauth&amp;p_cancel_url=https%3A%2F%2Fpreproduccion.sge&amp;ssousername=&amp;subscribername=</url>
</httpSample>
<httpSample t="187" lt="0" ts="1298632640289" s="true" lb="/gepa/scripts/scriptaculous/scriptaculous.js" rc="200" by="5100">
  <responseHeader class="java.lang.String">HTTP/1.0 200 OK
Date: Fri, 25 Feb 2011 11:17:20 GMT
Server: Oracle-Application-Server-10g/10.1.2.2.0 Oracle-HTTP-Server
Content-Length: 5100
Set-Cookie: JSESSIONID=0f0fd55ac0cdefd3bd254b297e905937e4c19d8f1109f86877162b87c6a0f8b4.e38Ob3aOaheRe34Mb3qSax0Pahz0nR9Pq6XteP93; path=/login
Content-Type: text/html; charset=ISO-8859-1
</responseHeader>
  <requestHeader class="java.lang.String">Accept-Language: es-ES
Accept: */*
User-Agent: Mozilla/4.0 (compatible; MSIE 7.0; Windows NT 6.1; Trident/4.0; SLCC2; .NET CLR 2.0.50727; .NET CLR 3.5.30729; .NET CLR 3.0.30729; Media Center PC 6.0; MDDS; .NET4.0C)
Accept-Encoding: gzip, deflate
Referer: http://picasso:8888/gepa/ResultadoBusquedaAction.do?accion=gestionExp&amp;indice=0
</requestHeader>
  <cookies class="java.lang.String"></cookies>
  <method class="java.lang.String">GET</method>
  <queryString class="java.lang.String"></queryString>
  <redirectLocation class="java.lang.String">https://login-pre.sge/pls/orasso/orasso.wwsso_app_admin.ls_login?Site2pstoreToken=v1.4~CEF0A91F~263568C6602C77DE670C0BEFD91D325C8F00FB3141C4CE5A40E61882747993A07FE4DCC023F21C29A246B05418A336343B83D2E83372D18C92AF19EFE79AEC08A3B5B891E96F120AFAD36A9D78BC78D0CC6C6B62CAD07D6AC9DD4CDD94079A87F1C8491862E35E7E1F13F3D9F61EF61FB69F4C7CB5743207255004F36E01F7818ADAE2D7069D7AF0EC01D38B83FEC54661C3857A6DED2445A71703A234FC758D54C9D11EB2F643BCE0610A23CFB597855DDB87710DB40F99BE6BCA532EF2984DBF01A53D288F237EB905976333EEE4037D9E9355B030E86E765894A65E561A0B2B3958CC57CBE8F4F49C7786168844255050038506001C2C3149F4DBF2588E76A8D4C7CCC317AF963BACB80671F9584CB359644FF7B05363</redirectLocation>
  <url>https://preproduccion.sge/login/login.jsp?site2pstoretoken=v1.4~CEF0A91F~263568C6602C77DE670C0BEFD91D325C8F00FB3141C4CE5A40E61882747993A07FE4DCC023F21C29A246B05418A336343B83D2E83372D18C92AF19EFE79AEC08A3B5B891E96F120AFAD36A9D78BC78D0CC6C6B62CAD07D6AC9DD4CDD94079A87F1C8491862E35E7E1F13F3D9F61EF61FB69F4C7CB5743207255004F36E01F7818ADAE2D7069D7AF0EC01D38B83FEC54661C3857A6DED2445A71703A234FC758D54C9D11EB2F643BCE0610A23CFB597855DDB87710DB40F99BE6BCA532EF2984DBF01A53D288F237EB905976333EEE4037D9E9355B030E86E765894A65E561A0B2B3958CC57CBE8F4F49C7786168844255050038506001C2C3149F4DBF2588E76A8D4C7CCC317AF963BACB80671F9584CB359644FF7B05363&amp;p_error_code=&amp;p_submit_url=https%3A%2F%2Flogin-pre.sge%2Fsso%2Fauth&amp;p_cancel_url=https%3A%2F%2Fpreproduccion.sge&amp;ssousername=&amp;subscribername=</url>
</httpSample>
<httpSample t="188" lt="0" ts="1298632640476" s="true" lb="/gepa/ConexionAction.do" rc="200" by="5420">
  <responseHeader class="java.lang.String">HTTP/1.0 200 OK
Date: Fri, 25 Feb 2011 11:17:20 GMT
Server: Oracle-Application-Server-10g/10.1.2.2.0 Oracle-HTTP-Server
Content-Length: 5420
Set-Cookie: JSESSIONID=a5b6b797a16cd7b35ea26471fccd7ef729e01e42cc9f30927068457a2c5ef819.e3eSbhiLaNyPe3yNbNyQc3qSai1BqBjKpPXxqAa; path=/login
Content-Type: text/html; charset=ISO-8859-1
</responseHeader>
  <requestHeader class="java.lang.String">Accept-Language: es
Accept: */*
User-Agent: Mozilla/4.0 (compatible; MSIE 7.0; Windows NT 6.1; Trident/4.0; SLCC2; .NET CLR 2.0.50727; .NET CLR 3.5.30729; .NET CLR 3.0.30729; Media Center PC 6.0; MDDS; .NET4.0C)
Accept-Encoding: gzip, deflate
</requestHeader>
  <cookies class="java.lang.String"></cookies>
  <method class="java.lang.String">GET</method>
  <queryString class="java.lang.String"></queryString>
  <redirectLocation class="java.lang.String">https://login-pre.sge/pls/orasso/orasso.wwsso_app_admin.ls_login?Site2pstoreToken=v1.4~CEF0A91F~263568C6602C77DE670C0BEFD91D325C8F00FB3141C4CE5A40E61882747993A07FE4DCC023F21C29A246B05418A336343B83D2E83372D18C92AF19EFE79AEC08A3B5B891E96F120AFAD36A9D78BC78D0CC6C6B62CAD07D6AC9DD4CDD94079A873ACE748FD4A48C64B8C9F93080AA35D243B2A57B9D7B79512E206159FE6AF2119E1C4CFD57499A1BBC73DA1BDEB64E9C253DA5BFA1B3F7F824E9ADE15BAFA0F60FAA0E3067BF8F0C0820E04E2E95310F5B63F5F157CFCAF262F6BCA62A237BBC4654D73365606DC833B3AE0A5E04D4172A00CC54B2C84C5C4308B7857421B3D64AD8D24EDD7CC589F0D7F8AD50AC1A442A8B6B181E366BCEC699CA27098F90C665C124902F2B49E4B59EB8B4C507F1BA596B73576FBCDC67C3B6A878A8405F50524D8E28C3F7C8C3A72614DE09E856A2C23BB041ADBF075140B9D7A6E47EAAC403619F3FCB5443CC92090C5A0915088328BED66E8D5522C42FEE607B33B1447E81DEB1532D815536</redirectLocation>
  <url>https://preproduccion.sge/login/login.jsp?site2pstoretoken=v1.4~CEF0A91F~263568C6602C77DE670C0BEFD91D325C8F00FB3141C4CE5A40E61882747993A07FE4DCC023F21C29A246B05418A336343B83D2E83372D18C92AF19EFE79AEC08A3B5B891E96F120AFAD36A9D78BC78D0CC6C6B62CAD07D6AC9DD4CDD94079A873ACE748FD4A48C64B8C9F93080AA35D243B2A57B9D7B79512E206159FE6AF2119E1C4CFD57499A1BBC73DA1BDEB64E9C253DA5BFA1B3F7F824E9ADE15BAFA0F60FAA0E3067BF8F0C0820E04E2E95310F5B63F5F157CFCAF262F6BCA62A237BBC4654D73365606DC833B3AE0A5E04D4172A00CC54B2C84C5C4308B7857421B3D64AD8D24EDD7CC589F0D7F8AD50AC1A442A8B6B181E366BCEC699CA27098F90C665C124902F2B49E4B59EB8B4C507F1BA596B73576FBCDC67C3B6A878A8405F50524D8E28C3F7C8C3A72614DE09E856A2C23BB041ADBF075140B9D7A6E47EAAC403619F3FCB5443CC92090C5A0915088328BED66E8D5522C42FEE607B33B1447E81DEB1532D815536&amp;p_error_code=&amp;p_submit_url=https%3A%2F%2Flogin-pre.sge%2Fsso%2Fauth&amp;p_cancel_url=https%3A%2F%2Fpreproduccion.sge&amp;ssousername=&amp;subscribername=</url>
</httpSample>
<httpSample t="172" lt="0" ts="1298632640664" s="true" lb="/gepa/scripts/scriptaculous/scriptaculous.js" rc="200" by="5100">
  <responseHeader class="java.lang.String">HTTP/1.0 200 OK
Date: Fri, 25 Feb 2011 11:17:20 GMT
Server: Oracle-Application-Server-10g/10.1.2.2.0 Oracle-HTTP-Server
Content-Length: 5100
Set-Cookie: JSESSIONID=0ff6c1d343a2e5f9b6bb94e64009f9f4af20cb2c8fcc3c3ca436052cd17d2679.e38Ob3aOaheRe34Mb3qSax0Pahz0nR9Pq6XteP93; path=/login
Content-Type: text/html; charset=ISO-8859-1
</responseHeader>
  <requestHeader class="java.lang.String">Accept-Language: es-ES
Accept: */*
User-Agent: Mozilla/4.0 (compatible; MSIE 7.0; Windows NT 6.1; Trident/4.0; SLCC2; .NET CLR 2.0.50727; .NET CLR 3.5.30729; .NET CLR 3.0.30729; Media Center PC 6.0; MDDS; .NET4.0C)
Accept-Encoding: gzip, deflate
Referer: http://picasso:8888/gepa/ConexionAction.do?POSTDATA=variosPerfiles=true&amp;accion=iniciar&amp;codigoEntidad=DYS&amp;codigo=jcnegredo&amp;contrasenya=dysmatica&amp;rolSeleccionado=25
</requestHeader>
  <cookies class="java.lang.String"></cookies>
  <method class="java.lang.String">GET</method>
  <queryString class="java.lang.String"></queryString>
  <redirectLocation class="java.lang.String">https://login-pre.sge/pls/orasso/orasso.wwsso_app_admin.ls_login?Site2pstoreToken=v1.4~CEF0A91F~263568C6602C77DE670C0BEFD91D325C8F00FB3141C4CE5A40E61882747993A07FE4DCC023F21C29A246B05418A336343B83D2E83372D18C92AF19EFE79AEC08A3B5B891E96F120AFAD36A9D78BC78D0CC6C6B62CAD07D6AC9DD4CDD94079A87F1C8491862E35E7E1F13F3D9F61EF61FB69F4C7CB5743207255004F36E01F7818ADAE2D7069D7AF0EC01D38B83FEC54661C3857A6DED2445A71703A234FC758D54C9D11EB2F643BCE0610A23CFB597855DDB87710DB40F99BE6BCA532EF2984DBF01A53D288F237EB905976333EEE4037D9E9355B030E86E765894A65E561A0B2B3958CC57CBE8F4F49C7786168844255050038506001C2C3149F4DBF2588E76A8D4C7CCC317AF963BACB80671F9584CB359644FF7B05363</redirectLocation>
  <url>https://preproduccion.sge/login/login.jsp?site2pstoretoken=v1.4~CEF0A91F~263568C6602C77DE670C0BEFD91D325C8F00FB3141C4CE5A40E61882747993A07FE4DCC023F21C29A246B05418A336343B83D2E83372D18C92AF19EFE79AEC08A3B5B891E96F120AFAD36A9D78BC78D0CC6C6B62CAD07D6AC9DD4CDD94079A87F1C8491862E35E7E1F13F3D9F61EF61FB69F4C7CB5743207255004F36E01F7818ADAE2D7069D7AF0EC01D38B83FEC54661C3857A6DED2445A71703A234FC758D54C9D11EB2F643BCE0610A23CFB597855DDB87710DB40F99BE6BCA532EF2984DBF01A53D288F237EB905976333EEE4037D9E9355B030E86E765894A65E561A0B2B3958CC57CBE8F4F49C7786168844255050038506001C2C3149F4DBF2588E76A8D4C7CCC317AF963BACB80671F9584CB359644FF7B05363&amp;p_error_code=&amp;p_submit_url=https%3A%2F%2Flogin-pre.sge%2Fsso%2Fauth&amp;p_cancel_url=https%3A%2F%2Fpreproduccion.sge&amp;ssousername=&amp;subscribername=</url>
</httpSample>
<httpSample t="15" lt="15" ts="1298632640836" s="false" lb="/gepa/ConexionAction.do;jsessionid=eb634fe5b58b0bcb96508261e275709f9c8e236e3e15aeb347f0741aac2dda55" rc="500" by="778">
  <responseHeader class="java.lang.String">HTTP/1.0 500 Internal Server Error
Date: Fri, 25 Feb 2011 11:17:20 GMT
Server: Oracle-Application-Server-10g/10.1.2.2.0 Oracle-HTTP-Server
Content-Type: text/html; charset=iso-8859-1
</responseHeader>
  <requestHeader class="java.lang.String">Content-Type: application/x-www-form-urlencoded
Accept-Language: es-ES
Accept: image/jpeg, application/x-ms-application, image/gif, application/xaml+xml, image/pjpeg, application/x-ms-xbap, application/vnd.ms-powerpoint, application/vnd.ms-excel, application/msword, */*
User-Agent: Mozilla/4.0 (compatible; MSIE 7.0; Windows NT 6.1; Trident/4.0; SLCC2; .NET CLR 2.0.50727; .NET CLR 3.5.30729; .NET CLR 3.0.30729; Media Center PC 6.0; MDDS; .NET4.0C)
Accept-Encoding: gzip, deflate
Referer: http://picasso:8888/gepa/ConexionAction.do?POSTDATA=variosPerfiles=true&amp;accion=iniciar&amp;codigoEntidad=DYS&amp;codigo=jcnegredo&amp;contrasenya=dysmatica&amp;rolSeleccionado=25
Pragma: no-cache
</requestHeader>
  <cookies class="java.lang.String"></cookies>
  <method class="java.lang.String">POST</method>
  <queryString class="java.lang.String">variosPerfiles=true&amp;accion=seleccionarPerfil&amp;codigoEntidad=DYS&amp;rolSeleccionado=25</queryString>
  <url>https://preproduccion.sge:443/gepa/ConexionAction.do;jsessionid=eb634fe5b58b0bcb96508261e275709f9c8e236e3e15aeb347f0741aac2dda55</url>
</httpSample>
<httpSample t="188" lt="0" ts="1298632640851" s="true" lb="/gepa/scripts/scriptaculous/scriptaculous.js" rc="200" by="5100">
  <responseHeader class="java.lang.String">HTTP/1.0 200 OK
Date: Fri, 25 Feb 2011 11:17:20 GMT
Server: Oracle-Application-Server-10g/10.1.2.2.0 Oracle-HTTP-Server
Content-Length: 5100
Set-Cookie: JSESSIONID=c192c25ea53727fdf532939afe5b68bc9b1a468014149ddaad3687a420c5efda.e38Ob3aOaheRe34Mb3qSax0Pahz0nR9Pq6XteP93; path=/login
Content-Type: text/html; charset=ISO-8859-1
</responseHeader>
  <requestHeader class="java.lang.String">Accept-Language: es-ES
Accept: */*
User-Agent: Mozilla/4.0 (compatible; MSIE 7.0; Windows NT 6.1; Trident/4.0; SLCC2; .NET CLR 2.0.50727; .NET CLR 3.5.30729; .NET CLR 3.0.30729; Media Center PC 6.0; MDDS; .NET4.0C)
Accept-Encoding: gzip, deflate
Referer: http://picasso:8888/gepa/ConexionAction.do;jsessionid=eb634fe5b58b0bcb96508261e275709f9c8e236e3e15aeb347f0741aac2dda55
</requestHeader>
  <cookies class="java.lang.String"></cookies>
  <method class="java.lang.String">GET</method>
  <queryString class="java.lang.String"></queryString>
  <redirectLocation class="java.lang.String">https://login-pre.sge/pls/orasso/orasso.wwsso_app_admin.ls_login?Site2pstoreToken=v1.4~CEF0A91F~263568C6602C77DE670C0BEFD91D325C8F00FB3141C4CE5A40E61882747993A07FE4DCC023F21C29A246B05418A336343B83D2E83372D18C92AF19EFE79AEC08A3B5B891E96F120AFAD36A9D78BC78D0CC6C6B62CAD07D6AC9DD4CDD94079A87F1C8491862E35E7E1F13F3D9F61EF61FB69F4C7CB5743207255004F36E01F7818ADAE2D7069D7AF0EC01D38B83FEC54661C3857A6DED2445A71703A234FC758D54C9D11EB2F643BCE0610A23CFB597855DDB87710DB40F99BE6BCA532EF2984DBF01A53D288F237EB905976333EEE4037D9E9355B030E86E765894A65E561A0B2B3958CC57CBE8F4F49C7786168844255050038506001C2C3149F4DBF2588E76A8D4C7CCC317AF963BACB80671F9584CB359644FF7B05363</redirectLocation>
  <url>https://preproduccion.sge/login/login.jsp?site2pstoretoken=v1.4~CEF0A91F~263568C6602C77DE670C0BEFD91D325C8F00FB3141C4CE5A40E61882747993A07FE4DCC023F21C29A246B05418A336343B83D2E83372D18C92AF19EFE79AEC08A3B5B891E96F120AFAD36A9D78BC78D0CC6C6B62CAD07D6AC9DD4CDD94079A87F1C8491862E35E7E1F13F3D9F61EF61FB69F4C7CB5743207255004F36E01F7818ADAE2D7069D7AF0EC01D38B83FEC54661C3857A6DED2445A71703A234FC758D54C9D11EB2F643BCE0610A23CFB597855DDB87710DB40F99BE6BCA532EF2984DBF01A53D288F237EB905976333EEE4037D9E9355B030E86E765894A65E561A0B2B3958CC57CBE8F4F49C7786168844255050038506001C2C3149F4DBF2588E76A8D4C7CCC317AF963BACB80671F9584CB359644FF7B05363&amp;p_error_code=&amp;p_submit_url=https%3A%2F%2Flogin-pre.sge%2Fsso%2Fauth&amp;p_cancel_url=https%3A%2F%2Fpreproduccion.sge&amp;ssousername=&amp;subscribername=</url>
</httpSample>
<httpSample t="16" lt="16" ts="1298632641039" s="false" lb="/gepa/BusquedaAction.do" rc="500" by="778">
  <responseHeader class="java.lang.String">HTTP/1.0 500 Internal Server Error
Date: Fri, 25 Feb 2011 11:17:21 GMT
Server: Oracle-Application-Server-10g/10.1.2.2.0 Oracle-HTTP-Server
Content-Type: text/html; charset=iso-8859-1
</responseHeader>
  <requestHeader class="java.lang.String">Content-Type: application/x-www-form-urlencoded
Accept-Language: es-ES
Accept: image/jpeg, application/x-ms-application, image/gif, application/xaml+xml, image/pjpeg, application/x-ms-xbap, application/vnd.ms-powerpoint, application/vnd.ms-excel, application/msword, */*
User-Agent: Mozilla/4.0 (compatible; MSIE 7.0; Windows NT 6.1; Trident/4.0; SLCC2; .NET CLR 2.0.50727; .NET CLR 3.5.30729; .NET CLR 3.0.30729; Media Center PC 6.0; MDDS; .NET4.0C)
Accept-Encoding: gzip, deflate
Referer: http://picasso:8888/gepa/ConexionAction.do;jsessionid=eb634fe5b58b0bcb96508261e275709f9c8e236e3e15aeb347f0741aac2dda55
Pragma: no-cache
</requestHeader>
  <cookies class="java.lang.String"></cookies>
  <method class="java.lang.String">POST</method>
  <queryString class="java.lang.String">accion=buscar&amp;modo=rapida&amp;avanzadaDesplegada=false&amp;descElemPesado=&amp;identificacionRapida=&amp;nombreRapida=&amp;apellido1Rapida=&amp;apellido2Rapida=&amp;anyoRapida=&amp;numeroRapida=&amp;desdeRapida=&amp;hastaRapida=&amp;tramiteRapida=-1&amp;estadoRapida=-1&amp;idBusqueda=-1&amp;idClases=26&amp;metaTipo0=STRING&amp;metaTipo1=STRING&amp;metaTipo2=LISTA&amp;metaTipo3=STRING&amp;metaTipo4=LISTA_PESADA&amp;metaTipo5=STRING&amp;metaTipo6=LISTA&amp;metaTipo7=STRING&amp;metaTipo8=STRING&amp;metaTipo9=STRING&amp;metaTipo10=STRING&amp;metaTipo11=STRING&amp;metaTipo12=STRING&amp;metaTipo13=LISTA&amp;metaTipo14=STRING&amp;metaTipo15=TIMESTAMP&amp;metaTipo16=TIMESTAMP&amp;metaTipo17=TIMESTAMP&amp;metaTipo18=LISTA&amp;metaTipo19=LISTA_PESADA&amp;metaTipo20=STRING&amp;metaTipo21=STRING&amp;metaTipo22=STRING&amp;metaTipo23=STRING&amp;metaTipo24=STRING&amp;metaTipo25=LISTA_PESADA&amp;metaTipo26=LISTA&amp;metaTipo27=STRING&amp;metaTipo28=LISTA&amp;metaTipo29=STRING&amp;metaTipo30=STRING&amp;metaTipo31=INTEGER&amp;metaTipo32=STRING&amp;metaTipo33=STRING&amp;metaTipo34=STRING&amp;metaTipo35=LISTA&amp;metaTipo36=LISTA&amp;metaTipo37=LISTA&amp;metaTipo38=STRING&amp;metaTipo39=SEPARADOR&amp;metaTipo40=BOOLEAN&amp;metaTipo41=STRING&amp;metaTipo42=STRING&amp;metaTipo43=STRING&amp;metaTipo44=LISTA&amp;metaTipo45=BOOLEAN&amp;metaTipo46=BOOLEAN&amp;metaTipo47=BOOLEAN&amp;metaTipo48=STRING&amp;metaTipo49=TIMESTAMP&amp;metaTipo50=TIMESTAMP&amp;metaTipo51=TIMESTAMP&amp;metaTipo52=TIMESTAMP&amp;metaTipo53=TIMESTAMP&amp;metaTipo54=TIMESTAMP&amp;metaTipo55=TIMESTAMP&amp;metaTipo56=TIMESTAMP&amp;metaTipo57=TIMESTAMP&amp;metaTipo58=TIMESTAMP&amp;metaTipo59=TIMESTAMP&amp;metaTipo60=TIMESTAMP&amp;metaTipo61=TIMESTAMP&amp;metaTipo62=TIMESTAMP&amp;metaTipo63=TIMESTAMP&amp;metaTipo64=LISTA&amp;metaTipo65=LISTA&amp;metaTipo66=LISTA&amp;metaTipo67=DOUBLE&amp;metaTipo68=DOUBLE&amp;metaTipo69=DOUBLE&amp;metaTipo70=DOUBLE&amp;metaTipo71=DOUBLE&amp;metaTipo72=DOUBLE&amp;metaTipo73=DOUBLE&amp;metaTipo74=BOOLEAN&amp;metaTipo75=LISTA&amp;metaTipo76=STRING&amp;metaTipo77=STRING&amp;metaTipo78=STRING&amp;metaTipo79=STRING&amp;metaTipo80=STRING&amp;metaTipo81=STRING&amp;metaTipo82=STRING&amp;metaTipo83=BOOLEAN&amp;metaTipo84=BOOLEAN&amp;metaTipo85=STRING&amp;metaTipo86=LISTA&amp;metaTipo87=LISTA&amp;metaTipo88=LISTA_PESADA&amp;metaTipo89=LISTA&amp;metaTipo90=LISTA&amp;metaTipo91=STRING&amp;metaTipo92=LISTA&amp;metaTipo93=STRING&amp;metaTipo94=STRING&amp;metaTipo95=LISTA&amp;metaTipo96=LISTA&amp;metaTipo97=LISTA&amp;metaTipo98=BOOLEAN&amp;metaTipo99=LISTA&amp;metaTipo100=BOOLEAN&amp;metaTipo101=LISTA&amp;metaTipo102=LISTA&amp;metaTipo103=BOOLEAN&amp;metaTipo104=BOOLEAN&amp;metaTipo105=LISTA&amp;metaTipo106=LISTA&amp;metaTipo107=LISTA&amp;metaTipo108=LISTA&amp;metaTipo109=LISTA&amp;metaTipo110=STRING&amp;metaTipo111=LISTA&amp;valor=&amp;valorPesado=&amp;lista37=-1&amp;lista36=-1&amp;lista35=-1&amp;lista99=-1&amp;lista109=-1&amp;lista66=-1&amp;lista98=-1&amp;lista108=-1&amp;lista65=-1&amp;lista97=-1&amp;lista107=-1&amp;lista64=-1&amp;lista96=-1&amp;lista106=-1&amp;lista95=-1&amp;lista105=-1&amp;lista104=-1&amp;lista92=-1&amp;lista103=-1&amp;lista102=-1&amp;lista90=-1&amp;lista101=-1&amp;lista100=-1&amp;lista28=-1&amp;lista26=-1&amp;lista89=-1&amp;lista87=-1&amp;lista86=-1&amp;lista6=-1&amp;lista84=-1&amp;lista83=-1&amp;lista2=-1&amp;lista18=-1&amp;lista47=-1&amp;lista46=-1&amp;lista13=-1&amp;lista45=-1&amp;lista44=-1&amp;lista75=-1&amp;lista74=-1&amp;lista40=-1&amp;lista111=-1</queryString>
  <url>https://preproduccion.sge:443/gepa/BusquedaAction.do</url>
</httpSample>
<httpSample t="187" lt="0" ts="1298632641055" s="true" lb="/gepa/scripts/scriptaculous/scriptaculous.js" rc="200" by="5068">
  <responseHeader class="java.lang.String">HTTP/1.0 200 OK
Date: Fri, 25 Feb 2011 11:17:21 GMT
Server: Oracle-Application-Server-10g/10.1.2.2.0 Oracle-HTTP-Server
Content-Length: 5068
Set-Cookie: JSESSIONID=6b614343bd961da22ef7e6f75e386f29d77849ef9f0aa096d3eb24275635c764.e3eSbhiLaNyPe3yNbNyQc3qSai1BqBjKpPXxqAa; path=/login
Content-Type: text/html; charset=ISO-8859-1
</responseHeader>
  <requestHeader class="java.lang.String">Accept-Language: es-ES
Accept: */*
User-Agent: Mozilla/4.0 (compatible; MSIE 7.0; Windows NT 6.1; Trident/4.0; SLCC2; .NET CLR 2.0.50727; .NET CLR 3.5.30729; .NET CLR 3.0.30729; Media Center PC 6.0; MDDS; .NET4.0C)
Accept-Encoding: gzip, deflate
Referer: http://picasso:8888/gepa/BusquedaAction.do
</requestHeader>
  <cookies class="java.lang.String"></cookies>
  <method class="java.lang.String">GET</method>
  <queryString class="java.lang.String"></queryString>
  <redirectLocation class="java.lang.String">https://login-pre.sge/pls/orasso/orasso.wwsso_app_admin.ls_login?Site2pstoreToken=v1.4~CEF0A91F~0A1D4373B041B6B1C5D51460CC7C7808FC3ACD1C72B8E5BE094DB631605F24475D6C1AE1A9C09853DB98EAE18A87D32D9C44AC163FB536D71415943A1654405AF2E66DA096A5785FA22A5ED0E2C7901383DDD0FDFFD8DC570C4C54BC817B2BB975F67BC9EB96C00294DEAC78C31F37BB7210913E221E8070FB6DC3A1EE8D58E68D5BFE21C151FF094CD55F2861ACD7BAC82419EAF3229803125B151EACA8447F3ABF9C8675532388A72382B6503A7E3886F6DAA6CECEE8291B40249D63A513B2887CEFF06E20A4D2DA353450F5825CAF062A3CC2727EFD6A1D1463E785D9AA516DECC1B98B2C3283FBC8CF6157F901899BE99CB326D61D4FA46D03C96938AA41487779031CBFEE8831D1A7EDEAE6DFE1</redirectLocation>
  <url>https://preproduccion.sge/login/login.jsp?site2pstoretoken=v1.4~CEF0A91F~0A1D4373B041B6B1C5D51460CC7C7808FC3ACD1C72B8E5BE094DB631605F24475D6C1AE1A9C09853DB98EAE18A87D32D9C44AC163FB536D71415943A1654405AF2E66DA096A5785FA22A5ED0E2C7901383DDD0FDFFD8DC570C4C54BC817B2BB975F67BC9EB96C00294DEAC78C31F37BB7210913E221E8070FB6DC3A1EE8D58E68D5BFE21C151FF094CD55F2861ACD7BAC82419EAF3229803125B151EACA8447F3ABF9C8675532388A72382B6503A7E3886F6DAA6CECEE8291B40249D63A513B2887CEFF06E20A4D2DA353450F5825CAF062A3CC2727EFD6A1D1463E785D9AA516DECC1B98B2C3283FBC8CF6157F901899BE99CB326D61D4FA46D03C96938AA41487779031CBFEE8831D1A7EDEAE6DFE1&amp;p_error_code=&amp;p_submit_url=https%3A%2F%2Flogin-pre.sge%2Fsso%2Fauth&amp;p_cancel_url=https%3A%2F%2Fpreproduccion.sge&amp;ssousername=&amp;subscribername=</url>
</httpSample>
<httpSample t="188" lt="0" ts="1298632641242" s="true" lb="/gepa/ResultadoBusquedaAction.do" rc="200" by="4972">
  <responseHeader class="java.lang.String">HTTP/1.0 200 OK
Date: Fri, 25 Feb 2011 11:17:21 GMT
Server: Oracle-Application-Server-10g/10.1.2.2.0 Oracle-HTTP-Server
Content-Length: 4972
Set-Cookie: JSESSIONID=834e0ea7b16ceabd5438956967716ef420917e8360fdfdd1ee601571492fa7fc.e38Ob3aOaheRe34Mb3qSax0Pahz0nR9Pq6XteP93; path=/login
Content-Type: text/html; charset=ISO-8859-1
</responseHeader>
  <requestHeader class="java.lang.String">Accept-Language: es-ES
Accept: image/jpeg, application/x-ms-application, image/gif, application/xaml+xml, image/pjpeg, application/x-ms-xbap, application/vnd.ms-powerpoint, application/vnd.ms-excel, application/msword, */*
User-Agent: Mozilla/4.0 (compatible; MSIE 7.0; Windows NT 6.1; Trident/4.0; SLCC2; .NET CLR 2.0.50727; .NET CLR 3.5.30729; .NET CLR 3.0.30729; Media Center PC 6.0; MDDS; .NET4.0C)
Accept-Encoding: gzip, deflate
Referer: http://picasso:8888/gepa/BusquedaAction.do
</requestHeader>
  <cookies class="java.lang.String"></cookies>
  <method class="java.lang.String">GET</method>
  <queryString class="java.lang.String"></queryString>
  <redirectLocation class="java.lang.String">https://login-pre.sge/pls/orasso/orasso.wwsso_app_admin.ls_login?Site2pstoreToken=v1.4~CEF0A91F~0A1D4373B041B6B1C5D51460CC7C7808FC3ACD1C72B8E5BE094DB631605F24475D6C1AE1A9C09853DB98EAE18A87D32D9C44AC163FB536D71415943A1654405AF2E66DA096A5785FA22A5ED0E2C7901383DDD0FDFFD8DC570C4C54BC817B2BB91B36F8BBAC487A09E01FB7DA423F0EC63E760DCD5516E8B632252325457A11F6B0651F44A656686A85F7AB84610F4498EF2A78372C49400499A49672592DBA02607DC21EA50591550D87D4C36E56BA1D5F78D18DFE97CC95769EAB729E0132008D9CFE7790FF5DA225941959113720194723CADA4C6C5881859A703B9D57EB4DD63787F8C9026B60C12FFC6E825FC3E42AA47C09AE4A411C</redirectLocation>
  <url>https://preproduccion.sge/login/login.jsp?site2pstoretoken=v1.4~CEF0A91F~0A1D4373B041B6B1C5D51460CC7C7808FC3ACD1C72B8E5BE094DB631605F24475D6C1AE1A9C09853DB98EAE18A87D32D9C44AC163FB536D71415943A1654405AF2E66DA096A5785FA22A5ED0E2C7901383DDD0FDFFD8DC570C4C54BC817B2BB91B36F8BBAC487A09E01FB7DA423F0EC63E760DCD5516E8B632252325457A11F6B0651F44A656686A85F7AB84610F4498EF2A78372C49400499A49672592DBA02607DC21EA50591550D87D4C36E56BA1D5F78D18DFE97CC95769EAB729E0132008D9CFE7790FF5DA225941959113720194723CADA4C6C5881859A703B9D57EB4DD63787F8C9026B60C12FFC6E825FC3E42AA47C09AE4A411C&amp;p_error_code=&amp;p_submit_url=https%3A%2F%2Flogin-pre.sge%2Fsso%2Fauth&amp;p_cancel_url=https%3A%2F%2Fpreproduccion.sge&amp;ssousername=&amp;subscribername=</url>
</httpSample>
<httpSample t="187" lt="0" ts="1298632641430" s="true" lb="/gepa/scripts/scriptaculous/scriptaculous.js" rc="200" by="5068">
  <responseHeader class="java.lang.String">HTTP/1.0 200 OK
Date: Fri, 25 Feb 2011 11:17:21 GMT
Server: Oracle-Application-Server-10g/10.1.2.2.0 Oracle-HTTP-Server
Content-Length: 5068
Set-Cookie: JSESSIONID=7568385bbea06fade1fb4da6de86b8736ecc2a57d758b88ecdca86bb712da078.e3eSbhiLaNyPe3yNbNyQc3qSai1BqBjKpPXxqAa; path=/login
Content-Type: text/html; charset=ISO-8859-1
</responseHeader>
  <requestHeader class="java.lang.String">Accept-Language: es-ES
Accept: */*
User-Agent: Mozilla/4.0 (compatible; MSIE 7.0; Windows NT 6.1; Trident/4.0; SLCC2; .NET CLR 2.0.50727; .NET CLR 3.5.30729; .NET CLR 3.0.30729; Media Center PC 6.0; MDDS; .NET4.0C)
Accept-Encoding: gzip, deflate
Referer: http://picasso:8888/gepa/ResultadoBusquedaAction.do?accion=gestionExp&amp;indice=0
</requestHeader>
  <cookies class="java.lang.String"></cookies>
  <method class="java.lang.String">GET</method>
  <queryString class="java.lang.String"></queryString>
  <redirectLocation class="java.lang.String">https://login-pre.sge/pls/orasso/orasso.wwsso_app_admin.ls_login?Site2pstoreToken=v1.4~CEF0A91F~0A1D4373B041B6B1C5D51460CC7C7808FC3ACD1C72B8E5BE094DB631605F24475D6C1AE1A9C09853DB98EAE18A87D32D9C44AC163FB536D71415943A1654405AF2E66DA096A5785FA22A5ED0E2C7901383DDD0FDFFD8DC570C4C54BC817B2BB975F67BC9EB96C00294DEAC78C31F37BB7210913E221E8070FB6DC3A1EE8D58E68D5BFE21C151FF094CD55F2861ACD7BAC82419EAF3229803125B151EACA8447F3ABF9C8675532388A72382B6503A7E3886F6DAA6CECEE8291B40249D63A513B2887CEFF06E20A4D2DA353450F5825CAF062A3CC2727EFD6A1D1463E785D9AA516DECC1B98B2C3283FBC8CF6157F901899BE99CB326D61D4FA46D03C96938AA41487779031CBFEE8831D1A7EDEAE6DFE1</redirectLocation>
  <url>https://preproduccion.sge/login/login.jsp?site2pstoretoken=v1.4~CEF0A91F~0A1D4373B041B6B1C5D51460CC7C7808FC3ACD1C72B8E5BE094DB631605F24475D6C1AE1A9C09853DB98EAE18A87D32D9C44AC163FB536D71415943A1654405AF2E66DA096A5785FA22A5ED0E2C7901383DDD0FDFFD8DC570C4C54BC817B2BB975F67BC9EB96C00294DEAC78C31F37BB7210913E221E8070FB6DC3A1EE8D58E68D5BFE21C151FF094CD55F2861ACD7BAC82419EAF3229803125B151EACA8447F3ABF9C8675532388A72382B6503A7E3886F6DAA6CECEE8291B40249D63A513B2887CEFF06E20A4D2DA353450F5825CAF062A3CC2727EFD6A1D1463E785D9AA516DECC1B98B2C3283FBC8CF6157F901899BE99CB326D61D4FA46D03C96938AA41487779031CBFEE8831D1A7EDEAE6DFE1&amp;p_error_code=&amp;p_submit_url=https%3A%2F%2Flogin-pre.sge%2Fsso%2Fauth&amp;p_cancel_url=https%3A%2F%2Fpreproduccion.sge&amp;ssousername=&amp;subscribername=</url>
</httpSample>
<httpSample t="188" lt="0" ts="1298632641617" s="true" lb="/gepa/ConexionAction.do" rc="200" by="5388">
  <responseHeader class="java.lang.String">HTTP/1.0 200 OK
Date: Fri, 25 Feb 2011 11:17:21 GMT
Server: Oracle-Application-Server-10g/10.1.2.2.0 Oracle-HTTP-Server
Content-Length: 5388
Set-Cookie: JSESSIONID=933cd11d2bb92320b339a975297aa75273773bcd94550a8237afe09e57079b1e.e38Ob3aOaheRe34Mb3qSax0Pahz0nR9Pq6XteP93; path=/login
Content-Type: text/html; charset=ISO-8859-1
</responseHeader>
  <requestHeader class="java.lang.String">Accept-Language: es
Accept: */*
User-Agent: Mozilla/4.0 (compatible; MSIE 7.0; Windows NT 6.1; Trident/4.0; SLCC2; .NET CLR 2.0.50727; .NET CLR 3.5.30729; .NET CLR 3.0.30729; Media Center PC 6.0; MDDS; .NET4.0C)
Accept-Encoding: gzip, deflate
</requestHeader>
  <cookies class="java.lang.String"></cookies>
  <method class="java.lang.String">GET</method>
  <queryString class="java.lang.String"></queryString>
  <redirectLocation class="java.lang.String">https://login-pre.sge/pls/orasso/orasso.wwsso_app_admin.ls_login?Site2pstoreToken=v1.4~CEF0A91F~0A1D4373B041B6B1C5D51460CC7C7808FC3ACD1C72B8E5BE094DB631605F24475D6C1AE1A9C09853DB98EAE18A87D32D9C44AC163FB536D71415943A1654405AF2E66DA096A5785FA22A5ED0E2C7901383DDD0FDFFD8DC570C4C54BC817B2BB96080DE023F794BE6CB360155B5D50457E7792D2EE7F6FD8C53A175E6B39DB93D0EA45BB6481D6AD0A2F33D0BCC2B637363F579827155863A1EDA79C1AA28A56C3C7F429DEFA5A0FA7CB66991E7F5B0E99BBEB9B11C430667D078A32D920E043D4A7A66E8C84AEBD07E96C11D848AF372D000D95F07B5AC06653476F62CAA5164F430D00F6965F143B4B9A200AD433C63DB3E825B3EE9FFCF98ABE91084A43B92B5E59963F82D9AE59653007CC66474A0FC78AB9BC2E964BB1F52EBE6E703D8FF6645725CF1607BB37B2ED84CB0C4734E6E7A5DEA51BD1B09676BD27642EAEBCEA7B2CD791AAF0F9669934CD33FB519BAC257F75104B5DF8D26C20D10ED43E860</redirectLocation>
  <url>https://preproduccion.sge/login/login.jsp?site2pstoretoken=v1.4~CEF0A91F~0A1D4373B041B6B1C5D51460CC7C7808FC3ACD1C72B8E5BE094DB631605F24475D6C1AE1A9C09853DB98EAE18A87D32D9C44AC163FB536D71415943A1654405AF2E66DA096A5785FA22A5ED0E2C7901383DDD0FDFFD8DC570C4C54BC817B2BB96080DE023F794BE6CB360155B5D50457E7792D2EE7F6FD8C53A175E6B39DB93D0EA45BB6481D6AD0A2F33D0BCC2B637363F579827155863A1EDA79C1AA28A56C3C7F429DEFA5A0FA7CB66991E7F5B0E99BBEB9B11C430667D078A32D920E043D4A7A66E8C84AEBD07E96C11D848AF372D000D95F07B5AC06653476F62CAA5164F430D00F6965F143B4B9A200AD433C63DB3E825B3EE9FFCF98ABE91084A43B92B5E59963F82D9AE59653007CC66474A0FC78AB9BC2E964BB1F52EBE6E703D8FF6645725CF1607BB37B2ED84CB0C4734E6E7A5DEA51BD1B09676BD27642EAEBCEA7B2CD791AAF0F9669934CD33FB519BAC257F75104B5DF8D26C20D10ED43E860&amp;p_error_code=&amp;p_submit_url=https%3A%2F%2Flogin-pre.sge%2Fsso%2Fauth&amp;p_cancel_url=https%3A%2F%2Fpreproduccion.sge&amp;ssousername=&amp;subscribername=</url>
</httpSample>
<httpSample t="187" lt="0" ts="1298632641805" s="true" lb="/gepa/scripts/scriptaculous/scriptaculous.js" rc="200" by="5068">
  <responseHeader class="java.lang.String">HTTP/1.0 200 OK
Date: Fri, 25 Feb 2011 11:17:21 GMT
Server: Oracle-Application-Server-10g/10.1.2.2.0 Oracle-HTTP-Server
Content-Length: 5068
Set-Cookie: JSESSIONID=bb3db613c7de3a85ec0ad85861a7bca970cc5a4e81d04ebba83eb90fe9b971c8.e3eSbhiLaNyPe3yNbNyQc3qSai1BqBjKpPXxqAa; path=/login
Content-Type: text/html; charset=ISO-8859-1
</responseHeader>
  <requestHeader class="java.lang.String">Accept-Language: es-ES
Accept: */*
User-Agent: Mozilla/4.0 (compatible; MSIE 7.0; Windows NT 6.1; Trident/4.0; SLCC2; .NET CLR 2.0.50727; .NET CLR 3.5.30729; .NET CLR 3.0.30729; Media Center PC 6.0; MDDS; .NET4.0C)
Accept-Encoding: gzip, deflate
Referer: http://picasso:8888/gepa/ConexionAction.do?POSTDATA=variosPerfiles=true&amp;accion=iniciar&amp;codigoEntidad=DYS&amp;codigo=jcnegredo&amp;contrasenya=dysmatica&amp;rolSeleccionado=25
</requestHeader>
  <cookies class="java.lang.String"></cookies>
  <method class="java.lang.String">GET</method>
  <queryString class="java.lang.String"></queryString>
  <redirectLocation class="java.lang.String">https://login-pre.sge/pls/orasso/orasso.wwsso_app_admin.ls_login?Site2pstoreToken=v1.4~CEF0A91F~0A1D4373B041B6B1C5D51460CC7C7808FC3ACD1C72B8E5BE094DB631605F24475D6C1AE1A9C09853DB98EAE18A87D32D9C44AC163FB536D71415943A1654405AF2E66DA096A5785FA22A5ED0E2C7901383DDD0FDFFD8DC570C4C54BC817B2BB975F67BC9EB96C00294DEAC78C31F37BB7210913E221E8070FB6DC3A1EE8D58E68D5BFE21C151FF094CD55F2861ACD7BAC82419EAF3229803125B151EACA8447F3ABF9C8675532388A72382B6503A7E3886F6DAA6CECEE8291B40249D63A513B2887CEFF06E20A4D2DA353450F5825CAF062A3CC2727EFD6A1D1463E785D9AA516DECC1B98B2C3283FBC8CF6157F901899BE99CB326D61D4FA46D03C96938AA41487779031CBFEE8831D1A7EDEAE6DFE1</redirectLocation>
  <url>https://preproduccion.sge/login/login.jsp?site2pstoretoken=v1.4~CEF0A91F~0A1D4373B041B6B1C5D51460CC7C7808FC3ACD1C72B8E5BE094DB631605F24475D6C1AE1A9C09853DB98EAE18A87D32D9C44AC163FB536D71415943A1654405AF2E66DA096A5785FA22A5ED0E2C7901383DDD0FDFFD8DC570C4C54BC817B2BB975F67BC9EB96C00294DEAC78C31F37BB7210913E221E8070FB6DC3A1EE8D58E68D5BFE21C151FF094CD55F2861ACD7BAC82419EAF3229803125B151EACA8447F3ABF9C8675532388A72382B6503A7E3886F6DAA6CECEE8291B40249D63A513B2887CEFF06E20A4D2DA353450F5825CAF062A3CC2727EFD6A1D1463E785D9AA516DECC1B98B2C3283FBC8CF6157F901899BE99CB326D61D4FA46D03C96938AA41487779031CBFEE8831D1A7EDEAE6DFE1&amp;p_error_code=&amp;p_submit_url=https%3A%2F%2Flogin-pre.sge%2Fsso%2Fauth&amp;p_cancel_url=https%3A%2F%2Fpreproduccion.sge&amp;ssousername=&amp;subscribername=</url>
</httpSample>
<httpSample t="16" lt="16" ts="1298632641992" s="false" lb="/gepa/ConexionAction.do;jsessionid=eb634fe5b58b0bcb96508261e275709f9c8e236e3e15aeb347f0741aac2dda55" rc="500" by="778">
  <responseHeader class="java.lang.String">HTTP/1.0 500 Internal Server Error
Date: Fri, 25 Feb 2011 11:17:22 GMT
Server: Oracle-Application-Server-10g/10.1.2.2.0 Oracle-HTTP-Server
Content-Type: text/html; charset=iso-8859-1
</responseHeader>
  <requestHeader class="java.lang.String">Content-Type: application/x-www-form-urlencoded
Accept-Language: es-ES
Accept: image/jpeg, application/x-ms-application, image/gif, application/xaml+xml, image/pjpeg, application/x-ms-xbap, application/vnd.ms-powerpoint, application/vnd.ms-excel, application/msword, */*
User-Agent: Mozilla/4.0 (compatible; MSIE 7.0; Windows NT 6.1; Trident/4.0; SLCC2; .NET CLR 2.0.50727; .NET CLR 3.5.30729; .NET CLR 3.0.30729; Media Center PC 6.0; MDDS; .NET4.0C)
Accept-Encoding: gzip, deflate
Referer: http://picasso:8888/gepa/ConexionAction.do?POSTDATA=variosPerfiles=true&amp;accion=iniciar&amp;codigoEntidad=DYS&amp;codigo=jcnegredo&amp;contrasenya=dysmatica&amp;rolSeleccionado=25
Pragma: no-cache
</requestHeader>
  <cookies class="java.lang.String"></cookies>
  <method class="java.lang.String">POST</method>
  <queryString class="java.lang.String">variosPerfiles=true&amp;accion=seleccionarPerfil&amp;codigoEntidad=DYS&amp;rolSeleccionado=25</queryString>
  <url>https://preproduccion.sge:443/gepa/ConexionAction.do;jsessionid=eb634fe5b58b0bcb96508261e275709f9c8e236e3e15aeb347f0741aac2dda55</url>
</httpSample>
<httpSample t="187" lt="0" ts="1298632642008" s="true" lb="/gepa/scripts/scriptaculous/scriptaculous.js" rc="200" by="5068">
  <responseHeader class="java.lang.String">HTTP/1.0 200 OK
Date: Fri, 25 Feb 2011 11:17:22 GMT
Server: Oracle-Application-Server-10g/10.1.2.2.0 Oracle-HTTP-Server
Content-Length: 5068
Set-Cookie: JSESSIONID=60762d11c08f30443e1d17fe362e64b8b3e1b32e54aee6af9bf1c7c08ddb35e4.e3eSbhiLaNyPe3yNbNyQc3qSai1BqBjKpPXxqAa; path=/login
Content-Type: text/html; charset=ISO-8859-1
</responseHeader>
  <requestHeader class="java.lang.String">Accept-Language: es-ES
Accept: */*
User-Agent: Mozilla/4.0 (compatible; MSIE 7.0; Windows NT 6.1; Trident/4.0; SLCC2; .NET CLR 2.0.50727; .NET CLR 3.5.30729; .NET CLR 3.0.30729; Media Center PC 6.0; MDDS; .NET4.0C)
Accept-Encoding: gzip, deflate
Referer: http://picasso:8888/gepa/ConexionAction.do;jsessionid=eb634fe5b58b0bcb96508261e275709f9c8e236e3e15aeb347f0741aac2dda55
</requestHeader>
  <cookies class="java.lang.String"></cookies>
  <method class="java.lang.String">GET</method>
  <queryString class="java.lang.String"></queryString>
  <redirectLocation class="java.lang.String">https://login-pre.sge/pls/orasso/orasso.wwsso_app_admin.ls_login?Site2pstoreToken=v1.4~CEF0A91F~101E1A40761611EE9EFAD0100A0521E5F2F3DD47C68CE01FD0F03F0DD66B8D2990CFB041DE3FACC0D70C88502561E0A92091CB63B1A18EC33432CEA1C3EBD88117EEF9B0FD1D7D734DF6EDEA3E6FEC18091A094826E148C92E9CFDB1E6D2865E603E0676006D2A68FFF738611BA918996FC967E074F30C7A687636372A26E3A081671CEA99234A78B70FA02021BB161ABDD1E104CB8BBEA753445A76706AE52529E10DC751C577C6A53A0E450ECB33E0A302BC62B90FDBEE908CD903AF90049FF51946E554F7F80D00CE811150E519B361B4EACBE6DB1D84CFF9DF263DE056EC8E5C7A6E90B7401ED3E5EC3EF94281FCA6A6E873FD0E2EB105EC097B485D0FEAACE158D25046ECEEECFDEB593ACBE7A4</redirectLocation>
  <url>https://preproduccion.sge/login/login.jsp?site2pstoretoken=v1.4~CEF0A91F~101E1A40761611EE9EFAD0100A0521E5F2F3DD47C68CE01FD0F03F0DD66B8D2990CFB041DE3FACC0D70C88502561E0A92091CB63B1A18EC33432CEA1C3EBD88117EEF9B0FD1D7D734DF6EDEA3E6FEC18091A094826E148C92E9CFDB1E6D2865E603E0676006D2A68FFF738611BA918996FC967E074F30C7A687636372A26E3A081671CEA99234A78B70FA02021BB161ABDD1E104CB8BBEA753445A76706AE52529E10DC751C577C6A53A0E450ECB33E0A302BC62B90FDBEE908CD903AF90049FF51946E554F7F80D00CE811150E519B361B4EACBE6DB1D84CFF9DF263DE056EC8E5C7A6E90B7401ED3E5EC3EF94281FCA6A6E873FD0E2EB105EC097B485D0FEAACE158D25046ECEEECFDEB593ACBE7A4&amp;p_error_code=&amp;p_submit_url=https%3A%2F%2Flogin-pre.sge%2Fsso%2Fauth&amp;p_cancel_url=https%3A%2F%2Fpreproduccion.sge&amp;ssousername=&amp;subscribername=</url>
</httpSample>
<httpSample t="0" lt="0" ts="1298632642195" s="false" lb="/gepa/BusquedaAction.do" rc="500" by="778">
  <responseHeader class="java.lang.String">HTTP/1.0 500 Internal Server Error
Date: Fri, 25 Feb 2011 11:17:22 GMT
Server: Oracle-Application-Server-10g/10.1.2.2.0 Oracle-HTTP-Server
Content-Type: text/html; charset=iso-8859-1
</responseHeader>
  <requestHeader class="java.lang.String">Content-Type: application/x-www-form-urlencoded
Accept-Language: es-ES
Accept: image/jpeg, application/x-ms-application, image/gif, application/xaml+xml, image/pjpeg, application/x-ms-xbap, application/vnd.ms-powerpoint, application/vnd.ms-excel, application/msword, */*
User-Agent: Mozilla/4.0 (compatible; MSIE 7.0; Windows NT 6.1; Trident/4.0; SLCC2; .NET CLR 2.0.50727; .NET CLR 3.5.30729; .NET CLR 3.0.30729; Media Center PC 6.0; MDDS; .NET4.0C)
Accept-Encoding: gzip, deflate
Referer: http://picasso:8888/gepa/ConexionAction.do;jsessionid=eb634fe5b58b0bcb96508261e275709f9c8e236e3e15aeb347f0741aac2dda55
Pragma: no-cache
</requestHeader>
  <cookies class="java.lang.String"></cookies>
  <method class="java.lang.String">POST</method>
  <queryString class="java.lang.String">accion=buscar&amp;modo=rapida&amp;avanzadaDesplegada=false&amp;descElemPesado=&amp;identificacionRapida=&amp;nombreRapida=&amp;apellido1Rapida=&amp;apellido2Rapida=&amp;anyoRapida=&amp;numeroRapida=&amp;desdeRapida=&amp;hastaRapida=&amp;tramiteRapida=-1&amp;estadoRapida=-1&amp;idBusqueda=-1&amp;idClases=26&amp;metaTipo0=STRING&amp;metaTipo1=STRING&amp;metaTipo2=LISTA&amp;metaTipo3=STRING&amp;metaTipo4=LISTA_PESADA&amp;metaTipo5=STRING&amp;metaTipo6=LISTA&amp;metaTipo7=STRING&amp;metaTipo8=STRING&amp;metaTipo9=STRING&amp;metaTipo10=STRING&amp;metaTipo11=STRING&amp;metaTipo12=STRING&amp;metaTipo13=LISTA&amp;metaTipo14=STRING&amp;metaTipo15=TIMESTAMP&amp;metaTipo16=TIMESTAMP&amp;metaTipo17=TIMESTAMP&amp;metaTipo18=LISTA&amp;metaTipo19=LISTA_PESADA&amp;metaTipo20=STRING&amp;metaTipo21=STRING&amp;metaTipo22=STRING&amp;metaTipo23=STRING&amp;metaTipo24=STRING&amp;metaTipo25=LISTA_PESADA&amp;metaTipo26=LISTA&amp;metaTipo27=STRING&amp;metaTipo28=LISTA&amp;metaTipo29=STRING&amp;metaTipo30=STRING&amp;metaTipo31=INTEGER&amp;metaTipo32=STRING&amp;metaTipo33=STRING&amp;metaTipo34=STRING&amp;metaTipo35=LISTA&amp;metaTipo36=LISTA&amp;metaTipo37=LISTA&amp;metaTipo38=STRING&amp;metaTipo39=SEPARADOR&amp;metaTipo40=BOOLEAN&amp;metaTipo41=STRING&amp;metaTipo42=STRING&amp;metaTipo43=STRING&amp;metaTipo44=LISTA&amp;metaTipo45=BOOLEAN&amp;metaTipo46=BOOLEAN&amp;metaTipo47=BOOLEAN&amp;metaTipo48=STRING&amp;metaTipo49=TIMESTAMP&amp;metaTipo50=TIMESTAMP&amp;metaTipo51=TIMESTAMP&amp;metaTipo52=TIMESTAMP&amp;metaTipo53=TIMESTAMP&amp;metaTipo54=TIMESTAMP&amp;metaTipo55=TIMESTAMP&amp;metaTipo56=TIMESTAMP&amp;metaTipo57=TIMESTAMP&amp;metaTipo58=TIMESTAMP&amp;metaTipo59=TIMESTAMP&amp;metaTipo60=TIMESTAMP&amp;metaTipo61=TIMESTAMP&amp;metaTipo62=TIMESTAMP&amp;metaTipo63=TIMESTAMP&amp;metaTipo64=LISTA&amp;metaTipo65=LISTA&amp;metaTipo66=LISTA&amp;metaTipo67=DOUBLE&amp;metaTipo68=DOUBLE&amp;metaTipo69=DOUBLE&amp;metaTipo70=DOUBLE&amp;metaTipo71=DOUBLE&amp;metaTipo72=DOUBLE&amp;metaTipo73=DOUBLE&amp;metaTipo74=BOOLEAN&amp;metaTipo75=LISTA&amp;metaTipo76=STRING&amp;metaTipo77=STRING&amp;metaTipo78=STRING&amp;metaTipo79=STRING&amp;metaTipo80=STRING&amp;metaTipo81=STRING&amp;metaTipo82=STRING&amp;metaTipo83=BOOLEAN&amp;metaTipo84=BOOLEAN&amp;metaTipo85=STRING&amp;metaTipo86=LISTA&amp;metaTipo87=LISTA&amp;metaTipo88=LISTA_PESADA&amp;metaTipo89=LISTA&amp;metaTipo90=LISTA&amp;metaTipo91=STRING&amp;metaTipo92=LISTA&amp;metaTipo93=STRING&amp;metaTipo94=STRING&amp;metaTipo95=LISTA&amp;metaTipo96=LISTA&amp;metaTipo97=LISTA&amp;metaTipo98=BOOLEAN&amp;metaTipo99=LISTA&amp;metaTipo100=BOOLEAN&amp;metaTipo101=LISTA&amp;metaTipo102=LISTA&amp;metaTipo103=BOOLEAN&amp;metaTipo104=BOOLEAN&amp;metaTipo105=LISTA&amp;metaTipo106=LISTA&amp;metaTipo107=LISTA&amp;metaTipo108=LISTA&amp;metaTipo109=LISTA&amp;metaTipo110=STRING&amp;metaTipo111=LISTA&amp;valor=&amp;valorPesado=&amp;lista37=-1&amp;lista36=-1&amp;lista35=-1&amp;lista99=-1&amp;lista109=-1&amp;lista66=-1&amp;lista98=-1&amp;lista108=-1&amp;lista65=-1&amp;lista97=-1&amp;lista107=-1&amp;lista64=-1&amp;lista96=-1&amp;lista106=-1&amp;lista95=-1&amp;lista105=-1&amp;lista104=-1&amp;lista92=-1&amp;lista103=-1&amp;lista102=-1&amp;lista90=-1&amp;lista101=-1&amp;lista100=-1&amp;lista28=-1&amp;lista26=-1&amp;lista89=-1&amp;lista87=-1&amp;lista86=-1&amp;lista6=-1&amp;lista84=-1&amp;lista83=-1&amp;lista2=-1&amp;lista18=-1&amp;lista47=-1&amp;lista46=-1&amp;lista13=-1&amp;lista45=-1&amp;lista44=-1&amp;lista75=-1&amp;lista74=-1&amp;lista40=-1&amp;lista111=-1</queryString>
  <url>https://preproduccion.sge:443/gepa/BusquedaAction.do</url>
</httpSample>
<httpSample t="203" lt="0" ts="1298632642195" s="true" lb="/gepa/scripts/scriptaculous/scriptaculous.js" rc="200" by="5068">
  <responseHeader class="java.lang.String">HTTP/1.0 200 OK
Date: Fri, 25 Feb 2011 11:17:22 GMT
Server: Oracle-Application-Server-10g/10.1.2.2.0 Oracle-HTTP-Server
Content-Length: 5068
Set-Cookie: JSESSIONID=ec1068078b0b9f03eb5783c861d94b0b7dd5c59031a8610cf32b56410580d8af.e38Ob3aOaheRe34Mb3qSax0Pahz0nR9Pq6XteP93; path=/login
Content-Type: text/html; charset=ISO-8859-1
</responseHeader>
  <requestHeader class="java.lang.String">Accept-Language: es-ES
Accept: */*
User-Agent: Mozilla/4.0 (compatible; MSIE 7.0; Windows NT 6.1; Trident/4.0; SLCC2; .NET CLR 2.0.50727; .NET CLR 3.5.30729; .NET CLR 3.0.30729; Media Center PC 6.0; MDDS; .NET4.0C)
Accept-Encoding: gzip, deflate
Referer: http://picasso:8888/gepa/BusquedaAction.do
</requestHeader>
  <cookies class="java.lang.String"></cookies>
  <method class="java.lang.String">GET</method>
  <queryString class="java.lang.String"></queryString>
  <redirectLocation class="java.lang.String">https://login-pre.sge/pls/orasso/orasso.wwsso_app_admin.ls_login?Site2pstoreToken=v1.4~CEF0A91F~101E1A40761611EE9EFAD0100A0521E5F2F3DD47C68CE01FD0F03F0DD66B8D2990CFB041DE3FACC0D70C88502561E0A92091CB63B1A18EC33432CEA1C3EBD88117EEF9B0FD1D7D734DF6EDEA3E6FEC18091A094826E148C92E9CFDB1E6D2865E603E0676006D2A68FFF738611BA918996FC967E074F30C7A687636372A26E3A081671CEA99234A78B70FA02021BB161ABDD1E104CB8BBEA753445A76706AE52529E10DC751C577C6A53A0E450ECB33E0A302BC62B90FDBEE908CD903AF90049FF51946E554F7F80D00CE811150E519B361B4EACBE6DB1D84CFF9DF263DE056EC8E5C7A6E90B7401ED3E5EC3EF94281FCA6A6E873FD0E2EB105EC097B485D0FEAACE158D25046ECEEECFDEB593ACBE7A4</redirectLocation>
  <url>https://preproduccion.sge/login/login.jsp?site2pstoretoken=v1.4~CEF0A91F~101E1A40761611EE9EFAD0100A0521E5F2F3DD47C68CE01FD0F03F0DD66B8D2990CFB041DE3FACC0D70C88502561E0A92091CB63B1A18EC33432CEA1C3EBD88117EEF9B0FD1D7D734DF6EDEA3E6FEC18091A094826E148C92E9CFDB1E6D2865E603E0676006D2A68FFF738611BA918996FC967E074F30C7A687636372A26E3A081671CEA99234A78B70FA02021BB161ABDD1E104CB8BBEA753445A76706AE52529E10DC751C577C6A53A0E450ECB33E0A302BC62B90FDBEE908CD903AF90049FF51946E554F7F80D00CE811150E519B361B4EACBE6DB1D84CFF9DF263DE056EC8E5C7A6E90B7401ED3E5EC3EF94281FCA6A6E873FD0E2EB105EC097B485D0FEAACE158D25046ECEEECFDEB593ACBE7A4&amp;p_error_code=&amp;p_submit_url=https%3A%2F%2Flogin-pre.sge%2Fsso%2Fauth&amp;p_cancel_url=https%3A%2F%2Fpreproduccion.sge&amp;ssousername=&amp;subscribername=</url>
</httpSample>
<httpSample t="188" lt="0" ts="1298632642398" s="true" lb="/gepa/ResultadoBusquedaAction.do" rc="200" by="5004">
  <responseHeader class="java.lang.String">HTTP/1.0 200 OK
Date: Fri, 25 Feb 2011 11:17:22 GMT
Server: Oracle-Application-Server-10g/10.1.2.2.0 Oracle-HTTP-Server
Content-Length: 5004
Set-Cookie: JSESSIONID=b89425d8572bf828ad5c98c0393513e67ab59c75a2263b1fae59156fffc953c6.e3eSbhiLaNyPe3yNbNyQc3qSai1BqBjKpPXxqAa; path=/login
Content-Type: text/html; charset=ISO-8859-1
</responseHeader>
  <requestHeader class="java.lang.String">Accept-Language: es-ES
Accept: image/jpeg, application/x-ms-application, image/gif, application/xaml+xml, image/pjpeg, application/x-ms-xbap, application/vnd.ms-powerpoint, application/vnd.ms-excel, application/msword, */*
User-Agent: Mozilla/4.0 (compatible; MSIE 7.0; Windows NT 6.1; Trident/4.0; SLCC2; .NET CLR 2.0.50727; .NET CLR 3.5.30729; .NET CLR 3.0.30729; Media Center PC 6.0; MDDS; .NET4.0C)
Accept-Encoding: gzip, deflate
Referer: http://picasso:8888/gepa/BusquedaAction.do
</requestHeader>
  <cookies class="java.lang.String"></cookies>
  <method class="java.lang.String">GET</method>
  <queryString class="java.lang.String"></queryString>
  <redirectLocation class="java.lang.String">https://login-pre.sge/pls/orasso/orasso.wwsso_app_admin.ls_login?Site2pstoreToken=v1.4~CEF0A91F~101E1A40761611EE9EFAD0100A0521E5F2F3DD47C68CE01FD0F03F0DD66B8D2990CFB041DE3FACC0D70C88502561E0A92091CB63B1A18EC33432CEA1C3EBD88117EEF9B0FD1D7D734DF6EDEA3E6FEC18091A094826E148C92E9CFDB1E6D2865E4D47A8C7F4D2850FA07231C6067B5AC5EED6BA8271F70D34317B7C3892F8EF452773662A14C69DC7EFA29781DD289800213B9A835D829BBCFE0766FDC2CC9CC8F3565BCCA1E1C9A817A8F178C0CDC6A2AC7F09C35EDF789CE68BF2B34BCB71EADCC90DD405BBB24E2C551C0ADC07AD34CFE3A5FFE5340DF734E823EFE2A7AECB98E64E6F4312E03884783356A22B62FAFE148A012B285AEBA7B9434450430A92</redirectLocation>
  <url>https://preproduccion.sge/login/login.jsp?site2pstoretoken=v1.4~CEF0A91F~101E1A40761611EE9EFAD0100A0521E5F2F3DD47C68CE01FD0F03F0DD66B8D2990CFB041DE3FACC0D70C88502561E0A92091CB63B1A18EC33432CEA1C3EBD88117EEF9B0FD1D7D734DF6EDEA3E6FEC18091A094826E148C92E9CFDB1E6D2865E4D47A8C7F4D2850FA07231C6067B5AC5EED6BA8271F70D34317B7C3892F8EF452773662A14C69DC7EFA29781DD289800213B9A835D829BBCFE0766FDC2CC9CC8F3565BCCA1E1C9A817A8F178C0CDC6A2AC7F09C35EDF789CE68BF2B34BCB71EADCC90DD405BBB24E2C551C0ADC07AD34CFE3A5FFE5340DF734E823EFE2A7AECB98E64E6F4312E03884783356A22B62FAFE148A012B285AEBA7B9434450430A92&amp;p_error_code=&amp;p_submit_url=https%3A%2F%2Flogin-pre.sge%2Fsso%2Fauth&amp;p_cancel_url=https%3A%2F%2Fpreproduccion.sge&amp;ssousername=&amp;subscribername=</url>
</httpSample>
<httpSample t="187" lt="0" ts="1298632642586" s="true" lb="/gepa/scripts/scriptaculous/scriptaculous.js" rc="200" by="5068">
  <responseHeader class="java.lang.String">HTTP/1.0 200 OK
Date: Fri, 25 Feb 2011 11:17:22 GMT
Server: Oracle-Application-Server-10g/10.1.2.2.0 Oracle-HTTP-Server
Content-Length: 5068
Set-Cookie: JSESSIONID=130f77aa30fc085383f514e68c1e58842c642392153f32015e7984ff2c2e794d.e38Ob3aOaheRe34Mb3qSax0Pahz0nR9Pq6XteP93; path=/login
Content-Type: text/html; charset=ISO-8859-1
</responseHeader>
  <requestHeader class="java.lang.String">Accept-Language: es-ES
Accept: */*
User-Agent: Mozilla/4.0 (compatible; MSIE 7.0; Windows NT 6.1; Trident/4.0; SLCC2; .NET CLR 2.0.50727; .NET CLR 3.5.30729; .NET CLR 3.0.30729; Media Center PC 6.0; MDDS; .NET4.0C)
Accept-Encoding: gzip, deflate
Referer: http://picasso:8888/gepa/ResultadoBusquedaAction.do?accion=gestionExp&amp;indice=0
</requestHeader>
  <cookies class="java.lang.String"></cookies>
  <method class="java.lang.String">GET</method>
  <queryString class="java.lang.String"></queryString>
  <redirectLocation class="java.lang.String">https://login-pre.sge/pls/orasso/orasso.wwsso_app_admin.ls_login?Site2pstoreToken=v1.4~CEF0A91F~101E1A40761611EE9EFAD0100A0521E5F2F3DD47C68CE01FD0F03F0DD66B8D2990CFB041DE3FACC0D70C88502561E0A92091CB63B1A18EC33432CEA1C3EBD88117EEF9B0FD1D7D734DF6EDEA3E6FEC18091A094826E148C92E9CFDB1E6D2865E603E0676006D2A68FFF738611BA918996FC967E074F30C7A687636372A26E3A081671CEA99234A78B70FA02021BB161ABDD1E104CB8BBEA753445A76706AE52529E10DC751C577C6A53A0E450ECB33E0A302BC62B90FDBEE908CD903AF90049FF51946E554F7F80D00CE811150E519B361B4EACBE6DB1D84CFF9DF263DE056EC8E5C7A6E90B7401ED3E5EC3EF94281FCA6A6E873FD0E2EB105EC097B485D0FEAACE158D25046ECEEECFDEB593ACBE7A4</redirectLocation>
  <url>https://preproduccion.sge/login/login.jsp?site2pstoretoken=v1.4~CEF0A91F~101E1A40761611EE9EFAD0100A0521E5F2F3DD47C68CE01FD0F03F0DD66B8D2990CFB041DE3FACC0D70C88502561E0A92091CB63B1A18EC33432CEA1C3EBD88117EEF9B0FD1D7D734DF6EDEA3E6FEC18091A094826E148C92E9CFDB1E6D2865E603E0676006D2A68FFF738611BA918996FC967E074F30C7A687636372A26E3A081671CEA99234A78B70FA02021BB161ABDD1E104CB8BBEA753445A76706AE52529E10DC751C577C6A53A0E450ECB33E0A302BC62B90FDBEE908CD903AF90049FF51946E554F7F80D00CE811150E519B361B4EACBE6DB1D84CFF9DF263DE056EC8E5C7A6E90B7401ED3E5EC3EF94281FCA6A6E873FD0E2EB105EC097B485D0FEAACE158D25046ECEEECFDEB593ACBE7A4&amp;p_error_code=&amp;p_submit_url=https%3A%2F%2Flogin-pre.sge%2Fsso%2Fauth&amp;p_cancel_url=https%3A%2F%2Fpreproduccion.sge&amp;ssousername=&amp;subscribername=</url>
</httpSample>
<httpSample t="188" lt="0" ts="1298632642773" s="true" lb="/gepa/ConexionAction.do" rc="200" by="5388">
  <responseHeader class="java.lang.String">HTTP/1.0 200 OK
Date: Fri, 25 Feb 2011 11:17:22 GMT
Server: Oracle-Application-Server-10g/10.1.2.2.0 Oracle-HTTP-Server
Content-Length: 5388
Set-Cookie: JSESSIONID=650dc8e5ac7acc0eecc4a4bfd8b071bdd6f1ececcbe22cfdd2cb12ccf12a0c31.e3eSbhiLaNyPe3yNbNyQc3qSai1BqBjKpPXxqAa; path=/login
Content-Type: text/html; charset=ISO-8859-1
</responseHeader>
  <requestHeader class="java.lang.String">Accept-Language: es
Accept: */*
User-Agent: Mozilla/4.0 (compatible; MSIE 7.0; Windows NT 6.1; Trident/4.0; SLCC2; .NET CLR 2.0.50727; .NET CLR 3.5.30729; .NET CLR 3.0.30729; Media Center PC 6.0; MDDS; .NET4.0C)
Accept-Encoding: gzip, deflate
</requestHeader>
  <cookies class="java.lang.String"></cookies>
  <method class="java.lang.String">GET</method>
  <queryString class="java.lang.String"></queryString>
  <redirectLocation class="java.lang.String">https://login-pre.sge/pls/orasso/orasso.wwsso_app_admin.ls_login?Site2pstoreToken=v1.4~CEF0A91F~101E1A40761611EE9EFAD0100A0521E5F2F3DD47C68CE01FD0F03F0DD66B8D2990CFB041DE3FACC0D70C88502561E0A92091CB63B1A18EC33432CEA1C3EBD88117EEF9B0FD1D7D734DF6EDEA3E6FEC18091A094826E148C92E9CFDB1E6D2865E43B53C075462519A4017CCE1B636EFE9197436C9AF99B9A87147FC8BA548FADE9870C332A05E21DE4257732D70BEDAF9B3CC90616C1F37CF31F2C8950E0B19348BD628271BB7FBA83B257294E08907EBD695050F1149AF661FBB41B1A9963630F252117DE1CC18BBBD76185E8ABC1334F5E4E460BFA9096E7C822B1A88E816A79458440B232549A08F119807E443854E3A7F023EA7B7E8A3EDC5A31259807968E8FDF852B8679AA0C4E68BA45DFDDD2C158CF39241128E46408F87C4FE125BE28A1A3D7CE9CAE59973B560E67FE89419C27B51A1FE8531E5D745369D8D9C5C05A9FC15843DC73C78C78591BAC0A9809712186EEDD1C33DAEE8968F15402592D6</redirectLocation>
  <url>https://preproduccion.sge/login/login.jsp?site2pstoretoken=v1.4~CEF0A91F~101E1A40761611EE9EFAD0100A0521E5F2F3DD47C68CE01FD0F03F0DD66B8D2990CFB041DE3FACC0D70C88502561E0A92091CB63B1A18EC33432CEA1C3EBD88117EEF9B0FD1D7D734DF6EDEA3E6FEC18091A094826E148C92E9CFDB1E6D2865E43B53C075462519A4017CCE1B636EFE9197436C9AF99B9A87147FC8BA548FADE9870C332A05E21DE4257732D70BEDAF9B3CC90616C1F37CF31F2C8950E0B19348BD628271BB7FBA83B257294E08907EBD695050F1149AF661FBB41B1A9963630F252117DE1CC18BBBD76185E8ABC1334F5E4E460BFA9096E7C822B1A88E816A79458440B232549A08F119807E443854E3A7F023EA7B7E8A3EDC5A31259807968E8FDF852B8679AA0C4E68BA45DFDDD2C158CF39241128E46408F87C4FE125BE28A1A3D7CE9CAE59973B560E67FE89419C27B51A1FE8531E5D745369D8D9C5C05A9FC15843DC73C78C78591BAC0A9809712186EEDD1C33DAEE8968F15402592D6&amp;p_error_code=&amp;p_submit_url=https%3A%2F%2Flogin-pre.sge%2Fsso%2Fauth&amp;p_cancel_url=https%3A%2F%2Fpreproduccion.sge&amp;ssousername=&amp;subscribername=</url>
</httpSample>
<httpSample t="187" lt="0" ts="1298632642961" s="true" lb="/gepa/scripts/scriptaculous/scriptaculous.js" rc="200" by="5068">
  <responseHeader class="java.lang.String">HTTP/1.0 200 OK
Date: Fri, 25 Feb 2011 11:17:23 GMT
Server: Oracle-Application-Server-10g/10.1.2.2.0 Oracle-HTTP-Server
Content-Length: 5068
Set-Cookie: JSESSIONID=ef05826c299a21976702f1c0d62d1080aa3acb8c7966caa41181a0340759406d.e38Ob3aOaheRe34Mb3qSax0Pahz0nR9Pq6XteP93; path=/login
Content-Type: text/html; charset=ISO-8859-1
</responseHeader>
  <requestHeader class="java.lang.String">Accept-Language: es-ES
Accept: */*
User-Agent: Mozilla/4.0 (compatible; MSIE 7.0; Windows NT 6.1; Trident/4.0; SLCC2; .NET CLR 2.0.50727; .NET CLR 3.5.30729; .NET CLR 3.0.30729; Media Center PC 6.0; MDDS; .NET4.0C)
Accept-Encoding: gzip, deflate
Referer: http://picasso:8888/gepa/ConexionAction.do?POSTDATA=variosPerfiles=true&amp;accion=iniciar&amp;codigoEntidad=DYS&amp;codigo=jcnegredo&amp;contrasenya=dysmatica&amp;rolSeleccionado=25
</requestHeader>
  <cookies class="java.lang.String"></cookies>
  <method class="java.lang.String">GET</method>
  <queryString class="java.lang.String"></queryString>
  <redirectLocation class="java.lang.String">https://login-pre.sge/pls/orasso/orasso.wwsso_app_admin.ls_login?Site2pstoreToken=v1.4~CEF0A91F~101E1A40761611EE9EFAD0100A0521E5F2F3DD47C68CE01FD0F03F0DD66B8D2990CFB041DE3FACC0D70C88502561E0A92091CB63B1A18EC33432CEA1C3EBD88117EEF9B0FD1D7D734DF6EDEA3E6FEC18091A094826E148C92E9CFDB1E6D2865E603E0676006D2A68FFF738611BA918996FC967E074F30C7A687636372A26E3A081671CEA99234A78B70FA02021BB161ABDD1E104CB8BBEA753445A76706AE52529E10DC751C577C6A53A0E450ECB33E0A302BC62B90FDBEE908CD903AF90049FF51946E554F7F80D00CE811150E519B361B4EACBE6DB1D84CFF9DF263DE056EC8E5C7A6E90B7401ED3E5EC3EF94281FCA6A6E873FD0E2EB105EC097B485D0FEAACE158D25046ECEEECFDEB593ACBE7A4</redirectLocation>
  <url>https://preproduccion.sge/login/login.jsp?site2pstoretoken=v1.4~CEF0A91F~101E1A40761611EE9EFAD0100A0521E5F2F3DD47C68CE01FD0F03F0DD66B8D2990CFB041DE3FACC0D70C88502561E0A92091CB63B1A18EC33432CEA1C3EBD88117EEF9B0FD1D7D734DF6EDEA3E6FEC18091A094826E148C92E9CFDB1E6D2865E603E0676006D2A68FFF738611BA918996FC967E074F30C7A687636372A26E3A081671CEA99234A78B70FA02021BB161ABDD1E104CB8BBEA753445A76706AE52529E10DC751C577C6A53A0E450ECB33E0A302BC62B90FDBEE908CD903AF90049FF51946E554F7F80D00CE811150E519B361B4EACBE6DB1D84CFF9DF263DE056EC8E5C7A6E90B7401ED3E5EC3EF94281FCA6A6E873FD0E2EB105EC097B485D0FEAACE158D25046ECEEECFDEB593ACBE7A4&amp;p_error_code=&amp;p_submit_url=https%3A%2F%2Flogin-pre.sge%2Fsso%2Fauth&amp;p_cancel_url=https%3A%2F%2Fpreproduccion.sge&amp;ssousername=&amp;subscribername=</url>
</httpSample>

</testResults>
